[2023-07-03T18:01:15.960+0000] {processor.py:157} INFO - Started process (PID=237) to work on /home/airflow/.local/lib/python3.7/site-packages/airflow/example_dags/example_branch_day_of_week_operator.py
[2023-07-03T18:01:15.961+0000] {processor.py:826} INFO - Processing file /home/airflow/.local/lib/python3.7/site-packages/airflow/example_dags/example_branch_day_of_week_operator.py for tasks to queue
[2023-07-03T18:01:15.962+0000] {logging_mixin.py:149} INFO - [2023-07-03T18:01:15.962+0000] {dagbag.py:541} INFO - Filling up the DagBag from /home/airflow/.local/lib/python3.7/site-packages/airflow/example_dags/example_branch_day_of_week_operator.py
[2023-07-03T18:01:15.970+0000] {processor.py:836} INFO - DAG(s) dict_keys(['example_weekday_branch_operator']) retrieved from /home/airflow/.local/lib/python3.7/site-packages/airflow/example_dags/example_branch_day_of_week_operator.py
[2023-07-03T18:01:15.981+0000] {logging_mixin.py:149} INFO - [2023-07-03T18:01:15.980+0000] {dag.py:2726} INFO - Sync 1 DAGs
[2023-07-03T18:01:16.006+0000] {logging_mixin.py:149} INFO - [2023-07-03T18:01:16.006+0000] {dag.py:3490} INFO - Setting next_dagrun for example_weekday_branch_operator to 2023-07-02T00:00:00+00:00, run_after=2023-07-03T00:00:00+00:00
[2023-07-03T18:01:16.024+0000] {processor.py:179} INFO - Processing /home/airflow/.local/lib/python3.7/site-packages/airflow/example_dags/example_branch_day_of_week_operator.py took 0.066 seconds
[2023-07-03T18:01:46.065+0000] {processor.py:157} INFO - Started process (PID=481) to work on /home/airflow/.local/lib/python3.7/site-packages/airflow/example_dags/example_branch_day_of_week_operator.py
[2023-07-03T18:01:46.066+0000] {processor.py:826} INFO - Processing file /home/airflow/.local/lib/python3.7/site-packages/airflow/example_dags/example_branch_day_of_week_operator.py for tasks to queue
[2023-07-03T18:01:46.067+0000] {logging_mixin.py:149} INFO - [2023-07-03T18:01:46.067+0000] {dagbag.py:541} INFO - Filling up the DagBag from /home/airflow/.local/lib/python3.7/site-packages/airflow/example_dags/example_branch_day_of_week_operator.py
[2023-07-03T18:01:46.073+0000] {processor.py:836} INFO - DAG(s) dict_keys(['example_weekday_branch_operator']) retrieved from /home/airflow/.local/lib/python3.7/site-packages/airflow/example_dags/example_branch_day_of_week_operator.py
[2023-07-03T18:01:46.094+0000] {logging_mixin.py:149} INFO - [2023-07-03T18:01:46.093+0000] {dag.py:2726} INFO - Sync 1 DAGs
[2023-07-03T18:01:46.117+0000] {logging_mixin.py:149} INFO - [2023-07-03T18:01:46.116+0000] {dag.py:3490} INFO - Setting next_dagrun for example_weekday_branch_operator to 2023-07-02T00:00:00+00:00, run_after=2023-07-03T00:00:00+00:00
[2023-07-03T18:01:46.136+0000] {processor.py:179} INFO - Processing /home/airflow/.local/lib/python3.7/site-packages/airflow/example_dags/example_branch_day_of_week_operator.py took 0.074 seconds
[2023-07-03T18:02:16.420+0000] {processor.py:157} INFO - Started process (PID=733) to work on /home/airflow/.local/lib/python3.7/site-packages/airflow/example_dags/example_branch_day_of_week_operator.py
[2023-07-03T18:02:16.421+0000] {processor.py:826} INFO - Processing file /home/airflow/.local/lib/python3.7/site-packages/airflow/example_dags/example_branch_day_of_week_operator.py for tasks to queue
[2023-07-03T18:02:16.422+0000] {logging_mixin.py:149} INFO - [2023-07-03T18:02:16.422+0000] {dagbag.py:541} INFO - Filling up the DagBag from /home/airflow/.local/lib/python3.7/site-packages/airflow/example_dags/example_branch_day_of_week_operator.py
[2023-07-03T18:02:16.428+0000] {processor.py:836} INFO - DAG(s) dict_keys(['example_weekday_branch_operator']) retrieved from /home/airflow/.local/lib/python3.7/site-packages/airflow/example_dags/example_branch_day_of_week_operator.py
[2023-07-03T18:02:16.448+0000] {logging_mixin.py:149} INFO - [2023-07-03T18:02:16.448+0000] {dag.py:2726} INFO - Sync 1 DAGs
[2023-07-03T18:02:16.470+0000] {logging_mixin.py:149} INFO - [2023-07-03T18:02:16.470+0000] {dag.py:3490} INFO - Setting next_dagrun for example_weekday_branch_operator to 2023-07-02T00:00:00+00:00, run_after=2023-07-03T00:00:00+00:00
[2023-07-03T18:02:16.487+0000] {processor.py:179} INFO - Processing /home/airflow/.local/lib/python3.7/site-packages/airflow/example_dags/example_branch_day_of_week_operator.py took 0.069 seconds
[2023-07-03T18:02:46.605+0000] {processor.py:157} INFO - Started process (PID=982) to work on /home/airflow/.local/lib/python3.7/site-packages/airflow/example_dags/example_branch_day_of_week_operator.py
[2023-07-03T18:02:46.605+0000] {processor.py:826} INFO - Processing file /home/airflow/.local/lib/python3.7/site-packages/airflow/example_dags/example_branch_day_of_week_operator.py for tasks to queue
[2023-07-03T18:02:46.606+0000] {logging_mixin.py:149} INFO - [2023-07-03T18:02:46.606+0000] {dagbag.py:541} INFO - Filling up the DagBag from /home/airflow/.local/lib/python3.7/site-packages/airflow/example_dags/example_branch_day_of_week_operator.py
[2023-07-03T18:02:46.613+0000] {processor.py:836} INFO - DAG(s) dict_keys(['example_weekday_branch_operator']) retrieved from /home/airflow/.local/lib/python3.7/site-packages/airflow/example_dags/example_branch_day_of_week_operator.py
[2023-07-03T18:02:46.634+0000] {logging_mixin.py:149} INFO - [2023-07-03T18:02:46.634+0000] {dag.py:2726} INFO - Sync 1 DAGs
[2023-07-03T18:02:46.656+0000] {logging_mixin.py:149} INFO - [2023-07-03T18:02:46.656+0000] {dag.py:3490} INFO - Setting next_dagrun for example_weekday_branch_operator to 2023-07-02T00:00:00+00:00, run_after=2023-07-03T00:00:00+00:00
[2023-07-03T18:02:46.675+0000] {processor.py:179} INFO - Processing /home/airflow/.local/lib/python3.7/site-packages/airflow/example_dags/example_branch_day_of_week_operator.py took 0.073 seconds
[2023-07-03T18:03:16.793+0000] {processor.py:157} INFO - Started process (PID=1231) to work on /home/airflow/.local/lib/python3.7/site-packages/airflow/example_dags/example_branch_day_of_week_operator.py
[2023-07-03T18:03:16.794+0000] {processor.py:826} INFO - Processing file /home/airflow/.local/lib/python3.7/site-packages/airflow/example_dags/example_branch_day_of_week_operator.py for tasks to queue
[2023-07-03T18:03:16.795+0000] {logging_mixin.py:149} INFO - [2023-07-03T18:03:16.795+0000] {dagbag.py:541} INFO - Filling up the DagBag from /home/airflow/.local/lib/python3.7/site-packages/airflow/example_dags/example_branch_day_of_week_operator.py
[2023-07-03T18:03:16.801+0000] {processor.py:836} INFO - DAG(s) dict_keys(['example_weekday_branch_operator']) retrieved from /home/airflow/.local/lib/python3.7/site-packages/airflow/example_dags/example_branch_day_of_week_operator.py
[2023-07-03T18:03:16.822+0000] {logging_mixin.py:149} INFO - [2023-07-03T18:03:16.822+0000] {dag.py:2726} INFO - Sync 1 DAGs
[2023-07-03T18:03:16.845+0000] {logging_mixin.py:149} INFO - [2023-07-03T18:03:16.845+0000] {dag.py:3490} INFO - Setting next_dagrun for example_weekday_branch_operator to 2023-07-02T00:00:00+00:00, run_after=2023-07-03T00:00:00+00:00
[2023-07-03T18:03:16.864+0000] {processor.py:179} INFO - Processing /home/airflow/.local/lib/python3.7/site-packages/airflow/example_dags/example_branch_day_of_week_operator.py took 0.074 seconds
[2023-07-03T18:03:47.476+0000] {processor.py:157} INFO - Started process (PID=1480) to work on /home/airflow/.local/lib/python3.7/site-packages/airflow/example_dags/example_branch_day_of_week_operator.py
[2023-07-03T18:03:47.477+0000] {processor.py:826} INFO - Processing file /home/airflow/.local/lib/python3.7/site-packages/airflow/example_dags/example_branch_day_of_week_operator.py for tasks to queue
[2023-07-03T18:03:47.478+0000] {logging_mixin.py:149} INFO - [2023-07-03T18:03:47.478+0000] {dagbag.py:541} INFO - Filling up the DagBag from /home/airflow/.local/lib/python3.7/site-packages/airflow/example_dags/example_branch_day_of_week_operator.py
[2023-07-03T18:03:47.484+0000] {processor.py:836} INFO - DAG(s) dict_keys(['example_weekday_branch_operator']) retrieved from /home/airflow/.local/lib/python3.7/site-packages/airflow/example_dags/example_branch_day_of_week_operator.py
[2023-07-03T18:03:47.504+0000] {logging_mixin.py:149} INFO - [2023-07-03T18:03:47.504+0000] {dag.py:2726} INFO - Sync 1 DAGs
[2023-07-03T18:03:47.527+0000] {logging_mixin.py:149} INFO - [2023-07-03T18:03:47.526+0000] {dag.py:3490} INFO - Setting next_dagrun for example_weekday_branch_operator to 2023-07-02T00:00:00+00:00, run_after=2023-07-03T00:00:00+00:00
[2023-07-03T18:03:47.545+0000] {processor.py:179} INFO - Processing /home/airflow/.local/lib/python3.7/site-packages/airflow/example_dags/example_branch_day_of_week_operator.py took 0.071 seconds
[2023-07-03T18:04:18.152+0000] {processor.py:157} INFO - Started process (PID=1727) to work on /home/airflow/.local/lib/python3.7/site-packages/airflow/example_dags/example_branch_day_of_week_operator.py
[2023-07-03T18:04:18.153+0000] {processor.py:826} INFO - Processing file /home/airflow/.local/lib/python3.7/site-packages/airflow/example_dags/example_branch_day_of_week_operator.py for tasks to queue
[2023-07-03T18:04:18.154+0000] {logging_mixin.py:149} INFO - [2023-07-03T18:04:18.153+0000] {dagbag.py:541} INFO - Filling up the DagBag from /home/airflow/.local/lib/python3.7/site-packages/airflow/example_dags/example_branch_day_of_week_operator.py
[2023-07-03T18:04:18.160+0000] {processor.py:836} INFO - DAG(s) dict_keys(['example_weekday_branch_operator']) retrieved from /home/airflow/.local/lib/python3.7/site-packages/airflow/example_dags/example_branch_day_of_week_operator.py
[2023-07-03T18:04:18.183+0000] {logging_mixin.py:149} INFO - [2023-07-03T18:04:18.183+0000] {dag.py:2726} INFO - Sync 1 DAGs
[2023-07-03T18:04:18.206+0000] {logging_mixin.py:149} INFO - [2023-07-03T18:04:18.206+0000] {dag.py:3490} INFO - Setting next_dagrun for example_weekday_branch_operator to 2023-07-02T00:00:00+00:00, run_after=2023-07-03T00:00:00+00:00
[2023-07-03T18:04:18.224+0000] {processor.py:179} INFO - Processing /home/airflow/.local/lib/python3.7/site-packages/airflow/example_dags/example_branch_day_of_week_operator.py took 0.074 seconds
[2023-07-03T18:04:48.647+0000] {processor.py:157} INFO - Started process (PID=1976) to work on /home/airflow/.local/lib/python3.7/site-packages/airflow/example_dags/example_branch_day_of_week_operator.py
[2023-07-03T18:04:48.648+0000] {processor.py:826} INFO - Processing file /home/airflow/.local/lib/python3.7/site-packages/airflow/example_dags/example_branch_day_of_week_operator.py for tasks to queue
[2023-07-03T18:04:48.648+0000] {logging_mixin.py:149} INFO - [2023-07-03T18:04:48.648+0000] {dagbag.py:541} INFO - Filling up the DagBag from /home/airflow/.local/lib/python3.7/site-packages/airflow/example_dags/example_branch_day_of_week_operator.py
[2023-07-03T18:04:48.655+0000] {processor.py:836} INFO - DAG(s) dict_keys(['example_weekday_branch_operator']) retrieved from /home/airflow/.local/lib/python3.7/site-packages/airflow/example_dags/example_branch_day_of_week_operator.py
[2023-07-03T18:04:48.676+0000] {logging_mixin.py:149} INFO - [2023-07-03T18:04:48.676+0000] {dag.py:2726} INFO - Sync 1 DAGs
[2023-07-03T18:04:48.699+0000] {logging_mixin.py:149} INFO - [2023-07-03T18:04:48.699+0000] {dag.py:3490} INFO - Setting next_dagrun for example_weekday_branch_operator to 2023-07-02T00:00:00+00:00, run_after=2023-07-03T00:00:00+00:00
[2023-07-03T18:04:48.716+0000] {processor.py:179} INFO - Processing /home/airflow/.local/lib/python3.7/site-packages/airflow/example_dags/example_branch_day_of_week_operator.py took 0.072 seconds
[2023-07-03T18:05:19.345+0000] {processor.py:157} INFO - Started process (PID=2225) to work on /home/airflow/.local/lib/python3.7/site-packages/airflow/example_dags/example_branch_day_of_week_operator.py
[2023-07-03T18:05:19.345+0000] {processor.py:826} INFO - Processing file /home/airflow/.local/lib/python3.7/site-packages/airflow/example_dags/example_branch_day_of_week_operator.py for tasks to queue
[2023-07-03T18:05:19.346+0000] {logging_mixin.py:149} INFO - [2023-07-03T18:05:19.346+0000] {dagbag.py:541} INFO - Filling up the DagBag from /home/airflow/.local/lib/python3.7/site-packages/airflow/example_dags/example_branch_day_of_week_operator.py
[2023-07-03T18:05:19.352+0000] {processor.py:836} INFO - DAG(s) dict_keys(['example_weekday_branch_operator']) retrieved from /home/airflow/.local/lib/python3.7/site-packages/airflow/example_dags/example_branch_day_of_week_operator.py
[2023-07-03T18:05:19.374+0000] {logging_mixin.py:149} INFO - [2023-07-03T18:05:19.374+0000] {dag.py:2726} INFO - Sync 1 DAGs
[2023-07-03T18:05:19.396+0000] {logging_mixin.py:149} INFO - [2023-07-03T18:05:19.395+0000] {dag.py:3490} INFO - Setting next_dagrun for example_weekday_branch_operator to 2023-07-02T00:00:00+00:00, run_after=2023-07-03T00:00:00+00:00
[2023-07-03T18:05:19.413+0000] {processor.py:179} INFO - Processing /home/airflow/.local/lib/python3.7/site-packages/airflow/example_dags/example_branch_day_of_week_operator.py took 0.072 seconds
[2023-07-03T18:05:49.980+0000] {processor.py:157} INFO - Started process (PID=2474) to work on /home/airflow/.local/lib/python3.7/site-packages/airflow/example_dags/example_branch_day_of_week_operator.py
[2023-07-03T18:05:49.981+0000] {processor.py:826} INFO - Processing file /home/airflow/.local/lib/python3.7/site-packages/airflow/example_dags/example_branch_day_of_week_operator.py for tasks to queue
[2023-07-03T18:05:49.982+0000] {logging_mixin.py:149} INFO - [2023-07-03T18:05:49.981+0000] {dagbag.py:541} INFO - Filling up the DagBag from /home/airflow/.local/lib/python3.7/site-packages/airflow/example_dags/example_branch_day_of_week_operator.py
[2023-07-03T18:05:49.987+0000] {processor.py:836} INFO - DAG(s) dict_keys(['example_weekday_branch_operator']) retrieved from /home/airflow/.local/lib/python3.7/site-packages/airflow/example_dags/example_branch_day_of_week_operator.py
[2023-07-03T18:05:50.008+0000] {logging_mixin.py:149} INFO - [2023-07-03T18:05:50.008+0000] {dag.py:2726} INFO - Sync 1 DAGs
[2023-07-03T18:05:50.031+0000] {logging_mixin.py:149} INFO - [2023-07-03T18:05:50.031+0000] {dag.py:3490} INFO - Setting next_dagrun for example_weekday_branch_operator to 2023-07-02T00:00:00+00:00, run_after=2023-07-03T00:00:00+00:00
[2023-07-03T18:05:50.051+0000] {processor.py:179} INFO - Processing /home/airflow/.local/lib/python3.7/site-packages/airflow/example_dags/example_branch_day_of_week_operator.py took 0.075 seconds
[2023-07-03T18:06:20.724+0000] {processor.py:157} INFO - Started process (PID=2723) to work on /home/airflow/.local/lib/python3.7/site-packages/airflow/example_dags/example_branch_day_of_week_operator.py
[2023-07-03T18:06:20.725+0000] {processor.py:826} INFO - Processing file /home/airflow/.local/lib/python3.7/site-packages/airflow/example_dags/example_branch_day_of_week_operator.py for tasks to queue
[2023-07-03T18:06:20.726+0000] {logging_mixin.py:149} INFO - [2023-07-03T18:06:20.726+0000] {dagbag.py:541} INFO - Filling up the DagBag from /home/airflow/.local/lib/python3.7/site-packages/airflow/example_dags/example_branch_day_of_week_operator.py
[2023-07-03T18:06:20.732+0000] {processor.py:836} INFO - DAG(s) dict_keys(['example_weekday_branch_operator']) retrieved from /home/airflow/.local/lib/python3.7/site-packages/airflow/example_dags/example_branch_day_of_week_operator.py
[2023-07-03T18:06:20.756+0000] {logging_mixin.py:149} INFO - [2023-07-03T18:06:20.756+0000] {dag.py:2726} INFO - Sync 1 DAGs
[2023-07-03T18:06:20.782+0000] {logging_mixin.py:149} INFO - [2023-07-03T18:06:20.782+0000] {dag.py:3490} INFO - Setting next_dagrun for example_weekday_branch_operator to 2023-07-02T00:00:00+00:00, run_after=2023-07-03T00:00:00+00:00
[2023-07-03T18:06:20.801+0000] {processor.py:179} INFO - Processing /home/airflow/.local/lib/python3.7/site-packages/airflow/example_dags/example_branch_day_of_week_operator.py took 0.079 seconds
[2023-07-03T18:06:51.464+0000] {processor.py:157} INFO - Started process (PID=2973) to work on /home/airflow/.local/lib/python3.7/site-packages/airflow/example_dags/example_branch_day_of_week_operator.py
[2023-07-03T18:06:51.465+0000] {processor.py:826} INFO - Processing file /home/airflow/.local/lib/python3.7/site-packages/airflow/example_dags/example_branch_day_of_week_operator.py for tasks to queue
[2023-07-03T18:06:51.466+0000] {logging_mixin.py:149} INFO - [2023-07-03T18:06:51.466+0000] {dagbag.py:541} INFO - Filling up the DagBag from /home/airflow/.local/lib/python3.7/site-packages/airflow/example_dags/example_branch_day_of_week_operator.py
[2023-07-03T18:06:51.472+0000] {processor.py:836} INFO - DAG(s) dict_keys(['example_weekday_branch_operator']) retrieved from /home/airflow/.local/lib/python3.7/site-packages/airflow/example_dags/example_branch_day_of_week_operator.py
[2023-07-03T18:06:51.494+0000] {logging_mixin.py:149} INFO - [2023-07-03T18:06:51.494+0000] {dag.py:2726} INFO - Sync 1 DAGs
[2023-07-03T18:06:51.518+0000] {logging_mixin.py:149} INFO - [2023-07-03T18:06:51.518+0000] {dag.py:3490} INFO - Setting next_dagrun for example_weekday_branch_operator to 2023-07-02T00:00:00+00:00, run_after=2023-07-03T00:00:00+00:00
[2023-07-03T18:06:51.537+0000] {processor.py:179} INFO - Processing /home/airflow/.local/lib/python3.7/site-packages/airflow/example_dags/example_branch_day_of_week_operator.py took 0.075 seconds
[2023-07-03T18:07:22.182+0000] {processor.py:157} INFO - Started process (PID=3221) to work on /home/airflow/.local/lib/python3.7/site-packages/airflow/example_dags/example_branch_day_of_week_operator.py
[2023-07-03T18:07:22.183+0000] {processor.py:826} INFO - Processing file /home/airflow/.local/lib/python3.7/site-packages/airflow/example_dags/example_branch_day_of_week_operator.py for tasks to queue
[2023-07-03T18:07:22.184+0000] {logging_mixin.py:149} INFO - [2023-07-03T18:07:22.184+0000] {dagbag.py:541} INFO - Filling up the DagBag from /home/airflow/.local/lib/python3.7/site-packages/airflow/example_dags/example_branch_day_of_week_operator.py
[2023-07-03T18:07:22.190+0000] {processor.py:836} INFO - DAG(s) dict_keys(['example_weekday_branch_operator']) retrieved from /home/airflow/.local/lib/python3.7/site-packages/airflow/example_dags/example_branch_day_of_week_operator.py
[2023-07-03T18:07:22.217+0000] {logging_mixin.py:149} INFO - [2023-07-03T18:07:22.217+0000] {dag.py:2726} INFO - Sync 1 DAGs
[2023-07-03T18:07:22.241+0000] {logging_mixin.py:149} INFO - [2023-07-03T18:07:22.241+0000] {dag.py:3490} INFO - Setting next_dagrun for example_weekday_branch_operator to 2023-07-02T00:00:00+00:00, run_after=2023-07-03T00:00:00+00:00
[2023-07-03T18:07:22.260+0000] {processor.py:179} INFO - Processing /home/airflow/.local/lib/python3.7/site-packages/airflow/example_dags/example_branch_day_of_week_operator.py took 0.081 seconds
[2023-07-03T18:07:52.748+0000] {processor.py:157} INFO - Started process (PID=3471) to work on /home/airflow/.local/lib/python3.7/site-packages/airflow/example_dags/example_branch_day_of_week_operator.py
[2023-07-03T18:07:52.749+0000] {processor.py:826} INFO - Processing file /home/airflow/.local/lib/python3.7/site-packages/airflow/example_dags/example_branch_day_of_week_operator.py for tasks to queue
[2023-07-03T18:07:52.750+0000] {logging_mixin.py:149} INFO - [2023-07-03T18:07:52.750+0000] {dagbag.py:541} INFO - Filling up the DagBag from /home/airflow/.local/lib/python3.7/site-packages/airflow/example_dags/example_branch_day_of_week_operator.py
[2023-07-03T18:07:52.756+0000] {processor.py:836} INFO - DAG(s) dict_keys(['example_weekday_branch_operator']) retrieved from /home/airflow/.local/lib/python3.7/site-packages/airflow/example_dags/example_branch_day_of_week_operator.py
[2023-07-03T18:07:52.778+0000] {logging_mixin.py:149} INFO - [2023-07-03T18:07:52.777+0000] {dag.py:2726} INFO - Sync 1 DAGs
[2023-07-03T18:07:52.802+0000] {logging_mixin.py:149} INFO - [2023-07-03T18:07:52.802+0000] {dag.py:3490} INFO - Setting next_dagrun for example_weekday_branch_operator to 2023-07-02T00:00:00+00:00, run_after=2023-07-03T00:00:00+00:00
[2023-07-03T18:07:52.818+0000] {processor.py:179} INFO - Processing /home/airflow/.local/lib/python3.7/site-packages/airflow/example_dags/example_branch_day_of_week_operator.py took 0.073 seconds
[2023-07-03T18:08:23.210+0000] {processor.py:157} INFO - Started process (PID=3720) to work on /home/airflow/.local/lib/python3.7/site-packages/airflow/example_dags/example_branch_day_of_week_operator.py
[2023-07-03T18:08:23.211+0000] {processor.py:826} INFO - Processing file /home/airflow/.local/lib/python3.7/site-packages/airflow/example_dags/example_branch_day_of_week_operator.py for tasks to queue
[2023-07-03T18:08:23.212+0000] {logging_mixin.py:149} INFO - [2023-07-03T18:08:23.212+0000] {dagbag.py:541} INFO - Filling up the DagBag from /home/airflow/.local/lib/python3.7/site-packages/airflow/example_dags/example_branch_day_of_week_operator.py
[2023-07-03T18:08:23.218+0000] {processor.py:836} INFO - DAG(s) dict_keys(['example_weekday_branch_operator']) retrieved from /home/airflow/.local/lib/python3.7/site-packages/airflow/example_dags/example_branch_day_of_week_operator.py
[2023-07-03T18:08:23.241+0000] {logging_mixin.py:149} INFO - [2023-07-03T18:08:23.241+0000] {dag.py:2726} INFO - Sync 1 DAGs
[2023-07-03T18:08:23.267+0000] {logging_mixin.py:149} INFO - [2023-07-03T18:08:23.267+0000] {dag.py:3490} INFO - Setting next_dagrun for example_weekday_branch_operator to 2023-07-02T00:00:00+00:00, run_after=2023-07-03T00:00:00+00:00
[2023-07-03T18:08:23.287+0000] {processor.py:179} INFO - Processing /home/airflow/.local/lib/python3.7/site-packages/airflow/example_dags/example_branch_day_of_week_operator.py took 0.079 seconds
[2023-07-03T18:08:53.771+0000] {processor.py:157} INFO - Started process (PID=3969) to work on /home/airflow/.local/lib/python3.7/site-packages/airflow/example_dags/example_branch_day_of_week_operator.py
[2023-07-03T18:08:53.772+0000] {processor.py:826} INFO - Processing file /home/airflow/.local/lib/python3.7/site-packages/airflow/example_dags/example_branch_day_of_week_operator.py for tasks to queue
[2023-07-03T18:08:53.773+0000] {logging_mixin.py:149} INFO - [2023-07-03T18:08:53.773+0000] {dagbag.py:541} INFO - Filling up the DagBag from /home/airflow/.local/lib/python3.7/site-packages/airflow/example_dags/example_branch_day_of_week_operator.py
[2023-07-03T18:08:53.779+0000] {processor.py:836} INFO - DAG(s) dict_keys(['example_weekday_branch_operator']) retrieved from /home/airflow/.local/lib/python3.7/site-packages/airflow/example_dags/example_branch_day_of_week_operator.py
[2023-07-03T18:08:53.801+0000] {logging_mixin.py:149} INFO - [2023-07-03T18:08:53.801+0000] {dag.py:2726} INFO - Sync 1 DAGs
[2023-07-03T18:08:53.823+0000] {logging_mixin.py:149} INFO - [2023-07-03T18:08:53.823+0000] {dag.py:3490} INFO - Setting next_dagrun for example_weekday_branch_operator to 2023-07-02T00:00:00+00:00, run_after=2023-07-03T00:00:00+00:00
[2023-07-03T18:08:53.840+0000] {processor.py:179} INFO - Processing /home/airflow/.local/lib/python3.7/site-packages/airflow/example_dags/example_branch_day_of_week_operator.py took 0.073 seconds
[2023-07-03T18:09:24.448+0000] {processor.py:157} INFO - Started process (PID=4218) to work on /home/airflow/.local/lib/python3.7/site-packages/airflow/example_dags/example_branch_day_of_week_operator.py
[2023-07-03T18:09:24.449+0000] {processor.py:826} INFO - Processing file /home/airflow/.local/lib/python3.7/site-packages/airflow/example_dags/example_branch_day_of_week_operator.py for tasks to queue
[2023-07-03T18:09:24.450+0000] {logging_mixin.py:149} INFO - [2023-07-03T18:09:24.450+0000] {dagbag.py:541} INFO - Filling up the DagBag from /home/airflow/.local/lib/python3.7/site-packages/airflow/example_dags/example_branch_day_of_week_operator.py
[2023-07-03T18:09:24.456+0000] {processor.py:836} INFO - DAG(s) dict_keys(['example_weekday_branch_operator']) retrieved from /home/airflow/.local/lib/python3.7/site-packages/airflow/example_dags/example_branch_day_of_week_operator.py
[2023-07-03T18:09:24.476+0000] {logging_mixin.py:149} INFO - [2023-07-03T18:09:24.476+0000] {dag.py:2726} INFO - Sync 1 DAGs
[2023-07-03T18:09:24.498+0000] {logging_mixin.py:149} INFO - [2023-07-03T18:09:24.498+0000] {dag.py:3490} INFO - Setting next_dagrun for example_weekday_branch_operator to 2023-07-02T00:00:00+00:00, run_after=2023-07-03T00:00:00+00:00
[2023-07-03T18:09:24.517+0000] {processor.py:179} INFO - Processing /home/airflow/.local/lib/python3.7/site-packages/airflow/example_dags/example_branch_day_of_week_operator.py took 0.071 seconds
[2023-07-03T18:09:55.130+0000] {processor.py:157} INFO - Started process (PID=4467) to work on /home/airflow/.local/lib/python3.7/site-packages/airflow/example_dags/example_branch_day_of_week_operator.py
[2023-07-03T18:09:55.131+0000] {processor.py:826} INFO - Processing file /home/airflow/.local/lib/python3.7/site-packages/airflow/example_dags/example_branch_day_of_week_operator.py for tasks to queue
[2023-07-03T18:09:55.132+0000] {logging_mixin.py:149} INFO - [2023-07-03T18:09:55.132+0000] {dagbag.py:541} INFO - Filling up the DagBag from /home/airflow/.local/lib/python3.7/site-packages/airflow/example_dags/example_branch_day_of_week_operator.py
[2023-07-03T18:09:55.138+0000] {processor.py:836} INFO - DAG(s) dict_keys(['example_weekday_branch_operator']) retrieved from /home/airflow/.local/lib/python3.7/site-packages/airflow/example_dags/example_branch_day_of_week_operator.py
[2023-07-03T18:09:55.171+0000] {logging_mixin.py:149} INFO - [2023-07-03T18:09:55.171+0000] {dag.py:2726} INFO - Sync 1 DAGs
[2023-07-03T18:09:55.202+0000] {logging_mixin.py:149} INFO - [2023-07-03T18:09:55.201+0000] {dag.py:3490} INFO - Setting next_dagrun for example_weekday_branch_operator to 2023-07-02T00:00:00+00:00, run_after=2023-07-03T00:00:00+00:00
[2023-07-03T18:09:55.223+0000] {processor.py:179} INFO - Processing /home/airflow/.local/lib/python3.7/site-packages/airflow/example_dags/example_branch_day_of_week_operator.py took 0.096 seconds
[2023-07-03T18:10:25.481+0000] {processor.py:157} INFO - Started process (PID=4718) to work on /home/airflow/.local/lib/python3.7/site-packages/airflow/example_dags/example_branch_day_of_week_operator.py
[2023-07-03T18:10:25.482+0000] {processor.py:826} INFO - Processing file /home/airflow/.local/lib/python3.7/site-packages/airflow/example_dags/example_branch_day_of_week_operator.py for tasks to queue
[2023-07-03T18:10:25.482+0000] {logging_mixin.py:149} INFO - [2023-07-03T18:10:25.482+0000] {dagbag.py:541} INFO - Filling up the DagBag from /home/airflow/.local/lib/python3.7/site-packages/airflow/example_dags/example_branch_day_of_week_operator.py
[2023-07-03T18:10:25.488+0000] {processor.py:836} INFO - DAG(s) dict_keys(['example_weekday_branch_operator']) retrieved from /home/airflow/.local/lib/python3.7/site-packages/airflow/example_dags/example_branch_day_of_week_operator.py
[2023-07-03T18:10:25.511+0000] {logging_mixin.py:149} INFO - [2023-07-03T18:10:25.511+0000] {dag.py:2726} INFO - Sync 1 DAGs
[2023-07-03T18:10:25.533+0000] {logging_mixin.py:149} INFO - [2023-07-03T18:10:25.533+0000] {dag.py:3490} INFO - Setting next_dagrun for example_weekday_branch_operator to 2023-07-02T00:00:00+00:00, run_after=2023-07-03T00:00:00+00:00
[2023-07-03T18:10:25.550+0000] {processor.py:179} INFO - Processing /home/airflow/.local/lib/python3.7/site-packages/airflow/example_dags/example_branch_day_of_week_operator.py took 0.072 seconds
[2023-07-03T18:10:55.691+0000] {processor.py:157} INFO - Started process (PID=4965) to work on /home/airflow/.local/lib/python3.7/site-packages/airflow/example_dags/example_branch_day_of_week_operator.py
[2023-07-03T18:10:55.692+0000] {processor.py:826} INFO - Processing file /home/airflow/.local/lib/python3.7/site-packages/airflow/example_dags/example_branch_day_of_week_operator.py for tasks to queue
[2023-07-03T18:10:55.693+0000] {logging_mixin.py:149} INFO - [2023-07-03T18:10:55.693+0000] {dagbag.py:541} INFO - Filling up the DagBag from /home/airflow/.local/lib/python3.7/site-packages/airflow/example_dags/example_branch_day_of_week_operator.py
[2023-07-03T18:10:55.699+0000] {processor.py:836} INFO - DAG(s) dict_keys(['example_weekday_branch_operator']) retrieved from /home/airflow/.local/lib/python3.7/site-packages/airflow/example_dags/example_branch_day_of_week_operator.py
[2023-07-03T18:10:55.722+0000] {logging_mixin.py:149} INFO - [2023-07-03T18:10:55.722+0000] {dag.py:2726} INFO - Sync 1 DAGs
[2023-07-03T18:10:55.745+0000] {logging_mixin.py:149} INFO - [2023-07-03T18:10:55.745+0000] {dag.py:3490} INFO - Setting next_dagrun for example_weekday_branch_operator to 2023-07-02T00:00:00+00:00, run_after=2023-07-03T00:00:00+00:00
[2023-07-03T18:10:55.761+0000] {processor.py:179} INFO - Processing /home/airflow/.local/lib/python3.7/site-packages/airflow/example_dags/example_branch_day_of_week_operator.py took 0.072 seconds
[2023-07-03T18:11:25.878+0000] {processor.py:157} INFO - Started process (PID=5216) to work on /home/airflow/.local/lib/python3.7/site-packages/airflow/example_dags/example_branch_day_of_week_operator.py
[2023-07-03T18:11:25.879+0000] {processor.py:826} INFO - Processing file /home/airflow/.local/lib/python3.7/site-packages/airflow/example_dags/example_branch_day_of_week_operator.py for tasks to queue
[2023-07-03T18:11:25.880+0000] {logging_mixin.py:149} INFO - [2023-07-03T18:11:25.879+0000] {dagbag.py:541} INFO - Filling up the DagBag from /home/airflow/.local/lib/python3.7/site-packages/airflow/example_dags/example_branch_day_of_week_operator.py
[2023-07-03T18:11:25.885+0000] {processor.py:836} INFO - DAG(s) dict_keys(['example_weekday_branch_operator']) retrieved from /home/airflow/.local/lib/python3.7/site-packages/airflow/example_dags/example_branch_day_of_week_operator.py
[2023-07-03T18:11:25.908+0000] {logging_mixin.py:149} INFO - [2023-07-03T18:11:25.907+0000] {dag.py:2726} INFO - Sync 1 DAGs
[2023-07-03T18:11:25.930+0000] {logging_mixin.py:149} INFO - [2023-07-03T18:11:25.930+0000] {dag.py:3490} INFO - Setting next_dagrun for example_weekday_branch_operator to 2023-07-02T00:00:00+00:00, run_after=2023-07-03T00:00:00+00:00
[2023-07-03T18:11:25.949+0000] {processor.py:179} INFO - Processing /home/airflow/.local/lib/python3.7/site-packages/airflow/example_dags/example_branch_day_of_week_operator.py took 0.074 seconds
[2023-07-03T18:11:56.035+0000] {processor.py:157} INFO - Started process (PID=5463) to work on /home/airflow/.local/lib/python3.7/site-packages/airflow/example_dags/example_branch_day_of_week_operator.py
[2023-07-03T18:11:56.035+0000] {processor.py:826} INFO - Processing file /home/airflow/.local/lib/python3.7/site-packages/airflow/example_dags/example_branch_day_of_week_operator.py for tasks to queue
[2023-07-03T18:11:56.036+0000] {logging_mixin.py:149} INFO - [2023-07-03T18:11:56.036+0000] {dagbag.py:541} INFO - Filling up the DagBag from /home/airflow/.local/lib/python3.7/site-packages/airflow/example_dags/example_branch_day_of_week_operator.py
[2023-07-03T18:11:56.042+0000] {processor.py:836} INFO - DAG(s) dict_keys(['example_weekday_branch_operator']) retrieved from /home/airflow/.local/lib/python3.7/site-packages/airflow/example_dags/example_branch_day_of_week_operator.py
[2023-07-03T18:11:56.066+0000] {logging_mixin.py:149} INFO - [2023-07-03T18:11:56.066+0000] {dag.py:2726} INFO - Sync 1 DAGs
[2023-07-03T18:11:56.089+0000] {logging_mixin.py:149} INFO - [2023-07-03T18:11:56.089+0000] {dag.py:3490} INFO - Setting next_dagrun for example_weekday_branch_operator to 2023-07-02T00:00:00+00:00, run_after=2023-07-03T00:00:00+00:00
[2023-07-03T18:11:56.108+0000] {processor.py:179} INFO - Processing /home/airflow/.local/lib/python3.7/site-packages/airflow/example_dags/example_branch_day_of_week_operator.py took 0.076 seconds
[2023-07-03T18:12:26.154+0000] {processor.py:157} INFO - Started process (PID=5712) to work on /home/airflow/.local/lib/python3.7/site-packages/airflow/example_dags/example_branch_day_of_week_operator.py
[2023-07-03T18:12:26.155+0000] {processor.py:826} INFO - Processing file /home/airflow/.local/lib/python3.7/site-packages/airflow/example_dags/example_branch_day_of_week_operator.py for tasks to queue
[2023-07-03T18:12:26.156+0000] {logging_mixin.py:149} INFO - [2023-07-03T18:12:26.156+0000] {dagbag.py:541} INFO - Filling up the DagBag from /home/airflow/.local/lib/python3.7/site-packages/airflow/example_dags/example_branch_day_of_week_operator.py
[2023-07-03T18:12:26.162+0000] {processor.py:836} INFO - DAG(s) dict_keys(['example_weekday_branch_operator']) retrieved from /home/airflow/.local/lib/python3.7/site-packages/airflow/example_dags/example_branch_day_of_week_operator.py
[2023-07-03T18:12:26.184+0000] {logging_mixin.py:149} INFO - [2023-07-03T18:12:26.184+0000] {dag.py:2726} INFO - Sync 1 DAGs
[2023-07-03T18:12:26.208+0000] {logging_mixin.py:149} INFO - [2023-07-03T18:12:26.208+0000] {dag.py:3490} INFO - Setting next_dagrun for example_weekday_branch_operator to 2023-07-02T00:00:00+00:00, run_after=2023-07-03T00:00:00+00:00
[2023-07-03T18:12:26.225+0000] {processor.py:179} INFO - Processing /home/airflow/.local/lib/python3.7/site-packages/airflow/example_dags/example_branch_day_of_week_operator.py took 0.073 seconds
[2023-07-03T18:12:56.969+0000] {processor.py:157} INFO - Started process (PID=5963) to work on /home/airflow/.local/lib/python3.7/site-packages/airflow/example_dags/example_branch_day_of_week_operator.py
[2023-07-03T18:12:56.970+0000] {processor.py:826} INFO - Processing file /home/airflow/.local/lib/python3.7/site-packages/airflow/example_dags/example_branch_day_of_week_operator.py for tasks to queue
[2023-07-03T18:12:56.971+0000] {logging_mixin.py:149} INFO - [2023-07-03T18:12:56.970+0000] {dagbag.py:541} INFO - Filling up the DagBag from /home/airflow/.local/lib/python3.7/site-packages/airflow/example_dags/example_branch_day_of_week_operator.py
[2023-07-03T18:12:56.977+0000] {processor.py:836} INFO - DAG(s) dict_keys(['example_weekday_branch_operator']) retrieved from /home/airflow/.local/lib/python3.7/site-packages/airflow/example_dags/example_branch_day_of_week_operator.py
[2023-07-03T18:12:56.997+0000] {logging_mixin.py:149} INFO - [2023-07-03T18:12:56.997+0000] {dag.py:2726} INFO - Sync 1 DAGs
[2023-07-03T18:12:57.019+0000] {logging_mixin.py:149} INFO - [2023-07-03T18:12:57.019+0000] {dag.py:3490} INFO - Setting next_dagrun for example_weekday_branch_operator to 2023-07-02T00:00:00+00:00, run_after=2023-07-03T00:00:00+00:00
[2023-07-03T18:12:57.036+0000] {processor.py:179} INFO - Processing /home/airflow/.local/lib/python3.7/site-packages/airflow/example_dags/example_branch_day_of_week_operator.py took 0.070 seconds
[2023-07-03T18:13:27.559+0000] {processor.py:157} INFO - Started process (PID=6210) to work on /home/airflow/.local/lib/python3.7/site-packages/airflow/example_dags/example_branch_day_of_week_operator.py
[2023-07-03T18:13:27.560+0000] {processor.py:826} INFO - Processing file /home/airflow/.local/lib/python3.7/site-packages/airflow/example_dags/example_branch_day_of_week_operator.py for tasks to queue
[2023-07-03T18:13:27.560+0000] {logging_mixin.py:149} INFO - [2023-07-03T18:13:27.560+0000] {dagbag.py:541} INFO - Filling up the DagBag from /home/airflow/.local/lib/python3.7/site-packages/airflow/example_dags/example_branch_day_of_week_operator.py
[2023-07-03T18:13:27.566+0000] {processor.py:836} INFO - DAG(s) dict_keys(['example_weekday_branch_operator']) retrieved from /home/airflow/.local/lib/python3.7/site-packages/airflow/example_dags/example_branch_day_of_week_operator.py
[2023-07-03T18:13:27.589+0000] {logging_mixin.py:149} INFO - [2023-07-03T18:13:27.589+0000] {dag.py:2726} INFO - Sync 1 DAGs
[2023-07-03T18:13:27.614+0000] {logging_mixin.py:149} INFO - [2023-07-03T18:13:27.614+0000] {dag.py:3490} INFO - Setting next_dagrun for example_weekday_branch_operator to 2023-07-02T00:00:00+00:00, run_after=2023-07-03T00:00:00+00:00
[2023-07-03T18:13:27.632+0000] {processor.py:179} INFO - Processing /home/airflow/.local/lib/python3.7/site-packages/airflow/example_dags/example_branch_day_of_week_operator.py took 0.076 seconds
[2023-07-03T18:13:58.126+0000] {processor.py:157} INFO - Started process (PID=6459) to work on /home/airflow/.local/lib/python3.7/site-packages/airflow/example_dags/example_branch_day_of_week_operator.py
[2023-07-03T18:13:58.127+0000] {processor.py:826} INFO - Processing file /home/airflow/.local/lib/python3.7/site-packages/airflow/example_dags/example_branch_day_of_week_operator.py for tasks to queue
[2023-07-03T18:13:58.127+0000] {logging_mixin.py:149} INFO - [2023-07-03T18:13:58.127+0000] {dagbag.py:541} INFO - Filling up the DagBag from /home/airflow/.local/lib/python3.7/site-packages/airflow/example_dags/example_branch_day_of_week_operator.py
[2023-07-03T18:13:58.133+0000] {processor.py:836} INFO - DAG(s) dict_keys(['example_weekday_branch_operator']) retrieved from /home/airflow/.local/lib/python3.7/site-packages/airflow/example_dags/example_branch_day_of_week_operator.py
[2023-07-03T18:13:58.156+0000] {logging_mixin.py:149} INFO - [2023-07-03T18:13:58.155+0000] {dag.py:2726} INFO - Sync 1 DAGs
[2023-07-03T18:13:58.179+0000] {logging_mixin.py:149} INFO - [2023-07-03T18:13:58.179+0000] {dag.py:3490} INFO - Setting next_dagrun for example_weekday_branch_operator to 2023-07-02T00:00:00+00:00, run_after=2023-07-03T00:00:00+00:00
[2023-07-03T18:13:58.198+0000] {processor.py:179} INFO - Processing /home/airflow/.local/lib/python3.7/site-packages/airflow/example_dags/example_branch_day_of_week_operator.py took 0.075 seconds
[2023-07-03T18:14:28.706+0000] {processor.py:157} INFO - Started process (PID=6710) to work on /home/airflow/.local/lib/python3.7/site-packages/airflow/example_dags/example_branch_day_of_week_operator.py
[2023-07-03T18:14:28.707+0000] {processor.py:826} INFO - Processing file /home/airflow/.local/lib/python3.7/site-packages/airflow/example_dags/example_branch_day_of_week_operator.py for tasks to queue
[2023-07-03T18:14:28.708+0000] {logging_mixin.py:149} INFO - [2023-07-03T18:14:28.707+0000] {dagbag.py:541} INFO - Filling up the DagBag from /home/airflow/.local/lib/python3.7/site-packages/airflow/example_dags/example_branch_day_of_week_operator.py
[2023-07-03T18:14:28.713+0000] {processor.py:836} INFO - DAG(s) dict_keys(['example_weekday_branch_operator']) retrieved from /home/airflow/.local/lib/python3.7/site-packages/airflow/example_dags/example_branch_day_of_week_operator.py
[2023-07-03T18:14:28.734+0000] {logging_mixin.py:149} INFO - [2023-07-03T18:14:28.734+0000] {dag.py:2726} INFO - Sync 1 DAGs
[2023-07-03T18:14:28.757+0000] {logging_mixin.py:149} INFO - [2023-07-03T18:14:28.757+0000] {dag.py:3490} INFO - Setting next_dagrun for example_weekday_branch_operator to 2023-07-02T00:00:00+00:00, run_after=2023-07-03T00:00:00+00:00
[2023-07-03T18:14:28.777+0000] {processor.py:179} INFO - Processing /home/airflow/.local/lib/python3.7/site-packages/airflow/example_dags/example_branch_day_of_week_operator.py took 0.073 seconds
[2023-07-03T18:14:59.221+0000] {processor.py:157} INFO - Started process (PID=6957) to work on /home/airflow/.local/lib/python3.7/site-packages/airflow/example_dags/example_branch_day_of_week_operator.py
[2023-07-03T18:14:59.222+0000] {processor.py:826} INFO - Processing file /home/airflow/.local/lib/python3.7/site-packages/airflow/example_dags/example_branch_day_of_week_operator.py for tasks to queue
[2023-07-03T18:14:59.223+0000] {logging_mixin.py:149} INFO - [2023-07-03T18:14:59.223+0000] {dagbag.py:541} INFO - Filling up the DagBag from /home/airflow/.local/lib/python3.7/site-packages/airflow/example_dags/example_branch_day_of_week_operator.py
[2023-07-03T18:14:59.229+0000] {processor.py:836} INFO - DAG(s) dict_keys(['example_weekday_branch_operator']) retrieved from /home/airflow/.local/lib/python3.7/site-packages/airflow/example_dags/example_branch_day_of_week_operator.py
[2023-07-03T18:14:59.251+0000] {logging_mixin.py:149} INFO - [2023-07-03T18:14:59.251+0000] {dag.py:2726} INFO - Sync 1 DAGs
[2023-07-03T18:14:59.275+0000] {logging_mixin.py:149} INFO - [2023-07-03T18:14:59.275+0000] {dag.py:3490} INFO - Setting next_dagrun for example_weekday_branch_operator to 2023-07-02T00:00:00+00:00, run_after=2023-07-03T00:00:00+00:00
[2023-07-03T18:14:59.292+0000] {processor.py:179} INFO - Processing /home/airflow/.local/lib/python3.7/site-packages/airflow/example_dags/example_branch_day_of_week_operator.py took 0.074 seconds
[2023-07-03T18:15:29.748+0000] {processor.py:157} INFO - Started process (PID=7206) to work on /home/airflow/.local/lib/python3.7/site-packages/airflow/example_dags/example_branch_day_of_week_operator.py
[2023-07-03T18:15:29.748+0000] {processor.py:826} INFO - Processing file /home/airflow/.local/lib/python3.7/site-packages/airflow/example_dags/example_branch_day_of_week_operator.py for tasks to queue
[2023-07-03T18:15:29.749+0000] {logging_mixin.py:149} INFO - [2023-07-03T18:15:29.749+0000] {dagbag.py:541} INFO - Filling up the DagBag from /home/airflow/.local/lib/python3.7/site-packages/airflow/example_dags/example_branch_day_of_week_operator.py
[2023-07-03T18:15:29.755+0000] {processor.py:836} INFO - DAG(s) dict_keys(['example_weekday_branch_operator']) retrieved from /home/airflow/.local/lib/python3.7/site-packages/airflow/example_dags/example_branch_day_of_week_operator.py
[2023-07-03T18:15:29.778+0000] {logging_mixin.py:149} INFO - [2023-07-03T18:15:29.778+0000] {dag.py:2726} INFO - Sync 1 DAGs
[2023-07-03T18:15:29.801+0000] {logging_mixin.py:149} INFO - [2023-07-03T18:15:29.801+0000] {dag.py:3490} INFO - Setting next_dagrun for example_weekday_branch_operator to 2023-07-02T00:00:00+00:00, run_after=2023-07-03T00:00:00+00:00
[2023-07-03T18:15:29.819+0000] {processor.py:179} INFO - Processing /home/airflow/.local/lib/python3.7/site-packages/airflow/example_dags/example_branch_day_of_week_operator.py took 0.075 seconds
[2023-07-03T18:16:00.372+0000] {processor.py:157} INFO - Started process (PID=7455) to work on /home/airflow/.local/lib/python3.7/site-packages/airflow/example_dags/example_branch_day_of_week_operator.py
[2023-07-03T18:16:00.373+0000] {processor.py:826} INFO - Processing file /home/airflow/.local/lib/python3.7/site-packages/airflow/example_dags/example_branch_day_of_week_operator.py for tasks to queue
[2023-07-03T18:16:00.375+0000] {logging_mixin.py:149} INFO - [2023-07-03T18:16:00.374+0000] {dagbag.py:541} INFO - Filling up the DagBag from /home/airflow/.local/lib/python3.7/site-packages/airflow/example_dags/example_branch_day_of_week_operator.py
[2023-07-03T18:16:00.381+0000] {processor.py:836} INFO - DAG(s) dict_keys(['example_weekday_branch_operator']) retrieved from /home/airflow/.local/lib/python3.7/site-packages/airflow/example_dags/example_branch_day_of_week_operator.py
[2023-07-03T18:16:00.404+0000] {logging_mixin.py:149} INFO - [2023-07-03T18:16:00.404+0000] {dag.py:2726} INFO - Sync 1 DAGs
[2023-07-03T18:16:00.427+0000] {logging_mixin.py:149} INFO - [2023-07-03T18:16:00.427+0000] {dag.py:3490} INFO - Setting next_dagrun for example_weekday_branch_operator to 2023-07-02T00:00:00+00:00, run_after=2023-07-03T00:00:00+00:00
[2023-07-03T18:16:00.444+0000] {processor.py:179} INFO - Processing /home/airflow/.local/lib/python3.7/site-packages/airflow/example_dags/example_branch_day_of_week_operator.py took 0.074 seconds
[2023-07-03T18:16:30.539+0000] {processor.py:157} INFO - Started process (PID=7704) to work on /home/airflow/.local/lib/python3.7/site-packages/airflow/example_dags/example_branch_day_of_week_operator.py
[2023-07-03T18:16:30.540+0000] {processor.py:826} INFO - Processing file /home/airflow/.local/lib/python3.7/site-packages/airflow/example_dags/example_branch_day_of_week_operator.py for tasks to queue
[2023-07-03T18:16:30.541+0000] {logging_mixin.py:149} INFO - [2023-07-03T18:16:30.541+0000] {dagbag.py:541} INFO - Filling up the DagBag from /home/airflow/.local/lib/python3.7/site-packages/airflow/example_dags/example_branch_day_of_week_operator.py
[2023-07-03T18:16:30.550+0000] {processor.py:836} INFO - DAG(s) dict_keys(['example_weekday_branch_operator']) retrieved from /home/airflow/.local/lib/python3.7/site-packages/airflow/example_dags/example_branch_day_of_week_operator.py
[2023-07-03T18:16:30.571+0000] {logging_mixin.py:149} INFO - [2023-07-03T18:16:30.571+0000] {dag.py:2726} INFO - Sync 1 DAGs
[2023-07-03T18:16:30.595+0000] {logging_mixin.py:149} INFO - [2023-07-03T18:16:30.594+0000] {dag.py:3490} INFO - Setting next_dagrun for example_weekday_branch_operator to 2023-07-02T00:00:00+00:00, run_after=2023-07-03T00:00:00+00:00
[2023-07-03T18:16:30.612+0000] {processor.py:179} INFO - Processing /home/airflow/.local/lib/python3.7/site-packages/airflow/example_dags/example_branch_day_of_week_operator.py took 0.076 seconds
[2023-07-03T18:17:01.055+0000] {processor.py:157} INFO - Started process (PID=7954) to work on /home/airflow/.local/lib/python3.7/site-packages/airflow/example_dags/example_branch_day_of_week_operator.py
[2023-07-03T18:17:01.056+0000] {processor.py:826} INFO - Processing file /home/airflow/.local/lib/python3.7/site-packages/airflow/example_dags/example_branch_day_of_week_operator.py for tasks to queue
[2023-07-03T18:17:01.057+0000] {logging_mixin.py:149} INFO - [2023-07-03T18:17:01.057+0000] {dagbag.py:541} INFO - Filling up the DagBag from /home/airflow/.local/lib/python3.7/site-packages/airflow/example_dags/example_branch_day_of_week_operator.py
[2023-07-03T18:17:01.065+0000] {processor.py:836} INFO - DAG(s) dict_keys(['example_weekday_branch_operator']) retrieved from /home/airflow/.local/lib/python3.7/site-packages/airflow/example_dags/example_branch_day_of_week_operator.py
[2023-07-03T18:17:01.092+0000] {logging_mixin.py:149} INFO - [2023-07-03T18:17:01.092+0000] {dag.py:2726} INFO - Sync 1 DAGs
[2023-07-03T18:17:01.120+0000] {logging_mixin.py:149} INFO - [2023-07-03T18:17:01.120+0000] {dag.py:3490} INFO - Setting next_dagrun for example_weekday_branch_operator to 2023-07-02T00:00:00+00:00, run_after=2023-07-03T00:00:00+00:00
[2023-07-03T18:17:01.140+0000] {processor.py:179} INFO - Processing /home/airflow/.local/lib/python3.7/site-packages/airflow/example_dags/example_branch_day_of_week_operator.py took 0.088 seconds
[2023-07-03T18:17:31.280+0000] {processor.py:157} INFO - Started process (PID=8203) to work on /home/airflow/.local/lib/python3.7/site-packages/airflow/example_dags/example_branch_day_of_week_operator.py
[2023-07-03T18:17:31.282+0000] {processor.py:826} INFO - Processing file /home/airflow/.local/lib/python3.7/site-packages/airflow/example_dags/example_branch_day_of_week_operator.py for tasks to queue
[2023-07-03T18:17:31.283+0000] {logging_mixin.py:149} INFO - [2023-07-03T18:17:31.283+0000] {dagbag.py:541} INFO - Filling up the DagBag from /home/airflow/.local/lib/python3.7/site-packages/airflow/example_dags/example_branch_day_of_week_operator.py
[2023-07-03T18:17:31.290+0000] {processor.py:836} INFO - DAG(s) dict_keys(['example_weekday_branch_operator']) retrieved from /home/airflow/.local/lib/python3.7/site-packages/airflow/example_dags/example_branch_day_of_week_operator.py
[2023-07-03T18:17:31.317+0000] {logging_mixin.py:149} INFO - [2023-07-03T18:17:31.316+0000] {dag.py:2726} INFO - Sync 1 DAGs
[2023-07-03T18:17:31.342+0000] {logging_mixin.py:149} INFO - [2023-07-03T18:17:31.342+0000] {dag.py:3490} INFO - Setting next_dagrun for example_weekday_branch_operator to 2023-07-02T00:00:00+00:00, run_after=2023-07-03T00:00:00+00:00
[2023-07-03T18:17:31.362+0000] {processor.py:179} INFO - Processing /home/airflow/.local/lib/python3.7/site-packages/airflow/example_dags/example_branch_day_of_week_operator.py took 0.085 seconds
[2023-07-03T18:18:01.908+0000] {processor.py:157} INFO - Started process (PID=8452) to work on /home/airflow/.local/lib/python3.7/site-packages/airflow/example_dags/example_branch_day_of_week_operator.py
[2023-07-03T18:18:01.909+0000] {processor.py:826} INFO - Processing file /home/airflow/.local/lib/python3.7/site-packages/airflow/example_dags/example_branch_day_of_week_operator.py for tasks to queue
[2023-07-03T18:18:01.910+0000] {logging_mixin.py:149} INFO - [2023-07-03T18:18:01.910+0000] {dagbag.py:541} INFO - Filling up the DagBag from /home/airflow/.local/lib/python3.7/site-packages/airflow/example_dags/example_branch_day_of_week_operator.py
[2023-07-03T18:18:01.917+0000] {processor.py:836} INFO - DAG(s) dict_keys(['example_weekday_branch_operator']) retrieved from /home/airflow/.local/lib/python3.7/site-packages/airflow/example_dags/example_branch_day_of_week_operator.py
[2023-07-03T18:18:01.942+0000] {logging_mixin.py:149} INFO - [2023-07-03T18:18:01.942+0000] {dag.py:2726} INFO - Sync 1 DAGs
[2023-07-03T18:18:01.970+0000] {logging_mixin.py:149} INFO - [2023-07-03T18:18:01.970+0000] {dag.py:3490} INFO - Setting next_dagrun for example_weekday_branch_operator to 2023-07-02T00:00:00+00:00, run_after=2023-07-03T00:00:00+00:00
[2023-07-03T18:18:01.992+0000] {processor.py:179} INFO - Processing /home/airflow/.local/lib/python3.7/site-packages/airflow/example_dags/example_branch_day_of_week_operator.py took 0.087 seconds
[2023-07-03T18:18:32.321+0000] {processor.py:157} INFO - Started process (PID=8701) to work on /home/airflow/.local/lib/python3.7/site-packages/airflow/example_dags/example_branch_day_of_week_operator.py
[2023-07-03T18:18:32.322+0000] {processor.py:826} INFO - Processing file /home/airflow/.local/lib/python3.7/site-packages/airflow/example_dags/example_branch_day_of_week_operator.py for tasks to queue
[2023-07-03T18:18:32.323+0000] {logging_mixin.py:149} INFO - [2023-07-03T18:18:32.322+0000] {dagbag.py:541} INFO - Filling up the DagBag from /home/airflow/.local/lib/python3.7/site-packages/airflow/example_dags/example_branch_day_of_week_operator.py
[2023-07-03T18:18:32.329+0000] {processor.py:836} INFO - DAG(s) dict_keys(['example_weekday_branch_operator']) retrieved from /home/airflow/.local/lib/python3.7/site-packages/airflow/example_dags/example_branch_day_of_week_operator.py
[2023-07-03T18:18:32.353+0000] {logging_mixin.py:149} INFO - [2023-07-03T18:18:32.353+0000] {dag.py:2726} INFO - Sync 1 DAGs
[2023-07-03T18:18:32.382+0000] {logging_mixin.py:149} INFO - [2023-07-03T18:18:32.382+0000] {dag.py:3490} INFO - Setting next_dagrun for example_weekday_branch_operator to 2023-07-02T00:00:00+00:00, run_after=2023-07-03T00:00:00+00:00
[2023-07-03T18:18:32.399+0000] {processor.py:179} INFO - Processing /home/airflow/.local/lib/python3.7/site-packages/airflow/example_dags/example_branch_day_of_week_operator.py took 0.082 seconds
[2023-07-03T18:19:02.562+0000] {processor.py:157} INFO - Started process (PID=8950) to work on /home/airflow/.local/lib/python3.7/site-packages/airflow/example_dags/example_branch_day_of_week_operator.py
[2023-07-03T18:19:02.563+0000] {processor.py:826} INFO - Processing file /home/airflow/.local/lib/python3.7/site-packages/airflow/example_dags/example_branch_day_of_week_operator.py for tasks to queue
[2023-07-03T18:19:02.564+0000] {logging_mixin.py:149} INFO - [2023-07-03T18:19:02.564+0000] {dagbag.py:541} INFO - Filling up the DagBag from /home/airflow/.local/lib/python3.7/site-packages/airflow/example_dags/example_branch_day_of_week_operator.py
[2023-07-03T18:19:02.570+0000] {processor.py:836} INFO - DAG(s) dict_keys(['example_weekday_branch_operator']) retrieved from /home/airflow/.local/lib/python3.7/site-packages/airflow/example_dags/example_branch_day_of_week_operator.py
[2023-07-03T18:19:02.594+0000] {logging_mixin.py:149} INFO - [2023-07-03T18:19:02.594+0000] {dag.py:2726} INFO - Sync 1 DAGs
[2023-07-03T18:19:02.621+0000] {logging_mixin.py:149} INFO - [2023-07-03T18:19:02.621+0000] {dag.py:3490} INFO - Setting next_dagrun for example_weekday_branch_operator to 2023-07-02T00:00:00+00:00, run_after=2023-07-03T00:00:00+00:00
[2023-07-03T18:19:02.643+0000] {processor.py:179} INFO - Processing /home/airflow/.local/lib/python3.7/site-packages/airflow/example_dags/example_branch_day_of_week_operator.py took 0.085 seconds
[2023-07-03T18:19:32.783+0000] {processor.py:157} INFO - Started process (PID=9199) to work on /home/airflow/.local/lib/python3.7/site-packages/airflow/example_dags/example_branch_day_of_week_operator.py
[2023-07-03T18:19:32.784+0000] {processor.py:826} INFO - Processing file /home/airflow/.local/lib/python3.7/site-packages/airflow/example_dags/example_branch_day_of_week_operator.py for tasks to queue
[2023-07-03T18:19:32.785+0000] {logging_mixin.py:149} INFO - [2023-07-03T18:19:32.785+0000] {dagbag.py:541} INFO - Filling up the DagBag from /home/airflow/.local/lib/python3.7/site-packages/airflow/example_dags/example_branch_day_of_week_operator.py
[2023-07-03T18:19:32.792+0000] {processor.py:836} INFO - DAG(s) dict_keys(['example_weekday_branch_operator']) retrieved from /home/airflow/.local/lib/python3.7/site-packages/airflow/example_dags/example_branch_day_of_week_operator.py
[2023-07-03T18:19:32.816+0000] {logging_mixin.py:149} INFO - [2023-07-03T18:19:32.815+0000] {dag.py:2726} INFO - Sync 1 DAGs
[2023-07-03T18:19:32.845+0000] {logging_mixin.py:149} INFO - [2023-07-03T18:19:32.845+0000] {dag.py:3490} INFO - Setting next_dagrun for example_weekday_branch_operator to 2023-07-02T00:00:00+00:00, run_after=2023-07-03T00:00:00+00:00
[2023-07-03T18:19:32.866+0000] {processor.py:179} INFO - Processing /home/airflow/.local/lib/python3.7/site-packages/airflow/example_dags/example_branch_day_of_week_operator.py took 0.086 seconds
[2023-07-03T18:20:03.380+0000] {processor.py:157} INFO - Started process (PID=9450) to work on /home/airflow/.local/lib/python3.7/site-packages/airflow/example_dags/example_branch_day_of_week_operator.py
[2023-07-03T18:20:03.381+0000] {processor.py:826} INFO - Processing file /home/airflow/.local/lib/python3.7/site-packages/airflow/example_dags/example_branch_day_of_week_operator.py for tasks to queue
[2023-07-03T18:20:03.382+0000] {logging_mixin.py:149} INFO - [2023-07-03T18:20:03.381+0000] {dagbag.py:541} INFO - Filling up the DagBag from /home/airflow/.local/lib/python3.7/site-packages/airflow/example_dags/example_branch_day_of_week_operator.py
[2023-07-03T18:20:03.388+0000] {processor.py:836} INFO - DAG(s) dict_keys(['example_weekday_branch_operator']) retrieved from /home/airflow/.local/lib/python3.7/site-packages/airflow/example_dags/example_branch_day_of_week_operator.py
[2023-07-03T18:20:03.416+0000] {logging_mixin.py:149} INFO - [2023-07-03T18:20:03.416+0000] {dag.py:2726} INFO - Sync 1 DAGs
[2023-07-03T18:20:03.441+0000] {logging_mixin.py:149} INFO - [2023-07-03T18:20:03.440+0000] {dag.py:3490} INFO - Setting next_dagrun for example_weekday_branch_operator to 2023-07-02T00:00:00+00:00, run_after=2023-07-03T00:00:00+00:00
[2023-07-03T18:20:03.456+0000] {processor.py:179} INFO - Processing /home/airflow/.local/lib/python3.7/site-packages/airflow/example_dags/example_branch_day_of_week_operator.py took 0.079 seconds
