[2023-07-03T18:01:15.343+0000] {processor.py:157} INFO - Started process (PID=189) to work on /home/airflow/.local/lib/python3.7/site-packages/airflow/example_dags/example_branch_labels.py
[2023-07-03T18:01:15.344+0000] {processor.py:826} INFO - Processing file /home/airflow/.local/lib/python3.7/site-packages/airflow/example_dags/example_branch_labels.py for tasks to queue
[2023-07-03T18:01:15.345+0000] {logging_mixin.py:149} INFO - [2023-07-03T18:01:15.345+0000] {dagbag.py:541} INFO - Filling up the DagBag from /home/airflow/.local/lib/python3.7/site-packages/airflow/example_dags/example_branch_labels.py
[2023-07-03T18:01:15.355+0000] {processor.py:836} INFO - DAG(s) dict_keys(['example_branch_labels']) retrieved from /home/airflow/.local/lib/python3.7/site-packages/airflow/example_dags/example_branch_labels.py
[2023-07-03T18:01:15.366+0000] {logging_mixin.py:149} INFO - [2023-07-03T18:01:15.366+0000] {dag.py:2726} INFO - Sync 1 DAGs
[2023-07-03T18:01:15.390+0000] {logging_mixin.py:149} INFO - [2023-07-03T18:01:15.390+0000] {dag.py:3490} INFO - Setting next_dagrun for example_branch_labels to 2023-07-02T00:00:00+00:00, run_after=2023-07-03T00:00:00+00:00
[2023-07-03T18:01:15.409+0000] {processor.py:179} INFO - Processing /home/airflow/.local/lib/python3.7/site-packages/airflow/example_dags/example_branch_labels.py took 0.068 seconds
[2023-07-03T18:01:45.618+0000] {processor.py:157} INFO - Started process (PID=443) to work on /home/airflow/.local/lib/python3.7/site-packages/airflow/example_dags/example_branch_labels.py
[2023-07-03T18:01:45.619+0000] {processor.py:826} INFO - Processing file /home/airflow/.local/lib/python3.7/site-packages/airflow/example_dags/example_branch_labels.py for tasks to queue
[2023-07-03T18:01:45.620+0000] {logging_mixin.py:149} INFO - [2023-07-03T18:01:45.620+0000] {dagbag.py:541} INFO - Filling up the DagBag from /home/airflow/.local/lib/python3.7/site-packages/airflow/example_dags/example_branch_labels.py
[2023-07-03T18:01:45.627+0000] {processor.py:836} INFO - DAG(s) dict_keys(['example_branch_labels']) retrieved from /home/airflow/.local/lib/python3.7/site-packages/airflow/example_dags/example_branch_labels.py
[2023-07-03T18:01:45.649+0000] {logging_mixin.py:149} INFO - [2023-07-03T18:01:45.649+0000] {dag.py:2726} INFO - Sync 1 DAGs
[2023-07-03T18:01:45.673+0000] {logging_mixin.py:149} INFO - [2023-07-03T18:01:45.673+0000] {dag.py:3490} INFO - Setting next_dagrun for example_branch_labels to 2023-07-02T00:00:00+00:00, run_after=2023-07-03T00:00:00+00:00
[2023-07-03T18:01:45.691+0000] {processor.py:179} INFO - Processing /home/airflow/.local/lib/python3.7/site-packages/airflow/example_dags/example_branch_labels.py took 0.075 seconds
[2023-07-03T18:02:15.913+0000] {processor.py:157} INFO - Started process (PID=688) to work on /home/airflow/.local/lib/python3.7/site-packages/airflow/example_dags/example_branch_labels.py
[2023-07-03T18:02:15.913+0000] {processor.py:826} INFO - Processing file /home/airflow/.local/lib/python3.7/site-packages/airflow/example_dags/example_branch_labels.py for tasks to queue
[2023-07-03T18:02:15.914+0000] {logging_mixin.py:149} INFO - [2023-07-03T18:02:15.914+0000] {dagbag.py:541} INFO - Filling up the DagBag from /home/airflow/.local/lib/python3.7/site-packages/airflow/example_dags/example_branch_labels.py
[2023-07-03T18:02:15.920+0000] {processor.py:836} INFO - DAG(s) dict_keys(['example_branch_labels']) retrieved from /home/airflow/.local/lib/python3.7/site-packages/airflow/example_dags/example_branch_labels.py
[2023-07-03T18:02:15.944+0000] {logging_mixin.py:149} INFO - [2023-07-03T18:02:15.944+0000] {dag.py:2726} INFO - Sync 1 DAGs
[2023-07-03T18:02:15.966+0000] {logging_mixin.py:149} INFO - [2023-07-03T18:02:15.966+0000] {dag.py:3490} INFO - Setting next_dagrun for example_branch_labels to 2023-07-02T00:00:00+00:00, run_after=2023-07-03T00:00:00+00:00
[2023-07-03T18:02:15.983+0000] {processor.py:179} INFO - Processing /home/airflow/.local/lib/python3.7/site-packages/airflow/example_dags/example_branch_labels.py took 0.073 seconds
[2023-07-03T18:02:46.119+0000] {processor.py:157} INFO - Started process (PID=935) to work on /home/airflow/.local/lib/python3.7/site-packages/airflow/example_dags/example_branch_labels.py
[2023-07-03T18:02:46.120+0000] {processor.py:826} INFO - Processing file /home/airflow/.local/lib/python3.7/site-packages/airflow/example_dags/example_branch_labels.py for tasks to queue
[2023-07-03T18:02:46.121+0000] {logging_mixin.py:149} INFO - [2023-07-03T18:02:46.121+0000] {dagbag.py:541} INFO - Filling up the DagBag from /home/airflow/.local/lib/python3.7/site-packages/airflow/example_dags/example_branch_labels.py
[2023-07-03T18:02:46.127+0000] {processor.py:836} INFO - DAG(s) dict_keys(['example_branch_labels']) retrieved from /home/airflow/.local/lib/python3.7/site-packages/airflow/example_dags/example_branch_labels.py
[2023-07-03T18:02:46.148+0000] {logging_mixin.py:149} INFO - [2023-07-03T18:02:46.148+0000] {dag.py:2726} INFO - Sync 1 DAGs
[2023-07-03T18:02:46.170+0000] {logging_mixin.py:149} INFO - [2023-07-03T18:02:46.170+0000] {dag.py:3490} INFO - Setting next_dagrun for example_branch_labels to 2023-07-02T00:00:00+00:00, run_after=2023-07-03T00:00:00+00:00
[2023-07-03T18:02:46.189+0000] {processor.py:179} INFO - Processing /home/airflow/.local/lib/python3.7/site-packages/airflow/example_dags/example_branch_labels.py took 0.072 seconds
[2023-07-03T18:03:16.283+0000] {processor.py:157} INFO - Started process (PID=1184) to work on /home/airflow/.local/lib/python3.7/site-packages/airflow/example_dags/example_branch_labels.py
[2023-07-03T18:03:16.284+0000] {processor.py:826} INFO - Processing file /home/airflow/.local/lib/python3.7/site-packages/airflow/example_dags/example_branch_labels.py for tasks to queue
[2023-07-03T18:03:16.285+0000] {logging_mixin.py:149} INFO - [2023-07-03T18:03:16.285+0000] {dagbag.py:541} INFO - Filling up the DagBag from /home/airflow/.local/lib/python3.7/site-packages/airflow/example_dags/example_branch_labels.py
[2023-07-03T18:03:16.292+0000] {processor.py:836} INFO - DAG(s) dict_keys(['example_branch_labels']) retrieved from /home/airflow/.local/lib/python3.7/site-packages/airflow/example_dags/example_branch_labels.py
[2023-07-03T18:03:16.314+0000] {logging_mixin.py:149} INFO - [2023-07-03T18:03:16.313+0000] {dag.py:2726} INFO - Sync 1 DAGs
[2023-07-03T18:03:16.337+0000] {logging_mixin.py:149} INFO - [2023-07-03T18:03:16.337+0000] {dag.py:3490} INFO - Setting next_dagrun for example_branch_labels to 2023-07-02T00:00:00+00:00, run_after=2023-07-03T00:00:00+00:00
[2023-07-03T18:03:16.354+0000] {processor.py:179} INFO - Processing /home/airflow/.local/lib/python3.7/site-packages/airflow/example_dags/example_branch_labels.py took 0.074 seconds
[2023-07-03T18:03:46.898+0000] {processor.py:157} INFO - Started process (PID=1433) to work on /home/airflow/.local/lib/python3.7/site-packages/airflow/example_dags/example_branch_labels.py
[2023-07-03T18:03:46.899+0000] {processor.py:826} INFO - Processing file /home/airflow/.local/lib/python3.7/site-packages/airflow/example_dags/example_branch_labels.py for tasks to queue
[2023-07-03T18:03:46.900+0000] {logging_mixin.py:149} INFO - [2023-07-03T18:03:46.900+0000] {dagbag.py:541} INFO - Filling up the DagBag from /home/airflow/.local/lib/python3.7/site-packages/airflow/example_dags/example_branch_labels.py
[2023-07-03T18:03:46.907+0000] {processor.py:836} INFO - DAG(s) dict_keys(['example_branch_labels']) retrieved from /home/airflow/.local/lib/python3.7/site-packages/airflow/example_dags/example_branch_labels.py
[2023-07-03T18:03:46.929+0000] {logging_mixin.py:149} INFO - [2023-07-03T18:03:46.929+0000] {dag.py:2726} INFO - Sync 1 DAGs
[2023-07-03T18:03:46.952+0000] {logging_mixin.py:149} INFO - [2023-07-03T18:03:46.952+0000] {dag.py:3490} INFO - Setting next_dagrun for example_branch_labels to 2023-07-02T00:00:00+00:00, run_after=2023-07-03T00:00:00+00:00
[2023-07-03T18:03:46.970+0000] {processor.py:179} INFO - Processing /home/airflow/.local/lib/python3.7/site-packages/airflow/example_dags/example_branch_labels.py took 0.074 seconds
[2023-07-03T18:04:17.553+0000] {processor.py:157} INFO - Started process (PID=1682) to work on /home/airflow/.local/lib/python3.7/site-packages/airflow/example_dags/example_branch_labels.py
[2023-07-03T18:04:17.554+0000] {processor.py:826} INFO - Processing file /home/airflow/.local/lib/python3.7/site-packages/airflow/example_dags/example_branch_labels.py for tasks to queue
[2023-07-03T18:04:17.555+0000] {logging_mixin.py:149} INFO - [2023-07-03T18:04:17.555+0000] {dagbag.py:541} INFO - Filling up the DagBag from /home/airflow/.local/lib/python3.7/site-packages/airflow/example_dags/example_branch_labels.py
[2023-07-03T18:04:17.562+0000] {processor.py:836} INFO - DAG(s) dict_keys(['example_branch_labels']) retrieved from /home/airflow/.local/lib/python3.7/site-packages/airflow/example_dags/example_branch_labels.py
[2023-07-03T18:04:17.585+0000] {logging_mixin.py:149} INFO - [2023-07-03T18:04:17.585+0000] {dag.py:2726} INFO - Sync 1 DAGs
[2023-07-03T18:04:17.610+0000] {logging_mixin.py:149} INFO - [2023-07-03T18:04:17.610+0000] {dag.py:3490} INFO - Setting next_dagrun for example_branch_labels to 2023-07-02T00:00:00+00:00, run_after=2023-07-03T00:00:00+00:00
[2023-07-03T18:04:17.630+0000] {processor.py:179} INFO - Processing /home/airflow/.local/lib/python3.7/site-packages/airflow/example_dags/example_branch_labels.py took 0.079 seconds
[2023-07-03T18:04:48.243+0000] {processor.py:157} INFO - Started process (PID=1931) to work on /home/airflow/.local/lib/python3.7/site-packages/airflow/example_dags/example_branch_labels.py
[2023-07-03T18:04:48.244+0000] {processor.py:826} INFO - Processing file /home/airflow/.local/lib/python3.7/site-packages/airflow/example_dags/example_branch_labels.py for tasks to queue
[2023-07-03T18:04:48.245+0000] {logging_mixin.py:149} INFO - [2023-07-03T18:04:48.245+0000] {dagbag.py:541} INFO - Filling up the DagBag from /home/airflow/.local/lib/python3.7/site-packages/airflow/example_dags/example_branch_labels.py
[2023-07-03T18:04:48.251+0000] {processor.py:836} INFO - DAG(s) dict_keys(['example_branch_labels']) retrieved from /home/airflow/.local/lib/python3.7/site-packages/airflow/example_dags/example_branch_labels.py
[2023-07-03T18:04:48.273+0000] {logging_mixin.py:149} INFO - [2023-07-03T18:04:48.273+0000] {dag.py:2726} INFO - Sync 1 DAGs
[2023-07-03T18:04:48.295+0000] {logging_mixin.py:149} INFO - [2023-07-03T18:04:48.295+0000] {dag.py:3490} INFO - Setting next_dagrun for example_branch_labels to 2023-07-02T00:00:00+00:00, run_after=2023-07-03T00:00:00+00:00
[2023-07-03T18:04:48.313+0000] {processor.py:179} INFO - Processing /home/airflow/.local/lib/python3.7/site-packages/airflow/example_dags/example_branch_labels.py took 0.072 seconds
[2023-07-03T18:05:18.939+0000] {processor.py:157} INFO - Started process (PID=2182) to work on /home/airflow/.local/lib/python3.7/site-packages/airflow/example_dags/example_branch_labels.py
[2023-07-03T18:05:18.940+0000] {processor.py:826} INFO - Processing file /home/airflow/.local/lib/python3.7/site-packages/airflow/example_dags/example_branch_labels.py for tasks to queue
[2023-07-03T18:05:18.941+0000] {logging_mixin.py:149} INFO - [2023-07-03T18:05:18.941+0000] {dagbag.py:541} INFO - Filling up the DagBag from /home/airflow/.local/lib/python3.7/site-packages/airflow/example_dags/example_branch_labels.py
[2023-07-03T18:05:18.947+0000] {processor.py:836} INFO - DAG(s) dict_keys(['example_branch_labels']) retrieved from /home/airflow/.local/lib/python3.7/site-packages/airflow/example_dags/example_branch_labels.py
[2023-07-03T18:05:18.968+0000] {logging_mixin.py:149} INFO - [2023-07-03T18:05:18.968+0000] {dag.py:2726} INFO - Sync 1 DAGs
[2023-07-03T18:05:18.989+0000] {logging_mixin.py:149} INFO - [2023-07-03T18:05:18.989+0000] {dag.py:3490} INFO - Setting next_dagrun for example_branch_labels to 2023-07-02T00:00:00+00:00, run_after=2023-07-03T00:00:00+00:00
[2023-07-03T18:05:19.007+0000] {processor.py:179} INFO - Processing /home/airflow/.local/lib/python3.7/site-packages/airflow/example_dags/example_branch_labels.py took 0.070 seconds
[2023-07-03T18:05:49.578+0000] {processor.py:157} INFO - Started process (PID=2429) to work on /home/airflow/.local/lib/python3.7/site-packages/airflow/example_dags/example_branch_labels.py
[2023-07-03T18:05:49.579+0000] {processor.py:826} INFO - Processing file /home/airflow/.local/lib/python3.7/site-packages/airflow/example_dags/example_branch_labels.py for tasks to queue
[2023-07-03T18:05:49.580+0000] {logging_mixin.py:149} INFO - [2023-07-03T18:05:49.579+0000] {dagbag.py:541} INFO - Filling up the DagBag from /home/airflow/.local/lib/python3.7/site-packages/airflow/example_dags/example_branch_labels.py
[2023-07-03T18:05:49.586+0000] {processor.py:836} INFO - DAG(s) dict_keys(['example_branch_labels']) retrieved from /home/airflow/.local/lib/python3.7/site-packages/airflow/example_dags/example_branch_labels.py
[2023-07-03T18:05:49.607+0000] {logging_mixin.py:149} INFO - [2023-07-03T18:05:49.607+0000] {dag.py:2726} INFO - Sync 1 DAGs
[2023-07-03T18:05:49.631+0000] {logging_mixin.py:149} INFO - [2023-07-03T18:05:49.630+0000] {dag.py:3490} INFO - Setting next_dagrun for example_branch_labels to 2023-07-02T00:00:00+00:00, run_after=2023-07-03T00:00:00+00:00
[2023-07-03T18:05:49.649+0000] {processor.py:179} INFO - Processing /home/airflow/.local/lib/python3.7/site-packages/airflow/example_dags/example_branch_labels.py took 0.075 seconds
[2023-07-03T18:06:20.310+0000] {processor.py:157} INFO - Started process (PID=2678) to work on /home/airflow/.local/lib/python3.7/site-packages/airflow/example_dags/example_branch_labels.py
[2023-07-03T18:06:20.311+0000] {processor.py:826} INFO - Processing file /home/airflow/.local/lib/python3.7/site-packages/airflow/example_dags/example_branch_labels.py for tasks to queue
[2023-07-03T18:06:20.312+0000] {logging_mixin.py:149} INFO - [2023-07-03T18:06:20.312+0000] {dagbag.py:541} INFO - Filling up the DagBag from /home/airflow/.local/lib/python3.7/site-packages/airflow/example_dags/example_branch_labels.py
[2023-07-03T18:06:20.319+0000] {processor.py:836} INFO - DAG(s) dict_keys(['example_branch_labels']) retrieved from /home/airflow/.local/lib/python3.7/site-packages/airflow/example_dags/example_branch_labels.py
[2023-07-03T18:06:20.344+0000] {logging_mixin.py:149} INFO - [2023-07-03T18:06:20.344+0000] {dag.py:2726} INFO - Sync 1 DAGs
[2023-07-03T18:06:20.368+0000] {logging_mixin.py:149} INFO - [2023-07-03T18:06:20.368+0000] {dag.py:3490} INFO - Setting next_dagrun for example_branch_labels to 2023-07-02T00:00:00+00:00, run_after=2023-07-03T00:00:00+00:00
[2023-07-03T18:06:20.386+0000] {processor.py:179} INFO - Processing /home/airflow/.local/lib/python3.7/site-packages/airflow/example_dags/example_branch_labels.py took 0.079 seconds
[2023-07-03T18:06:50.876+0000] {processor.py:157} INFO - Started process (PID=2927) to work on /home/airflow/.local/lib/python3.7/site-packages/airflow/example_dags/example_branch_labels.py
[2023-07-03T18:06:50.877+0000] {processor.py:826} INFO - Processing file /home/airflow/.local/lib/python3.7/site-packages/airflow/example_dags/example_branch_labels.py for tasks to queue
[2023-07-03T18:06:50.878+0000] {logging_mixin.py:149} INFO - [2023-07-03T18:06:50.878+0000] {dagbag.py:541} INFO - Filling up the DagBag from /home/airflow/.local/lib/python3.7/site-packages/airflow/example_dags/example_branch_labels.py
[2023-07-03T18:06:50.885+0000] {processor.py:836} INFO - DAG(s) dict_keys(['example_branch_labels']) retrieved from /home/airflow/.local/lib/python3.7/site-packages/airflow/example_dags/example_branch_labels.py
[2023-07-03T18:06:50.906+0000] {logging_mixin.py:149} INFO - [2023-07-03T18:06:50.906+0000] {dag.py:2726} INFO - Sync 1 DAGs
[2023-07-03T18:06:50.929+0000] {logging_mixin.py:149} INFO - [2023-07-03T18:06:50.929+0000] {dag.py:3490} INFO - Setting next_dagrun for example_branch_labels to 2023-07-02T00:00:00+00:00, run_after=2023-07-03T00:00:00+00:00
[2023-07-03T18:06:50.948+0000] {processor.py:179} INFO - Processing /home/airflow/.local/lib/python3.7/site-packages/airflow/example_dags/example_branch_labels.py took 0.075 seconds
[2023-07-03T18:07:21.749+0000] {processor.py:157} INFO - Started process (PID=3178) to work on /home/airflow/.local/lib/python3.7/site-packages/airflow/example_dags/example_branch_labels.py
[2023-07-03T18:07:21.750+0000] {processor.py:826} INFO - Processing file /home/airflow/.local/lib/python3.7/site-packages/airflow/example_dags/example_branch_labels.py for tasks to queue
[2023-07-03T18:07:21.751+0000] {logging_mixin.py:149} INFO - [2023-07-03T18:07:21.751+0000] {dagbag.py:541} INFO - Filling up the DagBag from /home/airflow/.local/lib/python3.7/site-packages/airflow/example_dags/example_branch_labels.py
[2023-07-03T18:07:21.758+0000] {processor.py:836} INFO - DAG(s) dict_keys(['example_branch_labels']) retrieved from /home/airflow/.local/lib/python3.7/site-packages/airflow/example_dags/example_branch_labels.py
[2023-07-03T18:07:21.780+0000] {logging_mixin.py:149} INFO - [2023-07-03T18:07:21.780+0000] {dag.py:2726} INFO - Sync 1 DAGs
[2023-07-03T18:07:21.803+0000] {logging_mixin.py:149} INFO - [2023-07-03T18:07:21.803+0000] {dag.py:3490} INFO - Setting next_dagrun for example_branch_labels to 2023-07-02T00:00:00+00:00, run_after=2023-07-03T00:00:00+00:00
[2023-07-03T18:07:21.820+0000] {processor.py:179} INFO - Processing /home/airflow/.local/lib/python3.7/site-packages/airflow/example_dags/example_branch_labels.py took 0.073 seconds
[2023-07-03T18:07:52.313+0000] {processor.py:157} INFO - Started process (PID=3426) to work on /home/airflow/.local/lib/python3.7/site-packages/airflow/example_dags/example_branch_labels.py
[2023-07-03T18:07:52.314+0000] {processor.py:826} INFO - Processing file /home/airflow/.local/lib/python3.7/site-packages/airflow/example_dags/example_branch_labels.py for tasks to queue
[2023-07-03T18:07:52.315+0000] {logging_mixin.py:149} INFO - [2023-07-03T18:07:52.315+0000] {dagbag.py:541} INFO - Filling up the DagBag from /home/airflow/.local/lib/python3.7/site-packages/airflow/example_dags/example_branch_labels.py
[2023-07-03T18:07:52.321+0000] {processor.py:836} INFO - DAG(s) dict_keys(['example_branch_labels']) retrieved from /home/airflow/.local/lib/python3.7/site-packages/airflow/example_dags/example_branch_labels.py
[2023-07-03T18:07:52.343+0000] {logging_mixin.py:149} INFO - [2023-07-03T18:07:52.343+0000] {dag.py:2726} INFO - Sync 1 DAGs
[2023-07-03T18:07:52.368+0000] {logging_mixin.py:149} INFO - [2023-07-03T18:07:52.368+0000] {dag.py:3490} INFO - Setting next_dagrun for example_branch_labels to 2023-07-02T00:00:00+00:00, run_after=2023-07-03T00:00:00+00:00
[2023-07-03T18:07:52.386+0000] {processor.py:179} INFO - Processing /home/airflow/.local/lib/python3.7/site-packages/airflow/example_dags/example_branch_labels.py took 0.076 seconds
[2023-07-03T18:08:22.797+0000] {processor.py:157} INFO - Started process (PID=3675) to work on /home/airflow/.local/lib/python3.7/site-packages/airflow/example_dags/example_branch_labels.py
[2023-07-03T18:08:22.798+0000] {processor.py:826} INFO - Processing file /home/airflow/.local/lib/python3.7/site-packages/airflow/example_dags/example_branch_labels.py for tasks to queue
[2023-07-03T18:08:22.799+0000] {logging_mixin.py:149} INFO - [2023-07-03T18:08:22.799+0000] {dagbag.py:541} INFO - Filling up the DagBag from /home/airflow/.local/lib/python3.7/site-packages/airflow/example_dags/example_branch_labels.py
[2023-07-03T18:08:22.806+0000] {processor.py:836} INFO - DAG(s) dict_keys(['example_branch_labels']) retrieved from /home/airflow/.local/lib/python3.7/site-packages/airflow/example_dags/example_branch_labels.py
[2023-07-03T18:08:22.828+0000] {logging_mixin.py:149} INFO - [2023-07-03T18:08:22.828+0000] {dag.py:2726} INFO - Sync 1 DAGs
[2023-07-03T18:08:22.852+0000] {logging_mixin.py:149} INFO - [2023-07-03T18:08:22.851+0000] {dag.py:3490} INFO - Setting next_dagrun for example_branch_labels to 2023-07-02T00:00:00+00:00, run_after=2023-07-03T00:00:00+00:00
[2023-07-03T18:08:22.871+0000] {processor.py:179} INFO - Processing /home/airflow/.local/lib/python3.7/site-packages/airflow/example_dags/example_branch_labels.py took 0.078 seconds
[2023-07-03T18:08:53.309+0000] {processor.py:157} INFO - Started process (PID=3924) to work on /home/airflow/.local/lib/python3.7/site-packages/airflow/example_dags/example_branch_labels.py
[2023-07-03T18:08:53.310+0000] {processor.py:826} INFO - Processing file /home/airflow/.local/lib/python3.7/site-packages/airflow/example_dags/example_branch_labels.py for tasks to queue
[2023-07-03T18:08:53.311+0000] {logging_mixin.py:149} INFO - [2023-07-03T18:08:53.310+0000] {dagbag.py:541} INFO - Filling up the DagBag from /home/airflow/.local/lib/python3.7/site-packages/airflow/example_dags/example_branch_labels.py
[2023-07-03T18:08:53.317+0000] {processor.py:836} INFO - DAG(s) dict_keys(['example_branch_labels']) retrieved from /home/airflow/.local/lib/python3.7/site-packages/airflow/example_dags/example_branch_labels.py
[2023-07-03T18:08:53.338+0000] {logging_mixin.py:149} INFO - [2023-07-03T18:08:53.338+0000] {dag.py:2726} INFO - Sync 1 DAGs
[2023-07-03T18:08:53.359+0000] {logging_mixin.py:149} INFO - [2023-07-03T18:08:53.359+0000] {dag.py:3490} INFO - Setting next_dagrun for example_branch_labels to 2023-07-02T00:00:00+00:00, run_after=2023-07-03T00:00:00+00:00
[2023-07-03T18:08:53.377+0000] {processor.py:179} INFO - Processing /home/airflow/.local/lib/python3.7/site-packages/airflow/example_dags/example_branch_labels.py took 0.070 seconds
[2023-07-03T18:09:24.027+0000] {processor.py:157} INFO - Started process (PID=4175) to work on /home/airflow/.local/lib/python3.7/site-packages/airflow/example_dags/example_branch_labels.py
[2023-07-03T18:09:24.028+0000] {processor.py:826} INFO - Processing file /home/airflow/.local/lib/python3.7/site-packages/airflow/example_dags/example_branch_labels.py for tasks to queue
[2023-07-03T18:09:24.029+0000] {logging_mixin.py:149} INFO - [2023-07-03T18:09:24.028+0000] {dagbag.py:541} INFO - Filling up the DagBag from /home/airflow/.local/lib/python3.7/site-packages/airflow/example_dags/example_branch_labels.py
[2023-07-03T18:09:24.035+0000] {processor.py:836} INFO - DAG(s) dict_keys(['example_branch_labels']) retrieved from /home/airflow/.local/lib/python3.7/site-packages/airflow/example_dags/example_branch_labels.py
[2023-07-03T18:09:24.056+0000] {logging_mixin.py:149} INFO - [2023-07-03T18:09:24.056+0000] {dag.py:2726} INFO - Sync 1 DAGs
[2023-07-03T18:09:24.077+0000] {logging_mixin.py:149} INFO - [2023-07-03T18:09:24.077+0000] {dag.py:3490} INFO - Setting next_dagrun for example_branch_labels to 2023-07-02T00:00:00+00:00, run_after=2023-07-03T00:00:00+00:00
[2023-07-03T18:09:24.093+0000] {processor.py:179} INFO - Processing /home/airflow/.local/lib/python3.7/site-packages/airflow/example_dags/example_branch_labels.py took 0.069 seconds
[2023-07-03T18:09:54.717+0000] {processor.py:157} INFO - Started process (PID=4424) to work on /home/airflow/.local/lib/python3.7/site-packages/airflow/example_dags/example_branch_labels.py
[2023-07-03T18:09:54.718+0000] {processor.py:826} INFO - Processing file /home/airflow/.local/lib/python3.7/site-packages/airflow/example_dags/example_branch_labels.py for tasks to queue
[2023-07-03T18:09:54.719+0000] {logging_mixin.py:149} INFO - [2023-07-03T18:09:54.719+0000] {dagbag.py:541} INFO - Filling up the DagBag from /home/airflow/.local/lib/python3.7/site-packages/airflow/example_dags/example_branch_labels.py
[2023-07-03T18:09:54.725+0000] {processor.py:836} INFO - DAG(s) dict_keys(['example_branch_labels']) retrieved from /home/airflow/.local/lib/python3.7/site-packages/airflow/example_dags/example_branch_labels.py
[2023-07-03T18:09:54.746+0000] {logging_mixin.py:149} INFO - [2023-07-03T18:09:54.746+0000] {dag.py:2726} INFO - Sync 1 DAGs
[2023-07-03T18:09:54.768+0000] {logging_mixin.py:149} INFO - [2023-07-03T18:09:54.768+0000] {dag.py:3490} INFO - Setting next_dagrun for example_branch_labels to 2023-07-02T00:00:00+00:00, run_after=2023-07-03T00:00:00+00:00
[2023-07-03T18:09:54.785+0000] {processor.py:179} INFO - Processing /home/airflow/.local/lib/python3.7/site-packages/airflow/example_dags/example_branch_labels.py took 0.071 seconds
[2023-07-03T18:10:24.833+0000] {processor.py:157} INFO - Started process (PID=4671) to work on /home/airflow/.local/lib/python3.7/site-packages/airflow/example_dags/example_branch_labels.py
[2023-07-03T18:10:24.834+0000] {processor.py:826} INFO - Processing file /home/airflow/.local/lib/python3.7/site-packages/airflow/example_dags/example_branch_labels.py for tasks to queue
[2023-07-03T18:10:24.835+0000] {logging_mixin.py:149} INFO - [2023-07-03T18:10:24.835+0000] {dagbag.py:541} INFO - Filling up the DagBag from /home/airflow/.local/lib/python3.7/site-packages/airflow/example_dags/example_branch_labels.py
[2023-07-03T18:10:24.841+0000] {processor.py:836} INFO - DAG(s) dict_keys(['example_branch_labels']) retrieved from /home/airflow/.local/lib/python3.7/site-packages/airflow/example_dags/example_branch_labels.py
[2023-07-03T18:10:24.863+0000] {logging_mixin.py:149} INFO - [2023-07-03T18:10:24.863+0000] {dag.py:2726} INFO - Sync 1 DAGs
[2023-07-03T18:10:24.886+0000] {logging_mixin.py:149} INFO - [2023-07-03T18:10:24.886+0000] {dag.py:3490} INFO - Setting next_dagrun for example_branch_labels to 2023-07-02T00:00:00+00:00, run_after=2023-07-03T00:00:00+00:00
[2023-07-03T18:10:24.903+0000] {processor.py:179} INFO - Processing /home/airflow/.local/lib/python3.7/site-packages/airflow/example_dags/example_branch_labels.py took 0.073 seconds
[2023-07-03T18:10:55.169+0000] {processor.py:157} INFO - Started process (PID=4922) to work on /home/airflow/.local/lib/python3.7/site-packages/airflow/example_dags/example_branch_labels.py
[2023-07-03T18:10:55.170+0000] {processor.py:826} INFO - Processing file /home/airflow/.local/lib/python3.7/site-packages/airflow/example_dags/example_branch_labels.py for tasks to queue
[2023-07-03T18:10:55.171+0000] {logging_mixin.py:149} INFO - [2023-07-03T18:10:55.171+0000] {dagbag.py:541} INFO - Filling up the DagBag from /home/airflow/.local/lib/python3.7/site-packages/airflow/example_dags/example_branch_labels.py
[2023-07-03T18:10:55.178+0000] {processor.py:836} INFO - DAG(s) dict_keys(['example_branch_labels']) retrieved from /home/airflow/.local/lib/python3.7/site-packages/airflow/example_dags/example_branch_labels.py
[2023-07-03T18:10:55.201+0000] {logging_mixin.py:149} INFO - [2023-07-03T18:10:55.201+0000] {dag.py:2726} INFO - Sync 1 DAGs
[2023-07-03T18:10:55.226+0000] {logging_mixin.py:149} INFO - [2023-07-03T18:10:55.226+0000] {dag.py:3490} INFO - Setting next_dagrun for example_branch_labels to 2023-07-02T00:00:00+00:00, run_after=2023-07-03T00:00:00+00:00
[2023-07-03T18:10:55.245+0000] {processor.py:179} INFO - Processing /home/airflow/.local/lib/python3.7/site-packages/airflow/example_dags/example_branch_labels.py took 0.079 seconds
[2023-07-03T18:11:25.340+0000] {processor.py:157} INFO - Started process (PID=5171) to work on /home/airflow/.local/lib/python3.7/site-packages/airflow/example_dags/example_branch_labels.py
[2023-07-03T18:11:25.341+0000] {processor.py:826} INFO - Processing file /home/airflow/.local/lib/python3.7/site-packages/airflow/example_dags/example_branch_labels.py for tasks to queue
[2023-07-03T18:11:25.341+0000] {logging_mixin.py:149} INFO - [2023-07-03T18:11:25.341+0000] {dagbag.py:541} INFO - Filling up the DagBag from /home/airflow/.local/lib/python3.7/site-packages/airflow/example_dags/example_branch_labels.py
[2023-07-03T18:11:25.348+0000] {processor.py:836} INFO - DAG(s) dict_keys(['example_branch_labels']) retrieved from /home/airflow/.local/lib/python3.7/site-packages/airflow/example_dags/example_branch_labels.py
[2023-07-03T18:11:25.370+0000] {logging_mixin.py:149} INFO - [2023-07-03T18:11:25.370+0000] {dag.py:2726} INFO - Sync 1 DAGs
[2023-07-03T18:11:25.392+0000] {logging_mixin.py:149} INFO - [2023-07-03T18:11:25.391+0000] {dag.py:3490} INFO - Setting next_dagrun for example_branch_labels to 2023-07-02T00:00:00+00:00, run_after=2023-07-03T00:00:00+00:00
[2023-07-03T18:11:25.409+0000] {processor.py:179} INFO - Processing /home/airflow/.local/lib/python3.7/site-packages/airflow/example_dags/example_branch_labels.py took 0.073 seconds
[2023-07-03T18:11:55.541+0000] {processor.py:157} INFO - Started process (PID=5420) to work on /home/airflow/.local/lib/python3.7/site-packages/airflow/example_dags/example_branch_labels.py
[2023-07-03T18:11:55.542+0000] {processor.py:826} INFO - Processing file /home/airflow/.local/lib/python3.7/site-packages/airflow/example_dags/example_branch_labels.py for tasks to queue
[2023-07-03T18:11:55.543+0000] {logging_mixin.py:149} INFO - [2023-07-03T18:11:55.543+0000] {dagbag.py:541} INFO - Filling up the DagBag from /home/airflow/.local/lib/python3.7/site-packages/airflow/example_dags/example_branch_labels.py
[2023-07-03T18:11:55.549+0000] {processor.py:836} INFO - DAG(s) dict_keys(['example_branch_labels']) retrieved from /home/airflow/.local/lib/python3.7/site-packages/airflow/example_dags/example_branch_labels.py
[2023-07-03T18:11:55.571+0000] {logging_mixin.py:149} INFO - [2023-07-03T18:11:55.571+0000] {dag.py:2726} INFO - Sync 1 DAGs
[2023-07-03T18:11:55.593+0000] {logging_mixin.py:149} INFO - [2023-07-03T18:11:55.593+0000] {dag.py:3490} INFO - Setting next_dagrun for example_branch_labels to 2023-07-02T00:00:00+00:00, run_after=2023-07-03T00:00:00+00:00
[2023-07-03T18:11:55.609+0000] {processor.py:179} INFO - Processing /home/airflow/.local/lib/python3.7/site-packages/airflow/example_dags/example_branch_labels.py took 0.071 seconds
[2023-07-03T18:12:25.641+0000] {processor.py:157} INFO - Started process (PID=5667) to work on /home/airflow/.local/lib/python3.7/site-packages/airflow/example_dags/example_branch_labels.py
[2023-07-03T18:12:25.642+0000] {processor.py:826} INFO - Processing file /home/airflow/.local/lib/python3.7/site-packages/airflow/example_dags/example_branch_labels.py for tasks to queue
[2023-07-03T18:12:25.643+0000] {logging_mixin.py:149} INFO - [2023-07-03T18:12:25.643+0000] {dagbag.py:541} INFO - Filling up the DagBag from /home/airflow/.local/lib/python3.7/site-packages/airflow/example_dags/example_branch_labels.py
[2023-07-03T18:12:25.650+0000] {processor.py:836} INFO - DAG(s) dict_keys(['example_branch_labels']) retrieved from /home/airflow/.local/lib/python3.7/site-packages/airflow/example_dags/example_branch_labels.py
[2023-07-03T18:12:25.670+0000] {logging_mixin.py:149} INFO - [2023-07-03T18:12:25.670+0000] {dag.py:2726} INFO - Sync 1 DAGs
[2023-07-03T18:12:25.696+0000] {logging_mixin.py:149} INFO - [2023-07-03T18:12:25.696+0000] {dag.py:3490} INFO - Setting next_dagrun for example_branch_labels to 2023-07-02T00:00:00+00:00, run_after=2023-07-03T00:00:00+00:00
[2023-07-03T18:12:25.712+0000] {processor.py:179} INFO - Processing /home/airflow/.local/lib/python3.7/site-packages/airflow/example_dags/example_branch_labels.py took 0.074 seconds
[2023-07-03T18:12:56.420+0000] {processor.py:157} INFO - Started process (PID=5918) to work on /home/airflow/.local/lib/python3.7/site-packages/airflow/example_dags/example_branch_labels.py
[2023-07-03T18:12:56.420+0000] {processor.py:826} INFO - Processing file /home/airflow/.local/lib/python3.7/site-packages/airflow/example_dags/example_branch_labels.py for tasks to queue
[2023-07-03T18:12:56.421+0000] {logging_mixin.py:149} INFO - [2023-07-03T18:12:56.421+0000] {dagbag.py:541} INFO - Filling up the DagBag from /home/airflow/.local/lib/python3.7/site-packages/airflow/example_dags/example_branch_labels.py
[2023-07-03T18:12:56.427+0000] {processor.py:836} INFO - DAG(s) dict_keys(['example_branch_labels']) retrieved from /home/airflow/.local/lib/python3.7/site-packages/airflow/example_dags/example_branch_labels.py
[2023-07-03T18:12:56.448+0000] {logging_mixin.py:149} INFO - [2023-07-03T18:12:56.448+0000] {dag.py:2726} INFO - Sync 1 DAGs
[2023-07-03T18:12:56.471+0000] {logging_mixin.py:149} INFO - [2023-07-03T18:12:56.470+0000] {dag.py:3490} INFO - Setting next_dagrun for example_branch_labels to 2023-07-02T00:00:00+00:00, run_after=2023-07-03T00:00:00+00:00
[2023-07-03T18:12:56.487+0000] {processor.py:179} INFO - Processing /home/airflow/.local/lib/python3.7/site-packages/airflow/example_dags/example_branch_labels.py took 0.070 seconds
[2023-07-03T18:13:27.181+0000] {processor.py:157} INFO - Started process (PID=6165) to work on /home/airflow/.local/lib/python3.7/site-packages/airflow/example_dags/example_branch_labels.py
[2023-07-03T18:13:27.182+0000] {processor.py:826} INFO - Processing file /home/airflow/.local/lib/python3.7/site-packages/airflow/example_dags/example_branch_labels.py for tasks to queue
[2023-07-03T18:13:27.182+0000] {logging_mixin.py:149} INFO - [2023-07-03T18:13:27.182+0000] {dagbag.py:541} INFO - Filling up the DagBag from /home/airflow/.local/lib/python3.7/site-packages/airflow/example_dags/example_branch_labels.py
[2023-07-03T18:13:27.189+0000] {processor.py:836} INFO - DAG(s) dict_keys(['example_branch_labels']) retrieved from /home/airflow/.local/lib/python3.7/site-packages/airflow/example_dags/example_branch_labels.py
[2023-07-03T18:13:27.212+0000] {logging_mixin.py:149} INFO - [2023-07-03T18:13:27.212+0000] {dag.py:2726} INFO - Sync 1 DAGs
[2023-07-03T18:13:27.237+0000] {logging_mixin.py:149} INFO - [2023-07-03T18:13:27.237+0000] {dag.py:3490} INFO - Setting next_dagrun for example_branch_labels to 2023-07-02T00:00:00+00:00, run_after=2023-07-03T00:00:00+00:00
[2023-07-03T18:13:27.255+0000] {processor.py:179} INFO - Processing /home/airflow/.local/lib/python3.7/site-packages/airflow/example_dags/example_branch_labels.py took 0.077 seconds
[2023-07-03T18:13:57.715+0000] {processor.py:157} INFO - Started process (PID=6414) to work on /home/airflow/.local/lib/python3.7/site-packages/airflow/example_dags/example_branch_labels.py
[2023-07-03T18:13:57.716+0000] {processor.py:826} INFO - Processing file /home/airflow/.local/lib/python3.7/site-packages/airflow/example_dags/example_branch_labels.py for tasks to queue
[2023-07-03T18:13:57.717+0000] {logging_mixin.py:149} INFO - [2023-07-03T18:13:57.717+0000] {dagbag.py:541} INFO - Filling up the DagBag from /home/airflow/.local/lib/python3.7/site-packages/airflow/example_dags/example_branch_labels.py
[2023-07-03T18:13:57.723+0000] {processor.py:836} INFO - DAG(s) dict_keys(['example_branch_labels']) retrieved from /home/airflow/.local/lib/python3.7/site-packages/airflow/example_dags/example_branch_labels.py
[2023-07-03T18:13:57.745+0000] {logging_mixin.py:149} INFO - [2023-07-03T18:13:57.745+0000] {dag.py:2726} INFO - Sync 1 DAGs
[2023-07-03T18:13:57.766+0000] {logging_mixin.py:149} INFO - [2023-07-03T18:13:57.766+0000] {dag.py:3490} INFO - Setting next_dagrun for example_branch_labels to 2023-07-02T00:00:00+00:00, run_after=2023-07-03T00:00:00+00:00
[2023-07-03T18:13:57.784+0000] {processor.py:179} INFO - Processing /home/airflow/.local/lib/python3.7/site-packages/airflow/example_dags/example_branch_labels.py took 0.072 seconds
[2023-07-03T18:14:28.147+0000] {processor.py:157} INFO - Started process (PID=6663) to work on /home/airflow/.local/lib/python3.7/site-packages/airflow/example_dags/example_branch_labels.py
[2023-07-03T18:14:28.148+0000] {processor.py:826} INFO - Processing file /home/airflow/.local/lib/python3.7/site-packages/airflow/example_dags/example_branch_labels.py for tasks to queue
[2023-07-03T18:14:28.149+0000] {logging_mixin.py:149} INFO - [2023-07-03T18:14:28.148+0000] {dagbag.py:541} INFO - Filling up the DagBag from /home/airflow/.local/lib/python3.7/site-packages/airflow/example_dags/example_branch_labels.py
[2023-07-03T18:14:28.155+0000] {processor.py:836} INFO - DAG(s) dict_keys(['example_branch_labels']) retrieved from /home/airflow/.local/lib/python3.7/site-packages/airflow/example_dags/example_branch_labels.py
[2023-07-03T18:14:28.176+0000] {logging_mixin.py:149} INFO - [2023-07-03T18:14:28.176+0000] {dag.py:2726} INFO - Sync 1 DAGs
[2023-07-03T18:14:28.200+0000] {logging_mixin.py:149} INFO - [2023-07-03T18:14:28.199+0000] {dag.py:3490} INFO - Setting next_dagrun for example_branch_labels to 2023-07-02T00:00:00+00:00, run_after=2023-07-03T00:00:00+00:00
[2023-07-03T18:14:28.217+0000] {processor.py:179} INFO - Processing /home/airflow/.local/lib/python3.7/site-packages/airflow/example_dags/example_branch_labels.py took 0.073 seconds
[2023-07-03T18:14:58.811+0000] {processor.py:157} INFO - Started process (PID=6912) to work on /home/airflow/.local/lib/python3.7/site-packages/airflow/example_dags/example_branch_labels.py
[2023-07-03T18:14:58.812+0000] {processor.py:826} INFO - Processing file /home/airflow/.local/lib/python3.7/site-packages/airflow/example_dags/example_branch_labels.py for tasks to queue
[2023-07-03T18:14:58.813+0000] {logging_mixin.py:149} INFO - [2023-07-03T18:14:58.813+0000] {dagbag.py:541} INFO - Filling up the DagBag from /home/airflow/.local/lib/python3.7/site-packages/airflow/example_dags/example_branch_labels.py
[2023-07-03T18:14:58.819+0000] {processor.py:836} INFO - DAG(s) dict_keys(['example_branch_labels']) retrieved from /home/airflow/.local/lib/python3.7/site-packages/airflow/example_dags/example_branch_labels.py
[2023-07-03T18:14:58.842+0000] {logging_mixin.py:149} INFO - [2023-07-03T18:14:58.841+0000] {dag.py:2726} INFO - Sync 1 DAGs
[2023-07-03T18:14:58.867+0000] {logging_mixin.py:149} INFO - [2023-07-03T18:14:58.867+0000] {dag.py:3490} INFO - Setting next_dagrun for example_branch_labels to 2023-07-02T00:00:00+00:00, run_after=2023-07-03T00:00:00+00:00
[2023-07-03T18:14:58.886+0000] {processor.py:179} INFO - Processing /home/airflow/.local/lib/python3.7/site-packages/airflow/example_dags/example_branch_labels.py took 0.078 seconds
[2023-07-03T18:15:29.235+0000] {processor.py:157} INFO - Started process (PID=7161) to work on /home/airflow/.local/lib/python3.7/site-packages/airflow/example_dags/example_branch_labels.py
[2023-07-03T18:15:29.236+0000] {processor.py:826} INFO - Processing file /home/airflow/.local/lib/python3.7/site-packages/airflow/example_dags/example_branch_labels.py for tasks to queue
[2023-07-03T18:15:29.237+0000] {logging_mixin.py:149} INFO - [2023-07-03T18:15:29.237+0000] {dagbag.py:541} INFO - Filling up the DagBag from /home/airflow/.local/lib/python3.7/site-packages/airflow/example_dags/example_branch_labels.py
[2023-07-03T18:15:29.244+0000] {processor.py:836} INFO - DAG(s) dict_keys(['example_branch_labels']) retrieved from /home/airflow/.local/lib/python3.7/site-packages/airflow/example_dags/example_branch_labels.py
[2023-07-03T18:15:29.266+0000] {logging_mixin.py:149} INFO - [2023-07-03T18:15:29.266+0000] {dag.py:2726} INFO - Sync 1 DAGs
[2023-07-03T18:15:29.289+0000] {logging_mixin.py:149} INFO - [2023-07-03T18:15:29.289+0000] {dag.py:3490} INFO - Setting next_dagrun for example_branch_labels to 2023-07-02T00:00:00+00:00, run_after=2023-07-03T00:00:00+00:00
[2023-07-03T18:15:29.307+0000] {processor.py:179} INFO - Processing /home/airflow/.local/lib/python3.7/site-packages/airflow/example_dags/example_branch_labels.py took 0.074 seconds
[2023-07-03T18:15:59.910+0000] {processor.py:157} INFO - Started process (PID=7412) to work on /home/airflow/.local/lib/python3.7/site-packages/airflow/example_dags/example_branch_labels.py
[2023-07-03T18:15:59.912+0000] {processor.py:826} INFO - Processing file /home/airflow/.local/lib/python3.7/site-packages/airflow/example_dags/example_branch_labels.py for tasks to queue
[2023-07-03T18:15:59.913+0000] {logging_mixin.py:149} INFO - [2023-07-03T18:15:59.913+0000] {dagbag.py:541} INFO - Filling up the DagBag from /home/airflow/.local/lib/python3.7/site-packages/airflow/example_dags/example_branch_labels.py
[2023-07-03T18:15:59.919+0000] {processor.py:836} INFO - DAG(s) dict_keys(['example_branch_labels']) retrieved from /home/airflow/.local/lib/python3.7/site-packages/airflow/example_dags/example_branch_labels.py
[2023-07-03T18:15:59.941+0000] {logging_mixin.py:149} INFO - [2023-07-03T18:15:59.941+0000] {dag.py:2726} INFO - Sync 1 DAGs
[2023-07-03T18:15:59.965+0000] {logging_mixin.py:149} INFO - [2023-07-03T18:15:59.965+0000] {dag.py:3490} INFO - Setting next_dagrun for example_branch_labels to 2023-07-02T00:00:00+00:00, run_after=2023-07-03T00:00:00+00:00
[2023-07-03T18:15:59.982+0000] {processor.py:179} INFO - Processing /home/airflow/.local/lib/python3.7/site-packages/airflow/example_dags/example_branch_labels.py took 0.074 seconds
[2023-07-03T18:16:30.032+0000] {processor.py:157} INFO - Started process (PID=7661) to work on /home/airflow/.local/lib/python3.7/site-packages/airflow/example_dags/example_branch_labels.py
[2023-07-03T18:16:30.033+0000] {processor.py:826} INFO - Processing file /home/airflow/.local/lib/python3.7/site-packages/airflow/example_dags/example_branch_labels.py for tasks to queue
[2023-07-03T18:16:30.034+0000] {logging_mixin.py:149} INFO - [2023-07-03T18:16:30.034+0000] {dagbag.py:541} INFO - Filling up the DagBag from /home/airflow/.local/lib/python3.7/site-packages/airflow/example_dags/example_branch_labels.py
[2023-07-03T18:16:30.040+0000] {processor.py:836} INFO - DAG(s) dict_keys(['example_branch_labels']) retrieved from /home/airflow/.local/lib/python3.7/site-packages/airflow/example_dags/example_branch_labels.py
[2023-07-03T18:16:30.062+0000] {logging_mixin.py:149} INFO - [2023-07-03T18:16:30.062+0000] {dag.py:2726} INFO - Sync 1 DAGs
[2023-07-03T18:16:30.086+0000] {logging_mixin.py:149} INFO - [2023-07-03T18:16:30.086+0000] {dag.py:3490} INFO - Setting next_dagrun for example_branch_labels to 2023-07-02T00:00:00+00:00, run_after=2023-07-03T00:00:00+00:00
[2023-07-03T18:16:30.105+0000] {processor.py:179} INFO - Processing /home/airflow/.local/lib/python3.7/site-packages/airflow/example_dags/example_branch_labels.py took 0.075 seconds
[2023-07-03T18:17:00.581+0000] {processor.py:157} INFO - Started process (PID=7909) to work on /home/airflow/.local/lib/python3.7/site-packages/airflow/example_dags/example_branch_labels.py
[2023-07-03T18:17:00.582+0000] {processor.py:826} INFO - Processing file /home/airflow/.local/lib/python3.7/site-packages/airflow/example_dags/example_branch_labels.py for tasks to queue
[2023-07-03T18:17:00.583+0000] {logging_mixin.py:149} INFO - [2023-07-03T18:17:00.583+0000] {dagbag.py:541} INFO - Filling up the DagBag from /home/airflow/.local/lib/python3.7/site-packages/airflow/example_dags/example_branch_labels.py
[2023-07-03T18:17:00.590+0000] {processor.py:836} INFO - DAG(s) dict_keys(['example_branch_labels']) retrieved from /home/airflow/.local/lib/python3.7/site-packages/airflow/example_dags/example_branch_labels.py
[2023-07-03T18:17:00.614+0000] {logging_mixin.py:149} INFO - [2023-07-03T18:17:00.614+0000] {dag.py:2726} INFO - Sync 1 DAGs
[2023-07-03T18:17:00.638+0000] {logging_mixin.py:149} INFO - [2023-07-03T18:17:00.638+0000] {dag.py:3490} INFO - Setting next_dagrun for example_branch_labels to 2023-07-02T00:00:00+00:00, run_after=2023-07-03T00:00:00+00:00
[2023-07-03T18:17:00.657+0000] {processor.py:179} INFO - Processing /home/airflow/.local/lib/python3.7/site-packages/airflow/example_dags/example_branch_labels.py took 0.079 seconds
[2023-07-03T18:17:30.810+0000] {processor.py:157} INFO - Started process (PID=8158) to work on /home/airflow/.local/lib/python3.7/site-packages/airflow/example_dags/example_branch_labels.py
[2023-07-03T18:17:30.811+0000] {processor.py:826} INFO - Processing file /home/airflow/.local/lib/python3.7/site-packages/airflow/example_dags/example_branch_labels.py for tasks to queue
[2023-07-03T18:17:30.812+0000] {logging_mixin.py:149} INFO - [2023-07-03T18:17:30.811+0000] {dagbag.py:541} INFO - Filling up the DagBag from /home/airflow/.local/lib/python3.7/site-packages/airflow/example_dags/example_branch_labels.py
[2023-07-03T18:17:30.819+0000] {processor.py:836} INFO - DAG(s) dict_keys(['example_branch_labels']) retrieved from /home/airflow/.local/lib/python3.7/site-packages/airflow/example_dags/example_branch_labels.py
[2023-07-03T18:17:30.844+0000] {logging_mixin.py:149} INFO - [2023-07-03T18:17:30.844+0000] {dag.py:2726} INFO - Sync 1 DAGs
[2023-07-03T18:17:30.871+0000] {logging_mixin.py:149} INFO - [2023-07-03T18:17:30.871+0000] {dag.py:3490} INFO - Setting next_dagrun for example_branch_labels to 2023-07-02T00:00:00+00:00, run_after=2023-07-03T00:00:00+00:00
[2023-07-03T18:17:30.890+0000] {processor.py:179} INFO - Processing /home/airflow/.local/lib/python3.7/site-packages/airflow/example_dags/example_branch_labels.py took 0.083 seconds
[2023-07-03T18:18:01.215+0000] {processor.py:157} INFO - Started process (PID=8407) to work on /home/airflow/.local/lib/python3.7/site-packages/airflow/example_dags/example_branch_labels.py
[2023-07-03T18:18:01.216+0000] {processor.py:826} INFO - Processing file /home/airflow/.local/lib/python3.7/site-packages/airflow/example_dags/example_branch_labels.py for tasks to queue
[2023-07-03T18:18:01.217+0000] {logging_mixin.py:149} INFO - [2023-07-03T18:18:01.217+0000] {dagbag.py:541} INFO - Filling up the DagBag from /home/airflow/.local/lib/python3.7/site-packages/airflow/example_dags/example_branch_labels.py
[2023-07-03T18:18:01.225+0000] {processor.py:836} INFO - DAG(s) dict_keys(['example_branch_labels']) retrieved from /home/airflow/.local/lib/python3.7/site-packages/airflow/example_dags/example_branch_labels.py
[2023-07-03T18:18:01.248+0000] {logging_mixin.py:149} INFO - [2023-07-03T18:18:01.248+0000] {dag.py:2726} INFO - Sync 1 DAGs
[2023-07-03T18:18:01.273+0000] {logging_mixin.py:149} INFO - [2023-07-03T18:18:01.273+0000] {dag.py:3490} INFO - Setting next_dagrun for example_branch_labels to 2023-07-02T00:00:00+00:00, run_after=2023-07-03T00:00:00+00:00
[2023-07-03T18:18:01.292+0000] {processor.py:179} INFO - Processing /home/airflow/.local/lib/python3.7/site-packages/airflow/example_dags/example_branch_labels.py took 0.080 seconds
[2023-07-03T18:18:31.814+0000] {processor.py:157} INFO - Started process (PID=8656) to work on /home/airflow/.local/lib/python3.7/site-packages/airflow/example_dags/example_branch_labels.py
[2023-07-03T18:18:31.816+0000] {processor.py:826} INFO - Processing file /home/airflow/.local/lib/python3.7/site-packages/airflow/example_dags/example_branch_labels.py for tasks to queue
[2023-07-03T18:18:31.817+0000] {logging_mixin.py:149} INFO - [2023-07-03T18:18:31.817+0000] {dagbag.py:541} INFO - Filling up the DagBag from /home/airflow/.local/lib/python3.7/site-packages/airflow/example_dags/example_branch_labels.py
[2023-07-03T18:18:31.823+0000] {processor.py:836} INFO - DAG(s) dict_keys(['example_branch_labels']) retrieved from /home/airflow/.local/lib/python3.7/site-packages/airflow/example_dags/example_branch_labels.py
[2023-07-03T18:18:31.855+0000] {logging_mixin.py:149} INFO - [2023-07-03T18:18:31.854+0000] {dag.py:2726} INFO - Sync 1 DAGs
[2023-07-03T18:18:31.885+0000] {logging_mixin.py:149} INFO - [2023-07-03T18:18:31.885+0000] {dag.py:3490} INFO - Setting next_dagrun for example_branch_labels to 2023-07-02T00:00:00+00:00, run_after=2023-07-03T00:00:00+00:00
[2023-07-03T18:18:31.906+0000] {processor.py:179} INFO - Processing /home/airflow/.local/lib/python3.7/site-packages/airflow/example_dags/example_branch_labels.py took 0.095 seconds
[2023-07-03T18:19:02.097+0000] {processor.py:157} INFO - Started process (PID=8905) to work on /home/airflow/.local/lib/python3.7/site-packages/airflow/example_dags/example_branch_labels.py
[2023-07-03T18:19:02.099+0000] {processor.py:826} INFO - Processing file /home/airflow/.local/lib/python3.7/site-packages/airflow/example_dags/example_branch_labels.py for tasks to queue
[2023-07-03T18:19:02.100+0000] {logging_mixin.py:149} INFO - [2023-07-03T18:19:02.100+0000] {dagbag.py:541} INFO - Filling up the DagBag from /home/airflow/.local/lib/python3.7/site-packages/airflow/example_dags/example_branch_labels.py
[2023-07-03T18:19:02.109+0000] {processor.py:836} INFO - DAG(s) dict_keys(['example_branch_labels']) retrieved from /home/airflow/.local/lib/python3.7/site-packages/airflow/example_dags/example_branch_labels.py
[2023-07-03T18:19:02.134+0000] {logging_mixin.py:149} INFO - [2023-07-03T18:19:02.133+0000] {dag.py:2726} INFO - Sync 1 DAGs
[2023-07-03T18:19:02.163+0000] {logging_mixin.py:149} INFO - [2023-07-03T18:19:02.163+0000] {dag.py:3490} INFO - Setting next_dagrun for example_branch_labels to 2023-07-02T00:00:00+00:00, run_after=2023-07-03T00:00:00+00:00
[2023-07-03T18:19:02.183+0000] {processor.py:179} INFO - Processing /home/airflow/.local/lib/python3.7/site-packages/airflow/example_dags/example_branch_labels.py took 0.090 seconds
[2023-07-03T18:19:32.318+0000] {processor.py:157} INFO - Started process (PID=9154) to work on /home/airflow/.local/lib/python3.7/site-packages/airflow/example_dags/example_branch_labels.py
[2023-07-03T18:19:32.319+0000] {processor.py:826} INFO - Processing file /home/airflow/.local/lib/python3.7/site-packages/airflow/example_dags/example_branch_labels.py for tasks to queue
[2023-07-03T18:19:32.320+0000] {logging_mixin.py:149} INFO - [2023-07-03T18:19:32.320+0000] {dagbag.py:541} INFO - Filling up the DagBag from /home/airflow/.local/lib/python3.7/site-packages/airflow/example_dags/example_branch_labels.py
[2023-07-03T18:19:32.326+0000] {processor.py:836} INFO - DAG(s) dict_keys(['example_branch_labels']) retrieved from /home/airflow/.local/lib/python3.7/site-packages/airflow/example_dags/example_branch_labels.py
[2023-07-03T18:19:32.352+0000] {logging_mixin.py:149} INFO - [2023-07-03T18:19:32.352+0000] {dag.py:2726} INFO - Sync 1 DAGs
[2023-07-03T18:19:32.378+0000] {logging_mixin.py:149} INFO - [2023-07-03T18:19:32.378+0000] {dag.py:3490} INFO - Setting next_dagrun for example_branch_labels to 2023-07-02T00:00:00+00:00, run_after=2023-07-03T00:00:00+00:00
[2023-07-03T18:19:32.397+0000] {processor.py:179} INFO - Processing /home/airflow/.local/lib/python3.7/site-packages/airflow/example_dags/example_branch_labels.py took 0.083 seconds
[2023-07-03T18:20:02.876+0000] {processor.py:157} INFO - Started process (PID=9403) to work on /home/airflow/.local/lib/python3.7/site-packages/airflow/example_dags/example_branch_labels.py
[2023-07-03T18:20:02.877+0000] {processor.py:826} INFO - Processing file /home/airflow/.local/lib/python3.7/site-packages/airflow/example_dags/example_branch_labels.py for tasks to queue
[2023-07-03T18:20:02.878+0000] {logging_mixin.py:149} INFO - [2023-07-03T18:20:02.878+0000] {dagbag.py:541} INFO - Filling up the DagBag from /home/airflow/.local/lib/python3.7/site-packages/airflow/example_dags/example_branch_labels.py
[2023-07-03T18:20:02.885+0000] {processor.py:836} INFO - DAG(s) dict_keys(['example_branch_labels']) retrieved from /home/airflow/.local/lib/python3.7/site-packages/airflow/example_dags/example_branch_labels.py
[2023-07-03T18:20:02.913+0000] {logging_mixin.py:149} INFO - [2023-07-03T18:20:02.913+0000] {dag.py:2726} INFO - Sync 1 DAGs
[2023-07-03T18:20:02.944+0000] {logging_mixin.py:149} INFO - [2023-07-03T18:20:02.944+0000] {dag.py:3490} INFO - Setting next_dagrun for example_branch_labels to 2023-07-02T00:00:00+00:00, run_after=2023-07-03T00:00:00+00:00
[2023-07-03T18:20:02.967+0000] {processor.py:179} INFO - Processing /home/airflow/.local/lib/python3.7/site-packages/airflow/example_dags/example_branch_labels.py took 0.094 seconds
