[2023-07-03T18:01:15.652+0000] {processor.py:157} INFO - Started process (PID=222) to work on /home/airflow/.local/lib/python3.7/site-packages/airflow/example_dags/example_kubernetes_executor.py
[2023-07-03T18:01:15.653+0000] {processor.py:826} INFO - Processing file /home/airflow/.local/lib/python3.7/site-packages/airflow/example_dags/example_kubernetes_executor.py for tasks to queue
[2023-07-03T18:01:15.654+0000] {logging_mixin.py:149} INFO - [2023-07-03T18:01:15.653+0000] {dagbag.py:541} INFO - Filling up the DagBag from /home/airflow/.local/lib/python3.7/site-packages/airflow/example_dags/example_kubernetes_executor.py
[2023-07-03T18:01:16.559+0000] {processor.py:836} INFO - DAG(s) dict_keys(['example_kubernetes_executor']) retrieved from /home/airflow/.local/lib/python3.7/site-packages/airflow/example_dags/example_kubernetes_executor.py
[2023-07-03T18:01:16.570+0000] {logging_mixin.py:149} INFO - [2023-07-03T18:01:16.570+0000] {dag.py:2726} INFO - Sync 1 DAGs
[2023-07-03T18:01:16.593+0000] {logging_mixin.py:149} INFO - [2023-07-03T18:01:16.593+0000] {dag.py:3490} INFO - Setting next_dagrun for example_kubernetes_executor to None, run_after=None
[2023-07-03T18:01:16.611+0000] {processor.py:179} INFO - Processing /home/airflow/.local/lib/python3.7/site-packages/airflow/example_dags/example_kubernetes_executor.py took 0.962 seconds
[2023-07-03T18:01:46.660+0000] {processor.py:157} INFO - Started process (PID=508) to work on /home/airflow/.local/lib/python3.7/site-packages/airflow/example_dags/example_kubernetes_executor.py
[2023-07-03T18:01:46.661+0000] {processor.py:826} INFO - Processing file /home/airflow/.local/lib/python3.7/site-packages/airflow/example_dags/example_kubernetes_executor.py for tasks to queue
[2023-07-03T18:01:46.662+0000] {logging_mixin.py:149} INFO - [2023-07-03T18:01:46.662+0000] {dagbag.py:541} INFO - Filling up the DagBag from /home/airflow/.local/lib/python3.7/site-packages/airflow/example_dags/example_kubernetes_executor.py
[2023-07-03T18:01:46.825+0000] {processor.py:836} INFO - DAG(s) dict_keys(['example_kubernetes_executor']) retrieved from /home/airflow/.local/lib/python3.7/site-packages/airflow/example_dags/example_kubernetes_executor.py
[2023-07-03T18:01:46.866+0000] {logging_mixin.py:149} INFO - [2023-07-03T18:01:46.866+0000] {dag.py:2726} INFO - Sync 1 DAGs
[2023-07-03T18:01:46.889+0000] {logging_mixin.py:149} INFO - [2023-07-03T18:01:46.889+0000] {dag.py:3490} INFO - Setting next_dagrun for example_kubernetes_executor to None, run_after=None
[2023-07-03T18:01:46.906+0000] {processor.py:179} INFO - Processing /home/airflow/.local/lib/python3.7/site-packages/airflow/example_dags/example_kubernetes_executor.py took 0.248 seconds
[2023-07-03T18:02:17.620+0000] {processor.py:157} INFO - Started process (PID=753) to work on /home/airflow/.local/lib/python3.7/site-packages/airflow/example_dags/example_kubernetes_executor.py
[2023-07-03T18:02:17.621+0000] {processor.py:826} INFO - Processing file /home/airflow/.local/lib/python3.7/site-packages/airflow/example_dags/example_kubernetes_executor.py for tasks to queue
[2023-07-03T18:02:17.622+0000] {logging_mixin.py:149} INFO - [2023-07-03T18:02:17.622+0000] {dagbag.py:541} INFO - Filling up the DagBag from /home/airflow/.local/lib/python3.7/site-packages/airflow/example_dags/example_kubernetes_executor.py
[2023-07-03T18:02:17.801+0000] {processor.py:836} INFO - DAG(s) dict_keys(['example_kubernetes_executor']) retrieved from /home/airflow/.local/lib/python3.7/site-packages/airflow/example_dags/example_kubernetes_executor.py
[2023-07-03T18:02:17.838+0000] {logging_mixin.py:149} INFO - [2023-07-03T18:02:17.838+0000] {dag.py:2726} INFO - Sync 1 DAGs
[2023-07-03T18:02:17.863+0000] {logging_mixin.py:149} INFO - [2023-07-03T18:02:17.863+0000] {dag.py:3490} INFO - Setting next_dagrun for example_kubernetes_executor to None, run_after=None
[2023-07-03T18:02:17.881+0000] {processor.py:179} INFO - Processing /home/airflow/.local/lib/python3.7/site-packages/airflow/example_dags/example_kubernetes_executor.py took 0.263 seconds
[2023-07-03T18:02:47.982+0000] {processor.py:157} INFO - Started process (PID=1007) to work on /home/airflow/.local/lib/python3.7/site-packages/airflow/example_dags/example_kubernetes_executor.py
[2023-07-03T18:02:47.983+0000] {processor.py:826} INFO - Processing file /home/airflow/.local/lib/python3.7/site-packages/airflow/example_dags/example_kubernetes_executor.py for tasks to queue
[2023-07-03T18:02:47.984+0000] {logging_mixin.py:149} INFO - [2023-07-03T18:02:47.984+0000] {dagbag.py:541} INFO - Filling up the DagBag from /home/airflow/.local/lib/python3.7/site-packages/airflow/example_dags/example_kubernetes_executor.py
[2023-07-03T18:02:48.139+0000] {processor.py:836} INFO - DAG(s) dict_keys(['example_kubernetes_executor']) retrieved from /home/airflow/.local/lib/python3.7/site-packages/airflow/example_dags/example_kubernetes_executor.py
[2023-07-03T18:02:48.174+0000] {logging_mixin.py:149} INFO - [2023-07-03T18:02:48.173+0000] {dag.py:2726} INFO - Sync 1 DAGs
[2023-07-03T18:02:48.195+0000] {logging_mixin.py:149} INFO - [2023-07-03T18:02:48.195+0000] {dag.py:3490} INFO - Setting next_dagrun for example_kubernetes_executor to None, run_after=None
[2023-07-03T18:02:48.222+0000] {processor.py:179} INFO - Processing /home/airflow/.local/lib/python3.7/site-packages/airflow/example_dags/example_kubernetes_executor.py took 0.243 seconds
[2023-07-03T18:03:19.019+0000] {processor.py:157} INFO - Started process (PID=1256) to work on /home/airflow/.local/lib/python3.7/site-packages/airflow/example_dags/example_kubernetes_executor.py
[2023-07-03T18:03:19.020+0000] {processor.py:826} INFO - Processing file /home/airflow/.local/lib/python3.7/site-packages/airflow/example_dags/example_kubernetes_executor.py for tasks to queue
[2023-07-03T18:03:19.021+0000] {logging_mixin.py:149} INFO - [2023-07-03T18:03:19.021+0000] {dagbag.py:541} INFO - Filling up the DagBag from /home/airflow/.local/lib/python3.7/site-packages/airflow/example_dags/example_kubernetes_executor.py
[2023-07-03T18:03:19.185+0000] {processor.py:836} INFO - DAG(s) dict_keys(['example_kubernetes_executor']) retrieved from /home/airflow/.local/lib/python3.7/site-packages/airflow/example_dags/example_kubernetes_executor.py
[2023-07-03T18:03:19.221+0000] {logging_mixin.py:149} INFO - [2023-07-03T18:03:19.221+0000] {dag.py:2726} INFO - Sync 1 DAGs
[2023-07-03T18:03:19.243+0000] {logging_mixin.py:149} INFO - [2023-07-03T18:03:19.243+0000] {dag.py:3490} INFO - Setting next_dagrun for example_kubernetes_executor to None, run_after=None
[2023-07-03T18:03:19.261+0000] {processor.py:179} INFO - Processing /home/airflow/.local/lib/python3.7/site-packages/airflow/example_dags/example_kubernetes_executor.py took 0.245 seconds
[2023-07-03T18:03:49.691+0000] {processor.py:157} INFO - Started process (PID=1505) to work on /home/airflow/.local/lib/python3.7/site-packages/airflow/example_dags/example_kubernetes_executor.py
[2023-07-03T18:03:49.692+0000] {processor.py:826} INFO - Processing file /home/airflow/.local/lib/python3.7/site-packages/airflow/example_dags/example_kubernetes_executor.py for tasks to queue
[2023-07-03T18:03:49.693+0000] {logging_mixin.py:149} INFO - [2023-07-03T18:03:49.693+0000] {dagbag.py:541} INFO - Filling up the DagBag from /home/airflow/.local/lib/python3.7/site-packages/airflow/example_dags/example_kubernetes_executor.py
[2023-07-03T18:03:49.851+0000] {processor.py:836} INFO - DAG(s) dict_keys(['example_kubernetes_executor']) retrieved from /home/airflow/.local/lib/python3.7/site-packages/airflow/example_dags/example_kubernetes_executor.py
[2023-07-03T18:03:49.885+0000] {logging_mixin.py:149} INFO - [2023-07-03T18:03:49.885+0000] {dag.py:2726} INFO - Sync 1 DAGs
[2023-07-03T18:03:49.905+0000] {logging_mixin.py:149} INFO - [2023-07-03T18:03:49.905+0000] {dag.py:3490} INFO - Setting next_dagrun for example_kubernetes_executor to None, run_after=None
[2023-07-03T18:03:49.924+0000] {processor.py:179} INFO - Processing /home/airflow/.local/lib/python3.7/site-packages/airflow/example_dags/example_kubernetes_executor.py took 0.236 seconds
[2023-07-03T18:04:20.395+0000] {processor.py:157} INFO - Started process (PID=1754) to work on /home/airflow/.local/lib/python3.7/site-packages/airflow/example_dags/example_kubernetes_executor.py
[2023-07-03T18:04:20.396+0000] {processor.py:826} INFO - Processing file /home/airflow/.local/lib/python3.7/site-packages/airflow/example_dags/example_kubernetes_executor.py for tasks to queue
[2023-07-03T18:04:20.397+0000] {logging_mixin.py:149} INFO - [2023-07-03T18:04:20.397+0000] {dagbag.py:541} INFO - Filling up the DagBag from /home/airflow/.local/lib/python3.7/site-packages/airflow/example_dags/example_kubernetes_executor.py
[2023-07-03T18:04:20.565+0000] {processor.py:836} INFO - DAG(s) dict_keys(['example_kubernetes_executor']) retrieved from /home/airflow/.local/lib/python3.7/site-packages/airflow/example_dags/example_kubernetes_executor.py
[2023-07-03T18:04:20.628+0000] {logging_mixin.py:149} INFO - [2023-07-03T18:04:20.627+0000] {dag.py:2726} INFO - Sync 1 DAGs
[2023-07-03T18:04:20.649+0000] {logging_mixin.py:149} INFO - [2023-07-03T18:04:20.649+0000] {dag.py:3490} INFO - Setting next_dagrun for example_kubernetes_executor to None, run_after=None
[2023-07-03T18:04:20.667+0000] {processor.py:179} INFO - Processing /home/airflow/.local/lib/python3.7/site-packages/airflow/example_dags/example_kubernetes_executor.py took 0.274 seconds
[2023-07-03T18:04:50.937+0000] {processor.py:157} INFO - Started process (PID=2003) to work on /home/airflow/.local/lib/python3.7/site-packages/airflow/example_dags/example_kubernetes_executor.py
[2023-07-03T18:04:50.938+0000] {processor.py:826} INFO - Processing file /home/airflow/.local/lib/python3.7/site-packages/airflow/example_dags/example_kubernetes_executor.py for tasks to queue
[2023-07-03T18:04:50.938+0000] {logging_mixin.py:149} INFO - [2023-07-03T18:04:50.938+0000] {dagbag.py:541} INFO - Filling up the DagBag from /home/airflow/.local/lib/python3.7/site-packages/airflow/example_dags/example_kubernetes_executor.py
[2023-07-03T18:04:51.113+0000] {processor.py:836} INFO - DAG(s) dict_keys(['example_kubernetes_executor']) retrieved from /home/airflow/.local/lib/python3.7/site-packages/airflow/example_dags/example_kubernetes_executor.py
[2023-07-03T18:04:51.150+0000] {logging_mixin.py:149} INFO - [2023-07-03T18:04:51.150+0000] {dag.py:2726} INFO - Sync 1 DAGs
[2023-07-03T18:04:51.174+0000] {logging_mixin.py:149} INFO - [2023-07-03T18:04:51.174+0000] {dag.py:3490} INFO - Setting next_dagrun for example_kubernetes_executor to None, run_after=None
[2023-07-03T18:04:51.195+0000] {processor.py:179} INFO - Processing /home/airflow/.local/lib/python3.7/site-packages/airflow/example_dags/example_kubernetes_executor.py took 0.261 seconds
[2023-07-03T18:05:21.626+0000] {processor.py:157} INFO - Started process (PID=2252) to work on /home/airflow/.local/lib/python3.7/site-packages/airflow/example_dags/example_kubernetes_executor.py
[2023-07-03T18:05:21.627+0000] {processor.py:826} INFO - Processing file /home/airflow/.local/lib/python3.7/site-packages/airflow/example_dags/example_kubernetes_executor.py for tasks to queue
[2023-07-03T18:05:21.628+0000] {logging_mixin.py:149} INFO - [2023-07-03T18:05:21.628+0000] {dagbag.py:541} INFO - Filling up the DagBag from /home/airflow/.local/lib/python3.7/site-packages/airflow/example_dags/example_kubernetes_executor.py
[2023-07-03T18:05:21.833+0000] {processor.py:836} INFO - DAG(s) dict_keys(['example_kubernetes_executor']) retrieved from /home/airflow/.local/lib/python3.7/site-packages/airflow/example_dags/example_kubernetes_executor.py
[2023-07-03T18:05:21.865+0000] {logging_mixin.py:149} INFO - [2023-07-03T18:05:21.865+0000] {dag.py:2726} INFO - Sync 1 DAGs
[2023-07-03T18:05:21.886+0000] {logging_mixin.py:149} INFO - [2023-07-03T18:05:21.886+0000] {dag.py:3490} INFO - Setting next_dagrun for example_kubernetes_executor to None, run_after=None
[2023-07-03T18:05:21.905+0000] {processor.py:179} INFO - Processing /home/airflow/.local/lib/python3.7/site-packages/airflow/example_dags/example_kubernetes_executor.py took 0.281 seconds
[2023-07-03T18:05:52.253+0000] {processor.py:157} INFO - Started process (PID=2501) to work on /home/airflow/.local/lib/python3.7/site-packages/airflow/example_dags/example_kubernetes_executor.py
[2023-07-03T18:05:52.254+0000] {processor.py:826} INFO - Processing file /home/airflow/.local/lib/python3.7/site-packages/airflow/example_dags/example_kubernetes_executor.py for tasks to queue
[2023-07-03T18:05:52.255+0000] {logging_mixin.py:149} INFO - [2023-07-03T18:05:52.255+0000] {dagbag.py:541} INFO - Filling up the DagBag from /home/airflow/.local/lib/python3.7/site-packages/airflow/example_dags/example_kubernetes_executor.py
[2023-07-03T18:05:52.429+0000] {processor.py:836} INFO - DAG(s) dict_keys(['example_kubernetes_executor']) retrieved from /home/airflow/.local/lib/python3.7/site-packages/airflow/example_dags/example_kubernetes_executor.py
[2023-07-03T18:05:52.479+0000] {logging_mixin.py:149} INFO - [2023-07-03T18:05:52.478+0000] {dag.py:2726} INFO - Sync 1 DAGs
[2023-07-03T18:05:52.509+0000] {logging_mixin.py:149} INFO - [2023-07-03T18:05:52.509+0000] {dag.py:3490} INFO - Setting next_dagrun for example_kubernetes_executor to None, run_after=None
[2023-07-03T18:05:52.528+0000] {processor.py:179} INFO - Processing /home/airflow/.local/lib/python3.7/site-packages/airflow/example_dags/example_kubernetes_executor.py took 0.279 seconds
[2023-07-03T18:06:23.002+0000] {processor.py:157} INFO - Started process (PID=2750) to work on /home/airflow/.local/lib/python3.7/site-packages/airflow/example_dags/example_kubernetes_executor.py
[2023-07-03T18:06:23.003+0000] {processor.py:826} INFO - Processing file /home/airflow/.local/lib/python3.7/site-packages/airflow/example_dags/example_kubernetes_executor.py for tasks to queue
[2023-07-03T18:06:23.004+0000] {logging_mixin.py:149} INFO - [2023-07-03T18:06:23.004+0000] {dagbag.py:541} INFO - Filling up the DagBag from /home/airflow/.local/lib/python3.7/site-packages/airflow/example_dags/example_kubernetes_executor.py
[2023-07-03T18:06:23.169+0000] {processor.py:836} INFO - DAG(s) dict_keys(['example_kubernetes_executor']) retrieved from /home/airflow/.local/lib/python3.7/site-packages/airflow/example_dags/example_kubernetes_executor.py
[2023-07-03T18:06:23.202+0000] {logging_mixin.py:149} INFO - [2023-07-03T18:06:23.202+0000] {dag.py:2726} INFO - Sync 1 DAGs
[2023-07-03T18:06:23.225+0000] {logging_mixin.py:149} INFO - [2023-07-03T18:06:23.225+0000] {dag.py:3490} INFO - Setting next_dagrun for example_kubernetes_executor to None, run_after=None
[2023-07-03T18:06:23.244+0000] {processor.py:179} INFO - Processing /home/airflow/.local/lib/python3.7/site-packages/airflow/example_dags/example_kubernetes_executor.py took 0.245 seconds
[2023-07-03T18:06:53.701+0000] {processor.py:157} INFO - Started process (PID=2999) to work on /home/airflow/.local/lib/python3.7/site-packages/airflow/example_dags/example_kubernetes_executor.py
[2023-07-03T18:06:53.702+0000] {processor.py:826} INFO - Processing file /home/airflow/.local/lib/python3.7/site-packages/airflow/example_dags/example_kubernetes_executor.py for tasks to queue
[2023-07-03T18:06:53.703+0000] {logging_mixin.py:149} INFO - [2023-07-03T18:06:53.703+0000] {dagbag.py:541} INFO - Filling up the DagBag from /home/airflow/.local/lib/python3.7/site-packages/airflow/example_dags/example_kubernetes_executor.py
[2023-07-03T18:06:53.871+0000] {processor.py:836} INFO - DAG(s) dict_keys(['example_kubernetes_executor']) retrieved from /home/airflow/.local/lib/python3.7/site-packages/airflow/example_dags/example_kubernetes_executor.py
[2023-07-03T18:06:53.907+0000] {logging_mixin.py:149} INFO - [2023-07-03T18:06:53.907+0000] {dag.py:2726} INFO - Sync 1 DAGs
[2023-07-03T18:06:53.929+0000] {logging_mixin.py:149} INFO - [2023-07-03T18:06:53.929+0000] {dag.py:3490} INFO - Setting next_dagrun for example_kubernetes_executor to None, run_after=None
[2023-07-03T18:06:53.950+0000] {processor.py:179} INFO - Processing /home/airflow/.local/lib/python3.7/site-packages/airflow/example_dags/example_kubernetes_executor.py took 0.251 seconds
[2023-07-03T18:07:24.479+0000] {processor.py:157} INFO - Started process (PID=3248) to work on /home/airflow/.local/lib/python3.7/site-packages/airflow/example_dags/example_kubernetes_executor.py
[2023-07-03T18:07:24.480+0000] {processor.py:826} INFO - Processing file /home/airflow/.local/lib/python3.7/site-packages/airflow/example_dags/example_kubernetes_executor.py for tasks to queue
[2023-07-03T18:07:24.481+0000] {logging_mixin.py:149} INFO - [2023-07-03T18:07:24.481+0000] {dagbag.py:541} INFO - Filling up the DagBag from /home/airflow/.local/lib/python3.7/site-packages/airflow/example_dags/example_kubernetes_executor.py
[2023-07-03T18:07:24.654+0000] {processor.py:836} INFO - DAG(s) dict_keys(['example_kubernetes_executor']) retrieved from /home/airflow/.local/lib/python3.7/site-packages/airflow/example_dags/example_kubernetes_executor.py
[2023-07-03T18:07:24.688+0000] {logging_mixin.py:149} INFO - [2023-07-03T18:07:24.688+0000] {dag.py:2726} INFO - Sync 1 DAGs
[2023-07-03T18:07:24.711+0000] {logging_mixin.py:149} INFO - [2023-07-03T18:07:24.711+0000] {dag.py:3490} INFO - Setting next_dagrun for example_kubernetes_executor to None, run_after=None
[2023-07-03T18:07:24.729+0000] {processor.py:179} INFO - Processing /home/airflow/.local/lib/python3.7/site-packages/airflow/example_dags/example_kubernetes_executor.py took 0.252 seconds
[2023-07-03T18:07:55.019+0000] {processor.py:157} INFO - Started process (PID=3498) to work on /home/airflow/.local/lib/python3.7/site-packages/airflow/example_dags/example_kubernetes_executor.py
[2023-07-03T18:07:55.020+0000] {processor.py:826} INFO - Processing file /home/airflow/.local/lib/python3.7/site-packages/airflow/example_dags/example_kubernetes_executor.py for tasks to queue
[2023-07-03T18:07:55.021+0000] {logging_mixin.py:149} INFO - [2023-07-03T18:07:55.021+0000] {dagbag.py:541} INFO - Filling up the DagBag from /home/airflow/.local/lib/python3.7/site-packages/airflow/example_dags/example_kubernetes_executor.py
[2023-07-03T18:07:55.176+0000] {processor.py:836} INFO - DAG(s) dict_keys(['example_kubernetes_executor']) retrieved from /home/airflow/.local/lib/python3.7/site-packages/airflow/example_dags/example_kubernetes_executor.py
[2023-07-03T18:07:55.211+0000] {logging_mixin.py:149} INFO - [2023-07-03T18:07:55.211+0000] {dag.py:2726} INFO - Sync 1 DAGs
[2023-07-03T18:07:55.235+0000] {logging_mixin.py:149} INFO - [2023-07-03T18:07:55.235+0000] {dag.py:3490} INFO - Setting next_dagrun for example_kubernetes_executor to None, run_after=None
[2023-07-03T18:07:55.252+0000] {processor.py:179} INFO - Processing /home/airflow/.local/lib/python3.7/site-packages/airflow/example_dags/example_kubernetes_executor.py took 0.236 seconds
[2023-07-03T18:08:25.492+0000] {processor.py:157} INFO - Started process (PID=3747) to work on /home/airflow/.local/lib/python3.7/site-packages/airflow/example_dags/example_kubernetes_executor.py
[2023-07-03T18:08:25.493+0000] {processor.py:826} INFO - Processing file /home/airflow/.local/lib/python3.7/site-packages/airflow/example_dags/example_kubernetes_executor.py for tasks to queue
[2023-07-03T18:08:25.494+0000] {logging_mixin.py:149} INFO - [2023-07-03T18:08:25.494+0000] {dagbag.py:541} INFO - Filling up the DagBag from /home/airflow/.local/lib/python3.7/site-packages/airflow/example_dags/example_kubernetes_executor.py
[2023-07-03T18:08:25.667+0000] {processor.py:836} INFO - DAG(s) dict_keys(['example_kubernetes_executor']) retrieved from /home/airflow/.local/lib/python3.7/site-packages/airflow/example_dags/example_kubernetes_executor.py
[2023-07-03T18:08:25.699+0000] {logging_mixin.py:149} INFO - [2023-07-03T18:08:25.699+0000] {dag.py:2726} INFO - Sync 1 DAGs
[2023-07-03T18:08:25.720+0000] {logging_mixin.py:149} INFO - [2023-07-03T18:08:25.720+0000] {dag.py:3490} INFO - Setting next_dagrun for example_kubernetes_executor to None, run_after=None
[2023-07-03T18:08:25.737+0000] {processor.py:179} INFO - Processing /home/airflow/.local/lib/python3.7/site-packages/airflow/example_dags/example_kubernetes_executor.py took 0.248 seconds
[2023-07-03T18:08:56.099+0000] {processor.py:157} INFO - Started process (PID=3996) to work on /home/airflow/.local/lib/python3.7/site-packages/airflow/example_dags/example_kubernetes_executor.py
[2023-07-03T18:08:56.100+0000] {processor.py:826} INFO - Processing file /home/airflow/.local/lib/python3.7/site-packages/airflow/example_dags/example_kubernetes_executor.py for tasks to queue
[2023-07-03T18:08:56.101+0000] {logging_mixin.py:149} INFO - [2023-07-03T18:08:56.101+0000] {dagbag.py:541} INFO - Filling up the DagBag from /home/airflow/.local/lib/python3.7/site-packages/airflow/example_dags/example_kubernetes_executor.py
[2023-07-03T18:08:56.258+0000] {processor.py:836} INFO - DAG(s) dict_keys(['example_kubernetes_executor']) retrieved from /home/airflow/.local/lib/python3.7/site-packages/airflow/example_dags/example_kubernetes_executor.py
[2023-07-03T18:08:56.294+0000] {logging_mixin.py:149} INFO - [2023-07-03T18:08:56.294+0000] {dag.py:2726} INFO - Sync 1 DAGs
[2023-07-03T18:08:56.315+0000] {logging_mixin.py:149} INFO - [2023-07-03T18:08:56.315+0000] {dag.py:3490} INFO - Setting next_dagrun for example_kubernetes_executor to None, run_after=None
[2023-07-03T18:08:56.332+0000] {processor.py:179} INFO - Processing /home/airflow/.local/lib/python3.7/site-packages/airflow/example_dags/example_kubernetes_executor.py took 0.236 seconds
[2023-07-03T18:09:26.728+0000] {processor.py:157} INFO - Started process (PID=4245) to work on /home/airflow/.local/lib/python3.7/site-packages/airflow/example_dags/example_kubernetes_executor.py
[2023-07-03T18:09:26.729+0000] {processor.py:826} INFO - Processing file /home/airflow/.local/lib/python3.7/site-packages/airflow/example_dags/example_kubernetes_executor.py for tasks to queue
[2023-07-03T18:09:26.729+0000] {logging_mixin.py:149} INFO - [2023-07-03T18:09:26.729+0000] {dagbag.py:541} INFO - Filling up the DagBag from /home/airflow/.local/lib/python3.7/site-packages/airflow/example_dags/example_kubernetes_executor.py
[2023-07-03T18:09:26.888+0000] {processor.py:836} INFO - DAG(s) dict_keys(['example_kubernetes_executor']) retrieved from /home/airflow/.local/lib/python3.7/site-packages/airflow/example_dags/example_kubernetes_executor.py
[2023-07-03T18:09:26.921+0000] {logging_mixin.py:149} INFO - [2023-07-03T18:09:26.921+0000] {dag.py:2726} INFO - Sync 1 DAGs
[2023-07-03T18:09:26.943+0000] {logging_mixin.py:149} INFO - [2023-07-03T18:09:26.943+0000] {dag.py:3490} INFO - Setting next_dagrun for example_kubernetes_executor to None, run_after=None
[2023-07-03T18:09:26.960+0000] {processor.py:179} INFO - Processing /home/airflow/.local/lib/python3.7/site-packages/airflow/example_dags/example_kubernetes_executor.py took 0.234 seconds
[2023-07-03T18:09:57.497+0000] {processor.py:157} INFO - Started process (PID=4494) to work on /home/airflow/.local/lib/python3.7/site-packages/airflow/example_dags/example_kubernetes_executor.py
[2023-07-03T18:09:57.498+0000] {processor.py:826} INFO - Processing file /home/airflow/.local/lib/python3.7/site-packages/airflow/example_dags/example_kubernetes_executor.py for tasks to queue
[2023-07-03T18:09:57.499+0000] {logging_mixin.py:149} INFO - [2023-07-03T18:09:57.499+0000] {dagbag.py:541} INFO - Filling up the DagBag from /home/airflow/.local/lib/python3.7/site-packages/airflow/example_dags/example_kubernetes_executor.py
[2023-07-03T18:09:57.665+0000] {processor.py:836} INFO - DAG(s) dict_keys(['example_kubernetes_executor']) retrieved from /home/airflow/.local/lib/python3.7/site-packages/airflow/example_dags/example_kubernetes_executor.py
[2023-07-03T18:09:57.699+0000] {logging_mixin.py:149} INFO - [2023-07-03T18:09:57.699+0000] {dag.py:2726} INFO - Sync 1 DAGs
[2023-07-03T18:09:57.722+0000] {logging_mixin.py:149} INFO - [2023-07-03T18:09:57.721+0000] {dag.py:3490} INFO - Setting next_dagrun for example_kubernetes_executor to None, run_after=None
[2023-07-03T18:09:57.740+0000] {processor.py:179} INFO - Processing /home/airflow/.local/lib/python3.7/site-packages/airflow/example_dags/example_kubernetes_executor.py took 0.245 seconds
[2023-07-03T18:10:27.879+0000] {processor.py:157} INFO - Started process (PID=4746) to work on /home/airflow/.local/lib/python3.7/site-packages/airflow/example_dags/example_kubernetes_executor.py
[2023-07-03T18:10:27.880+0000] {processor.py:826} INFO - Processing file /home/airflow/.local/lib/python3.7/site-packages/airflow/example_dags/example_kubernetes_executor.py for tasks to queue
[2023-07-03T18:10:27.882+0000] {logging_mixin.py:149} INFO - [2023-07-03T18:10:27.881+0000] {dagbag.py:541} INFO - Filling up the DagBag from /home/airflow/.local/lib/python3.7/site-packages/airflow/example_dags/example_kubernetes_executor.py
[2023-07-03T18:10:28.047+0000] {processor.py:836} INFO - DAG(s) dict_keys(['example_kubernetes_executor']) retrieved from /home/airflow/.local/lib/python3.7/site-packages/airflow/example_dags/example_kubernetes_executor.py
[2023-07-03T18:10:28.081+0000] {logging_mixin.py:149} INFO - [2023-07-03T18:10:28.081+0000] {dag.py:2726} INFO - Sync 1 DAGs
[2023-07-03T18:10:28.102+0000] {logging_mixin.py:149} INFO - [2023-07-03T18:10:28.101+0000] {dag.py:3490} INFO - Setting next_dagrun for example_kubernetes_executor to None, run_after=None
[2023-07-03T18:10:28.119+0000] {processor.py:179} INFO - Processing /home/airflow/.local/lib/python3.7/site-packages/airflow/example_dags/example_kubernetes_executor.py took 0.243 seconds
[2023-07-03T18:10:58.171+0000] {processor.py:157} INFO - Started process (PID=5005) to work on /home/airflow/.local/lib/python3.7/site-packages/airflow/example_dags/example_kubernetes_executor.py
[2023-07-03T18:10:58.172+0000] {processor.py:826} INFO - Processing file /home/airflow/.local/lib/python3.7/site-packages/airflow/example_dags/example_kubernetes_executor.py for tasks to queue
[2023-07-03T18:10:58.173+0000] {logging_mixin.py:149} INFO - [2023-07-03T18:10:58.173+0000] {dagbag.py:541} INFO - Filling up the DagBag from /home/airflow/.local/lib/python3.7/site-packages/airflow/example_dags/example_kubernetes_executor.py
[2023-07-03T18:10:58.339+0000] {processor.py:836} INFO - DAG(s) dict_keys(['example_kubernetes_executor']) retrieved from /home/airflow/.local/lib/python3.7/site-packages/airflow/example_dags/example_kubernetes_executor.py
[2023-07-03T18:10:58.371+0000] {logging_mixin.py:149} INFO - [2023-07-03T18:10:58.371+0000] {dag.py:2726} INFO - Sync 1 DAGs
[2023-07-03T18:10:58.392+0000] {logging_mixin.py:149} INFO - [2023-07-03T18:10:58.392+0000] {dag.py:3490} INFO - Setting next_dagrun for example_kubernetes_executor to None, run_after=None
[2023-07-03T18:10:58.409+0000] {processor.py:179} INFO - Processing /home/airflow/.local/lib/python3.7/site-packages/airflow/example_dags/example_kubernetes_executor.py took 0.240 seconds
[2023-07-03T18:11:28.503+0000] {processor.py:157} INFO - Started process (PID=5261) to work on /home/airflow/.local/lib/python3.7/site-packages/airflow/example_dags/example_kubernetes_executor.py
[2023-07-03T18:11:28.504+0000] {processor.py:826} INFO - Processing file /home/airflow/.local/lib/python3.7/site-packages/airflow/example_dags/example_kubernetes_executor.py for tasks to queue
[2023-07-03T18:11:28.505+0000] {logging_mixin.py:149} INFO - [2023-07-03T18:11:28.505+0000] {dagbag.py:541} INFO - Filling up the DagBag from /home/airflow/.local/lib/python3.7/site-packages/airflow/example_dags/example_kubernetes_executor.py
[2023-07-03T18:11:28.667+0000] {processor.py:836} INFO - DAG(s) dict_keys(['example_kubernetes_executor']) retrieved from /home/airflow/.local/lib/python3.7/site-packages/airflow/example_dags/example_kubernetes_executor.py
[2023-07-03T18:11:28.701+0000] {logging_mixin.py:149} INFO - [2023-07-03T18:11:28.701+0000] {dag.py:2726} INFO - Sync 1 DAGs
[2023-07-03T18:11:28.722+0000] {logging_mixin.py:149} INFO - [2023-07-03T18:11:28.722+0000] {dag.py:3490} INFO - Setting next_dagrun for example_kubernetes_executor to None, run_after=None
[2023-07-03T18:11:28.740+0000] {processor.py:179} INFO - Processing /home/airflow/.local/lib/python3.7/site-packages/airflow/example_dags/example_kubernetes_executor.py took 0.240 seconds
[2023-07-03T18:11:58.818+0000] {processor.py:157} INFO - Started process (PID=5520) to work on /home/airflow/.local/lib/python3.7/site-packages/airflow/example_dags/example_kubernetes_executor.py
[2023-07-03T18:11:58.819+0000] {processor.py:826} INFO - Processing file /home/airflow/.local/lib/python3.7/site-packages/airflow/example_dags/example_kubernetes_executor.py for tasks to queue
[2023-07-03T18:11:58.820+0000] {logging_mixin.py:149} INFO - [2023-07-03T18:11:58.819+0000] {dagbag.py:541} INFO - Filling up the DagBag from /home/airflow/.local/lib/python3.7/site-packages/airflow/example_dags/example_kubernetes_executor.py
[2023-07-03T18:11:58.981+0000] {processor.py:836} INFO - DAG(s) dict_keys(['example_kubernetes_executor']) retrieved from /home/airflow/.local/lib/python3.7/site-packages/airflow/example_dags/example_kubernetes_executor.py
[2023-07-03T18:11:59.017+0000] {logging_mixin.py:149} INFO - [2023-07-03T18:11:59.017+0000] {dag.py:2726} INFO - Sync 1 DAGs
[2023-07-03T18:11:59.038+0000] {logging_mixin.py:149} INFO - [2023-07-03T18:11:59.038+0000] {dag.py:3490} INFO - Setting next_dagrun for example_kubernetes_executor to None, run_after=None
[2023-07-03T18:11:59.066+0000] {processor.py:179} INFO - Processing /home/airflow/.local/lib/python3.7/site-packages/airflow/example_dags/example_kubernetes_executor.py took 0.251 seconds
[2023-07-03T18:12:29.911+0000] {processor.py:157} INFO - Started process (PID=5769) to work on /home/airflow/.local/lib/python3.7/site-packages/airflow/example_dags/example_kubernetes_executor.py
[2023-07-03T18:12:29.912+0000] {processor.py:826} INFO - Processing file /home/airflow/.local/lib/python3.7/site-packages/airflow/example_dags/example_kubernetes_executor.py for tasks to queue
[2023-07-03T18:12:29.913+0000] {logging_mixin.py:149} INFO - [2023-07-03T18:12:29.913+0000] {dagbag.py:541} INFO - Filling up the DagBag from /home/airflow/.local/lib/python3.7/site-packages/airflow/example_dags/example_kubernetes_executor.py
[2023-07-03T18:12:30.075+0000] {processor.py:836} INFO - DAG(s) dict_keys(['example_kubernetes_executor']) retrieved from /home/airflow/.local/lib/python3.7/site-packages/airflow/example_dags/example_kubernetes_executor.py
[2023-07-03T18:12:30.107+0000] {logging_mixin.py:149} INFO - [2023-07-03T18:12:30.107+0000] {dag.py:2726} INFO - Sync 1 DAGs
[2023-07-03T18:12:30.129+0000] {logging_mixin.py:149} INFO - [2023-07-03T18:12:30.128+0000] {dag.py:3490} INFO - Setting next_dagrun for example_kubernetes_executor to None, run_after=None
[2023-07-03T18:12:30.146+0000] {processor.py:179} INFO - Processing /home/airflow/.local/lib/python3.7/site-packages/airflow/example_dags/example_kubernetes_executor.py took 0.238 seconds
[2023-07-03T18:13:00.659+0000] {processor.py:157} INFO - Started process (PID=6018) to work on /home/airflow/.local/lib/python3.7/site-packages/airflow/example_dags/example_kubernetes_executor.py
[2023-07-03T18:13:00.660+0000] {processor.py:826} INFO - Processing file /home/airflow/.local/lib/python3.7/site-packages/airflow/example_dags/example_kubernetes_executor.py for tasks to queue
[2023-07-03T18:13:00.660+0000] {logging_mixin.py:149} INFO - [2023-07-03T18:13:00.660+0000] {dagbag.py:541} INFO - Filling up the DagBag from /home/airflow/.local/lib/python3.7/site-packages/airflow/example_dags/example_kubernetes_executor.py
[2023-07-03T18:13:00.821+0000] {processor.py:836} INFO - DAG(s) dict_keys(['example_kubernetes_executor']) retrieved from /home/airflow/.local/lib/python3.7/site-packages/airflow/example_dags/example_kubernetes_executor.py
[2023-07-03T18:13:00.852+0000] {logging_mixin.py:149} INFO - [2023-07-03T18:13:00.852+0000] {dag.py:2726} INFO - Sync 1 DAGs
[2023-07-03T18:13:00.873+0000] {logging_mixin.py:149} INFO - [2023-07-03T18:13:00.873+0000] {dag.py:3490} INFO - Setting next_dagrun for example_kubernetes_executor to None, run_after=None
[2023-07-03T18:13:00.891+0000] {processor.py:179} INFO - Processing /home/airflow/.local/lib/python3.7/site-packages/airflow/example_dags/example_kubernetes_executor.py took 0.234 seconds
[2023-07-03T18:13:31.180+0000] {processor.py:157} INFO - Started process (PID=6267) to work on /home/airflow/.local/lib/python3.7/site-packages/airflow/example_dags/example_kubernetes_executor.py
[2023-07-03T18:13:31.181+0000] {processor.py:826} INFO - Processing file /home/airflow/.local/lib/python3.7/site-packages/airflow/example_dags/example_kubernetes_executor.py for tasks to queue
[2023-07-03T18:13:31.182+0000] {logging_mixin.py:149} INFO - [2023-07-03T18:13:31.182+0000] {dagbag.py:541} INFO - Filling up the DagBag from /home/airflow/.local/lib/python3.7/site-packages/airflow/example_dags/example_kubernetes_executor.py
[2023-07-03T18:13:31.357+0000] {processor.py:836} INFO - DAG(s) dict_keys(['example_kubernetes_executor']) retrieved from /home/airflow/.local/lib/python3.7/site-packages/airflow/example_dags/example_kubernetes_executor.py
[2023-07-03T18:13:31.388+0000] {logging_mixin.py:149} INFO - [2023-07-03T18:13:31.388+0000] {dag.py:2726} INFO - Sync 1 DAGs
[2023-07-03T18:13:31.408+0000] {logging_mixin.py:149} INFO - [2023-07-03T18:13:31.408+0000] {dag.py:3490} INFO - Setting next_dagrun for example_kubernetes_executor to None, run_after=None
[2023-07-03T18:13:31.426+0000] {processor.py:179} INFO - Processing /home/airflow/.local/lib/python3.7/site-packages/airflow/example_dags/example_kubernetes_executor.py took 0.248 seconds
[2023-07-03T18:14:01.720+0000] {processor.py:157} INFO - Started process (PID=6516) to work on /home/airflow/.local/lib/python3.7/site-packages/airflow/example_dags/example_kubernetes_executor.py
[2023-07-03T18:14:01.721+0000] {processor.py:826} INFO - Processing file /home/airflow/.local/lib/python3.7/site-packages/airflow/example_dags/example_kubernetes_executor.py for tasks to queue
[2023-07-03T18:14:01.722+0000] {logging_mixin.py:149} INFO - [2023-07-03T18:14:01.722+0000] {dagbag.py:541} INFO - Filling up the DagBag from /home/airflow/.local/lib/python3.7/site-packages/airflow/example_dags/example_kubernetes_executor.py
[2023-07-03T18:14:01.886+0000] {processor.py:836} INFO - DAG(s) dict_keys(['example_kubernetes_executor']) retrieved from /home/airflow/.local/lib/python3.7/site-packages/airflow/example_dags/example_kubernetes_executor.py
[2023-07-03T18:14:01.917+0000] {logging_mixin.py:149} INFO - [2023-07-03T18:14:01.917+0000] {dag.py:2726} INFO - Sync 1 DAGs
[2023-07-03T18:14:01.939+0000] {logging_mixin.py:149} INFO - [2023-07-03T18:14:01.938+0000] {dag.py:3490} INFO - Setting next_dagrun for example_kubernetes_executor to None, run_after=None
[2023-07-03T18:14:01.957+0000] {processor.py:179} INFO - Processing /home/airflow/.local/lib/python3.7/site-packages/airflow/example_dags/example_kubernetes_executor.py took 0.240 seconds
[2023-07-03T18:14:32.298+0000] {processor.py:157} INFO - Started process (PID=6765) to work on /home/airflow/.local/lib/python3.7/site-packages/airflow/example_dags/example_kubernetes_executor.py
[2023-07-03T18:14:32.299+0000] {processor.py:826} INFO - Processing file /home/airflow/.local/lib/python3.7/site-packages/airflow/example_dags/example_kubernetes_executor.py for tasks to queue
[2023-07-03T18:14:32.300+0000] {logging_mixin.py:149} INFO - [2023-07-03T18:14:32.300+0000] {dagbag.py:541} INFO - Filling up the DagBag from /home/airflow/.local/lib/python3.7/site-packages/airflow/example_dags/example_kubernetes_executor.py
[2023-07-03T18:14:32.464+0000] {processor.py:836} INFO - DAG(s) dict_keys(['example_kubernetes_executor']) retrieved from /home/airflow/.local/lib/python3.7/site-packages/airflow/example_dags/example_kubernetes_executor.py
[2023-07-03T18:14:32.497+0000] {logging_mixin.py:149} INFO - [2023-07-03T18:14:32.497+0000] {dag.py:2726} INFO - Sync 1 DAGs
[2023-07-03T18:14:32.518+0000] {logging_mixin.py:149} INFO - [2023-07-03T18:14:32.517+0000] {dag.py:3490} INFO - Setting next_dagrun for example_kubernetes_executor to None, run_after=None
[2023-07-03T18:14:32.535+0000] {processor.py:179} INFO - Processing /home/airflow/.local/lib/python3.7/site-packages/airflow/example_dags/example_kubernetes_executor.py took 0.239 seconds
[2023-07-03T18:15:02.825+0000] {processor.py:157} INFO - Started process (PID=7014) to work on /home/airflow/.local/lib/python3.7/site-packages/airflow/example_dags/example_kubernetes_executor.py
[2023-07-03T18:15:02.826+0000] {processor.py:826} INFO - Processing file /home/airflow/.local/lib/python3.7/site-packages/airflow/example_dags/example_kubernetes_executor.py for tasks to queue
[2023-07-03T18:15:02.827+0000] {logging_mixin.py:149} INFO - [2023-07-03T18:15:02.827+0000] {dagbag.py:541} INFO - Filling up the DagBag from /home/airflow/.local/lib/python3.7/site-packages/airflow/example_dags/example_kubernetes_executor.py
[2023-07-03T18:15:02.993+0000] {processor.py:836} INFO - DAG(s) dict_keys(['example_kubernetes_executor']) retrieved from /home/airflow/.local/lib/python3.7/site-packages/airflow/example_dags/example_kubernetes_executor.py
[2023-07-03T18:15:03.028+0000] {logging_mixin.py:149} INFO - [2023-07-03T18:15:03.028+0000] {dag.py:2726} INFO - Sync 1 DAGs
[2023-07-03T18:15:03.050+0000] {logging_mixin.py:149} INFO - [2023-07-03T18:15:03.050+0000] {dag.py:3490} INFO - Setting next_dagrun for example_kubernetes_executor to None, run_after=None
[2023-07-03T18:15:03.070+0000] {processor.py:179} INFO - Processing /home/airflow/.local/lib/python3.7/site-packages/airflow/example_dags/example_kubernetes_executor.py took 0.247 seconds
[2023-07-03T18:15:33.346+0000] {processor.py:157} INFO - Started process (PID=7263) to work on /home/airflow/.local/lib/python3.7/site-packages/airflow/example_dags/example_kubernetes_executor.py
[2023-07-03T18:15:33.347+0000] {processor.py:826} INFO - Processing file /home/airflow/.local/lib/python3.7/site-packages/airflow/example_dags/example_kubernetes_executor.py for tasks to queue
[2023-07-03T18:15:33.348+0000] {logging_mixin.py:149} INFO - [2023-07-03T18:15:33.348+0000] {dagbag.py:541} INFO - Filling up the DagBag from /home/airflow/.local/lib/python3.7/site-packages/airflow/example_dags/example_kubernetes_executor.py
[2023-07-03T18:15:33.506+0000] {processor.py:836} INFO - DAG(s) dict_keys(['example_kubernetes_executor']) retrieved from /home/airflow/.local/lib/python3.7/site-packages/airflow/example_dags/example_kubernetes_executor.py
[2023-07-03T18:15:33.538+0000] {logging_mixin.py:149} INFO - [2023-07-03T18:15:33.538+0000] {dag.py:2726} INFO - Sync 1 DAGs
[2023-07-03T18:15:33.559+0000] {logging_mixin.py:149} INFO - [2023-07-03T18:15:33.559+0000] {dag.py:3490} INFO - Setting next_dagrun for example_kubernetes_executor to None, run_after=None
[2023-07-03T18:15:33.577+0000] {processor.py:179} INFO - Processing /home/airflow/.local/lib/python3.7/site-packages/airflow/example_dags/example_kubernetes_executor.py took 0.234 seconds
[2023-07-03T18:16:04.085+0000] {processor.py:157} INFO - Started process (PID=7512) to work on /home/airflow/.local/lib/python3.7/site-packages/airflow/example_dags/example_kubernetes_executor.py
[2023-07-03T18:16:04.085+0000] {processor.py:826} INFO - Processing file /home/airflow/.local/lib/python3.7/site-packages/airflow/example_dags/example_kubernetes_executor.py for tasks to queue
[2023-07-03T18:16:04.086+0000] {logging_mixin.py:149} INFO - [2023-07-03T18:16:04.086+0000] {dagbag.py:541} INFO - Filling up the DagBag from /home/airflow/.local/lib/python3.7/site-packages/airflow/example_dags/example_kubernetes_executor.py
[2023-07-03T18:16:04.258+0000] {processor.py:836} INFO - DAG(s) dict_keys(['example_kubernetes_executor']) retrieved from /home/airflow/.local/lib/python3.7/site-packages/airflow/example_dags/example_kubernetes_executor.py
[2023-07-03T18:16:04.292+0000] {logging_mixin.py:149} INFO - [2023-07-03T18:16:04.291+0000] {dag.py:2726} INFO - Sync 1 DAGs
[2023-07-03T18:16:04.313+0000] {logging_mixin.py:149} INFO - [2023-07-03T18:16:04.313+0000] {dag.py:3490} INFO - Setting next_dagrun for example_kubernetes_executor to None, run_after=None
[2023-07-03T18:16:04.331+0000] {processor.py:179} INFO - Processing /home/airflow/.local/lib/python3.7/site-packages/airflow/example_dags/example_kubernetes_executor.py took 0.249 seconds
[2023-07-03T18:16:35.144+0000] {processor.py:157} INFO - Started process (PID=7761) to work on /home/airflow/.local/lib/python3.7/site-packages/airflow/example_dags/example_kubernetes_executor.py
[2023-07-03T18:16:35.145+0000] {processor.py:826} INFO - Processing file /home/airflow/.local/lib/python3.7/site-packages/airflow/example_dags/example_kubernetes_executor.py for tasks to queue
[2023-07-03T18:16:35.146+0000] {logging_mixin.py:149} INFO - [2023-07-03T18:16:35.146+0000] {dagbag.py:541} INFO - Filling up the DagBag from /home/airflow/.local/lib/python3.7/site-packages/airflow/example_dags/example_kubernetes_executor.py
[2023-07-03T18:16:35.309+0000] {processor.py:836} INFO - DAG(s) dict_keys(['example_kubernetes_executor']) retrieved from /home/airflow/.local/lib/python3.7/site-packages/airflow/example_dags/example_kubernetes_executor.py
[2023-07-03T18:16:35.341+0000] {logging_mixin.py:149} INFO - [2023-07-03T18:16:35.341+0000] {dag.py:2726} INFO - Sync 1 DAGs
[2023-07-03T18:16:35.363+0000] {logging_mixin.py:149} INFO - [2023-07-03T18:16:35.363+0000] {dag.py:3490} INFO - Setting next_dagrun for example_kubernetes_executor to None, run_after=None
[2023-07-03T18:16:35.380+0000] {processor.py:179} INFO - Processing /home/airflow/.local/lib/python3.7/site-packages/airflow/example_dags/example_kubernetes_executor.py took 0.238 seconds
[2023-07-03T18:17:05.505+0000] {processor.py:157} INFO - Started process (PID=8009) to work on /home/airflow/.local/lib/python3.7/site-packages/airflow/example_dags/example_kubernetes_executor.py
[2023-07-03T18:17:05.511+0000] {processor.py:826} INFO - Processing file /home/airflow/.local/lib/python3.7/site-packages/airflow/example_dags/example_kubernetes_executor.py for tasks to queue
[2023-07-03T18:17:05.513+0000] {logging_mixin.py:149} INFO - [2023-07-03T18:17:05.513+0000] {dagbag.py:541} INFO - Filling up the DagBag from /home/airflow/.local/lib/python3.7/site-packages/airflow/example_dags/example_kubernetes_executor.py
[2023-07-03T18:17:05.958+0000] {processor.py:836} INFO - DAG(s) dict_keys(['example_kubernetes_executor']) retrieved from /home/airflow/.local/lib/python3.7/site-packages/airflow/example_dags/example_kubernetes_executor.py
[2023-07-03T18:17:06.027+0000] {logging_mixin.py:149} INFO - [2023-07-03T18:17:06.027+0000] {dag.py:2726} INFO - Sync 1 DAGs
[2023-07-03T18:17:06.084+0000] {logging_mixin.py:149} INFO - [2023-07-03T18:17:06.084+0000] {dag.py:3490} INFO - Setting next_dagrun for example_kubernetes_executor to None, run_after=None
[2023-07-03T18:17:06.140+0000] {processor.py:179} INFO - Processing /home/airflow/.local/lib/python3.7/site-packages/airflow/example_dags/example_kubernetes_executor.py took 0.638 seconds
[2023-07-03T18:17:36.971+0000] {processor.py:157} INFO - Started process (PID=8260) to work on /home/airflow/.local/lib/python3.7/site-packages/airflow/example_dags/example_kubernetes_executor.py
[2023-07-03T18:17:36.973+0000] {processor.py:826} INFO - Processing file /home/airflow/.local/lib/python3.7/site-packages/airflow/example_dags/example_kubernetes_executor.py for tasks to queue
[2023-07-03T18:17:36.974+0000] {logging_mixin.py:149} INFO - [2023-07-03T18:17:36.974+0000] {dagbag.py:541} INFO - Filling up the DagBag from /home/airflow/.local/lib/python3.7/site-packages/airflow/example_dags/example_kubernetes_executor.py
[2023-07-03T18:17:37.164+0000] {processor.py:836} INFO - DAG(s) dict_keys(['example_kubernetes_executor']) retrieved from /home/airflow/.local/lib/python3.7/site-packages/airflow/example_dags/example_kubernetes_executor.py
[2023-07-03T18:17:37.200+0000] {logging_mixin.py:149} INFO - [2023-07-03T18:17:37.200+0000] {dag.py:2726} INFO - Sync 1 DAGs
[2023-07-03T18:17:37.226+0000] {logging_mixin.py:149} INFO - [2023-07-03T18:17:37.226+0000] {dag.py:3490} INFO - Setting next_dagrun for example_kubernetes_executor to None, run_after=None
[2023-07-03T18:17:37.247+0000] {processor.py:179} INFO - Processing /home/airflow/.local/lib/python3.7/site-packages/airflow/example_dags/example_kubernetes_executor.py took 0.280 seconds
[2023-07-03T18:18:07.840+0000] {processor.py:157} INFO - Started process (PID=8509) to work on /home/airflow/.local/lib/python3.7/site-packages/airflow/example_dags/example_kubernetes_executor.py
[2023-07-03T18:18:07.842+0000] {processor.py:826} INFO - Processing file /home/airflow/.local/lib/python3.7/site-packages/airflow/example_dags/example_kubernetes_executor.py for tasks to queue
[2023-07-03T18:18:07.843+0000] {logging_mixin.py:149} INFO - [2023-07-03T18:18:07.843+0000] {dagbag.py:541} INFO - Filling up the DagBag from /home/airflow/.local/lib/python3.7/site-packages/airflow/example_dags/example_kubernetes_executor.py
[2023-07-03T18:18:08.068+0000] {processor.py:836} INFO - DAG(s) dict_keys(['example_kubernetes_executor']) retrieved from /home/airflow/.local/lib/python3.7/site-packages/airflow/example_dags/example_kubernetes_executor.py
[2023-07-03T18:18:08.113+0000] {logging_mixin.py:149} INFO - [2023-07-03T18:18:08.112+0000] {dag.py:2726} INFO - Sync 1 DAGs
[2023-07-03T18:18:08.143+0000] {logging_mixin.py:149} INFO - [2023-07-03T18:18:08.142+0000] {dag.py:3490} INFO - Setting next_dagrun for example_kubernetes_executor to None, run_after=None
[2023-07-03T18:18:08.169+0000] {processor.py:179} INFO - Processing /home/airflow/.local/lib/python3.7/site-packages/airflow/example_dags/example_kubernetes_executor.py took 0.333 seconds
[2023-07-03T18:18:38.249+0000] {processor.py:157} INFO - Started process (PID=8763) to work on /home/airflow/.local/lib/python3.7/site-packages/airflow/example_dags/example_kubernetes_executor.py
[2023-07-03T18:18:38.250+0000] {processor.py:826} INFO - Processing file /home/airflow/.local/lib/python3.7/site-packages/airflow/example_dags/example_kubernetes_executor.py for tasks to queue
[2023-07-03T18:18:38.251+0000] {logging_mixin.py:149} INFO - [2023-07-03T18:18:38.251+0000] {dagbag.py:541} INFO - Filling up the DagBag from /home/airflow/.local/lib/python3.7/site-packages/airflow/example_dags/example_kubernetes_executor.py
[2023-07-03T18:18:38.428+0000] {processor.py:836} INFO - DAG(s) dict_keys(['example_kubernetes_executor']) retrieved from /home/airflow/.local/lib/python3.7/site-packages/airflow/example_dags/example_kubernetes_executor.py
[2023-07-03T18:18:38.464+0000] {logging_mixin.py:149} INFO - [2023-07-03T18:18:38.464+0000] {dag.py:2726} INFO - Sync 1 DAGs
[2023-07-03T18:18:38.488+0000] {logging_mixin.py:149} INFO - [2023-07-03T18:18:38.488+0000] {dag.py:3490} INFO - Setting next_dagrun for example_kubernetes_executor to None, run_after=None
[2023-07-03T18:18:38.506+0000] {processor.py:179} INFO - Processing /home/airflow/.local/lib/python3.7/site-packages/airflow/example_dags/example_kubernetes_executor.py took 0.260 seconds
[2023-07-03T18:19:08.559+0000] {processor.py:157} INFO - Started process (PID=9015) to work on /home/airflow/.local/lib/python3.7/site-packages/airflow/example_dags/example_kubernetes_executor.py
[2023-07-03T18:19:08.560+0000] {processor.py:826} INFO - Processing file /home/airflow/.local/lib/python3.7/site-packages/airflow/example_dags/example_kubernetes_executor.py for tasks to queue
[2023-07-03T18:19:08.563+0000] {logging_mixin.py:149} INFO - [2023-07-03T18:19:08.561+0000] {dagbag.py:541} INFO - Filling up the DagBag from /home/airflow/.local/lib/python3.7/site-packages/airflow/example_dags/example_kubernetes_executor.py
[2023-07-03T18:19:08.785+0000] {processor.py:836} INFO - DAG(s) dict_keys(['example_kubernetes_executor']) retrieved from /home/airflow/.local/lib/python3.7/site-packages/airflow/example_dags/example_kubernetes_executor.py
[2023-07-03T18:19:08.831+0000] {logging_mixin.py:149} INFO - [2023-07-03T18:19:08.830+0000] {dag.py:2726} INFO - Sync 1 DAGs
[2023-07-03T18:19:08.860+0000] {logging_mixin.py:149} INFO - [2023-07-03T18:19:08.860+0000] {dag.py:3490} INFO - Setting next_dagrun for example_kubernetes_executor to None, run_after=None
[2023-07-03T18:19:08.881+0000] {processor.py:179} INFO - Processing /home/airflow/.local/lib/python3.7/site-packages/airflow/example_dags/example_kubernetes_executor.py took 0.326 seconds
[2023-07-03T18:19:38.923+0000] {processor.py:157} INFO - Started process (PID=9266) to work on /home/airflow/.local/lib/python3.7/site-packages/airflow/example_dags/example_kubernetes_executor.py
[2023-07-03T18:19:38.924+0000] {processor.py:826} INFO - Processing file /home/airflow/.local/lib/python3.7/site-packages/airflow/example_dags/example_kubernetes_executor.py for tasks to queue
[2023-07-03T18:19:38.925+0000] {logging_mixin.py:149} INFO - [2023-07-03T18:19:38.925+0000] {dagbag.py:541} INFO - Filling up the DagBag from /home/airflow/.local/lib/python3.7/site-packages/airflow/example_dags/example_kubernetes_executor.py
[2023-07-03T18:19:39.119+0000] {processor.py:836} INFO - DAG(s) dict_keys(['example_kubernetes_executor']) retrieved from /home/airflow/.local/lib/python3.7/site-packages/airflow/example_dags/example_kubernetes_executor.py
[2023-07-03T18:19:39.158+0000] {logging_mixin.py:149} INFO - [2023-07-03T18:19:39.158+0000] {dag.py:2726} INFO - Sync 1 DAGs
[2023-07-03T18:19:39.186+0000] {logging_mixin.py:149} INFO - [2023-07-03T18:19:39.185+0000] {dag.py:3490} INFO - Setting next_dagrun for example_kubernetes_executor to None, run_after=None
[2023-07-03T18:19:39.209+0000] {processor.py:179} INFO - Processing /home/airflow/.local/lib/python3.7/site-packages/airflow/example_dags/example_kubernetes_executor.py took 0.290 seconds
