[2023-07-03T18:01:18.049+0000] {processor.py:157} INFO - Started process (PID=367) to work on /home/airflow/.local/lib/python3.7/site-packages/airflow/example_dags/example_short_circuit_operator.py
[2023-07-03T18:01:18.050+0000] {processor.py:826} INFO - Processing file /home/airflow/.local/lib/python3.7/site-packages/airflow/example_dags/example_short_circuit_operator.py for tasks to queue
[2023-07-03T18:01:18.051+0000] {logging_mixin.py:149} INFO - [2023-07-03T18:01:18.051+0000] {dagbag.py:541} INFO - Filling up the DagBag from /home/airflow/.local/lib/python3.7/site-packages/airflow/example_dags/example_short_circuit_operator.py
[2023-07-03T18:01:18.059+0000] {processor.py:836} INFO - DAG(s) dict_keys(['example_short_circuit_operator']) retrieved from /home/airflow/.local/lib/python3.7/site-packages/airflow/example_dags/example_short_circuit_operator.py
[2023-07-03T18:01:18.070+0000] {logging_mixin.py:149} INFO - [2023-07-03T18:01:18.070+0000] {dag.py:2726} INFO - Sync 1 DAGs
[2023-07-03T18:01:18.094+0000] {logging_mixin.py:149} INFO - [2023-07-03T18:01:18.094+0000] {dag.py:3490} INFO - Setting next_dagrun for example_short_circuit_operator to 2023-07-02T18:01:18.093991+00:00, run_after=2023-07-03T18:01:18.093991+00:00
[2023-07-03T18:01:18.113+0000] {processor.py:179} INFO - Processing /home/airflow/.local/lib/python3.7/site-packages/airflow/example_dags/example_short_circuit_operator.py took 0.066 seconds
[2023-07-03T18:01:48.259+0000] {processor.py:157} INFO - Started process (PID=616) to work on /home/airflow/.local/lib/python3.7/site-packages/airflow/example_dags/example_short_circuit_operator.py
[2023-07-03T18:01:48.260+0000] {processor.py:826} INFO - Processing file /home/airflow/.local/lib/python3.7/site-packages/airflow/example_dags/example_short_circuit_operator.py for tasks to queue
[2023-07-03T18:01:48.261+0000] {logging_mixin.py:149} INFO - [2023-07-03T18:01:48.261+0000] {dagbag.py:541} INFO - Filling up the DagBag from /home/airflow/.local/lib/python3.7/site-packages/airflow/example_dags/example_short_circuit_operator.py
[2023-07-03T18:01:48.268+0000] {processor.py:836} INFO - DAG(s) dict_keys(['example_short_circuit_operator']) retrieved from /home/airflow/.local/lib/python3.7/site-packages/airflow/example_dags/example_short_circuit_operator.py
[2023-07-03T18:01:48.294+0000] {logging_mixin.py:149} INFO - [2023-07-03T18:01:48.294+0000] {dag.py:2726} INFO - Sync 1 DAGs
[2023-07-03T18:01:48.316+0000] {logging_mixin.py:149} INFO - [2023-07-03T18:01:48.315+0000] {dag.py:3490} INFO - Setting next_dagrun for example_short_circuit_operator to 2023-07-02T18:01:48.315791+00:00, run_after=2023-07-03T18:01:48.315791+00:00
[2023-07-03T18:01:48.335+0000] {processor.py:179} INFO - Processing /home/airflow/.local/lib/python3.7/site-packages/airflow/example_dags/example_short_circuit_operator.py took 0.078 seconds
[2023-07-03T18:02:19.364+0000] {processor.py:157} INFO - Started process (PID=866) to work on /home/airflow/.local/lib/python3.7/site-packages/airflow/example_dags/example_short_circuit_operator.py
[2023-07-03T18:02:19.365+0000] {processor.py:826} INFO - Processing file /home/airflow/.local/lib/python3.7/site-packages/airflow/example_dags/example_short_circuit_operator.py for tasks to queue
[2023-07-03T18:02:19.366+0000] {logging_mixin.py:149} INFO - [2023-07-03T18:02:19.366+0000] {dagbag.py:541} INFO - Filling up the DagBag from /home/airflow/.local/lib/python3.7/site-packages/airflow/example_dags/example_short_circuit_operator.py
[2023-07-03T18:02:19.373+0000] {processor.py:836} INFO - DAG(s) dict_keys(['example_short_circuit_operator']) retrieved from /home/airflow/.local/lib/python3.7/site-packages/airflow/example_dags/example_short_circuit_operator.py
[2023-07-03T18:02:19.397+0000] {logging_mixin.py:149} INFO - [2023-07-03T18:02:19.396+0000] {dag.py:2726} INFO - Sync 1 DAGs
[2023-07-03T18:02:19.420+0000] {logging_mixin.py:149} INFO - [2023-07-03T18:02:19.420+0000] {dag.py:3490} INFO - Setting next_dagrun for example_short_circuit_operator to 2023-07-02T18:02:19.420322+00:00, run_after=2023-07-03T18:02:19.420322+00:00
[2023-07-03T18:02:19.440+0000] {processor.py:179} INFO - Processing /home/airflow/.local/lib/python3.7/site-packages/airflow/example_dags/example_short_circuit_operator.py took 0.078 seconds
[2023-07-03T18:02:49.726+0000] {processor.py:157} INFO - Started process (PID=1115) to work on /home/airflow/.local/lib/python3.7/site-packages/airflow/example_dags/example_short_circuit_operator.py
[2023-07-03T18:02:49.727+0000] {processor.py:826} INFO - Processing file /home/airflow/.local/lib/python3.7/site-packages/airflow/example_dags/example_short_circuit_operator.py for tasks to queue
[2023-07-03T18:02:49.729+0000] {logging_mixin.py:149} INFO - [2023-07-03T18:02:49.728+0000] {dagbag.py:541} INFO - Filling up the DagBag from /home/airflow/.local/lib/python3.7/site-packages/airflow/example_dags/example_short_circuit_operator.py
[2023-07-03T18:02:49.741+0000] {processor.py:836} INFO - DAG(s) dict_keys(['example_short_circuit_operator']) retrieved from /home/airflow/.local/lib/python3.7/site-packages/airflow/example_dags/example_short_circuit_operator.py
[2023-07-03T18:02:49.774+0000] {logging_mixin.py:149} INFO - [2023-07-03T18:02:49.774+0000] {dag.py:2726} INFO - Sync 1 DAGs
[2023-07-03T18:02:49.810+0000] {logging_mixin.py:149} INFO - [2023-07-03T18:02:49.810+0000] {dag.py:3490} INFO - Setting next_dagrun for example_short_circuit_operator to 2023-07-02T18:02:49.809797+00:00, run_after=2023-07-03T18:02:49.809797+00:00
[2023-07-03T18:02:49.836+0000] {processor.py:179} INFO - Processing /home/airflow/.local/lib/python3.7/site-packages/airflow/example_dags/example_short_circuit_operator.py took 0.113 seconds
[2023-07-03T18:03:20.363+0000] {processor.py:157} INFO - Started process (PID=1364) to work on /home/airflow/.local/lib/python3.7/site-packages/airflow/example_dags/example_short_circuit_operator.py
[2023-07-03T18:03:20.364+0000] {processor.py:826} INFO - Processing file /home/airflow/.local/lib/python3.7/site-packages/airflow/example_dags/example_short_circuit_operator.py for tasks to queue
[2023-07-03T18:03:20.364+0000] {logging_mixin.py:149} INFO - [2023-07-03T18:03:20.364+0000] {dagbag.py:541} INFO - Filling up the DagBag from /home/airflow/.local/lib/python3.7/site-packages/airflow/example_dags/example_short_circuit_operator.py
[2023-07-03T18:03:20.371+0000] {processor.py:836} INFO - DAG(s) dict_keys(['example_short_circuit_operator']) retrieved from /home/airflow/.local/lib/python3.7/site-packages/airflow/example_dags/example_short_circuit_operator.py
[2023-07-03T18:03:20.394+0000] {logging_mixin.py:149} INFO - [2023-07-03T18:03:20.394+0000] {dag.py:2726} INFO - Sync 1 DAGs
[2023-07-03T18:03:20.427+0000] {logging_mixin.py:149} INFO - [2023-07-03T18:03:20.427+0000] {dag.py:3490} INFO - Setting next_dagrun for example_short_circuit_operator to 2023-07-02T18:03:20.427129+00:00, run_after=2023-07-03T18:03:20.427129+00:00
[2023-07-03T18:03:20.446+0000] {processor.py:179} INFO - Processing /home/airflow/.local/lib/python3.7/site-packages/airflow/example_dags/example_short_circuit_operator.py took 0.086 seconds
[2023-07-03T18:03:51.007+0000] {processor.py:157} INFO - Started process (PID=1613) to work on /home/airflow/.local/lib/python3.7/site-packages/airflow/example_dags/example_short_circuit_operator.py
[2023-07-03T18:03:51.008+0000] {processor.py:826} INFO - Processing file /home/airflow/.local/lib/python3.7/site-packages/airflow/example_dags/example_short_circuit_operator.py for tasks to queue
[2023-07-03T18:03:51.009+0000] {logging_mixin.py:149} INFO - [2023-07-03T18:03:51.009+0000] {dagbag.py:541} INFO - Filling up the DagBag from /home/airflow/.local/lib/python3.7/site-packages/airflow/example_dags/example_short_circuit_operator.py
[2023-07-03T18:03:51.016+0000] {processor.py:836} INFO - DAG(s) dict_keys(['example_short_circuit_operator']) retrieved from /home/airflow/.local/lib/python3.7/site-packages/airflow/example_dags/example_short_circuit_operator.py
[2023-07-03T18:03:51.039+0000] {logging_mixin.py:149} INFO - [2023-07-03T18:03:51.038+0000] {dag.py:2726} INFO - Sync 1 DAGs
[2023-07-03T18:03:51.062+0000] {logging_mixin.py:149} INFO - [2023-07-03T18:03:51.061+0000] {dag.py:3490} INFO - Setting next_dagrun for example_short_circuit_operator to 2023-07-02T18:03:51.061716+00:00, run_after=2023-07-03T18:03:51.061716+00:00
[2023-07-03T18:03:51.082+0000] {processor.py:179} INFO - Processing /home/airflow/.local/lib/python3.7/site-packages/airflow/example_dags/example_short_circuit_operator.py took 0.078 seconds
[2023-07-03T18:04:21.716+0000] {processor.py:157} INFO - Started process (PID=1862) to work on /home/airflow/.local/lib/python3.7/site-packages/airflow/example_dags/example_short_circuit_operator.py
[2023-07-03T18:04:21.717+0000] {processor.py:826} INFO - Processing file /home/airflow/.local/lib/python3.7/site-packages/airflow/example_dags/example_short_circuit_operator.py for tasks to queue
[2023-07-03T18:04:21.718+0000] {logging_mixin.py:149} INFO - [2023-07-03T18:04:21.718+0000] {dagbag.py:541} INFO - Filling up the DagBag from /home/airflow/.local/lib/python3.7/site-packages/airflow/example_dags/example_short_circuit_operator.py
[2023-07-03T18:04:21.726+0000] {processor.py:836} INFO - DAG(s) dict_keys(['example_short_circuit_operator']) retrieved from /home/airflow/.local/lib/python3.7/site-packages/airflow/example_dags/example_short_circuit_operator.py
[2023-07-03T18:04:21.747+0000] {logging_mixin.py:149} INFO - [2023-07-03T18:04:21.747+0000] {dag.py:2726} INFO - Sync 1 DAGs
[2023-07-03T18:04:21.770+0000] {logging_mixin.py:149} INFO - [2023-07-03T18:04:21.770+0000] {dag.py:3490} INFO - Setting next_dagrun for example_short_circuit_operator to 2023-07-02T18:04:21.769848+00:00, run_after=2023-07-03T18:04:21.769848+00:00
[2023-07-03T18:04:21.788+0000] {processor.py:179} INFO - Processing /home/airflow/.local/lib/python3.7/site-packages/airflow/example_dags/example_short_circuit_operator.py took 0.074 seconds
[2023-07-03T18:04:52.329+0000] {processor.py:157} INFO - Started process (PID=2111) to work on /home/airflow/.local/lib/python3.7/site-packages/airflow/example_dags/example_short_circuit_operator.py
[2023-07-03T18:04:52.330+0000] {processor.py:826} INFO - Processing file /home/airflow/.local/lib/python3.7/site-packages/airflow/example_dags/example_short_circuit_operator.py for tasks to queue
[2023-07-03T18:04:52.331+0000] {logging_mixin.py:149} INFO - [2023-07-03T18:04:52.330+0000] {dagbag.py:541} INFO - Filling up the DagBag from /home/airflow/.local/lib/python3.7/site-packages/airflow/example_dags/example_short_circuit_operator.py
[2023-07-03T18:04:52.338+0000] {processor.py:836} INFO - DAG(s) dict_keys(['example_short_circuit_operator']) retrieved from /home/airflow/.local/lib/python3.7/site-packages/airflow/example_dags/example_short_circuit_operator.py
[2023-07-03T18:04:52.359+0000] {logging_mixin.py:149} INFO - [2023-07-03T18:04:52.359+0000] {dag.py:2726} INFO - Sync 1 DAGs
[2023-07-03T18:04:52.382+0000] {logging_mixin.py:149} INFO - [2023-07-03T18:04:52.382+0000] {dag.py:3490} INFO - Setting next_dagrun for example_short_circuit_operator to 2023-07-02T18:04:52.382109+00:00, run_after=2023-07-03T18:04:52.382109+00:00
[2023-07-03T18:04:52.399+0000] {processor.py:179} INFO - Processing /home/airflow/.local/lib/python3.7/site-packages/airflow/example_dags/example_short_circuit_operator.py took 0.073 seconds
[2023-07-03T18:05:23.049+0000] {processor.py:157} INFO - Started process (PID=2360) to work on /home/airflow/.local/lib/python3.7/site-packages/airflow/example_dags/example_short_circuit_operator.py
[2023-07-03T18:05:23.050+0000] {processor.py:826} INFO - Processing file /home/airflow/.local/lib/python3.7/site-packages/airflow/example_dags/example_short_circuit_operator.py for tasks to queue
[2023-07-03T18:05:23.051+0000] {logging_mixin.py:149} INFO - [2023-07-03T18:05:23.051+0000] {dagbag.py:541} INFO - Filling up the DagBag from /home/airflow/.local/lib/python3.7/site-packages/airflow/example_dags/example_short_circuit_operator.py
[2023-07-03T18:05:23.058+0000] {processor.py:836} INFO - DAG(s) dict_keys(['example_short_circuit_operator']) retrieved from /home/airflow/.local/lib/python3.7/site-packages/airflow/example_dags/example_short_circuit_operator.py
[2023-07-03T18:05:23.082+0000] {logging_mixin.py:149} INFO - [2023-07-03T18:05:23.082+0000] {dag.py:2726} INFO - Sync 1 DAGs
[2023-07-03T18:05:23.105+0000] {logging_mixin.py:149} INFO - [2023-07-03T18:05:23.105+0000] {dag.py:3490} INFO - Setting next_dagrun for example_short_circuit_operator to 2023-07-02T18:05:23.105107+00:00, run_after=2023-07-03T18:05:23.105107+00:00
[2023-07-03T18:05:23.124+0000] {processor.py:179} INFO - Processing /home/airflow/.local/lib/python3.7/site-packages/airflow/example_dags/example_short_circuit_operator.py took 0.078 seconds
[2023-07-03T18:05:53.776+0000] {processor.py:157} INFO - Started process (PID=2609) to work on /home/airflow/.local/lib/python3.7/site-packages/airflow/example_dags/example_short_circuit_operator.py
[2023-07-03T18:05:53.777+0000] {processor.py:826} INFO - Processing file /home/airflow/.local/lib/python3.7/site-packages/airflow/example_dags/example_short_circuit_operator.py for tasks to queue
[2023-07-03T18:05:53.778+0000] {logging_mixin.py:149} INFO - [2023-07-03T18:05:53.778+0000] {dagbag.py:541} INFO - Filling up the DagBag from /home/airflow/.local/lib/python3.7/site-packages/airflow/example_dags/example_short_circuit_operator.py
[2023-07-03T18:05:53.785+0000] {processor.py:836} INFO - DAG(s) dict_keys(['example_short_circuit_operator']) retrieved from /home/airflow/.local/lib/python3.7/site-packages/airflow/example_dags/example_short_circuit_operator.py
[2023-07-03T18:05:53.812+0000] {logging_mixin.py:149} INFO - [2023-07-03T18:05:53.812+0000] {dag.py:2726} INFO - Sync 1 DAGs
[2023-07-03T18:05:53.836+0000] {logging_mixin.py:149} INFO - [2023-07-03T18:05:53.836+0000] {dag.py:3490} INFO - Setting next_dagrun for example_short_circuit_operator to 2023-07-02T18:05:53.835960+00:00, run_after=2023-07-03T18:05:53.835960+00:00
[2023-07-03T18:05:53.856+0000] {processor.py:179} INFO - Processing /home/airflow/.local/lib/python3.7/site-packages/airflow/example_dags/example_short_circuit_operator.py took 0.084 seconds
[2023-07-03T18:06:24.390+0000] {processor.py:157} INFO - Started process (PID=2858) to work on /home/airflow/.local/lib/python3.7/site-packages/airflow/example_dags/example_short_circuit_operator.py
[2023-07-03T18:06:24.391+0000] {processor.py:826} INFO - Processing file /home/airflow/.local/lib/python3.7/site-packages/airflow/example_dags/example_short_circuit_operator.py for tasks to queue
[2023-07-03T18:06:24.392+0000] {logging_mixin.py:149} INFO - [2023-07-03T18:06:24.392+0000] {dagbag.py:541} INFO - Filling up the DagBag from /home/airflow/.local/lib/python3.7/site-packages/airflow/example_dags/example_short_circuit_operator.py
[2023-07-03T18:06:24.399+0000] {processor.py:836} INFO - DAG(s) dict_keys(['example_short_circuit_operator']) retrieved from /home/airflow/.local/lib/python3.7/site-packages/airflow/example_dags/example_short_circuit_operator.py
[2023-07-03T18:06:24.421+0000] {logging_mixin.py:149} INFO - [2023-07-03T18:06:24.421+0000] {dag.py:2726} INFO - Sync 1 DAGs
[2023-07-03T18:06:24.444+0000] {logging_mixin.py:149} INFO - [2023-07-03T18:06:24.444+0000] {dag.py:3490} INFO - Setting next_dagrun for example_short_circuit_operator to 2023-07-02T18:06:24.444286+00:00, run_after=2023-07-03T18:06:24.444286+00:00
[2023-07-03T18:06:24.461+0000] {processor.py:179} INFO - Processing /home/airflow/.local/lib/python3.7/site-packages/airflow/example_dags/example_short_circuit_operator.py took 0.074 seconds
[2023-07-03T18:06:55.160+0000] {processor.py:157} INFO - Started process (PID=3107) to work on /home/airflow/.local/lib/python3.7/site-packages/airflow/example_dags/example_short_circuit_operator.py
[2023-07-03T18:06:55.161+0000] {processor.py:826} INFO - Processing file /home/airflow/.local/lib/python3.7/site-packages/airflow/example_dags/example_short_circuit_operator.py for tasks to queue
[2023-07-03T18:06:55.162+0000] {logging_mixin.py:149} INFO - [2023-07-03T18:06:55.162+0000] {dagbag.py:541} INFO - Filling up the DagBag from /home/airflow/.local/lib/python3.7/site-packages/airflow/example_dags/example_short_circuit_operator.py
[2023-07-03T18:06:55.169+0000] {processor.py:836} INFO - DAG(s) dict_keys(['example_short_circuit_operator']) retrieved from /home/airflow/.local/lib/python3.7/site-packages/airflow/example_dags/example_short_circuit_operator.py
[2023-07-03T18:06:55.194+0000] {logging_mixin.py:149} INFO - [2023-07-03T18:06:55.194+0000] {dag.py:2726} INFO - Sync 1 DAGs
[2023-07-03T18:06:55.218+0000] {logging_mixin.py:149} INFO - [2023-07-03T18:06:55.218+0000] {dag.py:3490} INFO - Setting next_dagrun for example_short_circuit_operator to 2023-07-02T18:06:55.218425+00:00, run_after=2023-07-03T18:06:55.218425+00:00
[2023-07-03T18:06:55.236+0000] {processor.py:179} INFO - Processing /home/airflow/.local/lib/python3.7/site-packages/airflow/example_dags/example_short_circuit_operator.py took 0.079 seconds
[2023-07-03T18:07:25.830+0000] {processor.py:157} INFO - Started process (PID=3356) to work on /home/airflow/.local/lib/python3.7/site-packages/airflow/example_dags/example_short_circuit_operator.py
[2023-07-03T18:07:25.831+0000] {processor.py:826} INFO - Processing file /home/airflow/.local/lib/python3.7/site-packages/airflow/example_dags/example_short_circuit_operator.py for tasks to queue
[2023-07-03T18:07:25.832+0000] {logging_mixin.py:149} INFO - [2023-07-03T18:07:25.832+0000] {dagbag.py:541} INFO - Filling up the DagBag from /home/airflow/.local/lib/python3.7/site-packages/airflow/example_dags/example_short_circuit_operator.py
[2023-07-03T18:07:25.840+0000] {processor.py:836} INFO - DAG(s) dict_keys(['example_short_circuit_operator']) retrieved from /home/airflow/.local/lib/python3.7/site-packages/airflow/example_dags/example_short_circuit_operator.py
[2023-07-03T18:07:25.863+0000] {logging_mixin.py:149} INFO - [2023-07-03T18:07:25.863+0000] {dag.py:2726} INFO - Sync 1 DAGs
[2023-07-03T18:07:25.886+0000] {logging_mixin.py:149} INFO - [2023-07-03T18:07:25.886+0000] {dag.py:3490} INFO - Setting next_dagrun for example_short_circuit_operator to 2023-07-02T18:07:25.886341+00:00, run_after=2023-07-03T18:07:25.886341+00:00
[2023-07-03T18:07:25.906+0000] {processor.py:179} INFO - Processing /home/airflow/.local/lib/python3.7/site-packages/airflow/example_dags/example_short_circuit_operator.py took 0.079 seconds
[2023-07-03T18:07:56.359+0000] {processor.py:157} INFO - Started process (PID=3611) to work on /home/airflow/.local/lib/python3.7/site-packages/airflow/example_dags/example_short_circuit_operator.py
[2023-07-03T18:07:56.360+0000] {processor.py:826} INFO - Processing file /home/airflow/.local/lib/python3.7/site-packages/airflow/example_dags/example_short_circuit_operator.py for tasks to queue
[2023-07-03T18:07:56.361+0000] {logging_mixin.py:149} INFO - [2023-07-03T18:07:56.361+0000] {dagbag.py:541} INFO - Filling up the DagBag from /home/airflow/.local/lib/python3.7/site-packages/airflow/example_dags/example_short_circuit_operator.py
[2023-07-03T18:07:56.369+0000] {processor.py:836} INFO - DAG(s) dict_keys(['example_short_circuit_operator']) retrieved from /home/airflow/.local/lib/python3.7/site-packages/airflow/example_dags/example_short_circuit_operator.py
[2023-07-03T18:07:56.392+0000] {logging_mixin.py:149} INFO - [2023-07-03T18:07:56.391+0000] {dag.py:2726} INFO - Sync 1 DAGs
[2023-07-03T18:07:56.415+0000] {logging_mixin.py:149} INFO - [2023-07-03T18:07:56.414+0000] {dag.py:3490} INFO - Setting next_dagrun for example_short_circuit_operator to 2023-07-02T18:07:56.414719+00:00, run_after=2023-07-03T18:07:56.414719+00:00
[2023-07-03T18:07:56.431+0000] {processor.py:179} INFO - Processing /home/airflow/.local/lib/python3.7/site-packages/airflow/example_dags/example_short_circuit_operator.py took 0.074 seconds
[2023-07-03T18:08:26.781+0000] {processor.py:157} INFO - Started process (PID=3855) to work on /home/airflow/.local/lib/python3.7/site-packages/airflow/example_dags/example_short_circuit_operator.py
[2023-07-03T18:08:26.782+0000] {processor.py:826} INFO - Processing file /home/airflow/.local/lib/python3.7/site-packages/airflow/example_dags/example_short_circuit_operator.py for tasks to queue
[2023-07-03T18:08:26.783+0000] {logging_mixin.py:149} INFO - [2023-07-03T18:08:26.783+0000] {dagbag.py:541} INFO - Filling up the DagBag from /home/airflow/.local/lib/python3.7/site-packages/airflow/example_dags/example_short_circuit_operator.py
[2023-07-03T18:08:26.791+0000] {processor.py:836} INFO - DAG(s) dict_keys(['example_short_circuit_operator']) retrieved from /home/airflow/.local/lib/python3.7/site-packages/airflow/example_dags/example_short_circuit_operator.py
[2023-07-03T18:08:26.817+0000] {logging_mixin.py:149} INFO - [2023-07-03T18:08:26.816+0000] {dag.py:2726} INFO - Sync 1 DAGs
[2023-07-03T18:08:26.838+0000] {logging_mixin.py:149} INFO - [2023-07-03T18:08:26.838+0000] {dag.py:3490} INFO - Setting next_dagrun for example_short_circuit_operator to 2023-07-02T18:08:26.838178+00:00, run_after=2023-07-03T18:08:26.838178+00:00
[2023-07-03T18:08:26.855+0000] {processor.py:179} INFO - Processing /home/airflow/.local/lib/python3.7/site-packages/airflow/example_dags/example_short_circuit_operator.py took 0.077 seconds
[2023-07-03T18:08:57.429+0000] {processor.py:157} INFO - Started process (PID=4104) to work on /home/airflow/.local/lib/python3.7/site-packages/airflow/example_dags/example_short_circuit_operator.py
[2023-07-03T18:08:57.430+0000] {processor.py:826} INFO - Processing file /home/airflow/.local/lib/python3.7/site-packages/airflow/example_dags/example_short_circuit_operator.py for tasks to queue
[2023-07-03T18:08:57.431+0000] {logging_mixin.py:149} INFO - [2023-07-03T18:08:57.431+0000] {dagbag.py:541} INFO - Filling up the DagBag from /home/airflow/.local/lib/python3.7/site-packages/airflow/example_dags/example_short_circuit_operator.py
[2023-07-03T18:08:57.438+0000] {processor.py:836} INFO - DAG(s) dict_keys(['example_short_circuit_operator']) retrieved from /home/airflow/.local/lib/python3.7/site-packages/airflow/example_dags/example_short_circuit_operator.py
[2023-07-03T18:08:57.461+0000] {logging_mixin.py:149} INFO - [2023-07-03T18:08:57.461+0000] {dag.py:2726} INFO - Sync 1 DAGs
[2023-07-03T18:08:57.484+0000] {logging_mixin.py:149} INFO - [2023-07-03T18:08:57.484+0000] {dag.py:3490} INFO - Setting next_dagrun for example_short_circuit_operator to 2023-07-02T18:08:57.483999+00:00, run_after=2023-07-03T18:08:57.483999+00:00
[2023-07-03T18:08:57.502+0000] {processor.py:179} INFO - Processing /home/airflow/.local/lib/python3.7/site-packages/airflow/example_dags/example_short_circuit_operator.py took 0.075 seconds
[2023-07-03T18:09:28.105+0000] {processor.py:157} INFO - Started process (PID=4353) to work on /home/airflow/.local/lib/python3.7/site-packages/airflow/example_dags/example_short_circuit_operator.py
[2023-07-03T18:09:28.105+0000] {processor.py:826} INFO - Processing file /home/airflow/.local/lib/python3.7/site-packages/airflow/example_dags/example_short_circuit_operator.py for tasks to queue
[2023-07-03T18:09:28.106+0000] {logging_mixin.py:149} INFO - [2023-07-03T18:09:28.106+0000] {dagbag.py:541} INFO - Filling up the DagBag from /home/airflow/.local/lib/python3.7/site-packages/airflow/example_dags/example_short_circuit_operator.py
[2023-07-03T18:09:28.114+0000] {processor.py:836} INFO - DAG(s) dict_keys(['example_short_circuit_operator']) retrieved from /home/airflow/.local/lib/python3.7/site-packages/airflow/example_dags/example_short_circuit_operator.py
[2023-07-03T18:09:28.137+0000] {logging_mixin.py:149} INFO - [2023-07-03T18:09:28.136+0000] {dag.py:2726} INFO - Sync 1 DAGs
[2023-07-03T18:09:28.160+0000] {logging_mixin.py:149} INFO - [2023-07-03T18:09:28.160+0000] {dag.py:3490} INFO - Setting next_dagrun for example_short_circuit_operator to 2023-07-02T18:09:28.160616+00:00, run_after=2023-07-03T18:09:28.160616+00:00
[2023-07-03T18:09:28.178+0000] {processor.py:179} INFO - Processing /home/airflow/.local/lib/python3.7/site-packages/airflow/example_dags/example_short_circuit_operator.py took 0.076 seconds
[2023-07-03T18:09:58.989+0000] {processor.py:157} INFO - Started process (PID=4604) to work on /home/airflow/.local/lib/python3.7/site-packages/airflow/example_dags/example_short_circuit_operator.py
[2023-07-03T18:09:58.990+0000] {processor.py:826} INFO - Processing file /home/airflow/.local/lib/python3.7/site-packages/airflow/example_dags/example_short_circuit_operator.py for tasks to queue
[2023-07-03T18:09:58.991+0000] {logging_mixin.py:149} INFO - [2023-07-03T18:09:58.991+0000] {dagbag.py:541} INFO - Filling up the DagBag from /home/airflow/.local/lib/python3.7/site-packages/airflow/example_dags/example_short_circuit_operator.py
[2023-07-03T18:09:58.998+0000] {processor.py:836} INFO - DAG(s) dict_keys(['example_short_circuit_operator']) retrieved from /home/airflow/.local/lib/python3.7/site-packages/airflow/example_dags/example_short_circuit_operator.py
[2023-07-03T18:09:59.021+0000] {logging_mixin.py:149} INFO - [2023-07-03T18:09:59.021+0000] {dag.py:2726} INFO - Sync 1 DAGs
[2023-07-03T18:09:59.043+0000] {logging_mixin.py:149} INFO - [2023-07-03T18:09:59.043+0000] {dag.py:3490} INFO - Setting next_dagrun for example_short_circuit_operator to 2023-07-02T18:09:59.043296+00:00, run_after=2023-07-03T18:09:59.043296+00:00
[2023-07-03T18:09:59.062+0000] {processor.py:179} INFO - Processing /home/airflow/.local/lib/python3.7/site-packages/airflow/example_dags/example_short_circuit_operator.py took 0.075 seconds
[2023-07-03T18:10:29.151+0000] {processor.py:157} INFO - Started process (PID=4851) to work on /home/airflow/.local/lib/python3.7/site-packages/airflow/example_dags/example_short_circuit_operator.py
[2023-07-03T18:10:29.152+0000] {processor.py:826} INFO - Processing file /home/airflow/.local/lib/python3.7/site-packages/airflow/example_dags/example_short_circuit_operator.py for tasks to queue
[2023-07-03T18:10:29.153+0000] {logging_mixin.py:149} INFO - [2023-07-03T18:10:29.153+0000] {dagbag.py:541} INFO - Filling up the DagBag from /home/airflow/.local/lib/python3.7/site-packages/airflow/example_dags/example_short_circuit_operator.py
[2023-07-03T18:10:29.160+0000] {processor.py:836} INFO - DAG(s) dict_keys(['example_short_circuit_operator']) retrieved from /home/airflow/.local/lib/python3.7/site-packages/airflow/example_dags/example_short_circuit_operator.py
[2023-07-03T18:10:29.182+0000] {logging_mixin.py:149} INFO - [2023-07-03T18:10:29.182+0000] {dag.py:2726} INFO - Sync 1 DAGs
[2023-07-03T18:10:29.203+0000] {logging_mixin.py:149} INFO - [2023-07-03T18:10:29.203+0000] {dag.py:3490} INFO - Setting next_dagrun for example_short_circuit_operator to 2023-07-02T18:10:29.202987+00:00, run_after=2023-07-03T18:10:29.202987+00:00
[2023-07-03T18:10:29.220+0000] {processor.py:179} INFO - Processing /home/airflow/.local/lib/python3.7/site-packages/airflow/example_dags/example_short_circuit_operator.py took 0.071 seconds
[2023-07-03T18:10:59.568+0000] {processor.py:157} INFO - Started process (PID=5100) to work on /home/airflow/.local/lib/python3.7/site-packages/airflow/example_dags/example_short_circuit_operator.py
[2023-07-03T18:10:59.569+0000] {processor.py:826} INFO - Processing file /home/airflow/.local/lib/python3.7/site-packages/airflow/example_dags/example_short_circuit_operator.py for tasks to queue
[2023-07-03T18:10:59.570+0000] {logging_mixin.py:149} INFO - [2023-07-03T18:10:59.570+0000] {dagbag.py:541} INFO - Filling up the DagBag from /home/airflow/.local/lib/python3.7/site-packages/airflow/example_dags/example_short_circuit_operator.py
[2023-07-03T18:10:59.577+0000] {processor.py:836} INFO - DAG(s) dict_keys(['example_short_circuit_operator']) retrieved from /home/airflow/.local/lib/python3.7/site-packages/airflow/example_dags/example_short_circuit_operator.py
[2023-07-03T18:10:59.599+0000] {logging_mixin.py:149} INFO - [2023-07-03T18:10:59.599+0000] {dag.py:2726} INFO - Sync 1 DAGs
[2023-07-03T18:10:59.620+0000] {logging_mixin.py:149} INFO - [2023-07-03T18:10:59.620+0000] {dag.py:3490} INFO - Setting next_dagrun for example_short_circuit_operator to 2023-07-02T18:10:59.620175+00:00, run_after=2023-07-03T18:10:59.620175+00:00
[2023-07-03T18:10:59.638+0000] {processor.py:179} INFO - Processing /home/airflow/.local/lib/python3.7/site-packages/airflow/example_dags/example_short_circuit_operator.py took 0.072 seconds
[2023-07-03T18:11:30.513+0000] {processor.py:157} INFO - Started process (PID=5349) to work on /home/airflow/.local/lib/python3.7/site-packages/airflow/example_dags/example_short_circuit_operator.py
[2023-07-03T18:11:30.514+0000] {processor.py:826} INFO - Processing file /home/airflow/.local/lib/python3.7/site-packages/airflow/example_dags/example_short_circuit_operator.py for tasks to queue
[2023-07-03T18:11:30.515+0000] {logging_mixin.py:149} INFO - [2023-07-03T18:11:30.515+0000] {dagbag.py:541} INFO - Filling up the DagBag from /home/airflow/.local/lib/python3.7/site-packages/airflow/example_dags/example_short_circuit_operator.py
[2023-07-03T18:11:30.522+0000] {processor.py:836} INFO - DAG(s) dict_keys(['example_short_circuit_operator']) retrieved from /home/airflow/.local/lib/python3.7/site-packages/airflow/example_dags/example_short_circuit_operator.py
[2023-07-03T18:11:30.545+0000] {logging_mixin.py:149} INFO - [2023-07-03T18:11:30.545+0000] {dag.py:2726} INFO - Sync 1 DAGs
[2023-07-03T18:11:30.569+0000] {logging_mixin.py:149} INFO - [2023-07-03T18:11:30.569+0000] {dag.py:3490} INFO - Setting next_dagrun for example_short_circuit_operator to 2023-07-02T18:11:30.569025+00:00, run_after=2023-07-03T18:11:30.569025+00:00
[2023-07-03T18:11:30.587+0000] {processor.py:179} INFO - Processing /home/airflow/.local/lib/python3.7/site-packages/airflow/example_dags/example_short_circuit_operator.py took 0.076 seconds
[2023-07-03T18:12:00.901+0000] {processor.py:157} INFO - Started process (PID=5598) to work on /home/airflow/.local/lib/python3.7/site-packages/airflow/example_dags/example_short_circuit_operator.py
[2023-07-03T18:12:00.902+0000] {processor.py:826} INFO - Processing file /home/airflow/.local/lib/python3.7/site-packages/airflow/example_dags/example_short_circuit_operator.py for tasks to queue
[2023-07-03T18:12:00.902+0000] {logging_mixin.py:149} INFO - [2023-07-03T18:12:00.902+0000] {dagbag.py:541} INFO - Filling up the DagBag from /home/airflow/.local/lib/python3.7/site-packages/airflow/example_dags/example_short_circuit_operator.py
[2023-07-03T18:12:00.909+0000] {processor.py:836} INFO - DAG(s) dict_keys(['example_short_circuit_operator']) retrieved from /home/airflow/.local/lib/python3.7/site-packages/airflow/example_dags/example_short_circuit_operator.py
[2023-07-03T18:12:00.932+0000] {logging_mixin.py:149} INFO - [2023-07-03T18:12:00.932+0000] {dag.py:2726} INFO - Sync 1 DAGs
[2023-07-03T18:12:00.954+0000] {logging_mixin.py:149} INFO - [2023-07-03T18:12:00.954+0000] {dag.py:3490} INFO - Setting next_dagrun for example_short_circuit_operator to 2023-07-02T18:12:00.954219+00:00, run_after=2023-07-03T18:12:00.954219+00:00
[2023-07-03T18:12:00.973+0000] {processor.py:179} INFO - Processing /home/airflow/.local/lib/python3.7/site-packages/airflow/example_dags/example_short_circuit_operator.py took 0.075 seconds
[2023-07-03T18:12:31.866+0000] {processor.py:157} INFO - Started process (PID=5847) to work on /home/airflow/.local/lib/python3.7/site-packages/airflow/example_dags/example_short_circuit_operator.py
[2023-07-03T18:12:31.867+0000] {processor.py:826} INFO - Processing file /home/airflow/.local/lib/python3.7/site-packages/airflow/example_dags/example_short_circuit_operator.py for tasks to queue
[2023-07-03T18:12:31.868+0000] {logging_mixin.py:149} INFO - [2023-07-03T18:12:31.868+0000] {dagbag.py:541} INFO - Filling up the DagBag from /home/airflow/.local/lib/python3.7/site-packages/airflow/example_dags/example_short_circuit_operator.py
[2023-07-03T18:12:31.875+0000] {processor.py:836} INFO - DAG(s) dict_keys(['example_short_circuit_operator']) retrieved from /home/airflow/.local/lib/python3.7/site-packages/airflow/example_dags/example_short_circuit_operator.py
[2023-07-03T18:12:31.897+0000] {logging_mixin.py:149} INFO - [2023-07-03T18:12:31.897+0000] {dag.py:2726} INFO - Sync 1 DAGs
[2023-07-03T18:12:31.919+0000] {logging_mixin.py:149} INFO - [2023-07-03T18:12:31.919+0000] {dag.py:3490} INFO - Setting next_dagrun for example_short_circuit_operator to 2023-07-02T18:12:31.919378+00:00, run_after=2023-07-03T18:12:31.919378+00:00
[2023-07-03T18:12:31.938+0000] {processor.py:179} INFO - Processing /home/airflow/.local/lib/python3.7/site-packages/airflow/example_dags/example_short_circuit_operator.py took 0.075 seconds
[2023-07-03T18:13:02.612+0000] {processor.py:157} INFO - Started process (PID=6096) to work on /home/airflow/.local/lib/python3.7/site-packages/airflow/example_dags/example_short_circuit_operator.py
[2023-07-03T18:13:02.613+0000] {processor.py:826} INFO - Processing file /home/airflow/.local/lib/python3.7/site-packages/airflow/example_dags/example_short_circuit_operator.py for tasks to queue
[2023-07-03T18:13:02.614+0000] {logging_mixin.py:149} INFO - [2023-07-03T18:13:02.614+0000] {dagbag.py:541} INFO - Filling up the DagBag from /home/airflow/.local/lib/python3.7/site-packages/airflow/example_dags/example_short_circuit_operator.py
[2023-07-03T18:13:02.621+0000] {processor.py:836} INFO - DAG(s) dict_keys(['example_short_circuit_operator']) retrieved from /home/airflow/.local/lib/python3.7/site-packages/airflow/example_dags/example_short_circuit_operator.py
[2023-07-03T18:13:02.643+0000] {logging_mixin.py:149} INFO - [2023-07-03T18:13:02.643+0000] {dag.py:2726} INFO - Sync 1 DAGs
[2023-07-03T18:13:02.666+0000] {logging_mixin.py:149} INFO - [2023-07-03T18:13:02.666+0000] {dag.py:3490} INFO - Setting next_dagrun for example_short_circuit_operator to 2023-07-02T18:13:02.666126+00:00, run_after=2023-07-03T18:13:02.666126+00:00
[2023-07-03T18:13:02.682+0000] {processor.py:179} INFO - Processing /home/airflow/.local/lib/python3.7/site-packages/airflow/example_dags/example_short_circuit_operator.py took 0.073 seconds
[2023-07-03T18:13:33.256+0000] {processor.py:157} INFO - Started process (PID=6345) to work on /home/airflow/.local/lib/python3.7/site-packages/airflow/example_dags/example_short_circuit_operator.py
[2023-07-03T18:13:33.257+0000] {processor.py:826} INFO - Processing file /home/airflow/.local/lib/python3.7/site-packages/airflow/example_dags/example_short_circuit_operator.py for tasks to queue
[2023-07-03T18:13:33.258+0000] {logging_mixin.py:149} INFO - [2023-07-03T18:13:33.258+0000] {dagbag.py:541} INFO - Filling up the DagBag from /home/airflow/.local/lib/python3.7/site-packages/airflow/example_dags/example_short_circuit_operator.py
[2023-07-03T18:13:33.267+0000] {processor.py:836} INFO - DAG(s) dict_keys(['example_short_circuit_operator']) retrieved from /home/airflow/.local/lib/python3.7/site-packages/airflow/example_dags/example_short_circuit_operator.py
[2023-07-03T18:13:33.293+0000] {logging_mixin.py:149} INFO - [2023-07-03T18:13:33.293+0000] {dag.py:2726} INFO - Sync 1 DAGs
[2023-07-03T18:13:33.319+0000] {logging_mixin.py:149} INFO - [2023-07-03T18:13:33.319+0000] {dag.py:3490} INFO - Setting next_dagrun for example_short_circuit_operator to 2023-07-02T18:13:33.319068+00:00, run_after=2023-07-03T18:13:33.319068+00:00
[2023-07-03T18:13:33.338+0000] {processor.py:179} INFO - Processing /home/airflow/.local/lib/python3.7/site-packages/airflow/example_dags/example_short_circuit_operator.py took 0.085 seconds
[2023-07-03T18:14:03.688+0000] {processor.py:157} INFO - Started process (PID=6594) to work on /home/airflow/.local/lib/python3.7/site-packages/airflow/example_dags/example_short_circuit_operator.py
[2023-07-03T18:14:03.689+0000] {processor.py:826} INFO - Processing file /home/airflow/.local/lib/python3.7/site-packages/airflow/example_dags/example_short_circuit_operator.py for tasks to queue
[2023-07-03T18:14:03.690+0000] {logging_mixin.py:149} INFO - [2023-07-03T18:14:03.690+0000] {dagbag.py:541} INFO - Filling up the DagBag from /home/airflow/.local/lib/python3.7/site-packages/airflow/example_dags/example_short_circuit_operator.py
[2023-07-03T18:14:03.697+0000] {processor.py:836} INFO - DAG(s) dict_keys(['example_short_circuit_operator']) retrieved from /home/airflow/.local/lib/python3.7/site-packages/airflow/example_dags/example_short_circuit_operator.py
[2023-07-03T18:14:03.721+0000] {logging_mixin.py:149} INFO - [2023-07-03T18:14:03.721+0000] {dag.py:2726} INFO - Sync 1 DAGs
[2023-07-03T18:14:03.745+0000] {logging_mixin.py:149} INFO - [2023-07-03T18:14:03.745+0000] {dag.py:3490} INFO - Setting next_dagrun for example_short_circuit_operator to 2023-07-02T18:14:03.745130+00:00, run_after=2023-07-03T18:14:03.745130+00:00
[2023-07-03T18:14:03.763+0000] {processor.py:179} INFO - Processing /home/airflow/.local/lib/python3.7/site-packages/airflow/example_dags/example_short_circuit_operator.py took 0.078 seconds
[2023-07-03T18:14:34.360+0000] {processor.py:157} INFO - Started process (PID=6843) to work on /home/airflow/.local/lib/python3.7/site-packages/airflow/example_dags/example_short_circuit_operator.py
[2023-07-03T18:14:34.361+0000] {processor.py:826} INFO - Processing file /home/airflow/.local/lib/python3.7/site-packages/airflow/example_dags/example_short_circuit_operator.py for tasks to queue
[2023-07-03T18:14:34.362+0000] {logging_mixin.py:149} INFO - [2023-07-03T18:14:34.362+0000] {dagbag.py:541} INFO - Filling up the DagBag from /home/airflow/.local/lib/python3.7/site-packages/airflow/example_dags/example_short_circuit_operator.py
[2023-07-03T18:14:34.369+0000] {processor.py:836} INFO - DAG(s) dict_keys(['example_short_circuit_operator']) retrieved from /home/airflow/.local/lib/python3.7/site-packages/airflow/example_dags/example_short_circuit_operator.py
[2023-07-03T18:14:34.393+0000] {logging_mixin.py:149} INFO - [2023-07-03T18:14:34.393+0000] {dag.py:2726} INFO - Sync 1 DAGs
[2023-07-03T18:14:34.417+0000] {logging_mixin.py:149} INFO - [2023-07-03T18:14:34.416+0000] {dag.py:3490} INFO - Setting next_dagrun for example_short_circuit_operator to 2023-07-02T18:14:34.416646+00:00, run_after=2023-07-03T18:14:34.416646+00:00
[2023-07-03T18:14:34.435+0000] {processor.py:179} INFO - Processing /home/airflow/.local/lib/python3.7/site-packages/airflow/example_dags/example_short_circuit_operator.py took 0.077 seconds
[2023-07-03T18:15:04.787+0000] {processor.py:157} INFO - Started process (PID=7092) to work on /home/airflow/.local/lib/python3.7/site-packages/airflow/example_dags/example_short_circuit_operator.py
[2023-07-03T18:15:04.787+0000] {processor.py:826} INFO - Processing file /home/airflow/.local/lib/python3.7/site-packages/airflow/example_dags/example_short_circuit_operator.py for tasks to queue
[2023-07-03T18:15:04.788+0000] {logging_mixin.py:149} INFO - [2023-07-03T18:15:04.788+0000] {dagbag.py:541} INFO - Filling up the DagBag from /home/airflow/.local/lib/python3.7/site-packages/airflow/example_dags/example_short_circuit_operator.py
[2023-07-03T18:15:04.795+0000] {processor.py:836} INFO - DAG(s) dict_keys(['example_short_circuit_operator']) retrieved from /home/airflow/.local/lib/python3.7/site-packages/airflow/example_dags/example_short_circuit_operator.py
[2023-07-03T18:15:04.819+0000] {logging_mixin.py:149} INFO - [2023-07-03T18:15:04.819+0000] {dag.py:2726} INFO - Sync 1 DAGs
[2023-07-03T18:15:04.844+0000] {logging_mixin.py:149} INFO - [2023-07-03T18:15:04.844+0000] {dag.py:3490} INFO - Setting next_dagrun for example_short_circuit_operator to 2023-07-02T18:15:04.844287+00:00, run_after=2023-07-03T18:15:04.844287+00:00
[2023-07-03T18:15:04.863+0000] {processor.py:179} INFO - Processing /home/airflow/.local/lib/python3.7/site-packages/airflow/example_dags/example_short_circuit_operator.py took 0.079 seconds
[2023-07-03T18:15:35.291+0000] {processor.py:157} INFO - Started process (PID=7341) to work on /home/airflow/.local/lib/python3.7/site-packages/airflow/example_dags/example_short_circuit_operator.py
[2023-07-03T18:15:35.292+0000] {processor.py:826} INFO - Processing file /home/airflow/.local/lib/python3.7/site-packages/airflow/example_dags/example_short_circuit_operator.py for tasks to queue
[2023-07-03T18:15:35.293+0000] {logging_mixin.py:149} INFO - [2023-07-03T18:15:35.293+0000] {dagbag.py:541} INFO - Filling up the DagBag from /home/airflow/.local/lib/python3.7/site-packages/airflow/example_dags/example_short_circuit_operator.py
[2023-07-03T18:15:35.300+0000] {processor.py:836} INFO - DAG(s) dict_keys(['example_short_circuit_operator']) retrieved from /home/airflow/.local/lib/python3.7/site-packages/airflow/example_dags/example_short_circuit_operator.py
[2023-07-03T18:15:35.324+0000] {logging_mixin.py:149} INFO - [2023-07-03T18:15:35.324+0000] {dag.py:2726} INFO - Sync 1 DAGs
[2023-07-03T18:15:35.349+0000] {logging_mixin.py:149} INFO - [2023-07-03T18:15:35.349+0000] {dag.py:3490} INFO - Setting next_dagrun for example_short_circuit_operator to 2023-07-02T18:15:35.349309+00:00, run_after=2023-07-03T18:15:35.349309+00:00
[2023-07-03T18:15:35.368+0000] {processor.py:179} INFO - Processing /home/airflow/.local/lib/python3.7/site-packages/airflow/example_dags/example_short_circuit_operator.py took 0.080 seconds
[2023-07-03T18:16:06.089+0000] {processor.py:157} INFO - Started process (PID=7590) to work on /home/airflow/.local/lib/python3.7/site-packages/airflow/example_dags/example_short_circuit_operator.py
[2023-07-03T18:16:06.090+0000] {processor.py:826} INFO - Processing file /home/airflow/.local/lib/python3.7/site-packages/airflow/example_dags/example_short_circuit_operator.py for tasks to queue
[2023-07-03T18:16:06.091+0000] {logging_mixin.py:149} INFO - [2023-07-03T18:16:06.090+0000] {dagbag.py:541} INFO - Filling up the DagBag from /home/airflow/.local/lib/python3.7/site-packages/airflow/example_dags/example_short_circuit_operator.py
[2023-07-03T18:16:06.098+0000] {processor.py:836} INFO - DAG(s) dict_keys(['example_short_circuit_operator']) retrieved from /home/airflow/.local/lib/python3.7/site-packages/airflow/example_dags/example_short_circuit_operator.py
[2023-07-03T18:16:06.121+0000] {logging_mixin.py:149} INFO - [2023-07-03T18:16:06.121+0000] {dag.py:2726} INFO - Sync 1 DAGs
[2023-07-03T18:16:06.143+0000] {logging_mixin.py:149} INFO - [2023-07-03T18:16:06.143+0000] {dag.py:3490} INFO - Setting next_dagrun for example_short_circuit_operator to 2023-07-02T18:16:06.143175+00:00, run_after=2023-07-03T18:16:06.143175+00:00
[2023-07-03T18:16:06.162+0000] {processor.py:179} INFO - Processing /home/airflow/.local/lib/python3.7/site-packages/airflow/example_dags/example_short_circuit_operator.py took 0.075 seconds
[2023-07-03T18:16:37.111+0000] {processor.py:157} INFO - Started process (PID=7839) to work on /home/airflow/.local/lib/python3.7/site-packages/airflow/example_dags/example_short_circuit_operator.py
[2023-07-03T18:16:37.112+0000] {processor.py:826} INFO - Processing file /home/airflow/.local/lib/python3.7/site-packages/airflow/example_dags/example_short_circuit_operator.py for tasks to queue
[2023-07-03T18:16:37.113+0000] {logging_mixin.py:149} INFO - [2023-07-03T18:16:37.113+0000] {dagbag.py:541} INFO - Filling up the DagBag from /home/airflow/.local/lib/python3.7/site-packages/airflow/example_dags/example_short_circuit_operator.py
[2023-07-03T18:16:37.121+0000] {processor.py:836} INFO - DAG(s) dict_keys(['example_short_circuit_operator']) retrieved from /home/airflow/.local/lib/python3.7/site-packages/airflow/example_dags/example_short_circuit_operator.py
[2023-07-03T18:16:37.145+0000] {logging_mixin.py:149} INFO - [2023-07-03T18:16:37.145+0000] {dag.py:2726} INFO - Sync 1 DAGs
[2023-07-03T18:16:37.169+0000] {logging_mixin.py:149} INFO - [2023-07-03T18:16:37.169+0000] {dag.py:3490} INFO - Setting next_dagrun for example_short_circuit_operator to 2023-07-02T18:16:37.169062+00:00, run_after=2023-07-03T18:16:37.169062+00:00
[2023-07-03T18:16:37.189+0000] {processor.py:179} INFO - Processing /home/airflow/.local/lib/python3.7/site-packages/airflow/example_dags/example_short_circuit_operator.py took 0.080 seconds
[2023-07-03T18:17:07.962+0000] {processor.py:157} INFO - Started process (PID=8089) to work on /home/airflow/.local/lib/python3.7/site-packages/airflow/example_dags/example_short_circuit_operator.py
[2023-07-03T18:17:07.963+0000] {processor.py:826} INFO - Processing file /home/airflow/.local/lib/python3.7/site-packages/airflow/example_dags/example_short_circuit_operator.py for tasks to queue
[2023-07-03T18:17:07.964+0000] {logging_mixin.py:149} INFO - [2023-07-03T18:17:07.964+0000] {dagbag.py:541} INFO - Filling up the DagBag from /home/airflow/.local/lib/python3.7/site-packages/airflow/example_dags/example_short_circuit_operator.py
[2023-07-03T18:17:07.972+0000] {processor.py:836} INFO - DAG(s) dict_keys(['example_short_circuit_operator']) retrieved from /home/airflow/.local/lib/python3.7/site-packages/airflow/example_dags/example_short_circuit_operator.py
[2023-07-03T18:17:07.998+0000] {logging_mixin.py:149} INFO - [2023-07-03T18:17:07.997+0000] {dag.py:2726} INFO - Sync 1 DAGs
[2023-07-03T18:17:08.024+0000] {logging_mixin.py:149} INFO - [2023-07-03T18:17:08.023+0000] {dag.py:3490} INFO - Setting next_dagrun for example_short_circuit_operator to 2023-07-02T18:17:08.023598+00:00, run_after=2023-07-03T18:17:08.023598+00:00
[2023-07-03T18:17:08.049+0000] {processor.py:179} INFO - Processing /home/airflow/.local/lib/python3.7/site-packages/airflow/example_dags/example_short_circuit_operator.py took 0.090 seconds
[2023-07-03T18:17:38.327+0000] {processor.py:157} INFO - Started process (PID=8338) to work on /home/airflow/.local/lib/python3.7/site-packages/airflow/example_dags/example_short_circuit_operator.py
[2023-07-03T18:17:38.329+0000] {processor.py:826} INFO - Processing file /home/airflow/.local/lib/python3.7/site-packages/airflow/example_dags/example_short_circuit_operator.py for tasks to queue
[2023-07-03T18:17:38.330+0000] {logging_mixin.py:149} INFO - [2023-07-03T18:17:38.330+0000] {dagbag.py:541} INFO - Filling up the DagBag from /home/airflow/.local/lib/python3.7/site-packages/airflow/example_dags/example_short_circuit_operator.py
[2023-07-03T18:17:38.341+0000] {processor.py:836} INFO - DAG(s) dict_keys(['example_short_circuit_operator']) retrieved from /home/airflow/.local/lib/python3.7/site-packages/airflow/example_dags/example_short_circuit_operator.py
[2023-07-03T18:17:38.376+0000] {logging_mixin.py:149} INFO - [2023-07-03T18:17:38.376+0000] {dag.py:2726} INFO - Sync 1 DAGs
[2023-07-03T18:17:38.409+0000] {logging_mixin.py:149} INFO - [2023-07-03T18:17:38.409+0000] {dag.py:3490} INFO - Setting next_dagrun for example_short_circuit_operator to 2023-07-02T18:17:38.409148+00:00, run_after=2023-07-03T18:17:38.409148+00:00
[2023-07-03T18:17:38.434+0000] {processor.py:179} INFO - Processing /home/airflow/.local/lib/python3.7/site-packages/airflow/example_dags/example_short_circuit_operator.py took 0.111 seconds
[2023-07-03T18:18:09.302+0000] {processor.py:157} INFO - Started process (PID=8587) to work on /home/airflow/.local/lib/python3.7/site-packages/airflow/example_dags/example_short_circuit_operator.py
[2023-07-03T18:18:09.303+0000] {processor.py:826} INFO - Processing file /home/airflow/.local/lib/python3.7/site-packages/airflow/example_dags/example_short_circuit_operator.py for tasks to queue
[2023-07-03T18:18:09.304+0000] {logging_mixin.py:149} INFO - [2023-07-03T18:18:09.304+0000] {dagbag.py:541} INFO - Filling up the DagBag from /home/airflow/.local/lib/python3.7/site-packages/airflow/example_dags/example_short_circuit_operator.py
[2023-07-03T18:18:09.312+0000] {processor.py:836} INFO - DAG(s) dict_keys(['example_short_circuit_operator']) retrieved from /home/airflow/.local/lib/python3.7/site-packages/airflow/example_dags/example_short_circuit_operator.py
[2023-07-03T18:18:09.339+0000] {logging_mixin.py:149} INFO - [2023-07-03T18:18:09.339+0000] {dag.py:2726} INFO - Sync 1 DAGs
[2023-07-03T18:18:09.366+0000] {logging_mixin.py:149} INFO - [2023-07-03T18:18:09.366+0000] {dag.py:3490} INFO - Setting next_dagrun for example_short_circuit_operator to 2023-07-02T18:18:09.366316+00:00, run_after=2023-07-03T18:18:09.366316+00:00
[2023-07-03T18:18:09.387+0000] {processor.py:179} INFO - Processing /home/airflow/.local/lib/python3.7/site-packages/airflow/example_dags/example_short_circuit_operator.py took 0.088 seconds
[2023-07-03T18:18:39.568+0000] {processor.py:157} INFO - Started process (PID=8841) to work on /home/airflow/.local/lib/python3.7/site-packages/airflow/example_dags/example_short_circuit_operator.py
[2023-07-03T18:18:39.570+0000] {processor.py:826} INFO - Processing file /home/airflow/.local/lib/python3.7/site-packages/airflow/example_dags/example_short_circuit_operator.py for tasks to queue
[2023-07-03T18:18:39.571+0000] {logging_mixin.py:149} INFO - [2023-07-03T18:18:39.570+0000] {dagbag.py:541} INFO - Filling up the DagBag from /home/airflow/.local/lib/python3.7/site-packages/airflow/example_dags/example_short_circuit_operator.py
[2023-07-03T18:18:39.579+0000] {processor.py:836} INFO - DAG(s) dict_keys(['example_short_circuit_operator']) retrieved from /home/airflow/.local/lib/python3.7/site-packages/airflow/example_dags/example_short_circuit_operator.py
[2023-07-03T18:18:39.602+0000] {logging_mixin.py:149} INFO - [2023-07-03T18:18:39.602+0000] {dag.py:2726} INFO - Sync 1 DAGs
[2023-07-03T18:18:39.628+0000] {logging_mixin.py:149} INFO - [2023-07-03T18:18:39.628+0000] {dag.py:3490} INFO - Setting next_dagrun for example_short_circuit_operator to 2023-07-02T18:18:39.627893+00:00, run_after=2023-07-03T18:18:39.627893+00:00
[2023-07-03T18:18:39.646+0000] {processor.py:179} INFO - Processing /home/airflow/.local/lib/python3.7/site-packages/airflow/example_dags/example_short_circuit_operator.py took 0.081 seconds
[2023-07-03T18:19:10.646+0000] {processor.py:157} INFO - Started process (PID=9090) to work on /home/airflow/.local/lib/python3.7/site-packages/airflow/example_dags/example_short_circuit_operator.py
[2023-07-03T18:19:10.657+0000] {processor.py:826} INFO - Processing file /home/airflow/.local/lib/python3.7/site-packages/airflow/example_dags/example_short_circuit_operator.py for tasks to queue
[2023-07-03T18:19:10.658+0000] {logging_mixin.py:149} INFO - [2023-07-03T18:19:10.658+0000] {dagbag.py:541} INFO - Filling up the DagBag from /home/airflow/.local/lib/python3.7/site-packages/airflow/example_dags/example_short_circuit_operator.py
[2023-07-03T18:19:10.667+0000] {processor.py:836} INFO - DAG(s) dict_keys(['example_short_circuit_operator']) retrieved from /home/airflow/.local/lib/python3.7/site-packages/airflow/example_dags/example_short_circuit_operator.py
[2023-07-03T18:19:10.700+0000] {logging_mixin.py:149} INFO - [2023-07-03T18:19:10.700+0000] {dag.py:2726} INFO - Sync 1 DAGs
[2023-07-03T18:19:10.726+0000] {logging_mixin.py:149} INFO - [2023-07-03T18:19:10.726+0000] {dag.py:3490} INFO - Setting next_dagrun for example_short_circuit_operator to 2023-07-02T18:19:10.726049+00:00, run_after=2023-07-03T18:19:10.726049+00:00
[2023-07-03T18:19:10.749+0000] {processor.py:179} INFO - Processing /home/airflow/.local/lib/python3.7/site-packages/airflow/example_dags/example_short_circuit_operator.py took 0.106 seconds
[2023-07-03T18:19:41.049+0000] {processor.py:157} INFO - Started process (PID=9339) to work on /home/airflow/.local/lib/python3.7/site-packages/airflow/example_dags/example_short_circuit_operator.py
[2023-07-03T18:19:41.050+0000] {processor.py:826} INFO - Processing file /home/airflow/.local/lib/python3.7/site-packages/airflow/example_dags/example_short_circuit_operator.py for tasks to queue
[2023-07-03T18:19:41.051+0000] {logging_mixin.py:149} INFO - [2023-07-03T18:19:41.050+0000] {dagbag.py:541} INFO - Filling up the DagBag from /home/airflow/.local/lib/python3.7/site-packages/airflow/example_dags/example_short_circuit_operator.py
[2023-07-03T18:19:41.059+0000] {processor.py:836} INFO - DAG(s) dict_keys(['example_short_circuit_operator']) retrieved from /home/airflow/.local/lib/python3.7/site-packages/airflow/example_dags/example_short_circuit_operator.py
[2023-07-03T18:19:41.084+0000] {logging_mixin.py:149} INFO - [2023-07-03T18:19:41.084+0000] {dag.py:2726} INFO - Sync 1 DAGs
[2023-07-03T18:19:41.112+0000] {logging_mixin.py:149} INFO - [2023-07-03T18:19:41.112+0000] {dag.py:3490} INFO - Setting next_dagrun for example_short_circuit_operator to 2023-07-02T18:19:41.112558+00:00, run_after=2023-07-03T18:19:41.112558+00:00
[2023-07-03T18:19:41.379+0000] {processor.py:179} INFO - Processing /home/airflow/.local/lib/python3.7/site-packages/airflow/example_dags/example_short_circuit_operator.py took 0.333 seconds
