[2023-07-03T18:01:17.022+0000] {processor.py:157} INFO - Started process (PID=297) to work on /home/airflow/.local/lib/python3.7/site-packages/airflow/example_dags/example_nested_branch_dag.py
[2023-07-03T18:01:17.023+0000] {processor.py:826} INFO - Processing file /home/airflow/.local/lib/python3.7/site-packages/airflow/example_dags/example_nested_branch_dag.py for tasks to queue
[2023-07-03T18:01:17.024+0000] {logging_mixin.py:149} INFO - [2023-07-03T18:01:17.024+0000] {dagbag.py:541} INFO - Filling up the DagBag from /home/airflow/.local/lib/python3.7/site-packages/airflow/example_dags/example_nested_branch_dag.py
[2023-07-03T18:01:17.036+0000] {processor.py:836} INFO - DAG(s) dict_keys(['example_nested_branch_dag']) retrieved from /home/airflow/.local/lib/python3.7/site-packages/airflow/example_dags/example_nested_branch_dag.py
[2023-07-03T18:01:17.046+0000] {logging_mixin.py:149} INFO - [2023-07-03T18:01:17.046+0000] {dag.py:2726} INFO - Sync 1 DAGs
[2023-07-03T18:01:17.071+0000] {logging_mixin.py:149} INFO - [2023-07-03T18:01:17.070+0000] {dag.py:3490} INFO - Setting next_dagrun for example_nested_branch_dag to 2023-07-02T00:00:00+00:00, run_after=2023-07-03T00:00:00+00:00
[2023-07-03T18:01:17.087+0000] {processor.py:179} INFO - Processing /home/airflow/.local/lib/python3.7/site-packages/airflow/example_dags/example_nested_branch_dag.py took 0.068 seconds
[2023-07-03T18:01:47.214+0000] {processor.py:157} INFO - Started process (PID=546) to work on /home/airflow/.local/lib/python3.7/site-packages/airflow/example_dags/example_nested_branch_dag.py
[2023-07-03T18:01:47.215+0000] {processor.py:826} INFO - Processing file /home/airflow/.local/lib/python3.7/site-packages/airflow/example_dags/example_nested_branch_dag.py for tasks to queue
[2023-07-03T18:01:47.216+0000] {logging_mixin.py:149} INFO - [2023-07-03T18:01:47.216+0000] {dagbag.py:541} INFO - Filling up the DagBag from /home/airflow/.local/lib/python3.7/site-packages/airflow/example_dags/example_nested_branch_dag.py
[2023-07-03T18:01:47.226+0000] {processor.py:836} INFO - DAG(s) dict_keys(['example_nested_branch_dag']) retrieved from /home/airflow/.local/lib/python3.7/site-packages/airflow/example_dags/example_nested_branch_dag.py
[2023-07-03T18:01:47.247+0000] {logging_mixin.py:149} INFO - [2023-07-03T18:01:47.246+0000] {dag.py:2726} INFO - Sync 1 DAGs
[2023-07-03T18:01:47.268+0000] {logging_mixin.py:149} INFO - [2023-07-03T18:01:47.268+0000] {dag.py:3490} INFO - Setting next_dagrun for example_nested_branch_dag to 2023-07-02T00:00:00+00:00, run_after=2023-07-03T00:00:00+00:00
[2023-07-03T18:01:47.286+0000] {processor.py:179} INFO - Processing /home/airflow/.local/lib/python3.7/site-packages/airflow/example_dags/example_nested_branch_dag.py took 0.074 seconds
[2023-07-03T18:02:18.280+0000] {processor.py:157} INFO - Started process (PID=798) to work on /home/airflow/.local/lib/python3.7/site-packages/airflow/example_dags/example_nested_branch_dag.py
[2023-07-03T18:02:18.281+0000] {processor.py:826} INFO - Processing file /home/airflow/.local/lib/python3.7/site-packages/airflow/example_dags/example_nested_branch_dag.py for tasks to queue
[2023-07-03T18:02:18.282+0000] {logging_mixin.py:149} INFO - [2023-07-03T18:02:18.281+0000] {dagbag.py:541} INFO - Filling up the DagBag from /home/airflow/.local/lib/python3.7/site-packages/airflow/example_dags/example_nested_branch_dag.py
[2023-07-03T18:02:18.289+0000] {processor.py:836} INFO - DAG(s) dict_keys(['example_nested_branch_dag']) retrieved from /home/airflow/.local/lib/python3.7/site-packages/airflow/example_dags/example_nested_branch_dag.py
[2023-07-03T18:02:18.311+0000] {logging_mixin.py:149} INFO - [2023-07-03T18:02:18.311+0000] {dag.py:2726} INFO - Sync 1 DAGs
[2023-07-03T18:02:18.333+0000] {logging_mixin.py:149} INFO - [2023-07-03T18:02:18.333+0000] {dag.py:3490} INFO - Setting next_dagrun for example_nested_branch_dag to 2023-07-02T00:00:00+00:00, run_after=2023-07-03T00:00:00+00:00
[2023-07-03T18:02:18.352+0000] {processor.py:179} INFO - Processing /home/airflow/.local/lib/python3.7/site-packages/airflow/example_dags/example_nested_branch_dag.py took 0.075 seconds
[2023-07-03T18:02:48.743+0000] {processor.py:157} INFO - Started process (PID=1045) to work on /home/airflow/.local/lib/python3.7/site-packages/airflow/example_dags/example_nested_branch_dag.py
[2023-07-03T18:02:48.744+0000] {processor.py:826} INFO - Processing file /home/airflow/.local/lib/python3.7/site-packages/airflow/example_dags/example_nested_branch_dag.py for tasks to queue
[2023-07-03T18:02:48.745+0000] {logging_mixin.py:149} INFO - [2023-07-03T18:02:48.745+0000] {dagbag.py:541} INFO - Filling up the DagBag from /home/airflow/.local/lib/python3.7/site-packages/airflow/example_dags/example_nested_branch_dag.py
[2023-07-03T18:02:48.753+0000] {processor.py:836} INFO - DAG(s) dict_keys(['example_nested_branch_dag']) retrieved from /home/airflow/.local/lib/python3.7/site-packages/airflow/example_dags/example_nested_branch_dag.py
[2023-07-03T18:02:48.775+0000] {logging_mixin.py:149} INFO - [2023-07-03T18:02:48.775+0000] {dag.py:2726} INFO - Sync 1 DAGs
[2023-07-03T18:02:48.798+0000] {logging_mixin.py:149} INFO - [2023-07-03T18:02:48.798+0000] {dag.py:3490} INFO - Setting next_dagrun for example_nested_branch_dag to 2023-07-02T00:00:00+00:00, run_after=2023-07-03T00:00:00+00:00
[2023-07-03T18:02:48.816+0000] {processor.py:179} INFO - Processing /home/airflow/.local/lib/python3.7/site-packages/airflow/example_dags/example_nested_branch_dag.py took 0.076 seconds
[2023-07-03T18:03:19.582+0000] {processor.py:157} INFO - Started process (PID=1296) to work on /home/airflow/.local/lib/python3.7/site-packages/airflow/example_dags/example_nested_branch_dag.py
[2023-07-03T18:03:19.582+0000] {processor.py:826} INFO - Processing file /home/airflow/.local/lib/python3.7/site-packages/airflow/example_dags/example_nested_branch_dag.py for tasks to queue
[2023-07-03T18:03:19.583+0000] {logging_mixin.py:149} INFO - [2023-07-03T18:03:19.583+0000] {dagbag.py:541} INFO - Filling up the DagBag from /home/airflow/.local/lib/python3.7/site-packages/airflow/example_dags/example_nested_branch_dag.py
[2023-07-03T18:03:19.591+0000] {processor.py:836} INFO - DAG(s) dict_keys(['example_nested_branch_dag']) retrieved from /home/airflow/.local/lib/python3.7/site-packages/airflow/example_dags/example_nested_branch_dag.py
[2023-07-03T18:03:19.612+0000] {logging_mixin.py:149} INFO - [2023-07-03T18:03:19.612+0000] {dag.py:2726} INFO - Sync 1 DAGs
[2023-07-03T18:03:19.635+0000] {logging_mixin.py:149} INFO - [2023-07-03T18:03:19.635+0000] {dag.py:3490} INFO - Setting next_dagrun for example_nested_branch_dag to 2023-07-02T00:00:00+00:00, run_after=2023-07-03T00:00:00+00:00
[2023-07-03T18:03:19.653+0000] {processor.py:179} INFO - Processing /home/airflow/.local/lib/python3.7/site-packages/airflow/example_dags/example_nested_branch_dag.py took 0.074 seconds
[2023-07-03T18:03:50.247+0000] {processor.py:157} INFO - Started process (PID=1543) to work on /home/airflow/.local/lib/python3.7/site-packages/airflow/example_dags/example_nested_branch_dag.py
[2023-07-03T18:03:50.248+0000] {processor.py:826} INFO - Processing file /home/airflow/.local/lib/python3.7/site-packages/airflow/example_dags/example_nested_branch_dag.py for tasks to queue
[2023-07-03T18:03:50.249+0000] {logging_mixin.py:149} INFO - [2023-07-03T18:03:50.248+0000] {dagbag.py:541} INFO - Filling up the DagBag from /home/airflow/.local/lib/python3.7/site-packages/airflow/example_dags/example_nested_branch_dag.py
[2023-07-03T18:03:50.257+0000] {processor.py:836} INFO - DAG(s) dict_keys(['example_nested_branch_dag']) retrieved from /home/airflow/.local/lib/python3.7/site-packages/airflow/example_dags/example_nested_branch_dag.py
[2023-07-03T18:03:50.280+0000] {logging_mixin.py:149} INFO - [2023-07-03T18:03:50.279+0000] {dag.py:2726} INFO - Sync 1 DAGs
[2023-07-03T18:03:50.301+0000] {logging_mixin.py:149} INFO - [2023-07-03T18:03:50.301+0000] {dag.py:3490} INFO - Setting next_dagrun for example_nested_branch_dag to 2023-07-02T00:00:00+00:00, run_after=2023-07-03T00:00:00+00:00
[2023-07-03T18:03:50.320+0000] {processor.py:179} INFO - Processing /home/airflow/.local/lib/python3.7/site-packages/airflow/example_dags/example_nested_branch_dag.py took 0.075 seconds
[2023-07-03T18:04:20.987+0000] {processor.py:157} INFO - Started process (PID=1794) to work on /home/airflow/.local/lib/python3.7/site-packages/airflow/example_dags/example_nested_branch_dag.py
[2023-07-03T18:04:20.988+0000] {processor.py:826} INFO - Processing file /home/airflow/.local/lib/python3.7/site-packages/airflow/example_dags/example_nested_branch_dag.py for tasks to queue
[2023-07-03T18:04:20.988+0000] {logging_mixin.py:149} INFO - [2023-07-03T18:04:20.988+0000] {dagbag.py:541} INFO - Filling up the DagBag from /home/airflow/.local/lib/python3.7/site-packages/airflow/example_dags/example_nested_branch_dag.py
[2023-07-03T18:04:20.996+0000] {processor.py:836} INFO - DAG(s) dict_keys(['example_nested_branch_dag']) retrieved from /home/airflow/.local/lib/python3.7/site-packages/airflow/example_dags/example_nested_branch_dag.py
[2023-07-03T18:04:21.018+0000] {logging_mixin.py:149} INFO - [2023-07-03T18:04:21.018+0000] {dag.py:2726} INFO - Sync 1 DAGs
[2023-07-03T18:04:21.040+0000] {logging_mixin.py:149} INFO - [2023-07-03T18:04:21.040+0000] {dag.py:3490} INFO - Setting next_dagrun for example_nested_branch_dag to 2023-07-02T00:00:00+00:00, run_after=2023-07-03T00:00:00+00:00
[2023-07-03T18:04:21.058+0000] {processor.py:179} INFO - Processing /home/airflow/.local/lib/python3.7/site-packages/airflow/example_dags/example_nested_branch_dag.py took 0.073 seconds
[2023-07-03T18:04:51.515+0000] {processor.py:157} INFO - Started process (PID=2043) to work on /home/airflow/.local/lib/python3.7/site-packages/airflow/example_dags/example_nested_branch_dag.py
[2023-07-03T18:04:51.516+0000] {processor.py:826} INFO - Processing file /home/airflow/.local/lib/python3.7/site-packages/airflow/example_dags/example_nested_branch_dag.py for tasks to queue
[2023-07-03T18:04:51.517+0000] {logging_mixin.py:149} INFO - [2023-07-03T18:04:51.517+0000] {dagbag.py:541} INFO - Filling up the DagBag from /home/airflow/.local/lib/python3.7/site-packages/airflow/example_dags/example_nested_branch_dag.py
[2023-07-03T18:04:51.525+0000] {processor.py:836} INFO - DAG(s) dict_keys(['example_nested_branch_dag']) retrieved from /home/airflow/.local/lib/python3.7/site-packages/airflow/example_dags/example_nested_branch_dag.py
[2023-07-03T18:04:51.548+0000] {logging_mixin.py:149} INFO - [2023-07-03T18:04:51.548+0000] {dag.py:2726} INFO - Sync 1 DAGs
[2023-07-03T18:04:51.570+0000] {logging_mixin.py:149} INFO - [2023-07-03T18:04:51.570+0000] {dag.py:3490} INFO - Setting next_dagrun for example_nested_branch_dag to 2023-07-02T00:00:00+00:00, run_after=2023-07-03T00:00:00+00:00
[2023-07-03T18:04:51.587+0000] {processor.py:179} INFO - Processing /home/airflow/.local/lib/python3.7/site-packages/airflow/example_dags/example_nested_branch_dag.py took 0.075 seconds
[2023-07-03T18:05:22.260+0000] {processor.py:157} INFO - Started process (PID=2290) to work on /home/airflow/.local/lib/python3.7/site-packages/airflow/example_dags/example_nested_branch_dag.py
[2023-07-03T18:05:22.261+0000] {processor.py:826} INFO - Processing file /home/airflow/.local/lib/python3.7/site-packages/airflow/example_dags/example_nested_branch_dag.py for tasks to queue
[2023-07-03T18:05:22.261+0000] {logging_mixin.py:149} INFO - [2023-07-03T18:05:22.261+0000] {dagbag.py:541} INFO - Filling up the DagBag from /home/airflow/.local/lib/python3.7/site-packages/airflow/example_dags/example_nested_branch_dag.py
[2023-07-03T18:05:22.271+0000] {processor.py:836} INFO - DAG(s) dict_keys(['example_nested_branch_dag']) retrieved from /home/airflow/.local/lib/python3.7/site-packages/airflow/example_dags/example_nested_branch_dag.py
[2023-07-03T18:05:22.293+0000] {logging_mixin.py:149} INFO - [2023-07-03T18:05:22.293+0000] {dag.py:2726} INFO - Sync 1 DAGs
[2023-07-03T18:05:22.317+0000] {logging_mixin.py:149} INFO - [2023-07-03T18:05:22.317+0000] {dag.py:3490} INFO - Setting next_dagrun for example_nested_branch_dag to 2023-07-02T00:00:00+00:00, run_after=2023-07-03T00:00:00+00:00
[2023-07-03T18:05:22.335+0000] {processor.py:179} INFO - Processing /home/airflow/.local/lib/python3.7/site-packages/airflow/example_dags/example_nested_branch_dag.py took 0.078 seconds
[2023-07-03T18:05:52.853+0000] {processor.py:157} INFO - Started process (PID=2541) to work on /home/airflow/.local/lib/python3.7/site-packages/airflow/example_dags/example_nested_branch_dag.py
[2023-07-03T18:05:52.855+0000] {processor.py:826} INFO - Processing file /home/airflow/.local/lib/python3.7/site-packages/airflow/example_dags/example_nested_branch_dag.py for tasks to queue
[2023-07-03T18:05:52.856+0000] {logging_mixin.py:149} INFO - [2023-07-03T18:05:52.856+0000] {dagbag.py:541} INFO - Filling up the DagBag from /home/airflow/.local/lib/python3.7/site-packages/airflow/example_dags/example_nested_branch_dag.py
[2023-07-03T18:05:52.869+0000] {processor.py:836} INFO - DAG(s) dict_keys(['example_nested_branch_dag']) retrieved from /home/airflow/.local/lib/python3.7/site-packages/airflow/example_dags/example_nested_branch_dag.py
[2023-07-03T18:05:52.899+0000] {logging_mixin.py:149} INFO - [2023-07-03T18:05:52.899+0000] {dag.py:2726} INFO - Sync 1 DAGs
[2023-07-03T18:05:52.930+0000] {logging_mixin.py:149} INFO - [2023-07-03T18:05:52.930+0000] {dag.py:3490} INFO - Setting next_dagrun for example_nested_branch_dag to 2023-07-02T00:00:00+00:00, run_after=2023-07-03T00:00:00+00:00
[2023-07-03T18:05:52.954+0000] {processor.py:179} INFO - Processing /home/airflow/.local/lib/python3.7/site-packages/airflow/example_dags/example_nested_branch_dag.py took 0.105 seconds
[2023-07-03T18:06:23.584+0000] {processor.py:157} INFO - Started process (PID=2789) to work on /home/airflow/.local/lib/python3.7/site-packages/airflow/example_dags/example_nested_branch_dag.py
[2023-07-03T18:06:23.585+0000] {processor.py:826} INFO - Processing file /home/airflow/.local/lib/python3.7/site-packages/airflow/example_dags/example_nested_branch_dag.py for tasks to queue
[2023-07-03T18:06:23.586+0000] {logging_mixin.py:149} INFO - [2023-07-03T18:06:23.586+0000] {dagbag.py:541} INFO - Filling up the DagBag from /home/airflow/.local/lib/python3.7/site-packages/airflow/example_dags/example_nested_branch_dag.py
[2023-07-03T18:06:23.595+0000] {processor.py:836} INFO - DAG(s) dict_keys(['example_nested_branch_dag']) retrieved from /home/airflow/.local/lib/python3.7/site-packages/airflow/example_dags/example_nested_branch_dag.py
[2023-07-03T18:06:23.617+0000] {logging_mixin.py:149} INFO - [2023-07-03T18:06:23.617+0000] {dag.py:2726} INFO - Sync 1 DAGs
[2023-07-03T18:06:23.642+0000] {logging_mixin.py:149} INFO - [2023-07-03T18:06:23.641+0000] {dag.py:3490} INFO - Setting next_dagrun for example_nested_branch_dag to 2023-07-02T00:00:00+00:00, run_after=2023-07-03T00:00:00+00:00
[2023-07-03T18:06:23.660+0000] {processor.py:179} INFO - Processing /home/airflow/.local/lib/python3.7/site-packages/airflow/example_dags/example_nested_branch_dag.py took 0.079 seconds
[2023-07-03T18:06:54.296+0000] {processor.py:157} INFO - Started process (PID=3039) to work on /home/airflow/.local/lib/python3.7/site-packages/airflow/example_dags/example_nested_branch_dag.py
[2023-07-03T18:06:54.297+0000] {processor.py:826} INFO - Processing file /home/airflow/.local/lib/python3.7/site-packages/airflow/example_dags/example_nested_branch_dag.py for tasks to queue
[2023-07-03T18:06:54.298+0000] {logging_mixin.py:149} INFO - [2023-07-03T18:06:54.298+0000] {dagbag.py:541} INFO - Filling up the DagBag from /home/airflow/.local/lib/python3.7/site-packages/airflow/example_dags/example_nested_branch_dag.py
[2023-07-03T18:06:54.306+0000] {processor.py:836} INFO - DAG(s) dict_keys(['example_nested_branch_dag']) retrieved from /home/airflow/.local/lib/python3.7/site-packages/airflow/example_dags/example_nested_branch_dag.py
[2023-07-03T18:06:54.328+0000] {logging_mixin.py:149} INFO - [2023-07-03T18:06:54.328+0000] {dag.py:2726} INFO - Sync 1 DAGs
[2023-07-03T18:06:54.352+0000] {logging_mixin.py:149} INFO - [2023-07-03T18:06:54.351+0000] {dag.py:3490} INFO - Setting next_dagrun for example_nested_branch_dag to 2023-07-02T00:00:00+00:00, run_after=2023-07-03T00:00:00+00:00
[2023-07-03T18:06:54.373+0000] {processor.py:179} INFO - Processing /home/airflow/.local/lib/python3.7/site-packages/airflow/example_dags/example_nested_branch_dag.py took 0.081 seconds
[2023-07-03T18:07:24.993+0000] {processor.py:157} INFO - Started process (PID=3286) to work on /home/airflow/.local/lib/python3.7/site-packages/airflow/example_dags/example_nested_branch_dag.py
[2023-07-03T18:07:24.994+0000] {processor.py:826} INFO - Processing file /home/airflow/.local/lib/python3.7/site-packages/airflow/example_dags/example_nested_branch_dag.py for tasks to queue
[2023-07-03T18:07:24.995+0000] {logging_mixin.py:149} INFO - [2023-07-03T18:07:24.995+0000] {dagbag.py:541} INFO - Filling up the DagBag from /home/airflow/.local/lib/python3.7/site-packages/airflow/example_dags/example_nested_branch_dag.py
[2023-07-03T18:07:25.004+0000] {processor.py:836} INFO - DAG(s) dict_keys(['example_nested_branch_dag']) retrieved from /home/airflow/.local/lib/python3.7/site-packages/airflow/example_dags/example_nested_branch_dag.py
[2023-07-03T18:07:25.026+0000] {logging_mixin.py:149} INFO - [2023-07-03T18:07:25.026+0000] {dag.py:2726} INFO - Sync 1 DAGs
[2023-07-03T18:07:25.052+0000] {logging_mixin.py:149} INFO - [2023-07-03T18:07:25.052+0000] {dag.py:3490} INFO - Setting next_dagrun for example_nested_branch_dag to 2023-07-02T00:00:00+00:00, run_after=2023-07-03T00:00:00+00:00
[2023-07-03T18:07:25.070+0000] {processor.py:179} INFO - Processing /home/airflow/.local/lib/python3.7/site-packages/airflow/example_dags/example_nested_branch_dag.py took 0.079 seconds
[2023-07-03T18:07:55.512+0000] {processor.py:157} INFO - Started process (PID=3536) to work on /home/airflow/.local/lib/python3.7/site-packages/airflow/example_dags/example_nested_branch_dag.py
[2023-07-03T18:07:55.513+0000] {processor.py:826} INFO - Processing file /home/airflow/.local/lib/python3.7/site-packages/airflow/example_dags/example_nested_branch_dag.py for tasks to queue
[2023-07-03T18:07:55.514+0000] {logging_mixin.py:149} INFO - [2023-07-03T18:07:55.514+0000] {dagbag.py:541} INFO - Filling up the DagBag from /home/airflow/.local/lib/python3.7/site-packages/airflow/example_dags/example_nested_branch_dag.py
[2023-07-03T18:07:55.522+0000] {processor.py:836} INFO - DAG(s) dict_keys(['example_nested_branch_dag']) retrieved from /home/airflow/.local/lib/python3.7/site-packages/airflow/example_dags/example_nested_branch_dag.py
[2023-07-03T18:07:55.544+0000] {logging_mixin.py:149} INFO - [2023-07-03T18:07:55.544+0000] {dag.py:2726} INFO - Sync 1 DAGs
[2023-07-03T18:07:55.567+0000] {logging_mixin.py:149} INFO - [2023-07-03T18:07:55.566+0000] {dag.py:3490} INFO - Setting next_dagrun for example_nested_branch_dag to 2023-07-02T00:00:00+00:00, run_after=2023-07-03T00:00:00+00:00
[2023-07-03T18:07:55.585+0000] {processor.py:179} INFO - Processing /home/airflow/.local/lib/python3.7/site-packages/airflow/example_dags/example_nested_branch_dag.py took 0.076 seconds
[2023-07-03T18:08:26.053+0000] {processor.py:157} INFO - Started process (PID=3787) to work on /home/airflow/.local/lib/python3.7/site-packages/airflow/example_dags/example_nested_branch_dag.py
[2023-07-03T18:08:26.054+0000] {processor.py:826} INFO - Processing file /home/airflow/.local/lib/python3.7/site-packages/airflow/example_dags/example_nested_branch_dag.py for tasks to queue
[2023-07-03T18:08:26.055+0000] {logging_mixin.py:149} INFO - [2023-07-03T18:08:26.055+0000] {dagbag.py:541} INFO - Filling up the DagBag from /home/airflow/.local/lib/python3.7/site-packages/airflow/example_dags/example_nested_branch_dag.py
[2023-07-03T18:08:26.062+0000] {processor.py:836} INFO - DAG(s) dict_keys(['example_nested_branch_dag']) retrieved from /home/airflow/.local/lib/python3.7/site-packages/airflow/example_dags/example_nested_branch_dag.py
[2023-07-03T18:08:26.084+0000] {logging_mixin.py:149} INFO - [2023-07-03T18:08:26.084+0000] {dag.py:2726} INFO - Sync 1 DAGs
[2023-07-03T18:08:26.106+0000] {logging_mixin.py:149} INFO - [2023-07-03T18:08:26.106+0000] {dag.py:3490} INFO - Setting next_dagrun for example_nested_branch_dag to 2023-07-02T00:00:00+00:00, run_after=2023-07-03T00:00:00+00:00
[2023-07-03T18:08:26.124+0000] {processor.py:179} INFO - Processing /home/airflow/.local/lib/python3.7/site-packages/airflow/example_dags/example_nested_branch_dag.py took 0.073 seconds
[2023-07-03T18:08:56.656+0000] {processor.py:157} INFO - Started process (PID=4036) to work on /home/airflow/.local/lib/python3.7/site-packages/airflow/example_dags/example_nested_branch_dag.py
[2023-07-03T18:08:56.656+0000] {processor.py:826} INFO - Processing file /home/airflow/.local/lib/python3.7/site-packages/airflow/example_dags/example_nested_branch_dag.py for tasks to queue
[2023-07-03T18:08:56.657+0000] {logging_mixin.py:149} INFO - [2023-07-03T18:08:56.657+0000] {dagbag.py:541} INFO - Filling up the DagBag from /home/airflow/.local/lib/python3.7/site-packages/airflow/example_dags/example_nested_branch_dag.py
[2023-07-03T18:08:56.665+0000] {processor.py:836} INFO - DAG(s) dict_keys(['example_nested_branch_dag']) retrieved from /home/airflow/.local/lib/python3.7/site-packages/airflow/example_dags/example_nested_branch_dag.py
[2023-07-03T18:08:56.687+0000] {logging_mixin.py:149} INFO - [2023-07-03T18:08:56.687+0000] {dag.py:2726} INFO - Sync 1 DAGs
[2023-07-03T18:08:56.709+0000] {logging_mixin.py:149} INFO - [2023-07-03T18:08:56.709+0000] {dag.py:3490} INFO - Setting next_dagrun for example_nested_branch_dag to 2023-07-02T00:00:00+00:00, run_after=2023-07-03T00:00:00+00:00
[2023-07-03T18:08:56.727+0000] {processor.py:179} INFO - Processing /home/airflow/.local/lib/python3.7/site-packages/airflow/example_dags/example_nested_branch_dag.py took 0.073 seconds
[2023-07-03T18:09:27.295+0000] {processor.py:157} INFO - Started process (PID=4285) to work on /home/airflow/.local/lib/python3.7/site-packages/airflow/example_dags/example_nested_branch_dag.py
[2023-07-03T18:09:27.296+0000] {processor.py:826} INFO - Processing file /home/airflow/.local/lib/python3.7/site-packages/airflow/example_dags/example_nested_branch_dag.py for tasks to queue
[2023-07-03T18:09:27.297+0000] {logging_mixin.py:149} INFO - [2023-07-03T18:09:27.297+0000] {dagbag.py:541} INFO - Filling up the DagBag from /home/airflow/.local/lib/python3.7/site-packages/airflow/example_dags/example_nested_branch_dag.py
[2023-07-03T18:09:27.306+0000] {processor.py:836} INFO - DAG(s) dict_keys(['example_nested_branch_dag']) retrieved from /home/airflow/.local/lib/python3.7/site-packages/airflow/example_dags/example_nested_branch_dag.py
[2023-07-03T18:09:27.327+0000] {logging_mixin.py:149} INFO - [2023-07-03T18:09:27.327+0000] {dag.py:2726} INFO - Sync 1 DAGs
[2023-07-03T18:09:27.350+0000] {logging_mixin.py:149} INFO - [2023-07-03T18:09:27.350+0000] {dag.py:3490} INFO - Setting next_dagrun for example_nested_branch_dag to 2023-07-02T00:00:00+00:00, run_after=2023-07-03T00:00:00+00:00
[2023-07-03T18:09:27.366+0000] {processor.py:179} INFO - Processing /home/airflow/.local/lib/python3.7/site-packages/airflow/example_dags/example_nested_branch_dag.py took 0.073 seconds
[2023-07-03T18:09:58.061+0000] {processor.py:157} INFO - Started process (PID=4534) to work on /home/airflow/.local/lib/python3.7/site-packages/airflow/example_dags/example_nested_branch_dag.py
[2023-07-03T18:09:58.062+0000] {processor.py:826} INFO - Processing file /home/airflow/.local/lib/python3.7/site-packages/airflow/example_dags/example_nested_branch_dag.py for tasks to queue
[2023-07-03T18:09:58.062+0000] {logging_mixin.py:149} INFO - [2023-07-03T18:09:58.062+0000] {dagbag.py:541} INFO - Filling up the DagBag from /home/airflow/.local/lib/python3.7/site-packages/airflow/example_dags/example_nested_branch_dag.py
[2023-07-03T18:09:58.070+0000] {processor.py:836} INFO - DAG(s) dict_keys(['example_nested_branch_dag']) retrieved from /home/airflow/.local/lib/python3.7/site-packages/airflow/example_dags/example_nested_branch_dag.py
[2023-07-03T18:09:58.092+0000] {logging_mixin.py:149} INFO - [2023-07-03T18:09:58.092+0000] {dag.py:2726} INFO - Sync 1 DAGs
[2023-07-03T18:09:58.117+0000] {logging_mixin.py:149} INFO - [2023-07-03T18:09:58.116+0000] {dag.py:3490} INFO - Setting next_dagrun for example_nested_branch_dag to 2023-07-02T00:00:00+00:00, run_after=2023-07-03T00:00:00+00:00
[2023-07-03T18:09:58.136+0000] {processor.py:179} INFO - Processing /home/airflow/.local/lib/python3.7/site-packages/airflow/example_dags/example_nested_branch_dag.py took 0.078 seconds
[2023-07-03T18:10:28.339+0000] {processor.py:157} INFO - Started process (PID=4781) to work on /home/airflow/.local/lib/python3.7/site-packages/airflow/example_dags/example_nested_branch_dag.py
[2023-07-03T18:10:28.340+0000] {processor.py:826} INFO - Processing file /home/airflow/.local/lib/python3.7/site-packages/airflow/example_dags/example_nested_branch_dag.py for tasks to queue
[2023-07-03T18:10:28.341+0000] {logging_mixin.py:149} INFO - [2023-07-03T18:10:28.341+0000] {dagbag.py:541} INFO - Filling up the DagBag from /home/airflow/.local/lib/python3.7/site-packages/airflow/example_dags/example_nested_branch_dag.py
[2023-07-03T18:10:28.351+0000] {processor.py:836} INFO - DAG(s) dict_keys(['example_nested_branch_dag']) retrieved from /home/airflow/.local/lib/python3.7/site-packages/airflow/example_dags/example_nested_branch_dag.py
[2023-07-03T18:10:28.372+0000] {logging_mixin.py:149} INFO - [2023-07-03T18:10:28.372+0000] {dag.py:2726} INFO - Sync 1 DAGs
[2023-07-03T18:10:28.395+0000] {logging_mixin.py:149} INFO - [2023-07-03T18:10:28.395+0000] {dag.py:3490} INFO - Setting next_dagrun for example_nested_branch_dag to 2023-07-02T00:00:00+00:00, run_after=2023-07-03T00:00:00+00:00
[2023-07-03T18:10:28.413+0000] {processor.py:179} INFO - Processing /home/airflow/.local/lib/python3.7/site-packages/airflow/example_dags/example_nested_branch_dag.py took 0.076 seconds
[2023-07-03T18:10:58.542+0000] {processor.py:157} INFO - Started process (PID=5030) to work on /home/airflow/.local/lib/python3.7/site-packages/airflow/example_dags/example_nested_branch_dag.py
[2023-07-03T18:10:58.543+0000] {processor.py:826} INFO - Processing file /home/airflow/.local/lib/python3.7/site-packages/airflow/example_dags/example_nested_branch_dag.py for tasks to queue
[2023-07-03T18:10:58.544+0000] {logging_mixin.py:149} INFO - [2023-07-03T18:10:58.543+0000] {dagbag.py:541} INFO - Filling up the DagBag from /home/airflow/.local/lib/python3.7/site-packages/airflow/example_dags/example_nested_branch_dag.py
[2023-07-03T18:10:58.553+0000] {processor.py:836} INFO - DAG(s) dict_keys(['example_nested_branch_dag']) retrieved from /home/airflow/.local/lib/python3.7/site-packages/airflow/example_dags/example_nested_branch_dag.py
[2023-07-03T18:10:58.576+0000] {logging_mixin.py:149} INFO - [2023-07-03T18:10:58.575+0000] {dag.py:2726} INFO - Sync 1 DAGs
[2023-07-03T18:10:58.601+0000] {logging_mixin.py:149} INFO - [2023-07-03T18:10:58.601+0000] {dag.py:3490} INFO - Setting next_dagrun for example_nested_branch_dag to 2023-07-02T00:00:00+00:00, run_after=2023-07-03T00:00:00+00:00
[2023-07-03T18:10:58.618+0000] {processor.py:179} INFO - Processing /home/airflow/.local/lib/python3.7/site-packages/airflow/example_dags/example_nested_branch_dag.py took 0.079 seconds
[2023-07-03T18:11:28.767+0000] {processor.py:157} INFO - Started process (PID=5279) to work on /home/airflow/.local/lib/python3.7/site-packages/airflow/example_dags/example_nested_branch_dag.py
[2023-07-03T18:11:28.768+0000] {processor.py:826} INFO - Processing file /home/airflow/.local/lib/python3.7/site-packages/airflow/example_dags/example_nested_branch_dag.py for tasks to queue
[2023-07-03T18:11:28.768+0000] {logging_mixin.py:149} INFO - [2023-07-03T18:11:28.768+0000] {dagbag.py:541} INFO - Filling up the DagBag from /home/airflow/.local/lib/python3.7/site-packages/airflow/example_dags/example_nested_branch_dag.py
[2023-07-03T18:11:28.777+0000] {processor.py:836} INFO - DAG(s) dict_keys(['example_nested_branch_dag']) retrieved from /home/airflow/.local/lib/python3.7/site-packages/airflow/example_dags/example_nested_branch_dag.py
[2023-07-03T18:11:28.799+0000] {logging_mixin.py:149} INFO - [2023-07-03T18:11:28.799+0000] {dag.py:2726} INFO - Sync 1 DAGs
[2023-07-03T18:11:28.822+0000] {logging_mixin.py:149} INFO - [2023-07-03T18:11:28.822+0000] {dag.py:3490} INFO - Setting next_dagrun for example_nested_branch_dag to 2023-07-02T00:00:00+00:00, run_after=2023-07-03T00:00:00+00:00
[2023-07-03T18:11:28.841+0000] {processor.py:179} INFO - Processing /home/airflow/.local/lib/python3.7/site-packages/airflow/example_dags/example_nested_branch_dag.py took 0.077 seconds
[2023-07-03T18:11:59.099+0000] {processor.py:157} INFO - Started process (PID=5528) to work on /home/airflow/.local/lib/python3.7/site-packages/airflow/example_dags/example_nested_branch_dag.py
[2023-07-03T18:11:59.099+0000] {processor.py:826} INFO - Processing file /home/airflow/.local/lib/python3.7/site-packages/airflow/example_dags/example_nested_branch_dag.py for tasks to queue
[2023-07-03T18:11:59.100+0000] {logging_mixin.py:149} INFO - [2023-07-03T18:11:59.100+0000] {dagbag.py:541} INFO - Filling up the DagBag from /home/airflow/.local/lib/python3.7/site-packages/airflow/example_dags/example_nested_branch_dag.py
[2023-07-03T18:11:59.108+0000] {processor.py:836} INFO - DAG(s) dict_keys(['example_nested_branch_dag']) retrieved from /home/airflow/.local/lib/python3.7/site-packages/airflow/example_dags/example_nested_branch_dag.py
[2023-07-03T18:11:59.131+0000] {logging_mixin.py:149} INFO - [2023-07-03T18:11:59.131+0000] {dag.py:2726} INFO - Sync 1 DAGs
[2023-07-03T18:11:59.153+0000] {logging_mixin.py:149} INFO - [2023-07-03T18:11:59.153+0000] {dag.py:3490} INFO - Setting next_dagrun for example_nested_branch_dag to 2023-07-02T00:00:00+00:00, run_after=2023-07-03T00:00:00+00:00
[2023-07-03T18:11:59.171+0000] {processor.py:179} INFO - Processing /home/airflow/.local/lib/python3.7/site-packages/airflow/example_dags/example_nested_branch_dag.py took 0.075 seconds
[2023-07-03T18:12:30.067+0000] {processor.py:157} INFO - Started process (PID=5777) to work on /home/airflow/.local/lib/python3.7/site-packages/airflow/example_dags/example_nested_branch_dag.py
[2023-07-03T18:12:30.068+0000] {processor.py:826} INFO - Processing file /home/airflow/.local/lib/python3.7/site-packages/airflow/example_dags/example_nested_branch_dag.py for tasks to queue
[2023-07-03T18:12:30.069+0000] {logging_mixin.py:149} INFO - [2023-07-03T18:12:30.069+0000] {dagbag.py:541} INFO - Filling up the DagBag from /home/airflow/.local/lib/python3.7/site-packages/airflow/example_dags/example_nested_branch_dag.py
[2023-07-03T18:12:30.077+0000] {processor.py:836} INFO - DAG(s) dict_keys(['example_nested_branch_dag']) retrieved from /home/airflow/.local/lib/python3.7/site-packages/airflow/example_dags/example_nested_branch_dag.py
[2023-07-03T18:12:30.100+0000] {logging_mixin.py:149} INFO - [2023-07-03T18:12:30.100+0000] {dag.py:2726} INFO - Sync 1 DAGs
[2023-07-03T18:12:30.123+0000] {logging_mixin.py:149} INFO - [2023-07-03T18:12:30.123+0000] {dag.py:3490} INFO - Setting next_dagrun for example_nested_branch_dag to 2023-07-02T00:00:00+00:00, run_after=2023-07-03T00:00:00+00:00
[2023-07-03T18:12:30.141+0000] {processor.py:179} INFO - Processing /home/airflow/.local/lib/python3.7/site-packages/airflow/example_dags/example_nested_branch_dag.py took 0.076 seconds
[2023-07-03T18:13:00.813+0000] {processor.py:157} INFO - Started process (PID=6026) to work on /home/airflow/.local/lib/python3.7/site-packages/airflow/example_dags/example_nested_branch_dag.py
[2023-07-03T18:13:00.814+0000] {processor.py:826} INFO - Processing file /home/airflow/.local/lib/python3.7/site-packages/airflow/example_dags/example_nested_branch_dag.py for tasks to queue
[2023-07-03T18:13:00.815+0000] {logging_mixin.py:149} INFO - [2023-07-03T18:13:00.815+0000] {dagbag.py:541} INFO - Filling up the DagBag from /home/airflow/.local/lib/python3.7/site-packages/airflow/example_dags/example_nested_branch_dag.py
[2023-07-03T18:13:00.823+0000] {processor.py:836} INFO - DAG(s) dict_keys(['example_nested_branch_dag']) retrieved from /home/airflow/.local/lib/python3.7/site-packages/airflow/example_dags/example_nested_branch_dag.py
[2023-07-03T18:13:00.845+0000] {logging_mixin.py:149} INFO - [2023-07-03T18:13:00.845+0000] {dag.py:2726} INFO - Sync 1 DAGs
[2023-07-03T18:13:00.867+0000] {logging_mixin.py:149} INFO - [2023-07-03T18:13:00.867+0000] {dag.py:3490} INFO - Setting next_dagrun for example_nested_branch_dag to 2023-07-02T00:00:00+00:00, run_after=2023-07-03T00:00:00+00:00
[2023-07-03T18:13:00.885+0000] {processor.py:179} INFO - Processing /home/airflow/.local/lib/python3.7/site-packages/airflow/example_dags/example_nested_branch_dag.py took 0.075 seconds
[2023-07-03T18:13:31.350+0000] {processor.py:157} INFO - Started process (PID=6275) to work on /home/airflow/.local/lib/python3.7/site-packages/airflow/example_dags/example_nested_branch_dag.py
[2023-07-03T18:13:31.351+0000] {processor.py:826} INFO - Processing file /home/airflow/.local/lib/python3.7/site-packages/airflow/example_dags/example_nested_branch_dag.py for tasks to queue
[2023-07-03T18:13:31.352+0000] {logging_mixin.py:149} INFO - [2023-07-03T18:13:31.352+0000] {dagbag.py:541} INFO - Filling up the DagBag from /home/airflow/.local/lib/python3.7/site-packages/airflow/example_dags/example_nested_branch_dag.py
[2023-07-03T18:13:31.361+0000] {processor.py:836} INFO - DAG(s) dict_keys(['example_nested_branch_dag']) retrieved from /home/airflow/.local/lib/python3.7/site-packages/airflow/example_dags/example_nested_branch_dag.py
[2023-07-03T18:13:31.383+0000] {logging_mixin.py:149} INFO - [2023-07-03T18:13:31.382+0000] {dag.py:2726} INFO - Sync 1 DAGs
[2023-07-03T18:13:31.404+0000] {logging_mixin.py:149} INFO - [2023-07-03T18:13:31.404+0000] {dag.py:3490} INFO - Setting next_dagrun for example_nested_branch_dag to 2023-07-02T00:00:00+00:00, run_after=2023-07-03T00:00:00+00:00
[2023-07-03T18:13:31.423+0000] {processor.py:179} INFO - Processing /home/airflow/.local/lib/python3.7/site-packages/airflow/example_dags/example_nested_branch_dag.py took 0.076 seconds
[2023-07-03T18:14:01.877+0000] {processor.py:157} INFO - Started process (PID=6524) to work on /home/airflow/.local/lib/python3.7/site-packages/airflow/example_dags/example_nested_branch_dag.py
[2023-07-03T18:14:01.878+0000] {processor.py:826} INFO - Processing file /home/airflow/.local/lib/python3.7/site-packages/airflow/example_dags/example_nested_branch_dag.py for tasks to queue
[2023-07-03T18:14:01.879+0000] {logging_mixin.py:149} INFO - [2023-07-03T18:14:01.879+0000] {dagbag.py:541} INFO - Filling up the DagBag from /home/airflow/.local/lib/python3.7/site-packages/airflow/example_dags/example_nested_branch_dag.py
[2023-07-03T18:14:01.887+0000] {processor.py:836} INFO - DAG(s) dict_keys(['example_nested_branch_dag']) retrieved from /home/airflow/.local/lib/python3.7/site-packages/airflow/example_dags/example_nested_branch_dag.py
[2023-07-03T18:14:01.910+0000] {logging_mixin.py:149} INFO - [2023-07-03T18:14:01.909+0000] {dag.py:2726} INFO - Sync 1 DAGs
[2023-07-03T18:14:01.931+0000] {logging_mixin.py:149} INFO - [2023-07-03T18:14:01.931+0000] {dag.py:3490} INFO - Setting next_dagrun for example_nested_branch_dag to 2023-07-02T00:00:00+00:00, run_after=2023-07-03T00:00:00+00:00
[2023-07-03T18:14:01.949+0000] {processor.py:179} INFO - Processing /home/airflow/.local/lib/python3.7/site-packages/airflow/example_dags/example_nested_branch_dag.py took 0.075 seconds
[2023-07-03T18:14:32.464+0000] {processor.py:157} INFO - Started process (PID=6773) to work on /home/airflow/.local/lib/python3.7/site-packages/airflow/example_dags/example_nested_branch_dag.py
[2023-07-03T18:14:32.465+0000] {processor.py:826} INFO - Processing file /home/airflow/.local/lib/python3.7/site-packages/airflow/example_dags/example_nested_branch_dag.py for tasks to queue
[2023-07-03T18:14:32.466+0000] {logging_mixin.py:149} INFO - [2023-07-03T18:14:32.466+0000] {dagbag.py:541} INFO - Filling up the DagBag from /home/airflow/.local/lib/python3.7/site-packages/airflow/example_dags/example_nested_branch_dag.py
[2023-07-03T18:14:32.475+0000] {processor.py:836} INFO - DAG(s) dict_keys(['example_nested_branch_dag']) retrieved from /home/airflow/.local/lib/python3.7/site-packages/airflow/example_dags/example_nested_branch_dag.py
[2023-07-03T18:14:32.497+0000] {logging_mixin.py:149} INFO - [2023-07-03T18:14:32.497+0000] {dag.py:2726} INFO - Sync 1 DAGs
[2023-07-03T18:14:32.519+0000] {logging_mixin.py:149} INFO - [2023-07-03T18:14:32.519+0000] {dag.py:3490} INFO - Setting next_dagrun for example_nested_branch_dag to 2023-07-02T00:00:00+00:00, run_after=2023-07-03T00:00:00+00:00
[2023-07-03T18:14:32.536+0000] {processor.py:179} INFO - Processing /home/airflow/.local/lib/python3.7/site-packages/airflow/example_dags/example_nested_branch_dag.py took 0.074 seconds
[2023-07-03T18:15:02.991+0000] {processor.py:157} INFO - Started process (PID=7022) to work on /home/airflow/.local/lib/python3.7/site-packages/airflow/example_dags/example_nested_branch_dag.py
[2023-07-03T18:15:02.992+0000] {processor.py:826} INFO - Processing file /home/airflow/.local/lib/python3.7/site-packages/airflow/example_dags/example_nested_branch_dag.py for tasks to queue
[2023-07-03T18:15:02.992+0000] {logging_mixin.py:149} INFO - [2023-07-03T18:15:02.992+0000] {dagbag.py:541} INFO - Filling up the DagBag from /home/airflow/.local/lib/python3.7/site-packages/airflow/example_dags/example_nested_branch_dag.py
[2023-07-03T18:15:03.001+0000] {processor.py:836} INFO - DAG(s) dict_keys(['example_nested_branch_dag']) retrieved from /home/airflow/.local/lib/python3.7/site-packages/airflow/example_dags/example_nested_branch_dag.py
[2023-07-03T18:15:03.024+0000] {logging_mixin.py:149} INFO - [2023-07-03T18:15:03.024+0000] {dag.py:2726} INFO - Sync 1 DAGs
[2023-07-03T18:15:03.046+0000] {logging_mixin.py:149} INFO - [2023-07-03T18:15:03.046+0000] {dag.py:3490} INFO - Setting next_dagrun for example_nested_branch_dag to 2023-07-02T00:00:00+00:00, run_after=2023-07-03T00:00:00+00:00
[2023-07-03T18:15:03.064+0000] {processor.py:179} INFO - Processing /home/airflow/.local/lib/python3.7/site-packages/airflow/example_dags/example_nested_branch_dag.py took 0.077 seconds
[2023-07-03T18:15:33.506+0000] {processor.py:157} INFO - Started process (PID=7271) to work on /home/airflow/.local/lib/python3.7/site-packages/airflow/example_dags/example_nested_branch_dag.py
[2023-07-03T18:15:33.507+0000] {processor.py:826} INFO - Processing file /home/airflow/.local/lib/python3.7/site-packages/airflow/example_dags/example_nested_branch_dag.py for tasks to queue
[2023-07-03T18:15:33.507+0000] {logging_mixin.py:149} INFO - [2023-07-03T18:15:33.507+0000] {dagbag.py:541} INFO - Filling up the DagBag from /home/airflow/.local/lib/python3.7/site-packages/airflow/example_dags/example_nested_branch_dag.py
[2023-07-03T18:15:33.517+0000] {processor.py:836} INFO - DAG(s) dict_keys(['example_nested_branch_dag']) retrieved from /home/airflow/.local/lib/python3.7/site-packages/airflow/example_dags/example_nested_branch_dag.py
[2023-07-03T18:15:33.539+0000] {logging_mixin.py:149} INFO - [2023-07-03T18:15:33.539+0000] {dag.py:2726} INFO - Sync 1 DAGs
[2023-07-03T18:15:33.561+0000] {logging_mixin.py:149} INFO - [2023-07-03T18:15:33.561+0000] {dag.py:3490} INFO - Setting next_dagrun for example_nested_branch_dag to 2023-07-02T00:00:00+00:00, run_after=2023-07-03T00:00:00+00:00
[2023-07-03T18:15:33.579+0000] {processor.py:179} INFO - Processing /home/airflow/.local/lib/python3.7/site-packages/airflow/example_dags/example_nested_branch_dag.py took 0.076 seconds
[2023-07-03T18:16:04.249+0000] {processor.py:157} INFO - Started process (PID=7520) to work on /home/airflow/.local/lib/python3.7/site-packages/airflow/example_dags/example_nested_branch_dag.py
[2023-07-03T18:16:04.250+0000] {processor.py:826} INFO - Processing file /home/airflow/.local/lib/python3.7/site-packages/airflow/example_dags/example_nested_branch_dag.py for tasks to queue
[2023-07-03T18:16:04.251+0000] {logging_mixin.py:149} INFO - [2023-07-03T18:16:04.251+0000] {dagbag.py:541} INFO - Filling up the DagBag from /home/airflow/.local/lib/python3.7/site-packages/airflow/example_dags/example_nested_branch_dag.py
[2023-07-03T18:16:04.260+0000] {processor.py:836} INFO - DAG(s) dict_keys(['example_nested_branch_dag']) retrieved from /home/airflow/.local/lib/python3.7/site-packages/airflow/example_dags/example_nested_branch_dag.py
[2023-07-03T18:16:04.281+0000] {logging_mixin.py:149} INFO - [2023-07-03T18:16:04.281+0000] {dag.py:2726} INFO - Sync 1 DAGs
[2023-07-03T18:16:04.304+0000] {logging_mixin.py:149} INFO - [2023-07-03T18:16:04.304+0000] {dag.py:3490} INFO - Setting next_dagrun for example_nested_branch_dag to 2023-07-02T00:00:00+00:00, run_after=2023-07-03T00:00:00+00:00
[2023-07-03T18:16:04.324+0000] {processor.py:179} INFO - Processing /home/airflow/.local/lib/python3.7/site-packages/airflow/example_dags/example_nested_branch_dag.py took 0.077 seconds
[2023-07-03T18:16:35.319+0000] {processor.py:157} INFO - Started process (PID=7769) to work on /home/airflow/.local/lib/python3.7/site-packages/airflow/example_dags/example_nested_branch_dag.py
[2023-07-03T18:16:35.320+0000] {processor.py:826} INFO - Processing file /home/airflow/.local/lib/python3.7/site-packages/airflow/example_dags/example_nested_branch_dag.py for tasks to queue
[2023-07-03T18:16:35.320+0000] {logging_mixin.py:149} INFO - [2023-07-03T18:16:35.320+0000] {dagbag.py:541} INFO - Filling up the DagBag from /home/airflow/.local/lib/python3.7/site-packages/airflow/example_dags/example_nested_branch_dag.py
[2023-07-03T18:16:35.329+0000] {processor.py:836} INFO - DAG(s) dict_keys(['example_nested_branch_dag']) retrieved from /home/airflow/.local/lib/python3.7/site-packages/airflow/example_dags/example_nested_branch_dag.py
[2023-07-03T18:16:35.350+0000] {logging_mixin.py:149} INFO - [2023-07-03T18:16:35.350+0000] {dag.py:2726} INFO - Sync 1 DAGs
[2023-07-03T18:16:35.373+0000] {logging_mixin.py:149} INFO - [2023-07-03T18:16:35.373+0000] {dag.py:3490} INFO - Setting next_dagrun for example_nested_branch_dag to 2023-07-02T00:00:00+00:00, run_after=2023-07-03T00:00:00+00:00
[2023-07-03T18:16:35.390+0000] {processor.py:179} INFO - Processing /home/airflow/.local/lib/python3.7/site-packages/airflow/example_dags/example_nested_branch_dag.py took 0.075 seconds
[2023-07-03T18:17:06.180+0000] {processor.py:157} INFO - Started process (PID=8019) to work on /home/airflow/.local/lib/python3.7/site-packages/airflow/example_dags/example_nested_branch_dag.py
[2023-07-03T18:17:06.181+0000] {processor.py:826} INFO - Processing file /home/airflow/.local/lib/python3.7/site-packages/airflow/example_dags/example_nested_branch_dag.py for tasks to queue
[2023-07-03T18:17:06.184+0000] {logging_mixin.py:149} INFO - [2023-07-03T18:17:06.183+0000] {dagbag.py:541} INFO - Filling up the DagBag from /home/airflow/.local/lib/python3.7/site-packages/airflow/example_dags/example_nested_branch_dag.py
[2023-07-03T18:17:06.205+0000] {processor.py:836} INFO - DAG(s) dict_keys(['example_nested_branch_dag']) retrieved from /home/airflow/.local/lib/python3.7/site-packages/airflow/example_dags/example_nested_branch_dag.py
[2023-07-03T18:17:06.278+0000] {logging_mixin.py:149} INFO - [2023-07-03T18:17:06.278+0000] {dag.py:2726} INFO - Sync 1 DAGs
[2023-07-03T18:17:06.337+0000] {logging_mixin.py:149} INFO - [2023-07-03T18:17:06.337+0000] {dag.py:3490} INFO - Setting next_dagrun for example_nested_branch_dag to 2023-07-02T00:00:00+00:00, run_after=2023-07-03T00:00:00+00:00
[2023-07-03T18:17:06.399+0000] {processor.py:179} INFO - Processing /home/airflow/.local/lib/python3.7/site-packages/airflow/example_dags/example_nested_branch_dag.py took 0.223 seconds
[2023-07-03T18:17:37.147+0000] {processor.py:157} INFO - Started process (PID=8268) to work on /home/airflow/.local/lib/python3.7/site-packages/airflow/example_dags/example_nested_branch_dag.py
[2023-07-03T18:17:37.148+0000] {processor.py:826} INFO - Processing file /home/airflow/.local/lib/python3.7/site-packages/airflow/example_dags/example_nested_branch_dag.py for tasks to queue
[2023-07-03T18:17:37.149+0000] {logging_mixin.py:149} INFO - [2023-07-03T18:17:37.149+0000] {dagbag.py:541} INFO - Filling up the DagBag from /home/airflow/.local/lib/python3.7/site-packages/airflow/example_dags/example_nested_branch_dag.py
[2023-07-03T18:17:37.159+0000] {processor.py:836} INFO - DAG(s) dict_keys(['example_nested_branch_dag']) retrieved from /home/airflow/.local/lib/python3.7/site-packages/airflow/example_dags/example_nested_branch_dag.py
[2023-07-03T18:17:37.186+0000] {logging_mixin.py:149} INFO - [2023-07-03T18:17:37.186+0000] {dag.py:2726} INFO - Sync 1 DAGs
[2023-07-03T18:17:37.211+0000] {logging_mixin.py:149} INFO - [2023-07-03T18:17:37.211+0000] {dag.py:3490} INFO - Setting next_dagrun for example_nested_branch_dag to 2023-07-02T00:00:00+00:00, run_after=2023-07-03T00:00:00+00:00
[2023-07-03T18:17:37.231+0000] {processor.py:179} INFO - Processing /home/airflow/.local/lib/python3.7/site-packages/airflow/example_dags/example_nested_branch_dag.py took 0.087 seconds
[2023-07-03T18:18:08.063+0000] {processor.py:157} INFO - Started process (PID=8517) to work on /home/airflow/.local/lib/python3.7/site-packages/airflow/example_dags/example_nested_branch_dag.py
[2023-07-03T18:18:08.065+0000] {processor.py:826} INFO - Processing file /home/airflow/.local/lib/python3.7/site-packages/airflow/example_dags/example_nested_branch_dag.py for tasks to queue
[2023-07-03T18:18:08.066+0000] {logging_mixin.py:149} INFO - [2023-07-03T18:18:08.066+0000] {dagbag.py:541} INFO - Filling up the DagBag from /home/airflow/.local/lib/python3.7/site-packages/airflow/example_dags/example_nested_branch_dag.py
[2023-07-03T18:18:08.078+0000] {processor.py:836} INFO - DAG(s) dict_keys(['example_nested_branch_dag']) retrieved from /home/airflow/.local/lib/python3.7/site-packages/airflow/example_dags/example_nested_branch_dag.py
[2023-07-03T18:18:08.108+0000] {logging_mixin.py:149} INFO - [2023-07-03T18:18:08.108+0000] {dag.py:2726} INFO - Sync 1 DAGs
[2023-07-03T18:18:08.138+0000] {logging_mixin.py:149} INFO - [2023-07-03T18:18:08.138+0000] {dag.py:3490} INFO - Setting next_dagrun for example_nested_branch_dag to 2023-07-02T00:00:00+00:00, run_after=2023-07-03T00:00:00+00:00
[2023-07-03T18:18:08.167+0000] {processor.py:179} INFO - Processing /home/airflow/.local/lib/python3.7/site-packages/airflow/example_dags/example_nested_branch_dag.py took 0.109 seconds
[2023-07-03T18:18:38.250+0000] {processor.py:157} INFO - Started process (PID=8766) to work on /home/airflow/.local/lib/python3.7/site-packages/airflow/example_dags/example_nested_branch_dag.py
[2023-07-03T18:18:38.251+0000] {processor.py:826} INFO - Processing file /home/airflow/.local/lib/python3.7/site-packages/airflow/example_dags/example_nested_branch_dag.py for tasks to queue
[2023-07-03T18:18:38.252+0000] {logging_mixin.py:149} INFO - [2023-07-03T18:18:38.252+0000] {dagbag.py:541} INFO - Filling up the DagBag from /home/airflow/.local/lib/python3.7/site-packages/airflow/example_dags/example_nested_branch_dag.py
[2023-07-03T18:18:38.262+0000] {processor.py:836} INFO - DAG(s) dict_keys(['example_nested_branch_dag']) retrieved from /home/airflow/.local/lib/python3.7/site-packages/airflow/example_dags/example_nested_branch_dag.py
[2023-07-03T18:18:38.286+0000] {logging_mixin.py:149} INFO - [2023-07-03T18:18:38.286+0000] {dag.py:2726} INFO - Sync 1 DAGs
[2023-07-03T18:18:38.311+0000] {logging_mixin.py:149} INFO - [2023-07-03T18:18:38.311+0000] {dag.py:3490} INFO - Setting next_dagrun for example_nested_branch_dag to 2023-07-02T00:00:00+00:00, run_after=2023-07-03T00:00:00+00:00
[2023-07-03T18:18:38.332+0000] {processor.py:179} INFO - Processing /home/airflow/.local/lib/python3.7/site-packages/airflow/example_dags/example_nested_branch_dag.py took 0.085 seconds
[2023-07-03T18:19:08.426+0000] {processor.py:157} INFO - Started process (PID=9010) to work on /home/airflow/.local/lib/python3.7/site-packages/airflow/example_dags/example_nested_branch_dag.py
[2023-07-03T18:19:08.427+0000] {processor.py:826} INFO - Processing file /home/airflow/.local/lib/python3.7/site-packages/airflow/example_dags/example_nested_branch_dag.py for tasks to queue
[2023-07-03T18:19:08.428+0000] {logging_mixin.py:149} INFO - [2023-07-03T18:19:08.428+0000] {dagbag.py:541} INFO - Filling up the DagBag from /home/airflow/.local/lib/python3.7/site-packages/airflow/example_dags/example_nested_branch_dag.py
[2023-07-03T18:19:08.440+0000] {processor.py:836} INFO - DAG(s) dict_keys(['example_nested_branch_dag']) retrieved from /home/airflow/.local/lib/python3.7/site-packages/airflow/example_dags/example_nested_branch_dag.py
[2023-07-03T18:19:08.470+0000] {logging_mixin.py:149} INFO - [2023-07-03T18:19:08.470+0000] {dag.py:2726} INFO - Sync 1 DAGs
[2023-07-03T18:19:08.497+0000] {logging_mixin.py:149} INFO - [2023-07-03T18:19:08.497+0000] {dag.py:3490} INFO - Setting next_dagrun for example_nested_branch_dag to 2023-07-02T00:00:00+00:00, run_after=2023-07-03T00:00:00+00:00
[2023-07-03T18:19:08.521+0000] {processor.py:179} INFO - Processing /home/airflow/.local/lib/python3.7/site-packages/airflow/example_dags/example_nested_branch_dag.py took 0.098 seconds
[2023-07-03T18:19:38.709+0000] {processor.py:157} INFO - Started process (PID=9259) to work on /home/airflow/.local/lib/python3.7/site-packages/airflow/example_dags/example_nested_branch_dag.py
[2023-07-03T18:19:38.710+0000] {processor.py:826} INFO - Processing file /home/airflow/.local/lib/python3.7/site-packages/airflow/example_dags/example_nested_branch_dag.py for tasks to queue
[2023-07-03T18:19:38.711+0000] {logging_mixin.py:149} INFO - [2023-07-03T18:19:38.710+0000] {dagbag.py:541} INFO - Filling up the DagBag from /home/airflow/.local/lib/python3.7/site-packages/airflow/example_dags/example_nested_branch_dag.py
[2023-07-03T18:19:38.719+0000] {processor.py:836} INFO - DAG(s) dict_keys(['example_nested_branch_dag']) retrieved from /home/airflow/.local/lib/python3.7/site-packages/airflow/example_dags/example_nested_branch_dag.py
[2023-07-03T18:19:38.748+0000] {logging_mixin.py:149} INFO - [2023-07-03T18:19:38.748+0000] {dag.py:2726} INFO - Sync 1 DAGs
[2023-07-03T18:19:38.779+0000] {logging_mixin.py:149} INFO - [2023-07-03T18:19:38.779+0000] {dag.py:3490} INFO - Setting next_dagrun for example_nested_branch_dag to 2023-07-02T00:00:00+00:00, run_after=2023-07-03T00:00:00+00:00
[2023-07-03T18:19:38.805+0000] {processor.py:179} INFO - Processing /home/airflow/.local/lib/python3.7/site-packages/airflow/example_dags/example_nested_branch_dag.py took 0.100 seconds
