[2023-07-03T18:01:15.641+0000] {processor.py:157} INFO - Started process (PID=217) to work on /home/airflow/.local/lib/python3.7/site-packages/airflow/example_dags/example_bash_operator.py
[2023-07-03T18:01:15.642+0000] {processor.py:826} INFO - Processing file /home/airflow/.local/lib/python3.7/site-packages/airflow/example_dags/example_bash_operator.py for tasks to queue
[2023-07-03T18:01:15.642+0000] {logging_mixin.py:149} INFO - [2023-07-03T18:01:15.642+0000] {dagbag.py:541} INFO - Filling up the DagBag from /home/airflow/.local/lib/python3.7/site-packages/airflow/example_dags/example_bash_operator.py
[2023-07-03T18:01:15.656+0000] {processor.py:836} INFO - DAG(s) dict_keys(['example_bash_operator']) retrieved from /home/airflow/.local/lib/python3.7/site-packages/airflow/example_dags/example_bash_operator.py
[2023-07-03T18:01:15.665+0000] {logging_mixin.py:149} INFO - [2023-07-03T18:01:15.665+0000] {dag.py:2726} INFO - Sync 1 DAGs
[2023-07-03T18:01:15.688+0000] {logging_mixin.py:149} INFO - [2023-07-03T18:01:15.688+0000] {dag.py:3490} INFO - Setting next_dagrun for example_bash_operator to 2023-07-02T00:00:00+00:00, run_after=2023-07-03T00:00:00+00:00
[2023-07-03T18:01:15.706+0000] {processor.py:179} INFO - Processing /home/airflow/.local/lib/python3.7/site-packages/airflow/example_dags/example_bash_operator.py took 0.068 seconds
[2023-07-03T18:01:45.850+0000] {processor.py:157} INFO - Started process (PID=466) to work on /home/airflow/.local/lib/python3.7/site-packages/airflow/example_dags/example_bash_operator.py
[2023-07-03T18:01:45.851+0000] {processor.py:826} INFO - Processing file /home/airflow/.local/lib/python3.7/site-packages/airflow/example_dags/example_bash_operator.py for tasks to queue
[2023-07-03T18:01:45.851+0000] {logging_mixin.py:149} INFO - [2023-07-03T18:01:45.851+0000] {dagbag.py:541} INFO - Filling up the DagBag from /home/airflow/.local/lib/python3.7/site-packages/airflow/example_dags/example_bash_operator.py
[2023-07-03T18:01:45.863+0000] {processor.py:836} INFO - DAG(s) dict_keys(['example_bash_operator']) retrieved from /home/airflow/.local/lib/python3.7/site-packages/airflow/example_dags/example_bash_operator.py
[2023-07-03T18:01:45.897+0000] {logging_mixin.py:149} INFO - [2023-07-03T18:01:45.896+0000] {dag.py:2726} INFO - Sync 1 DAGs
[2023-07-03T18:01:45.919+0000] {logging_mixin.py:149} INFO - [2023-07-03T18:01:45.919+0000] {dag.py:3490} INFO - Setting next_dagrun for example_bash_operator to 2023-07-02T00:00:00+00:00, run_after=2023-07-03T00:00:00+00:00
[2023-07-03T18:01:45.937+0000] {processor.py:179} INFO - Processing /home/airflow/.local/lib/python3.7/site-packages/airflow/example_dags/example_bash_operator.py took 0.090 seconds
[2023-07-03T18:02:16.206+0000] {processor.py:157} INFO - Started process (PID=718) to work on /home/airflow/.local/lib/python3.7/site-packages/airflow/example_dags/example_bash_operator.py
[2023-07-03T18:02:16.207+0000] {processor.py:826} INFO - Processing file /home/airflow/.local/lib/python3.7/site-packages/airflow/example_dags/example_bash_operator.py for tasks to queue
[2023-07-03T18:02:16.208+0000] {logging_mixin.py:149} INFO - [2023-07-03T18:02:16.208+0000] {dagbag.py:541} INFO - Filling up the DagBag from /home/airflow/.local/lib/python3.7/site-packages/airflow/example_dags/example_bash_operator.py
[2023-07-03T18:02:16.220+0000] {processor.py:836} INFO - DAG(s) dict_keys(['example_bash_operator']) retrieved from /home/airflow/.local/lib/python3.7/site-packages/airflow/example_dags/example_bash_operator.py
[2023-07-03T18:02:16.253+0000] {logging_mixin.py:149} INFO - [2023-07-03T18:02:16.253+0000] {dag.py:2726} INFO - Sync 1 DAGs
[2023-07-03T18:02:16.275+0000] {logging_mixin.py:149} INFO - [2023-07-03T18:02:16.275+0000] {dag.py:3490} INFO - Setting next_dagrun for example_bash_operator to 2023-07-02T00:00:00+00:00, run_after=2023-07-03T00:00:00+00:00
[2023-07-03T18:02:16.293+0000] {processor.py:179} INFO - Processing /home/airflow/.local/lib/python3.7/site-packages/airflow/example_dags/example_bash_operator.py took 0.089 seconds
[2023-07-03T18:02:46.397+0000] {processor.py:157} INFO - Started process (PID=967) to work on /home/airflow/.local/lib/python3.7/site-packages/airflow/example_dags/example_bash_operator.py
[2023-07-03T18:02:46.398+0000] {processor.py:826} INFO - Processing file /home/airflow/.local/lib/python3.7/site-packages/airflow/example_dags/example_bash_operator.py for tasks to queue
[2023-07-03T18:02:46.399+0000] {logging_mixin.py:149} INFO - [2023-07-03T18:02:46.399+0000] {dagbag.py:541} INFO - Filling up the DagBag from /home/airflow/.local/lib/python3.7/site-packages/airflow/example_dags/example_bash_operator.py
[2023-07-03T18:02:46.413+0000] {processor.py:836} INFO - DAG(s) dict_keys(['example_bash_operator']) retrieved from /home/airflow/.local/lib/python3.7/site-packages/airflow/example_dags/example_bash_operator.py
[2023-07-03T18:02:46.446+0000] {logging_mixin.py:149} INFO - [2023-07-03T18:02:46.446+0000] {dag.py:2726} INFO - Sync 1 DAGs
[2023-07-03T18:02:46.469+0000] {logging_mixin.py:149} INFO - [2023-07-03T18:02:46.469+0000] {dag.py:3490} INFO - Setting next_dagrun for example_bash_operator to 2023-07-02T00:00:00+00:00, run_after=2023-07-03T00:00:00+00:00
[2023-07-03T18:02:46.485+0000] {processor.py:179} INFO - Processing /home/airflow/.local/lib/python3.7/site-packages/airflow/example_dags/example_bash_operator.py took 0.092 seconds
[2023-07-03T18:03:16.559+0000] {processor.py:157} INFO - Started process (PID=1214) to work on /home/airflow/.local/lib/python3.7/site-packages/airflow/example_dags/example_bash_operator.py
[2023-07-03T18:03:16.560+0000] {processor.py:826} INFO - Processing file /home/airflow/.local/lib/python3.7/site-packages/airflow/example_dags/example_bash_operator.py for tasks to queue
[2023-07-03T18:03:16.561+0000] {logging_mixin.py:149} INFO - [2023-07-03T18:03:16.561+0000] {dagbag.py:541} INFO - Filling up the DagBag from /home/airflow/.local/lib/python3.7/site-packages/airflow/example_dags/example_bash_operator.py
[2023-07-03T18:03:16.574+0000] {processor.py:836} INFO - DAG(s) dict_keys(['example_bash_operator']) retrieved from /home/airflow/.local/lib/python3.7/site-packages/airflow/example_dags/example_bash_operator.py
[2023-07-03T18:03:16.607+0000] {logging_mixin.py:149} INFO - [2023-07-03T18:03:16.607+0000] {dag.py:2726} INFO - Sync 1 DAGs
[2023-07-03T18:03:16.631+0000] {logging_mixin.py:149} INFO - [2023-07-03T18:03:16.631+0000] {dag.py:3490} INFO - Setting next_dagrun for example_bash_operator to 2023-07-02T00:00:00+00:00, run_after=2023-07-03T00:00:00+00:00
[2023-07-03T18:03:16.649+0000] {processor.py:179} INFO - Processing /home/airflow/.local/lib/python3.7/site-packages/airflow/example_dags/example_bash_operator.py took 0.093 seconds
[2023-07-03T18:03:47.247+0000] {processor.py:157} INFO - Started process (PID=1465) to work on /home/airflow/.local/lib/python3.7/site-packages/airflow/example_dags/example_bash_operator.py
[2023-07-03T18:03:47.248+0000] {processor.py:826} INFO - Processing file /home/airflow/.local/lib/python3.7/site-packages/airflow/example_dags/example_bash_operator.py for tasks to queue
[2023-07-03T18:03:47.249+0000] {logging_mixin.py:149} INFO - [2023-07-03T18:03:47.249+0000] {dagbag.py:541} INFO - Filling up the DagBag from /home/airflow/.local/lib/python3.7/site-packages/airflow/example_dags/example_bash_operator.py
[2023-07-03T18:03:47.263+0000] {processor.py:836} INFO - DAG(s) dict_keys(['example_bash_operator']) retrieved from /home/airflow/.local/lib/python3.7/site-packages/airflow/example_dags/example_bash_operator.py
[2023-07-03T18:03:47.299+0000] {logging_mixin.py:149} INFO - [2023-07-03T18:03:47.299+0000] {dag.py:2726} INFO - Sync 1 DAGs
[2023-07-03T18:03:47.321+0000] {logging_mixin.py:149} INFO - [2023-07-03T18:03:47.321+0000] {dag.py:3490} INFO - Setting next_dagrun for example_bash_operator to 2023-07-02T00:00:00+00:00, run_after=2023-07-03T00:00:00+00:00
[2023-07-03T18:03:47.340+0000] {processor.py:179} INFO - Processing /home/airflow/.local/lib/python3.7/site-packages/airflow/example_dags/example_bash_operator.py took 0.096 seconds
[2023-07-03T18:04:17.928+0000] {processor.py:157} INFO - Started process (PID=1714) to work on /home/airflow/.local/lib/python3.7/site-packages/airflow/example_dags/example_bash_operator.py
[2023-07-03T18:04:17.928+0000] {processor.py:826} INFO - Processing file /home/airflow/.local/lib/python3.7/site-packages/airflow/example_dags/example_bash_operator.py for tasks to queue
[2023-07-03T18:04:17.929+0000] {logging_mixin.py:149} INFO - [2023-07-03T18:04:17.929+0000] {dagbag.py:541} INFO - Filling up the DagBag from /home/airflow/.local/lib/python3.7/site-packages/airflow/example_dags/example_bash_operator.py
[2023-07-03T18:04:17.947+0000] {processor.py:836} INFO - DAG(s) dict_keys(['example_bash_operator']) retrieved from /home/airflow/.local/lib/python3.7/site-packages/airflow/example_dags/example_bash_operator.py
[2023-07-03T18:04:17.981+0000] {logging_mixin.py:149} INFO - [2023-07-03T18:04:17.981+0000] {dag.py:2726} INFO - Sync 1 DAGs
[2023-07-03T18:04:18.006+0000] {logging_mixin.py:149} INFO - [2023-07-03T18:04:18.005+0000] {dag.py:3490} INFO - Setting next_dagrun for example_bash_operator to 2023-07-02T00:00:00+00:00, run_after=2023-07-03T00:00:00+00:00
[2023-07-03T18:04:18.024+0000] {processor.py:179} INFO - Processing /home/airflow/.local/lib/python3.7/site-packages/airflow/example_dags/example_bash_operator.py took 0.099 seconds
[2023-07-03T18:04:48.511+0000] {processor.py:157} INFO - Started process (PID=1961) to work on /home/airflow/.local/lib/python3.7/site-packages/airflow/example_dags/example_bash_operator.py
[2023-07-03T18:04:48.512+0000] {processor.py:826} INFO - Processing file /home/airflow/.local/lib/python3.7/site-packages/airflow/example_dags/example_bash_operator.py for tasks to queue
[2023-07-03T18:04:48.513+0000] {logging_mixin.py:149} INFO - [2023-07-03T18:04:48.513+0000] {dagbag.py:541} INFO - Filling up the DagBag from /home/airflow/.local/lib/python3.7/site-packages/airflow/example_dags/example_bash_operator.py
[2023-07-03T18:04:48.525+0000] {processor.py:836} INFO - DAG(s) dict_keys(['example_bash_operator']) retrieved from /home/airflow/.local/lib/python3.7/site-packages/airflow/example_dags/example_bash_operator.py
[2023-07-03T18:04:48.559+0000] {logging_mixin.py:149} INFO - [2023-07-03T18:04:48.559+0000] {dag.py:2726} INFO - Sync 1 DAGs
[2023-07-03T18:04:48.581+0000] {logging_mixin.py:149} INFO - [2023-07-03T18:04:48.581+0000] {dag.py:3490} INFO - Setting next_dagrun for example_bash_operator to 2023-07-02T00:00:00+00:00, run_after=2023-07-03T00:00:00+00:00
[2023-07-03T18:04:48.599+0000] {processor.py:179} INFO - Processing /home/airflow/.local/lib/python3.7/site-packages/airflow/example_dags/example_bash_operator.py took 0.090 seconds
[2023-07-03T18:05:19.220+0000] {processor.py:157} INFO - Started process (PID=2210) to work on /home/airflow/.local/lib/python3.7/site-packages/airflow/example_dags/example_bash_operator.py
[2023-07-03T18:05:19.221+0000] {processor.py:826} INFO - Processing file /home/airflow/.local/lib/python3.7/site-packages/airflow/example_dags/example_bash_operator.py for tasks to queue
[2023-07-03T18:05:19.222+0000] {logging_mixin.py:149} INFO - [2023-07-03T18:05:19.222+0000] {dagbag.py:541} INFO - Filling up the DagBag from /home/airflow/.local/lib/python3.7/site-packages/airflow/example_dags/example_bash_operator.py
[2023-07-03T18:05:19.234+0000] {processor.py:836} INFO - DAG(s) dict_keys(['example_bash_operator']) retrieved from /home/airflow/.local/lib/python3.7/site-packages/airflow/example_dags/example_bash_operator.py
[2023-07-03T18:05:19.266+0000] {logging_mixin.py:149} INFO - [2023-07-03T18:05:19.266+0000] {dag.py:2726} INFO - Sync 1 DAGs
[2023-07-03T18:05:19.288+0000] {logging_mixin.py:149} INFO - [2023-07-03T18:05:19.288+0000] {dag.py:3490} INFO - Setting next_dagrun for example_bash_operator to 2023-07-02T00:00:00+00:00, run_after=2023-07-03T00:00:00+00:00
[2023-07-03T18:05:19.305+0000] {processor.py:179} INFO - Processing /home/airflow/.local/lib/python3.7/site-packages/airflow/example_dags/example_bash_operator.py took 0.089 seconds
[2023-07-03T18:05:49.839+0000] {processor.py:157} INFO - Started process (PID=2459) to work on /home/airflow/.local/lib/python3.7/site-packages/airflow/example_dags/example_bash_operator.py
[2023-07-03T18:05:49.840+0000] {processor.py:826} INFO - Processing file /home/airflow/.local/lib/python3.7/site-packages/airflow/example_dags/example_bash_operator.py for tasks to queue
[2023-07-03T18:05:49.841+0000] {logging_mixin.py:149} INFO - [2023-07-03T18:05:49.841+0000] {dagbag.py:541} INFO - Filling up the DagBag from /home/airflow/.local/lib/python3.7/site-packages/airflow/example_dags/example_bash_operator.py
[2023-07-03T18:05:49.853+0000] {processor.py:836} INFO - DAG(s) dict_keys(['example_bash_operator']) retrieved from /home/airflow/.local/lib/python3.7/site-packages/airflow/example_dags/example_bash_operator.py
[2023-07-03T18:05:49.887+0000] {logging_mixin.py:149} INFO - [2023-07-03T18:05:49.887+0000] {dag.py:2726} INFO - Sync 1 DAGs
[2023-07-03T18:05:49.909+0000] {logging_mixin.py:149} INFO - [2023-07-03T18:05:49.909+0000] {dag.py:3490} INFO - Setting next_dagrun for example_bash_operator to 2023-07-02T00:00:00+00:00, run_after=2023-07-03T00:00:00+00:00
[2023-07-03T18:05:49.928+0000] {processor.py:179} INFO - Processing /home/airflow/.local/lib/python3.7/site-packages/airflow/example_dags/example_bash_operator.py took 0.091 seconds
[2023-07-03T18:06:20.570+0000] {processor.py:157} INFO - Started process (PID=2708) to work on /home/airflow/.local/lib/python3.7/site-packages/airflow/example_dags/example_bash_operator.py
[2023-07-03T18:06:20.571+0000] {processor.py:826} INFO - Processing file /home/airflow/.local/lib/python3.7/site-packages/airflow/example_dags/example_bash_operator.py for tasks to queue
[2023-07-03T18:06:20.572+0000] {logging_mixin.py:149} INFO - [2023-07-03T18:06:20.572+0000] {dagbag.py:541} INFO - Filling up the DagBag from /home/airflow/.local/lib/python3.7/site-packages/airflow/example_dags/example_bash_operator.py
[2023-07-03T18:06:20.584+0000] {processor.py:836} INFO - DAG(s) dict_keys(['example_bash_operator']) retrieved from /home/airflow/.local/lib/python3.7/site-packages/airflow/example_dags/example_bash_operator.py
[2023-07-03T18:06:20.619+0000] {logging_mixin.py:149} INFO - [2023-07-03T18:06:20.619+0000] {dag.py:2726} INFO - Sync 1 DAGs
[2023-07-03T18:06:20.642+0000] {logging_mixin.py:149} INFO - [2023-07-03T18:06:20.642+0000] {dag.py:3490} INFO - Setting next_dagrun for example_bash_operator to 2023-07-02T00:00:00+00:00, run_after=2023-07-03T00:00:00+00:00
[2023-07-03T18:06:20.660+0000] {processor.py:179} INFO - Processing /home/airflow/.local/lib/python3.7/site-packages/airflow/example_dags/example_bash_operator.py took 0.093 seconds
[2023-07-03T18:06:51.246+0000] {processor.py:157} INFO - Started process (PID=2959) to work on /home/airflow/.local/lib/python3.7/site-packages/airflow/example_dags/example_bash_operator.py
[2023-07-03T18:06:51.247+0000] {processor.py:826} INFO - Processing file /home/airflow/.local/lib/python3.7/site-packages/airflow/example_dags/example_bash_operator.py for tasks to queue
[2023-07-03T18:06:51.248+0000] {logging_mixin.py:149} INFO - [2023-07-03T18:06:51.248+0000] {dagbag.py:541} INFO - Filling up the DagBag from /home/airflow/.local/lib/python3.7/site-packages/airflow/example_dags/example_bash_operator.py
[2023-07-03T18:06:51.260+0000] {processor.py:836} INFO - DAG(s) dict_keys(['example_bash_operator']) retrieved from /home/airflow/.local/lib/python3.7/site-packages/airflow/example_dags/example_bash_operator.py
[2023-07-03T18:06:51.296+0000] {logging_mixin.py:149} INFO - [2023-07-03T18:06:51.295+0000] {dag.py:2726} INFO - Sync 1 DAGs
[2023-07-03T18:06:51.319+0000] {logging_mixin.py:149} INFO - [2023-07-03T18:06:51.319+0000] {dag.py:3490} INFO - Setting next_dagrun for example_bash_operator to 2023-07-02T00:00:00+00:00, run_after=2023-07-03T00:00:00+00:00
[2023-07-03T18:06:51.338+0000] {processor.py:179} INFO - Processing /home/airflow/.local/lib/python3.7/site-packages/airflow/example_dags/example_bash_operator.py took 0.095 seconds
[2023-07-03T18:07:22.043+0000] {processor.py:157} INFO - Started process (PID=3206) to work on /home/airflow/.local/lib/python3.7/site-packages/airflow/example_dags/example_bash_operator.py
[2023-07-03T18:07:22.044+0000] {processor.py:826} INFO - Processing file /home/airflow/.local/lib/python3.7/site-packages/airflow/example_dags/example_bash_operator.py for tasks to queue
[2023-07-03T18:07:22.045+0000] {logging_mixin.py:149} INFO - [2023-07-03T18:07:22.045+0000] {dagbag.py:541} INFO - Filling up the DagBag from /home/airflow/.local/lib/python3.7/site-packages/airflow/example_dags/example_bash_operator.py
[2023-07-03T18:07:22.059+0000] {processor.py:836} INFO - DAG(s) dict_keys(['example_bash_operator']) retrieved from /home/airflow/.local/lib/python3.7/site-packages/airflow/example_dags/example_bash_operator.py
[2023-07-03T18:07:22.094+0000] {logging_mixin.py:149} INFO - [2023-07-03T18:07:22.093+0000] {dag.py:2726} INFO - Sync 1 DAGs
[2023-07-03T18:07:22.117+0000] {logging_mixin.py:149} INFO - [2023-07-03T18:07:22.117+0000] {dag.py:3490} INFO - Setting next_dagrun for example_bash_operator to 2023-07-02T00:00:00+00:00, run_after=2023-07-03T00:00:00+00:00
[2023-07-03T18:07:22.135+0000] {processor.py:179} INFO - Processing /home/airflow/.local/lib/python3.7/site-packages/airflow/example_dags/example_bash_operator.py took 0.094 seconds
[2023-07-03T18:07:52.588+0000] {processor.py:157} INFO - Started process (PID=3456) to work on /home/airflow/.local/lib/python3.7/site-packages/airflow/example_dags/example_bash_operator.py
[2023-07-03T18:07:52.589+0000] {processor.py:826} INFO - Processing file /home/airflow/.local/lib/python3.7/site-packages/airflow/example_dags/example_bash_operator.py for tasks to queue
[2023-07-03T18:07:52.590+0000] {logging_mixin.py:149} INFO - [2023-07-03T18:07:52.590+0000] {dagbag.py:541} INFO - Filling up the DagBag from /home/airflow/.local/lib/python3.7/site-packages/airflow/example_dags/example_bash_operator.py
[2023-07-03T18:07:52.602+0000] {processor.py:836} INFO - DAG(s) dict_keys(['example_bash_operator']) retrieved from /home/airflow/.local/lib/python3.7/site-packages/airflow/example_dags/example_bash_operator.py
[2023-07-03T18:07:52.635+0000] {logging_mixin.py:149} INFO - [2023-07-03T18:07:52.635+0000] {dag.py:2726} INFO - Sync 1 DAGs
[2023-07-03T18:07:52.660+0000] {logging_mixin.py:149} INFO - [2023-07-03T18:07:52.660+0000] {dag.py:3490} INFO - Setting next_dagrun for example_bash_operator to 2023-07-02T00:00:00+00:00, run_after=2023-07-03T00:00:00+00:00
[2023-07-03T18:07:52.676+0000] {processor.py:179} INFO - Processing /home/airflow/.local/lib/python3.7/site-packages/airflow/example_dags/example_bash_operator.py took 0.091 seconds
[2023-07-03T18:08:23.057+0000] {processor.py:157} INFO - Started process (PID=3705) to work on /home/airflow/.local/lib/python3.7/site-packages/airflow/example_dags/example_bash_operator.py
[2023-07-03T18:08:23.058+0000] {processor.py:826} INFO - Processing file /home/airflow/.local/lib/python3.7/site-packages/airflow/example_dags/example_bash_operator.py for tasks to queue
[2023-07-03T18:08:23.059+0000] {logging_mixin.py:149} INFO - [2023-07-03T18:08:23.059+0000] {dagbag.py:541} INFO - Filling up the DagBag from /home/airflow/.local/lib/python3.7/site-packages/airflow/example_dags/example_bash_operator.py
[2023-07-03T18:08:23.072+0000] {processor.py:836} INFO - DAG(s) dict_keys(['example_bash_operator']) retrieved from /home/airflow/.local/lib/python3.7/site-packages/airflow/example_dags/example_bash_operator.py
[2023-07-03T18:08:23.107+0000] {logging_mixin.py:149} INFO - [2023-07-03T18:08:23.107+0000] {dag.py:2726} INFO - Sync 1 DAGs
[2023-07-03T18:08:23.130+0000] {logging_mixin.py:149} INFO - [2023-07-03T18:08:23.130+0000] {dag.py:3490} INFO - Setting next_dagrun for example_bash_operator to 2023-07-02T00:00:00+00:00, run_after=2023-07-03T00:00:00+00:00
[2023-07-03T18:08:23.149+0000] {processor.py:179} INFO - Processing /home/airflow/.local/lib/python3.7/site-packages/airflow/example_dags/example_bash_operator.py took 0.094 seconds
[2023-07-03T18:08:53.656+0000] {processor.py:157} INFO - Started process (PID=3956) to work on /home/airflow/.local/lib/python3.7/site-packages/airflow/example_dags/example_bash_operator.py
[2023-07-03T18:08:53.657+0000] {processor.py:826} INFO - Processing file /home/airflow/.local/lib/python3.7/site-packages/airflow/example_dags/example_bash_operator.py for tasks to queue
[2023-07-03T18:08:53.658+0000] {logging_mixin.py:149} INFO - [2023-07-03T18:08:53.657+0000] {dagbag.py:541} INFO - Filling up the DagBag from /home/airflow/.local/lib/python3.7/site-packages/airflow/example_dags/example_bash_operator.py
[2023-07-03T18:08:53.670+0000] {processor.py:836} INFO - DAG(s) dict_keys(['example_bash_operator']) retrieved from /home/airflow/.local/lib/python3.7/site-packages/airflow/example_dags/example_bash_operator.py
[2023-07-03T18:08:53.703+0000] {logging_mixin.py:149} INFO - [2023-07-03T18:08:53.703+0000] {dag.py:2726} INFO - Sync 1 DAGs
[2023-07-03T18:08:53.725+0000] {logging_mixin.py:149} INFO - [2023-07-03T18:08:53.725+0000] {dag.py:3490} INFO - Setting next_dagrun for example_bash_operator to 2023-07-02T00:00:00+00:00, run_after=2023-07-03T00:00:00+00:00
[2023-07-03T18:08:53.744+0000] {processor.py:179} INFO - Processing /home/airflow/.local/lib/python3.7/site-packages/airflow/example_dags/example_bash_operator.py took 0.091 seconds
[2023-07-03T18:09:24.316+0000] {processor.py:157} INFO - Started process (PID=4203) to work on /home/airflow/.local/lib/python3.7/site-packages/airflow/example_dags/example_bash_operator.py
[2023-07-03T18:09:24.317+0000] {processor.py:826} INFO - Processing file /home/airflow/.local/lib/python3.7/site-packages/airflow/example_dags/example_bash_operator.py for tasks to queue
[2023-07-03T18:09:24.318+0000] {logging_mixin.py:149} INFO - [2023-07-03T18:09:24.318+0000] {dagbag.py:541} INFO - Filling up the DagBag from /home/airflow/.local/lib/python3.7/site-packages/airflow/example_dags/example_bash_operator.py
[2023-07-03T18:09:24.330+0000] {processor.py:836} INFO - DAG(s) dict_keys(['example_bash_operator']) retrieved from /home/airflow/.local/lib/python3.7/site-packages/airflow/example_dags/example_bash_operator.py
[2023-07-03T18:09:24.362+0000] {logging_mixin.py:149} INFO - [2023-07-03T18:09:24.362+0000] {dag.py:2726} INFO - Sync 1 DAGs
[2023-07-03T18:09:24.388+0000] {logging_mixin.py:149} INFO - [2023-07-03T18:09:24.388+0000] {dag.py:3490} INFO - Setting next_dagrun for example_bash_operator to 2023-07-02T00:00:00+00:00, run_after=2023-07-03T00:00:00+00:00
[2023-07-03T18:09:24.406+0000] {processor.py:179} INFO - Processing /home/airflow/.local/lib/python3.7/site-packages/airflow/example_dags/example_bash_operator.py took 0.092 seconds
[2023-07-03T18:09:54.995+0000] {processor.py:157} INFO - Started process (PID=4452) to work on /home/airflow/.local/lib/python3.7/site-packages/airflow/example_dags/example_bash_operator.py
[2023-07-03T18:09:54.996+0000] {processor.py:826} INFO - Processing file /home/airflow/.local/lib/python3.7/site-packages/airflow/example_dags/example_bash_operator.py for tasks to queue
[2023-07-03T18:09:54.997+0000] {logging_mixin.py:149} INFO - [2023-07-03T18:09:54.997+0000] {dagbag.py:541} INFO - Filling up the DagBag from /home/airflow/.local/lib/python3.7/site-packages/airflow/example_dags/example_bash_operator.py
[2023-07-03T18:09:55.012+0000] {processor.py:836} INFO - DAG(s) dict_keys(['example_bash_operator']) retrieved from /home/airflow/.local/lib/python3.7/site-packages/airflow/example_dags/example_bash_operator.py
[2023-07-03T18:09:55.046+0000] {logging_mixin.py:149} INFO - [2023-07-03T18:09:55.045+0000] {dag.py:2726} INFO - Sync 1 DAGs
[2023-07-03T18:09:55.068+0000] {logging_mixin.py:149} INFO - [2023-07-03T18:09:55.068+0000] {dag.py:3490} INFO - Setting next_dagrun for example_bash_operator to 2023-07-02T00:00:00+00:00, run_after=2023-07-03T00:00:00+00:00
[2023-07-03T18:09:55.088+0000] {processor.py:179} INFO - Processing /home/airflow/.local/lib/python3.7/site-packages/airflow/example_dags/example_bash_operator.py took 0.096 seconds
[2023-07-03T18:10:25.261+0000] {processor.py:157} INFO - Started process (PID=4703) to work on /home/airflow/.local/lib/python3.7/site-packages/airflow/example_dags/example_bash_operator.py
[2023-07-03T18:10:25.262+0000] {processor.py:826} INFO - Processing file /home/airflow/.local/lib/python3.7/site-packages/airflow/example_dags/example_bash_operator.py for tasks to queue
[2023-07-03T18:10:25.263+0000] {logging_mixin.py:149} INFO - [2023-07-03T18:10:25.263+0000] {dagbag.py:541} INFO - Filling up the DagBag from /home/airflow/.local/lib/python3.7/site-packages/airflow/example_dags/example_bash_operator.py
[2023-07-03T18:10:25.276+0000] {processor.py:836} INFO - DAG(s) dict_keys(['example_bash_operator']) retrieved from /home/airflow/.local/lib/python3.7/site-packages/airflow/example_dags/example_bash_operator.py
[2023-07-03T18:10:25.310+0000] {logging_mixin.py:149} INFO - [2023-07-03T18:10:25.309+0000] {dag.py:2726} INFO - Sync 1 DAGs
[2023-07-03T18:10:25.332+0000] {logging_mixin.py:149} INFO - [2023-07-03T18:10:25.332+0000] {dag.py:3490} INFO - Setting next_dagrun for example_bash_operator to 2023-07-02T00:00:00+00:00, run_after=2023-07-03T00:00:00+00:00
[2023-07-03T18:10:25.349+0000] {processor.py:179} INFO - Processing /home/airflow/.local/lib/python3.7/site-packages/airflow/example_dags/example_bash_operator.py took 0.090 seconds
[2023-07-03T18:10:55.531+0000] {processor.py:157} INFO - Started process (PID=4950) to work on /home/airflow/.local/lib/python3.7/site-packages/airflow/example_dags/example_bash_operator.py
[2023-07-03T18:10:55.532+0000] {processor.py:826} INFO - Processing file /home/airflow/.local/lib/python3.7/site-packages/airflow/example_dags/example_bash_operator.py for tasks to queue
[2023-07-03T18:10:55.533+0000] {logging_mixin.py:149} INFO - [2023-07-03T18:10:55.533+0000] {dagbag.py:541} INFO - Filling up the DagBag from /home/airflow/.local/lib/python3.7/site-packages/airflow/example_dags/example_bash_operator.py
[2023-07-03T18:10:55.545+0000] {processor.py:836} INFO - DAG(s) dict_keys(['example_bash_operator']) retrieved from /home/airflow/.local/lib/python3.7/site-packages/airflow/example_dags/example_bash_operator.py
[2023-07-03T18:10:55.580+0000] {logging_mixin.py:149} INFO - [2023-07-03T18:10:55.580+0000] {dag.py:2726} INFO - Sync 1 DAGs
[2023-07-03T18:10:55.603+0000] {logging_mixin.py:149} INFO - [2023-07-03T18:10:55.603+0000] {dag.py:3490} INFO - Setting next_dagrun for example_bash_operator to 2023-07-02T00:00:00+00:00, run_after=2023-07-03T00:00:00+00:00
[2023-07-03T18:10:55.619+0000] {processor.py:179} INFO - Processing /home/airflow/.local/lib/python3.7/site-packages/airflow/example_dags/example_bash_operator.py took 0.091 seconds
[2023-07-03T18:11:25.668+0000] {processor.py:157} INFO - Started process (PID=5199) to work on /home/airflow/.local/lib/python3.7/site-packages/airflow/example_dags/example_bash_operator.py
[2023-07-03T18:11:25.669+0000] {processor.py:826} INFO - Processing file /home/airflow/.local/lib/python3.7/site-packages/airflow/example_dags/example_bash_operator.py for tasks to queue
[2023-07-03T18:11:25.670+0000] {logging_mixin.py:149} INFO - [2023-07-03T18:11:25.670+0000] {dagbag.py:541} INFO - Filling up the DagBag from /home/airflow/.local/lib/python3.7/site-packages/airflow/example_dags/example_bash_operator.py
[2023-07-03T18:11:25.682+0000] {processor.py:836} INFO - DAG(s) dict_keys(['example_bash_operator']) retrieved from /home/airflow/.local/lib/python3.7/site-packages/airflow/example_dags/example_bash_operator.py
[2023-07-03T18:11:25.714+0000] {logging_mixin.py:149} INFO - [2023-07-03T18:11:25.714+0000] {dag.py:2726} INFO - Sync 1 DAGs
[2023-07-03T18:11:25.736+0000] {logging_mixin.py:149} INFO - [2023-07-03T18:11:25.736+0000] {dag.py:3490} INFO - Setting next_dagrun for example_bash_operator to 2023-07-02T00:00:00+00:00, run_after=2023-07-03T00:00:00+00:00
[2023-07-03T18:11:25.755+0000] {processor.py:179} INFO - Processing /home/airflow/.local/lib/python3.7/site-packages/airflow/example_dags/example_bash_operator.py took 0.090 seconds
[2023-07-03T18:11:55.886+0000] {processor.py:157} INFO - Started process (PID=5450) to work on /home/airflow/.local/lib/python3.7/site-packages/airflow/example_dags/example_bash_operator.py
[2023-07-03T18:11:55.887+0000] {processor.py:826} INFO - Processing file /home/airflow/.local/lib/python3.7/site-packages/airflow/example_dags/example_bash_operator.py for tasks to queue
[2023-07-03T18:11:55.888+0000] {logging_mixin.py:149} INFO - [2023-07-03T18:11:55.888+0000] {dagbag.py:541} INFO - Filling up the DagBag from /home/airflow/.local/lib/python3.7/site-packages/airflow/example_dags/example_bash_operator.py
[2023-07-03T18:11:55.900+0000] {processor.py:836} INFO - DAG(s) dict_keys(['example_bash_operator']) retrieved from /home/airflow/.local/lib/python3.7/site-packages/airflow/example_dags/example_bash_operator.py
[2023-07-03T18:11:55.933+0000] {logging_mixin.py:149} INFO - [2023-07-03T18:11:55.933+0000] {dag.py:2726} INFO - Sync 1 DAGs
[2023-07-03T18:11:55.956+0000] {logging_mixin.py:149} INFO - [2023-07-03T18:11:55.955+0000] {dag.py:3490} INFO - Setting next_dagrun for example_bash_operator to 2023-07-02T00:00:00+00:00, run_after=2023-07-03T00:00:00+00:00
[2023-07-03T18:11:55.974+0000] {processor.py:179} INFO - Processing /home/airflow/.local/lib/python3.7/site-packages/airflow/example_dags/example_bash_operator.py took 0.090 seconds
[2023-07-03T18:12:26.041+0000] {processor.py:157} INFO - Started process (PID=5702) to work on /home/airflow/.local/lib/python3.7/site-packages/airflow/example_dags/example_bash_operator.py
[2023-07-03T18:12:26.042+0000] {processor.py:826} INFO - Processing file /home/airflow/.local/lib/python3.7/site-packages/airflow/example_dags/example_bash_operator.py for tasks to queue
[2023-07-03T18:12:26.043+0000] {logging_mixin.py:149} INFO - [2023-07-03T18:12:26.043+0000] {dagbag.py:541} INFO - Filling up the DagBag from /home/airflow/.local/lib/python3.7/site-packages/airflow/example_dags/example_bash_operator.py
[2023-07-03T18:12:26.055+0000] {processor.py:836} INFO - DAG(s) dict_keys(['example_bash_operator']) retrieved from /home/airflow/.local/lib/python3.7/site-packages/airflow/example_dags/example_bash_operator.py
[2023-07-03T18:12:26.088+0000] {logging_mixin.py:149} INFO - [2023-07-03T18:12:26.088+0000] {dag.py:2726} INFO - Sync 1 DAGs
[2023-07-03T18:12:26.113+0000] {logging_mixin.py:149} INFO - [2023-07-03T18:12:26.112+0000] {dag.py:3490} INFO - Setting next_dagrun for example_bash_operator to 2023-07-02T00:00:00+00:00, run_after=2023-07-03T00:00:00+00:00
[2023-07-03T18:12:26.130+0000] {processor.py:179} INFO - Processing /home/airflow/.local/lib/python3.7/site-packages/airflow/example_dags/example_bash_operator.py took 0.091 seconds
[2023-07-03T18:12:56.752+0000] {processor.py:157} INFO - Started process (PID=5948) to work on /home/airflow/.local/lib/python3.7/site-packages/airflow/example_dags/example_bash_operator.py
[2023-07-03T18:12:56.753+0000] {processor.py:826} INFO - Processing file /home/airflow/.local/lib/python3.7/site-packages/airflow/example_dags/example_bash_operator.py for tasks to queue
[2023-07-03T18:12:56.754+0000] {logging_mixin.py:149} INFO - [2023-07-03T18:12:56.754+0000] {dagbag.py:541} INFO - Filling up the DagBag from /home/airflow/.local/lib/python3.7/site-packages/airflow/example_dags/example_bash_operator.py
[2023-07-03T18:12:56.767+0000] {processor.py:836} INFO - DAG(s) dict_keys(['example_bash_operator']) retrieved from /home/airflow/.local/lib/python3.7/site-packages/airflow/example_dags/example_bash_operator.py
[2023-07-03T18:12:56.800+0000] {logging_mixin.py:149} INFO - [2023-07-03T18:12:56.800+0000] {dag.py:2726} INFO - Sync 1 DAGs
[2023-07-03T18:12:56.822+0000] {logging_mixin.py:149} INFO - [2023-07-03T18:12:56.821+0000] {dag.py:3490} INFO - Setting next_dagrun for example_bash_operator to 2023-07-02T00:00:00+00:00, run_after=2023-07-03T00:00:00+00:00
[2023-07-03T18:12:56.839+0000] {processor.py:179} INFO - Processing /home/airflow/.local/lib/python3.7/site-packages/airflow/example_dags/example_bash_operator.py took 0.089 seconds
[2023-07-03T18:13:27.419+0000] {processor.py:157} INFO - Started process (PID=6195) to work on /home/airflow/.local/lib/python3.7/site-packages/airflow/example_dags/example_bash_operator.py
[2023-07-03T18:13:27.420+0000] {processor.py:826} INFO - Processing file /home/airflow/.local/lib/python3.7/site-packages/airflow/example_dags/example_bash_operator.py for tasks to queue
[2023-07-03T18:13:27.421+0000] {logging_mixin.py:149} INFO - [2023-07-03T18:13:27.421+0000] {dagbag.py:541} INFO - Filling up the DagBag from /home/airflow/.local/lib/python3.7/site-packages/airflow/example_dags/example_bash_operator.py
[2023-07-03T18:13:27.433+0000] {processor.py:836} INFO - DAG(s) dict_keys(['example_bash_operator']) retrieved from /home/airflow/.local/lib/python3.7/site-packages/airflow/example_dags/example_bash_operator.py
[2023-07-03T18:13:27.467+0000] {logging_mixin.py:149} INFO - [2023-07-03T18:13:27.467+0000] {dag.py:2726} INFO - Sync 1 DAGs
[2023-07-03T18:13:27.490+0000] {logging_mixin.py:149} INFO - [2023-07-03T18:13:27.490+0000] {dag.py:3490} INFO - Setting next_dagrun for example_bash_operator to 2023-07-02T00:00:00+00:00, run_after=2023-07-03T00:00:00+00:00
[2023-07-03T18:13:27.507+0000] {processor.py:179} INFO - Processing /home/airflow/.local/lib/python3.7/site-packages/airflow/example_dags/example_bash_operator.py took 0.091 seconds
[2023-07-03T18:13:57.983+0000] {processor.py:157} INFO - Started process (PID=6444) to work on /home/airflow/.local/lib/python3.7/site-packages/airflow/example_dags/example_bash_operator.py
[2023-07-03T18:13:57.984+0000] {processor.py:826} INFO - Processing file /home/airflow/.local/lib/python3.7/site-packages/airflow/example_dags/example_bash_operator.py for tasks to queue
[2023-07-03T18:13:57.985+0000] {logging_mixin.py:149} INFO - [2023-07-03T18:13:57.985+0000] {dagbag.py:541} INFO - Filling up the DagBag from /home/airflow/.local/lib/python3.7/site-packages/airflow/example_dags/example_bash_operator.py
[2023-07-03T18:13:57.997+0000] {processor.py:836} INFO - DAG(s) dict_keys(['example_bash_operator']) retrieved from /home/airflow/.local/lib/python3.7/site-packages/airflow/example_dags/example_bash_operator.py
[2023-07-03T18:13:58.030+0000] {logging_mixin.py:149} INFO - [2023-07-03T18:13:58.030+0000] {dag.py:2726} INFO - Sync 1 DAGs
[2023-07-03T18:13:58.055+0000] {logging_mixin.py:149} INFO - [2023-07-03T18:13:58.054+0000] {dag.py:3490} INFO - Setting next_dagrun for example_bash_operator to 2023-07-02T00:00:00+00:00, run_after=2023-07-03T00:00:00+00:00
[2023-07-03T18:13:58.072+0000] {processor.py:179} INFO - Processing /home/airflow/.local/lib/python3.7/site-packages/airflow/example_dags/example_bash_operator.py took 0.091 seconds
[2023-07-03T18:14:28.488+0000] {processor.py:157} INFO - Started process (PID=6695) to work on /home/airflow/.local/lib/python3.7/site-packages/airflow/example_dags/example_bash_operator.py
[2023-07-03T18:14:28.489+0000] {processor.py:826} INFO - Processing file /home/airflow/.local/lib/python3.7/site-packages/airflow/example_dags/example_bash_operator.py for tasks to queue
[2023-07-03T18:14:28.490+0000] {logging_mixin.py:149} INFO - [2023-07-03T18:14:28.490+0000] {dagbag.py:541} INFO - Filling up the DagBag from /home/airflow/.local/lib/python3.7/site-packages/airflow/example_dags/example_bash_operator.py
[2023-07-03T18:14:28.503+0000] {processor.py:836} INFO - DAG(s) dict_keys(['example_bash_operator']) retrieved from /home/airflow/.local/lib/python3.7/site-packages/airflow/example_dags/example_bash_operator.py
[2023-07-03T18:14:28.536+0000] {logging_mixin.py:149} INFO - [2023-07-03T18:14:28.535+0000] {dag.py:2726} INFO - Sync 1 DAGs
[2023-07-03T18:14:28.557+0000] {logging_mixin.py:149} INFO - [2023-07-03T18:14:28.557+0000] {dag.py:3490} INFO - Setting next_dagrun for example_bash_operator to 2023-07-02T00:00:00+00:00, run_after=2023-07-03T00:00:00+00:00
[2023-07-03T18:14:28.574+0000] {processor.py:179} INFO - Processing /home/airflow/.local/lib/python3.7/site-packages/airflow/example_dags/example_bash_operator.py took 0.089 seconds
[2023-07-03T18:14:59.072+0000] {processor.py:157} INFO - Started process (PID=6942) to work on /home/airflow/.local/lib/python3.7/site-packages/airflow/example_dags/example_bash_operator.py
[2023-07-03T18:14:59.073+0000] {processor.py:826} INFO - Processing file /home/airflow/.local/lib/python3.7/site-packages/airflow/example_dags/example_bash_operator.py for tasks to queue
[2023-07-03T18:14:59.074+0000] {logging_mixin.py:149} INFO - [2023-07-03T18:14:59.074+0000] {dagbag.py:541} INFO - Filling up the DagBag from /home/airflow/.local/lib/python3.7/site-packages/airflow/example_dags/example_bash_operator.py
[2023-07-03T18:14:59.087+0000] {processor.py:836} INFO - DAG(s) dict_keys(['example_bash_operator']) retrieved from /home/airflow/.local/lib/python3.7/site-packages/airflow/example_dags/example_bash_operator.py
[2023-07-03T18:14:59.123+0000] {logging_mixin.py:149} INFO - [2023-07-03T18:14:59.123+0000] {dag.py:2726} INFO - Sync 1 DAGs
[2023-07-03T18:14:59.146+0000] {logging_mixin.py:149} INFO - [2023-07-03T18:14:59.146+0000] {dag.py:3490} INFO - Setting next_dagrun for example_bash_operator to 2023-07-02T00:00:00+00:00, run_after=2023-07-03T00:00:00+00:00
[2023-07-03T18:14:59.164+0000] {processor.py:179} INFO - Processing /home/airflow/.local/lib/python3.7/site-packages/airflow/example_dags/example_bash_operator.py took 0.095 seconds
[2023-07-03T18:15:29.617+0000] {processor.py:157} INFO - Started process (PID=7191) to work on /home/airflow/.local/lib/python3.7/site-packages/airflow/example_dags/example_bash_operator.py
[2023-07-03T18:15:29.618+0000] {processor.py:826} INFO - Processing file /home/airflow/.local/lib/python3.7/site-packages/airflow/example_dags/example_bash_operator.py for tasks to queue
[2023-07-03T18:15:29.619+0000] {logging_mixin.py:149} INFO - [2023-07-03T18:15:29.619+0000] {dagbag.py:541} INFO - Filling up the DagBag from /home/airflow/.local/lib/python3.7/site-packages/airflow/example_dags/example_bash_operator.py
[2023-07-03T18:15:29.633+0000] {processor.py:836} INFO - DAG(s) dict_keys(['example_bash_operator']) retrieved from /home/airflow/.local/lib/python3.7/site-packages/airflow/example_dags/example_bash_operator.py
[2023-07-03T18:15:29.669+0000] {logging_mixin.py:149} INFO - [2023-07-03T18:15:29.669+0000] {dag.py:2726} INFO - Sync 1 DAGs
[2023-07-03T18:15:29.694+0000] {logging_mixin.py:149} INFO - [2023-07-03T18:15:29.693+0000] {dag.py:3490} INFO - Setting next_dagrun for example_bash_operator to 2023-07-02T00:00:00+00:00, run_after=2023-07-03T00:00:00+00:00
[2023-07-03T18:15:29.711+0000] {processor.py:179} INFO - Processing /home/airflow/.local/lib/python3.7/site-packages/airflow/example_dags/example_bash_operator.py took 0.098 seconds
[2023-07-03T18:16:00.204+0000] {processor.py:157} INFO - Started process (PID=7440) to work on /home/airflow/.local/lib/python3.7/site-packages/airflow/example_dags/example_bash_operator.py
[2023-07-03T18:16:00.205+0000] {processor.py:826} INFO - Processing file /home/airflow/.local/lib/python3.7/site-packages/airflow/example_dags/example_bash_operator.py for tasks to queue
[2023-07-03T18:16:00.206+0000] {logging_mixin.py:149} INFO - [2023-07-03T18:16:00.206+0000] {dagbag.py:541} INFO - Filling up the DagBag from /home/airflow/.local/lib/python3.7/site-packages/airflow/example_dags/example_bash_operator.py
[2023-07-03T18:16:00.219+0000] {processor.py:836} INFO - DAG(s) dict_keys(['example_bash_operator']) retrieved from /home/airflow/.local/lib/python3.7/site-packages/airflow/example_dags/example_bash_operator.py
[2023-07-03T18:16:00.253+0000] {logging_mixin.py:149} INFO - [2023-07-03T18:16:00.252+0000] {dag.py:2726} INFO - Sync 1 DAGs
[2023-07-03T18:16:00.277+0000] {logging_mixin.py:149} INFO - [2023-07-03T18:16:00.277+0000] {dag.py:3490} INFO - Setting next_dagrun for example_bash_operator to 2023-07-02T00:00:00+00:00, run_after=2023-07-03T00:00:00+00:00
[2023-07-03T18:16:00.294+0000] {processor.py:179} INFO - Processing /home/airflow/.local/lib/python3.7/site-packages/airflow/example_dags/example_bash_operator.py took 0.093 seconds
[2023-07-03T18:16:30.348+0000] {processor.py:157} INFO - Started process (PID=7689) to work on /home/airflow/.local/lib/python3.7/site-packages/airflow/example_dags/example_bash_operator.py
[2023-07-03T18:16:30.349+0000] {processor.py:826} INFO - Processing file /home/airflow/.local/lib/python3.7/site-packages/airflow/example_dags/example_bash_operator.py for tasks to queue
[2023-07-03T18:16:30.350+0000] {logging_mixin.py:149} INFO - [2023-07-03T18:16:30.350+0000] {dagbag.py:541} INFO - Filling up the DagBag from /home/airflow/.local/lib/python3.7/site-packages/airflow/example_dags/example_bash_operator.py
[2023-07-03T18:16:30.364+0000] {processor.py:836} INFO - DAG(s) dict_keys(['example_bash_operator']) retrieved from /home/airflow/.local/lib/python3.7/site-packages/airflow/example_dags/example_bash_operator.py
[2023-07-03T18:16:30.398+0000] {logging_mixin.py:149} INFO - [2023-07-03T18:16:30.397+0000] {dag.py:2726} INFO - Sync 1 DAGs
[2023-07-03T18:16:30.422+0000] {logging_mixin.py:149} INFO - [2023-07-03T18:16:30.421+0000] {dag.py:3490} INFO - Setting next_dagrun for example_bash_operator to 2023-07-02T00:00:00+00:00, run_after=2023-07-03T00:00:00+00:00
[2023-07-03T18:16:30.440+0000] {processor.py:179} INFO - Processing /home/airflow/.local/lib/python3.7/site-packages/airflow/example_dags/example_bash_operator.py took 0.094 seconds
[2023-07-03T18:17:00.855+0000] {processor.py:157} INFO - Started process (PID=7939) to work on /home/airflow/.local/lib/python3.7/site-packages/airflow/example_dags/example_bash_operator.py
[2023-07-03T18:17:00.856+0000] {processor.py:826} INFO - Processing file /home/airflow/.local/lib/python3.7/site-packages/airflow/example_dags/example_bash_operator.py for tasks to queue
[2023-07-03T18:17:00.857+0000] {logging_mixin.py:149} INFO - [2023-07-03T18:17:00.857+0000] {dagbag.py:541} INFO - Filling up the DagBag from /home/airflow/.local/lib/python3.7/site-packages/airflow/example_dags/example_bash_operator.py
[2023-07-03T18:17:00.871+0000] {processor.py:836} INFO - DAG(s) dict_keys(['example_bash_operator']) retrieved from /home/airflow/.local/lib/python3.7/site-packages/airflow/example_dags/example_bash_operator.py
[2023-07-03T18:17:00.912+0000] {logging_mixin.py:149} INFO - [2023-07-03T18:17:00.912+0000] {dag.py:2726} INFO - Sync 1 DAGs
[2023-07-03T18:17:00.941+0000] {logging_mixin.py:149} INFO - [2023-07-03T18:17:00.941+0000] {dag.py:3490} INFO - Setting next_dagrun for example_bash_operator to 2023-07-02T00:00:00+00:00, run_after=2023-07-03T00:00:00+00:00
[2023-07-03T18:17:00.963+0000] {processor.py:179} INFO - Processing /home/airflow/.local/lib/python3.7/site-packages/airflow/example_dags/example_bash_operator.py took 0.112 seconds
[2023-07-03T18:17:31.078+0000] {processor.py:157} INFO - Started process (PID=8188) to work on /home/airflow/.local/lib/python3.7/site-packages/airflow/example_dags/example_bash_operator.py
[2023-07-03T18:17:31.079+0000] {processor.py:826} INFO - Processing file /home/airflow/.local/lib/python3.7/site-packages/airflow/example_dags/example_bash_operator.py for tasks to queue
[2023-07-03T18:17:31.080+0000] {logging_mixin.py:149} INFO - [2023-07-03T18:17:31.080+0000] {dagbag.py:541} INFO - Filling up the DagBag from /home/airflow/.local/lib/python3.7/site-packages/airflow/example_dags/example_bash_operator.py
[2023-07-03T18:17:31.093+0000] {processor.py:836} INFO - DAG(s) dict_keys(['example_bash_operator']) retrieved from /home/airflow/.local/lib/python3.7/site-packages/airflow/example_dags/example_bash_operator.py
[2023-07-03T18:17:31.129+0000] {logging_mixin.py:149} INFO - [2023-07-03T18:17:31.129+0000] {dag.py:2726} INFO - Sync 1 DAGs
[2023-07-03T18:17:31.157+0000] {logging_mixin.py:149} INFO - [2023-07-03T18:17:31.156+0000] {dag.py:3490} INFO - Setting next_dagrun for example_bash_operator to 2023-07-02T00:00:00+00:00, run_after=2023-07-03T00:00:00+00:00
[2023-07-03T18:17:31.175+0000] {processor.py:179} INFO - Processing /home/airflow/.local/lib/python3.7/site-packages/airflow/example_dags/example_bash_operator.py took 0.100 seconds
[2023-07-03T18:18:01.620+0000] {processor.py:157} INFO - Started process (PID=8439) to work on /home/airflow/.local/lib/python3.7/site-packages/airflow/example_dags/example_bash_operator.py
[2023-07-03T18:18:01.622+0000] {processor.py:826} INFO - Processing file /home/airflow/.local/lib/python3.7/site-packages/airflow/example_dags/example_bash_operator.py for tasks to queue
[2023-07-03T18:18:01.624+0000] {logging_mixin.py:149} INFO - [2023-07-03T18:18:01.623+0000] {dagbag.py:541} INFO - Filling up the DagBag from /home/airflow/.local/lib/python3.7/site-packages/airflow/example_dags/example_bash_operator.py
[2023-07-03T18:18:01.637+0000] {processor.py:836} INFO - DAG(s) dict_keys(['example_bash_operator']) retrieved from /home/airflow/.local/lib/python3.7/site-packages/airflow/example_dags/example_bash_operator.py
[2023-07-03T18:18:01.681+0000] {logging_mixin.py:149} INFO - [2023-07-03T18:18:01.680+0000] {dag.py:2726} INFO - Sync 1 DAGs
[2023-07-03T18:18:01.714+0000] {logging_mixin.py:149} INFO - [2023-07-03T18:18:01.714+0000] {dag.py:3490} INFO - Setting next_dagrun for example_bash_operator to 2023-07-02T00:00:00+00:00, run_after=2023-07-03T00:00:00+00:00
[2023-07-03T18:18:01.737+0000] {processor.py:179} INFO - Processing /home/airflow/.local/lib/python3.7/site-packages/airflow/example_dags/example_bash_operator.py took 0.119 seconds
[2023-07-03T18:18:32.126+0000] {processor.py:157} INFO - Started process (PID=8686) to work on /home/airflow/.local/lib/python3.7/site-packages/airflow/example_dags/example_bash_operator.py
[2023-07-03T18:18:32.128+0000] {processor.py:826} INFO - Processing file /home/airflow/.local/lib/python3.7/site-packages/airflow/example_dags/example_bash_operator.py for tasks to queue
[2023-07-03T18:18:32.129+0000] {logging_mixin.py:149} INFO - [2023-07-03T18:18:32.129+0000] {dagbag.py:541} INFO - Filling up the DagBag from /home/airflow/.local/lib/python3.7/site-packages/airflow/example_dags/example_bash_operator.py
[2023-07-03T18:18:32.144+0000] {processor.py:836} INFO - DAG(s) dict_keys(['example_bash_operator']) retrieved from /home/airflow/.local/lib/python3.7/site-packages/airflow/example_dags/example_bash_operator.py
[2023-07-03T18:18:32.213+0000] {logging_mixin.py:149} INFO - [2023-07-03T18:18:32.213+0000] {dag.py:2726} INFO - Sync 1 DAGs
[2023-07-03T18:18:32.244+0000] {logging_mixin.py:149} INFO - [2023-07-03T18:18:32.244+0000] {dag.py:3490} INFO - Setting next_dagrun for example_bash_operator to 2023-07-02T00:00:00+00:00, run_after=2023-07-03T00:00:00+00:00
[2023-07-03T18:18:32.263+0000] {processor.py:179} INFO - Processing /home/airflow/.local/lib/python3.7/site-packages/airflow/example_dags/example_bash_operator.py took 0.140 seconds
[2023-07-03T18:19:02.400+0000] {processor.py:157} INFO - Started process (PID=8935) to work on /home/airflow/.local/lib/python3.7/site-packages/airflow/example_dags/example_bash_operator.py
[2023-07-03T18:19:02.402+0000] {processor.py:826} INFO - Processing file /home/airflow/.local/lib/python3.7/site-packages/airflow/example_dags/example_bash_operator.py for tasks to queue
[2023-07-03T18:19:02.402+0000] {logging_mixin.py:149} INFO - [2023-07-03T18:19:02.402+0000] {dagbag.py:541} INFO - Filling up the DagBag from /home/airflow/.local/lib/python3.7/site-packages/airflow/example_dags/example_bash_operator.py
[2023-07-03T18:19:02.416+0000] {processor.py:836} INFO - DAG(s) dict_keys(['example_bash_operator']) retrieved from /home/airflow/.local/lib/python3.7/site-packages/airflow/example_dags/example_bash_operator.py
[2023-07-03T18:19:02.456+0000] {logging_mixin.py:149} INFO - [2023-07-03T18:19:02.455+0000] {dag.py:2726} INFO - Sync 1 DAGs
[2023-07-03T18:19:02.482+0000] {logging_mixin.py:149} INFO - [2023-07-03T18:19:02.482+0000] {dag.py:3490} INFO - Setting next_dagrun for example_bash_operator to 2023-07-02T00:00:00+00:00, run_after=2023-07-03T00:00:00+00:00
[2023-07-03T18:19:02.500+0000] {processor.py:179} INFO - Processing /home/airflow/.local/lib/python3.7/site-packages/airflow/example_dags/example_bash_operator.py took 0.102 seconds
[2023-07-03T18:19:32.584+0000] {processor.py:157} INFO - Started process (PID=9184) to work on /home/airflow/.local/lib/python3.7/site-packages/airflow/example_dags/example_bash_operator.py
[2023-07-03T18:19:32.585+0000] {processor.py:826} INFO - Processing file /home/airflow/.local/lib/python3.7/site-packages/airflow/example_dags/example_bash_operator.py for tasks to queue
[2023-07-03T18:19:32.586+0000] {logging_mixin.py:149} INFO - [2023-07-03T18:19:32.586+0000] {dagbag.py:541} INFO - Filling up the DagBag from /home/airflow/.local/lib/python3.7/site-packages/airflow/example_dags/example_bash_operator.py
[2023-07-03T18:19:32.600+0000] {processor.py:836} INFO - DAG(s) dict_keys(['example_bash_operator']) retrieved from /home/airflow/.local/lib/python3.7/site-packages/airflow/example_dags/example_bash_operator.py
[2023-07-03T18:19:32.636+0000] {logging_mixin.py:149} INFO - [2023-07-03T18:19:32.636+0000] {dag.py:2726} INFO - Sync 1 DAGs
[2023-07-03T18:19:32.664+0000] {logging_mixin.py:149} INFO - [2023-07-03T18:19:32.664+0000] {dag.py:3490} INFO - Setting next_dagrun for example_bash_operator to 2023-07-02T00:00:00+00:00, run_after=2023-07-03T00:00:00+00:00
[2023-07-03T18:19:32.686+0000] {processor.py:179} INFO - Processing /home/airflow/.local/lib/python3.7/site-packages/airflow/example_dags/example_bash_operator.py took 0.106 seconds
[2023-07-03T18:20:03.162+0000] {processor.py:157} INFO - Started process (PID=9433) to work on /home/airflow/.local/lib/python3.7/site-packages/airflow/example_dags/example_bash_operator.py
[2023-07-03T18:20:03.163+0000] {processor.py:826} INFO - Processing file /home/airflow/.local/lib/python3.7/site-packages/airflow/example_dags/example_bash_operator.py for tasks to queue
[2023-07-03T18:20:03.164+0000] {logging_mixin.py:149} INFO - [2023-07-03T18:20:03.164+0000] {dagbag.py:541} INFO - Filling up the DagBag from /home/airflow/.local/lib/python3.7/site-packages/airflow/example_dags/example_bash_operator.py
[2023-07-03T18:20:03.179+0000] {processor.py:836} INFO - DAG(s) dict_keys(['example_bash_operator']) retrieved from /home/airflow/.local/lib/python3.7/site-packages/airflow/example_dags/example_bash_operator.py
[2023-07-03T18:20:03.213+0000] {logging_mixin.py:149} INFO - [2023-07-03T18:20:03.213+0000] {dag.py:2726} INFO - Sync 1 DAGs
[2023-07-03T18:20:03.235+0000] {logging_mixin.py:149} INFO - [2023-07-03T18:20:03.235+0000] {dag.py:3490} INFO - Setting next_dagrun for example_bash_operator to 2023-07-02T00:00:00+00:00, run_after=2023-07-03T00:00:00+00:00
[2023-07-03T18:20:03.253+0000] {processor.py:179} INFO - Processing /home/airflow/.local/lib/python3.7/site-packages/airflow/example_dags/example_bash_operator.py took 0.095 seconds
