[2023-07-03T18:01:15.450+0000] {processor.py:157} INFO - Started process (PID=199) to work on /home/airflow/.local/lib/python3.7/site-packages/airflow/example_dags/example_branch_operator.py
[2023-07-03T18:01:15.451+0000] {processor.py:826} INFO - Processing file /home/airflow/.local/lib/python3.7/site-packages/airflow/example_dags/example_branch_operator.py for tasks to queue
[2023-07-03T18:01:15.452+0000] {logging_mixin.py:149} INFO - [2023-07-03T18:01:15.452+0000] {dagbag.py:541} INFO - Filling up the DagBag from /home/airflow/.local/lib/python3.7/site-packages/airflow/example_dags/example_branch_operator.py
[2023-07-03T18:01:15.462+0000] {processor.py:836} INFO - DAG(s) dict_keys(['example_branch_operator']) retrieved from /home/airflow/.local/lib/python3.7/site-packages/airflow/example_dags/example_branch_operator.py
[2023-07-03T18:01:15.473+0000] {logging_mixin.py:149} INFO - [2023-07-03T18:01:15.473+0000] {dag.py:2726} INFO - Sync 1 DAGs
[2023-07-03T18:01:15.501+0000] {logging_mixin.py:149} INFO - [2023-07-03T18:01:15.501+0000] {dag.py:3490} INFO - Setting next_dagrun for example_branch_operator to 2023-07-02T00:00:00+00:00, run_after=2023-07-03T00:00:00+00:00
[2023-07-03T18:01:15.517+0000] {processor.py:179} INFO - Processing /home/airflow/.local/lib/python3.7/site-packages/airflow/example_dags/example_branch_operator.py took 0.070 seconds
[2023-07-03T18:01:45.718+0000] {processor.py:157} INFO - Started process (PID=448) to work on /home/airflow/.local/lib/python3.7/site-packages/airflow/example_dags/example_branch_operator.py
[2023-07-03T18:01:45.719+0000] {processor.py:826} INFO - Processing file /home/airflow/.local/lib/python3.7/site-packages/airflow/example_dags/example_branch_operator.py for tasks to queue
[2023-07-03T18:01:45.720+0000] {logging_mixin.py:149} INFO - [2023-07-03T18:01:45.719+0000] {dagbag.py:541} INFO - Filling up the DagBag from /home/airflow/.local/lib/python3.7/site-packages/airflow/example_dags/example_branch_operator.py
[2023-07-03T18:01:45.727+0000] {processor.py:836} INFO - DAG(s) dict_keys(['example_branch_operator']) retrieved from /home/airflow/.local/lib/python3.7/site-packages/airflow/example_dags/example_branch_operator.py
[2023-07-03T18:01:45.751+0000] {logging_mixin.py:149} INFO - [2023-07-03T18:01:45.751+0000] {dag.py:2726} INFO - Sync 1 DAGs
[2023-07-03T18:01:45.775+0000] {logging_mixin.py:149} INFO - [2023-07-03T18:01:45.774+0000] {dag.py:3490} INFO - Setting next_dagrun for example_branch_operator to 2023-07-02T00:00:00+00:00, run_after=2023-07-03T00:00:00+00:00
[2023-07-03T18:01:45.791+0000] {processor.py:179} INFO - Processing /home/airflow/.local/lib/python3.7/site-packages/airflow/example_dags/example_branch_operator.py took 0.076 seconds
[2023-07-03T18:02:16.059+0000] {processor.py:157} INFO - Started process (PID=703) to work on /home/airflow/.local/lib/python3.7/site-packages/airflow/example_dags/example_branch_operator.py
[2023-07-03T18:02:16.060+0000] {processor.py:826} INFO - Processing file /home/airflow/.local/lib/python3.7/site-packages/airflow/example_dags/example_branch_operator.py for tasks to queue
[2023-07-03T18:02:16.060+0000] {logging_mixin.py:149} INFO - [2023-07-03T18:02:16.060+0000] {dagbag.py:541} INFO - Filling up the DagBag from /home/airflow/.local/lib/python3.7/site-packages/airflow/example_dags/example_branch_operator.py
[2023-07-03T18:02:16.068+0000] {processor.py:836} INFO - DAG(s) dict_keys(['example_branch_operator']) retrieved from /home/airflow/.local/lib/python3.7/site-packages/airflow/example_dags/example_branch_operator.py
[2023-07-03T18:02:16.091+0000] {logging_mixin.py:149} INFO - [2023-07-03T18:02:16.090+0000] {dag.py:2726} INFO - Sync 1 DAGs
[2023-07-03T18:02:16.112+0000] {logging_mixin.py:149} INFO - [2023-07-03T18:02:16.112+0000] {dag.py:3490} INFO - Setting next_dagrun for example_branch_operator to 2023-07-02T00:00:00+00:00, run_after=2023-07-03T00:00:00+00:00
[2023-07-03T18:02:16.129+0000] {processor.py:179} INFO - Processing /home/airflow/.local/lib/python3.7/site-packages/airflow/example_dags/example_branch_operator.py took 0.073 seconds
[2023-07-03T18:02:46.248+0000] {processor.py:157} INFO - Started process (PID=950) to work on /home/airflow/.local/lib/python3.7/site-packages/airflow/example_dags/example_branch_operator.py
[2023-07-03T18:02:46.249+0000] {processor.py:826} INFO - Processing file /home/airflow/.local/lib/python3.7/site-packages/airflow/example_dags/example_branch_operator.py for tasks to queue
[2023-07-03T18:02:46.250+0000] {logging_mixin.py:149} INFO - [2023-07-03T18:02:46.250+0000] {dagbag.py:541} INFO - Filling up the DagBag from /home/airflow/.local/lib/python3.7/site-packages/airflow/example_dags/example_branch_operator.py
[2023-07-03T18:02:46.258+0000] {processor.py:836} INFO - DAG(s) dict_keys(['example_branch_operator']) retrieved from /home/airflow/.local/lib/python3.7/site-packages/airflow/example_dags/example_branch_operator.py
[2023-07-03T18:02:46.280+0000] {logging_mixin.py:149} INFO - [2023-07-03T18:02:46.280+0000] {dag.py:2726} INFO - Sync 1 DAGs
[2023-07-03T18:02:46.304+0000] {logging_mixin.py:149} INFO - [2023-07-03T18:02:46.304+0000] {dag.py:3490} INFO - Setting next_dagrun for example_branch_operator to 2023-07-02T00:00:00+00:00, run_after=2023-07-03T00:00:00+00:00
[2023-07-03T18:02:46.321+0000] {processor.py:179} INFO - Processing /home/airflow/.local/lib/python3.7/site-packages/airflow/example_dags/example_branch_operator.py took 0.075 seconds
[2023-07-03T18:03:16.415+0000] {processor.py:157} INFO - Started process (PID=1199) to work on /home/airflow/.local/lib/python3.7/site-packages/airflow/example_dags/example_branch_operator.py
[2023-07-03T18:03:16.416+0000] {processor.py:826} INFO - Processing file /home/airflow/.local/lib/python3.7/site-packages/airflow/example_dags/example_branch_operator.py for tasks to queue
[2023-07-03T18:03:16.417+0000] {logging_mixin.py:149} INFO - [2023-07-03T18:03:16.417+0000] {dagbag.py:541} INFO - Filling up the DagBag from /home/airflow/.local/lib/python3.7/site-packages/airflow/example_dags/example_branch_operator.py
[2023-07-03T18:03:16.425+0000] {processor.py:836} INFO - DAG(s) dict_keys(['example_branch_operator']) retrieved from /home/airflow/.local/lib/python3.7/site-packages/airflow/example_dags/example_branch_operator.py
[2023-07-03T18:03:16.448+0000] {logging_mixin.py:149} INFO - [2023-07-03T18:03:16.448+0000] {dag.py:2726} INFO - Sync 1 DAGs
[2023-07-03T18:03:16.473+0000] {logging_mixin.py:149} INFO - [2023-07-03T18:03:16.472+0000] {dag.py:3490} INFO - Setting next_dagrun for example_branch_operator to 2023-07-02T00:00:00+00:00, run_after=2023-07-03T00:00:00+00:00
[2023-07-03T18:03:16.492+0000] {processor.py:179} INFO - Processing /home/airflow/.local/lib/python3.7/site-packages/airflow/example_dags/example_branch_operator.py took 0.079 seconds
[2023-07-03T18:03:47.099+0000] {processor.py:157} INFO - Started process (PID=1445) to work on /home/airflow/.local/lib/python3.7/site-packages/airflow/example_dags/example_branch_operator.py
[2023-07-03T18:03:47.100+0000] {processor.py:826} INFO - Processing file /home/airflow/.local/lib/python3.7/site-packages/airflow/example_dags/example_branch_operator.py for tasks to queue
[2023-07-03T18:03:47.101+0000] {logging_mixin.py:149} INFO - [2023-07-03T18:03:47.101+0000] {dagbag.py:541} INFO - Filling up the DagBag from /home/airflow/.local/lib/python3.7/site-packages/airflow/example_dags/example_branch_operator.py
[2023-07-03T18:03:47.109+0000] {processor.py:836} INFO - DAG(s) dict_keys(['example_branch_operator']) retrieved from /home/airflow/.local/lib/python3.7/site-packages/airflow/example_dags/example_branch_operator.py
[2023-07-03T18:03:47.132+0000] {logging_mixin.py:149} INFO - [2023-07-03T18:03:47.132+0000] {dag.py:2726} INFO - Sync 1 DAGs
[2023-07-03T18:03:47.154+0000] {logging_mixin.py:149} INFO - [2023-07-03T18:03:47.154+0000] {dag.py:3490} INFO - Setting next_dagrun for example_branch_operator to 2023-07-02T00:00:00+00:00, run_after=2023-07-03T00:00:00+00:00
[2023-07-03T18:03:47.172+0000] {processor.py:179} INFO - Processing /home/airflow/.local/lib/python3.7/site-packages/airflow/example_dags/example_branch_operator.py took 0.076 seconds
[2023-07-03T18:04:17.769+0000] {processor.py:157} INFO - Started process (PID=1694) to work on /home/airflow/.local/lib/python3.7/site-packages/airflow/example_dags/example_branch_operator.py
[2023-07-03T18:04:17.770+0000] {processor.py:826} INFO - Processing file /home/airflow/.local/lib/python3.7/site-packages/airflow/example_dags/example_branch_operator.py for tasks to queue
[2023-07-03T18:04:17.771+0000] {logging_mixin.py:149} INFO - [2023-07-03T18:04:17.771+0000] {dagbag.py:541} INFO - Filling up the DagBag from /home/airflow/.local/lib/python3.7/site-packages/airflow/example_dags/example_branch_operator.py
[2023-07-03T18:04:17.780+0000] {processor.py:836} INFO - DAG(s) dict_keys(['example_branch_operator']) retrieved from /home/airflow/.local/lib/python3.7/site-packages/airflow/example_dags/example_branch_operator.py
[2023-07-03T18:04:17.805+0000] {logging_mixin.py:149} INFO - [2023-07-03T18:04:17.805+0000] {dag.py:2726} INFO - Sync 1 DAGs
[2023-07-03T18:04:17.829+0000] {logging_mixin.py:149} INFO - [2023-07-03T18:04:17.829+0000] {dag.py:3490} INFO - Setting next_dagrun for example_branch_operator to 2023-07-02T00:00:00+00:00, run_after=2023-07-03T00:00:00+00:00
[2023-07-03T18:04:17.848+0000] {processor.py:179} INFO - Processing /home/airflow/.local/lib/python3.7/site-packages/airflow/example_dags/example_branch_operator.py took 0.081 seconds
[2023-07-03T18:04:48.343+0000] {processor.py:157} INFO - Started process (PID=1941) to work on /home/airflow/.local/lib/python3.7/site-packages/airflow/example_dags/example_branch_operator.py
[2023-07-03T18:04:48.344+0000] {processor.py:826} INFO - Processing file /home/airflow/.local/lib/python3.7/site-packages/airflow/example_dags/example_branch_operator.py for tasks to queue
[2023-07-03T18:04:48.345+0000] {logging_mixin.py:149} INFO - [2023-07-03T18:04:48.345+0000] {dagbag.py:541} INFO - Filling up the DagBag from /home/airflow/.local/lib/python3.7/site-packages/airflow/example_dags/example_branch_operator.py
[2023-07-03T18:04:48.353+0000] {processor.py:836} INFO - DAG(s) dict_keys(['example_branch_operator']) retrieved from /home/airflow/.local/lib/python3.7/site-packages/airflow/example_dags/example_branch_operator.py
[2023-07-03T18:04:48.376+0000] {logging_mixin.py:149} INFO - [2023-07-03T18:04:48.376+0000] {dag.py:2726} INFO - Sync 1 DAGs
[2023-07-03T18:04:48.398+0000] {logging_mixin.py:149} INFO - [2023-07-03T18:04:48.398+0000] {dag.py:3490} INFO - Setting next_dagrun for example_branch_operator to 2023-07-02T00:00:00+00:00, run_after=2023-07-03T00:00:00+00:00
[2023-07-03T18:04:48.418+0000] {processor.py:179} INFO - Processing /home/airflow/.local/lib/python3.7/site-packages/airflow/example_dags/example_branch_operator.py took 0.077 seconds
[2023-07-03T18:05:19.041+0000] {processor.py:157} INFO - Started process (PID=2192) to work on /home/airflow/.local/lib/python3.7/site-packages/airflow/example_dags/example_branch_operator.py
[2023-07-03T18:05:19.042+0000] {processor.py:826} INFO - Processing file /home/airflow/.local/lib/python3.7/site-packages/airflow/example_dags/example_branch_operator.py for tasks to queue
[2023-07-03T18:05:19.043+0000] {logging_mixin.py:149} INFO - [2023-07-03T18:05:19.042+0000] {dagbag.py:541} INFO - Filling up the DagBag from /home/airflow/.local/lib/python3.7/site-packages/airflow/example_dags/example_branch_operator.py
[2023-07-03T18:05:19.050+0000] {processor.py:836} INFO - DAG(s) dict_keys(['example_branch_operator']) retrieved from /home/airflow/.local/lib/python3.7/site-packages/airflow/example_dags/example_branch_operator.py
[2023-07-03T18:05:19.073+0000] {logging_mixin.py:149} INFO - [2023-07-03T18:05:19.073+0000] {dag.py:2726} INFO - Sync 1 DAGs
[2023-07-03T18:05:19.094+0000] {logging_mixin.py:149} INFO - [2023-07-03T18:05:19.094+0000] {dag.py:3490} INFO - Setting next_dagrun for example_branch_operator to 2023-07-02T00:00:00+00:00, run_after=2023-07-03T00:00:00+00:00
[2023-07-03T18:05:19.111+0000] {processor.py:179} INFO - Processing /home/airflow/.local/lib/python3.7/site-packages/airflow/example_dags/example_branch_operator.py took 0.073 seconds
[2023-07-03T18:05:49.677+0000] {processor.py:157} INFO - Started process (PID=2439) to work on /home/airflow/.local/lib/python3.7/site-packages/airflow/example_dags/example_branch_operator.py
[2023-07-03T18:05:49.678+0000] {processor.py:826} INFO - Processing file /home/airflow/.local/lib/python3.7/site-packages/airflow/example_dags/example_branch_operator.py for tasks to queue
[2023-07-03T18:05:49.678+0000] {logging_mixin.py:149} INFO - [2023-07-03T18:05:49.678+0000] {dagbag.py:541} INFO - Filling up the DagBag from /home/airflow/.local/lib/python3.7/site-packages/airflow/example_dags/example_branch_operator.py
[2023-07-03T18:05:49.686+0000] {processor.py:836} INFO - DAG(s) dict_keys(['example_branch_operator']) retrieved from /home/airflow/.local/lib/python3.7/site-packages/airflow/example_dags/example_branch_operator.py
[2023-07-03T18:05:49.709+0000] {logging_mixin.py:149} INFO - [2023-07-03T18:05:49.709+0000] {dag.py:2726} INFO - Sync 1 DAGs
[2023-07-03T18:05:49.731+0000] {logging_mixin.py:149} INFO - [2023-07-03T18:05:49.731+0000] {dag.py:3490} INFO - Setting next_dagrun for example_branch_operator to 2023-07-02T00:00:00+00:00, run_after=2023-07-03T00:00:00+00:00
[2023-07-03T18:05:49.749+0000] {processor.py:179} INFO - Processing /home/airflow/.local/lib/python3.7/site-packages/airflow/example_dags/example_branch_operator.py took 0.075 seconds
[2023-07-03T18:06:20.412+0000] {processor.py:157} INFO - Started process (PID=2688) to work on /home/airflow/.local/lib/python3.7/site-packages/airflow/example_dags/example_branch_operator.py
[2023-07-03T18:06:20.413+0000] {processor.py:826} INFO - Processing file /home/airflow/.local/lib/python3.7/site-packages/airflow/example_dags/example_branch_operator.py for tasks to queue
[2023-07-03T18:06:20.414+0000] {logging_mixin.py:149} INFO - [2023-07-03T18:06:20.414+0000] {dagbag.py:541} INFO - Filling up the DagBag from /home/airflow/.local/lib/python3.7/site-packages/airflow/example_dags/example_branch_operator.py
[2023-07-03T18:06:20.423+0000] {processor.py:836} INFO - DAG(s) dict_keys(['example_branch_operator']) retrieved from /home/airflow/.local/lib/python3.7/site-packages/airflow/example_dags/example_branch_operator.py
[2023-07-03T18:06:20.446+0000] {logging_mixin.py:149} INFO - [2023-07-03T18:06:20.446+0000] {dag.py:2726} INFO - Sync 1 DAGs
[2023-07-03T18:06:20.470+0000] {logging_mixin.py:149} INFO - [2023-07-03T18:06:20.470+0000] {dag.py:3490} INFO - Setting next_dagrun for example_branch_operator to 2023-07-02T00:00:00+00:00, run_after=2023-07-03T00:00:00+00:00
[2023-07-03T18:06:20.488+0000] {processor.py:179} INFO - Processing /home/airflow/.local/lib/python3.7/site-packages/airflow/example_dags/example_branch_operator.py took 0.079 seconds
[2023-07-03T18:06:51.087+0000] {processor.py:157} INFO - Started process (PID=2939) to work on /home/airflow/.local/lib/python3.7/site-packages/airflow/example_dags/example_branch_operator.py
[2023-07-03T18:06:51.088+0000] {processor.py:826} INFO - Processing file /home/airflow/.local/lib/python3.7/site-packages/airflow/example_dags/example_branch_operator.py for tasks to queue
[2023-07-03T18:06:51.089+0000] {logging_mixin.py:149} INFO - [2023-07-03T18:06:51.089+0000] {dagbag.py:541} INFO - Filling up the DagBag from /home/airflow/.local/lib/python3.7/site-packages/airflow/example_dags/example_branch_operator.py
[2023-07-03T18:06:51.098+0000] {processor.py:836} INFO - DAG(s) dict_keys(['example_branch_operator']) retrieved from /home/airflow/.local/lib/python3.7/site-packages/airflow/example_dags/example_branch_operator.py
[2023-07-03T18:06:51.124+0000] {logging_mixin.py:149} INFO - [2023-07-03T18:06:51.124+0000] {dag.py:2726} INFO - Sync 1 DAGs
[2023-07-03T18:06:51.149+0000] {logging_mixin.py:149} INFO - [2023-07-03T18:06:51.149+0000] {dag.py:3490} INFO - Setting next_dagrun for example_branch_operator to 2023-07-02T00:00:00+00:00, run_after=2023-07-03T00:00:00+00:00
[2023-07-03T18:06:51.167+0000] {processor.py:179} INFO - Processing /home/airflow/.local/lib/python3.7/site-packages/airflow/example_dags/example_branch_operator.py took 0.082 seconds
[2023-07-03T18:07:21.851+0000] {processor.py:157} INFO - Started process (PID=3188) to work on /home/airflow/.local/lib/python3.7/site-packages/airflow/example_dags/example_branch_operator.py
[2023-07-03T18:07:21.853+0000] {processor.py:826} INFO - Processing file /home/airflow/.local/lib/python3.7/site-packages/airflow/example_dags/example_branch_operator.py for tasks to queue
[2023-07-03T18:07:21.854+0000] {logging_mixin.py:149} INFO - [2023-07-03T18:07:21.853+0000] {dagbag.py:541} INFO - Filling up the DagBag from /home/airflow/.local/lib/python3.7/site-packages/airflow/example_dags/example_branch_operator.py
[2023-07-03T18:07:21.862+0000] {processor.py:836} INFO - DAG(s) dict_keys(['example_branch_operator']) retrieved from /home/airflow/.local/lib/python3.7/site-packages/airflow/example_dags/example_branch_operator.py
[2023-07-03T18:07:21.885+0000] {logging_mixin.py:149} INFO - [2023-07-03T18:07:21.885+0000] {dag.py:2726} INFO - Sync 1 DAGs
[2023-07-03T18:07:21.908+0000] {logging_mixin.py:149} INFO - [2023-07-03T18:07:21.908+0000] {dag.py:3490} INFO - Setting next_dagrun for example_branch_operator to 2023-07-02T00:00:00+00:00, run_after=2023-07-03T00:00:00+00:00
[2023-07-03T18:07:21.926+0000] {processor.py:179} INFO - Processing /home/airflow/.local/lib/python3.7/site-packages/airflow/example_dags/example_branch_operator.py took 0.077 seconds
[2023-07-03T18:07:52.415+0000] {processor.py:157} INFO - Started process (PID=3436) to work on /home/airflow/.local/lib/python3.7/site-packages/airflow/example_dags/example_branch_operator.py
[2023-07-03T18:07:52.416+0000] {processor.py:826} INFO - Processing file /home/airflow/.local/lib/python3.7/site-packages/airflow/example_dags/example_branch_operator.py for tasks to queue
[2023-07-03T18:07:52.417+0000] {logging_mixin.py:149} INFO - [2023-07-03T18:07:52.417+0000] {dagbag.py:541} INFO - Filling up the DagBag from /home/airflow/.local/lib/python3.7/site-packages/airflow/example_dags/example_branch_operator.py
[2023-07-03T18:07:52.425+0000] {processor.py:836} INFO - DAG(s) dict_keys(['example_branch_operator']) retrieved from /home/airflow/.local/lib/python3.7/site-packages/airflow/example_dags/example_branch_operator.py
[2023-07-03T18:07:52.448+0000] {logging_mixin.py:149} INFO - [2023-07-03T18:07:52.448+0000] {dag.py:2726} INFO - Sync 1 DAGs
[2023-07-03T18:07:52.482+0000] {logging_mixin.py:149} INFO - [2023-07-03T18:07:52.482+0000] {dag.py:3490} INFO - Setting next_dagrun for example_branch_operator to 2023-07-02T00:00:00+00:00, run_after=2023-07-03T00:00:00+00:00
[2023-07-03T18:07:52.508+0000] {processor.py:179} INFO - Processing /home/airflow/.local/lib/python3.7/site-packages/airflow/example_dags/example_branch_operator.py took 0.096 seconds
[2023-07-03T18:08:22.899+0000] {processor.py:157} INFO - Started process (PID=3685) to work on /home/airflow/.local/lib/python3.7/site-packages/airflow/example_dags/example_branch_operator.py
[2023-07-03T18:08:22.900+0000] {processor.py:826} INFO - Processing file /home/airflow/.local/lib/python3.7/site-packages/airflow/example_dags/example_branch_operator.py for tasks to queue
[2023-07-03T18:08:22.901+0000] {logging_mixin.py:149} INFO - [2023-07-03T18:08:22.900+0000] {dagbag.py:541} INFO - Filling up the DagBag from /home/airflow/.local/lib/python3.7/site-packages/airflow/example_dags/example_branch_operator.py
[2023-07-03T18:08:22.909+0000] {processor.py:836} INFO - DAG(s) dict_keys(['example_branch_operator']) retrieved from /home/airflow/.local/lib/python3.7/site-packages/airflow/example_dags/example_branch_operator.py
[2023-07-03T18:08:22.932+0000] {logging_mixin.py:149} INFO - [2023-07-03T18:08:22.932+0000] {dag.py:2726} INFO - Sync 1 DAGs
[2023-07-03T18:08:22.956+0000] {logging_mixin.py:149} INFO - [2023-07-03T18:08:22.956+0000] {dag.py:3490} INFO - Setting next_dagrun for example_branch_operator to 2023-07-02T00:00:00+00:00, run_after=2023-07-03T00:00:00+00:00
[2023-07-03T18:08:22.975+0000] {processor.py:179} INFO - Processing /home/airflow/.local/lib/python3.7/site-packages/airflow/example_dags/example_branch_operator.py took 0.079 seconds
[2023-07-03T18:08:53.407+0000] {processor.py:157} INFO - Started process (PID=3934) to work on /home/airflow/.local/lib/python3.7/site-packages/airflow/example_dags/example_branch_operator.py
[2023-07-03T18:08:53.408+0000] {processor.py:826} INFO - Processing file /home/airflow/.local/lib/python3.7/site-packages/airflow/example_dags/example_branch_operator.py for tasks to queue
[2023-07-03T18:08:53.409+0000] {logging_mixin.py:149} INFO - [2023-07-03T18:08:53.409+0000] {dagbag.py:541} INFO - Filling up the DagBag from /home/airflow/.local/lib/python3.7/site-packages/airflow/example_dags/example_branch_operator.py
[2023-07-03T18:08:53.417+0000] {processor.py:836} INFO - DAG(s) dict_keys(['example_branch_operator']) retrieved from /home/airflow/.local/lib/python3.7/site-packages/airflow/example_dags/example_branch_operator.py
[2023-07-03T18:08:53.440+0000] {logging_mixin.py:149} INFO - [2023-07-03T18:08:53.440+0000] {dag.py:2726} INFO - Sync 1 DAGs
[2023-07-03T18:08:53.462+0000] {logging_mixin.py:149} INFO - [2023-07-03T18:08:53.462+0000] {dag.py:3490} INFO - Setting next_dagrun for example_branch_operator to 2023-07-02T00:00:00+00:00, run_after=2023-07-03T00:00:00+00:00
[2023-07-03T18:08:53.480+0000] {processor.py:179} INFO - Processing /home/airflow/.local/lib/python3.7/site-packages/airflow/example_dags/example_branch_operator.py took 0.076 seconds
[2023-07-03T18:09:24.126+0000] {processor.py:157} INFO - Started process (PID=4185) to work on /home/airflow/.local/lib/python3.7/site-packages/airflow/example_dags/example_branch_operator.py
[2023-07-03T18:09:24.127+0000] {processor.py:826} INFO - Processing file /home/airflow/.local/lib/python3.7/site-packages/airflow/example_dags/example_branch_operator.py for tasks to queue
[2023-07-03T18:09:24.128+0000] {logging_mixin.py:149} INFO - [2023-07-03T18:09:24.128+0000] {dagbag.py:541} INFO - Filling up the DagBag from /home/airflow/.local/lib/python3.7/site-packages/airflow/example_dags/example_branch_operator.py
[2023-07-03T18:09:24.135+0000] {processor.py:836} INFO - DAG(s) dict_keys(['example_branch_operator']) retrieved from /home/airflow/.local/lib/python3.7/site-packages/airflow/example_dags/example_branch_operator.py
[2023-07-03T18:09:24.156+0000] {logging_mixin.py:149} INFO - [2023-07-03T18:09:24.156+0000] {dag.py:2726} INFO - Sync 1 DAGs
[2023-07-03T18:09:24.181+0000] {logging_mixin.py:149} INFO - [2023-07-03T18:09:24.181+0000] {dag.py:3490} INFO - Setting next_dagrun for example_branch_operator to 2023-07-02T00:00:00+00:00, run_after=2023-07-03T00:00:00+00:00
[2023-07-03T18:09:24.196+0000] {processor.py:179} INFO - Processing /home/airflow/.local/lib/python3.7/site-packages/airflow/example_dags/example_branch_operator.py took 0.072 seconds
[2023-07-03T18:09:54.815+0000] {processor.py:157} INFO - Started process (PID=4434) to work on /home/airflow/.local/lib/python3.7/site-packages/airflow/example_dags/example_branch_operator.py
[2023-07-03T18:09:54.816+0000] {processor.py:826} INFO - Processing file /home/airflow/.local/lib/python3.7/site-packages/airflow/example_dags/example_branch_operator.py for tasks to queue
[2023-07-03T18:09:54.817+0000] {logging_mixin.py:149} INFO - [2023-07-03T18:09:54.817+0000] {dagbag.py:541} INFO - Filling up the DagBag from /home/airflow/.local/lib/python3.7/site-packages/airflow/example_dags/example_branch_operator.py
[2023-07-03T18:09:54.824+0000] {processor.py:836} INFO - DAG(s) dict_keys(['example_branch_operator']) retrieved from /home/airflow/.local/lib/python3.7/site-packages/airflow/example_dags/example_branch_operator.py
[2023-07-03T18:09:54.847+0000] {logging_mixin.py:149} INFO - [2023-07-03T18:09:54.847+0000] {dag.py:2726} INFO - Sync 1 DAGs
[2023-07-03T18:09:54.870+0000] {logging_mixin.py:149} INFO - [2023-07-03T18:09:54.870+0000] {dag.py:3490} INFO - Setting next_dagrun for example_branch_operator to 2023-07-02T00:00:00+00:00, run_after=2023-07-03T00:00:00+00:00
[2023-07-03T18:09:54.887+0000] {processor.py:179} INFO - Processing /home/airflow/.local/lib/python3.7/site-packages/airflow/example_dags/example_branch_operator.py took 0.075 seconds
[2023-07-03T18:10:25.100+0000] {processor.py:157} INFO - Started process (PID=4683) to work on /home/airflow/.local/lib/python3.7/site-packages/airflow/example_dags/example_branch_operator.py
[2023-07-03T18:10:25.101+0000] {processor.py:826} INFO - Processing file /home/airflow/.local/lib/python3.7/site-packages/airflow/example_dags/example_branch_operator.py for tasks to queue
[2023-07-03T18:10:25.102+0000] {logging_mixin.py:149} INFO - [2023-07-03T18:10:25.102+0000] {dagbag.py:541} INFO - Filling up the DagBag from /home/airflow/.local/lib/python3.7/site-packages/airflow/example_dags/example_branch_operator.py
[2023-07-03T18:10:25.111+0000] {processor.py:836} INFO - DAG(s) dict_keys(['example_branch_operator']) retrieved from /home/airflow/.local/lib/python3.7/site-packages/airflow/example_dags/example_branch_operator.py
[2023-07-03T18:10:25.136+0000] {logging_mixin.py:149} INFO - [2023-07-03T18:10:25.136+0000] {dag.py:2726} INFO - Sync 1 DAGs
[2023-07-03T18:10:25.163+0000] {logging_mixin.py:149} INFO - [2023-07-03T18:10:25.163+0000] {dag.py:3490} INFO - Setting next_dagrun for example_branch_operator to 2023-07-02T00:00:00+00:00, run_after=2023-07-03T00:00:00+00:00
[2023-07-03T18:10:25.187+0000] {processor.py:179} INFO - Processing /home/airflow/.local/lib/python3.7/site-packages/airflow/example_dags/example_branch_operator.py took 0.090 seconds
[2023-07-03T18:10:55.329+0000] {processor.py:157} INFO - Started process (PID=4930) to work on /home/airflow/.local/lib/python3.7/site-packages/airflow/example_dags/example_branch_operator.py
[2023-07-03T18:10:55.330+0000] {processor.py:826} INFO - Processing file /home/airflow/.local/lib/python3.7/site-packages/airflow/example_dags/example_branch_operator.py for tasks to queue
[2023-07-03T18:10:55.331+0000] {logging_mixin.py:149} INFO - [2023-07-03T18:10:55.331+0000] {dagbag.py:541} INFO - Filling up the DagBag from /home/airflow/.local/lib/python3.7/site-packages/airflow/example_dags/example_branch_operator.py
[2023-07-03T18:10:55.339+0000] {processor.py:836} INFO - DAG(s) dict_keys(['example_branch_operator']) retrieved from /home/airflow/.local/lib/python3.7/site-packages/airflow/example_dags/example_branch_operator.py
[2023-07-03T18:10:55.363+0000] {logging_mixin.py:149} INFO - [2023-07-03T18:10:55.363+0000] {dag.py:2726} INFO - Sync 1 DAGs
[2023-07-03T18:10:55.387+0000] {logging_mixin.py:149} INFO - [2023-07-03T18:10:55.387+0000] {dag.py:3490} INFO - Setting next_dagrun for example_branch_operator to 2023-07-02T00:00:00+00:00, run_after=2023-07-03T00:00:00+00:00
[2023-07-03T18:10:55.408+0000] {processor.py:179} INFO - Processing /home/airflow/.local/lib/python3.7/site-packages/airflow/example_dags/example_branch_operator.py took 0.081 seconds
[2023-07-03T18:11:25.441+0000] {processor.py:157} INFO - Started process (PID=5179) to work on /home/airflow/.local/lib/python3.7/site-packages/airflow/example_dags/example_branch_operator.py
[2023-07-03T18:11:25.442+0000] {processor.py:826} INFO - Processing file /home/airflow/.local/lib/python3.7/site-packages/airflow/example_dags/example_branch_operator.py for tasks to queue
[2023-07-03T18:11:25.443+0000] {logging_mixin.py:149} INFO - [2023-07-03T18:11:25.443+0000] {dagbag.py:541} INFO - Filling up the DagBag from /home/airflow/.local/lib/python3.7/site-packages/airflow/example_dags/example_branch_operator.py
[2023-07-03T18:11:25.451+0000] {processor.py:836} INFO - DAG(s) dict_keys(['example_branch_operator']) retrieved from /home/airflow/.local/lib/python3.7/site-packages/airflow/example_dags/example_branch_operator.py
[2023-07-03T18:11:25.473+0000] {logging_mixin.py:149} INFO - [2023-07-03T18:11:25.473+0000] {dag.py:2726} INFO - Sync 1 DAGs
[2023-07-03T18:11:25.495+0000] {logging_mixin.py:149} INFO - [2023-07-03T18:11:25.495+0000] {dag.py:3490} INFO - Setting next_dagrun for example_branch_operator to 2023-07-02T00:00:00+00:00, run_after=2023-07-03T00:00:00+00:00
[2023-07-03T18:11:25.513+0000] {processor.py:179} INFO - Processing /home/airflow/.local/lib/python3.7/site-packages/airflow/example_dags/example_branch_operator.py took 0.074 seconds
[2023-07-03T18:11:55.639+0000] {processor.py:157} INFO - Started process (PID=5428) to work on /home/airflow/.local/lib/python3.7/site-packages/airflow/example_dags/example_branch_operator.py
[2023-07-03T18:11:55.640+0000] {processor.py:826} INFO - Processing file /home/airflow/.local/lib/python3.7/site-packages/airflow/example_dags/example_branch_operator.py for tasks to queue
[2023-07-03T18:11:55.640+0000] {logging_mixin.py:149} INFO - [2023-07-03T18:11:55.640+0000] {dagbag.py:541} INFO - Filling up the DagBag from /home/airflow/.local/lib/python3.7/site-packages/airflow/example_dags/example_branch_operator.py
[2023-07-03T18:11:55.648+0000] {processor.py:836} INFO - DAG(s) dict_keys(['example_branch_operator']) retrieved from /home/airflow/.local/lib/python3.7/site-packages/airflow/example_dags/example_branch_operator.py
[2023-07-03T18:11:55.671+0000] {logging_mixin.py:149} INFO - [2023-07-03T18:11:55.670+0000] {dag.py:2726} INFO - Sync 1 DAGs
[2023-07-03T18:11:55.693+0000] {logging_mixin.py:149} INFO - [2023-07-03T18:11:55.693+0000] {dag.py:3490} INFO - Setting next_dagrun for example_branch_operator to 2023-07-02T00:00:00+00:00, run_after=2023-07-03T00:00:00+00:00
[2023-07-03T18:11:55.712+0000] {processor.py:179} INFO - Processing /home/airflow/.local/lib/python3.7/site-packages/airflow/example_dags/example_branch_operator.py took 0.076 seconds
[2023-07-03T18:12:25.840+0000] {processor.py:157} INFO - Started process (PID=5679) to work on /home/airflow/.local/lib/python3.7/site-packages/airflow/example_dags/example_branch_operator.py
[2023-07-03T18:12:25.841+0000] {processor.py:826} INFO - Processing file /home/airflow/.local/lib/python3.7/site-packages/airflow/example_dags/example_branch_operator.py for tasks to queue
[2023-07-03T18:12:25.842+0000] {logging_mixin.py:149} INFO - [2023-07-03T18:12:25.842+0000] {dagbag.py:541} INFO - Filling up the DagBag from /home/airflow/.local/lib/python3.7/site-packages/airflow/example_dags/example_branch_operator.py
[2023-07-03T18:12:25.849+0000] {processor.py:836} INFO - DAG(s) dict_keys(['example_branch_operator']) retrieved from /home/airflow/.local/lib/python3.7/site-packages/airflow/example_dags/example_branch_operator.py
[2023-07-03T18:12:25.872+0000] {logging_mixin.py:149} INFO - [2023-07-03T18:12:25.872+0000] {dag.py:2726} INFO - Sync 1 DAGs
[2023-07-03T18:12:25.895+0000] {logging_mixin.py:149} INFO - [2023-07-03T18:12:25.895+0000] {dag.py:3490} INFO - Setting next_dagrun for example_branch_operator to 2023-07-02T00:00:00+00:00, run_after=2023-07-03T00:00:00+00:00
[2023-07-03T18:12:25.912+0000] {processor.py:179} INFO - Processing /home/airflow/.local/lib/python3.7/site-packages/airflow/example_dags/example_branch_operator.py took 0.074 seconds
[2023-07-03T18:12:56.518+0000] {processor.py:157} INFO - Started process (PID=5926) to work on /home/airflow/.local/lib/python3.7/site-packages/airflow/example_dags/example_branch_operator.py
[2023-07-03T18:12:56.519+0000] {processor.py:826} INFO - Processing file /home/airflow/.local/lib/python3.7/site-packages/airflow/example_dags/example_branch_operator.py for tasks to queue
[2023-07-03T18:12:56.520+0000] {logging_mixin.py:149} INFO - [2023-07-03T18:12:56.520+0000] {dagbag.py:541} INFO - Filling up the DagBag from /home/airflow/.local/lib/python3.7/site-packages/airflow/example_dags/example_branch_operator.py
[2023-07-03T18:12:56.528+0000] {processor.py:836} INFO - DAG(s) dict_keys(['example_branch_operator']) retrieved from /home/airflow/.local/lib/python3.7/site-packages/airflow/example_dags/example_branch_operator.py
[2023-07-03T18:12:56.550+0000] {logging_mixin.py:149} INFO - [2023-07-03T18:12:56.550+0000] {dag.py:2726} INFO - Sync 1 DAGs
[2023-07-03T18:12:56.574+0000] {logging_mixin.py:149} INFO - [2023-07-03T18:12:56.574+0000] {dag.py:3490} INFO - Setting next_dagrun for example_branch_operator to 2023-07-02T00:00:00+00:00, run_after=2023-07-03T00:00:00+00:00
[2023-07-03T18:12:56.592+0000] {processor.py:179} INFO - Processing /home/airflow/.local/lib/python3.7/site-packages/airflow/example_dags/example_branch_operator.py took 0.076 seconds
[2023-07-03T18:13:27.278+0000] {processor.py:157} INFO - Started process (PID=6175) to work on /home/airflow/.local/lib/python3.7/site-packages/airflow/example_dags/example_branch_operator.py
[2023-07-03T18:13:27.279+0000] {processor.py:826} INFO - Processing file /home/airflow/.local/lib/python3.7/site-packages/airflow/example_dags/example_branch_operator.py for tasks to queue
[2023-07-03T18:13:27.280+0000] {logging_mixin.py:149} INFO - [2023-07-03T18:13:27.280+0000] {dagbag.py:541} INFO - Filling up the DagBag from /home/airflow/.local/lib/python3.7/site-packages/airflow/example_dags/example_branch_operator.py
[2023-07-03T18:13:27.288+0000] {processor.py:836} INFO - DAG(s) dict_keys(['example_branch_operator']) retrieved from /home/airflow/.local/lib/python3.7/site-packages/airflow/example_dags/example_branch_operator.py
[2023-07-03T18:13:27.312+0000] {logging_mixin.py:149} INFO - [2023-07-03T18:13:27.312+0000] {dag.py:2726} INFO - Sync 1 DAGs
[2023-07-03T18:13:27.337+0000] {logging_mixin.py:149} INFO - [2023-07-03T18:13:27.337+0000] {dag.py:3490} INFO - Setting next_dagrun for example_branch_operator to 2023-07-02T00:00:00+00:00, run_after=2023-07-03T00:00:00+00:00
[2023-07-03T18:13:27.356+0000] {processor.py:179} INFO - Processing /home/airflow/.local/lib/python3.7/site-packages/airflow/example_dags/example_branch_operator.py took 0.080 seconds
[2023-07-03T18:13:57.811+0000] {processor.py:157} INFO - Started process (PID=6424) to work on /home/airflow/.local/lib/python3.7/site-packages/airflow/example_dags/example_branch_operator.py
[2023-07-03T18:13:57.812+0000] {processor.py:826} INFO - Processing file /home/airflow/.local/lib/python3.7/site-packages/airflow/example_dags/example_branch_operator.py for tasks to queue
[2023-07-03T18:13:57.813+0000] {logging_mixin.py:149} INFO - [2023-07-03T18:13:57.813+0000] {dagbag.py:541} INFO - Filling up the DagBag from /home/airflow/.local/lib/python3.7/site-packages/airflow/example_dags/example_branch_operator.py
[2023-07-03T18:13:57.823+0000] {processor.py:836} INFO - DAG(s) dict_keys(['example_branch_operator']) retrieved from /home/airflow/.local/lib/python3.7/site-packages/airflow/example_dags/example_branch_operator.py
[2023-07-03T18:13:57.846+0000] {logging_mixin.py:149} INFO - [2023-07-03T18:13:57.846+0000] {dag.py:2726} INFO - Sync 1 DAGs
[2023-07-03T18:13:57.871+0000] {logging_mixin.py:149} INFO - [2023-07-03T18:13:57.871+0000] {dag.py:3490} INFO - Setting next_dagrun for example_branch_operator to 2023-07-02T00:00:00+00:00, run_after=2023-07-03T00:00:00+00:00
[2023-07-03T18:13:57.891+0000] {processor.py:179} INFO - Processing /home/airflow/.local/lib/python3.7/site-packages/airflow/example_dags/example_branch_operator.py took 0.083 seconds
[2023-07-03T18:14:28.337+0000] {processor.py:157} INFO - Started process (PID=6675) to work on /home/airflow/.local/lib/python3.7/site-packages/airflow/example_dags/example_branch_operator.py
[2023-07-03T18:14:28.338+0000] {processor.py:826} INFO - Processing file /home/airflow/.local/lib/python3.7/site-packages/airflow/example_dags/example_branch_operator.py for tasks to queue
[2023-07-03T18:14:28.339+0000] {logging_mixin.py:149} INFO - [2023-07-03T18:14:28.339+0000] {dagbag.py:541} INFO - Filling up the DagBag from /home/airflow/.local/lib/python3.7/site-packages/airflow/example_dags/example_branch_operator.py
[2023-07-03T18:14:28.347+0000] {processor.py:836} INFO - DAG(s) dict_keys(['example_branch_operator']) retrieved from /home/airflow/.local/lib/python3.7/site-packages/airflow/example_dags/example_branch_operator.py
[2023-07-03T18:14:28.371+0000] {logging_mixin.py:149} INFO - [2023-07-03T18:14:28.370+0000] {dag.py:2726} INFO - Sync 1 DAGs
[2023-07-03T18:14:28.396+0000] {logging_mixin.py:149} INFO - [2023-07-03T18:14:28.396+0000] {dag.py:3490} INFO - Setting next_dagrun for example_branch_operator to 2023-07-02T00:00:00+00:00, run_after=2023-07-03T00:00:00+00:00
[2023-07-03T18:14:28.414+0000] {processor.py:179} INFO - Processing /home/airflow/.local/lib/python3.7/site-packages/airflow/example_dags/example_branch_operator.py took 0.080 seconds
[2023-07-03T18:14:58.912+0000] {processor.py:157} INFO - Started process (PID=6922) to work on /home/airflow/.local/lib/python3.7/site-packages/airflow/example_dags/example_branch_operator.py
[2023-07-03T18:14:58.913+0000] {processor.py:826} INFO - Processing file /home/airflow/.local/lib/python3.7/site-packages/airflow/example_dags/example_branch_operator.py for tasks to queue
[2023-07-03T18:14:58.914+0000] {logging_mixin.py:149} INFO - [2023-07-03T18:14:58.914+0000] {dagbag.py:541} INFO - Filling up the DagBag from /home/airflow/.local/lib/python3.7/site-packages/airflow/example_dags/example_branch_operator.py
[2023-07-03T18:14:58.923+0000] {processor.py:836} INFO - DAG(s) dict_keys(['example_branch_operator']) retrieved from /home/airflow/.local/lib/python3.7/site-packages/airflow/example_dags/example_branch_operator.py
[2023-07-03T18:14:58.946+0000] {logging_mixin.py:149} INFO - [2023-07-03T18:14:58.946+0000] {dag.py:2726} INFO - Sync 1 DAGs
[2023-07-03T18:14:58.970+0000] {logging_mixin.py:149} INFO - [2023-07-03T18:14:58.970+0000] {dag.py:3490} INFO - Setting next_dagrun for example_branch_operator to 2023-07-02T00:00:00+00:00, run_after=2023-07-03T00:00:00+00:00
[2023-07-03T18:14:58.990+0000] {processor.py:179} INFO - Processing /home/airflow/.local/lib/python3.7/site-packages/airflow/example_dags/example_branch_operator.py took 0.080 seconds
[2023-07-03T18:15:29.440+0000] {processor.py:157} INFO - Started process (PID=7173) to work on /home/airflow/.local/lib/python3.7/site-packages/airflow/example_dags/example_branch_operator.py
[2023-07-03T18:15:29.441+0000] {processor.py:826} INFO - Processing file /home/airflow/.local/lib/python3.7/site-packages/airflow/example_dags/example_branch_operator.py for tasks to queue
[2023-07-03T18:15:29.441+0000] {logging_mixin.py:149} INFO - [2023-07-03T18:15:29.441+0000] {dagbag.py:541} INFO - Filling up the DagBag from /home/airflow/.local/lib/python3.7/site-packages/airflow/example_dags/example_branch_operator.py
[2023-07-03T18:15:29.450+0000] {processor.py:836} INFO - DAG(s) dict_keys(['example_branch_operator']) retrieved from /home/airflow/.local/lib/python3.7/site-packages/airflow/example_dags/example_branch_operator.py
[2023-07-03T18:15:29.472+0000] {logging_mixin.py:149} INFO - [2023-07-03T18:15:29.472+0000] {dag.py:2726} INFO - Sync 1 DAGs
[2023-07-03T18:15:29.495+0000] {logging_mixin.py:149} INFO - [2023-07-03T18:15:29.495+0000] {dag.py:3490} INFO - Setting next_dagrun for example_branch_operator to 2023-07-02T00:00:00+00:00, run_after=2023-07-03T00:00:00+00:00
[2023-07-03T18:15:29.512+0000] {processor.py:179} INFO - Processing /home/airflow/.local/lib/python3.7/site-packages/airflow/example_dags/example_branch_operator.py took 0.075 seconds
[2023-07-03T18:16:00.013+0000] {processor.py:157} INFO - Started process (PID=7422) to work on /home/airflow/.local/lib/python3.7/site-packages/airflow/example_dags/example_branch_operator.py
[2023-07-03T18:16:00.014+0000] {processor.py:826} INFO - Processing file /home/airflow/.local/lib/python3.7/site-packages/airflow/example_dags/example_branch_operator.py for tasks to queue
[2023-07-03T18:16:00.015+0000] {logging_mixin.py:149} INFO - [2023-07-03T18:16:00.015+0000] {dagbag.py:541} INFO - Filling up the DagBag from /home/airflow/.local/lib/python3.7/site-packages/airflow/example_dags/example_branch_operator.py
[2023-07-03T18:16:00.024+0000] {processor.py:836} INFO - DAG(s) dict_keys(['example_branch_operator']) retrieved from /home/airflow/.local/lib/python3.7/site-packages/airflow/example_dags/example_branch_operator.py
[2023-07-03T18:16:00.048+0000] {logging_mixin.py:149} INFO - [2023-07-03T18:16:00.047+0000] {dag.py:2726} INFO - Sync 1 DAGs
[2023-07-03T18:16:00.069+0000] {logging_mixin.py:149} INFO - [2023-07-03T18:16:00.069+0000] {dag.py:3490} INFO - Setting next_dagrun for example_branch_operator to 2023-07-02T00:00:00+00:00, run_after=2023-07-03T00:00:00+00:00
[2023-07-03T18:16:00.086+0000] {processor.py:179} INFO - Processing /home/airflow/.local/lib/python3.7/site-packages/airflow/example_dags/example_branch_operator.py took 0.077 seconds
[2023-07-03T18:16:30.239+0000] {processor.py:157} INFO - Started process (PID=7671) to work on /home/airflow/.local/lib/python3.7/site-packages/airflow/example_dags/example_branch_operator.py
[2023-07-03T18:16:30.240+0000] {processor.py:826} INFO - Processing file /home/airflow/.local/lib/python3.7/site-packages/airflow/example_dags/example_branch_operator.py for tasks to queue
[2023-07-03T18:16:30.241+0000] {logging_mixin.py:149} INFO - [2023-07-03T18:16:30.241+0000] {dagbag.py:541} INFO - Filling up the DagBag from /home/airflow/.local/lib/python3.7/site-packages/airflow/example_dags/example_branch_operator.py
[2023-07-03T18:16:30.249+0000] {processor.py:836} INFO - DAG(s) dict_keys(['example_branch_operator']) retrieved from /home/airflow/.local/lib/python3.7/site-packages/airflow/example_dags/example_branch_operator.py
[2023-07-03T18:16:30.275+0000] {logging_mixin.py:149} INFO - [2023-07-03T18:16:30.275+0000] {dag.py:2726} INFO - Sync 1 DAGs
[2023-07-03T18:16:30.300+0000] {logging_mixin.py:149} INFO - [2023-07-03T18:16:30.300+0000] {dag.py:3490} INFO - Setting next_dagrun for example_branch_operator to 2023-07-02T00:00:00+00:00, run_after=2023-07-03T00:00:00+00:00
[2023-07-03T18:16:30.321+0000] {processor.py:179} INFO - Processing /home/airflow/.local/lib/python3.7/site-packages/airflow/example_dags/example_branch_operator.py took 0.085 seconds
[2023-07-03T18:17:00.686+0000] {processor.py:157} INFO - Started process (PID=7919) to work on /home/airflow/.local/lib/python3.7/site-packages/airflow/example_dags/example_branch_operator.py
[2023-07-03T18:17:00.687+0000] {processor.py:826} INFO - Processing file /home/airflow/.local/lib/python3.7/site-packages/airflow/example_dags/example_branch_operator.py for tasks to queue
[2023-07-03T18:17:00.688+0000] {logging_mixin.py:149} INFO - [2023-07-03T18:17:00.688+0000] {dagbag.py:541} INFO - Filling up the DagBag from /home/airflow/.local/lib/python3.7/site-packages/airflow/example_dags/example_branch_operator.py
[2023-07-03T18:17:00.699+0000] {processor.py:836} INFO - DAG(s) dict_keys(['example_branch_operator']) retrieved from /home/airflow/.local/lib/python3.7/site-packages/airflow/example_dags/example_branch_operator.py
[2023-07-03T18:17:00.727+0000] {logging_mixin.py:149} INFO - [2023-07-03T18:17:00.727+0000] {dag.py:2726} INFO - Sync 1 DAGs
[2023-07-03T18:17:00.758+0000] {logging_mixin.py:149} INFO - [2023-07-03T18:17:00.758+0000] {dag.py:3490} INFO - Setting next_dagrun for example_branch_operator to 2023-07-02T00:00:00+00:00, run_after=2023-07-03T00:00:00+00:00
[2023-07-03T18:17:00.781+0000] {processor.py:179} INFO - Processing /home/airflow/.local/lib/python3.7/site-packages/airflow/example_dags/example_branch_operator.py took 0.097 seconds
[2023-07-03T18:17:30.918+0000] {processor.py:157} INFO - Started process (PID=8168) to work on /home/airflow/.local/lib/python3.7/site-packages/airflow/example_dags/example_branch_operator.py
[2023-07-03T18:17:30.919+0000] {processor.py:826} INFO - Processing file /home/airflow/.local/lib/python3.7/site-packages/airflow/example_dags/example_branch_operator.py for tasks to queue
[2023-07-03T18:17:30.920+0000] {logging_mixin.py:149} INFO - [2023-07-03T18:17:30.920+0000] {dagbag.py:541} INFO - Filling up the DagBag from /home/airflow/.local/lib/python3.7/site-packages/airflow/example_dags/example_branch_operator.py
[2023-07-03T18:17:30.928+0000] {processor.py:836} INFO - DAG(s) dict_keys(['example_branch_operator']) retrieved from /home/airflow/.local/lib/python3.7/site-packages/airflow/example_dags/example_branch_operator.py
[2023-07-03T18:17:30.956+0000] {logging_mixin.py:149} INFO - [2023-07-03T18:17:30.956+0000] {dag.py:2726} INFO - Sync 1 DAGs
[2023-07-03T18:17:30.985+0000] {logging_mixin.py:149} INFO - [2023-07-03T18:17:30.985+0000] {dag.py:3490} INFO - Setting next_dagrun for example_branch_operator to 2023-07-02T00:00:00+00:00, run_after=2023-07-03T00:00:00+00:00
[2023-07-03T18:17:31.003+0000] {processor.py:179} INFO - Processing /home/airflow/.local/lib/python3.7/site-packages/airflow/example_dags/example_branch_operator.py took 0.088 seconds
[2023-07-03T18:18:01.428+0000] {processor.py:157} INFO - Started process (PID=8419) to work on /home/airflow/.local/lib/python3.7/site-packages/airflow/example_dags/example_branch_operator.py
[2023-07-03T18:18:01.429+0000] {processor.py:826} INFO - Processing file /home/airflow/.local/lib/python3.7/site-packages/airflow/example_dags/example_branch_operator.py for tasks to queue
[2023-07-03T18:18:01.430+0000] {logging_mixin.py:149} INFO - [2023-07-03T18:18:01.430+0000] {dagbag.py:541} INFO - Filling up the DagBag from /home/airflow/.local/lib/python3.7/site-packages/airflow/example_dags/example_branch_operator.py
[2023-07-03T18:18:01.440+0000] {processor.py:836} INFO - DAG(s) dict_keys(['example_branch_operator']) retrieved from /home/airflow/.local/lib/python3.7/site-packages/airflow/example_dags/example_branch_operator.py
[2023-07-03T18:18:01.466+0000] {logging_mixin.py:149} INFO - [2023-07-03T18:18:01.466+0000] {dag.py:2726} INFO - Sync 1 DAGs
[2023-07-03T18:18:01.492+0000] {logging_mixin.py:149} INFO - [2023-07-03T18:18:01.492+0000] {dag.py:3490} INFO - Setting next_dagrun for example_branch_operator to 2023-07-02T00:00:00+00:00, run_after=2023-07-03T00:00:00+00:00
[2023-07-03T18:18:01.514+0000] {processor.py:179} INFO - Processing /home/airflow/.local/lib/python3.7/site-packages/airflow/example_dags/example_branch_operator.py took 0.089 seconds
[2023-07-03T18:18:31.933+0000] {processor.py:157} INFO - Started process (PID=8666) to work on /home/airflow/.local/lib/python3.7/site-packages/airflow/example_dags/example_branch_operator.py
[2023-07-03T18:18:31.934+0000] {processor.py:826} INFO - Processing file /home/airflow/.local/lib/python3.7/site-packages/airflow/example_dags/example_branch_operator.py for tasks to queue
[2023-07-03T18:18:31.935+0000] {logging_mixin.py:149} INFO - [2023-07-03T18:18:31.935+0000] {dagbag.py:541} INFO - Filling up the DagBag from /home/airflow/.local/lib/python3.7/site-packages/airflow/example_dags/example_branch_operator.py
[2023-07-03T18:18:31.944+0000] {processor.py:836} INFO - DAG(s) dict_keys(['example_branch_operator']) retrieved from /home/airflow/.local/lib/python3.7/site-packages/airflow/example_dags/example_branch_operator.py
[2023-07-03T18:18:31.973+0000] {logging_mixin.py:149} INFO - [2023-07-03T18:18:31.973+0000] {dag.py:2726} INFO - Sync 1 DAGs
[2023-07-03T18:18:32.008+0000] {logging_mixin.py:149} INFO - [2023-07-03T18:18:32.008+0000] {dag.py:3490} INFO - Setting next_dagrun for example_branch_operator to 2023-07-02T00:00:00+00:00, run_after=2023-07-03T00:00:00+00:00
[2023-07-03T18:18:32.028+0000] {processor.py:179} INFO - Processing /home/airflow/.local/lib/python3.7/site-packages/airflow/example_dags/example_branch_operator.py took 0.099 seconds
[2023-07-03T18:19:02.213+0000] {processor.py:157} INFO - Started process (PID=8915) to work on /home/airflow/.local/lib/python3.7/site-packages/airflow/example_dags/example_branch_operator.py
[2023-07-03T18:19:02.214+0000] {processor.py:826} INFO - Processing file /home/airflow/.local/lib/python3.7/site-packages/airflow/example_dags/example_branch_operator.py for tasks to queue
[2023-07-03T18:19:02.215+0000] {logging_mixin.py:149} INFO - [2023-07-03T18:19:02.215+0000] {dagbag.py:541} INFO - Filling up the DagBag from /home/airflow/.local/lib/python3.7/site-packages/airflow/example_dags/example_branch_operator.py
[2023-07-03T18:19:02.225+0000] {processor.py:836} INFO - DAG(s) dict_keys(['example_branch_operator']) retrieved from /home/airflow/.local/lib/python3.7/site-packages/airflow/example_dags/example_branch_operator.py
[2023-07-03T18:19:02.263+0000] {logging_mixin.py:149} INFO - [2023-07-03T18:19:02.263+0000] {dag.py:2726} INFO - Sync 1 DAGs
[2023-07-03T18:19:02.289+0000] {logging_mixin.py:149} INFO - [2023-07-03T18:19:02.289+0000] {dag.py:3490} INFO - Setting next_dagrun for example_branch_operator to 2023-07-02T00:00:00+00:00, run_after=2023-07-03T00:00:00+00:00
[2023-07-03T18:19:02.312+0000] {processor.py:179} INFO - Processing /home/airflow/.local/lib/python3.7/site-packages/airflow/example_dags/example_branch_operator.py took 0.102 seconds
[2023-07-03T18:19:32.425+0000] {processor.py:157} INFO - Started process (PID=9164) to work on /home/airflow/.local/lib/python3.7/site-packages/airflow/example_dags/example_branch_operator.py
[2023-07-03T18:19:32.426+0000] {processor.py:826} INFO - Processing file /home/airflow/.local/lib/python3.7/site-packages/airflow/example_dags/example_branch_operator.py for tasks to queue
[2023-07-03T18:19:32.427+0000] {logging_mixin.py:149} INFO - [2023-07-03T18:19:32.427+0000] {dagbag.py:541} INFO - Filling up the DagBag from /home/airflow/.local/lib/python3.7/site-packages/airflow/example_dags/example_branch_operator.py
[2023-07-03T18:19:32.438+0000] {processor.py:836} INFO - DAG(s) dict_keys(['example_branch_operator']) retrieved from /home/airflow/.local/lib/python3.7/site-packages/airflow/example_dags/example_branch_operator.py
[2023-07-03T18:19:32.462+0000] {logging_mixin.py:149} INFO - [2023-07-03T18:19:32.462+0000] {dag.py:2726} INFO - Sync 1 DAGs
[2023-07-03T18:19:32.490+0000] {logging_mixin.py:149} INFO - [2023-07-03T18:19:32.490+0000] {dag.py:3490} INFO - Setting next_dagrun for example_branch_operator to 2023-07-02T00:00:00+00:00, run_after=2023-07-03T00:00:00+00:00
[2023-07-03T18:19:32.510+0000] {processor.py:179} INFO - Processing /home/airflow/.local/lib/python3.7/site-packages/airflow/example_dags/example_branch_operator.py took 0.089 seconds
[2023-07-03T18:20:02.997+0000] {processor.py:157} INFO - Started process (PID=9413) to work on /home/airflow/.local/lib/python3.7/site-packages/airflow/example_dags/example_branch_operator.py
[2023-07-03T18:20:02.998+0000] {processor.py:826} INFO - Processing file /home/airflow/.local/lib/python3.7/site-packages/airflow/example_dags/example_branch_operator.py for tasks to queue
[2023-07-03T18:20:02.999+0000] {logging_mixin.py:149} INFO - [2023-07-03T18:20:02.999+0000] {dagbag.py:541} INFO - Filling up the DagBag from /home/airflow/.local/lib/python3.7/site-packages/airflow/example_dags/example_branch_operator.py
[2023-07-03T18:20:03.009+0000] {processor.py:836} INFO - DAG(s) dict_keys(['example_branch_operator']) retrieved from /home/airflow/.local/lib/python3.7/site-packages/airflow/example_dags/example_branch_operator.py
[2023-07-03T18:20:03.033+0000] {logging_mixin.py:149} INFO - [2023-07-03T18:20:03.032+0000] {dag.py:2726} INFO - Sync 1 DAGs
[2023-07-03T18:20:03.062+0000] {logging_mixin.py:149} INFO - [2023-07-03T18:20:03.062+0000] {dag.py:3490} INFO - Setting next_dagrun for example_branch_operator to 2023-07-02T00:00:00+00:00, run_after=2023-07-03T00:00:00+00:00
[2023-07-03T18:20:03.081+0000] {processor.py:179} INFO - Processing /home/airflow/.local/lib/python3.7/site-packages/airflow/example_dags/example_branch_operator.py took 0.087 seconds
