[2023-07-03T18:01:16.319+0000] {processor.py:157} INFO - Started process (PID=257) to work on /home/airflow/.local/lib/python3.7/site-packages/airflow/example_dags/example_params_trigger_ui.py
[2023-07-03T18:01:16.320+0000] {processor.py:826} INFO - Processing file /home/airflow/.local/lib/python3.7/site-packages/airflow/example_dags/example_params_trigger_ui.py for tasks to queue
[2023-07-03T18:01:16.321+0000] {logging_mixin.py:149} INFO - [2023-07-03T18:01:16.321+0000] {dagbag.py:541} INFO - Filling up the DagBag from /home/airflow/.local/lib/python3.7/site-packages/airflow/example_dags/example_params_trigger_ui.py
[2023-07-03T18:01:16.347+0000] {processor.py:836} INFO - DAG(s) dict_keys(['example_params_trigger_ui']) retrieved from /home/airflow/.local/lib/python3.7/site-packages/airflow/example_dags/example_params_trigger_ui.py
[2023-07-03T18:01:16.358+0000] {logging_mixin.py:149} INFO - [2023-07-03T18:01:16.357+0000] {dag.py:2726} INFO - Sync 1 DAGs
[2023-07-03T18:01:16.380+0000] {logging_mixin.py:149} INFO - [2023-07-03T18:01:16.380+0000] {dag.py:3490} INFO - Setting next_dagrun for example_params_trigger_ui to None, run_after=None
[2023-07-03T18:01:16.398+0000] {processor.py:179} INFO - Processing /home/airflow/.local/lib/python3.7/site-packages/airflow/example_dags/example_params_trigger_ui.py took 0.081 seconds
[2023-07-03T18:01:46.490+0000] {processor.py:157} INFO - Started process (PID=503) to work on /home/airflow/.local/lib/python3.7/site-packages/airflow/example_dags/example_params_trigger_ui.py
[2023-07-03T18:01:46.491+0000] {processor.py:826} INFO - Processing file /home/airflow/.local/lib/python3.7/site-packages/airflow/example_dags/example_params_trigger_ui.py for tasks to queue
[2023-07-03T18:01:46.491+0000] {logging_mixin.py:149} INFO - [2023-07-03T18:01:46.491+0000] {dagbag.py:541} INFO - Filling up the DagBag from /home/airflow/.local/lib/python3.7/site-packages/airflow/example_dags/example_params_trigger_ui.py
[2023-07-03T18:01:46.510+0000] {processor.py:836} INFO - DAG(s) dict_keys(['example_params_trigger_ui']) retrieved from /home/airflow/.local/lib/python3.7/site-packages/airflow/example_dags/example_params_trigger_ui.py
[2023-07-03T18:01:46.589+0000] {logging_mixin.py:149} INFO - [2023-07-03T18:01:46.589+0000] {dag.py:2726} INFO - Sync 1 DAGs
[2023-07-03T18:01:46.610+0000] {logging_mixin.py:149} INFO - [2023-07-03T18:01:46.610+0000] {dag.py:3490} INFO - Setting next_dagrun for example_params_trigger_ui to None, run_after=None
[2023-07-03T18:01:46.626+0000] {processor.py:179} INFO - Processing /home/airflow/.local/lib/python3.7/site-packages/airflow/example_dags/example_params_trigger_ui.py took 0.139 seconds
[2023-07-03T18:02:17.620+0000] {processor.py:157} INFO - Started process (PID=756) to work on /home/airflow/.local/lib/python3.7/site-packages/airflow/example_dags/example_params_trigger_ui.py
[2023-07-03T18:02:17.621+0000] {processor.py:826} INFO - Processing file /home/airflow/.local/lib/python3.7/site-packages/airflow/example_dags/example_params_trigger_ui.py for tasks to queue
[2023-07-03T18:02:17.622+0000] {logging_mixin.py:149} INFO - [2023-07-03T18:02:17.622+0000] {dagbag.py:541} INFO - Filling up the DagBag from /home/airflow/.local/lib/python3.7/site-packages/airflow/example_dags/example_params_trigger_ui.py
[2023-07-03T18:02:17.640+0000] {processor.py:836} INFO - DAG(s) dict_keys(['example_params_trigger_ui']) retrieved from /home/airflow/.local/lib/python3.7/site-packages/airflow/example_dags/example_params_trigger_ui.py
[2023-07-03T18:02:17.723+0000] {logging_mixin.py:149} INFO - [2023-07-03T18:02:17.723+0000] {dag.py:2726} INFO - Sync 1 DAGs
[2023-07-03T18:02:17.746+0000] {logging_mixin.py:149} INFO - [2023-07-03T18:02:17.746+0000] {dag.py:3490} INFO - Setting next_dagrun for example_params_trigger_ui to None, run_after=None
[2023-07-03T18:02:17.775+0000] {processor.py:179} INFO - Processing /home/airflow/.local/lib/python3.7/site-packages/airflow/example_dags/example_params_trigger_ui.py took 0.157 seconds
[2023-07-03T18:02:47.814+0000] {processor.py:157} INFO - Started process (PID=1002) to work on /home/airflow/.local/lib/python3.7/site-packages/airflow/example_dags/example_params_trigger_ui.py
[2023-07-03T18:02:47.815+0000] {processor.py:826} INFO - Processing file /home/airflow/.local/lib/python3.7/site-packages/airflow/example_dags/example_params_trigger_ui.py for tasks to queue
[2023-07-03T18:02:47.816+0000] {logging_mixin.py:149} INFO - [2023-07-03T18:02:47.816+0000] {dagbag.py:541} INFO - Filling up the DagBag from /home/airflow/.local/lib/python3.7/site-packages/airflow/example_dags/example_params_trigger_ui.py
[2023-07-03T18:02:47.834+0000] {processor.py:836} INFO - DAG(s) dict_keys(['example_params_trigger_ui']) retrieved from /home/airflow/.local/lib/python3.7/site-packages/airflow/example_dags/example_params_trigger_ui.py
[2023-07-03T18:02:47.908+0000] {logging_mixin.py:149} INFO - [2023-07-03T18:02:47.908+0000] {dag.py:2726} INFO - Sync 1 DAGs
[2023-07-03T18:02:47.928+0000] {logging_mixin.py:149} INFO - [2023-07-03T18:02:47.928+0000] {dag.py:3490} INFO - Setting next_dagrun for example_params_trigger_ui to None, run_after=None
[2023-07-03T18:02:47.948+0000] {processor.py:179} INFO - Processing /home/airflow/.local/lib/python3.7/site-packages/airflow/example_dags/example_params_trigger_ui.py took 0.136 seconds
[2023-07-03T18:03:18.005+0000] {processor.py:157} INFO - Started process (PID=1251) to work on /home/airflow/.local/lib/python3.7/site-packages/airflow/example_dags/example_params_trigger_ui.py
[2023-07-03T18:03:18.006+0000] {processor.py:826} INFO - Processing file /home/airflow/.local/lib/python3.7/site-packages/airflow/example_dags/example_params_trigger_ui.py for tasks to queue
[2023-07-03T18:03:18.006+0000] {logging_mixin.py:149} INFO - [2023-07-03T18:03:18.006+0000] {dagbag.py:541} INFO - Filling up the DagBag from /home/airflow/.local/lib/python3.7/site-packages/airflow/example_dags/example_params_trigger_ui.py
[2023-07-03T18:03:18.025+0000] {processor.py:836} INFO - DAG(s) dict_keys(['example_params_trigger_ui']) retrieved from /home/airflow/.local/lib/python3.7/site-packages/airflow/example_dags/example_params_trigger_ui.py
[2023-07-03T18:03:18.101+0000] {logging_mixin.py:149} INFO - [2023-07-03T18:03:18.101+0000] {dag.py:2726} INFO - Sync 1 DAGs
[2023-07-03T18:03:18.122+0000] {logging_mixin.py:149} INFO - [2023-07-03T18:03:18.122+0000] {dag.py:3490} INFO - Setting next_dagrun for example_params_trigger_ui to None, run_after=None
[2023-07-03T18:03:18.141+0000] {processor.py:179} INFO - Processing /home/airflow/.local/lib/python3.7/site-packages/airflow/example_dags/example_params_trigger_ui.py took 0.138 seconds
[2023-07-03T18:03:48.685+0000] {processor.py:157} INFO - Started process (PID=1500) to work on /home/airflow/.local/lib/python3.7/site-packages/airflow/example_dags/example_params_trigger_ui.py
[2023-07-03T18:03:48.685+0000] {processor.py:826} INFO - Processing file /home/airflow/.local/lib/python3.7/site-packages/airflow/example_dags/example_params_trigger_ui.py for tasks to queue
[2023-07-03T18:03:48.686+0000] {logging_mixin.py:149} INFO - [2023-07-03T18:03:48.686+0000] {dagbag.py:541} INFO - Filling up the DagBag from /home/airflow/.local/lib/python3.7/site-packages/airflow/example_dags/example_params_trigger_ui.py
[2023-07-03T18:03:48.704+0000] {processor.py:836} INFO - DAG(s) dict_keys(['example_params_trigger_ui']) retrieved from /home/airflow/.local/lib/python3.7/site-packages/airflow/example_dags/example_params_trigger_ui.py
[2023-07-03T18:03:48.775+0000] {logging_mixin.py:149} INFO - [2023-07-03T18:03:48.775+0000] {dag.py:2726} INFO - Sync 1 DAGs
[2023-07-03T18:03:48.796+0000] {logging_mixin.py:149} INFO - [2023-07-03T18:03:48.796+0000] {dag.py:3490} INFO - Setting next_dagrun for example_params_trigger_ui to None, run_after=None
[2023-07-03T18:03:48.823+0000] {processor.py:179} INFO - Processing /home/airflow/.local/lib/python3.7/site-packages/airflow/example_dags/example_params_trigger_ui.py took 0.140 seconds
[2023-07-03T18:04:19.372+0000] {processor.py:157} INFO - Started process (PID=1749) to work on /home/airflow/.local/lib/python3.7/site-packages/airflow/example_dags/example_params_trigger_ui.py
[2023-07-03T18:04:19.373+0000] {processor.py:826} INFO - Processing file /home/airflow/.local/lib/python3.7/site-packages/airflow/example_dags/example_params_trigger_ui.py for tasks to queue
[2023-07-03T18:04:19.374+0000] {logging_mixin.py:149} INFO - [2023-07-03T18:04:19.374+0000] {dagbag.py:541} INFO - Filling up the DagBag from /home/airflow/.local/lib/python3.7/site-packages/airflow/example_dags/example_params_trigger_ui.py
[2023-07-03T18:04:19.393+0000] {processor.py:836} INFO - DAG(s) dict_keys(['example_params_trigger_ui']) retrieved from /home/airflow/.local/lib/python3.7/site-packages/airflow/example_dags/example_params_trigger_ui.py
[2023-07-03T18:04:19.473+0000] {logging_mixin.py:149} INFO - [2023-07-03T18:04:19.473+0000] {dag.py:2726} INFO - Sync 1 DAGs
[2023-07-03T18:04:19.496+0000] {logging_mixin.py:149} INFO - [2023-07-03T18:04:19.496+0000] {dag.py:3490} INFO - Setting next_dagrun for example_params_trigger_ui to None, run_after=None
[2023-07-03T18:04:19.515+0000] {processor.py:179} INFO - Processing /home/airflow/.local/lib/python3.7/site-packages/airflow/example_dags/example_params_trigger_ui.py took 0.145 seconds
[2023-07-03T18:04:49.854+0000] {processor.py:157} INFO - Started process (PID=1998) to work on /home/airflow/.local/lib/python3.7/site-packages/airflow/example_dags/example_params_trigger_ui.py
[2023-07-03T18:04:49.855+0000] {processor.py:826} INFO - Processing file /home/airflow/.local/lib/python3.7/site-packages/airflow/example_dags/example_params_trigger_ui.py for tasks to queue
[2023-07-03T18:04:49.856+0000] {logging_mixin.py:149} INFO - [2023-07-03T18:04:49.855+0000] {dagbag.py:541} INFO - Filling up the DagBag from /home/airflow/.local/lib/python3.7/site-packages/airflow/example_dags/example_params_trigger_ui.py
[2023-07-03T18:04:49.874+0000] {processor.py:836} INFO - DAG(s) dict_keys(['example_params_trigger_ui']) retrieved from /home/airflow/.local/lib/python3.7/site-packages/airflow/example_dags/example_params_trigger_ui.py
[2023-07-03T18:04:49.948+0000] {logging_mixin.py:149} INFO - [2023-07-03T18:04:49.948+0000] {dag.py:2726} INFO - Sync 1 DAGs
[2023-07-03T18:04:49.970+0000] {logging_mixin.py:149} INFO - [2023-07-03T18:04:49.970+0000] {dag.py:3490} INFO - Setting next_dagrun for example_params_trigger_ui to None, run_after=None
[2023-07-03T18:04:49.998+0000] {processor.py:179} INFO - Processing /home/airflow/.local/lib/python3.7/site-packages/airflow/example_dags/example_params_trigger_ui.py took 0.147 seconds
[2023-07-03T18:05:20.558+0000] {processor.py:157} INFO - Started process (PID=2247) to work on /home/airflow/.local/lib/python3.7/site-packages/airflow/example_dags/example_params_trigger_ui.py
[2023-07-03T18:05:20.559+0000] {processor.py:826} INFO - Processing file /home/airflow/.local/lib/python3.7/site-packages/airflow/example_dags/example_params_trigger_ui.py for tasks to queue
[2023-07-03T18:05:20.560+0000] {logging_mixin.py:149} INFO - [2023-07-03T18:05:20.560+0000] {dagbag.py:541} INFO - Filling up the DagBag from /home/airflow/.local/lib/python3.7/site-packages/airflow/example_dags/example_params_trigger_ui.py
[2023-07-03T18:05:20.578+0000] {processor.py:836} INFO - DAG(s) dict_keys(['example_params_trigger_ui']) retrieved from /home/airflow/.local/lib/python3.7/site-packages/airflow/example_dags/example_params_trigger_ui.py
[2023-07-03T18:05:20.651+0000] {logging_mixin.py:149} INFO - [2023-07-03T18:05:20.650+0000] {dag.py:2726} INFO - Sync 1 DAGs
[2023-07-03T18:05:20.671+0000] {logging_mixin.py:149} INFO - [2023-07-03T18:05:20.671+0000] {dag.py:3490} INFO - Setting next_dagrun for example_params_trigger_ui to None, run_after=None
[2023-07-03T18:05:20.698+0000] {processor.py:179} INFO - Processing /home/airflow/.local/lib/python3.7/site-packages/airflow/example_dags/example_params_trigger_ui.py took 0.143 seconds
[2023-07-03T18:05:51.193+0000] {processor.py:157} INFO - Started process (PID=2496) to work on /home/airflow/.local/lib/python3.7/site-packages/airflow/example_dags/example_params_trigger_ui.py
[2023-07-03T18:05:51.195+0000] {processor.py:826} INFO - Processing file /home/airflow/.local/lib/python3.7/site-packages/airflow/example_dags/example_params_trigger_ui.py for tasks to queue
[2023-07-03T18:05:51.196+0000] {logging_mixin.py:149} INFO - [2023-07-03T18:05:51.195+0000] {dagbag.py:541} INFO - Filling up the DagBag from /home/airflow/.local/lib/python3.7/site-packages/airflow/example_dags/example_params_trigger_ui.py
[2023-07-03T18:05:51.214+0000] {processor.py:836} INFO - DAG(s) dict_keys(['example_params_trigger_ui']) retrieved from /home/airflow/.local/lib/python3.7/site-packages/airflow/example_dags/example_params_trigger_ui.py
[2023-07-03T18:05:51.289+0000] {logging_mixin.py:149} INFO - [2023-07-03T18:05:51.289+0000] {dag.py:2726} INFO - Sync 1 DAGs
[2023-07-03T18:05:51.310+0000] {logging_mixin.py:149} INFO - [2023-07-03T18:05:51.310+0000] {dag.py:3490} INFO - Setting next_dagrun for example_params_trigger_ui to None, run_after=None
[2023-07-03T18:05:51.330+0000] {processor.py:179} INFO - Processing /home/airflow/.local/lib/python3.7/site-packages/airflow/example_dags/example_params_trigger_ui.py took 0.139 seconds
[2023-07-03T18:06:21.942+0000] {processor.py:157} INFO - Started process (PID=2745) to work on /home/airflow/.local/lib/python3.7/site-packages/airflow/example_dags/example_params_trigger_ui.py
[2023-07-03T18:06:21.943+0000] {processor.py:826} INFO - Processing file /home/airflow/.local/lib/python3.7/site-packages/airflow/example_dags/example_params_trigger_ui.py for tasks to queue
[2023-07-03T18:06:21.944+0000] {logging_mixin.py:149} INFO - [2023-07-03T18:06:21.944+0000] {dagbag.py:541} INFO - Filling up the DagBag from /home/airflow/.local/lib/python3.7/site-packages/airflow/example_dags/example_params_trigger_ui.py
[2023-07-03T18:06:21.963+0000] {processor.py:836} INFO - DAG(s) dict_keys(['example_params_trigger_ui']) retrieved from /home/airflow/.local/lib/python3.7/site-packages/airflow/example_dags/example_params_trigger_ui.py
[2023-07-03T18:06:22.041+0000] {logging_mixin.py:149} INFO - [2023-07-03T18:06:22.041+0000] {dag.py:2726} INFO - Sync 1 DAGs
[2023-07-03T18:06:22.062+0000] {logging_mixin.py:149} INFO - [2023-07-03T18:06:22.062+0000] {dag.py:3490} INFO - Setting next_dagrun for example_params_trigger_ui to None, run_after=None
[2023-07-03T18:06:22.090+0000] {processor.py:179} INFO - Processing /home/airflow/.local/lib/python3.7/site-packages/airflow/example_dags/example_params_trigger_ui.py took 0.151 seconds
[2023-07-03T18:06:52.681+0000] {processor.py:157} INFO - Started process (PID=2994) to work on /home/airflow/.local/lib/python3.7/site-packages/airflow/example_dags/example_params_trigger_ui.py
[2023-07-03T18:06:52.682+0000] {processor.py:826} INFO - Processing file /home/airflow/.local/lib/python3.7/site-packages/airflow/example_dags/example_params_trigger_ui.py for tasks to queue
[2023-07-03T18:06:52.683+0000] {logging_mixin.py:149} INFO - [2023-07-03T18:06:52.683+0000] {dagbag.py:541} INFO - Filling up the DagBag from /home/airflow/.local/lib/python3.7/site-packages/airflow/example_dags/example_params_trigger_ui.py
[2023-07-03T18:06:52.701+0000] {processor.py:836} INFO - DAG(s) dict_keys(['example_params_trigger_ui']) retrieved from /home/airflow/.local/lib/python3.7/site-packages/airflow/example_dags/example_params_trigger_ui.py
[2023-07-03T18:06:52.778+0000] {logging_mixin.py:149} INFO - [2023-07-03T18:06:52.777+0000] {dag.py:2726} INFO - Sync 1 DAGs
[2023-07-03T18:06:52.800+0000] {logging_mixin.py:149} INFO - [2023-07-03T18:06:52.799+0000] {dag.py:3490} INFO - Setting next_dagrun for example_params_trigger_ui to None, run_after=None
[2023-07-03T18:06:52.818+0000] {processor.py:179} INFO - Processing /home/airflow/.local/lib/python3.7/site-packages/airflow/example_dags/example_params_trigger_ui.py took 0.140 seconds
[2023-07-03T18:07:23.404+0000] {processor.py:157} INFO - Started process (PID=3243) to work on /home/airflow/.local/lib/python3.7/site-packages/airflow/example_dags/example_params_trigger_ui.py
[2023-07-03T18:07:23.405+0000] {processor.py:826} INFO - Processing file /home/airflow/.local/lib/python3.7/site-packages/airflow/example_dags/example_params_trigger_ui.py for tasks to queue
[2023-07-03T18:07:23.406+0000] {logging_mixin.py:149} INFO - [2023-07-03T18:07:23.406+0000] {dagbag.py:541} INFO - Filling up the DagBag from /home/airflow/.local/lib/python3.7/site-packages/airflow/example_dags/example_params_trigger_ui.py
[2023-07-03T18:07:23.426+0000] {processor.py:836} INFO - DAG(s) dict_keys(['example_params_trigger_ui']) retrieved from /home/airflow/.local/lib/python3.7/site-packages/airflow/example_dags/example_params_trigger_ui.py
[2023-07-03T18:07:23.503+0000] {logging_mixin.py:149} INFO - [2023-07-03T18:07:23.503+0000] {dag.py:2726} INFO - Sync 1 DAGs
[2023-07-03T18:07:23.525+0000] {logging_mixin.py:149} INFO - [2023-07-03T18:07:23.525+0000] {dag.py:3490} INFO - Setting next_dagrun for example_params_trigger_ui to None, run_after=None
[2023-07-03T18:07:23.555+0000] {processor.py:179} INFO - Processing /home/airflow/.local/lib/python3.7/site-packages/airflow/example_dags/example_params_trigger_ui.py took 0.154 seconds
[2023-07-03T18:07:53.964+0000] {processor.py:157} INFO - Started process (PID=3493) to work on /home/airflow/.local/lib/python3.7/site-packages/airflow/example_dags/example_params_trigger_ui.py
[2023-07-03T18:07:53.965+0000] {processor.py:826} INFO - Processing file /home/airflow/.local/lib/python3.7/site-packages/airflow/example_dags/example_params_trigger_ui.py for tasks to queue
[2023-07-03T18:07:53.966+0000] {logging_mixin.py:149} INFO - [2023-07-03T18:07:53.966+0000] {dagbag.py:541} INFO - Filling up the DagBag from /home/airflow/.local/lib/python3.7/site-packages/airflow/example_dags/example_params_trigger_ui.py
[2023-07-03T18:07:53.986+0000] {processor.py:836} INFO - DAG(s) dict_keys(['example_params_trigger_ui']) retrieved from /home/airflow/.local/lib/python3.7/site-packages/airflow/example_dags/example_params_trigger_ui.py
[2023-07-03T18:07:54.070+0000] {logging_mixin.py:149} INFO - [2023-07-03T18:07:54.069+0000] {dag.py:2726} INFO - Sync 1 DAGs
[2023-07-03T18:07:54.091+0000] {logging_mixin.py:149} INFO - [2023-07-03T18:07:54.091+0000] {dag.py:3490} INFO - Setting next_dagrun for example_params_trigger_ui to None, run_after=None
[2023-07-03T18:07:54.109+0000] {processor.py:179} INFO - Processing /home/airflow/.local/lib/python3.7/site-packages/airflow/example_dags/example_params_trigger_ui.py took 0.148 seconds
[2023-07-03T18:08:24.430+0000] {processor.py:157} INFO - Started process (PID=3742) to work on /home/airflow/.local/lib/python3.7/site-packages/airflow/example_dags/example_params_trigger_ui.py
[2023-07-03T18:08:24.431+0000] {processor.py:826} INFO - Processing file /home/airflow/.local/lib/python3.7/site-packages/airflow/example_dags/example_params_trigger_ui.py for tasks to queue
[2023-07-03T18:08:24.433+0000] {logging_mixin.py:149} INFO - [2023-07-03T18:08:24.432+0000] {dagbag.py:541} INFO - Filling up the DagBag from /home/airflow/.local/lib/python3.7/site-packages/airflow/example_dags/example_params_trigger_ui.py
[2023-07-03T18:08:24.455+0000] {processor.py:836} INFO - DAG(s) dict_keys(['example_params_trigger_ui']) retrieved from /home/airflow/.local/lib/python3.7/site-packages/airflow/example_dags/example_params_trigger_ui.py
[2023-07-03T18:08:24.533+0000] {logging_mixin.py:149} INFO - [2023-07-03T18:08:24.533+0000] {dag.py:2726} INFO - Sync 1 DAGs
[2023-07-03T18:08:24.556+0000] {logging_mixin.py:149} INFO - [2023-07-03T18:08:24.556+0000] {dag.py:3490} INFO - Setting next_dagrun for example_params_trigger_ui to None, run_after=None
[2023-07-03T18:08:24.572+0000] {processor.py:179} INFO - Processing /home/airflow/.local/lib/python3.7/site-packages/airflow/example_dags/example_params_trigger_ui.py took 0.147 seconds
[2023-07-03T18:08:55.009+0000] {processor.py:157} INFO - Started process (PID=3991) to work on /home/airflow/.local/lib/python3.7/site-packages/airflow/example_dags/example_params_trigger_ui.py
[2023-07-03T18:08:55.010+0000] {processor.py:826} INFO - Processing file /home/airflow/.local/lib/python3.7/site-packages/airflow/example_dags/example_params_trigger_ui.py for tasks to queue
[2023-07-03T18:08:55.011+0000] {logging_mixin.py:149} INFO - [2023-07-03T18:08:55.011+0000] {dagbag.py:541} INFO - Filling up the DagBag from /home/airflow/.local/lib/python3.7/site-packages/airflow/example_dags/example_params_trigger_ui.py
[2023-07-03T18:08:55.030+0000] {processor.py:836} INFO - DAG(s) dict_keys(['example_params_trigger_ui']) retrieved from /home/airflow/.local/lib/python3.7/site-packages/airflow/example_dags/example_params_trigger_ui.py
[2023-07-03T18:08:55.103+0000] {logging_mixin.py:149} INFO - [2023-07-03T18:08:55.103+0000] {dag.py:2726} INFO - Sync 1 DAGs
[2023-07-03T18:08:55.124+0000] {logging_mixin.py:149} INFO - [2023-07-03T18:08:55.124+0000] {dag.py:3490} INFO - Setting next_dagrun for example_params_trigger_ui to None, run_after=None
[2023-07-03T18:08:55.147+0000] {processor.py:179} INFO - Processing /home/airflow/.local/lib/python3.7/site-packages/airflow/example_dags/example_params_trigger_ui.py took 0.140 seconds
[2023-07-03T18:09:25.653+0000] {processor.py:157} INFO - Started process (PID=4240) to work on /home/airflow/.local/lib/python3.7/site-packages/airflow/example_dags/example_params_trigger_ui.py
[2023-07-03T18:09:25.654+0000] {processor.py:826} INFO - Processing file /home/airflow/.local/lib/python3.7/site-packages/airflow/example_dags/example_params_trigger_ui.py for tasks to queue
[2023-07-03T18:09:25.655+0000] {logging_mixin.py:149} INFO - [2023-07-03T18:09:25.655+0000] {dagbag.py:541} INFO - Filling up the DagBag from /home/airflow/.local/lib/python3.7/site-packages/airflow/example_dags/example_params_trigger_ui.py
[2023-07-03T18:09:25.673+0000] {processor.py:836} INFO - DAG(s) dict_keys(['example_params_trigger_ui']) retrieved from /home/airflow/.local/lib/python3.7/site-packages/airflow/example_dags/example_params_trigger_ui.py
[2023-07-03T18:09:25.748+0000] {logging_mixin.py:149} INFO - [2023-07-03T18:09:25.748+0000] {dag.py:2726} INFO - Sync 1 DAGs
[2023-07-03T18:09:25.770+0000] {logging_mixin.py:149} INFO - [2023-07-03T18:09:25.770+0000] {dag.py:3490} INFO - Setting next_dagrun for example_params_trigger_ui to None, run_after=None
[2023-07-03T18:09:25.796+0000] {processor.py:179} INFO - Processing /home/airflow/.local/lib/python3.7/site-packages/airflow/example_dags/example_params_trigger_ui.py took 0.146 seconds
[2023-07-03T18:09:56.484+0000] {processor.py:157} INFO - Started process (PID=4489) to work on /home/airflow/.local/lib/python3.7/site-packages/airflow/example_dags/example_params_trigger_ui.py
[2023-07-03T18:09:56.485+0000] {processor.py:826} INFO - Processing file /home/airflow/.local/lib/python3.7/site-packages/airflow/example_dags/example_params_trigger_ui.py for tasks to queue
[2023-07-03T18:09:56.486+0000] {logging_mixin.py:149} INFO - [2023-07-03T18:09:56.486+0000] {dagbag.py:541} INFO - Filling up the DagBag from /home/airflow/.local/lib/python3.7/site-packages/airflow/example_dags/example_params_trigger_ui.py
[2023-07-03T18:09:56.503+0000] {processor.py:836} INFO - DAG(s) dict_keys(['example_params_trigger_ui']) retrieved from /home/airflow/.local/lib/python3.7/site-packages/airflow/example_dags/example_params_trigger_ui.py
[2023-07-03T18:09:56.576+0000] {logging_mixin.py:149} INFO - [2023-07-03T18:09:56.576+0000] {dag.py:2726} INFO - Sync 1 DAGs
[2023-07-03T18:09:56.597+0000] {logging_mixin.py:149} INFO - [2023-07-03T18:09:56.597+0000] {dag.py:3490} INFO - Setting next_dagrun for example_params_trigger_ui to None, run_after=None
[2023-07-03T18:09:56.614+0000] {processor.py:179} INFO - Processing /home/airflow/.local/lib/python3.7/site-packages/airflow/example_dags/example_params_trigger_ui.py took 0.132 seconds
[2023-07-03T18:10:26.695+0000] {processor.py:157} INFO - Started process (PID=4738) to work on /home/airflow/.local/lib/python3.7/site-packages/airflow/example_dags/example_params_trigger_ui.py
[2023-07-03T18:10:26.696+0000] {processor.py:826} INFO - Processing file /home/airflow/.local/lib/python3.7/site-packages/airflow/example_dags/example_params_trigger_ui.py for tasks to queue
[2023-07-03T18:10:26.697+0000] {logging_mixin.py:149} INFO - [2023-07-03T18:10:26.696+0000] {dagbag.py:541} INFO - Filling up the DagBag from /home/airflow/.local/lib/python3.7/site-packages/airflow/example_dags/example_params_trigger_ui.py
[2023-07-03T18:10:26.715+0000] {processor.py:836} INFO - DAG(s) dict_keys(['example_params_trigger_ui']) retrieved from /home/airflow/.local/lib/python3.7/site-packages/airflow/example_dags/example_params_trigger_ui.py
[2023-07-03T18:10:26.802+0000] {logging_mixin.py:149} INFO - [2023-07-03T18:10:26.802+0000] {dag.py:2726} INFO - Sync 1 DAGs
[2023-07-03T18:10:26.827+0000] {logging_mixin.py:149} INFO - [2023-07-03T18:10:26.827+0000] {dag.py:3490} INFO - Setting next_dagrun for example_params_trigger_ui to None, run_after=None
[2023-07-03T18:10:26.847+0000] {processor.py:179} INFO - Processing /home/airflow/.local/lib/python3.7/site-packages/airflow/example_dags/example_params_trigger_ui.py took 0.154 seconds
[2023-07-03T18:10:56.906+0000] {processor.py:157} INFO - Started process (PID=4987) to work on /home/airflow/.local/lib/python3.7/site-packages/airflow/example_dags/example_params_trigger_ui.py
[2023-07-03T18:10:56.907+0000] {processor.py:826} INFO - Processing file /home/airflow/.local/lib/python3.7/site-packages/airflow/example_dags/example_params_trigger_ui.py for tasks to queue
[2023-07-03T18:10:56.908+0000] {logging_mixin.py:149} INFO - [2023-07-03T18:10:56.908+0000] {dagbag.py:541} INFO - Filling up the DagBag from /home/airflow/.local/lib/python3.7/site-packages/airflow/example_dags/example_params_trigger_ui.py
[2023-07-03T18:10:56.927+0000] {processor.py:836} INFO - DAG(s) dict_keys(['example_params_trigger_ui']) retrieved from /home/airflow/.local/lib/python3.7/site-packages/airflow/example_dags/example_params_trigger_ui.py
[2023-07-03T18:10:57.001+0000] {logging_mixin.py:149} INFO - [2023-07-03T18:10:57.000+0000] {dag.py:2726} INFO - Sync 1 DAGs
[2023-07-03T18:10:57.021+0000] {logging_mixin.py:149} INFO - [2023-07-03T18:10:57.021+0000] {dag.py:3490} INFO - Setting next_dagrun for example_params_trigger_ui to None, run_after=None
[2023-07-03T18:10:57.037+0000] {processor.py:179} INFO - Processing /home/airflow/.local/lib/python3.7/site-packages/airflow/example_dags/example_params_trigger_ui.py took 0.134 seconds
[2023-07-03T18:11:27.198+0000] {processor.py:157} INFO - Started process (PID=5236) to work on /home/airflow/.local/lib/python3.7/site-packages/airflow/example_dags/example_params_trigger_ui.py
[2023-07-03T18:11:27.199+0000] {processor.py:826} INFO - Processing file /home/airflow/.local/lib/python3.7/site-packages/airflow/example_dags/example_params_trigger_ui.py for tasks to queue
[2023-07-03T18:11:27.199+0000] {logging_mixin.py:149} INFO - [2023-07-03T18:11:27.199+0000] {dagbag.py:541} INFO - Filling up the DagBag from /home/airflow/.local/lib/python3.7/site-packages/airflow/example_dags/example_params_trigger_ui.py
[2023-07-03T18:11:27.217+0000] {processor.py:836} INFO - DAG(s) dict_keys(['example_params_trigger_ui']) retrieved from /home/airflow/.local/lib/python3.7/site-packages/airflow/example_dags/example_params_trigger_ui.py
[2023-07-03T18:11:27.290+0000] {logging_mixin.py:149} INFO - [2023-07-03T18:11:27.290+0000] {dag.py:2726} INFO - Sync 1 DAGs
[2023-07-03T18:11:27.311+0000] {logging_mixin.py:149} INFO - [2023-07-03T18:11:27.311+0000] {dag.py:3490} INFO - Setting next_dagrun for example_params_trigger_ui to None, run_after=None
[2023-07-03T18:11:27.329+0000] {processor.py:179} INFO - Processing /home/airflow/.local/lib/python3.7/site-packages/airflow/example_dags/example_params_trigger_ui.py took 0.133 seconds
[2023-07-03T18:11:58.330+0000] {processor.py:157} INFO - Started process (PID=5485) to work on /home/airflow/.local/lib/python3.7/site-packages/airflow/example_dags/example_params_trigger_ui.py
[2023-07-03T18:11:58.331+0000] {processor.py:826} INFO - Processing file /home/airflow/.local/lib/python3.7/site-packages/airflow/example_dags/example_params_trigger_ui.py for tasks to queue
[2023-07-03T18:11:58.332+0000] {logging_mixin.py:149} INFO - [2023-07-03T18:11:58.332+0000] {dagbag.py:541} INFO - Filling up the DagBag from /home/airflow/.local/lib/python3.7/site-packages/airflow/example_dags/example_params_trigger_ui.py
[2023-07-03T18:11:58.350+0000] {processor.py:836} INFO - DAG(s) dict_keys(['example_params_trigger_ui']) retrieved from /home/airflow/.local/lib/python3.7/site-packages/airflow/example_dags/example_params_trigger_ui.py
[2023-07-03T18:11:58.427+0000] {logging_mixin.py:149} INFO - [2023-07-03T18:11:58.427+0000] {dag.py:2726} INFO - Sync 1 DAGs
[2023-07-03T18:11:58.448+0000] {logging_mixin.py:149} INFO - [2023-07-03T18:11:58.448+0000] {dag.py:3490} INFO - Setting next_dagrun for example_params_trigger_ui to None, run_after=None
[2023-07-03T18:11:58.466+0000] {processor.py:179} INFO - Processing /home/airflow/.local/lib/python3.7/site-packages/airflow/example_dags/example_params_trigger_ui.py took 0.138 seconds
[2023-07-03T18:12:28.503+0000] {processor.py:157} INFO - Started process (PID=5734) to work on /home/airflow/.local/lib/python3.7/site-packages/airflow/example_dags/example_params_trigger_ui.py
[2023-07-03T18:12:28.504+0000] {processor.py:826} INFO - Processing file /home/airflow/.local/lib/python3.7/site-packages/airflow/example_dags/example_params_trigger_ui.py for tasks to queue
[2023-07-03T18:12:28.505+0000] {logging_mixin.py:149} INFO - [2023-07-03T18:12:28.505+0000] {dagbag.py:541} INFO - Filling up the DagBag from /home/airflow/.local/lib/python3.7/site-packages/airflow/example_dags/example_params_trigger_ui.py
[2023-07-03T18:12:28.525+0000] {processor.py:836} INFO - DAG(s) dict_keys(['example_params_trigger_ui']) retrieved from /home/airflow/.local/lib/python3.7/site-packages/airflow/example_dags/example_params_trigger_ui.py
[2023-07-03T18:12:28.602+0000] {logging_mixin.py:149} INFO - [2023-07-03T18:12:28.602+0000] {dag.py:2726} INFO - Sync 1 DAGs
[2023-07-03T18:12:28.624+0000] {logging_mixin.py:149} INFO - [2023-07-03T18:12:28.624+0000] {dag.py:3490} INFO - Setting next_dagrun for example_params_trigger_ui to None, run_after=None
[2023-07-03T18:12:28.648+0000] {processor.py:179} INFO - Processing /home/airflow/.local/lib/python3.7/site-packages/airflow/example_dags/example_params_trigger_ui.py took 0.148 seconds
[2023-07-03T18:12:59.175+0000] {processor.py:157} INFO - Started process (PID=5983) to work on /home/airflow/.local/lib/python3.7/site-packages/airflow/example_dags/example_params_trigger_ui.py
[2023-07-03T18:12:59.176+0000] {processor.py:826} INFO - Processing file /home/airflow/.local/lib/python3.7/site-packages/airflow/example_dags/example_params_trigger_ui.py for tasks to queue
[2023-07-03T18:12:59.177+0000] {logging_mixin.py:149} INFO - [2023-07-03T18:12:59.177+0000] {dagbag.py:541} INFO - Filling up the DagBag from /home/airflow/.local/lib/python3.7/site-packages/airflow/example_dags/example_params_trigger_ui.py
[2023-07-03T18:12:59.196+0000] {processor.py:836} INFO - DAG(s) dict_keys(['example_params_trigger_ui']) retrieved from /home/airflow/.local/lib/python3.7/site-packages/airflow/example_dags/example_params_trigger_ui.py
[2023-07-03T18:12:59.270+0000] {logging_mixin.py:149} INFO - [2023-07-03T18:12:59.270+0000] {dag.py:2726} INFO - Sync 1 DAGs
[2023-07-03T18:12:59.293+0000] {logging_mixin.py:149} INFO - [2023-07-03T18:12:59.292+0000] {dag.py:3490} INFO - Setting next_dagrun for example_params_trigger_ui to None, run_after=None
[2023-07-03T18:12:59.320+0000] {processor.py:179} INFO - Processing /home/airflow/.local/lib/python3.7/site-packages/airflow/example_dags/example_params_trigger_ui.py took 0.147 seconds
[2023-07-03T18:13:29.768+0000] {processor.py:157} INFO - Started process (PID=6232) to work on /home/airflow/.local/lib/python3.7/site-packages/airflow/example_dags/example_params_trigger_ui.py
[2023-07-03T18:13:29.768+0000] {processor.py:826} INFO - Processing file /home/airflow/.local/lib/python3.7/site-packages/airflow/example_dags/example_params_trigger_ui.py for tasks to queue
[2023-07-03T18:13:29.769+0000] {logging_mixin.py:149} INFO - [2023-07-03T18:13:29.769+0000] {dagbag.py:541} INFO - Filling up the DagBag from /home/airflow/.local/lib/python3.7/site-packages/airflow/example_dags/example_params_trigger_ui.py
[2023-07-03T18:13:29.787+0000] {processor.py:836} INFO - DAG(s) dict_keys(['example_params_trigger_ui']) retrieved from /home/airflow/.local/lib/python3.7/site-packages/airflow/example_dags/example_params_trigger_ui.py
[2023-07-03T18:13:29.862+0000] {logging_mixin.py:149} INFO - [2023-07-03T18:13:29.862+0000] {dag.py:2726} INFO - Sync 1 DAGs
[2023-07-03T18:13:29.883+0000] {logging_mixin.py:149} INFO - [2023-07-03T18:13:29.883+0000] {dag.py:3490} INFO - Setting next_dagrun for example_params_trigger_ui to None, run_after=None
[2023-07-03T18:13:29.911+0000] {processor.py:179} INFO - Processing /home/airflow/.local/lib/python3.7/site-packages/airflow/example_dags/example_params_trigger_ui.py took 0.146 seconds
[2023-07-03T18:14:00.337+0000] {processor.py:157} INFO - Started process (PID=6481) to work on /home/airflow/.local/lib/python3.7/site-packages/airflow/example_dags/example_params_trigger_ui.py
[2023-07-03T18:14:00.338+0000] {processor.py:826} INFO - Processing file /home/airflow/.local/lib/python3.7/site-packages/airflow/example_dags/example_params_trigger_ui.py for tasks to queue
[2023-07-03T18:14:00.339+0000] {logging_mixin.py:149} INFO - [2023-07-03T18:14:00.339+0000] {dagbag.py:541} INFO - Filling up the DagBag from /home/airflow/.local/lib/python3.7/site-packages/airflow/example_dags/example_params_trigger_ui.py
[2023-07-03T18:14:00.357+0000] {processor.py:836} INFO - DAG(s) dict_keys(['example_params_trigger_ui']) retrieved from /home/airflow/.local/lib/python3.7/site-packages/airflow/example_dags/example_params_trigger_ui.py
[2023-07-03T18:14:00.432+0000] {logging_mixin.py:149} INFO - [2023-07-03T18:14:00.432+0000] {dag.py:2726} INFO - Sync 1 DAGs
[2023-07-03T18:14:00.454+0000] {logging_mixin.py:149} INFO - [2023-07-03T18:14:00.454+0000] {dag.py:3490} INFO - Setting next_dagrun for example_params_trigger_ui to None, run_after=None
[2023-07-03T18:14:00.480+0000] {processor.py:179} INFO - Processing /home/airflow/.local/lib/python3.7/site-packages/airflow/example_dags/example_params_trigger_ui.py took 0.146 seconds
[2023-07-03T18:14:30.912+0000] {processor.py:157} INFO - Started process (PID=6730) to work on /home/airflow/.local/lib/python3.7/site-packages/airflow/example_dags/example_params_trigger_ui.py
[2023-07-03T18:14:30.913+0000] {processor.py:826} INFO - Processing file /home/airflow/.local/lib/python3.7/site-packages/airflow/example_dags/example_params_trigger_ui.py for tasks to queue
[2023-07-03T18:14:30.914+0000] {logging_mixin.py:149} INFO - [2023-07-03T18:14:30.914+0000] {dagbag.py:541} INFO - Filling up the DagBag from /home/airflow/.local/lib/python3.7/site-packages/airflow/example_dags/example_params_trigger_ui.py
[2023-07-03T18:14:30.933+0000] {processor.py:836} INFO - DAG(s) dict_keys(['example_params_trigger_ui']) retrieved from /home/airflow/.local/lib/python3.7/site-packages/airflow/example_dags/example_params_trigger_ui.py
[2023-07-03T18:14:31.011+0000] {logging_mixin.py:149} INFO - [2023-07-03T18:14:31.011+0000] {dag.py:2726} INFO - Sync 1 DAGs
[2023-07-03T18:14:31.033+0000] {logging_mixin.py:149} INFO - [2023-07-03T18:14:31.033+0000] {dag.py:3490} INFO - Setting next_dagrun for example_params_trigger_ui to None, run_after=None
[2023-07-03T18:14:31.051+0000] {processor.py:179} INFO - Processing /home/airflow/.local/lib/python3.7/site-packages/airflow/example_dags/example_params_trigger_ui.py took 0.141 seconds
[2023-07-03T18:15:01.427+0000] {processor.py:157} INFO - Started process (PID=6979) to work on /home/airflow/.local/lib/python3.7/site-packages/airflow/example_dags/example_params_trigger_ui.py
[2023-07-03T18:15:01.428+0000] {processor.py:826} INFO - Processing file /home/airflow/.local/lib/python3.7/site-packages/airflow/example_dags/example_params_trigger_ui.py for tasks to queue
[2023-07-03T18:15:01.428+0000] {logging_mixin.py:149} INFO - [2023-07-03T18:15:01.428+0000] {dagbag.py:541} INFO - Filling up the DagBag from /home/airflow/.local/lib/python3.7/site-packages/airflow/example_dags/example_params_trigger_ui.py
[2023-07-03T18:15:01.448+0000] {processor.py:836} INFO - DAG(s) dict_keys(['example_params_trigger_ui']) retrieved from /home/airflow/.local/lib/python3.7/site-packages/airflow/example_dags/example_params_trigger_ui.py
[2023-07-03T18:15:01.538+0000] {logging_mixin.py:149} INFO - [2023-07-03T18:15:01.538+0000] {dag.py:2726} INFO - Sync 1 DAGs
[2023-07-03T18:15:01.559+0000] {logging_mixin.py:149} INFO - [2023-07-03T18:15:01.559+0000] {dag.py:3490} INFO - Setting next_dagrun for example_params_trigger_ui to None, run_after=None
[2023-07-03T18:15:01.576+0000] {processor.py:179} INFO - Processing /home/airflow/.local/lib/python3.7/site-packages/airflow/example_dags/example_params_trigger_ui.py took 0.152 seconds
[2023-07-03T18:15:31.961+0000] {processor.py:157} INFO - Started process (PID=7228) to work on /home/airflow/.local/lib/python3.7/site-packages/airflow/example_dags/example_params_trigger_ui.py
[2023-07-03T18:15:31.962+0000] {processor.py:826} INFO - Processing file /home/airflow/.local/lib/python3.7/site-packages/airflow/example_dags/example_params_trigger_ui.py for tasks to queue
[2023-07-03T18:15:31.963+0000] {logging_mixin.py:149} INFO - [2023-07-03T18:15:31.963+0000] {dagbag.py:541} INFO - Filling up the DagBag from /home/airflow/.local/lib/python3.7/site-packages/airflow/example_dags/example_params_trigger_ui.py
[2023-07-03T18:15:31.982+0000] {processor.py:836} INFO - DAG(s) dict_keys(['example_params_trigger_ui']) retrieved from /home/airflow/.local/lib/python3.7/site-packages/airflow/example_dags/example_params_trigger_ui.py
[2023-07-03T18:15:32.056+0000] {logging_mixin.py:149} INFO - [2023-07-03T18:15:32.055+0000] {dag.py:2726} INFO - Sync 1 DAGs
[2023-07-03T18:15:32.076+0000] {logging_mixin.py:149} INFO - [2023-07-03T18:15:32.076+0000] {dag.py:3490} INFO - Setting next_dagrun for example_params_trigger_ui to None, run_after=None
[2023-07-03T18:15:32.094+0000] {processor.py:179} INFO - Processing /home/airflow/.local/lib/python3.7/site-packages/airflow/example_dags/example_params_trigger_ui.py took 0.135 seconds
[2023-07-03T18:16:02.593+0000] {processor.py:157} INFO - Started process (PID=7477) to work on /home/airflow/.local/lib/python3.7/site-packages/airflow/example_dags/example_params_trigger_ui.py
[2023-07-03T18:16:02.594+0000] {processor.py:826} INFO - Processing file /home/airflow/.local/lib/python3.7/site-packages/airflow/example_dags/example_params_trigger_ui.py for tasks to queue
[2023-07-03T18:16:02.594+0000] {logging_mixin.py:149} INFO - [2023-07-03T18:16:02.594+0000] {dagbag.py:541} INFO - Filling up the DagBag from /home/airflow/.local/lib/python3.7/site-packages/airflow/example_dags/example_params_trigger_ui.py
[2023-07-03T18:16:02.613+0000] {processor.py:836} INFO - DAG(s) dict_keys(['example_params_trigger_ui']) retrieved from /home/airflow/.local/lib/python3.7/site-packages/airflow/example_dags/example_params_trigger_ui.py
[2023-07-03T18:16:02.693+0000] {logging_mixin.py:149} INFO - [2023-07-03T18:16:02.692+0000] {dag.py:2726} INFO - Sync 1 DAGs
[2023-07-03T18:16:02.714+0000] {logging_mixin.py:149} INFO - [2023-07-03T18:16:02.714+0000] {dag.py:3490} INFO - Setting next_dagrun for example_params_trigger_ui to None, run_after=None
[2023-07-03T18:16:02.744+0000] {processor.py:179} INFO - Processing /home/airflow/.local/lib/python3.7/site-packages/airflow/example_dags/example_params_trigger_ui.py took 0.154 seconds
[2023-07-03T18:16:33.759+0000] {processor.py:157} INFO - Started process (PID=7726) to work on /home/airflow/.local/lib/python3.7/site-packages/airflow/example_dags/example_params_trigger_ui.py
[2023-07-03T18:16:33.760+0000] {processor.py:826} INFO - Processing file /home/airflow/.local/lib/python3.7/site-packages/airflow/example_dags/example_params_trigger_ui.py for tasks to queue
[2023-07-03T18:16:33.761+0000] {logging_mixin.py:149} INFO - [2023-07-03T18:16:33.760+0000] {dagbag.py:541} INFO - Filling up the DagBag from /home/airflow/.local/lib/python3.7/site-packages/airflow/example_dags/example_params_trigger_ui.py
[2023-07-03T18:16:33.779+0000] {processor.py:836} INFO - DAG(s) dict_keys(['example_params_trigger_ui']) retrieved from /home/airflow/.local/lib/python3.7/site-packages/airflow/example_dags/example_params_trigger_ui.py
[2023-07-03T18:16:33.853+0000] {logging_mixin.py:149} INFO - [2023-07-03T18:16:33.853+0000] {dag.py:2726} INFO - Sync 1 DAGs
[2023-07-03T18:16:33.874+0000] {logging_mixin.py:149} INFO - [2023-07-03T18:16:33.874+0000] {dag.py:3490} INFO - Setting next_dagrun for example_params_trigger_ui to None, run_after=None
[2023-07-03T18:16:33.892+0000] {processor.py:179} INFO - Processing /home/airflow/.local/lib/python3.7/site-packages/airflow/example_dags/example_params_trigger_ui.py took 0.136 seconds
[2023-07-03T18:17:04.336+0000] {processor.py:157} INFO - Started process (PID=7976) to work on /home/airflow/.local/lib/python3.7/site-packages/airflow/example_dags/example_params_trigger_ui.py
[2023-07-03T18:17:04.338+0000] {processor.py:826} INFO - Processing file /home/airflow/.local/lib/python3.7/site-packages/airflow/example_dags/example_params_trigger_ui.py for tasks to queue
[2023-07-03T18:17:04.341+0000] {logging_mixin.py:149} INFO - [2023-07-03T18:17:04.341+0000] {dagbag.py:541} INFO - Filling up the DagBag from /home/airflow/.local/lib/python3.7/site-packages/airflow/example_dags/example_params_trigger_ui.py
[2023-07-03T18:17:04.386+0000] {processor.py:836} INFO - DAG(s) dict_keys(['example_params_trigger_ui']) retrieved from /home/airflow/.local/lib/python3.7/site-packages/airflow/example_dags/example_params_trigger_ui.py
[2023-07-03T18:17:04.605+0000] {logging_mixin.py:149} INFO - [2023-07-03T18:17:04.604+0000] {dag.py:2726} INFO - Sync 1 DAGs
[2023-07-03T18:17:04.667+0000] {logging_mixin.py:149} INFO - [2023-07-03T18:17:04.666+0000] {dag.py:3490} INFO - Setting next_dagrun for example_params_trigger_ui to None, run_after=None
[2023-07-03T18:17:04.725+0000] {processor.py:179} INFO - Processing /home/airflow/.local/lib/python3.7/site-packages/airflow/example_dags/example_params_trigger_ui.py took 0.393 seconds
[2023-07-03T18:17:35.523+0000] {processor.py:157} INFO - Started process (PID=8225) to work on /home/airflow/.local/lib/python3.7/site-packages/airflow/example_dags/example_params_trigger_ui.py
[2023-07-03T18:17:35.524+0000] {processor.py:826} INFO - Processing file /home/airflow/.local/lib/python3.7/site-packages/airflow/example_dags/example_params_trigger_ui.py for tasks to queue
[2023-07-03T18:17:35.525+0000] {logging_mixin.py:149} INFO - [2023-07-03T18:17:35.525+0000] {dagbag.py:541} INFO - Filling up the DagBag from /home/airflow/.local/lib/python3.7/site-packages/airflow/example_dags/example_params_trigger_ui.py
[2023-07-03T18:17:35.547+0000] {processor.py:836} INFO - DAG(s) dict_keys(['example_params_trigger_ui']) retrieved from /home/airflow/.local/lib/python3.7/site-packages/airflow/example_dags/example_params_trigger_ui.py
[2023-07-03T18:17:35.642+0000] {logging_mixin.py:149} INFO - [2023-07-03T18:17:35.642+0000] {dag.py:2726} INFO - Sync 1 DAGs
[2023-07-03T18:17:35.665+0000] {logging_mixin.py:149} INFO - [2023-07-03T18:17:35.665+0000] {dag.py:3490} INFO - Setting next_dagrun for example_params_trigger_ui to None, run_after=None
[2023-07-03T18:17:35.685+0000] {processor.py:179} INFO - Processing /home/airflow/.local/lib/python3.7/site-packages/airflow/example_dags/example_params_trigger_ui.py took 0.165 seconds
[2023-07-03T18:18:06.189+0000] {processor.py:157} INFO - Started process (PID=8474) to work on /home/airflow/.local/lib/python3.7/site-packages/airflow/example_dags/example_params_trigger_ui.py
[2023-07-03T18:18:06.190+0000] {processor.py:826} INFO - Processing file /home/airflow/.local/lib/python3.7/site-packages/airflow/example_dags/example_params_trigger_ui.py for tasks to queue
[2023-07-03T18:18:06.191+0000] {logging_mixin.py:149} INFO - [2023-07-03T18:18:06.191+0000] {dagbag.py:541} INFO - Filling up the DagBag from /home/airflow/.local/lib/python3.7/site-packages/airflow/example_dags/example_params_trigger_ui.py
[2023-07-03T18:18:06.213+0000] {processor.py:836} INFO - DAG(s) dict_keys(['example_params_trigger_ui']) retrieved from /home/airflow/.local/lib/python3.7/site-packages/airflow/example_dags/example_params_trigger_ui.py
[2023-07-03T18:18:06.302+0000] {logging_mixin.py:149} INFO - [2023-07-03T18:18:06.302+0000] {dag.py:2726} INFO - Sync 1 DAGs
[2023-07-03T18:18:06.326+0000] {logging_mixin.py:149} INFO - [2023-07-03T18:18:06.326+0000] {dag.py:3490} INFO - Setting next_dagrun for example_params_trigger_ui to None, run_after=None
[2023-07-03T18:18:06.348+0000] {processor.py:179} INFO - Processing /home/airflow/.local/lib/python3.7/site-packages/airflow/example_dags/example_params_trigger_ui.py took 0.161 seconds
[2023-07-03T18:18:36.567+0000] {processor.py:157} INFO - Started process (PID=8723) to work on /home/airflow/.local/lib/python3.7/site-packages/airflow/example_dags/example_params_trigger_ui.py
[2023-07-03T18:18:36.568+0000] {processor.py:826} INFO - Processing file /home/airflow/.local/lib/python3.7/site-packages/airflow/example_dags/example_params_trigger_ui.py for tasks to queue
[2023-07-03T18:18:36.569+0000] {logging_mixin.py:149} INFO - [2023-07-03T18:18:36.569+0000] {dagbag.py:541} INFO - Filling up the DagBag from /home/airflow/.local/lib/python3.7/site-packages/airflow/example_dags/example_params_trigger_ui.py
[2023-07-03T18:18:36.589+0000] {processor.py:836} INFO - DAG(s) dict_keys(['example_params_trigger_ui']) retrieved from /home/airflow/.local/lib/python3.7/site-packages/airflow/example_dags/example_params_trigger_ui.py
[2023-07-03T18:18:36.676+0000] {logging_mixin.py:149} INFO - [2023-07-03T18:18:36.676+0000] {dag.py:2726} INFO - Sync 1 DAGs
[2023-07-03T18:18:36.706+0000] {logging_mixin.py:149} INFO - [2023-07-03T18:18:36.706+0000] {dag.py:3490} INFO - Setting next_dagrun for example_params_trigger_ui to None, run_after=None
[2023-07-03T18:18:36.729+0000] {processor.py:179} INFO - Processing /home/airflow/.local/lib/python3.7/site-packages/airflow/example_dags/example_params_trigger_ui.py took 0.165 seconds
[2023-07-03T18:19:06.811+0000] {processor.py:157} INFO - Started process (PID=8972) to work on /home/airflow/.local/lib/python3.7/site-packages/airflow/example_dags/example_params_trigger_ui.py
[2023-07-03T18:19:06.813+0000] {processor.py:826} INFO - Processing file /home/airflow/.local/lib/python3.7/site-packages/airflow/example_dags/example_params_trigger_ui.py for tasks to queue
[2023-07-03T18:19:06.814+0000] {logging_mixin.py:149} INFO - [2023-07-03T18:19:06.814+0000] {dagbag.py:541} INFO - Filling up the DagBag from /home/airflow/.local/lib/python3.7/site-packages/airflow/example_dags/example_params_trigger_ui.py
[2023-07-03T18:19:06.835+0000] {processor.py:836} INFO - DAG(s) dict_keys(['example_params_trigger_ui']) retrieved from /home/airflow/.local/lib/python3.7/site-packages/airflow/example_dags/example_params_trigger_ui.py
[2023-07-03T18:19:06.931+0000] {logging_mixin.py:149} INFO - [2023-07-03T18:19:06.931+0000] {dag.py:2726} INFO - Sync 1 DAGs
[2023-07-03T18:19:06.956+0000] {logging_mixin.py:149} INFO - [2023-07-03T18:19:06.956+0000] {dag.py:3490} INFO - Setting next_dagrun for example_params_trigger_ui to None, run_after=None
[2023-07-03T18:19:06.980+0000] {processor.py:179} INFO - Processing /home/airflow/.local/lib/python3.7/site-packages/airflow/example_dags/example_params_trigger_ui.py took 0.172 seconds
[2023-07-03T18:19:37.049+0000] {processor.py:157} INFO - Started process (PID=9221) to work on /home/airflow/.local/lib/python3.7/site-packages/airflow/example_dags/example_params_trigger_ui.py
[2023-07-03T18:19:37.050+0000] {processor.py:826} INFO - Processing file /home/airflow/.local/lib/python3.7/site-packages/airflow/example_dags/example_params_trigger_ui.py for tasks to queue
[2023-07-03T18:19:37.051+0000] {logging_mixin.py:149} INFO - [2023-07-03T18:19:37.051+0000] {dagbag.py:541} INFO - Filling up the DagBag from /home/airflow/.local/lib/python3.7/site-packages/airflow/example_dags/example_params_trigger_ui.py
[2023-07-03T18:19:37.080+0000] {processor.py:836} INFO - DAG(s) dict_keys(['example_params_trigger_ui']) retrieved from /home/airflow/.local/lib/python3.7/site-packages/airflow/example_dags/example_params_trigger_ui.py
[2023-07-03T18:19:37.199+0000] {logging_mixin.py:149} INFO - [2023-07-03T18:19:37.199+0000] {dag.py:2726} INFO - Sync 1 DAGs
[2023-07-03T18:19:37.236+0000] {logging_mixin.py:149} INFO - [2023-07-03T18:19:37.236+0000] {dag.py:3490} INFO - Setting next_dagrun for example_params_trigger_ui to None, run_after=None
[2023-07-03T18:19:37.260+0000] {processor.py:179} INFO - Processing /home/airflow/.local/lib/python3.7/site-packages/airflow/example_dags/example_params_trigger_ui.py took 0.213 seconds
