[2023-07-03T18:01:17.257+0000] {processor.py:157} INFO - Started process (PID=312) to work on /home/airflow/.local/lib/python3.7/site-packages/airflow/example_dags/example_time_delta_sensor_async.py
[2023-07-03T18:01:17.258+0000] {processor.py:826} INFO - Processing file /home/airflow/.local/lib/python3.7/site-packages/airflow/example_dags/example_time_delta_sensor_async.py for tasks to queue
[2023-07-03T18:01:17.258+0000] {logging_mixin.py:149} INFO - [2023-07-03T18:01:17.258+0000] {dagbag.py:541} INFO - Filling up the DagBag from /home/airflow/.local/lib/python3.7/site-packages/airflow/example_dags/example_time_delta_sensor_async.py
[2023-07-03T18:01:17.264+0000] {processor.py:836} INFO - DAG(s) dict_keys(['example_time_delta_sensor_async']) retrieved from /home/airflow/.local/lib/python3.7/site-packages/airflow/example_dags/example_time_delta_sensor_async.py
[2023-07-03T18:01:17.276+0000] {logging_mixin.py:149} INFO - [2023-07-03T18:01:17.276+0000] {dag.py:2726} INFO - Sync 1 DAGs
[2023-07-03T18:01:17.299+0000] {logging_mixin.py:149} INFO - [2023-07-03T18:01:17.298+0000] {dag.py:3490} INFO - Setting next_dagrun for example_time_delta_sensor_async to None, run_after=None
[2023-07-03T18:01:17.318+0000] {processor.py:179} INFO - Processing /home/airflow/.local/lib/python3.7/site-packages/airflow/example_dags/example_time_delta_sensor_async.py took 0.064 seconds
[2023-07-03T18:01:47.567+0000] {processor.py:157} INFO - Started process (PID=561) to work on /home/airflow/.local/lib/python3.7/site-packages/airflow/example_dags/example_time_delta_sensor_async.py
[2023-07-03T18:01:47.568+0000] {processor.py:826} INFO - Processing file /home/airflow/.local/lib/python3.7/site-packages/airflow/example_dags/example_time_delta_sensor_async.py for tasks to queue
[2023-07-03T18:01:47.569+0000] {logging_mixin.py:149} INFO - [2023-07-03T18:01:47.568+0000] {dagbag.py:541} INFO - Filling up the DagBag from /home/airflow/.local/lib/python3.7/site-packages/airflow/example_dags/example_time_delta_sensor_async.py
[2023-07-03T18:01:47.572+0000] {processor.py:836} INFO - DAG(s) dict_keys(['example_time_delta_sensor_async']) retrieved from /home/airflow/.local/lib/python3.7/site-packages/airflow/example_dags/example_time_delta_sensor_async.py
[2023-07-03T18:01:47.592+0000] {logging_mixin.py:149} INFO - [2023-07-03T18:01:47.592+0000] {dag.py:2726} INFO - Sync 1 DAGs
[2023-07-03T18:01:47.613+0000] {logging_mixin.py:149} INFO - [2023-07-03T18:01:47.613+0000] {dag.py:3490} INFO - Setting next_dagrun for example_time_delta_sensor_async to None, run_after=None
[2023-07-03T18:01:47.630+0000] {processor.py:179} INFO - Processing /home/airflow/.local/lib/python3.7/site-packages/airflow/example_dags/example_time_delta_sensor_async.py took 0.066 seconds
[2023-07-03T18:02:18.523+0000] {processor.py:157} INFO - Started process (PID=811) to work on /home/airflow/.local/lib/python3.7/site-packages/airflow/example_dags/example_time_delta_sensor_async.py
[2023-07-03T18:02:18.523+0000] {processor.py:826} INFO - Processing file /home/airflow/.local/lib/python3.7/site-packages/airflow/example_dags/example_time_delta_sensor_async.py for tasks to queue
[2023-07-03T18:02:18.524+0000] {logging_mixin.py:149} INFO - [2023-07-03T18:02:18.524+0000] {dagbag.py:541} INFO - Filling up the DagBag from /home/airflow/.local/lib/python3.7/site-packages/airflow/example_dags/example_time_delta_sensor_async.py
[2023-07-03T18:02:18.528+0000] {processor.py:836} INFO - DAG(s) dict_keys(['example_time_delta_sensor_async']) retrieved from /home/airflow/.local/lib/python3.7/site-packages/airflow/example_dags/example_time_delta_sensor_async.py
[2023-07-03T18:02:18.548+0000] {logging_mixin.py:149} INFO - [2023-07-03T18:02:18.548+0000] {dag.py:2726} INFO - Sync 1 DAGs
[2023-07-03T18:02:18.569+0000] {logging_mixin.py:149} INFO - [2023-07-03T18:02:18.569+0000] {dag.py:3490} INFO - Setting next_dagrun for example_time_delta_sensor_async to None, run_after=None
[2023-07-03T18:02:18.588+0000] {processor.py:179} INFO - Processing /home/airflow/.local/lib/python3.7/site-packages/airflow/example_dags/example_time_delta_sensor_async.py took 0.068 seconds
[2023-07-03T18:02:48.943+0000] {processor.py:157} INFO - Started process (PID=1062) to work on /home/airflow/.local/lib/python3.7/site-packages/airflow/example_dags/example_time_delta_sensor_async.py
[2023-07-03T18:02:48.944+0000] {processor.py:826} INFO - Processing file /home/airflow/.local/lib/python3.7/site-packages/airflow/example_dags/example_time_delta_sensor_async.py for tasks to queue
[2023-07-03T18:02:48.945+0000] {logging_mixin.py:149} INFO - [2023-07-03T18:02:48.945+0000] {dagbag.py:541} INFO - Filling up the DagBag from /home/airflow/.local/lib/python3.7/site-packages/airflow/example_dags/example_time_delta_sensor_async.py
[2023-07-03T18:02:48.948+0000] {processor.py:836} INFO - DAG(s) dict_keys(['example_time_delta_sensor_async']) retrieved from /home/airflow/.local/lib/python3.7/site-packages/airflow/example_dags/example_time_delta_sensor_async.py
[2023-07-03T18:02:48.970+0000] {logging_mixin.py:149} INFO - [2023-07-03T18:02:48.970+0000] {dag.py:2726} INFO - Sync 1 DAGs
[2023-07-03T18:02:48.993+0000] {logging_mixin.py:149} INFO - [2023-07-03T18:02:48.992+0000] {dag.py:3490} INFO - Setting next_dagrun for example_time_delta_sensor_async to None, run_after=None
[2023-07-03T18:02:49.009+0000] {processor.py:179} INFO - Processing /home/airflow/.local/lib/python3.7/site-packages/airflow/example_dags/example_time_delta_sensor_async.py took 0.069 seconds
[2023-07-03T18:03:19.720+0000] {processor.py:157} INFO - Started process (PID=1309) to work on /home/airflow/.local/lib/python3.7/site-packages/airflow/example_dags/example_time_delta_sensor_async.py
[2023-07-03T18:03:19.721+0000] {processor.py:826} INFO - Processing file /home/airflow/.local/lib/python3.7/site-packages/airflow/example_dags/example_time_delta_sensor_async.py for tasks to queue
[2023-07-03T18:03:19.722+0000] {logging_mixin.py:149} INFO - [2023-07-03T18:03:19.722+0000] {dagbag.py:541} INFO - Filling up the DagBag from /home/airflow/.local/lib/python3.7/site-packages/airflow/example_dags/example_time_delta_sensor_async.py
[2023-07-03T18:03:19.725+0000] {processor.py:836} INFO - DAG(s) dict_keys(['example_time_delta_sensor_async']) retrieved from /home/airflow/.local/lib/python3.7/site-packages/airflow/example_dags/example_time_delta_sensor_async.py
[2023-07-03T18:03:19.746+0000] {logging_mixin.py:149} INFO - [2023-07-03T18:03:19.746+0000] {dag.py:2726} INFO - Sync 1 DAGs
[2023-07-03T18:03:19.770+0000] {logging_mixin.py:149} INFO - [2023-07-03T18:03:19.770+0000] {dag.py:3490} INFO - Setting next_dagrun for example_time_delta_sensor_async to None, run_after=None
[2023-07-03T18:03:19.788+0000] {processor.py:179} INFO - Processing /home/airflow/.local/lib/python3.7/site-packages/airflow/example_dags/example_time_delta_sensor_async.py took 0.071 seconds
[2023-07-03T18:03:50.409+0000] {processor.py:157} INFO - Started process (PID=1558) to work on /home/airflow/.local/lib/python3.7/site-packages/airflow/example_dags/example_time_delta_sensor_async.py
[2023-07-03T18:03:50.410+0000] {processor.py:826} INFO - Processing file /home/airflow/.local/lib/python3.7/site-packages/airflow/example_dags/example_time_delta_sensor_async.py for tasks to queue
[2023-07-03T18:03:50.411+0000] {logging_mixin.py:149} INFO - [2023-07-03T18:03:50.411+0000] {dagbag.py:541} INFO - Filling up the DagBag from /home/airflow/.local/lib/python3.7/site-packages/airflow/example_dags/example_time_delta_sensor_async.py
[2023-07-03T18:03:50.415+0000] {processor.py:836} INFO - DAG(s) dict_keys(['example_time_delta_sensor_async']) retrieved from /home/airflow/.local/lib/python3.7/site-packages/airflow/example_dags/example_time_delta_sensor_async.py
[2023-07-03T18:03:50.438+0000] {logging_mixin.py:149} INFO - [2023-07-03T18:03:50.438+0000] {dag.py:2726} INFO - Sync 1 DAGs
[2023-07-03T18:03:50.460+0000] {logging_mixin.py:149} INFO - [2023-07-03T18:03:50.460+0000] {dag.py:3490} INFO - Setting next_dagrun for example_time_delta_sensor_async to None, run_after=None
[2023-07-03T18:03:50.477+0000] {processor.py:179} INFO - Processing /home/airflow/.local/lib/python3.7/site-packages/airflow/example_dags/example_time_delta_sensor_async.py took 0.071 seconds
[2023-07-03T18:04:21.127+0000] {processor.py:157} INFO - Started process (PID=1807) to work on /home/airflow/.local/lib/python3.7/site-packages/airflow/example_dags/example_time_delta_sensor_async.py
[2023-07-03T18:04:21.128+0000] {processor.py:826} INFO - Processing file /home/airflow/.local/lib/python3.7/site-packages/airflow/example_dags/example_time_delta_sensor_async.py for tasks to queue
[2023-07-03T18:04:21.129+0000] {logging_mixin.py:149} INFO - [2023-07-03T18:04:21.129+0000] {dagbag.py:541} INFO - Filling up the DagBag from /home/airflow/.local/lib/python3.7/site-packages/airflow/example_dags/example_time_delta_sensor_async.py
[2023-07-03T18:04:21.132+0000] {processor.py:836} INFO - DAG(s) dict_keys(['example_time_delta_sensor_async']) retrieved from /home/airflow/.local/lib/python3.7/site-packages/airflow/example_dags/example_time_delta_sensor_async.py
[2023-07-03T18:04:21.153+0000] {logging_mixin.py:149} INFO - [2023-07-03T18:04:21.153+0000] {dag.py:2726} INFO - Sync 1 DAGs
[2023-07-03T18:04:21.175+0000] {logging_mixin.py:149} INFO - [2023-07-03T18:04:21.175+0000] {dag.py:3490} INFO - Setting next_dagrun for example_time_delta_sensor_async to None, run_after=None
[2023-07-03T18:04:21.192+0000] {processor.py:179} INFO - Processing /home/airflow/.local/lib/python3.7/site-packages/airflow/example_dags/example_time_delta_sensor_async.py took 0.068 seconds
[2023-07-03T18:04:51.714+0000] {processor.py:157} INFO - Started process (PID=2056) to work on /home/airflow/.local/lib/python3.7/site-packages/airflow/example_dags/example_time_delta_sensor_async.py
[2023-07-03T18:04:51.715+0000] {processor.py:826} INFO - Processing file /home/airflow/.local/lib/python3.7/site-packages/airflow/example_dags/example_time_delta_sensor_async.py for tasks to queue
[2023-07-03T18:04:51.716+0000] {logging_mixin.py:149} INFO - [2023-07-03T18:04:51.716+0000] {dagbag.py:541} INFO - Filling up the DagBag from /home/airflow/.local/lib/python3.7/site-packages/airflow/example_dags/example_time_delta_sensor_async.py
[2023-07-03T18:04:51.720+0000] {processor.py:836} INFO - DAG(s) dict_keys(['example_time_delta_sensor_async']) retrieved from /home/airflow/.local/lib/python3.7/site-packages/airflow/example_dags/example_time_delta_sensor_async.py
[2023-07-03T18:04:51.743+0000] {logging_mixin.py:149} INFO - [2023-07-03T18:04:51.743+0000] {dag.py:2726} INFO - Sync 1 DAGs
[2023-07-03T18:04:51.764+0000] {logging_mixin.py:149} INFO - [2023-07-03T18:04:51.764+0000] {dag.py:3490} INFO - Setting next_dagrun for example_time_delta_sensor_async to None, run_after=None
[2023-07-03T18:04:51.782+0000] {processor.py:179} INFO - Processing /home/airflow/.local/lib/python3.7/site-packages/airflow/example_dags/example_time_delta_sensor_async.py took 0.070 seconds
[2023-07-03T18:05:22.441+0000] {processor.py:157} INFO - Started process (PID=2305) to work on /home/airflow/.local/lib/python3.7/site-packages/airflow/example_dags/example_time_delta_sensor_async.py
[2023-07-03T18:05:22.442+0000] {processor.py:826} INFO - Processing file /home/airflow/.local/lib/python3.7/site-packages/airflow/example_dags/example_time_delta_sensor_async.py for tasks to queue
[2023-07-03T18:05:22.443+0000] {logging_mixin.py:149} INFO - [2023-07-03T18:05:22.443+0000] {dagbag.py:541} INFO - Filling up the DagBag from /home/airflow/.local/lib/python3.7/site-packages/airflow/example_dags/example_time_delta_sensor_async.py
[2023-07-03T18:05:22.446+0000] {processor.py:836} INFO - DAG(s) dict_keys(['example_time_delta_sensor_async']) retrieved from /home/airflow/.local/lib/python3.7/site-packages/airflow/example_dags/example_time_delta_sensor_async.py
[2023-07-03T18:05:22.469+0000] {logging_mixin.py:149} INFO - [2023-07-03T18:05:22.469+0000] {dag.py:2726} INFO - Sync 1 DAGs
[2023-07-03T18:05:22.491+0000] {logging_mixin.py:149} INFO - [2023-07-03T18:05:22.491+0000] {dag.py:3490} INFO - Setting next_dagrun for example_time_delta_sensor_async to None, run_after=None
[2023-07-03T18:05:22.508+0000] {processor.py:179} INFO - Processing /home/airflow/.local/lib/python3.7/site-packages/airflow/example_dags/example_time_delta_sensor_async.py took 0.070 seconds
[2023-07-03T18:05:53.102+0000] {processor.py:157} INFO - Started process (PID=2554) to work on /home/airflow/.local/lib/python3.7/site-packages/airflow/example_dags/example_time_delta_sensor_async.py
[2023-07-03T18:05:53.103+0000] {processor.py:826} INFO - Processing file /home/airflow/.local/lib/python3.7/site-packages/airflow/example_dags/example_time_delta_sensor_async.py for tasks to queue
[2023-07-03T18:05:53.103+0000] {logging_mixin.py:149} INFO - [2023-07-03T18:05:53.103+0000] {dagbag.py:541} INFO - Filling up the DagBag from /home/airflow/.local/lib/python3.7/site-packages/airflow/example_dags/example_time_delta_sensor_async.py
[2023-07-03T18:05:53.107+0000] {processor.py:836} INFO - DAG(s) dict_keys(['example_time_delta_sensor_async']) retrieved from /home/airflow/.local/lib/python3.7/site-packages/airflow/example_dags/example_time_delta_sensor_async.py
[2023-07-03T18:05:53.129+0000] {logging_mixin.py:149} INFO - [2023-07-03T18:05:53.129+0000] {dag.py:2726} INFO - Sync 1 DAGs
[2023-07-03T18:05:53.151+0000] {logging_mixin.py:149} INFO - [2023-07-03T18:05:53.151+0000] {dag.py:3490} INFO - Setting next_dagrun for example_time_delta_sensor_async to None, run_after=None
[2023-07-03T18:05:53.169+0000] {processor.py:179} INFO - Processing /home/airflow/.local/lib/python3.7/site-packages/airflow/example_dags/example_time_delta_sensor_async.py took 0.070 seconds
[2023-07-03T18:06:23.737+0000] {processor.py:157} INFO - Started process (PID=2803) to work on /home/airflow/.local/lib/python3.7/site-packages/airflow/example_dags/example_time_delta_sensor_async.py
[2023-07-03T18:06:23.738+0000] {processor.py:826} INFO - Processing file /home/airflow/.local/lib/python3.7/site-packages/airflow/example_dags/example_time_delta_sensor_async.py for tasks to queue
[2023-07-03T18:06:23.739+0000] {logging_mixin.py:149} INFO - [2023-07-03T18:06:23.739+0000] {dagbag.py:541} INFO - Filling up the DagBag from /home/airflow/.local/lib/python3.7/site-packages/airflow/example_dags/example_time_delta_sensor_async.py
[2023-07-03T18:06:23.743+0000] {processor.py:836} INFO - DAG(s) dict_keys(['example_time_delta_sensor_async']) retrieved from /home/airflow/.local/lib/python3.7/site-packages/airflow/example_dags/example_time_delta_sensor_async.py
[2023-07-03T18:06:23.764+0000] {logging_mixin.py:149} INFO - [2023-07-03T18:06:23.764+0000] {dag.py:2726} INFO - Sync 1 DAGs
[2023-07-03T18:06:23.793+0000] {logging_mixin.py:149} INFO - [2023-07-03T18:06:23.792+0000] {dag.py:3490} INFO - Setting next_dagrun for example_time_delta_sensor_async to None, run_after=None
[2023-07-03T18:06:23.814+0000] {processor.py:179} INFO - Processing /home/airflow/.local/lib/python3.7/site-packages/airflow/example_dags/example_time_delta_sensor_async.py took 0.079 seconds
[2023-07-03T18:06:54.504+0000] {processor.py:157} INFO - Started process (PID=3052) to work on /home/airflow/.local/lib/python3.7/site-packages/airflow/example_dags/example_time_delta_sensor_async.py
[2023-07-03T18:06:54.505+0000] {processor.py:826} INFO - Processing file /home/airflow/.local/lib/python3.7/site-packages/airflow/example_dags/example_time_delta_sensor_async.py for tasks to queue
[2023-07-03T18:06:54.506+0000] {logging_mixin.py:149} INFO - [2023-07-03T18:06:54.506+0000] {dagbag.py:541} INFO - Filling up the DagBag from /home/airflow/.local/lib/python3.7/site-packages/airflow/example_dags/example_time_delta_sensor_async.py
[2023-07-03T18:06:54.509+0000] {processor.py:836} INFO - DAG(s) dict_keys(['example_time_delta_sensor_async']) retrieved from /home/airflow/.local/lib/python3.7/site-packages/airflow/example_dags/example_time_delta_sensor_async.py
[2023-07-03T18:06:54.532+0000] {logging_mixin.py:149} INFO - [2023-07-03T18:06:54.532+0000] {dag.py:2726} INFO - Sync 1 DAGs
[2023-07-03T18:06:54.555+0000] {logging_mixin.py:149} INFO - [2023-07-03T18:06:54.555+0000] {dag.py:3490} INFO - Setting next_dagrun for example_time_delta_sensor_async to None, run_after=None
[2023-07-03T18:06:54.574+0000] {processor.py:179} INFO - Processing /home/airflow/.local/lib/python3.7/site-packages/airflow/example_dags/example_time_delta_sensor_async.py took 0.073 seconds
[2023-07-03T18:07:25.188+0000] {processor.py:157} INFO - Started process (PID=3301) to work on /home/airflow/.local/lib/python3.7/site-packages/airflow/example_dags/example_time_delta_sensor_async.py
[2023-07-03T18:07:25.189+0000] {processor.py:826} INFO - Processing file /home/airflow/.local/lib/python3.7/site-packages/airflow/example_dags/example_time_delta_sensor_async.py for tasks to queue
[2023-07-03T18:07:25.190+0000] {logging_mixin.py:149} INFO - [2023-07-03T18:07:25.190+0000] {dagbag.py:541} INFO - Filling up the DagBag from /home/airflow/.local/lib/python3.7/site-packages/airflow/example_dags/example_time_delta_sensor_async.py
[2023-07-03T18:07:25.194+0000] {processor.py:836} INFO - DAG(s) dict_keys(['example_time_delta_sensor_async']) retrieved from /home/airflow/.local/lib/python3.7/site-packages/airflow/example_dags/example_time_delta_sensor_async.py
[2023-07-03T18:07:25.217+0000] {logging_mixin.py:149} INFO - [2023-07-03T18:07:25.217+0000] {dag.py:2726} INFO - Sync 1 DAGs
[2023-07-03T18:07:25.240+0000] {logging_mixin.py:149} INFO - [2023-07-03T18:07:25.240+0000] {dag.py:3490} INFO - Setting next_dagrun for example_time_delta_sensor_async to None, run_after=None
[2023-07-03T18:07:25.258+0000] {processor.py:179} INFO - Processing /home/airflow/.local/lib/python3.7/site-packages/airflow/example_dags/example_time_delta_sensor_async.py took 0.073 seconds
[2023-07-03T18:07:55.726+0000] {processor.py:157} INFO - Started process (PID=3551) to work on /home/airflow/.local/lib/python3.7/site-packages/airflow/example_dags/example_time_delta_sensor_async.py
[2023-07-03T18:07:55.726+0000] {processor.py:826} INFO - Processing file /home/airflow/.local/lib/python3.7/site-packages/airflow/example_dags/example_time_delta_sensor_async.py for tasks to queue
[2023-07-03T18:07:55.727+0000] {logging_mixin.py:149} INFO - [2023-07-03T18:07:55.727+0000] {dagbag.py:541} INFO - Filling up the DagBag from /home/airflow/.local/lib/python3.7/site-packages/airflow/example_dags/example_time_delta_sensor_async.py
[2023-07-03T18:07:55.731+0000] {processor.py:836} INFO - DAG(s) dict_keys(['example_time_delta_sensor_async']) retrieved from /home/airflow/.local/lib/python3.7/site-packages/airflow/example_dags/example_time_delta_sensor_async.py
[2023-07-03T18:07:55.753+0000] {logging_mixin.py:149} INFO - [2023-07-03T18:07:55.753+0000] {dag.py:2726} INFO - Sync 1 DAGs
[2023-07-03T18:07:55.774+0000] {logging_mixin.py:149} INFO - [2023-07-03T18:07:55.774+0000] {dag.py:3490} INFO - Setting next_dagrun for example_time_delta_sensor_async to None, run_after=None
[2023-07-03T18:07:55.790+0000] {processor.py:179} INFO - Processing /home/airflow/.local/lib/python3.7/site-packages/airflow/example_dags/example_time_delta_sensor_async.py took 0.068 seconds
[2023-07-03T18:08:26.188+0000] {processor.py:157} INFO - Started process (PID=3800) to work on /home/airflow/.local/lib/python3.7/site-packages/airflow/example_dags/example_time_delta_sensor_async.py
[2023-07-03T18:08:26.189+0000] {processor.py:826} INFO - Processing file /home/airflow/.local/lib/python3.7/site-packages/airflow/example_dags/example_time_delta_sensor_async.py for tasks to queue
[2023-07-03T18:08:26.190+0000] {logging_mixin.py:149} INFO - [2023-07-03T18:08:26.190+0000] {dagbag.py:541} INFO - Filling up the DagBag from /home/airflow/.local/lib/python3.7/site-packages/airflow/example_dags/example_time_delta_sensor_async.py
[2023-07-03T18:08:26.193+0000] {processor.py:836} INFO - DAG(s) dict_keys(['example_time_delta_sensor_async']) retrieved from /home/airflow/.local/lib/python3.7/site-packages/airflow/example_dags/example_time_delta_sensor_async.py
[2023-07-03T18:08:26.214+0000] {logging_mixin.py:149} INFO - [2023-07-03T18:08:26.214+0000] {dag.py:2726} INFO - Sync 1 DAGs
[2023-07-03T18:08:26.235+0000] {logging_mixin.py:149} INFO - [2023-07-03T18:08:26.235+0000] {dag.py:3490} INFO - Setting next_dagrun for example_time_delta_sensor_async to None, run_after=None
[2023-07-03T18:08:26.254+0000] {processor.py:179} INFO - Processing /home/airflow/.local/lib/python3.7/site-packages/airflow/example_dags/example_time_delta_sensor_async.py took 0.068 seconds
[2023-07-03T18:08:56.793+0000] {processor.py:157} INFO - Started process (PID=4049) to work on /home/airflow/.local/lib/python3.7/site-packages/airflow/example_dags/example_time_delta_sensor_async.py
[2023-07-03T18:08:56.794+0000] {processor.py:826} INFO - Processing file /home/airflow/.local/lib/python3.7/site-packages/airflow/example_dags/example_time_delta_sensor_async.py for tasks to queue
[2023-07-03T18:08:56.795+0000] {logging_mixin.py:149} INFO - [2023-07-03T18:08:56.795+0000] {dagbag.py:541} INFO - Filling up the DagBag from /home/airflow/.local/lib/python3.7/site-packages/airflow/example_dags/example_time_delta_sensor_async.py
[2023-07-03T18:08:56.798+0000] {processor.py:836} INFO - DAG(s) dict_keys(['example_time_delta_sensor_async']) retrieved from /home/airflow/.local/lib/python3.7/site-packages/airflow/example_dags/example_time_delta_sensor_async.py
[2023-07-03T18:08:56.819+0000] {logging_mixin.py:149} INFO - [2023-07-03T18:08:56.819+0000] {dag.py:2726} INFO - Sync 1 DAGs
[2023-07-03T18:08:56.841+0000] {logging_mixin.py:149} INFO - [2023-07-03T18:08:56.841+0000] {dag.py:3490} INFO - Setting next_dagrun for example_time_delta_sensor_async to None, run_after=None
[2023-07-03T18:08:56.860+0000] {processor.py:179} INFO - Processing /home/airflow/.local/lib/python3.7/site-packages/airflow/example_dags/example_time_delta_sensor_async.py took 0.069 seconds
[2023-07-03T18:09:27.487+0000] {processor.py:157} INFO - Started process (PID=4298) to work on /home/airflow/.local/lib/python3.7/site-packages/airflow/example_dags/example_time_delta_sensor_async.py
[2023-07-03T18:09:27.488+0000] {processor.py:826} INFO - Processing file /home/airflow/.local/lib/python3.7/site-packages/airflow/example_dags/example_time_delta_sensor_async.py for tasks to queue
[2023-07-03T18:09:27.489+0000] {logging_mixin.py:149} INFO - [2023-07-03T18:09:27.489+0000] {dagbag.py:541} INFO - Filling up the DagBag from /home/airflow/.local/lib/python3.7/site-packages/airflow/example_dags/example_time_delta_sensor_async.py
[2023-07-03T18:09:27.493+0000] {processor.py:836} INFO - DAG(s) dict_keys(['example_time_delta_sensor_async']) retrieved from /home/airflow/.local/lib/python3.7/site-packages/airflow/example_dags/example_time_delta_sensor_async.py
[2023-07-03T18:09:27.514+0000] {logging_mixin.py:149} INFO - [2023-07-03T18:09:27.514+0000] {dag.py:2726} INFO - Sync 1 DAGs
[2023-07-03T18:09:27.537+0000] {logging_mixin.py:149} INFO - [2023-07-03T18:09:27.536+0000] {dag.py:3490} INFO - Setting next_dagrun for example_time_delta_sensor_async to None, run_after=None
[2023-07-03T18:09:27.553+0000] {processor.py:179} INFO - Processing /home/airflow/.local/lib/python3.7/site-packages/airflow/example_dags/example_time_delta_sensor_async.py took 0.068 seconds
[2023-07-03T18:09:58.276+0000] {processor.py:157} INFO - Started process (PID=4547) to work on /home/airflow/.local/lib/python3.7/site-packages/airflow/example_dags/example_time_delta_sensor_async.py
[2023-07-03T18:09:58.277+0000] {processor.py:826} INFO - Processing file /home/airflow/.local/lib/python3.7/site-packages/airflow/example_dags/example_time_delta_sensor_async.py for tasks to queue
[2023-07-03T18:09:58.278+0000] {logging_mixin.py:149} INFO - [2023-07-03T18:09:58.278+0000] {dagbag.py:541} INFO - Filling up the DagBag from /home/airflow/.local/lib/python3.7/site-packages/airflow/example_dags/example_time_delta_sensor_async.py
[2023-07-03T18:09:58.281+0000] {processor.py:836} INFO - DAG(s) dict_keys(['example_time_delta_sensor_async']) retrieved from /home/airflow/.local/lib/python3.7/site-packages/airflow/example_dags/example_time_delta_sensor_async.py
[2023-07-03T18:09:58.302+0000] {logging_mixin.py:149} INFO - [2023-07-03T18:09:58.302+0000] {dag.py:2726} INFO - Sync 1 DAGs
[2023-07-03T18:09:58.323+0000] {logging_mixin.py:149} INFO - [2023-07-03T18:09:58.323+0000] {dag.py:3490} INFO - Setting next_dagrun for example_time_delta_sensor_async to None, run_after=None
[2023-07-03T18:09:58.341+0000] {processor.py:179} INFO - Processing /home/airflow/.local/lib/python3.7/site-packages/airflow/example_dags/example_time_delta_sensor_async.py took 0.067 seconds
[2023-07-03T18:10:28.461+0000] {processor.py:157} INFO - Started process (PID=4796) to work on /home/airflow/.local/lib/python3.7/site-packages/airflow/example_dags/example_time_delta_sensor_async.py
[2023-07-03T18:10:28.462+0000] {processor.py:826} INFO - Processing file /home/airflow/.local/lib/python3.7/site-packages/airflow/example_dags/example_time_delta_sensor_async.py for tasks to queue
[2023-07-03T18:10:28.463+0000] {logging_mixin.py:149} INFO - [2023-07-03T18:10:28.463+0000] {dagbag.py:541} INFO - Filling up the DagBag from /home/airflow/.local/lib/python3.7/site-packages/airflow/example_dags/example_time_delta_sensor_async.py
[2023-07-03T18:10:28.466+0000] {processor.py:836} INFO - DAG(s) dict_keys(['example_time_delta_sensor_async']) retrieved from /home/airflow/.local/lib/python3.7/site-packages/airflow/example_dags/example_time_delta_sensor_async.py
[2023-07-03T18:10:28.488+0000] {logging_mixin.py:149} INFO - [2023-07-03T18:10:28.488+0000] {dag.py:2726} INFO - Sync 1 DAGs
[2023-07-03T18:10:28.510+0000] {logging_mixin.py:149} INFO - [2023-07-03T18:10:28.510+0000] {dag.py:3490} INFO - Setting next_dagrun for example_time_delta_sensor_async to None, run_after=None
[2023-07-03T18:10:28.528+0000] {processor.py:179} INFO - Processing /home/airflow/.local/lib/python3.7/site-packages/airflow/example_dags/example_time_delta_sensor_async.py took 0.071 seconds
[2023-07-03T18:10:58.746+0000] {processor.py:157} INFO - Started process (PID=5047) to work on /home/airflow/.local/lib/python3.7/site-packages/airflow/example_dags/example_time_delta_sensor_async.py
[2023-07-03T18:10:58.747+0000] {processor.py:826} INFO - Processing file /home/airflow/.local/lib/python3.7/site-packages/airflow/example_dags/example_time_delta_sensor_async.py for tasks to queue
[2023-07-03T18:10:58.748+0000] {logging_mixin.py:149} INFO - [2023-07-03T18:10:58.748+0000] {dagbag.py:541} INFO - Filling up the DagBag from /home/airflow/.local/lib/python3.7/site-packages/airflow/example_dags/example_time_delta_sensor_async.py
[2023-07-03T18:10:58.751+0000] {processor.py:836} INFO - DAG(s) dict_keys(['example_time_delta_sensor_async']) retrieved from /home/airflow/.local/lib/python3.7/site-packages/airflow/example_dags/example_time_delta_sensor_async.py
[2023-07-03T18:10:58.772+0000] {logging_mixin.py:149} INFO - [2023-07-03T18:10:58.772+0000] {dag.py:2726} INFO - Sync 1 DAGs
[2023-07-03T18:10:58.792+0000] {logging_mixin.py:149} INFO - [2023-07-03T18:10:58.792+0000] {dag.py:3490} INFO - Setting next_dagrun for example_time_delta_sensor_async to None, run_after=None
[2023-07-03T18:10:58.809+0000] {processor.py:179} INFO - Processing /home/airflow/.local/lib/python3.7/site-packages/airflow/example_dags/example_time_delta_sensor_async.py took 0.065 seconds
[2023-07-03T18:11:28.966+0000] {processor.py:157} INFO - Started process (PID=5294) to work on /home/airflow/.local/lib/python3.7/site-packages/airflow/example_dags/example_time_delta_sensor_async.py
[2023-07-03T18:11:28.966+0000] {processor.py:826} INFO - Processing file /home/airflow/.local/lib/python3.7/site-packages/airflow/example_dags/example_time_delta_sensor_async.py for tasks to queue
[2023-07-03T18:11:28.967+0000] {logging_mixin.py:149} INFO - [2023-07-03T18:11:28.967+0000] {dagbag.py:541} INFO - Filling up the DagBag from /home/airflow/.local/lib/python3.7/site-packages/airflow/example_dags/example_time_delta_sensor_async.py
[2023-07-03T18:11:28.971+0000] {processor.py:836} INFO - DAG(s) dict_keys(['example_time_delta_sensor_async']) retrieved from /home/airflow/.local/lib/python3.7/site-packages/airflow/example_dags/example_time_delta_sensor_async.py
[2023-07-03T18:11:28.991+0000] {logging_mixin.py:149} INFO - [2023-07-03T18:11:28.991+0000] {dag.py:2726} INFO - Sync 1 DAGs
[2023-07-03T18:11:29.012+0000] {logging_mixin.py:149} INFO - [2023-07-03T18:11:29.012+0000] {dag.py:3490} INFO - Setting next_dagrun for example_time_delta_sensor_async to None, run_after=None
[2023-07-03T18:11:29.031+0000] {processor.py:179} INFO - Processing /home/airflow/.local/lib/python3.7/site-packages/airflow/example_dags/example_time_delta_sensor_async.py took 0.068 seconds
[2023-07-03T18:11:59.338+0000] {processor.py:157} INFO - Started process (PID=5543) to work on /home/airflow/.local/lib/python3.7/site-packages/airflow/example_dags/example_time_delta_sensor_async.py
[2023-07-03T18:11:59.339+0000] {processor.py:826} INFO - Processing file /home/airflow/.local/lib/python3.7/site-packages/airflow/example_dags/example_time_delta_sensor_async.py for tasks to queue
[2023-07-03T18:11:59.340+0000] {logging_mixin.py:149} INFO - [2023-07-03T18:11:59.340+0000] {dagbag.py:541} INFO - Filling up the DagBag from /home/airflow/.local/lib/python3.7/site-packages/airflow/example_dags/example_time_delta_sensor_async.py
[2023-07-03T18:11:59.344+0000] {processor.py:836} INFO - DAG(s) dict_keys(['example_time_delta_sensor_async']) retrieved from /home/airflow/.local/lib/python3.7/site-packages/airflow/example_dags/example_time_delta_sensor_async.py
[2023-07-03T18:11:59.364+0000] {logging_mixin.py:149} INFO - [2023-07-03T18:11:59.364+0000] {dag.py:2726} INFO - Sync 1 DAGs
[2023-07-03T18:11:59.384+0000] {logging_mixin.py:149} INFO - [2023-07-03T18:11:59.384+0000] {dag.py:3490} INFO - Setting next_dagrun for example_time_delta_sensor_async to None, run_after=None
[2023-07-03T18:11:59.402+0000] {processor.py:179} INFO - Processing /home/airflow/.local/lib/python3.7/site-packages/airflow/example_dags/example_time_delta_sensor_async.py took 0.067 seconds
[2023-07-03T18:12:30.274+0000] {processor.py:157} INFO - Started process (PID=5792) to work on /home/airflow/.local/lib/python3.7/site-packages/airflow/example_dags/example_time_delta_sensor_async.py
[2023-07-03T18:12:30.275+0000] {processor.py:826} INFO - Processing file /home/airflow/.local/lib/python3.7/site-packages/airflow/example_dags/example_time_delta_sensor_async.py for tasks to queue
[2023-07-03T18:12:30.276+0000] {logging_mixin.py:149} INFO - [2023-07-03T18:12:30.276+0000] {dagbag.py:541} INFO - Filling up the DagBag from /home/airflow/.local/lib/python3.7/site-packages/airflow/example_dags/example_time_delta_sensor_async.py
[2023-07-03T18:12:30.279+0000] {processor.py:836} INFO - DAG(s) dict_keys(['example_time_delta_sensor_async']) retrieved from /home/airflow/.local/lib/python3.7/site-packages/airflow/example_dags/example_time_delta_sensor_async.py
[2023-07-03T18:12:30.301+0000] {logging_mixin.py:149} INFO - [2023-07-03T18:12:30.301+0000] {dag.py:2726} INFO - Sync 1 DAGs
[2023-07-03T18:12:30.323+0000] {logging_mixin.py:149} INFO - [2023-07-03T18:12:30.323+0000] {dag.py:3490} INFO - Setting next_dagrun for example_time_delta_sensor_async to None, run_after=None
[2023-07-03T18:12:30.341+0000] {processor.py:179} INFO - Processing /home/airflow/.local/lib/python3.7/site-packages/airflow/example_dags/example_time_delta_sensor_async.py took 0.070 seconds
[2023-07-03T18:13:01.023+0000] {processor.py:157} INFO - Started process (PID=6041) to work on /home/airflow/.local/lib/python3.7/site-packages/airflow/example_dags/example_time_delta_sensor_async.py
[2023-07-03T18:13:01.024+0000] {processor.py:826} INFO - Processing file /home/airflow/.local/lib/python3.7/site-packages/airflow/example_dags/example_time_delta_sensor_async.py for tasks to queue
[2023-07-03T18:13:01.025+0000] {logging_mixin.py:149} INFO - [2023-07-03T18:13:01.025+0000] {dagbag.py:541} INFO - Filling up the DagBag from /home/airflow/.local/lib/python3.7/site-packages/airflow/example_dags/example_time_delta_sensor_async.py
[2023-07-03T18:13:01.028+0000] {processor.py:836} INFO - DAG(s) dict_keys(['example_time_delta_sensor_async']) retrieved from /home/airflow/.local/lib/python3.7/site-packages/airflow/example_dags/example_time_delta_sensor_async.py
[2023-07-03T18:13:01.049+0000] {logging_mixin.py:149} INFO - [2023-07-03T18:13:01.049+0000] {dag.py:2726} INFO - Sync 1 DAGs
[2023-07-03T18:13:01.072+0000] {logging_mixin.py:149} INFO - [2023-07-03T18:13:01.072+0000] {dag.py:3490} INFO - Setting next_dagrun for example_time_delta_sensor_async to None, run_after=None
[2023-07-03T18:13:01.090+0000] {processor.py:179} INFO - Processing /home/airflow/.local/lib/python3.7/site-packages/airflow/example_dags/example_time_delta_sensor_async.py took 0.070 seconds
[2023-07-03T18:13:31.591+0000] {processor.py:157} INFO - Started process (PID=6290) to work on /home/airflow/.local/lib/python3.7/site-packages/airflow/example_dags/example_time_delta_sensor_async.py
[2023-07-03T18:13:31.592+0000] {processor.py:826} INFO - Processing file /home/airflow/.local/lib/python3.7/site-packages/airflow/example_dags/example_time_delta_sensor_async.py for tasks to queue
[2023-07-03T18:13:31.593+0000] {logging_mixin.py:149} INFO - [2023-07-03T18:13:31.593+0000] {dagbag.py:541} INFO - Filling up the DagBag from /home/airflow/.local/lib/python3.7/site-packages/airflow/example_dags/example_time_delta_sensor_async.py
[2023-07-03T18:13:31.596+0000] {processor.py:836} INFO - DAG(s) dict_keys(['example_time_delta_sensor_async']) retrieved from /home/airflow/.local/lib/python3.7/site-packages/airflow/example_dags/example_time_delta_sensor_async.py
[2023-07-03T18:13:31.618+0000] {logging_mixin.py:149} INFO - [2023-07-03T18:13:31.618+0000] {dag.py:2726} INFO - Sync 1 DAGs
[2023-07-03T18:13:31.639+0000] {logging_mixin.py:149} INFO - [2023-07-03T18:13:31.639+0000] {dag.py:3490} INFO - Setting next_dagrun for example_time_delta_sensor_async to None, run_after=None
[2023-07-03T18:13:31.657+0000] {processor.py:179} INFO - Processing /home/airflow/.local/lib/python3.7/site-packages/airflow/example_dags/example_time_delta_sensor_async.py took 0.069 seconds
[2023-07-03T18:14:02.091+0000] {processor.py:157} INFO - Started process (PID=6539) to work on /home/airflow/.local/lib/python3.7/site-packages/airflow/example_dags/example_time_delta_sensor_async.py
[2023-07-03T18:14:02.092+0000] {processor.py:826} INFO - Processing file /home/airflow/.local/lib/python3.7/site-packages/airflow/example_dags/example_time_delta_sensor_async.py for tasks to queue
[2023-07-03T18:14:02.093+0000] {logging_mixin.py:149} INFO - [2023-07-03T18:14:02.093+0000] {dagbag.py:541} INFO - Filling up the DagBag from /home/airflow/.local/lib/python3.7/site-packages/airflow/example_dags/example_time_delta_sensor_async.py
[2023-07-03T18:14:02.096+0000] {processor.py:836} INFO - DAG(s) dict_keys(['example_time_delta_sensor_async']) retrieved from /home/airflow/.local/lib/python3.7/site-packages/airflow/example_dags/example_time_delta_sensor_async.py
[2023-07-03T18:14:02.118+0000] {logging_mixin.py:149} INFO - [2023-07-03T18:14:02.118+0000] {dag.py:2726} INFO - Sync 1 DAGs
[2023-07-03T18:14:02.143+0000] {logging_mixin.py:149} INFO - [2023-07-03T18:14:02.143+0000] {dag.py:3490} INFO - Setting next_dagrun for example_time_delta_sensor_async to None, run_after=None
[2023-07-03T18:14:02.161+0000] {processor.py:179} INFO - Processing /home/airflow/.local/lib/python3.7/site-packages/airflow/example_dags/example_time_delta_sensor_async.py took 0.073 seconds
[2023-07-03T18:14:32.703+0000] {processor.py:157} INFO - Started process (PID=6788) to work on /home/airflow/.local/lib/python3.7/site-packages/airflow/example_dags/example_time_delta_sensor_async.py
[2023-07-03T18:14:32.704+0000] {processor.py:826} INFO - Processing file /home/airflow/.local/lib/python3.7/site-packages/airflow/example_dags/example_time_delta_sensor_async.py for tasks to queue
[2023-07-03T18:14:32.705+0000] {logging_mixin.py:149} INFO - [2023-07-03T18:14:32.705+0000] {dagbag.py:541} INFO - Filling up the DagBag from /home/airflow/.local/lib/python3.7/site-packages/airflow/example_dags/example_time_delta_sensor_async.py
[2023-07-03T18:14:32.709+0000] {processor.py:836} INFO - DAG(s) dict_keys(['example_time_delta_sensor_async']) retrieved from /home/airflow/.local/lib/python3.7/site-packages/airflow/example_dags/example_time_delta_sensor_async.py
[2023-07-03T18:14:32.729+0000] {logging_mixin.py:149} INFO - [2023-07-03T18:14:32.729+0000] {dag.py:2726} INFO - Sync 1 DAGs
[2023-07-03T18:14:32.752+0000] {logging_mixin.py:149} INFO - [2023-07-03T18:14:32.751+0000] {dag.py:3490} INFO - Setting next_dagrun for example_time_delta_sensor_async to None, run_after=None
[2023-07-03T18:14:32.771+0000] {processor.py:179} INFO - Processing /home/airflow/.local/lib/python3.7/site-packages/airflow/example_dags/example_time_delta_sensor_async.py took 0.070 seconds
[2023-07-03T18:15:03.197+0000] {processor.py:157} INFO - Started process (PID=7037) to work on /home/airflow/.local/lib/python3.7/site-packages/airflow/example_dags/example_time_delta_sensor_async.py
[2023-07-03T18:15:03.198+0000] {processor.py:826} INFO - Processing file /home/airflow/.local/lib/python3.7/site-packages/airflow/example_dags/example_time_delta_sensor_async.py for tasks to queue
[2023-07-03T18:15:03.199+0000] {logging_mixin.py:149} INFO - [2023-07-03T18:15:03.199+0000] {dagbag.py:541} INFO - Filling up the DagBag from /home/airflow/.local/lib/python3.7/site-packages/airflow/example_dags/example_time_delta_sensor_async.py
[2023-07-03T18:15:03.203+0000] {processor.py:836} INFO - DAG(s) dict_keys(['example_time_delta_sensor_async']) retrieved from /home/airflow/.local/lib/python3.7/site-packages/airflow/example_dags/example_time_delta_sensor_async.py
[2023-07-03T18:15:03.225+0000] {logging_mixin.py:149} INFO - [2023-07-03T18:15:03.224+0000] {dag.py:2726} INFO - Sync 1 DAGs
[2023-07-03T18:15:03.246+0000] {logging_mixin.py:149} INFO - [2023-07-03T18:15:03.246+0000] {dag.py:3490} INFO - Setting next_dagrun for example_time_delta_sensor_async to None, run_after=None
[2023-07-03T18:15:03.263+0000] {processor.py:179} INFO - Processing /home/airflow/.local/lib/python3.7/site-packages/airflow/example_dags/example_time_delta_sensor_async.py took 0.069 seconds
[2023-07-03T18:15:33.708+0000] {processor.py:157} INFO - Started process (PID=7286) to work on /home/airflow/.local/lib/python3.7/site-packages/airflow/example_dags/example_time_delta_sensor_async.py
[2023-07-03T18:15:33.709+0000] {processor.py:826} INFO - Processing file /home/airflow/.local/lib/python3.7/site-packages/airflow/example_dags/example_time_delta_sensor_async.py for tasks to queue
[2023-07-03T18:15:33.710+0000] {logging_mixin.py:149} INFO - [2023-07-03T18:15:33.710+0000] {dagbag.py:541} INFO - Filling up the DagBag from /home/airflow/.local/lib/python3.7/site-packages/airflow/example_dags/example_time_delta_sensor_async.py
[2023-07-03T18:15:33.713+0000] {processor.py:836} INFO - DAG(s) dict_keys(['example_time_delta_sensor_async']) retrieved from /home/airflow/.local/lib/python3.7/site-packages/airflow/example_dags/example_time_delta_sensor_async.py
[2023-07-03T18:15:33.736+0000] {logging_mixin.py:149} INFO - [2023-07-03T18:15:33.736+0000] {dag.py:2726} INFO - Sync 1 DAGs
[2023-07-03T18:15:33.758+0000] {logging_mixin.py:149} INFO - [2023-07-03T18:15:33.758+0000] {dag.py:3490} INFO - Setting next_dagrun for example_time_delta_sensor_async to None, run_after=None
[2023-07-03T18:15:33.776+0000] {processor.py:179} INFO - Processing /home/airflow/.local/lib/python3.7/site-packages/airflow/example_dags/example_time_delta_sensor_async.py took 0.071 seconds
[2023-07-03T18:16:04.462+0000] {processor.py:157} INFO - Started process (PID=7535) to work on /home/airflow/.local/lib/python3.7/site-packages/airflow/example_dags/example_time_delta_sensor_async.py
[2023-07-03T18:16:04.463+0000] {processor.py:826} INFO - Processing file /home/airflow/.local/lib/python3.7/site-packages/airflow/example_dags/example_time_delta_sensor_async.py for tasks to queue
[2023-07-03T18:16:04.464+0000] {logging_mixin.py:149} INFO - [2023-07-03T18:16:04.464+0000] {dagbag.py:541} INFO - Filling up the DagBag from /home/airflow/.local/lib/python3.7/site-packages/airflow/example_dags/example_time_delta_sensor_async.py
[2023-07-03T18:16:04.467+0000] {processor.py:836} INFO - DAG(s) dict_keys(['example_time_delta_sensor_async']) retrieved from /home/airflow/.local/lib/python3.7/site-packages/airflow/example_dags/example_time_delta_sensor_async.py
[2023-07-03T18:16:04.488+0000] {logging_mixin.py:149} INFO - [2023-07-03T18:16:04.488+0000] {dag.py:2726} INFO - Sync 1 DAGs
[2023-07-03T18:16:04.510+0000] {logging_mixin.py:149} INFO - [2023-07-03T18:16:04.510+0000] {dag.py:3490} INFO - Setting next_dagrun for example_time_delta_sensor_async to None, run_after=None
[2023-07-03T18:16:04.535+0000] {processor.py:179} INFO - Processing /home/airflow/.local/lib/python3.7/site-packages/airflow/example_dags/example_time_delta_sensor_async.py took 0.076 seconds
[2023-07-03T18:16:35.513+0000] {processor.py:157} INFO - Started process (PID=7784) to work on /home/airflow/.local/lib/python3.7/site-packages/airflow/example_dags/example_time_delta_sensor_async.py
[2023-07-03T18:16:35.514+0000] {processor.py:826} INFO - Processing file /home/airflow/.local/lib/python3.7/site-packages/airflow/example_dags/example_time_delta_sensor_async.py for tasks to queue
[2023-07-03T18:16:35.515+0000] {logging_mixin.py:149} INFO - [2023-07-03T18:16:35.515+0000] {dagbag.py:541} INFO - Filling up the DagBag from /home/airflow/.local/lib/python3.7/site-packages/airflow/example_dags/example_time_delta_sensor_async.py
[2023-07-03T18:16:35.519+0000] {processor.py:836} INFO - DAG(s) dict_keys(['example_time_delta_sensor_async']) retrieved from /home/airflow/.local/lib/python3.7/site-packages/airflow/example_dags/example_time_delta_sensor_async.py
[2023-07-03T18:16:35.542+0000] {logging_mixin.py:149} INFO - [2023-07-03T18:16:35.541+0000] {dag.py:2726} INFO - Sync 1 DAGs
[2023-07-03T18:16:35.564+0000] {logging_mixin.py:149} INFO - [2023-07-03T18:16:35.563+0000] {dag.py:3490} INFO - Setting next_dagrun for example_time_delta_sensor_async to None, run_after=None
[2023-07-03T18:16:35.581+0000] {processor.py:179} INFO - Processing /home/airflow/.local/lib/python3.7/site-packages/airflow/example_dags/example_time_delta_sensor_async.py took 0.070 seconds
[2023-07-03T18:17:06.562+0000] {processor.py:157} INFO - Started process (PID=8034) to work on /home/airflow/.local/lib/python3.7/site-packages/airflow/example_dags/example_time_delta_sensor_async.py
[2023-07-03T18:17:06.565+0000] {processor.py:826} INFO - Processing file /home/airflow/.local/lib/python3.7/site-packages/airflow/example_dags/example_time_delta_sensor_async.py for tasks to queue
[2023-07-03T18:17:06.566+0000] {logging_mixin.py:149} INFO - [2023-07-03T18:17:06.566+0000] {dagbag.py:541} INFO - Filling up the DagBag from /home/airflow/.local/lib/python3.7/site-packages/airflow/example_dags/example_time_delta_sensor_async.py
[2023-07-03T18:17:06.575+0000] {processor.py:836} INFO - DAG(s) dict_keys(['example_time_delta_sensor_async']) retrieved from /home/airflow/.local/lib/python3.7/site-packages/airflow/example_dags/example_time_delta_sensor_async.py
[2023-07-03T18:17:06.623+0000] {logging_mixin.py:149} INFO - [2023-07-03T18:17:06.623+0000] {dag.py:2726} INFO - Sync 1 DAGs
[2023-07-03T18:17:06.684+0000] {logging_mixin.py:149} INFO - [2023-07-03T18:17:06.684+0000] {dag.py:3490} INFO - Setting next_dagrun for example_time_delta_sensor_async to None, run_after=None
[2023-07-03T18:17:06.735+0000] {processor.py:179} INFO - Processing /home/airflow/.local/lib/python3.7/site-packages/airflow/example_dags/example_time_delta_sensor_async.py took 0.177 seconds
[2023-07-03T18:17:37.392+0000] {processor.py:157} INFO - Started process (PID=8283) to work on /home/airflow/.local/lib/python3.7/site-packages/airflow/example_dags/example_time_delta_sensor_async.py
[2023-07-03T18:17:37.393+0000] {processor.py:826} INFO - Processing file /home/airflow/.local/lib/python3.7/site-packages/airflow/example_dags/example_time_delta_sensor_async.py for tasks to queue
[2023-07-03T18:17:37.394+0000] {logging_mixin.py:149} INFO - [2023-07-03T18:17:37.394+0000] {dagbag.py:541} INFO - Filling up the DagBag from /home/airflow/.local/lib/python3.7/site-packages/airflow/example_dags/example_time_delta_sensor_async.py
[2023-07-03T18:17:37.398+0000] {processor.py:836} INFO - DAG(s) dict_keys(['example_time_delta_sensor_async']) retrieved from /home/airflow/.local/lib/python3.7/site-packages/airflow/example_dags/example_time_delta_sensor_async.py
[2023-07-03T18:17:37.422+0000] {logging_mixin.py:149} INFO - [2023-07-03T18:17:37.422+0000] {dag.py:2726} INFO - Sync 1 DAGs
[2023-07-03T18:17:37.445+0000] {logging_mixin.py:149} INFO - [2023-07-03T18:17:37.444+0000] {dag.py:3490} INFO - Setting next_dagrun for example_time_delta_sensor_async to None, run_after=None
[2023-07-03T18:17:37.465+0000] {processor.py:179} INFO - Processing /home/airflow/.local/lib/python3.7/site-packages/airflow/example_dags/example_time_delta_sensor_async.py took 0.076 seconds
[2023-07-03T18:18:08.402+0000] {processor.py:157} INFO - Started process (PID=8532) to work on /home/airflow/.local/lib/python3.7/site-packages/airflow/example_dags/example_time_delta_sensor_async.py
[2023-07-03T18:18:08.403+0000] {processor.py:826} INFO - Processing file /home/airflow/.local/lib/python3.7/site-packages/airflow/example_dags/example_time_delta_sensor_async.py for tasks to queue
[2023-07-03T18:18:08.404+0000] {logging_mixin.py:149} INFO - [2023-07-03T18:18:08.404+0000] {dagbag.py:541} INFO - Filling up the DagBag from /home/airflow/.local/lib/python3.7/site-packages/airflow/example_dags/example_time_delta_sensor_async.py
[2023-07-03T18:18:08.408+0000] {processor.py:836} INFO - DAG(s) dict_keys(['example_time_delta_sensor_async']) retrieved from /home/airflow/.local/lib/python3.7/site-packages/airflow/example_dags/example_time_delta_sensor_async.py
[2023-07-03T18:18:08.434+0000] {logging_mixin.py:149} INFO - [2023-07-03T18:18:08.434+0000] {dag.py:2726} INFO - Sync 1 DAGs
[2023-07-03T18:18:08.464+0000] {logging_mixin.py:149} INFO - [2023-07-03T18:18:08.463+0000] {dag.py:3490} INFO - Setting next_dagrun for example_time_delta_sensor_async to None, run_after=None
[2023-07-03T18:18:08.490+0000] {processor.py:179} INFO - Processing /home/airflow/.local/lib/python3.7/site-packages/airflow/example_dags/example_time_delta_sensor_async.py took 0.092 seconds
[2023-07-03T18:18:38.651+0000] {processor.py:157} INFO - Started process (PID=8781) to work on /home/airflow/.local/lib/python3.7/site-packages/airflow/example_dags/example_time_delta_sensor_async.py
[2023-07-03T18:18:38.652+0000] {processor.py:826} INFO - Processing file /home/airflow/.local/lib/python3.7/site-packages/airflow/example_dags/example_time_delta_sensor_async.py for tasks to queue
[2023-07-03T18:18:38.653+0000] {logging_mixin.py:149} INFO - [2023-07-03T18:18:38.653+0000] {dagbag.py:541} INFO - Filling up the DagBag from /home/airflow/.local/lib/python3.7/site-packages/airflow/example_dags/example_time_delta_sensor_async.py
[2023-07-03T18:18:38.658+0000] {processor.py:836} INFO - DAG(s) dict_keys(['example_time_delta_sensor_async']) retrieved from /home/airflow/.local/lib/python3.7/site-packages/airflow/example_dags/example_time_delta_sensor_async.py
[2023-07-03T18:18:38.682+0000] {logging_mixin.py:149} INFO - [2023-07-03T18:18:38.682+0000] {dag.py:2726} INFO - Sync 1 DAGs
[2023-07-03T18:18:38.709+0000] {logging_mixin.py:149} INFO - [2023-07-03T18:18:38.708+0000] {dag.py:3490} INFO - Setting next_dagrun for example_time_delta_sensor_async to None, run_after=None
[2023-07-03T18:18:38.732+0000] {processor.py:179} INFO - Processing /home/airflow/.local/lib/python3.7/site-packages/airflow/example_dags/example_time_delta_sensor_async.py took 0.084 seconds
[2023-07-03T18:19:09.034+0000] {processor.py:157} INFO - Started process (PID=9030) to work on /home/airflow/.local/lib/python3.7/site-packages/airflow/example_dags/example_time_delta_sensor_async.py
[2023-07-03T18:19:09.035+0000] {processor.py:826} INFO - Processing file /home/airflow/.local/lib/python3.7/site-packages/airflow/example_dags/example_time_delta_sensor_async.py for tasks to queue
[2023-07-03T18:19:09.036+0000] {logging_mixin.py:149} INFO - [2023-07-03T18:19:09.035+0000] {dagbag.py:541} INFO - Filling up the DagBag from /home/airflow/.local/lib/python3.7/site-packages/airflow/example_dags/example_time_delta_sensor_async.py
[2023-07-03T18:19:09.039+0000] {processor.py:836} INFO - DAG(s) dict_keys(['example_time_delta_sensor_async']) retrieved from /home/airflow/.local/lib/python3.7/site-packages/airflow/example_dags/example_time_delta_sensor_async.py
[2023-07-03T18:19:09.067+0000] {logging_mixin.py:149} INFO - [2023-07-03T18:19:09.067+0000] {dag.py:2726} INFO - Sync 1 DAGs
[2023-07-03T18:19:09.092+0000] {logging_mixin.py:149} INFO - [2023-07-03T18:19:09.092+0000] {dag.py:3490} INFO - Setting next_dagrun for example_time_delta_sensor_async to None, run_after=None
[2023-07-03T18:19:09.115+0000] {processor.py:179} INFO - Processing /home/airflow/.local/lib/python3.7/site-packages/airflow/example_dags/example_time_delta_sensor_async.py took 0.085 seconds
[2023-07-03T18:19:39.366+0000] {processor.py:157} INFO - Started process (PID=9279) to work on /home/airflow/.local/lib/python3.7/site-packages/airflow/example_dags/example_time_delta_sensor_async.py
[2023-07-03T18:19:39.367+0000] {processor.py:826} INFO - Processing file /home/airflow/.local/lib/python3.7/site-packages/airflow/example_dags/example_time_delta_sensor_async.py for tasks to queue
[2023-07-03T18:19:39.368+0000] {logging_mixin.py:149} INFO - [2023-07-03T18:19:39.367+0000] {dagbag.py:541} INFO - Filling up the DagBag from /home/airflow/.local/lib/python3.7/site-packages/airflow/example_dags/example_time_delta_sensor_async.py
[2023-07-03T18:19:39.373+0000] {processor.py:836} INFO - DAG(s) dict_keys(['example_time_delta_sensor_async']) retrieved from /home/airflow/.local/lib/python3.7/site-packages/airflow/example_dags/example_time_delta_sensor_async.py
[2023-07-03T18:19:39.397+0000] {logging_mixin.py:149} INFO - [2023-07-03T18:19:39.397+0000] {dag.py:2726} INFO - Sync 1 DAGs
[2023-07-03T18:19:39.425+0000] {logging_mixin.py:149} INFO - [2023-07-03T18:19:39.425+0000] {dag.py:3490} INFO - Setting next_dagrun for example_time_delta_sensor_async to None, run_after=None
[2023-07-03T18:19:39.447+0000] {processor.py:179} INFO - Processing /home/airflow/.local/lib/python3.7/site-packages/airflow/example_dags/example_time_delta_sensor_async.py took 0.084 seconds
