[2023-07-03T18:01:15.241+0000] {processor.py:157} INFO - Started process (PID=182) to work on /home/airflow/.local/lib/python3.7/site-packages/airflow/example_dags/example_xcomargs.py
[2023-07-03T18:01:15.242+0000] {processor.py:826} INFO - Processing file /home/airflow/.local/lib/python3.7/site-packages/airflow/example_dags/example_xcomargs.py for tasks to queue
[2023-07-03T18:01:15.243+0000] {logging_mixin.py:149} INFO - [2023-07-03T18:01:15.243+0000] {dagbag.py:541} INFO - Filling up the DagBag from /home/airflow/.local/lib/python3.7/site-packages/airflow/example_dags/example_xcomargs.py
[2023-07-03T18:01:15.252+0000] {processor.py:836} INFO - DAG(s) dict_keys(['example_xcom_args_with_operators', 'example_xcom_args']) retrieved from /home/airflow/.local/lib/python3.7/site-packages/airflow/example_dags/example_xcomargs.py
[2023-07-03T18:01:15.264+0000] {logging_mixin.py:149} INFO - [2023-07-03T18:01:15.264+0000] {dag.py:2726} INFO - Sync 2 DAGs
[2023-07-03T18:01:15.287+0000] {logging_mixin.py:149} INFO - [2023-07-03T18:01:15.287+0000] {dag.py:3490} INFO - Setting next_dagrun for example_xcom_args to None, run_after=None
[2023-07-03T18:01:15.291+0000] {logging_mixin.py:149} INFO - [2023-07-03T18:01:15.291+0000] {dag.py:3490} INFO - Setting next_dagrun for example_xcom_args_with_operators to None, run_after=None
[2023-07-03T18:01:15.308+0000] {processor.py:179} INFO - Processing /home/airflow/.local/lib/python3.7/site-packages/airflow/example_dags/example_xcomargs.py took 0.070 seconds
[2023-07-03T18:01:45.513+0000] {processor.py:157} INFO - Started process (PID=431) to work on /home/airflow/.local/lib/python3.7/site-packages/airflow/example_dags/example_xcomargs.py
[2023-07-03T18:01:45.513+0000] {processor.py:826} INFO - Processing file /home/airflow/.local/lib/python3.7/site-packages/airflow/example_dags/example_xcomargs.py for tasks to queue
[2023-07-03T18:01:45.514+0000] {logging_mixin.py:149} INFO - [2023-07-03T18:01:45.514+0000] {dagbag.py:541} INFO - Filling up the DagBag from /home/airflow/.local/lib/python3.7/site-packages/airflow/example_dags/example_xcomargs.py
[2023-07-03T18:01:45.522+0000] {processor.py:836} INFO - DAG(s) dict_keys(['example_xcom_args_with_operators', 'example_xcom_args']) retrieved from /home/airflow/.local/lib/python3.7/site-packages/airflow/example_dags/example_xcomargs.py
[2023-07-03T18:01:45.545+0000] {logging_mixin.py:149} INFO - [2023-07-03T18:01:45.545+0000] {dag.py:2726} INFO - Sync 2 DAGs
[2023-07-03T18:01:45.568+0000] {logging_mixin.py:149} INFO - [2023-07-03T18:01:45.568+0000] {dag.py:3490} INFO - Setting next_dagrun for example_xcom_args to None, run_after=None
[2023-07-03T18:01:45.572+0000] {logging_mixin.py:149} INFO - [2023-07-03T18:01:45.572+0000] {dag.py:3490} INFO - Setting next_dagrun for example_xcom_args_with_operators to None, run_after=None
[2023-07-03T18:01:45.586+0000] {processor.py:179} INFO - Processing /home/airflow/.local/lib/python3.7/site-packages/airflow/example_dags/example_xcomargs.py took 0.077 seconds
[2023-07-03T18:02:15.815+0000] {processor.py:157} INFO - Started process (PID=683) to work on /home/airflow/.local/lib/python3.7/site-packages/airflow/example_dags/example_xcomargs.py
[2023-07-03T18:02:15.816+0000] {processor.py:826} INFO - Processing file /home/airflow/.local/lib/python3.7/site-packages/airflow/example_dags/example_xcomargs.py for tasks to queue
[2023-07-03T18:02:15.816+0000] {logging_mixin.py:149} INFO - [2023-07-03T18:02:15.816+0000] {dagbag.py:541} INFO - Filling up the DagBag from /home/airflow/.local/lib/python3.7/site-packages/airflow/example_dags/example_xcomargs.py
[2023-07-03T18:02:15.823+0000] {processor.py:836} INFO - DAG(s) dict_keys(['example_xcom_args_with_operators', 'example_xcom_args']) retrieved from /home/airflow/.local/lib/python3.7/site-packages/airflow/example_dags/example_xcomargs.py
[2023-07-03T18:02:15.846+0000] {logging_mixin.py:149} INFO - [2023-07-03T18:02:15.846+0000] {dag.py:2726} INFO - Sync 2 DAGs
[2023-07-03T18:02:15.866+0000] {logging_mixin.py:149} INFO - [2023-07-03T18:02:15.866+0000] {dag.py:3490} INFO - Setting next_dagrun for example_xcom_args to None, run_after=None
[2023-07-03T18:02:15.869+0000] {logging_mixin.py:149} INFO - [2023-07-03T18:02:15.869+0000] {dag.py:3490} INFO - Setting next_dagrun for example_xcom_args_with_operators to None, run_after=None
[2023-07-03T18:02:15.884+0000] {processor.py:179} INFO - Processing /home/airflow/.local/lib/python3.7/site-packages/airflow/example_dags/example_xcomargs.py took 0.072 seconds
[2023-07-03T18:02:46.105+0000] {processor.py:157} INFO - Started process (PID=930) to work on /home/airflow/.local/lib/python3.7/site-packages/airflow/example_dags/example_xcomargs.py
[2023-07-03T18:02:46.106+0000] {processor.py:826} INFO - Processing file /home/airflow/.local/lib/python3.7/site-packages/airflow/example_dags/example_xcomargs.py for tasks to queue
[2023-07-03T18:02:46.107+0000] {logging_mixin.py:149} INFO - [2023-07-03T18:02:46.107+0000] {dagbag.py:541} INFO - Filling up the DagBag from /home/airflow/.local/lib/python3.7/site-packages/airflow/example_dags/example_xcomargs.py
[2023-07-03T18:02:46.113+0000] {processor.py:836} INFO - DAG(s) dict_keys(['example_xcom_args', 'example_xcom_args_with_operators']) retrieved from /home/airflow/.local/lib/python3.7/site-packages/airflow/example_dags/example_xcomargs.py
[2023-07-03T18:02:46.135+0000] {logging_mixin.py:149} INFO - [2023-07-03T18:02:46.135+0000] {dag.py:2726} INFO - Sync 2 DAGs
[2023-07-03T18:02:46.156+0000] {logging_mixin.py:149} INFO - [2023-07-03T18:02:46.156+0000] {dag.py:3490} INFO - Setting next_dagrun for example_xcom_args to None, run_after=None
[2023-07-03T18:02:46.159+0000] {logging_mixin.py:149} INFO - [2023-07-03T18:02:46.159+0000] {dag.py:3490} INFO - Setting next_dagrun for example_xcom_args_with_operators to None, run_after=None
[2023-07-03T18:02:46.174+0000] {processor.py:179} INFO - Processing /home/airflow/.local/lib/python3.7/site-packages/airflow/example_dags/example_xcomargs.py took 0.071 seconds
[2023-07-03T18:03:16.270+0000] {processor.py:157} INFO - Started process (PID=1179) to work on /home/airflow/.local/lib/python3.7/site-packages/airflow/example_dags/example_xcomargs.py
[2023-07-03T18:03:16.270+0000] {processor.py:826} INFO - Processing file /home/airflow/.local/lib/python3.7/site-packages/airflow/example_dags/example_xcomargs.py for tasks to queue
[2023-07-03T18:03:16.271+0000] {logging_mixin.py:149} INFO - [2023-07-03T18:03:16.271+0000] {dagbag.py:541} INFO - Filling up the DagBag from /home/airflow/.local/lib/python3.7/site-packages/airflow/example_dags/example_xcomargs.py
[2023-07-03T18:03:16.278+0000] {processor.py:836} INFO - DAG(s) dict_keys(['example_xcom_args', 'example_xcom_args_with_operators']) retrieved from /home/airflow/.local/lib/python3.7/site-packages/airflow/example_dags/example_xcomargs.py
[2023-07-03T18:03:16.303+0000] {logging_mixin.py:149} INFO - [2023-07-03T18:03:16.303+0000] {dag.py:2726} INFO - Sync 2 DAGs
[2023-07-03T18:03:16.325+0000] {logging_mixin.py:149} INFO - [2023-07-03T18:03:16.325+0000] {dag.py:3490} INFO - Setting next_dagrun for example_xcom_args to None, run_after=None
[2023-07-03T18:03:16.330+0000] {logging_mixin.py:149} INFO - [2023-07-03T18:03:16.329+0000] {dag.py:3490} INFO - Setting next_dagrun for example_xcom_args_with_operators to None, run_after=None
[2023-07-03T18:03:16.346+0000] {processor.py:179} INFO - Processing /home/airflow/.local/lib/python3.7/site-packages/airflow/example_dags/example_xcomargs.py took 0.079 seconds
[2023-07-03T18:03:46.883+0000] {processor.py:157} INFO - Started process (PID=1428) to work on /home/airflow/.local/lib/python3.7/site-packages/airflow/example_dags/example_xcomargs.py
[2023-07-03T18:03:46.884+0000] {processor.py:826} INFO - Processing file /home/airflow/.local/lib/python3.7/site-packages/airflow/example_dags/example_xcomargs.py for tasks to queue
[2023-07-03T18:03:46.885+0000] {logging_mixin.py:149} INFO - [2023-07-03T18:03:46.885+0000] {dagbag.py:541} INFO - Filling up the DagBag from /home/airflow/.local/lib/python3.7/site-packages/airflow/example_dags/example_xcomargs.py
[2023-07-03T18:03:46.894+0000] {processor.py:836} INFO - DAG(s) dict_keys(['example_xcom_args', 'example_xcom_args_with_operators']) retrieved from /home/airflow/.local/lib/python3.7/site-packages/airflow/example_dags/example_xcomargs.py
[2023-07-03T18:03:46.919+0000] {logging_mixin.py:149} INFO - [2023-07-03T18:03:46.919+0000] {dag.py:2726} INFO - Sync 2 DAGs
[2023-07-03T18:03:46.944+0000] {logging_mixin.py:149} INFO - [2023-07-03T18:03:46.944+0000] {dag.py:3490} INFO - Setting next_dagrun for example_xcom_args to None, run_after=None
[2023-07-03T18:03:46.948+0000] {logging_mixin.py:149} INFO - [2023-07-03T18:03:46.948+0000] {dag.py:3490} INFO - Setting next_dagrun for example_xcom_args_with_operators to None, run_after=None
[2023-07-03T18:03:46.964+0000] {processor.py:179} INFO - Processing /home/airflow/.local/lib/python3.7/site-packages/airflow/example_dags/example_xcomargs.py took 0.084 seconds
[2023-07-03T18:04:17.553+0000] {processor.py:157} INFO - Started process (PID=1679) to work on /home/airflow/.local/lib/python3.7/site-packages/airflow/example_dags/example_xcomargs.py
[2023-07-03T18:04:17.554+0000] {processor.py:826} INFO - Processing file /home/airflow/.local/lib/python3.7/site-packages/airflow/example_dags/example_xcomargs.py for tasks to queue
[2023-07-03T18:04:17.555+0000] {logging_mixin.py:149} INFO - [2023-07-03T18:04:17.555+0000] {dagbag.py:541} INFO - Filling up the DagBag from /home/airflow/.local/lib/python3.7/site-packages/airflow/example_dags/example_xcomargs.py
[2023-07-03T18:04:17.562+0000] {processor.py:836} INFO - DAG(s) dict_keys(['example_xcom_args_with_operators', 'example_xcom_args']) retrieved from /home/airflow/.local/lib/python3.7/site-packages/airflow/example_dags/example_xcomargs.py
[2023-07-03T18:04:17.588+0000] {logging_mixin.py:149} INFO - [2023-07-03T18:04:17.588+0000] {dag.py:2726} INFO - Sync 2 DAGs
[2023-07-03T18:04:17.611+0000] {logging_mixin.py:149} INFO - [2023-07-03T18:04:17.611+0000] {dag.py:3490} INFO - Setting next_dagrun for example_xcom_args to None, run_after=None
[2023-07-03T18:04:17.614+0000] {logging_mixin.py:149} INFO - [2023-07-03T18:04:17.614+0000] {dag.py:3490} INFO - Setting next_dagrun for example_xcom_args_with_operators to None, run_after=None
[2023-07-03T18:04:17.633+0000] {processor.py:179} INFO - Processing /home/airflow/.local/lib/python3.7/site-packages/airflow/example_dags/example_xcomargs.py took 0.083 seconds
[2023-07-03T18:04:48.229+0000] {processor.py:157} INFO - Started process (PID=1926) to work on /home/airflow/.local/lib/python3.7/site-packages/airflow/example_dags/example_xcomargs.py
[2023-07-03T18:04:48.230+0000] {processor.py:826} INFO - Processing file /home/airflow/.local/lib/python3.7/site-packages/airflow/example_dags/example_xcomargs.py for tasks to queue
[2023-07-03T18:04:48.231+0000] {logging_mixin.py:149} INFO - [2023-07-03T18:04:48.231+0000] {dagbag.py:541} INFO - Filling up the DagBag from /home/airflow/.local/lib/python3.7/site-packages/airflow/example_dags/example_xcomargs.py
[2023-07-03T18:04:48.238+0000] {processor.py:836} INFO - DAG(s) dict_keys(['example_xcom_args_with_operators', 'example_xcom_args']) retrieved from /home/airflow/.local/lib/python3.7/site-packages/airflow/example_dags/example_xcomargs.py
[2023-07-03T18:04:48.263+0000] {logging_mixin.py:149} INFO - [2023-07-03T18:04:48.263+0000] {dag.py:2726} INFO - Sync 2 DAGs
[2023-07-03T18:04:48.284+0000] {logging_mixin.py:149} INFO - [2023-07-03T18:04:48.284+0000] {dag.py:3490} INFO - Setting next_dagrun for example_xcom_args to None, run_after=None
[2023-07-03T18:04:48.288+0000] {logging_mixin.py:149} INFO - [2023-07-03T18:04:48.288+0000] {dag.py:3490} INFO - Setting next_dagrun for example_xcom_args_with_operators to None, run_after=None
[2023-07-03T18:04:48.303+0000] {processor.py:179} INFO - Processing /home/airflow/.local/lib/python3.7/site-packages/airflow/example_dags/example_xcomargs.py took 0.076 seconds
[2023-07-03T18:05:18.840+0000] {processor.py:157} INFO - Started process (PID=2175) to work on /home/airflow/.local/lib/python3.7/site-packages/airflow/example_dags/example_xcomargs.py
[2023-07-03T18:05:18.841+0000] {processor.py:826} INFO - Processing file /home/airflow/.local/lib/python3.7/site-packages/airflow/example_dags/example_xcomargs.py for tasks to queue
[2023-07-03T18:05:18.842+0000] {logging_mixin.py:149} INFO - [2023-07-03T18:05:18.842+0000] {dagbag.py:541} INFO - Filling up the DagBag from /home/airflow/.local/lib/python3.7/site-packages/airflow/example_dags/example_xcomargs.py
[2023-07-03T18:05:18.848+0000] {processor.py:836} INFO - DAG(s) dict_keys(['example_xcom_args', 'example_xcom_args_with_operators']) retrieved from /home/airflow/.local/lib/python3.7/site-packages/airflow/example_dags/example_xcomargs.py
[2023-07-03T18:05:18.872+0000] {logging_mixin.py:149} INFO - [2023-07-03T18:05:18.872+0000] {dag.py:2726} INFO - Sync 2 DAGs
[2023-07-03T18:05:18.893+0000] {logging_mixin.py:149} INFO - [2023-07-03T18:05:18.893+0000] {dag.py:3490} INFO - Setting next_dagrun for example_xcom_args to None, run_after=None
[2023-07-03T18:05:18.896+0000] {logging_mixin.py:149} INFO - [2023-07-03T18:05:18.896+0000] {dag.py:3490} INFO - Setting next_dagrun for example_xcom_args_with_operators to None, run_after=None
[2023-07-03T18:05:18.912+0000] {processor.py:179} INFO - Processing /home/airflow/.local/lib/python3.7/site-packages/airflow/example_dags/example_xcomargs.py took 0.075 seconds
[2023-07-03T18:05:49.567+0000] {processor.py:157} INFO - Started process (PID=2424) to work on /home/airflow/.local/lib/python3.7/site-packages/airflow/example_dags/example_xcomargs.py
[2023-07-03T18:05:49.568+0000] {processor.py:826} INFO - Processing file /home/airflow/.local/lib/python3.7/site-packages/airflow/example_dags/example_xcomargs.py for tasks to queue
[2023-07-03T18:05:49.569+0000] {logging_mixin.py:149} INFO - [2023-07-03T18:05:49.569+0000] {dagbag.py:541} INFO - Filling up the DagBag from /home/airflow/.local/lib/python3.7/site-packages/airflow/example_dags/example_xcomargs.py
[2023-07-03T18:05:49.576+0000] {processor.py:836} INFO - DAG(s) dict_keys(['example_xcom_args_with_operators', 'example_xcom_args']) retrieved from /home/airflow/.local/lib/python3.7/site-packages/airflow/example_dags/example_xcomargs.py
[2023-07-03T18:05:49.599+0000] {logging_mixin.py:149} INFO - [2023-07-03T18:05:49.599+0000] {dag.py:2726} INFO - Sync 2 DAGs
[2023-07-03T18:05:49.621+0000] {logging_mixin.py:149} INFO - [2023-07-03T18:05:49.621+0000] {dag.py:3490} INFO - Setting next_dagrun for example_xcom_args to None, run_after=None
[2023-07-03T18:05:49.624+0000] {logging_mixin.py:149} INFO - [2023-07-03T18:05:49.624+0000] {dag.py:3490} INFO - Setting next_dagrun for example_xcom_args_with_operators to None, run_after=None
[2023-07-03T18:05:49.639+0000] {processor.py:179} INFO - Processing /home/airflow/.local/lib/python3.7/site-packages/airflow/example_dags/example_xcomargs.py took 0.074 seconds
[2023-07-03T18:06:20.289+0000] {processor.py:157} INFO - Started process (PID=2673) to work on /home/airflow/.local/lib/python3.7/site-packages/airflow/example_dags/example_xcomargs.py
[2023-07-03T18:06:20.290+0000] {processor.py:826} INFO - Processing file /home/airflow/.local/lib/python3.7/site-packages/airflow/example_dags/example_xcomargs.py for tasks to queue
[2023-07-03T18:06:20.291+0000] {logging_mixin.py:149} INFO - [2023-07-03T18:06:20.291+0000] {dagbag.py:541} INFO - Filling up the DagBag from /home/airflow/.local/lib/python3.7/site-packages/airflow/example_dags/example_xcomargs.py
[2023-07-03T18:06:20.300+0000] {processor.py:836} INFO - DAG(s) dict_keys(['example_xcom_args_with_operators', 'example_xcom_args']) retrieved from /home/airflow/.local/lib/python3.7/site-packages/airflow/example_dags/example_xcomargs.py
[2023-07-03T18:06:20.327+0000] {logging_mixin.py:149} INFO - [2023-07-03T18:06:20.327+0000] {dag.py:2726} INFO - Sync 2 DAGs
[2023-07-03T18:06:20.353+0000] {logging_mixin.py:149} INFO - [2023-07-03T18:06:20.353+0000] {dag.py:3490} INFO - Setting next_dagrun for example_xcom_args to None, run_after=None
[2023-07-03T18:06:20.357+0000] {logging_mixin.py:149} INFO - [2023-07-03T18:06:20.357+0000] {dag.py:3490} INFO - Setting next_dagrun for example_xcom_args_with_operators to None, run_after=None
[2023-07-03T18:06:20.373+0000] {processor.py:179} INFO - Processing /home/airflow/.local/lib/python3.7/site-packages/airflow/example_dags/example_xcomargs.py took 0.087 seconds
[2023-07-03T18:06:50.867+0000] {processor.py:157} INFO - Started process (PID=2923) to work on /home/airflow/.local/lib/python3.7/site-packages/airflow/example_dags/example_xcomargs.py
[2023-07-03T18:06:50.868+0000] {processor.py:826} INFO - Processing file /home/airflow/.local/lib/python3.7/site-packages/airflow/example_dags/example_xcomargs.py for tasks to queue
[2023-07-03T18:06:50.869+0000] {logging_mixin.py:149} INFO - [2023-07-03T18:06:50.869+0000] {dagbag.py:541} INFO - Filling up the DagBag from /home/airflow/.local/lib/python3.7/site-packages/airflow/example_dags/example_xcomargs.py
[2023-07-03T18:06:50.876+0000] {processor.py:836} INFO - DAG(s) dict_keys(['example_xcom_args_with_operators', 'example_xcom_args']) retrieved from /home/airflow/.local/lib/python3.7/site-packages/airflow/example_dags/example_xcomargs.py
[2023-07-03T18:06:50.901+0000] {logging_mixin.py:149} INFO - [2023-07-03T18:06:50.901+0000] {dag.py:2726} INFO - Sync 2 DAGs
[2023-07-03T18:06:50.923+0000] {logging_mixin.py:149} INFO - [2023-07-03T18:06:50.923+0000] {dag.py:3490} INFO - Setting next_dagrun for example_xcom_args to None, run_after=None
[2023-07-03T18:06:50.927+0000] {logging_mixin.py:149} INFO - [2023-07-03T18:06:50.927+0000] {dag.py:3490} INFO - Setting next_dagrun for example_xcom_args_with_operators to None, run_after=None
[2023-07-03T18:06:50.944+0000] {processor.py:179} INFO - Processing /home/airflow/.local/lib/python3.7/site-packages/airflow/example_dags/example_xcomargs.py took 0.079 seconds
[2023-07-03T18:07:21.642+0000] {processor.py:157} INFO - Started process (PID=3173) to work on /home/airflow/.local/lib/python3.7/site-packages/airflow/example_dags/example_xcomargs.py
[2023-07-03T18:07:21.642+0000] {processor.py:826} INFO - Processing file /home/airflow/.local/lib/python3.7/site-packages/airflow/example_dags/example_xcomargs.py for tasks to queue
[2023-07-03T18:07:21.643+0000] {logging_mixin.py:149} INFO - [2023-07-03T18:07:21.643+0000] {dagbag.py:541} INFO - Filling up the DagBag from /home/airflow/.local/lib/python3.7/site-packages/airflow/example_dags/example_xcomargs.py
[2023-07-03T18:07:21.650+0000] {processor.py:836} INFO - DAG(s) dict_keys(['example_xcom_args', 'example_xcom_args_with_operators']) retrieved from /home/airflow/.local/lib/python3.7/site-packages/airflow/example_dags/example_xcomargs.py
[2023-07-03T18:07:21.675+0000] {logging_mixin.py:149} INFO - [2023-07-03T18:07:21.675+0000] {dag.py:2726} INFO - Sync 2 DAGs
[2023-07-03T18:07:21.698+0000] {logging_mixin.py:149} INFO - [2023-07-03T18:07:21.698+0000] {dag.py:3490} INFO - Setting next_dagrun for example_xcom_args to None, run_after=None
[2023-07-03T18:07:21.701+0000] {logging_mixin.py:149} INFO - [2023-07-03T18:07:21.701+0000] {dag.py:3490} INFO - Setting next_dagrun for example_xcom_args_with_operators to None, run_after=None
[2023-07-03T18:07:21.718+0000] {processor.py:179} INFO - Processing /home/airflow/.local/lib/python3.7/site-packages/airflow/example_dags/example_xcomargs.py took 0.079 seconds
[2023-07-03T18:07:52.296+0000] {processor.py:157} INFO - Started process (PID=3421) to work on /home/airflow/.local/lib/python3.7/site-packages/airflow/example_dags/example_xcomargs.py
[2023-07-03T18:07:52.297+0000] {processor.py:826} INFO - Processing file /home/airflow/.local/lib/python3.7/site-packages/airflow/example_dags/example_xcomargs.py for tasks to queue
[2023-07-03T18:07:52.298+0000] {logging_mixin.py:149} INFO - [2023-07-03T18:07:52.298+0000] {dagbag.py:541} INFO - Filling up the DagBag from /home/airflow/.local/lib/python3.7/site-packages/airflow/example_dags/example_xcomargs.py
[2023-07-03T18:07:52.304+0000] {processor.py:836} INFO - DAG(s) dict_keys(['example_xcom_args', 'example_xcom_args_with_operators']) retrieved from /home/airflow/.local/lib/python3.7/site-packages/airflow/example_dags/example_xcomargs.py
[2023-07-03T18:07:52.329+0000] {logging_mixin.py:149} INFO - [2023-07-03T18:07:52.329+0000] {dag.py:2726} INFO - Sync 2 DAGs
[2023-07-03T18:07:52.352+0000] {logging_mixin.py:149} INFO - [2023-07-03T18:07:52.351+0000] {dag.py:3490} INFO - Setting next_dagrun for example_xcom_args to None, run_after=None
[2023-07-03T18:07:52.355+0000] {logging_mixin.py:149} INFO - [2023-07-03T18:07:52.355+0000] {dag.py:3490} INFO - Setting next_dagrun for example_xcom_args_with_operators to None, run_after=None
[2023-07-03T18:07:52.371+0000] {processor.py:179} INFO - Processing /home/airflow/.local/lib/python3.7/site-packages/airflow/example_dags/example_xcomargs.py took 0.078 seconds
[2023-07-03T18:08:22.781+0000] {processor.py:157} INFO - Started process (PID=3670) to work on /home/airflow/.local/lib/python3.7/site-packages/airflow/example_dags/example_xcomargs.py
[2023-07-03T18:08:22.781+0000] {processor.py:826} INFO - Processing file /home/airflow/.local/lib/python3.7/site-packages/airflow/example_dags/example_xcomargs.py for tasks to queue
[2023-07-03T18:08:22.782+0000] {logging_mixin.py:149} INFO - [2023-07-03T18:08:22.782+0000] {dagbag.py:541} INFO - Filling up the DagBag from /home/airflow/.local/lib/python3.7/site-packages/airflow/example_dags/example_xcomargs.py
[2023-07-03T18:08:22.789+0000] {processor.py:836} INFO - DAG(s) dict_keys(['example_xcom_args_with_operators', 'example_xcom_args']) retrieved from /home/airflow/.local/lib/python3.7/site-packages/airflow/example_dags/example_xcomargs.py
[2023-07-03T18:08:22.815+0000] {logging_mixin.py:149} INFO - [2023-07-03T18:08:22.815+0000] {dag.py:2726} INFO - Sync 2 DAGs
[2023-07-03T18:08:22.837+0000] {logging_mixin.py:149} INFO - [2023-07-03T18:08:22.837+0000] {dag.py:3490} INFO - Setting next_dagrun for example_xcom_args to None, run_after=None
[2023-07-03T18:08:22.840+0000] {logging_mixin.py:149} INFO - [2023-07-03T18:08:22.840+0000] {dag.py:3490} INFO - Setting next_dagrun for example_xcom_args_with_operators to None, run_after=None
[2023-07-03T18:08:22.858+0000] {processor.py:179} INFO - Processing /home/airflow/.local/lib/python3.7/site-packages/airflow/example_dags/example_xcomargs.py took 0.081 seconds
[2023-07-03T18:08:53.307+0000] {processor.py:157} INFO - Started process (PID=3921) to work on /home/airflow/.local/lib/python3.7/site-packages/airflow/example_dags/example_xcomargs.py
[2023-07-03T18:08:53.308+0000] {processor.py:826} INFO - Processing file /home/airflow/.local/lib/python3.7/site-packages/airflow/example_dags/example_xcomargs.py for tasks to queue
[2023-07-03T18:08:53.309+0000] {logging_mixin.py:149} INFO - [2023-07-03T18:08:53.309+0000] {dagbag.py:541} INFO - Filling up the DagBag from /home/airflow/.local/lib/python3.7/site-packages/airflow/example_dags/example_xcomargs.py
[2023-07-03T18:08:53.315+0000] {processor.py:836} INFO - DAG(s) dict_keys(['example_xcom_args', 'example_xcom_args_with_operators']) retrieved from /home/airflow/.local/lib/python3.7/site-packages/airflow/example_dags/example_xcomargs.py
[2023-07-03T18:08:53.338+0000] {logging_mixin.py:149} INFO - [2023-07-03T18:08:53.338+0000] {dag.py:2726} INFO - Sync 2 DAGs
[2023-07-03T18:08:53.358+0000] {logging_mixin.py:149} INFO - [2023-07-03T18:08:53.358+0000] {dag.py:3490} INFO - Setting next_dagrun for example_xcom_args to None, run_after=None
[2023-07-03T18:08:53.361+0000] {logging_mixin.py:149} INFO - [2023-07-03T18:08:53.361+0000] {dag.py:3490} INFO - Setting next_dagrun for example_xcom_args_with_operators to None, run_after=None
[2023-07-03T18:08:53.377+0000] {processor.py:179} INFO - Processing /home/airflow/.local/lib/python3.7/site-packages/airflow/example_dags/example_xcomargs.py took 0.071 seconds
[2023-07-03T18:09:23.927+0000] {processor.py:157} INFO - Started process (PID=4168) to work on /home/airflow/.local/lib/python3.7/site-packages/airflow/example_dags/example_xcomargs.py
[2023-07-03T18:09:23.928+0000] {processor.py:826} INFO - Processing file /home/airflow/.local/lib/python3.7/site-packages/airflow/example_dags/example_xcomargs.py for tasks to queue
[2023-07-03T18:09:23.929+0000] {logging_mixin.py:149} INFO - [2023-07-03T18:09:23.928+0000] {dagbag.py:541} INFO - Filling up the DagBag from /home/airflow/.local/lib/python3.7/site-packages/airflow/example_dags/example_xcomargs.py
[2023-07-03T18:09:23.935+0000] {processor.py:836} INFO - DAG(s) dict_keys(['example_xcom_args_with_operators', 'example_xcom_args']) retrieved from /home/airflow/.local/lib/python3.7/site-packages/airflow/example_dags/example_xcomargs.py
[2023-07-03T18:09:23.960+0000] {logging_mixin.py:149} INFO - [2023-07-03T18:09:23.959+0000] {dag.py:2726} INFO - Sync 2 DAGs
[2023-07-03T18:09:23.980+0000] {logging_mixin.py:149} INFO - [2023-07-03T18:09:23.980+0000] {dag.py:3490} INFO - Setting next_dagrun for example_xcom_args to None, run_after=None
[2023-07-03T18:09:23.983+0000] {logging_mixin.py:149} INFO - [2023-07-03T18:09:23.983+0000] {dag.py:3490} INFO - Setting next_dagrun for example_xcom_args_with_operators to None, run_after=None
[2023-07-03T18:09:24.000+0000] {processor.py:179} INFO - Processing /home/airflow/.local/lib/python3.7/site-packages/airflow/example_dags/example_xcomargs.py took 0.076 seconds
[2023-07-03T18:09:54.615+0000] {processor.py:157} INFO - Started process (PID=4419) to work on /home/airflow/.local/lib/python3.7/site-packages/airflow/example_dags/example_xcomargs.py
[2023-07-03T18:09:54.616+0000] {processor.py:826} INFO - Processing file /home/airflow/.local/lib/python3.7/site-packages/airflow/example_dags/example_xcomargs.py for tasks to queue
[2023-07-03T18:09:54.617+0000] {logging_mixin.py:149} INFO - [2023-07-03T18:09:54.617+0000] {dagbag.py:541} INFO - Filling up the DagBag from /home/airflow/.local/lib/python3.7/site-packages/airflow/example_dags/example_xcomargs.py
[2023-07-03T18:09:54.624+0000] {processor.py:836} INFO - DAG(s) dict_keys(['example_xcom_args_with_operators', 'example_xcom_args']) retrieved from /home/airflow/.local/lib/python3.7/site-packages/airflow/example_dags/example_xcomargs.py
[2023-07-03T18:09:54.649+0000] {logging_mixin.py:149} INFO - [2023-07-03T18:09:54.649+0000] {dag.py:2726} INFO - Sync 2 DAGs
[2023-07-03T18:09:54.671+0000] {logging_mixin.py:149} INFO - [2023-07-03T18:09:54.670+0000] {dag.py:3490} INFO - Setting next_dagrun for example_xcom_args to None, run_after=None
[2023-07-03T18:09:54.674+0000] {logging_mixin.py:149} INFO - [2023-07-03T18:09:54.674+0000] {dag.py:3490} INFO - Setting next_dagrun for example_xcom_args_with_operators to None, run_after=None
[2023-07-03T18:09:54.689+0000] {processor.py:179} INFO - Processing /home/airflow/.local/lib/python3.7/site-packages/airflow/example_dags/example_xcomargs.py took 0.076 seconds
[2023-07-03T18:10:24.831+0000] {processor.py:157} INFO - Started process (PID=4668) to work on /home/airflow/.local/lib/python3.7/site-packages/airflow/example_dags/example_xcomargs.py
[2023-07-03T18:10:24.832+0000] {processor.py:826} INFO - Processing file /home/airflow/.local/lib/python3.7/site-packages/airflow/example_dags/example_xcomargs.py for tasks to queue
[2023-07-03T18:10:24.833+0000] {logging_mixin.py:149} INFO - [2023-07-03T18:10:24.833+0000] {dagbag.py:541} INFO - Filling up the DagBag from /home/airflow/.local/lib/python3.7/site-packages/airflow/example_dags/example_xcomargs.py
[2023-07-03T18:10:24.839+0000] {processor.py:836} INFO - DAG(s) dict_keys(['example_xcom_args', 'example_xcom_args_with_operators']) retrieved from /home/airflow/.local/lib/python3.7/site-packages/airflow/example_dags/example_xcomargs.py
[2023-07-03T18:10:24.864+0000] {logging_mixin.py:149} INFO - [2023-07-03T18:10:24.864+0000] {dag.py:2726} INFO - Sync 2 DAGs
[2023-07-03T18:10:24.884+0000] {logging_mixin.py:149} INFO - [2023-07-03T18:10:24.884+0000] {dag.py:3490} INFO - Setting next_dagrun for example_xcom_args to None, run_after=None
[2023-07-03T18:10:24.888+0000] {logging_mixin.py:149} INFO - [2023-07-03T18:10:24.888+0000] {dag.py:3490} INFO - Setting next_dagrun for example_xcom_args_with_operators to None, run_after=None
[2023-07-03T18:10:24.904+0000] {processor.py:179} INFO - Processing /home/airflow/.local/lib/python3.7/site-packages/airflow/example_dags/example_xcomargs.py took 0.075 seconds
[2023-07-03T18:10:55.052+0000] {processor.py:157} INFO - Started process (PID=4917) to work on /home/airflow/.local/lib/python3.7/site-packages/airflow/example_dags/example_xcomargs.py
[2023-07-03T18:10:55.053+0000] {processor.py:826} INFO - Processing file /home/airflow/.local/lib/python3.7/site-packages/airflow/example_dags/example_xcomargs.py for tasks to queue
[2023-07-03T18:10:55.054+0000] {logging_mixin.py:149} INFO - [2023-07-03T18:10:55.054+0000] {dagbag.py:541} INFO - Filling up the DagBag from /home/airflow/.local/lib/python3.7/site-packages/airflow/example_dags/example_xcomargs.py
[2023-07-03T18:10:55.061+0000] {processor.py:836} INFO - DAG(s) dict_keys(['example_xcom_args_with_operators', 'example_xcom_args']) retrieved from /home/airflow/.local/lib/python3.7/site-packages/airflow/example_dags/example_xcomargs.py
[2023-07-03T18:10:55.089+0000] {logging_mixin.py:149} INFO - [2023-07-03T18:10:55.088+0000] {dag.py:2726} INFO - Sync 2 DAGs
[2023-07-03T18:10:55.113+0000] {logging_mixin.py:149} INFO - [2023-07-03T18:10:55.113+0000] {dag.py:3490} INFO - Setting next_dagrun for example_xcom_args to None, run_after=None
[2023-07-03T18:10:55.117+0000] {logging_mixin.py:149} INFO - [2023-07-03T18:10:55.116+0000] {dag.py:3490} INFO - Setting next_dagrun for example_xcom_args_with_operators to None, run_after=None
[2023-07-03T18:10:55.133+0000] {processor.py:179} INFO - Processing /home/airflow/.local/lib/python3.7/site-packages/airflow/example_dags/example_xcomargs.py took 0.083 seconds
[2023-07-03T18:11:25.234+0000] {processor.py:157} INFO - Started process (PID=5166) to work on /home/airflow/.local/lib/python3.7/site-packages/airflow/example_dags/example_xcomargs.py
[2023-07-03T18:11:25.234+0000] {processor.py:826} INFO - Processing file /home/airflow/.local/lib/python3.7/site-packages/airflow/example_dags/example_xcomargs.py for tasks to queue
[2023-07-03T18:11:25.235+0000] {logging_mixin.py:149} INFO - [2023-07-03T18:11:25.235+0000] {dagbag.py:541} INFO - Filling up the DagBag from /home/airflow/.local/lib/python3.7/site-packages/airflow/example_dags/example_xcomargs.py
[2023-07-03T18:11:25.241+0000] {processor.py:836} INFO - DAG(s) dict_keys(['example_xcom_args_with_operators', 'example_xcom_args']) retrieved from /home/airflow/.local/lib/python3.7/site-packages/airflow/example_dags/example_xcomargs.py
[2023-07-03T18:11:25.263+0000] {logging_mixin.py:149} INFO - [2023-07-03T18:11:25.263+0000] {dag.py:2726} INFO - Sync 2 DAGs
[2023-07-03T18:11:25.284+0000] {logging_mixin.py:149} INFO - [2023-07-03T18:11:25.284+0000] {dag.py:3490} INFO - Setting next_dagrun for example_xcom_args to None, run_after=None
[2023-07-03T18:11:25.287+0000] {logging_mixin.py:149} INFO - [2023-07-03T18:11:25.287+0000] {dag.py:3490} INFO - Setting next_dagrun for example_xcom_args_with_operators to None, run_after=None
[2023-07-03T18:11:25.303+0000] {processor.py:179} INFO - Processing /home/airflow/.local/lib/python3.7/site-packages/airflow/example_dags/example_xcomargs.py took 0.071 seconds
[2023-07-03T18:11:55.423+0000] {processor.py:157} INFO - Started process (PID=5415) to work on /home/airflow/.local/lib/python3.7/site-packages/airflow/example_dags/example_xcomargs.py
[2023-07-03T18:11:55.424+0000] {processor.py:826} INFO - Processing file /home/airflow/.local/lib/python3.7/site-packages/airflow/example_dags/example_xcomargs.py for tasks to queue
[2023-07-03T18:11:55.425+0000] {logging_mixin.py:149} INFO - [2023-07-03T18:11:55.425+0000] {dagbag.py:541} INFO - Filling up the DagBag from /home/airflow/.local/lib/python3.7/site-packages/airflow/example_dags/example_xcomargs.py
[2023-07-03T18:11:55.431+0000] {processor.py:836} INFO - DAG(s) dict_keys(['example_xcom_args_with_operators', 'example_xcom_args']) retrieved from /home/airflow/.local/lib/python3.7/site-packages/airflow/example_dags/example_xcomargs.py
[2023-07-03T18:11:55.455+0000] {logging_mixin.py:149} INFO - [2023-07-03T18:11:55.455+0000] {dag.py:2726} INFO - Sync 2 DAGs
[2023-07-03T18:11:55.477+0000] {logging_mixin.py:149} INFO - [2023-07-03T18:11:55.476+0000] {dag.py:3490} INFO - Setting next_dagrun for example_xcom_args to None, run_after=None
[2023-07-03T18:11:55.480+0000] {logging_mixin.py:149} INFO - [2023-07-03T18:11:55.480+0000] {dag.py:3490} INFO - Setting next_dagrun for example_xcom_args_with_operators to None, run_after=None
[2023-07-03T18:11:55.499+0000] {processor.py:179} INFO - Processing /home/airflow/.local/lib/python3.7/site-packages/airflow/example_dags/example_xcomargs.py took 0.079 seconds
[2023-07-03T18:12:25.639+0000] {processor.py:157} INFO - Started process (PID=5664) to work on /home/airflow/.local/lib/python3.7/site-packages/airflow/example_dags/example_xcomargs.py
[2023-07-03T18:12:25.640+0000] {processor.py:826} INFO - Processing file /home/airflow/.local/lib/python3.7/site-packages/airflow/example_dags/example_xcomargs.py for tasks to queue
[2023-07-03T18:12:25.641+0000] {logging_mixin.py:149} INFO - [2023-07-03T18:12:25.641+0000] {dagbag.py:541} INFO - Filling up the DagBag from /home/airflow/.local/lib/python3.7/site-packages/airflow/example_dags/example_xcomargs.py
[2023-07-03T18:12:25.647+0000] {processor.py:836} INFO - DAG(s) dict_keys(['example_xcom_args', 'example_xcom_args_with_operators']) retrieved from /home/airflow/.local/lib/python3.7/site-packages/airflow/example_dags/example_xcomargs.py
[2023-07-03T18:12:25.671+0000] {logging_mixin.py:149} INFO - [2023-07-03T18:12:25.671+0000] {dag.py:2726} INFO - Sync 2 DAGs
[2023-07-03T18:12:25.696+0000] {logging_mixin.py:149} INFO - [2023-07-03T18:12:25.696+0000] {dag.py:3490} INFO - Setting next_dagrun for example_xcom_args to None, run_after=None
[2023-07-03T18:12:25.700+0000] {logging_mixin.py:149} INFO - [2023-07-03T18:12:25.700+0000] {dag.py:3490} INFO - Setting next_dagrun for example_xcom_args_with_operators to None, run_after=None
[2023-07-03T18:12:25.716+0000] {processor.py:179} INFO - Processing /home/airflow/.local/lib/python3.7/site-packages/airflow/example_dags/example_xcomargs.py took 0.079 seconds
[2023-07-03T18:12:56.309+0000] {processor.py:157} INFO - Started process (PID=5911) to work on /home/airflow/.local/lib/python3.7/site-packages/airflow/example_dags/example_xcomargs.py
[2023-07-03T18:12:56.310+0000] {processor.py:826} INFO - Processing file /home/airflow/.local/lib/python3.7/site-packages/airflow/example_dags/example_xcomargs.py for tasks to queue
[2023-07-03T18:12:56.311+0000] {logging_mixin.py:149} INFO - [2023-07-03T18:12:56.311+0000] {dagbag.py:541} INFO - Filling up the DagBag from /home/airflow/.local/lib/python3.7/site-packages/airflow/example_dags/example_xcomargs.py
[2023-07-03T18:12:56.317+0000] {processor.py:836} INFO - DAG(s) dict_keys(['example_xcom_args_with_operators', 'example_xcom_args']) retrieved from /home/airflow/.local/lib/python3.7/site-packages/airflow/example_dags/example_xcomargs.py
[2023-07-03T18:12:56.341+0000] {logging_mixin.py:149} INFO - [2023-07-03T18:12:56.341+0000] {dag.py:2726} INFO - Sync 2 DAGs
[2023-07-03T18:12:56.363+0000] {logging_mixin.py:149} INFO - [2023-07-03T18:12:56.362+0000] {dag.py:3490} INFO - Setting next_dagrun for example_xcom_args to None, run_after=None
[2023-07-03T18:12:56.366+0000] {logging_mixin.py:149} INFO - [2023-07-03T18:12:56.365+0000] {dag.py:3490} INFO - Setting next_dagrun for example_xcom_args_with_operators to None, run_after=None
[2023-07-03T18:12:56.387+0000] {processor.py:179} INFO - Processing /home/airflow/.local/lib/python3.7/site-packages/airflow/example_dags/example_xcomargs.py took 0.080 seconds
[2023-07-03T18:13:27.122+0000] {processor.py:157} INFO - Started process (PID=6160) to work on /home/airflow/.local/lib/python3.7/site-packages/airflow/example_dags/example_xcomargs.py
[2023-07-03T18:13:27.123+0000] {processor.py:826} INFO - Processing file /home/airflow/.local/lib/python3.7/site-packages/airflow/example_dags/example_xcomargs.py for tasks to queue
[2023-07-03T18:13:27.124+0000] {logging_mixin.py:149} INFO - [2023-07-03T18:13:27.124+0000] {dagbag.py:541} INFO - Filling up the DagBag from /home/airflow/.local/lib/python3.7/site-packages/airflow/example_dags/example_xcomargs.py
[2023-07-03T18:13:27.130+0000] {processor.py:836} INFO - DAG(s) dict_keys(['example_xcom_args_with_operators', 'example_xcom_args']) retrieved from /home/airflow/.local/lib/python3.7/site-packages/airflow/example_dags/example_xcomargs.py
[2023-07-03T18:13:27.156+0000] {logging_mixin.py:149} INFO - [2023-07-03T18:13:27.155+0000] {dag.py:2726} INFO - Sync 2 DAGs
[2023-07-03T18:13:27.179+0000] {logging_mixin.py:149} INFO - [2023-07-03T18:13:27.179+0000] {dag.py:3490} INFO - Setting next_dagrun for example_xcom_args to None, run_after=None
[2023-07-03T18:13:27.182+0000] {logging_mixin.py:149} INFO - [2023-07-03T18:13:27.182+0000] {dag.py:3490} INFO - Setting next_dagrun for example_xcom_args_with_operators to None, run_after=None
[2023-07-03T18:13:27.198+0000] {processor.py:179} INFO - Processing /home/airflow/.local/lib/python3.7/site-packages/airflow/example_dags/example_xcomargs.py took 0.079 seconds
[2023-07-03T18:13:57.700+0000] {processor.py:157} INFO - Started process (PID=6409) to work on /home/airflow/.local/lib/python3.7/site-packages/airflow/example_dags/example_xcomargs.py
[2023-07-03T18:13:57.701+0000] {processor.py:826} INFO - Processing file /home/airflow/.local/lib/python3.7/site-packages/airflow/example_dags/example_xcomargs.py for tasks to queue
[2023-07-03T18:13:57.702+0000] {logging_mixin.py:149} INFO - [2023-07-03T18:13:57.702+0000] {dagbag.py:541} INFO - Filling up the DagBag from /home/airflow/.local/lib/python3.7/site-packages/airflow/example_dags/example_xcomargs.py
[2023-07-03T18:13:57.709+0000] {processor.py:836} INFO - DAG(s) dict_keys(['example_xcom_args', 'example_xcom_args_with_operators']) retrieved from /home/airflow/.local/lib/python3.7/site-packages/airflow/example_dags/example_xcomargs.py
[2023-07-03T18:13:57.732+0000] {logging_mixin.py:149} INFO - [2023-07-03T18:13:57.732+0000] {dag.py:2726} INFO - Sync 2 DAGs
[2023-07-03T18:13:57.754+0000] {logging_mixin.py:149} INFO - [2023-07-03T18:13:57.754+0000] {dag.py:3490} INFO - Setting next_dagrun for example_xcom_args to None, run_after=None
[2023-07-03T18:13:57.757+0000] {logging_mixin.py:149} INFO - [2023-07-03T18:13:57.757+0000] {dag.py:3490} INFO - Setting next_dagrun for example_xcom_args_with_operators to None, run_after=None
[2023-07-03T18:13:57.774+0000] {processor.py:179} INFO - Processing /home/airflow/.local/lib/python3.7/site-packages/airflow/example_dags/example_xcomargs.py took 0.076 seconds
[2023-07-03T18:14:28.137+0000] {processor.py:157} INFO - Started process (PID=6659) to work on /home/airflow/.local/lib/python3.7/site-packages/airflow/example_dags/example_xcomargs.py
[2023-07-03T18:14:28.138+0000] {processor.py:826} INFO - Processing file /home/airflow/.local/lib/python3.7/site-packages/airflow/example_dags/example_xcomargs.py for tasks to queue
[2023-07-03T18:14:28.139+0000] {logging_mixin.py:149} INFO - [2023-07-03T18:14:28.139+0000] {dagbag.py:541} INFO - Filling up the DagBag from /home/airflow/.local/lib/python3.7/site-packages/airflow/example_dags/example_xcomargs.py
[2023-07-03T18:14:28.146+0000] {processor.py:836} INFO - DAG(s) dict_keys(['example_xcom_args_with_operators', 'example_xcom_args']) retrieved from /home/airflow/.local/lib/python3.7/site-packages/airflow/example_dags/example_xcomargs.py
[2023-07-03T18:14:28.169+0000] {logging_mixin.py:149} INFO - [2023-07-03T18:14:28.169+0000] {dag.py:2726} INFO - Sync 2 DAGs
[2023-07-03T18:14:28.191+0000] {logging_mixin.py:149} INFO - [2023-07-03T18:14:28.191+0000] {dag.py:3490} INFO - Setting next_dagrun for example_xcom_args to None, run_after=None
[2023-07-03T18:14:28.195+0000] {logging_mixin.py:149} INFO - [2023-07-03T18:14:28.195+0000] {dag.py:3490} INFO - Setting next_dagrun for example_xcom_args_with_operators to None, run_after=None
[2023-07-03T18:14:28.211+0000] {processor.py:179} INFO - Processing /home/airflow/.local/lib/python3.7/site-packages/airflow/example_dags/example_xcomargs.py took 0.076 seconds
[2023-07-03T18:14:58.797+0000] {processor.py:157} INFO - Started process (PID=6907) to work on /home/airflow/.local/lib/python3.7/site-packages/airflow/example_dags/example_xcomargs.py
[2023-07-03T18:14:58.798+0000] {processor.py:826} INFO - Processing file /home/airflow/.local/lib/python3.7/site-packages/airflow/example_dags/example_xcomargs.py for tasks to queue
[2023-07-03T18:14:58.799+0000] {logging_mixin.py:149} INFO - [2023-07-03T18:14:58.799+0000] {dagbag.py:541} INFO - Filling up the DagBag from /home/airflow/.local/lib/python3.7/site-packages/airflow/example_dags/example_xcomargs.py
[2023-07-03T18:14:58.806+0000] {processor.py:836} INFO - DAG(s) dict_keys(['example_xcom_args', 'example_xcom_args_with_operators']) retrieved from /home/airflow/.local/lib/python3.7/site-packages/airflow/example_dags/example_xcomargs.py
[2023-07-03T18:14:58.830+0000] {logging_mixin.py:149} INFO - [2023-07-03T18:14:58.829+0000] {dag.py:2726} INFO - Sync 2 DAGs
[2023-07-03T18:14:58.853+0000] {logging_mixin.py:149} INFO - [2023-07-03T18:14:58.853+0000] {dag.py:3490} INFO - Setting next_dagrun for example_xcom_args to None, run_after=None
[2023-07-03T18:14:58.856+0000] {logging_mixin.py:149} INFO - [2023-07-03T18:14:58.856+0000] {dag.py:3490} INFO - Setting next_dagrun for example_xcom_args_with_operators to None, run_after=None
[2023-07-03T18:14:58.873+0000] {processor.py:179} INFO - Processing /home/airflow/.local/lib/python3.7/site-packages/airflow/example_dags/example_xcomargs.py took 0.078 seconds
[2023-07-03T18:15:29.233+0000] {processor.py:157} INFO - Started process (PID=7158) to work on /home/airflow/.local/lib/python3.7/site-packages/airflow/example_dags/example_xcomargs.py
[2023-07-03T18:15:29.234+0000] {processor.py:826} INFO - Processing file /home/airflow/.local/lib/python3.7/site-packages/airflow/example_dags/example_xcomargs.py for tasks to queue
[2023-07-03T18:15:29.235+0000] {logging_mixin.py:149} INFO - [2023-07-03T18:15:29.234+0000] {dagbag.py:541} INFO - Filling up the DagBag from /home/airflow/.local/lib/python3.7/site-packages/airflow/example_dags/example_xcomargs.py
[2023-07-03T18:15:29.241+0000] {processor.py:836} INFO - DAG(s) dict_keys(['example_xcom_args', 'example_xcom_args_with_operators']) retrieved from /home/airflow/.local/lib/python3.7/site-packages/airflow/example_dags/example_xcomargs.py
[2023-07-03T18:15:29.265+0000] {logging_mixin.py:149} INFO - [2023-07-03T18:15:29.265+0000] {dag.py:2726} INFO - Sync 2 DAGs
[2023-07-03T18:15:29.288+0000] {logging_mixin.py:149} INFO - [2023-07-03T18:15:29.288+0000] {dag.py:3490} INFO - Setting next_dagrun for example_xcom_args to None, run_after=None
[2023-07-03T18:15:29.291+0000] {logging_mixin.py:149} INFO - [2023-07-03T18:15:29.291+0000] {dag.py:3490} INFO - Setting next_dagrun for example_xcom_args_with_operators to None, run_after=None
[2023-07-03T18:15:29.308+0000] {processor.py:179} INFO - Processing /home/airflow/.local/lib/python3.7/site-packages/airflow/example_dags/example_xcomargs.py took 0.078 seconds
[2023-07-03T18:15:59.801+0000] {processor.py:157} INFO - Started process (PID=7407) to work on /home/airflow/.local/lib/python3.7/site-packages/airflow/example_dags/example_xcomargs.py
[2023-07-03T18:15:59.802+0000] {processor.py:826} INFO - Processing file /home/airflow/.local/lib/python3.7/site-packages/airflow/example_dags/example_xcomargs.py for tasks to queue
[2023-07-03T18:15:59.803+0000] {logging_mixin.py:149} INFO - [2023-07-03T18:15:59.803+0000] {dagbag.py:541} INFO - Filling up the DagBag from /home/airflow/.local/lib/python3.7/site-packages/airflow/example_dags/example_xcomargs.py
[2023-07-03T18:15:59.810+0000] {processor.py:836} INFO - DAG(s) dict_keys(['example_xcom_args', 'example_xcom_args_with_operators']) retrieved from /home/airflow/.local/lib/python3.7/site-packages/airflow/example_dags/example_xcomargs.py
[2023-07-03T18:15:59.836+0000] {logging_mixin.py:149} INFO - [2023-07-03T18:15:59.836+0000] {dag.py:2726} INFO - Sync 2 DAGs
[2023-07-03T18:15:59.858+0000] {logging_mixin.py:149} INFO - [2023-07-03T18:15:59.858+0000] {dag.py:3490} INFO - Setting next_dagrun for example_xcom_args to None, run_after=None
[2023-07-03T18:15:59.862+0000] {logging_mixin.py:149} INFO - [2023-07-03T18:15:59.862+0000] {dag.py:3490} INFO - Setting next_dagrun for example_xcom_args_with_operators to None, run_after=None
[2023-07-03T18:15:59.880+0000] {processor.py:179} INFO - Processing /home/airflow/.local/lib/python3.7/site-packages/airflow/example_dags/example_xcomargs.py took 0.082 seconds
[2023-07-03T18:16:29.913+0000] {processor.py:157} INFO - Started process (PID=7654) to work on /home/airflow/.local/lib/python3.7/site-packages/airflow/example_dags/example_xcomargs.py
[2023-07-03T18:16:29.913+0000] {processor.py:826} INFO - Processing file /home/airflow/.local/lib/python3.7/site-packages/airflow/example_dags/example_xcomargs.py for tasks to queue
[2023-07-03T18:16:29.914+0000] {logging_mixin.py:149} INFO - [2023-07-03T18:16:29.914+0000] {dagbag.py:541} INFO - Filling up the DagBag from /home/airflow/.local/lib/python3.7/site-packages/airflow/example_dags/example_xcomargs.py
[2023-07-03T18:16:29.922+0000] {processor.py:836} INFO - DAG(s) dict_keys(['example_xcom_args_with_operators', 'example_xcom_args']) retrieved from /home/airflow/.local/lib/python3.7/site-packages/airflow/example_dags/example_xcomargs.py
[2023-07-03T18:16:29.946+0000] {logging_mixin.py:149} INFO - [2023-07-03T18:16:29.946+0000] {dag.py:2726} INFO - Sync 2 DAGs
[2023-07-03T18:16:29.968+0000] {logging_mixin.py:149} INFO - [2023-07-03T18:16:29.968+0000] {dag.py:3490} INFO - Setting next_dagrun for example_xcom_args to None, run_after=None
[2023-07-03T18:16:29.972+0000] {logging_mixin.py:149} INFO - [2023-07-03T18:16:29.972+0000] {dag.py:3490} INFO - Setting next_dagrun for example_xcom_args_with_operators to None, run_after=None
[2023-07-03T18:16:29.987+0000] {processor.py:179} INFO - Processing /home/airflow/.local/lib/python3.7/site-packages/airflow/example_dags/example_xcomargs.py took 0.077 seconds
[2023-07-03T18:17:00.567+0000] {processor.py:157} INFO - Started process (PID=7904) to work on /home/airflow/.local/lib/python3.7/site-packages/airflow/example_dags/example_xcomargs.py
[2023-07-03T18:17:00.568+0000] {processor.py:826} INFO - Processing file /home/airflow/.local/lib/python3.7/site-packages/airflow/example_dags/example_xcomargs.py for tasks to queue
[2023-07-03T18:17:00.569+0000] {logging_mixin.py:149} INFO - [2023-07-03T18:17:00.569+0000] {dagbag.py:541} INFO - Filling up the DagBag from /home/airflow/.local/lib/python3.7/site-packages/airflow/example_dags/example_xcomargs.py
[2023-07-03T18:17:00.576+0000] {processor.py:836} INFO - DAG(s) dict_keys(['example_xcom_args_with_operators', 'example_xcom_args']) retrieved from /home/airflow/.local/lib/python3.7/site-packages/airflow/example_dags/example_xcomargs.py
[2023-07-03T18:17:00.601+0000] {logging_mixin.py:149} INFO - [2023-07-03T18:17:00.601+0000] {dag.py:2726} INFO - Sync 2 DAGs
[2023-07-03T18:17:00.627+0000] {logging_mixin.py:149} INFO - [2023-07-03T18:17:00.627+0000] {dag.py:3490} INFO - Setting next_dagrun for example_xcom_args to None, run_after=None
[2023-07-03T18:17:00.630+0000] {logging_mixin.py:149} INFO - [2023-07-03T18:17:00.630+0000] {dag.py:3490} INFO - Setting next_dagrun for example_xcom_args_with_operators to None, run_after=None
[2023-07-03T18:17:00.647+0000] {processor.py:179} INFO - Processing /home/airflow/.local/lib/python3.7/site-packages/airflow/example_dags/example_xcomargs.py took 0.083 seconds
[2023-07-03T18:17:30.789+0000] {processor.py:157} INFO - Started process (PID=8153) to work on /home/airflow/.local/lib/python3.7/site-packages/airflow/example_dags/example_xcomargs.py
[2023-07-03T18:17:30.791+0000] {processor.py:826} INFO - Processing file /home/airflow/.local/lib/python3.7/site-packages/airflow/example_dags/example_xcomargs.py for tasks to queue
[2023-07-03T18:17:30.792+0000] {logging_mixin.py:149} INFO - [2023-07-03T18:17:30.791+0000] {dagbag.py:541} INFO - Filling up the DagBag from /home/airflow/.local/lib/python3.7/site-packages/airflow/example_dags/example_xcomargs.py
[2023-07-03T18:17:30.800+0000] {processor.py:836} INFO - DAG(s) dict_keys(['example_xcom_args', 'example_xcom_args_with_operators']) retrieved from /home/airflow/.local/lib/python3.7/site-packages/airflow/example_dags/example_xcomargs.py
[2023-07-03T18:17:30.827+0000] {logging_mixin.py:149} INFO - [2023-07-03T18:17:30.827+0000] {dag.py:2726} INFO - Sync 2 DAGs
[2023-07-03T18:17:30.853+0000] {logging_mixin.py:149} INFO - [2023-07-03T18:17:30.853+0000] {dag.py:3490} INFO - Setting next_dagrun for example_xcom_args to None, run_after=None
[2023-07-03T18:17:30.857+0000] {logging_mixin.py:149} INFO - [2023-07-03T18:17:30.857+0000] {dag.py:3490} INFO - Setting next_dagrun for example_xcom_args_with_operators to None, run_after=None
[2023-07-03T18:17:30.874+0000] {processor.py:179} INFO - Processing /home/airflow/.local/lib/python3.7/site-packages/airflow/example_dags/example_xcomargs.py took 0.088 seconds
[2023-07-03T18:18:01.205+0000] {processor.py:157} INFO - Started process (PID=8402) to work on /home/airflow/.local/lib/python3.7/site-packages/airflow/example_dags/example_xcomargs.py
[2023-07-03T18:18:01.207+0000] {processor.py:826} INFO - Processing file /home/airflow/.local/lib/python3.7/site-packages/airflow/example_dags/example_xcomargs.py for tasks to queue
[2023-07-03T18:18:01.208+0000] {logging_mixin.py:149} INFO - [2023-07-03T18:18:01.207+0000] {dagbag.py:541} INFO - Filling up the DagBag from /home/airflow/.local/lib/python3.7/site-packages/airflow/example_dags/example_xcomargs.py
[2023-07-03T18:18:01.215+0000] {processor.py:836} INFO - DAG(s) dict_keys(['example_xcom_args_with_operators', 'example_xcom_args']) retrieved from /home/airflow/.local/lib/python3.7/site-packages/airflow/example_dags/example_xcomargs.py
[2023-07-03T18:18:01.242+0000] {logging_mixin.py:149} INFO - [2023-07-03T18:18:01.242+0000] {dag.py:2726} INFO - Sync 2 DAGs
[2023-07-03T18:18:01.267+0000] {logging_mixin.py:149} INFO - [2023-07-03T18:18:01.267+0000] {dag.py:3490} INFO - Setting next_dagrun for example_xcom_args to None, run_after=None
[2023-07-03T18:18:01.271+0000] {logging_mixin.py:149} INFO - [2023-07-03T18:18:01.271+0000] {dag.py:3490} INFO - Setting next_dagrun for example_xcom_args_with_operators to None, run_after=None
[2023-07-03T18:18:01.291+0000] {processor.py:179} INFO - Processing /home/airflow/.local/lib/python3.7/site-packages/airflow/example_dags/example_xcomargs.py took 0.089 seconds
[2023-07-03T18:18:31.795+0000] {processor.py:157} INFO - Started process (PID=8651) to work on /home/airflow/.local/lib/python3.7/site-packages/airflow/example_dags/example_xcomargs.py
[2023-07-03T18:18:31.796+0000] {processor.py:826} INFO - Processing file /home/airflow/.local/lib/python3.7/site-packages/airflow/example_dags/example_xcomargs.py for tasks to queue
[2023-07-03T18:18:31.798+0000] {logging_mixin.py:149} INFO - [2023-07-03T18:18:31.797+0000] {dagbag.py:541} INFO - Filling up the DagBag from /home/airflow/.local/lib/python3.7/site-packages/airflow/example_dags/example_xcomargs.py
[2023-07-03T18:18:31.805+0000] {processor.py:836} INFO - DAG(s) dict_keys(['example_xcom_args', 'example_xcom_args_with_operators']) retrieved from /home/airflow/.local/lib/python3.7/site-packages/airflow/example_dags/example_xcomargs.py
[2023-07-03T18:18:31.832+0000] {logging_mixin.py:149} INFO - [2023-07-03T18:18:31.832+0000] {dag.py:2726} INFO - Sync 2 DAGs
[2023-07-03T18:18:31.865+0000] {logging_mixin.py:149} INFO - [2023-07-03T18:18:31.865+0000] {dag.py:3490} INFO - Setting next_dagrun for example_xcom_args to None, run_after=None
[2023-07-03T18:18:31.870+0000] {logging_mixin.py:149} INFO - [2023-07-03T18:18:31.870+0000] {dag.py:3490} INFO - Setting next_dagrun for example_xcom_args_with_operators to None, run_after=None
[2023-07-03T18:18:31.889+0000] {processor.py:179} INFO - Processing /home/airflow/.local/lib/python3.7/site-packages/airflow/example_dags/example_xcomargs.py took 0.097 seconds
[2023-07-03T18:19:02.073+0000] {processor.py:157} INFO - Started process (PID=8900) to work on /home/airflow/.local/lib/python3.7/site-packages/airflow/example_dags/example_xcomargs.py
[2023-07-03T18:19:02.075+0000] {processor.py:826} INFO - Processing file /home/airflow/.local/lib/python3.7/site-packages/airflow/example_dags/example_xcomargs.py for tasks to queue
[2023-07-03T18:19:02.080+0000] {logging_mixin.py:149} INFO - [2023-07-03T18:19:02.077+0000] {dagbag.py:541} INFO - Filling up the DagBag from /home/airflow/.local/lib/python3.7/site-packages/airflow/example_dags/example_xcomargs.py
[2023-07-03T18:19:02.094+0000] {processor.py:836} INFO - DAG(s) dict_keys(['example_xcom_args', 'example_xcom_args_with_operators']) retrieved from /home/airflow/.local/lib/python3.7/site-packages/airflow/example_dags/example_xcomargs.py
[2023-07-03T18:19:02.123+0000] {logging_mixin.py:149} INFO - [2023-07-03T18:19:02.123+0000] {dag.py:2726} INFO - Sync 2 DAGs
[2023-07-03T18:19:02.148+0000] {logging_mixin.py:149} INFO - [2023-07-03T18:19:02.148+0000] {dag.py:3490} INFO - Setting next_dagrun for example_xcom_args to None, run_after=None
[2023-07-03T18:19:02.151+0000] {logging_mixin.py:149} INFO - [2023-07-03T18:19:02.151+0000] {dag.py:3490} INFO - Setting next_dagrun for example_xcom_args_with_operators to None, run_after=None
[2023-07-03T18:19:02.170+0000] {processor.py:179} INFO - Processing /home/airflow/.local/lib/python3.7/site-packages/airflow/example_dags/example_xcomargs.py took 0.101 seconds
[2023-07-03T18:19:32.291+0000] {processor.py:157} INFO - Started process (PID=9149) to work on /home/airflow/.local/lib/python3.7/site-packages/airflow/example_dags/example_xcomargs.py
[2023-07-03T18:19:32.293+0000] {processor.py:826} INFO - Processing file /home/airflow/.local/lib/python3.7/site-packages/airflow/example_dags/example_xcomargs.py for tasks to queue
[2023-07-03T18:19:32.294+0000] {logging_mixin.py:149} INFO - [2023-07-03T18:19:32.293+0000] {dagbag.py:541} INFO - Filling up the DagBag from /home/airflow/.local/lib/python3.7/site-packages/airflow/example_dags/example_xcomargs.py
[2023-07-03T18:19:32.302+0000] {processor.py:836} INFO - DAG(s) dict_keys(['example_xcom_args', 'example_xcom_args_with_operators']) retrieved from /home/airflow/.local/lib/python3.7/site-packages/airflow/example_dags/example_xcomargs.py
[2023-07-03T18:19:32.329+0000] {logging_mixin.py:149} INFO - [2023-07-03T18:19:32.329+0000] {dag.py:2726} INFO - Sync 2 DAGs
[2023-07-03T18:19:32.354+0000] {logging_mixin.py:149} INFO - [2023-07-03T18:19:32.354+0000] {dag.py:3490} INFO - Setting next_dagrun for example_xcom_args to None, run_after=None
[2023-07-03T18:19:32.358+0000] {logging_mixin.py:149} INFO - [2023-07-03T18:19:32.357+0000] {dag.py:3490} INFO - Setting next_dagrun for example_xcom_args_with_operators to None, run_after=None
[2023-07-03T18:19:32.374+0000] {processor.py:179} INFO - Processing /home/airflow/.local/lib/python3.7/site-packages/airflow/example_dags/example_xcomargs.py took 0.085 seconds
[2023-07-03T18:20:02.866+0000] {processor.py:157} INFO - Started process (PID=9399) to work on /home/airflow/.local/lib/python3.7/site-packages/airflow/example_dags/example_xcomargs.py
[2023-07-03T18:20:02.867+0000] {processor.py:826} INFO - Processing file /home/airflow/.local/lib/python3.7/site-packages/airflow/example_dags/example_xcomargs.py for tasks to queue
[2023-07-03T18:20:02.868+0000] {logging_mixin.py:149} INFO - [2023-07-03T18:20:02.868+0000] {dagbag.py:541} INFO - Filling up the DagBag from /home/airflow/.local/lib/python3.7/site-packages/airflow/example_dags/example_xcomargs.py
[2023-07-03T18:20:02.876+0000] {processor.py:836} INFO - DAG(s) dict_keys(['example_xcom_args', 'example_xcom_args_with_operators']) retrieved from /home/airflow/.local/lib/python3.7/site-packages/airflow/example_dags/example_xcomargs.py
[2023-07-03T18:20:02.908+0000] {logging_mixin.py:149} INFO - [2023-07-03T18:20:02.907+0000] {dag.py:2726} INFO - Sync 2 DAGs
[2023-07-03T18:20:02.934+0000] {logging_mixin.py:149} INFO - [2023-07-03T18:20:02.934+0000] {dag.py:3490} INFO - Setting next_dagrun for example_xcom_args to None, run_after=None
[2023-07-03T18:20:02.940+0000] {logging_mixin.py:149} INFO - [2023-07-03T18:20:02.939+0000] {dag.py:3490} INFO - Setting next_dagrun for example_xcom_args_with_operators to None, run_after=None
[2023-07-03T18:20:02.959+0000] {processor.py:179} INFO - Processing /home/airflow/.local/lib/python3.7/site-packages/airflow/example_dags/example_xcomargs.py took 0.096 seconds
