[2023-07-03T18:01:17.450+0000] {processor.py:157} INFO - Started process (PID=324) to work on /home/airflow/.local/lib/python3.7/site-packages/airflow/example_dags/example_dynamic_task_mapping_with_no_taskflow_operators.py
[2023-07-03T18:01:17.451+0000] {processor.py:826} INFO - Processing file /home/airflow/.local/lib/python3.7/site-packages/airflow/example_dags/example_dynamic_task_mapping_with_no_taskflow_operators.py for tasks to queue
[2023-07-03T18:01:17.452+0000] {logging_mixin.py:149} INFO - [2023-07-03T18:01:17.452+0000] {dagbag.py:541} INFO - Filling up the DagBag from /home/airflow/.local/lib/python3.7/site-packages/airflow/example_dags/example_dynamic_task_mapping_with_no_taskflow_operators.py
[2023-07-03T18:01:17.460+0000] {processor.py:836} INFO - DAG(s) dict_keys(['example_dynamic_task_mapping_with_no_taskflow_operators']) retrieved from /home/airflow/.local/lib/python3.7/site-packages/airflow/example_dags/example_dynamic_task_mapping_with_no_taskflow_operators.py
[2023-07-03T18:01:17.472+0000] {logging_mixin.py:149} INFO - [2023-07-03T18:01:17.472+0000] {dag.py:2726} INFO - Sync 1 DAGs
[2023-07-03T18:01:17.495+0000] {logging_mixin.py:149} INFO - [2023-07-03T18:01:17.495+0000] {dag.py:3490} INFO - Setting next_dagrun for example_dynamic_task_mapping_with_no_taskflow_operators to 2023-07-02T18:01:17.495093+00:00, run_after=2023-07-03T18:01:17.495093+00:00
[2023-07-03T18:01:17.514+0000] {processor.py:179} INFO - Processing /home/airflow/.local/lib/python3.7/site-packages/airflow/example_dags/example_dynamic_task_mapping_with_no_taskflow_operators.py took 0.067 seconds
[2023-07-03T18:01:47.666+0000] {processor.py:157} INFO - Started process (PID=571) to work on /home/airflow/.local/lib/python3.7/site-packages/airflow/example_dags/example_dynamic_task_mapping_with_no_taskflow_operators.py
[2023-07-03T18:01:47.667+0000] {processor.py:826} INFO - Processing file /home/airflow/.local/lib/python3.7/site-packages/airflow/example_dags/example_dynamic_task_mapping_with_no_taskflow_operators.py for tasks to queue
[2023-07-03T18:01:47.668+0000] {logging_mixin.py:149} INFO - [2023-07-03T18:01:47.668+0000] {dagbag.py:541} INFO - Filling up the DagBag from /home/airflow/.local/lib/python3.7/site-packages/airflow/example_dags/example_dynamic_task_mapping_with_no_taskflow_operators.py
[2023-07-03T18:01:47.675+0000] {processor.py:836} INFO - DAG(s) dict_keys(['example_dynamic_task_mapping_with_no_taskflow_operators']) retrieved from /home/airflow/.local/lib/python3.7/site-packages/airflow/example_dags/example_dynamic_task_mapping_with_no_taskflow_operators.py
[2023-07-03T18:01:47.697+0000] {logging_mixin.py:149} INFO - [2023-07-03T18:01:47.697+0000] {dag.py:2726} INFO - Sync 1 DAGs
[2023-07-03T18:01:47.718+0000] {logging_mixin.py:149} INFO - [2023-07-03T18:01:47.718+0000] {dag.py:3490} INFO - Setting next_dagrun for example_dynamic_task_mapping_with_no_taskflow_operators to 2023-07-02T18:01:47.718491+00:00, run_after=2023-07-03T18:01:47.718491+00:00
[2023-07-03T18:01:47.736+0000] {processor.py:179} INFO - Processing /home/airflow/.local/lib/python3.7/site-packages/airflow/example_dags/example_dynamic_task_mapping_with_no_taskflow_operators.py took 0.073 seconds
[2023-07-03T18:02:18.720+0000] {processor.py:157} INFO - Started process (PID=823) to work on /home/airflow/.local/lib/python3.7/site-packages/airflow/example_dags/example_dynamic_task_mapping_with_no_taskflow_operators.py
[2023-07-03T18:02:18.721+0000] {processor.py:826} INFO - Processing file /home/airflow/.local/lib/python3.7/site-packages/airflow/example_dags/example_dynamic_task_mapping_with_no_taskflow_operators.py for tasks to queue
[2023-07-03T18:02:18.722+0000] {logging_mixin.py:149} INFO - [2023-07-03T18:02:18.722+0000] {dagbag.py:541} INFO - Filling up the DagBag from /home/airflow/.local/lib/python3.7/site-packages/airflow/example_dags/example_dynamic_task_mapping_with_no_taskflow_operators.py
[2023-07-03T18:02:18.727+0000] {processor.py:836} INFO - DAG(s) dict_keys(['example_dynamic_task_mapping_with_no_taskflow_operators']) retrieved from /home/airflow/.local/lib/python3.7/site-packages/airflow/example_dags/example_dynamic_task_mapping_with_no_taskflow_operators.py
[2023-07-03T18:02:18.746+0000] {logging_mixin.py:149} INFO - [2023-07-03T18:02:18.746+0000] {dag.py:2726} INFO - Sync 1 DAGs
[2023-07-03T18:02:18.774+0000] {logging_mixin.py:149} INFO - [2023-07-03T18:02:18.774+0000] {dag.py:3490} INFO - Setting next_dagrun for example_dynamic_task_mapping_with_no_taskflow_operators to 2023-07-02T18:02:18.774369+00:00, run_after=2023-07-03T18:02:18.774369+00:00
[2023-07-03T18:02:18.797+0000] {processor.py:179} INFO - Processing /home/airflow/.local/lib/python3.7/site-packages/airflow/example_dags/example_dynamic_task_mapping_with_no_taskflow_operators.py took 0.080 seconds
[2023-07-03T18:02:49.041+0000] {processor.py:157} INFO - Started process (PID=1072) to work on /home/airflow/.local/lib/python3.7/site-packages/airflow/example_dags/example_dynamic_task_mapping_with_no_taskflow_operators.py
[2023-07-03T18:02:49.042+0000] {processor.py:826} INFO - Processing file /home/airflow/.local/lib/python3.7/site-packages/airflow/example_dags/example_dynamic_task_mapping_with_no_taskflow_operators.py for tasks to queue
[2023-07-03T18:02:49.043+0000] {logging_mixin.py:149} INFO - [2023-07-03T18:02:49.042+0000] {dagbag.py:541} INFO - Filling up the DagBag from /home/airflow/.local/lib/python3.7/site-packages/airflow/example_dags/example_dynamic_task_mapping_with_no_taskflow_operators.py
[2023-07-03T18:02:49.048+0000] {processor.py:836} INFO - DAG(s) dict_keys(['example_dynamic_task_mapping_with_no_taskflow_operators']) retrieved from /home/airflow/.local/lib/python3.7/site-packages/airflow/example_dags/example_dynamic_task_mapping_with_no_taskflow_operators.py
[2023-07-03T18:02:49.066+0000] {logging_mixin.py:149} INFO - [2023-07-03T18:02:49.066+0000] {dag.py:2726} INFO - Sync 1 DAGs
[2023-07-03T18:02:49.086+0000] {logging_mixin.py:149} INFO - [2023-07-03T18:02:49.085+0000] {dag.py:3490} INFO - Setting next_dagrun for example_dynamic_task_mapping_with_no_taskflow_operators to 2023-07-02T18:02:49.085780+00:00, run_after=2023-07-03T18:02:49.085780+00:00
[2023-07-03T18:02:49.102+0000] {processor.py:179} INFO - Processing /home/airflow/.local/lib/python3.7/site-packages/airflow/example_dags/example_dynamic_task_mapping_with_no_taskflow_operators.py took 0.064 seconds
[2023-07-03T18:03:19.864+0000] {processor.py:157} INFO - Started process (PID=1319) to work on /home/airflow/.local/lib/python3.7/site-packages/airflow/example_dags/example_dynamic_task_mapping_with_no_taskflow_operators.py
[2023-07-03T18:03:19.865+0000] {processor.py:826} INFO - Processing file /home/airflow/.local/lib/python3.7/site-packages/airflow/example_dags/example_dynamic_task_mapping_with_no_taskflow_operators.py for tasks to queue
[2023-07-03T18:03:19.866+0000] {logging_mixin.py:149} INFO - [2023-07-03T18:03:19.866+0000] {dagbag.py:541} INFO - Filling up the DagBag from /home/airflow/.local/lib/python3.7/site-packages/airflow/example_dags/example_dynamic_task_mapping_with_no_taskflow_operators.py
[2023-07-03T18:03:19.872+0000] {processor.py:836} INFO - DAG(s) dict_keys(['example_dynamic_task_mapping_with_no_taskflow_operators']) retrieved from /home/airflow/.local/lib/python3.7/site-packages/airflow/example_dags/example_dynamic_task_mapping_with_no_taskflow_operators.py
[2023-07-03T18:03:19.892+0000] {logging_mixin.py:149} INFO - [2023-07-03T18:03:19.892+0000] {dag.py:2726} INFO - Sync 1 DAGs
[2023-07-03T18:03:19.914+0000] {logging_mixin.py:149} INFO - [2023-07-03T18:03:19.914+0000] {dag.py:3490} INFO - Setting next_dagrun for example_dynamic_task_mapping_with_no_taskflow_operators to 2023-07-02T18:03:19.914567+00:00, run_after=2023-07-03T18:03:19.914567+00:00
[2023-07-03T18:03:19.932+0000] {processor.py:179} INFO - Processing /home/airflow/.local/lib/python3.7/site-packages/airflow/example_dags/example_dynamic_task_mapping_with_no_taskflow_operators.py took 0.071 seconds
[2023-07-03T18:03:50.503+0000] {processor.py:157} INFO - Started process (PID=1568) to work on /home/airflow/.local/lib/python3.7/site-packages/airflow/example_dags/example_dynamic_task_mapping_with_no_taskflow_operators.py
[2023-07-03T18:03:50.504+0000] {processor.py:826} INFO - Processing file /home/airflow/.local/lib/python3.7/site-packages/airflow/example_dags/example_dynamic_task_mapping_with_no_taskflow_operators.py for tasks to queue
[2023-07-03T18:03:50.505+0000] {logging_mixin.py:149} INFO - [2023-07-03T18:03:50.505+0000] {dagbag.py:541} INFO - Filling up the DagBag from /home/airflow/.local/lib/python3.7/site-packages/airflow/example_dags/example_dynamic_task_mapping_with_no_taskflow_operators.py
[2023-07-03T18:03:50.511+0000] {processor.py:836} INFO - DAG(s) dict_keys(['example_dynamic_task_mapping_with_no_taskflow_operators']) retrieved from /home/airflow/.local/lib/python3.7/site-packages/airflow/example_dags/example_dynamic_task_mapping_with_no_taskflow_operators.py
[2023-07-03T18:03:50.532+0000] {logging_mixin.py:149} INFO - [2023-07-03T18:03:50.532+0000] {dag.py:2726} INFO - Sync 1 DAGs
[2023-07-03T18:03:50.553+0000] {logging_mixin.py:149} INFO - [2023-07-03T18:03:50.553+0000] {dag.py:3490} INFO - Setting next_dagrun for example_dynamic_task_mapping_with_no_taskflow_operators to 2023-07-02T18:03:50.553669+00:00, run_after=2023-07-03T18:03:50.553669+00:00
[2023-07-03T18:03:50.571+0000] {processor.py:179} INFO - Processing /home/airflow/.local/lib/python3.7/site-packages/airflow/example_dags/example_dynamic_task_mapping_with_no_taskflow_operators.py took 0.070 seconds
[2023-07-03T18:04:21.218+0000] {processor.py:157} INFO - Started process (PID=1817) to work on /home/airflow/.local/lib/python3.7/site-packages/airflow/example_dags/example_dynamic_task_mapping_with_no_taskflow_operators.py
[2023-07-03T18:04:21.219+0000] {processor.py:826} INFO - Processing file /home/airflow/.local/lib/python3.7/site-packages/airflow/example_dags/example_dynamic_task_mapping_with_no_taskflow_operators.py for tasks to queue
[2023-07-03T18:04:21.220+0000] {logging_mixin.py:149} INFO - [2023-07-03T18:04:21.220+0000] {dagbag.py:541} INFO - Filling up the DagBag from /home/airflow/.local/lib/python3.7/site-packages/airflow/example_dags/example_dynamic_task_mapping_with_no_taskflow_operators.py
[2023-07-03T18:04:21.226+0000] {processor.py:836} INFO - DAG(s) dict_keys(['example_dynamic_task_mapping_with_no_taskflow_operators']) retrieved from /home/airflow/.local/lib/python3.7/site-packages/airflow/example_dags/example_dynamic_task_mapping_with_no_taskflow_operators.py
[2023-07-03T18:04:21.245+0000] {logging_mixin.py:149} INFO - [2023-07-03T18:04:21.245+0000] {dag.py:2726} INFO - Sync 1 DAGs
[2023-07-03T18:04:21.268+0000] {logging_mixin.py:149} INFO - [2023-07-03T18:04:21.268+0000] {dag.py:3490} INFO - Setting next_dagrun for example_dynamic_task_mapping_with_no_taskflow_operators to 2023-07-02T18:04:21.267918+00:00, run_after=2023-07-03T18:04:21.267918+00:00
[2023-07-03T18:04:21.286+0000] {processor.py:179} INFO - Processing /home/airflow/.local/lib/python3.7/site-packages/airflow/example_dags/example_dynamic_task_mapping_with_no_taskflow_operators.py took 0.071 seconds
[2023-07-03T18:04:51.807+0000] {processor.py:157} INFO - Started process (PID=2066) to work on /home/airflow/.local/lib/python3.7/site-packages/airflow/example_dags/example_dynamic_task_mapping_with_no_taskflow_operators.py
[2023-07-03T18:04:51.808+0000] {processor.py:826} INFO - Processing file /home/airflow/.local/lib/python3.7/site-packages/airflow/example_dags/example_dynamic_task_mapping_with_no_taskflow_operators.py for tasks to queue
[2023-07-03T18:04:51.809+0000] {logging_mixin.py:149} INFO - [2023-07-03T18:04:51.808+0000] {dagbag.py:541} INFO - Filling up the DagBag from /home/airflow/.local/lib/python3.7/site-packages/airflow/example_dags/example_dynamic_task_mapping_with_no_taskflow_operators.py
[2023-07-03T18:04:51.815+0000] {processor.py:836} INFO - DAG(s) dict_keys(['example_dynamic_task_mapping_with_no_taskflow_operators']) retrieved from /home/airflow/.local/lib/python3.7/site-packages/airflow/example_dags/example_dynamic_task_mapping_with_no_taskflow_operators.py
[2023-07-03T18:04:51.835+0000] {logging_mixin.py:149} INFO - [2023-07-03T18:04:51.835+0000] {dag.py:2726} INFO - Sync 1 DAGs
[2023-07-03T18:04:51.857+0000] {logging_mixin.py:149} INFO - [2023-07-03T18:04:51.857+0000] {dag.py:3490} INFO - Setting next_dagrun for example_dynamic_task_mapping_with_no_taskflow_operators to 2023-07-02T18:04:51.856924+00:00, run_after=2023-07-03T18:04:51.856924+00:00
[2023-07-03T18:04:51.874+0000] {processor.py:179} INFO - Processing /home/airflow/.local/lib/python3.7/site-packages/airflow/example_dags/example_dynamic_task_mapping_with_no_taskflow_operators.py took 0.070 seconds
[2023-07-03T18:05:22.533+0000] {processor.py:157} INFO - Started process (PID=2315) to work on /home/airflow/.local/lib/python3.7/site-packages/airflow/example_dags/example_dynamic_task_mapping_with_no_taskflow_operators.py
[2023-07-03T18:05:22.534+0000] {processor.py:826} INFO - Processing file /home/airflow/.local/lib/python3.7/site-packages/airflow/example_dags/example_dynamic_task_mapping_with_no_taskflow_operators.py for tasks to queue
[2023-07-03T18:05:22.535+0000] {logging_mixin.py:149} INFO - [2023-07-03T18:05:22.535+0000] {dagbag.py:541} INFO - Filling up the DagBag from /home/airflow/.local/lib/python3.7/site-packages/airflow/example_dags/example_dynamic_task_mapping_with_no_taskflow_operators.py
[2023-07-03T18:05:22.541+0000] {processor.py:836} INFO - DAG(s) dict_keys(['example_dynamic_task_mapping_with_no_taskflow_operators']) retrieved from /home/airflow/.local/lib/python3.7/site-packages/airflow/example_dags/example_dynamic_task_mapping_with_no_taskflow_operators.py
[2023-07-03T18:05:22.562+0000] {logging_mixin.py:149} INFO - [2023-07-03T18:05:22.562+0000] {dag.py:2726} INFO - Sync 1 DAGs
[2023-07-03T18:05:22.585+0000] {logging_mixin.py:149} INFO - [2023-07-03T18:05:22.585+0000] {dag.py:3490} INFO - Setting next_dagrun for example_dynamic_task_mapping_with_no_taskflow_operators to 2023-07-02T18:05:22.585384+00:00, run_after=2023-07-03T18:05:22.585384+00:00
[2023-07-03T18:05:22.606+0000] {processor.py:179} INFO - Processing /home/airflow/.local/lib/python3.7/site-packages/airflow/example_dags/example_dynamic_task_mapping_with_no_taskflow_operators.py took 0.076 seconds
[2023-07-03T18:05:53.255+0000] {processor.py:157} INFO - Started process (PID=2564) to work on /home/airflow/.local/lib/python3.7/site-packages/airflow/example_dags/example_dynamic_task_mapping_with_no_taskflow_operators.py
[2023-07-03T18:05:53.256+0000] {processor.py:826} INFO - Processing file /home/airflow/.local/lib/python3.7/site-packages/airflow/example_dags/example_dynamic_task_mapping_with_no_taskflow_operators.py for tasks to queue
[2023-07-03T18:05:53.257+0000] {logging_mixin.py:149} INFO - [2023-07-03T18:05:53.257+0000] {dagbag.py:541} INFO - Filling up the DagBag from /home/airflow/.local/lib/python3.7/site-packages/airflow/example_dags/example_dynamic_task_mapping_with_no_taskflow_operators.py
[2023-07-03T18:05:53.263+0000] {processor.py:836} INFO - DAG(s) dict_keys(['example_dynamic_task_mapping_with_no_taskflow_operators']) retrieved from /home/airflow/.local/lib/python3.7/site-packages/airflow/example_dags/example_dynamic_task_mapping_with_no_taskflow_operators.py
[2023-07-03T18:05:53.282+0000] {logging_mixin.py:149} INFO - [2023-07-03T18:05:53.282+0000] {dag.py:2726} INFO - Sync 1 DAGs
[2023-07-03T18:05:53.306+0000] {logging_mixin.py:149} INFO - [2023-07-03T18:05:53.306+0000] {dag.py:3490} INFO - Setting next_dagrun for example_dynamic_task_mapping_with_no_taskflow_operators to 2023-07-02T18:05:53.306073+00:00, run_after=2023-07-03T18:05:53.306073+00:00
[2023-07-03T18:05:53.324+0000] {processor.py:179} INFO - Processing /home/airflow/.local/lib/python3.7/site-packages/airflow/example_dags/example_dynamic_task_mapping_with_no_taskflow_operators.py took 0.071 seconds
[2023-07-03T18:06:23.841+0000] {processor.py:157} INFO - Started process (PID=2813) to work on /home/airflow/.local/lib/python3.7/site-packages/airflow/example_dags/example_dynamic_task_mapping_with_no_taskflow_operators.py
[2023-07-03T18:06:23.842+0000] {processor.py:826} INFO - Processing file /home/airflow/.local/lib/python3.7/site-packages/airflow/example_dags/example_dynamic_task_mapping_with_no_taskflow_operators.py for tasks to queue
[2023-07-03T18:06:23.843+0000] {logging_mixin.py:149} INFO - [2023-07-03T18:06:23.843+0000] {dagbag.py:541} INFO - Filling up the DagBag from /home/airflow/.local/lib/python3.7/site-packages/airflow/example_dags/example_dynamic_task_mapping_with_no_taskflow_operators.py
[2023-07-03T18:06:23.851+0000] {processor.py:836} INFO - DAG(s) dict_keys(['example_dynamic_task_mapping_with_no_taskflow_operators']) retrieved from /home/airflow/.local/lib/python3.7/site-packages/airflow/example_dags/example_dynamic_task_mapping_with_no_taskflow_operators.py
[2023-07-03T18:06:23.873+0000] {logging_mixin.py:149} INFO - [2023-07-03T18:06:23.872+0000] {dag.py:2726} INFO - Sync 1 DAGs
[2023-07-03T18:06:23.897+0000] {logging_mixin.py:149} INFO - [2023-07-03T18:06:23.897+0000] {dag.py:3490} INFO - Setting next_dagrun for example_dynamic_task_mapping_with_no_taskflow_operators to 2023-07-02T18:06:23.897266+00:00, run_after=2023-07-03T18:06:23.897266+00:00
[2023-07-03T18:06:23.914+0000] {processor.py:179} INFO - Processing /home/airflow/.local/lib/python3.7/site-packages/airflow/example_dags/example_dynamic_task_mapping_with_no_taskflow_operators.py took 0.077 seconds
[2023-07-03T18:06:54.601+0000] {processor.py:157} INFO - Started process (PID=3062) to work on /home/airflow/.local/lib/python3.7/site-packages/airflow/example_dags/example_dynamic_task_mapping_with_no_taskflow_operators.py
[2023-07-03T18:06:54.602+0000] {processor.py:826} INFO - Processing file /home/airflow/.local/lib/python3.7/site-packages/airflow/example_dags/example_dynamic_task_mapping_with_no_taskflow_operators.py for tasks to queue
[2023-07-03T18:06:54.602+0000] {logging_mixin.py:149} INFO - [2023-07-03T18:06:54.602+0000] {dagbag.py:541} INFO - Filling up the DagBag from /home/airflow/.local/lib/python3.7/site-packages/airflow/example_dags/example_dynamic_task_mapping_with_no_taskflow_operators.py
[2023-07-03T18:06:54.608+0000] {processor.py:836} INFO - DAG(s) dict_keys(['example_dynamic_task_mapping_with_no_taskflow_operators']) retrieved from /home/airflow/.local/lib/python3.7/site-packages/airflow/example_dags/example_dynamic_task_mapping_with_no_taskflow_operators.py
[2023-07-03T18:06:54.630+0000] {logging_mixin.py:149} INFO - [2023-07-03T18:06:54.630+0000] {dag.py:2726} INFO - Sync 1 DAGs
[2023-07-03T18:06:54.654+0000] {logging_mixin.py:149} INFO - [2023-07-03T18:06:54.654+0000] {dag.py:3490} INFO - Setting next_dagrun for example_dynamic_task_mapping_with_no_taskflow_operators to 2023-07-02T18:06:54.654070+00:00, run_after=2023-07-03T18:06:54.654070+00:00
[2023-07-03T18:06:54.674+0000] {processor.py:179} INFO - Processing /home/airflow/.local/lib/python3.7/site-packages/airflow/example_dags/example_dynamic_task_mapping_with_no_taskflow_operators.py took 0.076 seconds
[2023-07-03T18:07:25.283+0000] {processor.py:157} INFO - Started process (PID=3311) to work on /home/airflow/.local/lib/python3.7/site-packages/airflow/example_dags/example_dynamic_task_mapping_with_no_taskflow_operators.py
[2023-07-03T18:07:25.284+0000] {processor.py:826} INFO - Processing file /home/airflow/.local/lib/python3.7/site-packages/airflow/example_dags/example_dynamic_task_mapping_with_no_taskflow_operators.py for tasks to queue
[2023-07-03T18:07:25.285+0000] {logging_mixin.py:149} INFO - [2023-07-03T18:07:25.285+0000] {dagbag.py:541} INFO - Filling up the DagBag from /home/airflow/.local/lib/python3.7/site-packages/airflow/example_dags/example_dynamic_task_mapping_with_no_taskflow_operators.py
[2023-07-03T18:07:25.291+0000] {processor.py:836} INFO - DAG(s) dict_keys(['example_dynamic_task_mapping_with_no_taskflow_operators']) retrieved from /home/airflow/.local/lib/python3.7/site-packages/airflow/example_dags/example_dynamic_task_mapping_with_no_taskflow_operators.py
[2023-07-03T18:07:25.314+0000] {logging_mixin.py:149} INFO - [2023-07-03T18:07:25.314+0000] {dag.py:2726} INFO - Sync 1 DAGs
[2023-07-03T18:07:25.336+0000] {logging_mixin.py:149} INFO - [2023-07-03T18:07:25.336+0000] {dag.py:3490} INFO - Setting next_dagrun for example_dynamic_task_mapping_with_no_taskflow_operators to 2023-07-02T18:07:25.335846+00:00, run_after=2023-07-03T18:07:25.335846+00:00
[2023-07-03T18:07:25.354+0000] {processor.py:179} INFO - Processing /home/airflow/.local/lib/python3.7/site-packages/airflow/example_dags/example_dynamic_task_mapping_with_no_taskflow_operators.py took 0.074 seconds
[2023-07-03T18:07:55.815+0000] {processor.py:157} INFO - Started process (PID=3561) to work on /home/airflow/.local/lib/python3.7/site-packages/airflow/example_dags/example_dynamic_task_mapping_with_no_taskflow_operators.py
[2023-07-03T18:07:55.816+0000] {processor.py:826} INFO - Processing file /home/airflow/.local/lib/python3.7/site-packages/airflow/example_dags/example_dynamic_task_mapping_with_no_taskflow_operators.py for tasks to queue
[2023-07-03T18:07:55.817+0000] {logging_mixin.py:149} INFO - [2023-07-03T18:07:55.817+0000] {dagbag.py:541} INFO - Filling up the DagBag from /home/airflow/.local/lib/python3.7/site-packages/airflow/example_dags/example_dynamic_task_mapping_with_no_taskflow_operators.py
[2023-07-03T18:07:55.823+0000] {processor.py:836} INFO - DAG(s) dict_keys(['example_dynamic_task_mapping_with_no_taskflow_operators']) retrieved from /home/airflow/.local/lib/python3.7/site-packages/airflow/example_dags/example_dynamic_task_mapping_with_no_taskflow_operators.py
[2023-07-03T18:07:55.844+0000] {logging_mixin.py:149} INFO - [2023-07-03T18:07:55.844+0000] {dag.py:2726} INFO - Sync 1 DAGs
[2023-07-03T18:07:55.866+0000] {logging_mixin.py:149} INFO - [2023-07-03T18:07:55.866+0000] {dag.py:3490} INFO - Setting next_dagrun for example_dynamic_task_mapping_with_no_taskflow_operators to 2023-07-02T18:07:55.866323+00:00, run_after=2023-07-03T18:07:55.866323+00:00
[2023-07-03T18:07:55.884+0000] {processor.py:179} INFO - Processing /home/airflow/.local/lib/python3.7/site-packages/airflow/example_dags/example_dynamic_task_mapping_with_no_taskflow_operators.py took 0.072 seconds
[2023-07-03T18:08:26.281+0000] {processor.py:157} INFO - Started process (PID=3810) to work on /home/airflow/.local/lib/python3.7/site-packages/airflow/example_dags/example_dynamic_task_mapping_with_no_taskflow_operators.py
[2023-07-03T18:08:26.282+0000] {processor.py:826} INFO - Processing file /home/airflow/.local/lib/python3.7/site-packages/airflow/example_dags/example_dynamic_task_mapping_with_no_taskflow_operators.py for tasks to queue
[2023-07-03T18:08:26.283+0000] {logging_mixin.py:149} INFO - [2023-07-03T18:08:26.282+0000] {dagbag.py:541} INFO - Filling up the DagBag from /home/airflow/.local/lib/python3.7/site-packages/airflow/example_dags/example_dynamic_task_mapping_with_no_taskflow_operators.py
[2023-07-03T18:08:26.289+0000] {processor.py:836} INFO - DAG(s) dict_keys(['example_dynamic_task_mapping_with_no_taskflow_operators']) retrieved from /home/airflow/.local/lib/python3.7/site-packages/airflow/example_dags/example_dynamic_task_mapping_with_no_taskflow_operators.py
[2023-07-03T18:08:26.311+0000] {logging_mixin.py:149} INFO - [2023-07-03T18:08:26.311+0000] {dag.py:2726} INFO - Sync 1 DAGs
[2023-07-03T18:08:26.334+0000] {logging_mixin.py:149} INFO - [2023-07-03T18:08:26.334+0000] {dag.py:3490} INFO - Setting next_dagrun for example_dynamic_task_mapping_with_no_taskflow_operators to 2023-07-02T18:08:26.334507+00:00, run_after=2023-07-03T18:08:26.334507+00:00
[2023-07-03T18:08:26.352+0000] {processor.py:179} INFO - Processing /home/airflow/.local/lib/python3.7/site-packages/airflow/example_dags/example_dynamic_task_mapping_with_no_taskflow_operators.py took 0.074 seconds
[2023-07-03T18:08:56.886+0000] {processor.py:157} INFO - Started process (PID=4059) to work on /home/airflow/.local/lib/python3.7/site-packages/airflow/example_dags/example_dynamic_task_mapping_with_no_taskflow_operators.py
[2023-07-03T18:08:56.887+0000] {processor.py:826} INFO - Processing file /home/airflow/.local/lib/python3.7/site-packages/airflow/example_dags/example_dynamic_task_mapping_with_no_taskflow_operators.py for tasks to queue
[2023-07-03T18:08:56.888+0000] {logging_mixin.py:149} INFO - [2023-07-03T18:08:56.888+0000] {dagbag.py:541} INFO - Filling up the DagBag from /home/airflow/.local/lib/python3.7/site-packages/airflow/example_dags/example_dynamic_task_mapping_with_no_taskflow_operators.py
[2023-07-03T18:08:56.893+0000] {processor.py:836} INFO - DAG(s) dict_keys(['example_dynamic_task_mapping_with_no_taskflow_operators']) retrieved from /home/airflow/.local/lib/python3.7/site-packages/airflow/example_dags/example_dynamic_task_mapping_with_no_taskflow_operators.py
[2023-07-03T18:08:56.914+0000] {logging_mixin.py:149} INFO - [2023-07-03T18:08:56.914+0000] {dag.py:2726} INFO - Sync 1 DAGs
[2023-07-03T18:08:56.937+0000] {logging_mixin.py:149} INFO - [2023-07-03T18:08:56.937+0000] {dag.py:3490} INFO - Setting next_dagrun for example_dynamic_task_mapping_with_no_taskflow_operators to 2023-07-02T18:08:56.936922+00:00, run_after=2023-07-03T18:08:56.936922+00:00
[2023-07-03T18:08:56.955+0000] {processor.py:179} INFO - Processing /home/airflow/.local/lib/python3.7/site-packages/airflow/example_dags/example_dynamic_task_mapping_with_no_taskflow_operators.py took 0.072 seconds
[2023-07-03T18:09:27.576+0000] {processor.py:157} INFO - Started process (PID=4308) to work on /home/airflow/.local/lib/python3.7/site-packages/airflow/example_dags/example_dynamic_task_mapping_with_no_taskflow_operators.py
[2023-07-03T18:09:27.577+0000] {processor.py:826} INFO - Processing file /home/airflow/.local/lib/python3.7/site-packages/airflow/example_dags/example_dynamic_task_mapping_with_no_taskflow_operators.py for tasks to queue
[2023-07-03T18:09:27.578+0000] {logging_mixin.py:149} INFO - [2023-07-03T18:09:27.578+0000] {dagbag.py:541} INFO - Filling up the DagBag from /home/airflow/.local/lib/python3.7/site-packages/airflow/example_dags/example_dynamic_task_mapping_with_no_taskflow_operators.py
[2023-07-03T18:09:27.585+0000] {processor.py:836} INFO - DAG(s) dict_keys(['example_dynamic_task_mapping_with_no_taskflow_operators']) retrieved from /home/airflow/.local/lib/python3.7/site-packages/airflow/example_dags/example_dynamic_task_mapping_with_no_taskflow_operators.py
[2023-07-03T18:09:27.607+0000] {logging_mixin.py:149} INFO - [2023-07-03T18:09:27.607+0000] {dag.py:2726} INFO - Sync 1 DAGs
[2023-07-03T18:09:27.632+0000] {logging_mixin.py:149} INFO - [2023-07-03T18:09:27.632+0000] {dag.py:3490} INFO - Setting next_dagrun for example_dynamic_task_mapping_with_no_taskflow_operators to 2023-07-02T18:09:27.631814+00:00, run_after=2023-07-03T18:09:27.631814+00:00
[2023-07-03T18:09:27.650+0000] {processor.py:179} INFO - Processing /home/airflow/.local/lib/python3.7/site-packages/airflow/example_dags/example_dynamic_task_mapping_with_no_taskflow_operators.py took 0.077 seconds
[2023-07-03T18:09:58.407+0000] {processor.py:157} INFO - Started process (PID=4557) to work on /home/airflow/.local/lib/python3.7/site-packages/airflow/example_dags/example_dynamic_task_mapping_with_no_taskflow_operators.py
[2023-07-03T18:09:58.408+0000] {processor.py:826} INFO - Processing file /home/airflow/.local/lib/python3.7/site-packages/airflow/example_dags/example_dynamic_task_mapping_with_no_taskflow_operators.py for tasks to queue
[2023-07-03T18:09:58.409+0000] {logging_mixin.py:149} INFO - [2023-07-03T18:09:58.409+0000] {dagbag.py:541} INFO - Filling up the DagBag from /home/airflow/.local/lib/python3.7/site-packages/airflow/example_dags/example_dynamic_task_mapping_with_no_taskflow_operators.py
[2023-07-03T18:09:58.415+0000] {processor.py:836} INFO - DAG(s) dict_keys(['example_dynamic_task_mapping_with_no_taskflow_operators']) retrieved from /home/airflow/.local/lib/python3.7/site-packages/airflow/example_dags/example_dynamic_task_mapping_with_no_taskflow_operators.py
[2023-07-03T18:09:58.436+0000] {logging_mixin.py:149} INFO - [2023-07-03T18:09:58.436+0000] {dag.py:2726} INFO - Sync 1 DAGs
[2023-07-03T18:09:58.462+0000] {logging_mixin.py:149} INFO - [2023-07-03T18:09:58.462+0000] {dag.py:3490} INFO - Setting next_dagrun for example_dynamic_task_mapping_with_no_taskflow_operators to 2023-07-02T18:09:58.462043+00:00, run_after=2023-07-03T18:09:58.462043+00:00
[2023-07-03T18:09:58.482+0000] {processor.py:179} INFO - Processing /home/airflow/.local/lib/python3.7/site-packages/airflow/example_dags/example_dynamic_task_mapping_with_no_taskflow_operators.py took 0.078 seconds
[2023-07-03T18:10:28.580+0000] {processor.py:157} INFO - Started process (PID=4806) to work on /home/airflow/.local/lib/python3.7/site-packages/airflow/example_dags/example_dynamic_task_mapping_with_no_taskflow_operators.py
[2023-07-03T18:10:28.581+0000] {processor.py:826} INFO - Processing file /home/airflow/.local/lib/python3.7/site-packages/airflow/example_dags/example_dynamic_task_mapping_with_no_taskflow_operators.py for tasks to queue
[2023-07-03T18:10:28.582+0000] {logging_mixin.py:149} INFO - [2023-07-03T18:10:28.582+0000] {dagbag.py:541} INFO - Filling up the DagBag from /home/airflow/.local/lib/python3.7/site-packages/airflow/example_dags/example_dynamic_task_mapping_with_no_taskflow_operators.py
[2023-07-03T18:10:28.588+0000] {processor.py:836} INFO - DAG(s) dict_keys(['example_dynamic_task_mapping_with_no_taskflow_operators']) retrieved from /home/airflow/.local/lib/python3.7/site-packages/airflow/example_dags/example_dynamic_task_mapping_with_no_taskflow_operators.py
[2023-07-03T18:10:28.607+0000] {logging_mixin.py:149} INFO - [2023-07-03T18:10:28.607+0000] {dag.py:2726} INFO - Sync 1 DAGs
[2023-07-03T18:10:28.629+0000] {logging_mixin.py:149} INFO - [2023-07-03T18:10:28.629+0000] {dag.py:3490} INFO - Setting next_dagrun for example_dynamic_task_mapping_with_no_taskflow_operators to 2023-07-02T18:10:28.629280+00:00, run_after=2023-07-03T18:10:28.629280+00:00
[2023-07-03T18:10:28.648+0000] {processor.py:179} INFO - Processing /home/airflow/.local/lib/python3.7/site-packages/airflow/example_dags/example_dynamic_task_mapping_with_no_taskflow_operators.py took 0.070 seconds
[2023-07-03T18:10:58.839+0000] {processor.py:157} INFO - Started process (PID=5055) to work on /home/airflow/.local/lib/python3.7/site-packages/airflow/example_dags/example_dynamic_task_mapping_with_no_taskflow_operators.py
[2023-07-03T18:10:58.840+0000] {processor.py:826} INFO - Processing file /home/airflow/.local/lib/python3.7/site-packages/airflow/example_dags/example_dynamic_task_mapping_with_no_taskflow_operators.py for tasks to queue
[2023-07-03T18:10:58.840+0000] {logging_mixin.py:149} INFO - [2023-07-03T18:10:58.840+0000] {dagbag.py:541} INFO - Filling up the DagBag from /home/airflow/.local/lib/python3.7/site-packages/airflow/example_dags/example_dynamic_task_mapping_with_no_taskflow_operators.py
[2023-07-03T18:10:58.846+0000] {processor.py:836} INFO - DAG(s) dict_keys(['example_dynamic_task_mapping_with_no_taskflow_operators']) retrieved from /home/airflow/.local/lib/python3.7/site-packages/airflow/example_dags/example_dynamic_task_mapping_with_no_taskflow_operators.py
[2023-07-03T18:10:58.865+0000] {logging_mixin.py:149} INFO - [2023-07-03T18:10:58.865+0000] {dag.py:2726} INFO - Sync 1 DAGs
[2023-07-03T18:10:58.891+0000] {logging_mixin.py:149} INFO - [2023-07-03T18:10:58.891+0000] {dag.py:3490} INFO - Setting next_dagrun for example_dynamic_task_mapping_with_no_taskflow_operators to 2023-07-02T18:10:58.891426+00:00, run_after=2023-07-03T18:10:58.891426+00:00
[2023-07-03T18:10:58.909+0000] {processor.py:179} INFO - Processing /home/airflow/.local/lib/python3.7/site-packages/airflow/example_dags/example_dynamic_task_mapping_with_no_taskflow_operators.py took 0.073 seconds
[2023-07-03T18:11:29.055+0000] {processor.py:157} INFO - Started process (PID=5304) to work on /home/airflow/.local/lib/python3.7/site-packages/airflow/example_dags/example_dynamic_task_mapping_with_no_taskflow_operators.py
[2023-07-03T18:11:29.056+0000] {processor.py:826} INFO - Processing file /home/airflow/.local/lib/python3.7/site-packages/airflow/example_dags/example_dynamic_task_mapping_with_no_taskflow_operators.py for tasks to queue
[2023-07-03T18:11:29.057+0000] {logging_mixin.py:149} INFO - [2023-07-03T18:11:29.057+0000] {dagbag.py:541} INFO - Filling up the DagBag from /home/airflow/.local/lib/python3.7/site-packages/airflow/example_dags/example_dynamic_task_mapping_with_no_taskflow_operators.py
[2023-07-03T18:11:29.063+0000] {processor.py:836} INFO - DAG(s) dict_keys(['example_dynamic_task_mapping_with_no_taskflow_operators']) retrieved from /home/airflow/.local/lib/python3.7/site-packages/airflow/example_dags/example_dynamic_task_mapping_with_no_taskflow_operators.py
[2023-07-03T18:11:29.082+0000] {logging_mixin.py:149} INFO - [2023-07-03T18:11:29.082+0000] {dag.py:2726} INFO - Sync 1 DAGs
[2023-07-03T18:11:29.104+0000] {logging_mixin.py:149} INFO - [2023-07-03T18:11:29.104+0000] {dag.py:3490} INFO - Setting next_dagrun for example_dynamic_task_mapping_with_no_taskflow_operators to 2023-07-02T18:11:29.103847+00:00, run_after=2023-07-03T18:11:29.103847+00:00
[2023-07-03T18:11:29.123+0000] {processor.py:179} INFO - Processing /home/airflow/.local/lib/python3.7/site-packages/airflow/example_dags/example_dynamic_task_mapping_with_no_taskflow_operators.py took 0.071 seconds
[2023-07-03T18:11:59.426+0000] {processor.py:157} INFO - Started process (PID=5553) to work on /home/airflow/.local/lib/python3.7/site-packages/airflow/example_dags/example_dynamic_task_mapping_with_no_taskflow_operators.py
[2023-07-03T18:11:59.427+0000] {processor.py:826} INFO - Processing file /home/airflow/.local/lib/python3.7/site-packages/airflow/example_dags/example_dynamic_task_mapping_with_no_taskflow_operators.py for tasks to queue
[2023-07-03T18:11:59.428+0000] {logging_mixin.py:149} INFO - [2023-07-03T18:11:59.428+0000] {dagbag.py:541} INFO - Filling up the DagBag from /home/airflow/.local/lib/python3.7/site-packages/airflow/example_dags/example_dynamic_task_mapping_with_no_taskflow_operators.py
[2023-07-03T18:11:59.434+0000] {processor.py:836} INFO - DAG(s) dict_keys(['example_dynamic_task_mapping_with_no_taskflow_operators']) retrieved from /home/airflow/.local/lib/python3.7/site-packages/airflow/example_dags/example_dynamic_task_mapping_with_no_taskflow_operators.py
[2023-07-03T18:11:59.454+0000] {logging_mixin.py:149} INFO - [2023-07-03T18:11:59.454+0000] {dag.py:2726} INFO - Sync 1 DAGs
[2023-07-03T18:11:59.475+0000] {logging_mixin.py:149} INFO - [2023-07-03T18:11:59.474+0000] {dag.py:3490} INFO - Setting next_dagrun for example_dynamic_task_mapping_with_no_taskflow_operators to 2023-07-02T18:11:59.474695+00:00, run_after=2023-07-03T18:11:59.474695+00:00
[2023-07-03T18:11:59.490+0000] {processor.py:179} INFO - Processing /home/airflow/.local/lib/python3.7/site-packages/airflow/example_dags/example_dynamic_task_mapping_with_no_taskflow_operators.py took 0.067 seconds
[2023-07-03T18:12:30.366+0000] {processor.py:157} INFO - Started process (PID=5802) to work on /home/airflow/.local/lib/python3.7/site-packages/airflow/example_dags/example_dynamic_task_mapping_with_no_taskflow_operators.py
[2023-07-03T18:12:30.367+0000] {processor.py:826} INFO - Processing file /home/airflow/.local/lib/python3.7/site-packages/airflow/example_dags/example_dynamic_task_mapping_with_no_taskflow_operators.py for tasks to queue
[2023-07-03T18:12:30.368+0000] {logging_mixin.py:149} INFO - [2023-07-03T18:12:30.367+0000] {dagbag.py:541} INFO - Filling up the DagBag from /home/airflow/.local/lib/python3.7/site-packages/airflow/example_dags/example_dynamic_task_mapping_with_no_taskflow_operators.py
[2023-07-03T18:12:30.374+0000] {processor.py:836} INFO - DAG(s) dict_keys(['example_dynamic_task_mapping_with_no_taskflow_operators']) retrieved from /home/airflow/.local/lib/python3.7/site-packages/airflow/example_dags/example_dynamic_task_mapping_with_no_taskflow_operators.py
[2023-07-03T18:12:30.394+0000] {logging_mixin.py:149} INFO - [2023-07-03T18:12:30.394+0000] {dag.py:2726} INFO - Sync 1 DAGs
[2023-07-03T18:12:30.418+0000] {logging_mixin.py:149} INFO - [2023-07-03T18:12:30.418+0000] {dag.py:3490} INFO - Setting next_dagrun for example_dynamic_task_mapping_with_no_taskflow_operators to 2023-07-02T18:12:30.417946+00:00, run_after=2023-07-03T18:12:30.417946+00:00
[2023-07-03T18:12:30.435+0000] {processor.py:179} INFO - Processing /home/airflow/.local/lib/python3.7/site-packages/airflow/example_dags/example_dynamic_task_mapping_with_no_taskflow_operators.py took 0.072 seconds
[2023-07-03T18:13:01.114+0000] {processor.py:157} INFO - Started process (PID=6051) to work on /home/airflow/.local/lib/python3.7/site-packages/airflow/example_dags/example_dynamic_task_mapping_with_no_taskflow_operators.py
[2023-07-03T18:13:01.115+0000] {processor.py:826} INFO - Processing file /home/airflow/.local/lib/python3.7/site-packages/airflow/example_dags/example_dynamic_task_mapping_with_no_taskflow_operators.py for tasks to queue
[2023-07-03T18:13:01.116+0000] {logging_mixin.py:149} INFO - [2023-07-03T18:13:01.116+0000] {dagbag.py:541} INFO - Filling up the DagBag from /home/airflow/.local/lib/python3.7/site-packages/airflow/example_dags/example_dynamic_task_mapping_with_no_taskflow_operators.py
[2023-07-03T18:13:01.122+0000] {processor.py:836} INFO - DAG(s) dict_keys(['example_dynamic_task_mapping_with_no_taskflow_operators']) retrieved from /home/airflow/.local/lib/python3.7/site-packages/airflow/example_dags/example_dynamic_task_mapping_with_no_taskflow_operators.py
[2023-07-03T18:13:01.143+0000] {logging_mixin.py:149} INFO - [2023-07-03T18:13:01.143+0000] {dag.py:2726} INFO - Sync 1 DAGs
[2023-07-03T18:13:01.165+0000] {logging_mixin.py:149} INFO - [2023-07-03T18:13:01.165+0000] {dag.py:3490} INFO - Setting next_dagrun for example_dynamic_task_mapping_with_no_taskflow_operators to 2023-07-02T18:13:01.164930+00:00, run_after=2023-07-03T18:13:01.164930+00:00
[2023-07-03T18:13:01.183+0000] {processor.py:179} INFO - Processing /home/airflow/.local/lib/python3.7/site-packages/airflow/example_dags/example_dynamic_task_mapping_with_no_taskflow_operators.py took 0.071 seconds
[2023-07-03T18:13:31.789+0000] {processor.py:157} INFO - Started process (PID=6302) to work on /home/airflow/.local/lib/python3.7/site-packages/airflow/example_dags/example_dynamic_task_mapping_with_no_taskflow_operators.py
[2023-07-03T18:13:31.789+0000] {processor.py:826} INFO - Processing file /home/airflow/.local/lib/python3.7/site-packages/airflow/example_dags/example_dynamic_task_mapping_with_no_taskflow_operators.py for tasks to queue
[2023-07-03T18:13:31.790+0000] {logging_mixin.py:149} INFO - [2023-07-03T18:13:31.790+0000] {dagbag.py:541} INFO - Filling up the DagBag from /home/airflow/.local/lib/python3.7/site-packages/airflow/example_dags/example_dynamic_task_mapping_with_no_taskflow_operators.py
[2023-07-03T18:13:31.796+0000] {processor.py:836} INFO - DAG(s) dict_keys(['example_dynamic_task_mapping_with_no_taskflow_operators']) retrieved from /home/airflow/.local/lib/python3.7/site-packages/airflow/example_dags/example_dynamic_task_mapping_with_no_taskflow_operators.py
[2023-07-03T18:13:31.815+0000] {logging_mixin.py:149} INFO - [2023-07-03T18:13:31.815+0000] {dag.py:2726} INFO - Sync 1 DAGs
[2023-07-03T18:13:31.837+0000] {logging_mixin.py:149} INFO - [2023-07-03T18:13:31.836+0000] {dag.py:3490} INFO - Setting next_dagrun for example_dynamic_task_mapping_with_no_taskflow_operators to 2023-07-02T18:13:31.836779+00:00, run_after=2023-07-03T18:13:31.836779+00:00
[2023-07-03T18:13:31.855+0000] {processor.py:179} INFO - Processing /home/airflow/.local/lib/python3.7/site-packages/airflow/example_dags/example_dynamic_task_mapping_with_no_taskflow_operators.py took 0.070 seconds
[2023-07-03T18:14:02.185+0000] {processor.py:157} INFO - Started process (PID=6549) to work on /home/airflow/.local/lib/python3.7/site-packages/airflow/example_dags/example_dynamic_task_mapping_with_no_taskflow_operators.py
[2023-07-03T18:14:02.186+0000] {processor.py:826} INFO - Processing file /home/airflow/.local/lib/python3.7/site-packages/airflow/example_dags/example_dynamic_task_mapping_with_no_taskflow_operators.py for tasks to queue
[2023-07-03T18:14:02.187+0000] {logging_mixin.py:149} INFO - [2023-07-03T18:14:02.187+0000] {dagbag.py:541} INFO - Filling up the DagBag from /home/airflow/.local/lib/python3.7/site-packages/airflow/example_dags/example_dynamic_task_mapping_with_no_taskflow_operators.py
[2023-07-03T18:14:02.194+0000] {processor.py:836} INFO - DAG(s) dict_keys(['example_dynamic_task_mapping_with_no_taskflow_operators']) retrieved from /home/airflow/.local/lib/python3.7/site-packages/airflow/example_dags/example_dynamic_task_mapping_with_no_taskflow_operators.py
[2023-07-03T18:14:02.214+0000] {logging_mixin.py:149} INFO - [2023-07-03T18:14:02.213+0000] {dag.py:2726} INFO - Sync 1 DAGs
[2023-07-03T18:14:02.236+0000] {logging_mixin.py:149} INFO - [2023-07-03T18:14:02.236+0000] {dag.py:3490} INFO - Setting next_dagrun for example_dynamic_task_mapping_with_no_taskflow_operators to 2023-07-02T18:14:02.236506+00:00, run_after=2023-07-03T18:14:02.236506+00:00
[2023-07-03T18:14:02.254+0000] {processor.py:179} INFO - Processing /home/airflow/.local/lib/python3.7/site-packages/airflow/example_dags/example_dynamic_task_mapping_with_no_taskflow_operators.py took 0.071 seconds
[2023-07-03T18:14:32.806+0000] {processor.py:157} INFO - Started process (PID=6798) to work on /home/airflow/.local/lib/python3.7/site-packages/airflow/example_dags/example_dynamic_task_mapping_with_no_taskflow_operators.py
[2023-07-03T18:14:32.807+0000] {processor.py:826} INFO - Processing file /home/airflow/.local/lib/python3.7/site-packages/airflow/example_dags/example_dynamic_task_mapping_with_no_taskflow_operators.py for tasks to queue
[2023-07-03T18:14:32.808+0000] {logging_mixin.py:149} INFO - [2023-07-03T18:14:32.807+0000] {dagbag.py:541} INFO - Filling up the DagBag from /home/airflow/.local/lib/python3.7/site-packages/airflow/example_dags/example_dynamic_task_mapping_with_no_taskflow_operators.py
[2023-07-03T18:14:32.813+0000] {processor.py:836} INFO - DAG(s) dict_keys(['example_dynamic_task_mapping_with_no_taskflow_operators']) retrieved from /home/airflow/.local/lib/python3.7/site-packages/airflow/example_dags/example_dynamic_task_mapping_with_no_taskflow_operators.py
[2023-07-03T18:14:32.833+0000] {logging_mixin.py:149} INFO - [2023-07-03T18:14:32.833+0000] {dag.py:2726} INFO - Sync 1 DAGs
[2023-07-03T18:14:32.856+0000] {logging_mixin.py:149} INFO - [2023-07-03T18:14:32.855+0000] {dag.py:3490} INFO - Setting next_dagrun for example_dynamic_task_mapping_with_no_taskflow_operators to 2023-07-02T18:14:32.855632+00:00, run_after=2023-07-03T18:14:32.855632+00:00
[2023-07-03T18:14:32.875+0000] {processor.py:179} INFO - Processing /home/airflow/.local/lib/python3.7/site-packages/airflow/example_dags/example_dynamic_task_mapping_with_no_taskflow_operators.py took 0.072 seconds
[2023-07-03T18:15:03.287+0000] {processor.py:157} INFO - Started process (PID=7047) to work on /home/airflow/.local/lib/python3.7/site-packages/airflow/example_dags/example_dynamic_task_mapping_with_no_taskflow_operators.py
[2023-07-03T18:15:03.288+0000] {processor.py:826} INFO - Processing file /home/airflow/.local/lib/python3.7/site-packages/airflow/example_dags/example_dynamic_task_mapping_with_no_taskflow_operators.py for tasks to queue
[2023-07-03T18:15:03.289+0000] {logging_mixin.py:149} INFO - [2023-07-03T18:15:03.289+0000] {dagbag.py:541} INFO - Filling up the DagBag from /home/airflow/.local/lib/python3.7/site-packages/airflow/example_dags/example_dynamic_task_mapping_with_no_taskflow_operators.py
[2023-07-03T18:15:03.295+0000] {processor.py:836} INFO - DAG(s) dict_keys(['example_dynamic_task_mapping_with_no_taskflow_operators']) retrieved from /home/airflow/.local/lib/python3.7/site-packages/airflow/example_dags/example_dynamic_task_mapping_with_no_taskflow_operators.py
[2023-07-03T18:15:03.315+0000] {logging_mixin.py:149} INFO - [2023-07-03T18:15:03.315+0000] {dag.py:2726} INFO - Sync 1 DAGs
[2023-07-03T18:15:03.338+0000] {logging_mixin.py:149} INFO - [2023-07-03T18:15:03.338+0000] {dag.py:3490} INFO - Setting next_dagrun for example_dynamic_task_mapping_with_no_taskflow_operators to 2023-07-02T18:15:03.338168+00:00, run_after=2023-07-03T18:15:03.338168+00:00
[2023-07-03T18:15:03.355+0000] {processor.py:179} INFO - Processing /home/airflow/.local/lib/python3.7/site-packages/airflow/example_dags/example_dynamic_task_mapping_with_no_taskflow_operators.py took 0.071 seconds
[2023-07-03T18:15:33.802+0000] {processor.py:157} INFO - Started process (PID=7296) to work on /home/airflow/.local/lib/python3.7/site-packages/airflow/example_dags/example_dynamic_task_mapping_with_no_taskflow_operators.py
[2023-07-03T18:15:33.803+0000] {processor.py:826} INFO - Processing file /home/airflow/.local/lib/python3.7/site-packages/airflow/example_dags/example_dynamic_task_mapping_with_no_taskflow_operators.py for tasks to queue
[2023-07-03T18:15:33.804+0000] {logging_mixin.py:149} INFO - [2023-07-03T18:15:33.804+0000] {dagbag.py:541} INFO - Filling up the DagBag from /home/airflow/.local/lib/python3.7/site-packages/airflow/example_dags/example_dynamic_task_mapping_with_no_taskflow_operators.py
[2023-07-03T18:15:33.810+0000] {processor.py:836} INFO - DAG(s) dict_keys(['example_dynamic_task_mapping_with_no_taskflow_operators']) retrieved from /home/airflow/.local/lib/python3.7/site-packages/airflow/example_dags/example_dynamic_task_mapping_with_no_taskflow_operators.py
[2023-07-03T18:15:33.830+0000] {logging_mixin.py:149} INFO - [2023-07-03T18:15:33.830+0000] {dag.py:2726} INFO - Sync 1 DAGs
[2023-07-03T18:15:33.853+0000] {logging_mixin.py:149} INFO - [2023-07-03T18:15:33.852+0000] {dag.py:3490} INFO - Setting next_dagrun for example_dynamic_task_mapping_with_no_taskflow_operators to 2023-07-02T18:15:33.852768+00:00, run_after=2023-07-03T18:15:33.852768+00:00
[2023-07-03T18:15:33.869+0000] {processor.py:179} INFO - Processing /home/airflow/.local/lib/python3.7/site-packages/airflow/example_dags/example_dynamic_task_mapping_with_no_taskflow_operators.py took 0.070 seconds
[2023-07-03T18:16:04.572+0000] {processor.py:157} INFO - Started process (PID=7545) to work on /home/airflow/.local/lib/python3.7/site-packages/airflow/example_dags/example_dynamic_task_mapping_with_no_taskflow_operators.py
[2023-07-03T18:16:04.575+0000] {processor.py:826} INFO - Processing file /home/airflow/.local/lib/python3.7/site-packages/airflow/example_dags/example_dynamic_task_mapping_with_no_taskflow_operators.py for tasks to queue
[2023-07-03T18:16:04.576+0000] {logging_mixin.py:149} INFO - [2023-07-03T18:16:04.576+0000] {dagbag.py:541} INFO - Filling up the DagBag from /home/airflow/.local/lib/python3.7/site-packages/airflow/example_dags/example_dynamic_task_mapping_with_no_taskflow_operators.py
[2023-07-03T18:16:04.583+0000] {processor.py:836} INFO - DAG(s) dict_keys(['example_dynamic_task_mapping_with_no_taskflow_operators']) retrieved from /home/airflow/.local/lib/python3.7/site-packages/airflow/example_dags/example_dynamic_task_mapping_with_no_taskflow_operators.py
[2023-07-03T18:16:04.606+0000] {logging_mixin.py:149} INFO - [2023-07-03T18:16:04.606+0000] {dag.py:2726} INFO - Sync 1 DAGs
[2023-07-03T18:16:04.629+0000] {logging_mixin.py:149} INFO - [2023-07-03T18:16:04.628+0000] {dag.py:3490} INFO - Setting next_dagrun for example_dynamic_task_mapping_with_no_taskflow_operators to 2023-07-02T18:16:04.628682+00:00, run_after=2023-07-03T18:16:04.628682+00:00
[2023-07-03T18:16:04.645+0000] {processor.py:179} INFO - Processing /home/airflow/.local/lib/python3.7/site-packages/airflow/example_dags/example_dynamic_task_mapping_with_no_taskflow_operators.py took 0.076 seconds
[2023-07-03T18:16:35.606+0000] {processor.py:157} INFO - Started process (PID=7794) to work on /home/airflow/.local/lib/python3.7/site-packages/airflow/example_dags/example_dynamic_task_mapping_with_no_taskflow_operators.py
[2023-07-03T18:16:35.607+0000] {processor.py:826} INFO - Processing file /home/airflow/.local/lib/python3.7/site-packages/airflow/example_dags/example_dynamic_task_mapping_with_no_taskflow_operators.py for tasks to queue
[2023-07-03T18:16:35.608+0000] {logging_mixin.py:149} INFO - [2023-07-03T18:16:35.608+0000] {dagbag.py:541} INFO - Filling up the DagBag from /home/airflow/.local/lib/python3.7/site-packages/airflow/example_dags/example_dynamic_task_mapping_with_no_taskflow_operators.py
[2023-07-03T18:16:35.614+0000] {processor.py:836} INFO - DAG(s) dict_keys(['example_dynamic_task_mapping_with_no_taskflow_operators']) retrieved from /home/airflow/.local/lib/python3.7/site-packages/airflow/example_dags/example_dynamic_task_mapping_with_no_taskflow_operators.py
[2023-07-03T18:16:35.635+0000] {logging_mixin.py:149} INFO - [2023-07-03T18:16:35.635+0000] {dag.py:2726} INFO - Sync 1 DAGs
[2023-07-03T18:16:35.657+0000] {logging_mixin.py:149} INFO - [2023-07-03T18:16:35.657+0000] {dag.py:3490} INFO - Setting next_dagrun for example_dynamic_task_mapping_with_no_taskflow_operators to 2023-07-02T18:16:35.657284+00:00, run_after=2023-07-03T18:16:35.657284+00:00
[2023-07-03T18:16:35.674+0000] {processor.py:179} INFO - Processing /home/airflow/.local/lib/python3.7/site-packages/airflow/example_dags/example_dynamic_task_mapping_with_no_taskflow_operators.py took 0.071 seconds
[2023-07-03T18:17:06.775+0000] {processor.py:157} INFO - Started process (PID=8044) to work on /home/airflow/.local/lib/python3.7/site-packages/airflow/example_dags/example_dynamic_task_mapping_with_no_taskflow_operators.py
[2023-07-03T18:17:06.778+0000] {processor.py:826} INFO - Processing file /home/airflow/.local/lib/python3.7/site-packages/airflow/example_dags/example_dynamic_task_mapping_with_no_taskflow_operators.py for tasks to queue
[2023-07-03T18:17:06.779+0000] {logging_mixin.py:149} INFO - [2023-07-03T18:17:06.779+0000] {dagbag.py:541} INFO - Filling up the DagBag from /home/airflow/.local/lib/python3.7/site-packages/airflow/example_dags/example_dynamic_task_mapping_with_no_taskflow_operators.py
[2023-07-03T18:17:06.787+0000] {processor.py:836} INFO - DAG(s) dict_keys(['example_dynamic_task_mapping_with_no_taskflow_operators']) retrieved from /home/airflow/.local/lib/python3.7/site-packages/airflow/example_dags/example_dynamic_task_mapping_with_no_taskflow_operators.py
[2023-07-03T18:17:06.831+0000] {logging_mixin.py:149} INFO - [2023-07-03T18:17:06.831+0000] {dag.py:2726} INFO - Sync 1 DAGs
[2023-07-03T18:17:06.887+0000] {logging_mixin.py:149} INFO - [2023-07-03T18:17:06.887+0000] {dag.py:3490} INFO - Setting next_dagrun for example_dynamic_task_mapping_with_no_taskflow_operators to 2023-07-02T18:17:06.886860+00:00, run_after=2023-07-03T18:17:06.886860+00:00
[2023-07-03T18:17:06.940+0000] {processor.py:179} INFO - Processing /home/airflow/.local/lib/python3.7/site-packages/airflow/example_dags/example_dynamic_task_mapping_with_no_taskflow_operators.py took 0.169 seconds
[2023-07-03T18:17:37.495+0000] {processor.py:157} INFO - Started process (PID=8293) to work on /home/airflow/.local/lib/python3.7/site-packages/airflow/example_dags/example_dynamic_task_mapping_with_no_taskflow_operators.py
[2023-07-03T18:17:37.497+0000] {processor.py:826} INFO - Processing file /home/airflow/.local/lib/python3.7/site-packages/airflow/example_dags/example_dynamic_task_mapping_with_no_taskflow_operators.py for tasks to queue
[2023-07-03T18:17:37.498+0000] {logging_mixin.py:149} INFO - [2023-07-03T18:17:37.497+0000] {dagbag.py:541} INFO - Filling up the DagBag from /home/airflow/.local/lib/python3.7/site-packages/airflow/example_dags/example_dynamic_task_mapping_with_no_taskflow_operators.py
[2023-07-03T18:17:37.505+0000] {processor.py:836} INFO - DAG(s) dict_keys(['example_dynamic_task_mapping_with_no_taskflow_operators']) retrieved from /home/airflow/.local/lib/python3.7/site-packages/airflow/example_dags/example_dynamic_task_mapping_with_no_taskflow_operators.py
[2023-07-03T18:17:37.532+0000] {logging_mixin.py:149} INFO - [2023-07-03T18:17:37.531+0000] {dag.py:2726} INFO - Sync 1 DAGs
[2023-07-03T18:17:37.563+0000] {logging_mixin.py:149} INFO - [2023-07-03T18:17:37.563+0000] {dag.py:3490} INFO - Setting next_dagrun for example_dynamic_task_mapping_with_no_taskflow_operators to 2023-07-02T18:17:37.563252+00:00, run_after=2023-07-03T18:17:37.563252+00:00
[2023-07-03T18:17:37.582+0000] {processor.py:179} INFO - Processing /home/airflow/.local/lib/python3.7/site-packages/airflow/example_dags/example_dynamic_task_mapping_with_no_taskflow_operators.py took 0.089 seconds
[2023-07-03T18:18:08.541+0000] {processor.py:157} INFO - Started process (PID=8542) to work on /home/airflow/.local/lib/python3.7/site-packages/airflow/example_dags/example_dynamic_task_mapping_with_no_taskflow_operators.py
[2023-07-03T18:18:08.542+0000] {processor.py:826} INFO - Processing file /home/airflow/.local/lib/python3.7/site-packages/airflow/example_dags/example_dynamic_task_mapping_with_no_taskflow_operators.py for tasks to queue
[2023-07-03T18:18:08.543+0000] {logging_mixin.py:149} INFO - [2023-07-03T18:18:08.543+0000] {dagbag.py:541} INFO - Filling up the DagBag from /home/airflow/.local/lib/python3.7/site-packages/airflow/example_dags/example_dynamic_task_mapping_with_no_taskflow_operators.py
[2023-07-03T18:18:08.552+0000] {processor.py:836} INFO - DAG(s) dict_keys(['example_dynamic_task_mapping_with_no_taskflow_operators']) retrieved from /home/airflow/.local/lib/python3.7/site-packages/airflow/example_dags/example_dynamic_task_mapping_with_no_taskflow_operators.py
[2023-07-03T18:18:08.574+0000] {logging_mixin.py:149} INFO - [2023-07-03T18:18:08.574+0000] {dag.py:2726} INFO - Sync 1 DAGs
[2023-07-03T18:18:08.608+0000] {logging_mixin.py:149} INFO - [2023-07-03T18:18:08.607+0000] {dag.py:3490} INFO - Setting next_dagrun for example_dynamic_task_mapping_with_no_taskflow_operators to 2023-07-02T18:18:08.607773+00:00, run_after=2023-07-03T18:18:08.607773+00:00
[2023-07-03T18:18:08.636+0000] {processor.py:179} INFO - Processing /home/airflow/.local/lib/python3.7/site-packages/airflow/example_dags/example_dynamic_task_mapping_with_no_taskflow_operators.py took 0.099 seconds
[2023-07-03T18:18:38.762+0000] {processor.py:157} INFO - Started process (PID=8791) to work on /home/airflow/.local/lib/python3.7/site-packages/airflow/example_dags/example_dynamic_task_mapping_with_no_taskflow_operators.py
[2023-07-03T18:18:38.763+0000] {processor.py:826} INFO - Processing file /home/airflow/.local/lib/python3.7/site-packages/airflow/example_dags/example_dynamic_task_mapping_with_no_taskflow_operators.py for tasks to queue
[2023-07-03T18:18:38.764+0000] {logging_mixin.py:149} INFO - [2023-07-03T18:18:38.764+0000] {dagbag.py:541} INFO - Filling up the DagBag from /home/airflow/.local/lib/python3.7/site-packages/airflow/example_dags/example_dynamic_task_mapping_with_no_taskflow_operators.py
[2023-07-03T18:18:38.771+0000] {processor.py:836} INFO - DAG(s) dict_keys(['example_dynamic_task_mapping_with_no_taskflow_operators']) retrieved from /home/airflow/.local/lib/python3.7/site-packages/airflow/example_dags/example_dynamic_task_mapping_with_no_taskflow_operators.py
[2023-07-03T18:18:38.793+0000] {logging_mixin.py:149} INFO - [2023-07-03T18:18:38.793+0000] {dag.py:2726} INFO - Sync 1 DAGs
[2023-07-03T18:18:38.817+0000] {logging_mixin.py:149} INFO - [2023-07-03T18:18:38.817+0000] {dag.py:3490} INFO - Setting next_dagrun for example_dynamic_task_mapping_with_no_taskflow_operators to 2023-07-02T18:18:38.817622+00:00, run_after=2023-07-03T18:18:38.817622+00:00
[2023-07-03T18:18:38.836+0000] {processor.py:179} INFO - Processing /home/airflow/.local/lib/python3.7/site-packages/airflow/example_dags/example_dynamic_task_mapping_with_no_taskflow_operators.py took 0.077 seconds
[2023-07-03T18:19:09.143+0000] {processor.py:157} INFO - Started process (PID=9040) to work on /home/airflow/.local/lib/python3.7/site-packages/airflow/example_dags/example_dynamic_task_mapping_with_no_taskflow_operators.py
[2023-07-03T18:19:09.144+0000] {processor.py:826} INFO - Processing file /home/airflow/.local/lib/python3.7/site-packages/airflow/example_dags/example_dynamic_task_mapping_with_no_taskflow_operators.py for tasks to queue
[2023-07-03T18:19:09.146+0000] {logging_mixin.py:149} INFO - [2023-07-03T18:19:09.145+0000] {dagbag.py:541} INFO - Filling up the DagBag from /home/airflow/.local/lib/python3.7/site-packages/airflow/example_dags/example_dynamic_task_mapping_with_no_taskflow_operators.py
[2023-07-03T18:19:09.156+0000] {processor.py:836} INFO - DAG(s) dict_keys(['example_dynamic_task_mapping_with_no_taskflow_operators']) retrieved from /home/airflow/.local/lib/python3.7/site-packages/airflow/example_dags/example_dynamic_task_mapping_with_no_taskflow_operators.py
[2023-07-03T18:19:09.182+0000] {logging_mixin.py:149} INFO - [2023-07-03T18:19:09.182+0000] {dag.py:2726} INFO - Sync 1 DAGs
[2023-07-03T18:19:09.208+0000] {logging_mixin.py:149} INFO - [2023-07-03T18:19:09.208+0000] {dag.py:3490} INFO - Setting next_dagrun for example_dynamic_task_mapping_with_no_taskflow_operators to 2023-07-02T18:19:09.207964+00:00, run_after=2023-07-03T18:19:09.207964+00:00
[2023-07-03T18:19:09.226+0000] {processor.py:179} INFO - Processing /home/airflow/.local/lib/python3.7/site-packages/airflow/example_dags/example_dynamic_task_mapping_with_no_taskflow_operators.py took 0.087 seconds
[2023-07-03T18:19:39.479+0000] {processor.py:157} INFO - Started process (PID=9289) to work on /home/airflow/.local/lib/python3.7/site-packages/airflow/example_dags/example_dynamic_task_mapping_with_no_taskflow_operators.py
[2023-07-03T18:19:39.480+0000] {processor.py:826} INFO - Processing file /home/airflow/.local/lib/python3.7/site-packages/airflow/example_dags/example_dynamic_task_mapping_with_no_taskflow_operators.py for tasks to queue
[2023-07-03T18:19:39.482+0000] {logging_mixin.py:149} INFO - [2023-07-03T18:19:39.482+0000] {dagbag.py:541} INFO - Filling up the DagBag from /home/airflow/.local/lib/python3.7/site-packages/airflow/example_dags/example_dynamic_task_mapping_with_no_taskflow_operators.py
[2023-07-03T18:19:39.492+0000] {processor.py:836} INFO - DAG(s) dict_keys(['example_dynamic_task_mapping_with_no_taskflow_operators']) retrieved from /home/airflow/.local/lib/python3.7/site-packages/airflow/example_dags/example_dynamic_task_mapping_with_no_taskflow_operators.py
[2023-07-03T18:19:39.523+0000] {logging_mixin.py:149} INFO - [2023-07-03T18:19:39.523+0000] {dag.py:2726} INFO - Sync 1 DAGs
[2023-07-03T18:19:39.551+0000] {logging_mixin.py:149} INFO - [2023-07-03T18:19:39.551+0000] {dag.py:3490} INFO - Setting next_dagrun for example_dynamic_task_mapping_with_no_taskflow_operators to 2023-07-02T18:19:39.551063+00:00, run_after=2023-07-03T18:19:39.551063+00:00
[2023-07-03T18:19:39.580+0000] {processor.py:179} INFO - Processing /home/airflow/.local/lib/python3.7/site-packages/airflow/example_dags/example_dynamic_task_mapping_with_no_taskflow_operators.py took 0.103 seconds
