[2023-07-03T18:01:16.232+0000] {processor.py:157} INFO - Started process (PID=252) to work on /home/airflow/.local/lib/python3.7/site-packages/airflow/example_dags/example_latest_only_with_trigger.py
[2023-07-03T18:01:16.233+0000] {processor.py:826} INFO - Processing file /home/airflow/.local/lib/python3.7/site-packages/airflow/example_dags/example_latest_only_with_trigger.py for tasks to queue
[2023-07-03T18:01:16.234+0000] {logging_mixin.py:149} INFO - [2023-07-03T18:01:16.234+0000] {dagbag.py:541} INFO - Filling up the DagBag from /home/airflow/.local/lib/python3.7/site-packages/airflow/example_dags/example_latest_only_with_trigger.py
[2023-07-03T18:01:16.243+0000] {processor.py:836} INFO - DAG(s) dict_keys(['latest_only_with_trigger']) retrieved from /home/airflow/.local/lib/python3.7/site-packages/airflow/example_dags/example_latest_only_with_trigger.py
[2023-07-03T18:01:16.254+0000] {logging_mixin.py:149} INFO - [2023-07-03T18:01:16.254+0000] {dag.py:2726} INFO - Sync 1 DAGs
[2023-07-03T18:01:16.276+0000] {logging_mixin.py:149} INFO - [2023-07-03T18:01:16.276+0000] {dag.py:3490} INFO - Setting next_dagrun for latest_only_with_trigger to 2023-07-03T14:01:16.276283+00:00, run_after=2023-07-03T18:01:16.276283+00:00
[2023-07-03T18:01:16.293+0000] {processor.py:179} INFO - Processing /home/airflow/.local/lib/python3.7/site-packages/airflow/example_dags/example_latest_only_with_trigger.py took 0.063 seconds
[2023-07-03T18:01:46.390+0000] {processor.py:157} INFO - Started process (PID=498) to work on /home/airflow/.local/lib/python3.7/site-packages/airflow/example_dags/example_latest_only_with_trigger.py
[2023-07-03T18:01:46.391+0000] {processor.py:826} INFO - Processing file /home/airflow/.local/lib/python3.7/site-packages/airflow/example_dags/example_latest_only_with_trigger.py for tasks to queue
[2023-07-03T18:01:46.391+0000] {logging_mixin.py:149} INFO - [2023-07-03T18:01:46.391+0000] {dagbag.py:541} INFO - Filling up the DagBag from /home/airflow/.local/lib/python3.7/site-packages/airflow/example_dags/example_latest_only_with_trigger.py
[2023-07-03T18:01:46.397+0000] {processor.py:836} INFO - DAG(s) dict_keys(['latest_only_with_trigger']) retrieved from /home/airflow/.local/lib/python3.7/site-packages/airflow/example_dags/example_latest_only_with_trigger.py
[2023-07-03T18:01:46.419+0000] {logging_mixin.py:149} INFO - [2023-07-03T18:01:46.419+0000] {dag.py:2726} INFO - Sync 1 DAGs
[2023-07-03T18:01:46.442+0000] {logging_mixin.py:149} INFO - [2023-07-03T18:01:46.442+0000] {dag.py:3490} INFO - Setting next_dagrun for latest_only_with_trigger to 2023-07-03T14:01:46.442453+00:00, run_after=2023-07-03T18:01:46.442453+00:00
[2023-07-03T18:01:46.458+0000] {processor.py:179} INFO - Processing /home/airflow/.local/lib/python3.7/site-packages/airflow/example_dags/example_latest_only_with_trigger.py took 0.071 seconds
[2023-07-03T18:02:16.526+0000] {processor.py:157} INFO - Started process (PID=746) to work on /home/airflow/.local/lib/python3.7/site-packages/airflow/example_dags/example_latest_only_with_trigger.py
[2023-07-03T18:02:16.527+0000] {processor.py:826} INFO - Processing file /home/airflow/.local/lib/python3.7/site-packages/airflow/example_dags/example_latest_only_with_trigger.py for tasks to queue
[2023-07-03T18:02:16.528+0000] {logging_mixin.py:149} INFO - [2023-07-03T18:02:16.528+0000] {dagbag.py:541} INFO - Filling up the DagBag from /home/airflow/.local/lib/python3.7/site-packages/airflow/example_dags/example_latest_only_with_trigger.py
[2023-07-03T18:02:16.533+0000] {processor.py:836} INFO - DAG(s) dict_keys(['latest_only_with_trigger']) retrieved from /home/airflow/.local/lib/python3.7/site-packages/airflow/example_dags/example_latest_only_with_trigger.py
[2023-07-03T18:02:16.553+0000] {logging_mixin.py:149} INFO - [2023-07-03T18:02:16.553+0000] {dag.py:2726} INFO - Sync 1 DAGs
[2023-07-03T18:02:16.574+0000] {logging_mixin.py:149} INFO - [2023-07-03T18:02:16.574+0000] {dag.py:3490} INFO - Setting next_dagrun for latest_only_with_trigger to 2023-07-03T14:02:16.574536+00:00, run_after=2023-07-03T18:02:16.574536+00:00
[2023-07-03T18:02:16.594+0000] {processor.py:179} INFO - Processing /home/airflow/.local/lib/python3.7/site-packages/airflow/example_dags/example_latest_only_with_trigger.py took 0.071 seconds
[2023-07-03T18:02:46.717+0000] {processor.py:157} INFO - Started process (PID=995) to work on /home/airflow/.local/lib/python3.7/site-packages/airflow/example_dags/example_latest_only_with_trigger.py
[2023-07-03T18:02:46.718+0000] {processor.py:826} INFO - Processing file /home/airflow/.local/lib/python3.7/site-packages/airflow/example_dags/example_latest_only_with_trigger.py for tasks to queue
[2023-07-03T18:02:46.719+0000] {logging_mixin.py:149} INFO - [2023-07-03T18:02:46.719+0000] {dagbag.py:541} INFO - Filling up the DagBag from /home/airflow/.local/lib/python3.7/site-packages/airflow/example_dags/example_latest_only_with_trigger.py
[2023-07-03T18:02:46.724+0000] {processor.py:836} INFO - DAG(s) dict_keys(['latest_only_with_trigger']) retrieved from /home/airflow/.local/lib/python3.7/site-packages/airflow/example_dags/example_latest_only_with_trigger.py
[2023-07-03T18:02:46.746+0000] {logging_mixin.py:149} INFO - [2023-07-03T18:02:46.746+0000] {dag.py:2726} INFO - Sync 1 DAGs
[2023-07-03T18:02:46.768+0000] {logging_mixin.py:149} INFO - [2023-07-03T18:02:46.768+0000] {dag.py:3490} INFO - Setting next_dagrun for latest_only_with_trigger to 2023-07-03T14:02:46.767978+00:00, run_after=2023-07-03T18:02:46.767978+00:00
[2023-07-03T18:02:46.787+0000] {processor.py:179} INFO - Processing /home/airflow/.local/lib/python3.7/site-packages/airflow/example_dags/example_latest_only_with_trigger.py took 0.072 seconds
[2023-07-03T18:03:16.907+0000] {processor.py:157} INFO - Started process (PID=1244) to work on /home/airflow/.local/lib/python3.7/site-packages/airflow/example_dags/example_latest_only_with_trigger.py
[2023-07-03T18:03:16.908+0000] {processor.py:826} INFO - Processing file /home/airflow/.local/lib/python3.7/site-packages/airflow/example_dags/example_latest_only_with_trigger.py for tasks to queue
[2023-07-03T18:03:16.909+0000] {logging_mixin.py:149} INFO - [2023-07-03T18:03:16.909+0000] {dagbag.py:541} INFO - Filling up the DagBag from /home/airflow/.local/lib/python3.7/site-packages/airflow/example_dags/example_latest_only_with_trigger.py
[2023-07-03T18:03:16.915+0000] {processor.py:836} INFO - DAG(s) dict_keys(['latest_only_with_trigger']) retrieved from /home/airflow/.local/lib/python3.7/site-packages/airflow/example_dags/example_latest_only_with_trigger.py
[2023-07-03T18:03:16.936+0000] {logging_mixin.py:149} INFO - [2023-07-03T18:03:16.936+0000] {dag.py:2726} INFO - Sync 1 DAGs
[2023-07-03T18:03:16.959+0000] {logging_mixin.py:149} INFO - [2023-07-03T18:03:16.959+0000] {dag.py:3490} INFO - Setting next_dagrun for latest_only_with_trigger to 2023-07-03T14:03:16.959183+00:00, run_after=2023-07-03T18:03:16.959183+00:00
[2023-07-03T18:03:16.978+0000] {processor.py:179} INFO - Processing /home/airflow/.local/lib/python3.7/site-packages/airflow/example_dags/example_latest_only_with_trigger.py took 0.074 seconds
[2023-07-03T18:03:47.582+0000] {processor.py:157} INFO - Started process (PID=1493) to work on /home/airflow/.local/lib/python3.7/site-packages/airflow/example_dags/example_latest_only_with_trigger.py
[2023-07-03T18:03:47.583+0000] {processor.py:826} INFO - Processing file /home/airflow/.local/lib/python3.7/site-packages/airflow/example_dags/example_latest_only_with_trigger.py for tasks to queue
[2023-07-03T18:03:47.584+0000] {logging_mixin.py:149} INFO - [2023-07-03T18:03:47.584+0000] {dagbag.py:541} INFO - Filling up the DagBag from /home/airflow/.local/lib/python3.7/site-packages/airflow/example_dags/example_latest_only_with_trigger.py
[2023-07-03T18:03:47.589+0000] {processor.py:836} INFO - DAG(s) dict_keys(['latest_only_with_trigger']) retrieved from /home/airflow/.local/lib/python3.7/site-packages/airflow/example_dags/example_latest_only_with_trigger.py
[2023-07-03T18:03:47.609+0000] {logging_mixin.py:149} INFO - [2023-07-03T18:03:47.609+0000] {dag.py:2726} INFO - Sync 1 DAGs
[2023-07-03T18:03:47.630+0000] {logging_mixin.py:149} INFO - [2023-07-03T18:03:47.630+0000] {dag.py:3490} INFO - Setting next_dagrun for latest_only_with_trigger to 2023-07-03T14:03:47.630253+00:00, run_after=2023-07-03T18:03:47.630253+00:00
[2023-07-03T18:03:47.648+0000] {processor.py:179} INFO - Processing /home/airflow/.local/lib/python3.7/site-packages/airflow/example_dags/example_latest_only_with_trigger.py took 0.069 seconds
[2023-07-03T18:04:18.286+0000] {processor.py:157} INFO - Started process (PID=1742) to work on /home/airflow/.local/lib/python3.7/site-packages/airflow/example_dags/example_latest_only_with_trigger.py
[2023-07-03T18:04:18.287+0000] {processor.py:826} INFO - Processing file /home/airflow/.local/lib/python3.7/site-packages/airflow/example_dags/example_latest_only_with_trigger.py for tasks to queue
[2023-07-03T18:04:18.288+0000] {logging_mixin.py:149} INFO - [2023-07-03T18:04:18.287+0000] {dagbag.py:541} INFO - Filling up the DagBag from /home/airflow/.local/lib/python3.7/site-packages/airflow/example_dags/example_latest_only_with_trigger.py
[2023-07-03T18:04:18.294+0000] {processor.py:836} INFO - DAG(s) dict_keys(['latest_only_with_trigger']) retrieved from /home/airflow/.local/lib/python3.7/site-packages/airflow/example_dags/example_latest_only_with_trigger.py
[2023-07-03T18:04:18.316+0000] {logging_mixin.py:149} INFO - [2023-07-03T18:04:18.316+0000] {dag.py:2726} INFO - Sync 1 DAGs
[2023-07-03T18:04:18.338+0000] {logging_mixin.py:149} INFO - [2023-07-03T18:04:18.338+0000] {dag.py:3490} INFO - Setting next_dagrun for latest_only_with_trigger to 2023-07-03T14:04:18.338459+00:00, run_after=2023-07-03T18:04:18.338459+00:00
[2023-07-03T18:04:18.357+0000] {processor.py:179} INFO - Processing /home/airflow/.local/lib/python3.7/site-packages/airflow/example_dags/example_latest_only_with_trigger.py took 0.074 seconds
[2023-07-03T18:04:48.818+0000] {processor.py:157} INFO - Started process (PID=1991) to work on /home/airflow/.local/lib/python3.7/site-packages/airflow/example_dags/example_latest_only_with_trigger.py
[2023-07-03T18:04:48.819+0000] {processor.py:826} INFO - Processing file /home/airflow/.local/lib/python3.7/site-packages/airflow/example_dags/example_latest_only_with_trigger.py for tasks to queue
[2023-07-03T18:04:48.820+0000] {logging_mixin.py:149} INFO - [2023-07-03T18:04:48.820+0000] {dagbag.py:541} INFO - Filling up the DagBag from /home/airflow/.local/lib/python3.7/site-packages/airflow/example_dags/example_latest_only_with_trigger.py
[2023-07-03T18:04:48.825+0000] {processor.py:836} INFO - DAG(s) dict_keys(['latest_only_with_trigger']) retrieved from /home/airflow/.local/lib/python3.7/site-packages/airflow/example_dags/example_latest_only_with_trigger.py
[2023-07-03T18:04:48.844+0000] {logging_mixin.py:149} INFO - [2023-07-03T18:04:48.844+0000] {dag.py:2726} INFO - Sync 1 DAGs
[2023-07-03T18:04:48.867+0000] {logging_mixin.py:149} INFO - [2023-07-03T18:04:48.867+0000] {dag.py:3490} INFO - Setting next_dagrun for latest_only_with_trigger to 2023-07-03T14:04:48.867025+00:00, run_after=2023-07-03T18:04:48.867025+00:00
[2023-07-03T18:04:48.884+0000] {processor.py:179} INFO - Processing /home/airflow/.local/lib/python3.7/site-packages/airflow/example_dags/example_latest_only_with_trigger.py took 0.069 seconds
[2023-07-03T18:05:19.522+0000] {processor.py:157} INFO - Started process (PID=2240) to work on /home/airflow/.local/lib/python3.7/site-packages/airflow/example_dags/example_latest_only_with_trigger.py
[2023-07-03T18:05:19.523+0000] {processor.py:826} INFO - Processing file /home/airflow/.local/lib/python3.7/site-packages/airflow/example_dags/example_latest_only_with_trigger.py for tasks to queue
[2023-07-03T18:05:19.524+0000] {logging_mixin.py:149} INFO - [2023-07-03T18:05:19.524+0000] {dagbag.py:541} INFO - Filling up the DagBag from /home/airflow/.local/lib/python3.7/site-packages/airflow/example_dags/example_latest_only_with_trigger.py
[2023-07-03T18:05:19.529+0000] {processor.py:836} INFO - DAG(s) dict_keys(['latest_only_with_trigger']) retrieved from /home/airflow/.local/lib/python3.7/site-packages/airflow/example_dags/example_latest_only_with_trigger.py
[2023-07-03T18:05:19.548+0000] {logging_mixin.py:149} INFO - [2023-07-03T18:05:19.548+0000] {dag.py:2726} INFO - Sync 1 DAGs
[2023-07-03T18:05:19.569+0000] {logging_mixin.py:149} INFO - [2023-07-03T18:05:19.569+0000] {dag.py:3490} INFO - Setting next_dagrun for latest_only_with_trigger to 2023-07-03T14:05:19.569507+00:00, run_after=2023-07-03T18:05:19.569507+00:00
[2023-07-03T18:05:19.587+0000] {processor.py:179} INFO - Processing /home/airflow/.local/lib/python3.7/site-packages/airflow/example_dags/example_latest_only_with_trigger.py took 0.067 seconds
[2023-07-03T18:05:50.150+0000] {processor.py:157} INFO - Started process (PID=2489) to work on /home/airflow/.local/lib/python3.7/site-packages/airflow/example_dags/example_latest_only_with_trigger.py
[2023-07-03T18:05:50.151+0000] {processor.py:826} INFO - Processing file /home/airflow/.local/lib/python3.7/site-packages/airflow/example_dags/example_latest_only_with_trigger.py for tasks to queue
[2023-07-03T18:05:50.152+0000] {logging_mixin.py:149} INFO - [2023-07-03T18:05:50.152+0000] {dagbag.py:541} INFO - Filling up the DagBag from /home/airflow/.local/lib/python3.7/site-packages/airflow/example_dags/example_latest_only_with_trigger.py
[2023-07-03T18:05:50.158+0000] {processor.py:836} INFO - DAG(s) dict_keys(['latest_only_with_trigger']) retrieved from /home/airflow/.local/lib/python3.7/site-packages/airflow/example_dags/example_latest_only_with_trigger.py
[2023-07-03T18:05:50.178+0000] {logging_mixin.py:149} INFO - [2023-07-03T18:05:50.178+0000] {dag.py:2726} INFO - Sync 1 DAGs
[2023-07-03T18:05:50.199+0000] {logging_mixin.py:149} INFO - [2023-07-03T18:05:50.199+0000] {dag.py:3490} INFO - Setting next_dagrun for latest_only_with_trigger to 2023-07-03T14:05:50.199526+00:00, run_after=2023-07-03T18:05:50.199526+00:00
[2023-07-03T18:05:50.215+0000] {processor.py:179} INFO - Processing /home/airflow/.local/lib/python3.7/site-packages/airflow/example_dags/example_latest_only_with_trigger.py took 0.068 seconds
[2023-07-03T18:06:20.893+0000] {processor.py:157} INFO - Started process (PID=2738) to work on /home/airflow/.local/lib/python3.7/site-packages/airflow/example_dags/example_latest_only_with_trigger.py
[2023-07-03T18:06:20.894+0000] {processor.py:826} INFO - Processing file /home/airflow/.local/lib/python3.7/site-packages/airflow/example_dags/example_latest_only_with_trigger.py for tasks to queue
[2023-07-03T18:06:20.895+0000] {logging_mixin.py:149} INFO - [2023-07-03T18:06:20.895+0000] {dagbag.py:541} INFO - Filling up the DagBag from /home/airflow/.local/lib/python3.7/site-packages/airflow/example_dags/example_latest_only_with_trigger.py
[2023-07-03T18:06:20.901+0000] {processor.py:836} INFO - DAG(s) dict_keys(['latest_only_with_trigger']) retrieved from /home/airflow/.local/lib/python3.7/site-packages/airflow/example_dags/example_latest_only_with_trigger.py
[2023-07-03T18:06:20.922+0000] {logging_mixin.py:149} INFO - [2023-07-03T18:06:20.922+0000] {dag.py:2726} INFO - Sync 1 DAGs
[2023-07-03T18:06:20.944+0000] {logging_mixin.py:149} INFO - [2023-07-03T18:06:20.944+0000] {dag.py:3490} INFO - Setting next_dagrun for latest_only_with_trigger to 2023-07-03T14:06:20.944022+00:00, run_after=2023-07-03T18:06:20.944022+00:00
[2023-07-03T18:06:20.962+0000] {processor.py:179} INFO - Processing /home/airflow/.local/lib/python3.7/site-packages/airflow/example_dags/example_latest_only_with_trigger.py took 0.072 seconds
[2023-07-03T18:06:51.585+0000] {processor.py:157} INFO - Started process (PID=2987) to work on /home/airflow/.local/lib/python3.7/site-packages/airflow/example_dags/example_latest_only_with_trigger.py
[2023-07-03T18:06:51.586+0000] {processor.py:826} INFO - Processing file /home/airflow/.local/lib/python3.7/site-packages/airflow/example_dags/example_latest_only_with_trigger.py for tasks to queue
[2023-07-03T18:06:51.587+0000] {logging_mixin.py:149} INFO - [2023-07-03T18:06:51.587+0000] {dagbag.py:541} INFO - Filling up the DagBag from /home/airflow/.local/lib/python3.7/site-packages/airflow/example_dags/example_latest_only_with_trigger.py
[2023-07-03T18:06:51.593+0000] {processor.py:836} INFO - DAG(s) dict_keys(['latest_only_with_trigger']) retrieved from /home/airflow/.local/lib/python3.7/site-packages/airflow/example_dags/example_latest_only_with_trigger.py
[2023-07-03T18:06:51.615+0000] {logging_mixin.py:149} INFO - [2023-07-03T18:06:51.615+0000] {dag.py:2726} INFO - Sync 1 DAGs
[2023-07-03T18:06:51.639+0000] {logging_mixin.py:149} INFO - [2023-07-03T18:06:51.639+0000] {dag.py:3490} INFO - Setting next_dagrun for latest_only_with_trigger to 2023-07-03T14:06:51.639333+00:00, run_after=2023-07-03T18:06:51.639333+00:00
[2023-07-03T18:06:51.659+0000] {processor.py:179} INFO - Processing /home/airflow/.local/lib/python3.7/site-packages/airflow/example_dags/example_latest_only_with_trigger.py took 0.076 seconds
[2023-07-03T18:07:22.370+0000] {processor.py:157} INFO - Started process (PID=3236) to work on /home/airflow/.local/lib/python3.7/site-packages/airflow/example_dags/example_latest_only_with_trigger.py
[2023-07-03T18:07:22.371+0000] {processor.py:826} INFO - Processing file /home/airflow/.local/lib/python3.7/site-packages/airflow/example_dags/example_latest_only_with_trigger.py for tasks to queue
[2023-07-03T18:07:22.372+0000] {logging_mixin.py:149} INFO - [2023-07-03T18:07:22.372+0000] {dagbag.py:541} INFO - Filling up the DagBag from /home/airflow/.local/lib/python3.7/site-packages/airflow/example_dags/example_latest_only_with_trigger.py
[2023-07-03T18:07:22.377+0000] {processor.py:836} INFO - DAG(s) dict_keys(['latest_only_with_trigger']) retrieved from /home/airflow/.local/lib/python3.7/site-packages/airflow/example_dags/example_latest_only_with_trigger.py
[2023-07-03T18:07:22.398+0000] {logging_mixin.py:149} INFO - [2023-07-03T18:07:22.398+0000] {dag.py:2726} INFO - Sync 1 DAGs
[2023-07-03T18:07:22.419+0000] {logging_mixin.py:149} INFO - [2023-07-03T18:07:22.419+0000] {dag.py:3490} INFO - Setting next_dagrun for latest_only_with_trigger to 2023-07-03T14:07:22.419524+00:00, run_after=2023-07-03T18:07:22.419524+00:00
[2023-07-03T18:07:22.440+0000] {processor.py:179} INFO - Processing /home/airflow/.local/lib/python3.7/site-packages/airflow/example_dags/example_latest_only_with_trigger.py took 0.073 seconds
[2023-07-03T18:07:52.905+0000] {processor.py:157} INFO - Started process (PID=3486) to work on /home/airflow/.local/lib/python3.7/site-packages/airflow/example_dags/example_latest_only_with_trigger.py
[2023-07-03T18:07:52.906+0000] {processor.py:826} INFO - Processing file /home/airflow/.local/lib/python3.7/site-packages/airflow/example_dags/example_latest_only_with_trigger.py for tasks to queue
[2023-07-03T18:07:52.907+0000] {logging_mixin.py:149} INFO - [2023-07-03T18:07:52.906+0000] {dagbag.py:541} INFO - Filling up the DagBag from /home/airflow/.local/lib/python3.7/site-packages/airflow/example_dags/example_latest_only_with_trigger.py
[2023-07-03T18:07:52.912+0000] {processor.py:836} INFO - DAG(s) dict_keys(['latest_only_with_trigger']) retrieved from /home/airflow/.local/lib/python3.7/site-packages/airflow/example_dags/example_latest_only_with_trigger.py
[2023-07-03T18:07:52.935+0000] {logging_mixin.py:149} INFO - [2023-07-03T18:07:52.934+0000] {dag.py:2726} INFO - Sync 1 DAGs
[2023-07-03T18:07:52.957+0000] {logging_mixin.py:149} INFO - [2023-07-03T18:07:52.957+0000] {dag.py:3490} INFO - Setting next_dagrun for latest_only_with_trigger to 2023-07-03T14:07:52.956975+00:00, run_after=2023-07-03T18:07:52.956975+00:00
[2023-07-03T18:07:52.974+0000] {processor.py:179} INFO - Processing /home/airflow/.local/lib/python3.7/site-packages/airflow/example_dags/example_latest_only_with_trigger.py took 0.072 seconds
[2023-07-03T18:08:23.376+0000] {processor.py:157} INFO - Started process (PID=3735) to work on /home/airflow/.local/lib/python3.7/site-packages/airflow/example_dags/example_latest_only_with_trigger.py
[2023-07-03T18:08:23.377+0000] {processor.py:826} INFO - Processing file /home/airflow/.local/lib/python3.7/site-packages/airflow/example_dags/example_latest_only_with_trigger.py for tasks to queue
[2023-07-03T18:08:23.378+0000] {logging_mixin.py:149} INFO - [2023-07-03T18:08:23.378+0000] {dagbag.py:541} INFO - Filling up the DagBag from /home/airflow/.local/lib/python3.7/site-packages/airflow/example_dags/example_latest_only_with_trigger.py
[2023-07-03T18:08:23.384+0000] {processor.py:836} INFO - DAG(s) dict_keys(['latest_only_with_trigger']) retrieved from /home/airflow/.local/lib/python3.7/site-packages/airflow/example_dags/example_latest_only_with_trigger.py
[2023-07-03T18:08:23.406+0000] {logging_mixin.py:149} INFO - [2023-07-03T18:08:23.406+0000] {dag.py:2726} INFO - Sync 1 DAGs
[2023-07-03T18:08:23.428+0000] {logging_mixin.py:149} INFO - [2023-07-03T18:08:23.428+0000] {dag.py:3490} INFO - Setting next_dagrun for latest_only_with_trigger to 2023-07-03T14:08:23.428158+00:00, run_after=2023-07-03T18:08:23.428158+00:00
[2023-07-03T18:08:23.447+0000] {processor.py:179} INFO - Processing /home/airflow/.local/lib/python3.7/site-packages/airflow/example_dags/example_latest_only_with_trigger.py took 0.074 seconds
[2023-07-03T18:08:53.989+0000] {processor.py:157} INFO - Started process (PID=3984) to work on /home/airflow/.local/lib/python3.7/site-packages/airflow/example_dags/example_latest_only_with_trigger.py
[2023-07-03T18:08:53.990+0000] {processor.py:826} INFO - Processing file /home/airflow/.local/lib/python3.7/site-packages/airflow/example_dags/example_latest_only_with_trigger.py for tasks to queue
[2023-07-03T18:08:53.991+0000] {logging_mixin.py:149} INFO - [2023-07-03T18:08:53.991+0000] {dagbag.py:541} INFO - Filling up the DagBag from /home/airflow/.local/lib/python3.7/site-packages/airflow/example_dags/example_latest_only_with_trigger.py
[2023-07-03T18:08:53.996+0000] {processor.py:836} INFO - DAG(s) dict_keys(['latest_only_with_trigger']) retrieved from /home/airflow/.local/lib/python3.7/site-packages/airflow/example_dags/example_latest_only_with_trigger.py
[2023-07-03T18:08:54.016+0000] {logging_mixin.py:149} INFO - [2023-07-03T18:08:54.016+0000] {dag.py:2726} INFO - Sync 1 DAGs
[2023-07-03T18:08:54.037+0000] {logging_mixin.py:149} INFO - [2023-07-03T18:08:54.037+0000] {dag.py:3490} INFO - Setting next_dagrun for latest_only_with_trigger to 2023-07-03T14:08:54.037018+00:00, run_after=2023-07-03T18:08:54.037018+00:00
[2023-07-03T18:08:54.056+0000] {processor.py:179} INFO - Processing /home/airflow/.local/lib/python3.7/site-packages/airflow/example_dags/example_latest_only_with_trigger.py took 0.070 seconds
[2023-07-03T18:09:24.622+0000] {processor.py:157} INFO - Started process (PID=4233) to work on /home/airflow/.local/lib/python3.7/site-packages/airflow/example_dags/example_latest_only_with_trigger.py
[2023-07-03T18:09:24.623+0000] {processor.py:826} INFO - Processing file /home/airflow/.local/lib/python3.7/site-packages/airflow/example_dags/example_latest_only_with_trigger.py for tasks to queue
[2023-07-03T18:09:24.624+0000] {logging_mixin.py:149} INFO - [2023-07-03T18:09:24.624+0000] {dagbag.py:541} INFO - Filling up the DagBag from /home/airflow/.local/lib/python3.7/site-packages/airflow/example_dags/example_latest_only_with_trigger.py
[2023-07-03T18:09:24.630+0000] {processor.py:836} INFO - DAG(s) dict_keys(['latest_only_with_trigger']) retrieved from /home/airflow/.local/lib/python3.7/site-packages/airflow/example_dags/example_latest_only_with_trigger.py
[2023-07-03T18:09:24.649+0000] {logging_mixin.py:149} INFO - [2023-07-03T18:09:24.649+0000] {dag.py:2726} INFO - Sync 1 DAGs
[2023-07-03T18:09:24.670+0000] {logging_mixin.py:149} INFO - [2023-07-03T18:09:24.670+0000] {dag.py:3490} INFO - Setting next_dagrun for latest_only_with_trigger to 2023-07-03T14:09:24.670488+00:00, run_after=2023-07-03T18:09:24.670488+00:00
[2023-07-03T18:09:24.687+0000] {processor.py:179} INFO - Processing /home/airflow/.local/lib/python3.7/site-packages/airflow/example_dags/example_latest_only_with_trigger.py took 0.067 seconds
[2023-07-03T18:09:55.372+0000] {processor.py:157} INFO - Started process (PID=4482) to work on /home/airflow/.local/lib/python3.7/site-packages/airflow/example_dags/example_latest_only_with_trigger.py
[2023-07-03T18:09:55.373+0000] {processor.py:826} INFO - Processing file /home/airflow/.local/lib/python3.7/site-packages/airflow/example_dags/example_latest_only_with_trigger.py for tasks to queue
[2023-07-03T18:09:55.374+0000] {logging_mixin.py:149} INFO - [2023-07-03T18:09:55.374+0000] {dagbag.py:541} INFO - Filling up the DagBag from /home/airflow/.local/lib/python3.7/site-packages/airflow/example_dags/example_latest_only_with_trigger.py
[2023-07-03T18:09:55.381+0000] {processor.py:836} INFO - DAG(s) dict_keys(['latest_only_with_trigger']) retrieved from /home/airflow/.local/lib/python3.7/site-packages/airflow/example_dags/example_latest_only_with_trigger.py
[2023-07-03T18:09:55.403+0000] {logging_mixin.py:149} INFO - [2023-07-03T18:09:55.403+0000] {dag.py:2726} INFO - Sync 1 DAGs
[2023-07-03T18:09:55.426+0000] {logging_mixin.py:149} INFO - [2023-07-03T18:09:55.426+0000] {dag.py:3490} INFO - Setting next_dagrun for latest_only_with_trigger to 2023-07-03T14:09:55.426356+00:00, run_after=2023-07-03T18:09:55.426356+00:00
[2023-07-03T18:09:55.445+0000] {processor.py:179} INFO - Processing /home/airflow/.local/lib/python3.7/site-packages/airflow/example_dags/example_latest_only_with_trigger.py took 0.076 seconds
[2023-07-03T18:10:25.589+0000] {processor.py:157} INFO - Started process (PID=4731) to work on /home/airflow/.local/lib/python3.7/site-packages/airflow/example_dags/example_latest_only_with_trigger.py
[2023-07-03T18:10:25.590+0000] {processor.py:826} INFO - Processing file /home/airflow/.local/lib/python3.7/site-packages/airflow/example_dags/example_latest_only_with_trigger.py for tasks to queue
[2023-07-03T18:10:25.591+0000] {logging_mixin.py:149} INFO - [2023-07-03T18:10:25.591+0000] {dagbag.py:541} INFO - Filling up the DagBag from /home/airflow/.local/lib/python3.7/site-packages/airflow/example_dags/example_latest_only_with_trigger.py
[2023-07-03T18:10:25.597+0000] {processor.py:836} INFO - DAG(s) dict_keys(['latest_only_with_trigger']) retrieved from /home/airflow/.local/lib/python3.7/site-packages/airflow/example_dags/example_latest_only_with_trigger.py
[2023-07-03T18:10:25.618+0000] {logging_mixin.py:149} INFO - [2023-07-03T18:10:25.618+0000] {dag.py:2726} INFO - Sync 1 DAGs
[2023-07-03T18:10:25.639+0000] {logging_mixin.py:149} INFO - [2023-07-03T18:10:25.639+0000] {dag.py:3490} INFO - Setting next_dagrun for latest_only_with_trigger to 2023-07-03T14:10:25.638928+00:00, run_after=2023-07-03T18:10:25.638928+00:00
[2023-07-03T18:10:25.659+0000] {processor.py:179} INFO - Processing /home/airflow/.local/lib/python3.7/site-packages/airflow/example_dags/example_latest_only_with_trigger.py took 0.072 seconds
[2023-07-03T18:10:55.839+0000] {processor.py:157} INFO - Started process (PID=4980) to work on /home/airflow/.local/lib/python3.7/site-packages/airflow/example_dags/example_latest_only_with_trigger.py
[2023-07-03T18:10:55.840+0000] {processor.py:826} INFO - Processing file /home/airflow/.local/lib/python3.7/site-packages/airflow/example_dags/example_latest_only_with_trigger.py for tasks to queue
[2023-07-03T18:10:55.841+0000] {logging_mixin.py:149} INFO - [2023-07-03T18:10:55.841+0000] {dagbag.py:541} INFO - Filling up the DagBag from /home/airflow/.local/lib/python3.7/site-packages/airflow/example_dags/example_latest_only_with_trigger.py
[2023-07-03T18:10:55.846+0000] {processor.py:836} INFO - DAG(s) dict_keys(['latest_only_with_trigger']) retrieved from /home/airflow/.local/lib/python3.7/site-packages/airflow/example_dags/example_latest_only_with_trigger.py
[2023-07-03T18:10:55.866+0000] {logging_mixin.py:149} INFO - [2023-07-03T18:10:55.866+0000] {dag.py:2726} INFO - Sync 1 DAGs
[2023-07-03T18:10:55.888+0000] {logging_mixin.py:149} INFO - [2023-07-03T18:10:55.888+0000] {dag.py:3490} INFO - Setting next_dagrun for latest_only_with_trigger to 2023-07-03T14:10:55.887934+00:00, run_after=2023-07-03T18:10:55.887934+00:00
[2023-07-03T18:10:55.904+0000] {processor.py:179} INFO - Processing /home/airflow/.local/lib/python3.7/site-packages/airflow/example_dags/example_latest_only_with_trigger.py took 0.068 seconds
[2023-07-03T18:11:26.092+0000] {processor.py:157} INFO - Started process (PID=5229) to work on /home/airflow/.local/lib/python3.7/site-packages/airflow/example_dags/example_latest_only_with_trigger.py
[2023-07-03T18:11:26.093+0000] {processor.py:826} INFO - Processing file /home/airflow/.local/lib/python3.7/site-packages/airflow/example_dags/example_latest_only_with_trigger.py for tasks to queue
[2023-07-03T18:11:26.094+0000] {logging_mixin.py:149} INFO - [2023-07-03T18:11:26.094+0000] {dagbag.py:541} INFO - Filling up the DagBag from /home/airflow/.local/lib/python3.7/site-packages/airflow/example_dags/example_latest_only_with_trigger.py
[2023-07-03T18:11:26.100+0000] {processor.py:836} INFO - DAG(s) dict_keys(['latest_only_with_trigger']) retrieved from /home/airflow/.local/lib/python3.7/site-packages/airflow/example_dags/example_latest_only_with_trigger.py
[2023-07-03T18:11:26.122+0000] {logging_mixin.py:149} INFO - [2023-07-03T18:11:26.122+0000] {dag.py:2726} INFO - Sync 1 DAGs
[2023-07-03T18:11:26.144+0000] {logging_mixin.py:149} INFO - [2023-07-03T18:11:26.144+0000] {dag.py:3490} INFO - Setting next_dagrun for latest_only_with_trigger to 2023-07-03T14:11:26.143857+00:00, run_after=2023-07-03T18:11:26.143857+00:00
[2023-07-03T18:11:26.161+0000] {processor.py:179} INFO - Processing /home/airflow/.local/lib/python3.7/site-packages/airflow/example_dags/example_latest_only_with_trigger.py took 0.072 seconds
[2023-07-03T18:11:56.224+0000] {processor.py:157} INFO - Started process (PID=5478) to work on /home/airflow/.local/lib/python3.7/site-packages/airflow/example_dags/example_latest_only_with_trigger.py
[2023-07-03T18:11:56.225+0000] {processor.py:826} INFO - Processing file /home/airflow/.local/lib/python3.7/site-packages/airflow/example_dags/example_latest_only_with_trigger.py for tasks to queue
[2023-07-03T18:11:56.226+0000] {logging_mixin.py:149} INFO - [2023-07-03T18:11:56.226+0000] {dagbag.py:541} INFO - Filling up the DagBag from /home/airflow/.local/lib/python3.7/site-packages/airflow/example_dags/example_latest_only_with_trigger.py
[2023-07-03T18:11:56.231+0000] {processor.py:836} INFO - DAG(s) dict_keys(['latest_only_with_trigger']) retrieved from /home/airflow/.local/lib/python3.7/site-packages/airflow/example_dags/example_latest_only_with_trigger.py
[2023-07-03T18:11:56.252+0000] {logging_mixin.py:149} INFO - [2023-07-03T18:11:56.252+0000] {dag.py:2726} INFO - Sync 1 DAGs
[2023-07-03T18:11:56.274+0000] {logging_mixin.py:149} INFO - [2023-07-03T18:11:56.273+0000] {dag.py:3490} INFO - Setting next_dagrun for latest_only_with_trigger to 2023-07-03T14:11:56.273719+00:00, run_after=2023-07-03T18:11:56.273719+00:00
[2023-07-03T18:11:56.294+0000] {processor.py:179} INFO - Processing /home/airflow/.local/lib/python3.7/site-packages/airflow/example_dags/example_latest_only_with_trigger.py took 0.072 seconds
[2023-07-03T18:12:26.388+0000] {processor.py:157} INFO - Started process (PID=5727) to work on /home/airflow/.local/lib/python3.7/site-packages/airflow/example_dags/example_latest_only_with_trigger.py
[2023-07-03T18:12:26.389+0000] {processor.py:826} INFO - Processing file /home/airflow/.local/lib/python3.7/site-packages/airflow/example_dags/example_latest_only_with_trigger.py for tasks to queue
[2023-07-03T18:12:26.390+0000] {logging_mixin.py:149} INFO - [2023-07-03T18:12:26.390+0000] {dagbag.py:541} INFO - Filling up the DagBag from /home/airflow/.local/lib/python3.7/site-packages/airflow/example_dags/example_latest_only_with_trigger.py
[2023-07-03T18:12:26.396+0000] {processor.py:836} INFO - DAG(s) dict_keys(['latest_only_with_trigger']) retrieved from /home/airflow/.local/lib/python3.7/site-packages/airflow/example_dags/example_latest_only_with_trigger.py
[2023-07-03T18:12:26.417+0000] {logging_mixin.py:149} INFO - [2023-07-03T18:12:26.417+0000] {dag.py:2726} INFO - Sync 1 DAGs
[2023-07-03T18:12:26.439+0000] {logging_mixin.py:149} INFO - [2023-07-03T18:12:26.439+0000] {dag.py:3490} INFO - Setting next_dagrun for latest_only_with_trigger to 2023-07-03T14:12:26.439429+00:00, run_after=2023-07-03T18:12:26.439429+00:00
[2023-07-03T18:12:26.459+0000] {processor.py:179} INFO - Processing /home/airflow/.local/lib/python3.7/site-packages/airflow/example_dags/example_latest_only_with_trigger.py took 0.074 seconds
[2023-07-03T18:12:57.072+0000] {processor.py:157} INFO - Started process (PID=5976) to work on /home/airflow/.local/lib/python3.7/site-packages/airflow/example_dags/example_latest_only_with_trigger.py
[2023-07-03T18:12:57.073+0000] {processor.py:826} INFO - Processing file /home/airflow/.local/lib/python3.7/site-packages/airflow/example_dags/example_latest_only_with_trigger.py for tasks to queue
[2023-07-03T18:12:57.074+0000] {logging_mixin.py:149} INFO - [2023-07-03T18:12:57.074+0000] {dagbag.py:541} INFO - Filling up the DagBag from /home/airflow/.local/lib/python3.7/site-packages/airflow/example_dags/example_latest_only_with_trigger.py
[2023-07-03T18:12:57.079+0000] {processor.py:836} INFO - DAG(s) dict_keys(['latest_only_with_trigger']) retrieved from /home/airflow/.local/lib/python3.7/site-packages/airflow/example_dags/example_latest_only_with_trigger.py
[2023-07-03T18:12:57.100+0000] {logging_mixin.py:149} INFO - [2023-07-03T18:12:57.100+0000] {dag.py:2726} INFO - Sync 1 DAGs
[2023-07-03T18:12:57.123+0000] {logging_mixin.py:149} INFO - [2023-07-03T18:12:57.122+0000] {dag.py:3490} INFO - Setting next_dagrun for latest_only_with_trigger to 2023-07-03T14:12:57.122676+00:00, run_after=2023-07-03T18:12:57.122676+00:00
[2023-07-03T18:12:57.141+0000] {processor.py:179} INFO - Processing /home/airflow/.local/lib/python3.7/site-packages/airflow/example_dags/example_latest_only_with_trigger.py took 0.072 seconds
[2023-07-03T18:13:27.723+0000] {processor.py:157} INFO - Started process (PID=6225) to work on /home/airflow/.local/lib/python3.7/site-packages/airflow/example_dags/example_latest_only_with_trigger.py
[2023-07-03T18:13:27.724+0000] {processor.py:826} INFO - Processing file /home/airflow/.local/lib/python3.7/site-packages/airflow/example_dags/example_latest_only_with_trigger.py for tasks to queue
[2023-07-03T18:13:27.725+0000] {logging_mixin.py:149} INFO - [2023-07-03T18:13:27.725+0000] {dagbag.py:541} INFO - Filling up the DagBag from /home/airflow/.local/lib/python3.7/site-packages/airflow/example_dags/example_latest_only_with_trigger.py
[2023-07-03T18:13:27.730+0000] {processor.py:836} INFO - DAG(s) dict_keys(['latest_only_with_trigger']) retrieved from /home/airflow/.local/lib/python3.7/site-packages/airflow/example_dags/example_latest_only_with_trigger.py
[2023-07-03T18:13:27.751+0000] {logging_mixin.py:149} INFO - [2023-07-03T18:13:27.751+0000] {dag.py:2726} INFO - Sync 1 DAGs
[2023-07-03T18:13:27.772+0000] {logging_mixin.py:149} INFO - [2023-07-03T18:13:27.771+0000] {dag.py:3490} INFO - Setting next_dagrun for latest_only_with_trigger to 2023-07-03T14:13:27.771779+00:00, run_after=2023-07-03T18:13:27.771779+00:00
[2023-07-03T18:13:27.788+0000] {processor.py:179} INFO - Processing /home/airflow/.local/lib/python3.7/site-packages/airflow/example_dags/example_latest_only_with_trigger.py took 0.067 seconds
[2023-07-03T18:13:58.299+0000] {processor.py:157} INFO - Started process (PID=6474) to work on /home/airflow/.local/lib/python3.7/site-packages/airflow/example_dags/example_latest_only_with_trigger.py
[2023-07-03T18:13:58.300+0000] {processor.py:826} INFO - Processing file /home/airflow/.local/lib/python3.7/site-packages/airflow/example_dags/example_latest_only_with_trigger.py for tasks to queue
[2023-07-03T18:13:58.301+0000] {logging_mixin.py:149} INFO - [2023-07-03T18:13:58.301+0000] {dagbag.py:541} INFO - Filling up the DagBag from /home/airflow/.local/lib/python3.7/site-packages/airflow/example_dags/example_latest_only_with_trigger.py
[2023-07-03T18:13:58.306+0000] {processor.py:836} INFO - DAG(s) dict_keys(['latest_only_with_trigger']) retrieved from /home/airflow/.local/lib/python3.7/site-packages/airflow/example_dags/example_latest_only_with_trigger.py
[2023-07-03T18:13:58.327+0000] {logging_mixin.py:149} INFO - [2023-07-03T18:13:58.326+0000] {dag.py:2726} INFO - Sync 1 DAGs
[2023-07-03T18:13:58.348+0000] {logging_mixin.py:149} INFO - [2023-07-03T18:13:58.347+0000] {dag.py:3490} INFO - Setting next_dagrun for latest_only_with_trigger to 2023-07-03T14:13:58.347712+00:00, run_after=2023-07-03T18:13:58.347712+00:00
[2023-07-03T18:13:58.366+0000] {processor.py:179} INFO - Processing /home/airflow/.local/lib/python3.7/site-packages/airflow/example_dags/example_latest_only_with_trigger.py took 0.070 seconds
[2023-07-03T18:14:28.813+0000] {processor.py:157} INFO - Started process (PID=6723) to work on /home/airflow/.local/lib/python3.7/site-packages/airflow/example_dags/example_latest_only_with_trigger.py
[2023-07-03T18:14:28.815+0000] {processor.py:826} INFO - Processing file /home/airflow/.local/lib/python3.7/site-packages/airflow/example_dags/example_latest_only_with_trigger.py for tasks to queue
[2023-07-03T18:14:28.816+0000] {logging_mixin.py:149} INFO - [2023-07-03T18:14:28.815+0000] {dagbag.py:541} INFO - Filling up the DagBag from /home/airflow/.local/lib/python3.7/site-packages/airflow/example_dags/example_latest_only_with_trigger.py
[2023-07-03T18:14:28.821+0000] {processor.py:836} INFO - DAG(s) dict_keys(['latest_only_with_trigger']) retrieved from /home/airflow/.local/lib/python3.7/site-packages/airflow/example_dags/example_latest_only_with_trigger.py
[2023-07-03T18:14:28.841+0000] {logging_mixin.py:149} INFO - [2023-07-03T18:14:28.841+0000] {dag.py:2726} INFO - Sync 1 DAGs
[2023-07-03T18:14:28.863+0000] {logging_mixin.py:149} INFO - [2023-07-03T18:14:28.862+0000] {dag.py:3490} INFO - Setting next_dagrun for latest_only_with_trigger to 2023-07-03T14:14:28.862646+00:00, run_after=2023-07-03T18:14:28.862646+00:00
[2023-07-03T18:14:28.881+0000] {processor.py:179} INFO - Processing /home/airflow/.local/lib/python3.7/site-packages/airflow/example_dags/example_latest_only_with_trigger.py took 0.070 seconds
[2023-07-03T18:14:59.385+0000] {processor.py:157} INFO - Started process (PID=6972) to work on /home/airflow/.local/lib/python3.7/site-packages/airflow/example_dags/example_latest_only_with_trigger.py
[2023-07-03T18:14:59.386+0000] {processor.py:826} INFO - Processing file /home/airflow/.local/lib/python3.7/site-packages/airflow/example_dags/example_latest_only_with_trigger.py for tasks to queue
[2023-07-03T18:14:59.387+0000] {logging_mixin.py:149} INFO - [2023-07-03T18:14:59.387+0000] {dagbag.py:541} INFO - Filling up the DagBag from /home/airflow/.local/lib/python3.7/site-packages/airflow/example_dags/example_latest_only_with_trigger.py
[2023-07-03T18:14:59.392+0000] {processor.py:836} INFO - DAG(s) dict_keys(['latest_only_with_trigger']) retrieved from /home/airflow/.local/lib/python3.7/site-packages/airflow/example_dags/example_latest_only_with_trigger.py
[2023-07-03T18:14:59.413+0000] {logging_mixin.py:149} INFO - [2023-07-03T18:14:59.413+0000] {dag.py:2726} INFO - Sync 1 DAGs
[2023-07-03T18:14:59.435+0000] {logging_mixin.py:149} INFO - [2023-07-03T18:14:59.434+0000] {dag.py:3490} INFO - Setting next_dagrun for latest_only_with_trigger to 2023-07-03T14:14:59.434615+00:00, run_after=2023-07-03T18:14:59.434615+00:00
[2023-07-03T18:14:59.454+0000] {processor.py:179} INFO - Processing /home/airflow/.local/lib/python3.7/site-packages/airflow/example_dags/example_latest_only_with_trigger.py took 0.072 seconds
[2023-07-03T18:15:29.955+0000] {processor.py:157} INFO - Started process (PID=7223) to work on /home/airflow/.local/lib/python3.7/site-packages/airflow/example_dags/example_latest_only_with_trigger.py
[2023-07-03T18:15:29.956+0000] {processor.py:826} INFO - Processing file /home/airflow/.local/lib/python3.7/site-packages/airflow/example_dags/example_latest_only_with_trigger.py for tasks to queue
[2023-07-03T18:15:29.957+0000] {logging_mixin.py:149} INFO - [2023-07-03T18:15:29.957+0000] {dagbag.py:541} INFO - Filling up the DagBag from /home/airflow/.local/lib/python3.7/site-packages/airflow/example_dags/example_latest_only_with_trigger.py
[2023-07-03T18:15:29.962+0000] {processor.py:836} INFO - DAG(s) dict_keys(['latest_only_with_trigger']) retrieved from /home/airflow/.local/lib/python3.7/site-packages/airflow/example_dags/example_latest_only_with_trigger.py
[2023-07-03T18:15:29.984+0000] {logging_mixin.py:149} INFO - [2023-07-03T18:15:29.983+0000] {dag.py:2726} INFO - Sync 1 DAGs
[2023-07-03T18:15:30.007+0000] {logging_mixin.py:149} INFO - [2023-07-03T18:15:30.007+0000] {dag.py:3490} INFO - Setting next_dagrun for latest_only_with_trigger to 2023-07-03T14:15:30.007545+00:00, run_after=2023-07-03T18:15:30.007545+00:00
[2023-07-03T18:15:30.024+0000] {processor.py:179} INFO - Processing /home/airflow/.local/lib/python3.7/site-packages/airflow/example_dags/example_latest_only_with_trigger.py took 0.071 seconds
[2023-07-03T18:16:00.516+0000] {processor.py:157} INFO - Started process (PID=7470) to work on /home/airflow/.local/lib/python3.7/site-packages/airflow/example_dags/example_latest_only_with_trigger.py
[2023-07-03T18:16:00.517+0000] {processor.py:826} INFO - Processing file /home/airflow/.local/lib/python3.7/site-packages/airflow/example_dags/example_latest_only_with_trigger.py for tasks to queue
[2023-07-03T18:16:00.518+0000] {logging_mixin.py:149} INFO - [2023-07-03T18:16:00.518+0000] {dagbag.py:541} INFO - Filling up the DagBag from /home/airflow/.local/lib/python3.7/site-packages/airflow/example_dags/example_latest_only_with_trigger.py
[2023-07-03T18:16:00.523+0000] {processor.py:836} INFO - DAG(s) dict_keys(['latest_only_with_trigger']) retrieved from /home/airflow/.local/lib/python3.7/site-packages/airflow/example_dags/example_latest_only_with_trigger.py
[2023-07-03T18:16:00.545+0000] {logging_mixin.py:149} INFO - [2023-07-03T18:16:00.545+0000] {dag.py:2726} INFO - Sync 1 DAGs
[2023-07-03T18:16:00.566+0000] {logging_mixin.py:149} INFO - [2023-07-03T18:16:00.566+0000] {dag.py:3490} INFO - Setting next_dagrun for latest_only_with_trigger to 2023-07-03T14:16:00.566624+00:00, run_after=2023-07-03T18:16:00.566624+00:00
[2023-07-03T18:16:00.583+0000] {processor.py:179} INFO - Processing /home/airflow/.local/lib/python3.7/site-packages/airflow/example_dags/example_latest_only_with_trigger.py took 0.070 seconds
[2023-07-03T18:16:30.663+0000] {processor.py:157} INFO - Started process (PID=7719) to work on /home/airflow/.local/lib/python3.7/site-packages/airflow/example_dags/example_latest_only_with_trigger.py
[2023-07-03T18:16:30.664+0000] {processor.py:826} INFO - Processing file /home/airflow/.local/lib/python3.7/site-packages/airflow/example_dags/example_latest_only_with_trigger.py for tasks to queue
[2023-07-03T18:16:30.664+0000] {logging_mixin.py:149} INFO - [2023-07-03T18:16:30.664+0000] {dagbag.py:541} INFO - Filling up the DagBag from /home/airflow/.local/lib/python3.7/site-packages/airflow/example_dags/example_latest_only_with_trigger.py
[2023-07-03T18:16:30.670+0000] {processor.py:836} INFO - DAG(s) dict_keys(['latest_only_with_trigger']) retrieved from /home/airflow/.local/lib/python3.7/site-packages/airflow/example_dags/example_latest_only_with_trigger.py
[2023-07-03T18:16:30.690+0000] {logging_mixin.py:149} INFO - [2023-07-03T18:16:30.690+0000] {dag.py:2726} INFO - Sync 1 DAGs
[2023-07-03T18:16:30.713+0000] {logging_mixin.py:149} INFO - [2023-07-03T18:16:30.713+0000] {dag.py:3490} INFO - Setting next_dagrun for latest_only_with_trigger to 2023-07-03T14:16:30.713022+00:00, run_after=2023-07-03T18:16:30.713022+00:00
[2023-07-03T18:16:30.733+0000] {processor.py:179} INFO - Processing /home/airflow/.local/lib/python3.7/site-packages/airflow/example_dags/example_latest_only_with_trigger.py took 0.073 seconds
[2023-07-03T18:17:01.205+0000] {processor.py:157} INFO - Started process (PID=7969) to work on /home/airflow/.local/lib/python3.7/site-packages/airflow/example_dags/example_latest_only_with_trigger.py
[2023-07-03T18:17:01.206+0000] {processor.py:826} INFO - Processing file /home/airflow/.local/lib/python3.7/site-packages/airflow/example_dags/example_latest_only_with_trigger.py for tasks to queue
[2023-07-03T18:17:01.208+0000] {logging_mixin.py:149} INFO - [2023-07-03T18:17:01.208+0000] {dagbag.py:541} INFO - Filling up the DagBag from /home/airflow/.local/lib/python3.7/site-packages/airflow/example_dags/example_latest_only_with_trigger.py
[2023-07-03T18:17:01.214+0000] {processor.py:836} INFO - DAG(s) dict_keys(['latest_only_with_trigger']) retrieved from /home/airflow/.local/lib/python3.7/site-packages/airflow/example_dags/example_latest_only_with_trigger.py
[2023-07-03T18:17:01.243+0000] {logging_mixin.py:149} INFO - [2023-07-03T18:17:01.243+0000] {dag.py:2726} INFO - Sync 1 DAGs
[2023-07-03T18:17:01.273+0000] {logging_mixin.py:149} INFO - [2023-07-03T18:17:01.273+0000] {dag.py:3490} INFO - Setting next_dagrun for latest_only_with_trigger to 2023-07-03T14:17:01.272886+00:00, run_after=2023-07-03T18:17:01.272886+00:00
[2023-07-03T18:17:01.293+0000] {processor.py:179} INFO - Processing /home/airflow/.local/lib/python3.7/site-packages/airflow/example_dags/example_latest_only_with_trigger.py took 0.091 seconds
[2023-07-03T18:17:31.431+0000] {processor.py:157} INFO - Started process (PID=8218) to work on /home/airflow/.local/lib/python3.7/site-packages/airflow/example_dags/example_latest_only_with_trigger.py
[2023-07-03T18:17:31.432+0000] {processor.py:826} INFO - Processing file /home/airflow/.local/lib/python3.7/site-packages/airflow/example_dags/example_latest_only_with_trigger.py for tasks to queue
[2023-07-03T18:17:31.434+0000] {logging_mixin.py:149} INFO - [2023-07-03T18:17:31.433+0000] {dagbag.py:541} INFO - Filling up the DagBag from /home/airflow/.local/lib/python3.7/site-packages/airflow/example_dags/example_latest_only_with_trigger.py
[2023-07-03T18:17:31.439+0000] {processor.py:836} INFO - DAG(s) dict_keys(['latest_only_with_trigger']) retrieved from /home/airflow/.local/lib/python3.7/site-packages/airflow/example_dags/example_latest_only_with_trigger.py
[2023-07-03T18:17:31.461+0000] {logging_mixin.py:149} INFO - [2023-07-03T18:17:31.461+0000] {dag.py:2726} INFO - Sync 1 DAGs
[2023-07-03T18:17:31.487+0000] {logging_mixin.py:149} INFO - [2023-07-03T18:17:31.487+0000] {dag.py:3490} INFO - Setting next_dagrun for latest_only_with_trigger to 2023-07-03T14:17:31.486971+00:00, run_after=2023-07-03T18:17:31.486971+00:00
[2023-07-03T18:17:31.504+0000] {processor.py:179} INFO - Processing /home/airflow/.local/lib/python3.7/site-packages/airflow/example_dags/example_latest_only_with_trigger.py took 0.077 seconds
[2023-07-03T18:18:02.054+0000] {processor.py:157} INFO - Started process (PID=8467) to work on /home/airflow/.local/lib/python3.7/site-packages/airflow/example_dags/example_latest_only_with_trigger.py
[2023-07-03T18:18:02.057+0000] {processor.py:826} INFO - Processing file /home/airflow/.local/lib/python3.7/site-packages/airflow/example_dags/example_latest_only_with_trigger.py for tasks to queue
[2023-07-03T18:18:02.059+0000] {logging_mixin.py:149} INFO - [2023-07-03T18:18:02.059+0000] {dagbag.py:541} INFO - Filling up the DagBag from /home/airflow/.local/lib/python3.7/site-packages/airflow/example_dags/example_latest_only_with_trigger.py
[2023-07-03T18:18:02.067+0000] {processor.py:836} INFO - DAG(s) dict_keys(['latest_only_with_trigger']) retrieved from /home/airflow/.local/lib/python3.7/site-packages/airflow/example_dags/example_latest_only_with_trigger.py
[2023-07-03T18:18:02.104+0000] {logging_mixin.py:149} INFO - [2023-07-03T18:18:02.104+0000] {dag.py:2726} INFO - Sync 1 DAGs
[2023-07-03T18:18:02.135+0000] {logging_mixin.py:149} INFO - [2023-07-03T18:18:02.135+0000] {dag.py:3490} INFO - Setting next_dagrun for latest_only_with_trigger to 2023-07-03T14:18:02.135519+00:00, run_after=2023-07-03T18:18:02.135519+00:00
[2023-07-03T18:18:02.160+0000] {processor.py:179} INFO - Processing /home/airflow/.local/lib/python3.7/site-packages/airflow/example_dags/example_latest_only_with_trigger.py took 0.110 seconds
[2023-07-03T18:18:32.505+0000] {processor.py:157} INFO - Started process (PID=8716) to work on /home/airflow/.local/lib/python3.7/site-packages/airflow/example_dags/example_latest_only_with_trigger.py
[2023-07-03T18:18:32.506+0000] {processor.py:826} INFO - Processing file /home/airflow/.local/lib/python3.7/site-packages/airflow/example_dags/example_latest_only_with_trigger.py for tasks to queue
[2023-07-03T18:18:32.507+0000] {logging_mixin.py:149} INFO - [2023-07-03T18:18:32.507+0000] {dagbag.py:541} INFO - Filling up the DagBag from /home/airflow/.local/lib/python3.7/site-packages/airflow/example_dags/example_latest_only_with_trigger.py
[2023-07-03T18:18:32.515+0000] {processor.py:836} INFO - DAG(s) dict_keys(['latest_only_with_trigger']) retrieved from /home/airflow/.local/lib/python3.7/site-packages/airflow/example_dags/example_latest_only_with_trigger.py
[2023-07-03T18:18:32.541+0000] {logging_mixin.py:149} INFO - [2023-07-03T18:18:32.541+0000] {dag.py:2726} INFO - Sync 1 DAGs
[2023-07-03T18:18:32.568+0000] {logging_mixin.py:149} INFO - [2023-07-03T18:18:32.568+0000] {dag.py:3490} INFO - Setting next_dagrun for latest_only_with_trigger to 2023-07-03T14:18:32.568378+00:00, run_after=2023-07-03T18:18:32.568378+00:00
[2023-07-03T18:18:32.590+0000] {processor.py:179} INFO - Processing /home/airflow/.local/lib/python3.7/site-packages/airflow/example_dags/example_latest_only_with_trigger.py took 0.089 seconds
[2023-07-03T18:19:02.749+0000] {processor.py:157} INFO - Started process (PID=8965) to work on /home/airflow/.local/lib/python3.7/site-packages/airflow/example_dags/example_latest_only_with_trigger.py
[2023-07-03T18:19:02.750+0000] {processor.py:826} INFO - Processing file /home/airflow/.local/lib/python3.7/site-packages/airflow/example_dags/example_latest_only_with_trigger.py for tasks to queue
[2023-07-03T18:19:02.751+0000] {logging_mixin.py:149} INFO - [2023-07-03T18:19:02.751+0000] {dagbag.py:541} INFO - Filling up the DagBag from /home/airflow/.local/lib/python3.7/site-packages/airflow/example_dags/example_latest_only_with_trigger.py
[2023-07-03T18:19:02.757+0000] {processor.py:836} INFO - DAG(s) dict_keys(['latest_only_with_trigger']) retrieved from /home/airflow/.local/lib/python3.7/site-packages/airflow/example_dags/example_latest_only_with_trigger.py
[2023-07-03T18:19:02.781+0000] {logging_mixin.py:149} INFO - [2023-07-03T18:19:02.780+0000] {dag.py:2726} INFO - Sync 1 DAGs
[2023-07-03T18:19:02.805+0000] {logging_mixin.py:149} INFO - [2023-07-03T18:19:02.805+0000] {dag.py:3490} INFO - Setting next_dagrun for latest_only_with_trigger to 2023-07-03T14:19:02.804850+00:00, run_after=2023-07-03T18:19:02.804850+00:00
[2023-07-03T18:19:02.839+0000] {processor.py:179} INFO - Processing /home/airflow/.local/lib/python3.7/site-packages/airflow/example_dags/example_latest_only_with_trigger.py took 0.093 seconds
[2023-07-03T18:19:32.938+0000] {processor.py:157} INFO - Started process (PID=9214) to work on /home/airflow/.local/lib/python3.7/site-packages/airflow/example_dags/example_latest_only_with_trigger.py
[2023-07-03T18:19:32.939+0000] {processor.py:826} INFO - Processing file /home/airflow/.local/lib/python3.7/site-packages/airflow/example_dags/example_latest_only_with_trigger.py for tasks to queue
[2023-07-03T18:19:32.940+0000] {logging_mixin.py:149} INFO - [2023-07-03T18:19:32.940+0000] {dagbag.py:541} INFO - Filling up the DagBag from /home/airflow/.local/lib/python3.7/site-packages/airflow/example_dags/example_latest_only_with_trigger.py
[2023-07-03T18:19:32.945+0000] {processor.py:836} INFO - DAG(s) dict_keys(['latest_only_with_trigger']) retrieved from /home/airflow/.local/lib/python3.7/site-packages/airflow/example_dags/example_latest_only_with_trigger.py
[2023-07-03T18:19:32.969+0000] {logging_mixin.py:149} INFO - [2023-07-03T18:19:32.969+0000] {dag.py:2726} INFO - Sync 1 DAGs
[2023-07-03T18:19:32.994+0000] {logging_mixin.py:149} INFO - [2023-07-03T18:19:32.994+0000] {dag.py:3490} INFO - Setting next_dagrun for latest_only_with_trigger to 2023-07-03T14:19:32.994014+00:00, run_after=2023-07-03T18:19:32.994014+00:00
[2023-07-03T18:19:33.012+0000] {processor.py:179} INFO - Processing /home/airflow/.local/lib/python3.7/site-packages/airflow/example_dags/example_latest_only_with_trigger.py took 0.077 seconds
[2023-07-03T18:20:03.606+0000] {processor.py:157} INFO - Started process (PID=9465) to work on /home/airflow/.local/lib/python3.7/site-packages/airflow/example_dags/example_latest_only_with_trigger.py
[2023-07-03T18:20:03.607+0000] {processor.py:826} INFO - Processing file /home/airflow/.local/lib/python3.7/site-packages/airflow/example_dags/example_latest_only_with_trigger.py for tasks to queue
[2023-07-03T18:20:03.608+0000] {logging_mixin.py:149} INFO - [2023-07-03T18:20:03.608+0000] {dagbag.py:541} INFO - Filling up the DagBag from /home/airflow/.local/lib/python3.7/site-packages/airflow/example_dags/example_latest_only_with_trigger.py
[2023-07-03T18:20:03.615+0000] {processor.py:836} INFO - DAG(s) dict_keys(['latest_only_with_trigger']) retrieved from /home/airflow/.local/lib/python3.7/site-packages/airflow/example_dags/example_latest_only_with_trigger.py
[2023-07-03T18:20:03.636+0000] {logging_mixin.py:149} INFO - [2023-07-03T18:20:03.636+0000] {dag.py:2726} INFO - Sync 1 DAGs
[2023-07-03T18:20:03.660+0000] {logging_mixin.py:149} INFO - [2023-07-03T18:20:03.660+0000] {dag.py:3490} INFO - Setting next_dagrun for latest_only_with_trigger to 2023-07-03T14:20:03.659870+00:00, run_after=2023-07-03T18:20:03.659870+00:00
[2023-07-03T18:20:03.678+0000] {processor.py:179} INFO - Processing /home/airflow/.local/lib/python3.7/site-packages/airflow/example_dags/example_latest_only_with_trigger.py took 0.075 seconds
