[2023-07-03T18:01:16.757+0000] {processor.py:157} INFO - Started process (PID=282) to work on /home/airflow/.local/lib/python3.7/site-packages/airflow/example_dags/example_task_group.py
[2023-07-03T18:01:16.758+0000] {processor.py:826} INFO - Processing file /home/airflow/.local/lib/python3.7/site-packages/airflow/example_dags/example_task_group.py for tasks to queue
[2023-07-03T18:01:16.760+0000] {logging_mixin.py:149} INFO - [2023-07-03T18:01:16.759+0000] {dagbag.py:541} INFO - Filling up the DagBag from /home/airflow/.local/lib/python3.7/site-packages/airflow/example_dags/example_task_group.py
[2023-07-03T18:01:16.777+0000] {processor.py:836} INFO - DAG(s) dict_keys(['example_task_group']) retrieved from /home/airflow/.local/lib/python3.7/site-packages/airflow/example_dags/example_task_group.py
[2023-07-03T18:01:16.792+0000] {logging_mixin.py:149} INFO - [2023-07-03T18:01:16.792+0000] {dag.py:2726} INFO - Sync 1 DAGs
[2023-07-03T18:01:16.820+0000] {logging_mixin.py:149} INFO - [2023-07-03T18:01:16.820+0000] {dag.py:3490} INFO - Setting next_dagrun for example_task_group to 2023-07-02T18:01:16.820531+00:00, run_after=2023-07-03T18:01:16.820531+00:00
[2023-07-03T18:01:16.843+0000] {processor.py:179} INFO - Processing /home/airflow/.local/lib/python3.7/site-packages/airflow/example_dags/example_task_group.py took 0.089 seconds
[2023-07-03T18:01:47.031+0000] {processor.py:157} INFO - Started process (PID=531) to work on /home/airflow/.local/lib/python3.7/site-packages/airflow/example_dags/example_task_group.py
[2023-07-03T18:01:47.032+0000] {processor.py:826} INFO - Processing file /home/airflow/.local/lib/python3.7/site-packages/airflow/example_dags/example_task_group.py for tasks to queue
[2023-07-03T18:01:47.033+0000] {logging_mixin.py:149} INFO - [2023-07-03T18:01:47.033+0000] {dagbag.py:541} INFO - Filling up the DagBag from /home/airflow/.local/lib/python3.7/site-packages/airflow/example_dags/example_task_group.py
[2023-07-03T18:01:47.040+0000] {processor.py:836} INFO - DAG(s) dict_keys(['example_task_group']) retrieved from /home/airflow/.local/lib/python3.7/site-packages/airflow/example_dags/example_task_group.py
[2023-07-03T18:01:47.062+0000] {logging_mixin.py:149} INFO - [2023-07-03T18:01:47.062+0000] {dag.py:2726} INFO - Sync 1 DAGs
[2023-07-03T18:01:47.083+0000] {logging_mixin.py:149} INFO - [2023-07-03T18:01:47.083+0000] {dag.py:3490} INFO - Setting next_dagrun for example_task_group to 2023-07-02T18:01:47.083638+00:00, run_after=2023-07-03T18:01:47.083638+00:00
[2023-07-03T18:01:47.117+0000] {processor.py:179} INFO - Processing /home/airflow/.local/lib/python3.7/site-packages/airflow/example_dags/example_task_group.py took 0.088 seconds
[2023-07-03T18:02:18.077+0000] {processor.py:157} INFO - Started process (PID=781) to work on /home/airflow/.local/lib/python3.7/site-packages/airflow/example_dags/example_task_group.py
[2023-07-03T18:02:18.077+0000] {processor.py:826} INFO - Processing file /home/airflow/.local/lib/python3.7/site-packages/airflow/example_dags/example_task_group.py for tasks to queue
[2023-07-03T18:02:18.078+0000] {logging_mixin.py:149} INFO - [2023-07-03T18:02:18.078+0000] {dagbag.py:541} INFO - Filling up the DagBag from /home/airflow/.local/lib/python3.7/site-packages/airflow/example_dags/example_task_group.py
[2023-07-03T18:02:18.085+0000] {processor.py:836} INFO - DAG(s) dict_keys(['example_task_group']) retrieved from /home/airflow/.local/lib/python3.7/site-packages/airflow/example_dags/example_task_group.py
[2023-07-03T18:02:18.110+0000] {logging_mixin.py:149} INFO - [2023-07-03T18:02:18.110+0000] {dag.py:2726} INFO - Sync 1 DAGs
[2023-07-03T18:02:18.131+0000] {logging_mixin.py:149} INFO - [2023-07-03T18:02:18.131+0000] {dag.py:3490} INFO - Setting next_dagrun for example_task_group to 2023-07-02T18:02:18.131538+00:00, run_after=2023-07-03T18:02:18.131538+00:00
[2023-07-03T18:02:18.148+0000] {processor.py:179} INFO - Processing /home/airflow/.local/lib/python3.7/site-packages/airflow/example_dags/example_task_group.py took 0.074 seconds
[2023-07-03T18:02:48.548+0000] {processor.py:157} INFO - Started process (PID=1032) to work on /home/airflow/.local/lib/python3.7/site-packages/airflow/example_dags/example_task_group.py
[2023-07-03T18:02:48.549+0000] {processor.py:826} INFO - Processing file /home/airflow/.local/lib/python3.7/site-packages/airflow/example_dags/example_task_group.py for tasks to queue
[2023-07-03T18:02:48.550+0000] {logging_mixin.py:149} INFO - [2023-07-03T18:02:48.549+0000] {dagbag.py:541} INFO - Filling up the DagBag from /home/airflow/.local/lib/python3.7/site-packages/airflow/example_dags/example_task_group.py
[2023-07-03T18:02:48.556+0000] {processor.py:836} INFO - DAG(s) dict_keys(['example_task_group']) retrieved from /home/airflow/.local/lib/python3.7/site-packages/airflow/example_dags/example_task_group.py
[2023-07-03T18:02:48.577+0000] {logging_mixin.py:149} INFO - [2023-07-03T18:02:48.577+0000] {dag.py:2726} INFO - Sync 1 DAGs
[2023-07-03T18:02:48.599+0000] {logging_mixin.py:149} INFO - [2023-07-03T18:02:48.599+0000] {dag.py:3490} INFO - Setting next_dagrun for example_task_group to 2023-07-02T18:02:48.599119+00:00, run_after=2023-07-03T18:02:48.599119+00:00
[2023-07-03T18:02:48.616+0000] {processor.py:179} INFO - Processing /home/airflow/.local/lib/python3.7/site-packages/airflow/example_dags/example_task_group.py took 0.070 seconds
[2023-07-03T18:03:19.377+0000] {processor.py:157} INFO - Started process (PID=1279) to work on /home/airflow/.local/lib/python3.7/site-packages/airflow/example_dags/example_task_group.py
[2023-07-03T18:03:19.378+0000] {processor.py:826} INFO - Processing file /home/airflow/.local/lib/python3.7/site-packages/airflow/example_dags/example_task_group.py for tasks to queue
[2023-07-03T18:03:19.379+0000] {logging_mixin.py:149} INFO - [2023-07-03T18:03:19.378+0000] {dagbag.py:541} INFO - Filling up the DagBag from /home/airflow/.local/lib/python3.7/site-packages/airflow/example_dags/example_task_group.py
[2023-07-03T18:03:19.386+0000] {processor.py:836} INFO - DAG(s) dict_keys(['example_task_group']) retrieved from /home/airflow/.local/lib/python3.7/site-packages/airflow/example_dags/example_task_group.py
[2023-07-03T18:03:19.408+0000] {logging_mixin.py:149} INFO - [2023-07-03T18:03:19.408+0000] {dag.py:2726} INFO - Sync 1 DAGs
[2023-07-03T18:03:19.430+0000] {logging_mixin.py:149} INFO - [2023-07-03T18:03:19.430+0000] {dag.py:3490} INFO - Setting next_dagrun for example_task_group to 2023-07-02T18:03:19.429997+00:00, run_after=2023-07-03T18:03:19.429997+00:00
[2023-07-03T18:03:19.448+0000] {processor.py:179} INFO - Processing /home/airflow/.local/lib/python3.7/site-packages/airflow/example_dags/example_task_group.py took 0.074 seconds
[2023-07-03T18:03:50.043+0000] {processor.py:157} INFO - Started process (PID=1528) to work on /home/airflow/.local/lib/python3.7/site-packages/airflow/example_dags/example_task_group.py
[2023-07-03T18:03:50.044+0000] {processor.py:826} INFO - Processing file /home/airflow/.local/lib/python3.7/site-packages/airflow/example_dags/example_task_group.py for tasks to queue
[2023-07-03T18:03:50.045+0000] {logging_mixin.py:149} INFO - [2023-07-03T18:03:50.045+0000] {dagbag.py:541} INFO - Filling up the DagBag from /home/airflow/.local/lib/python3.7/site-packages/airflow/example_dags/example_task_group.py
[2023-07-03T18:03:50.051+0000] {processor.py:836} INFO - DAG(s) dict_keys(['example_task_group']) retrieved from /home/airflow/.local/lib/python3.7/site-packages/airflow/example_dags/example_task_group.py
[2023-07-03T18:03:50.075+0000] {logging_mixin.py:149} INFO - [2023-07-03T18:03:50.075+0000] {dag.py:2726} INFO - Sync 1 DAGs
[2023-07-03T18:03:50.099+0000] {logging_mixin.py:149} INFO - [2023-07-03T18:03:50.098+0000] {dag.py:3490} INFO - Setting next_dagrun for example_task_group to 2023-07-02T18:03:50.098616+00:00, run_after=2023-07-03T18:03:50.098616+00:00
[2023-07-03T18:03:50.118+0000] {processor.py:179} INFO - Processing /home/airflow/.local/lib/python3.7/site-packages/airflow/example_dags/example_task_group.py took 0.078 seconds
[2023-07-03T18:04:20.790+0000] {processor.py:157} INFO - Started process (PID=1777) to work on /home/airflow/.local/lib/python3.7/site-packages/airflow/example_dags/example_task_group.py
[2023-07-03T18:04:20.791+0000] {processor.py:826} INFO - Processing file /home/airflow/.local/lib/python3.7/site-packages/airflow/example_dags/example_task_group.py for tasks to queue
[2023-07-03T18:04:20.792+0000] {logging_mixin.py:149} INFO - [2023-07-03T18:04:20.792+0000] {dagbag.py:541} INFO - Filling up the DagBag from /home/airflow/.local/lib/python3.7/site-packages/airflow/example_dags/example_task_group.py
[2023-07-03T18:04:20.799+0000] {processor.py:836} INFO - DAG(s) dict_keys(['example_task_group']) retrieved from /home/airflow/.local/lib/python3.7/site-packages/airflow/example_dags/example_task_group.py
[2023-07-03T18:04:20.822+0000] {logging_mixin.py:149} INFO - [2023-07-03T18:04:20.821+0000] {dag.py:2726} INFO - Sync 1 DAGs
[2023-07-03T18:04:20.843+0000] {logging_mixin.py:149} INFO - [2023-07-03T18:04:20.843+0000] {dag.py:3490} INFO - Setting next_dagrun for example_task_group to 2023-07-02T18:04:20.842923+00:00, run_after=2023-07-03T18:04:20.842923+00:00
[2023-07-03T18:04:20.860+0000] {processor.py:179} INFO - Processing /home/airflow/.local/lib/python3.7/site-packages/airflow/example_dags/example_task_group.py took 0.072 seconds
[2023-07-03T18:04:51.314+0000] {processor.py:157} INFO - Started process (PID=2026) to work on /home/airflow/.local/lib/python3.7/site-packages/airflow/example_dags/example_task_group.py
[2023-07-03T18:04:51.315+0000] {processor.py:826} INFO - Processing file /home/airflow/.local/lib/python3.7/site-packages/airflow/example_dags/example_task_group.py for tasks to queue
[2023-07-03T18:04:51.316+0000] {logging_mixin.py:149} INFO - [2023-07-03T18:04:51.316+0000] {dagbag.py:541} INFO - Filling up the DagBag from /home/airflow/.local/lib/python3.7/site-packages/airflow/example_dags/example_task_group.py
[2023-07-03T18:04:51.323+0000] {processor.py:836} INFO - DAG(s) dict_keys(['example_task_group']) retrieved from /home/airflow/.local/lib/python3.7/site-packages/airflow/example_dags/example_task_group.py
[2023-07-03T18:04:51.345+0000] {logging_mixin.py:149} INFO - [2023-07-03T18:04:51.345+0000] {dag.py:2726} INFO - Sync 1 DAGs
[2023-07-03T18:04:51.367+0000] {logging_mixin.py:149} INFO - [2023-07-03T18:04:51.367+0000] {dag.py:3490} INFO - Setting next_dagrun for example_task_group to 2023-07-02T18:04:51.367342+00:00, run_after=2023-07-03T18:04:51.367342+00:00
[2023-07-03T18:04:51.385+0000] {processor.py:179} INFO - Processing /home/airflow/.local/lib/python3.7/site-packages/airflow/example_dags/example_task_group.py took 0.073 seconds
[2023-07-03T18:05:22.039+0000] {processor.py:157} INFO - Started process (PID=2275) to work on /home/airflow/.local/lib/python3.7/site-packages/airflow/example_dags/example_task_group.py
[2023-07-03T18:05:22.040+0000] {processor.py:826} INFO - Processing file /home/airflow/.local/lib/python3.7/site-packages/airflow/example_dags/example_task_group.py for tasks to queue
[2023-07-03T18:05:22.041+0000] {logging_mixin.py:149} INFO - [2023-07-03T18:05:22.041+0000] {dagbag.py:541} INFO - Filling up the DagBag from /home/airflow/.local/lib/python3.7/site-packages/airflow/example_dags/example_task_group.py
[2023-07-03T18:05:22.047+0000] {processor.py:836} INFO - DAG(s) dict_keys(['example_task_group']) retrieved from /home/airflow/.local/lib/python3.7/site-packages/airflow/example_dags/example_task_group.py
[2023-07-03T18:05:22.070+0000] {logging_mixin.py:149} INFO - [2023-07-03T18:05:22.070+0000] {dag.py:2726} INFO - Sync 1 DAGs
[2023-07-03T18:05:22.091+0000] {logging_mixin.py:149} INFO - [2023-07-03T18:05:22.091+0000] {dag.py:3490} INFO - Setting next_dagrun for example_task_group to 2023-07-02T18:05:22.091665+00:00, run_after=2023-07-03T18:05:22.091665+00:00
[2023-07-03T18:05:22.110+0000] {processor.py:179} INFO - Processing /home/airflow/.local/lib/python3.7/site-packages/airflow/example_dags/example_task_group.py took 0.074 seconds
[2023-07-03T18:05:52.638+0000] {processor.py:157} INFO - Started process (PID=2524) to work on /home/airflow/.local/lib/python3.7/site-packages/airflow/example_dags/example_task_group.py
[2023-07-03T18:05:52.639+0000] {processor.py:826} INFO - Processing file /home/airflow/.local/lib/python3.7/site-packages/airflow/example_dags/example_task_group.py for tasks to queue
[2023-07-03T18:05:52.640+0000] {logging_mixin.py:149} INFO - [2023-07-03T18:05:52.640+0000] {dagbag.py:541} INFO - Filling up the DagBag from /home/airflow/.local/lib/python3.7/site-packages/airflow/example_dags/example_task_group.py
[2023-07-03T18:05:52.647+0000] {processor.py:836} INFO - DAG(s) dict_keys(['example_task_group']) retrieved from /home/airflow/.local/lib/python3.7/site-packages/airflow/example_dags/example_task_group.py
[2023-07-03T18:05:52.671+0000] {logging_mixin.py:149} INFO - [2023-07-03T18:05:52.671+0000] {dag.py:2726} INFO - Sync 1 DAGs
[2023-07-03T18:05:52.693+0000] {logging_mixin.py:149} INFO - [2023-07-03T18:05:52.693+0000] {dag.py:3490} INFO - Setting next_dagrun for example_task_group to 2023-07-02T18:05:52.693634+00:00, run_after=2023-07-03T18:05:52.693634+00:00
[2023-07-03T18:05:52.712+0000] {processor.py:179} INFO - Processing /home/airflow/.local/lib/python3.7/site-packages/airflow/example_dags/example_task_group.py took 0.077 seconds
[2023-07-03T18:06:23.372+0000] {processor.py:157} INFO - Started process (PID=2773) to work on /home/airflow/.local/lib/python3.7/site-packages/airflow/example_dags/example_task_group.py
[2023-07-03T18:06:23.373+0000] {processor.py:826} INFO - Processing file /home/airflow/.local/lib/python3.7/site-packages/airflow/example_dags/example_task_group.py for tasks to queue
[2023-07-03T18:06:23.374+0000] {logging_mixin.py:149} INFO - [2023-07-03T18:06:23.374+0000] {dagbag.py:541} INFO - Filling up the DagBag from /home/airflow/.local/lib/python3.7/site-packages/airflow/example_dags/example_task_group.py
[2023-07-03T18:06:23.382+0000] {processor.py:836} INFO - DAG(s) dict_keys(['example_task_group']) retrieved from /home/airflow/.local/lib/python3.7/site-packages/airflow/example_dags/example_task_group.py
[2023-07-03T18:06:23.405+0000] {logging_mixin.py:149} INFO - [2023-07-03T18:06:23.405+0000] {dag.py:2726} INFO - Sync 1 DAGs
[2023-07-03T18:06:23.428+0000] {logging_mixin.py:149} INFO - [2023-07-03T18:06:23.428+0000] {dag.py:3490} INFO - Setting next_dagrun for example_task_group to 2023-07-02T18:06:23.428608+00:00, run_after=2023-07-03T18:06:23.428608+00:00
[2023-07-03T18:06:23.448+0000] {processor.py:179} INFO - Processing /home/airflow/.local/lib/python3.7/site-packages/airflow/example_dags/example_task_group.py took 0.079 seconds
[2023-07-03T18:06:54.073+0000] {processor.py:157} INFO - Started process (PID=3022) to work on /home/airflow/.local/lib/python3.7/site-packages/airflow/example_dags/example_task_group.py
[2023-07-03T18:06:54.074+0000] {processor.py:826} INFO - Processing file /home/airflow/.local/lib/python3.7/site-packages/airflow/example_dags/example_task_group.py for tasks to queue
[2023-07-03T18:06:54.075+0000] {logging_mixin.py:149} INFO - [2023-07-03T18:06:54.075+0000] {dagbag.py:541} INFO - Filling up the DagBag from /home/airflow/.local/lib/python3.7/site-packages/airflow/example_dags/example_task_group.py
[2023-07-03T18:06:54.082+0000] {processor.py:836} INFO - DAG(s) dict_keys(['example_task_group']) retrieved from /home/airflow/.local/lib/python3.7/site-packages/airflow/example_dags/example_task_group.py
[2023-07-03T18:06:54.107+0000] {logging_mixin.py:149} INFO - [2023-07-03T18:06:54.107+0000] {dag.py:2726} INFO - Sync 1 DAGs
[2023-07-03T18:06:54.134+0000] {logging_mixin.py:149} INFO - [2023-07-03T18:06:54.133+0000] {dag.py:3490} INFO - Setting next_dagrun for example_task_group to 2023-07-02T18:06:54.133673+00:00, run_after=2023-07-03T18:06:54.133673+00:00
[2023-07-03T18:06:54.152+0000] {processor.py:179} INFO - Processing /home/airflow/.local/lib/python3.7/site-packages/airflow/example_dags/example_task_group.py took 0.082 seconds
[2023-07-03T18:07:24.795+0000] {processor.py:157} INFO - Started process (PID=3271) to work on /home/airflow/.local/lib/python3.7/site-packages/airflow/example_dags/example_task_group.py
[2023-07-03T18:07:24.796+0000] {processor.py:826} INFO - Processing file /home/airflow/.local/lib/python3.7/site-packages/airflow/example_dags/example_task_group.py for tasks to queue
[2023-07-03T18:07:24.797+0000] {logging_mixin.py:149} INFO - [2023-07-03T18:07:24.797+0000] {dagbag.py:541} INFO - Filling up the DagBag from /home/airflow/.local/lib/python3.7/site-packages/airflow/example_dags/example_task_group.py
[2023-07-03T18:07:24.804+0000] {processor.py:836} INFO - DAG(s) dict_keys(['example_task_group']) retrieved from /home/airflow/.local/lib/python3.7/site-packages/airflow/example_dags/example_task_group.py
[2023-07-03T18:07:24.826+0000] {logging_mixin.py:149} INFO - [2023-07-03T18:07:24.826+0000] {dag.py:2726} INFO - Sync 1 DAGs
[2023-07-03T18:07:24.849+0000] {logging_mixin.py:149} INFO - [2023-07-03T18:07:24.848+0000] {dag.py:3490} INFO - Setting next_dagrun for example_task_group to 2023-07-02T18:07:24.848779+00:00, run_after=2023-07-03T18:07:24.848779+00:00
[2023-07-03T18:07:24.869+0000] {processor.py:179} INFO - Processing /home/airflow/.local/lib/python3.7/site-packages/airflow/example_dags/example_task_group.py took 0.076 seconds
[2023-07-03T18:07:55.369+0000] {processor.py:157} INFO - Started process (PID=3521) to work on /home/airflow/.local/lib/python3.7/site-packages/airflow/example_dags/example_task_group.py
[2023-07-03T18:07:55.370+0000] {processor.py:826} INFO - Processing file /home/airflow/.local/lib/python3.7/site-packages/airflow/example_dags/example_task_group.py for tasks to queue
[2023-07-03T18:07:55.371+0000] {logging_mixin.py:149} INFO - [2023-07-03T18:07:55.371+0000] {dagbag.py:541} INFO - Filling up the DagBag from /home/airflow/.local/lib/python3.7/site-packages/airflow/example_dags/example_task_group.py
[2023-07-03T18:07:55.378+0000] {processor.py:836} INFO - DAG(s) dict_keys(['example_task_group']) retrieved from /home/airflow/.local/lib/python3.7/site-packages/airflow/example_dags/example_task_group.py
[2023-07-03T18:07:55.400+0000] {logging_mixin.py:149} INFO - [2023-07-03T18:07:55.399+0000] {dag.py:2726} INFO - Sync 1 DAGs
[2023-07-03T18:07:55.421+0000] {logging_mixin.py:149} INFO - [2023-07-03T18:07:55.421+0000] {dag.py:3490} INFO - Setting next_dagrun for example_task_group to 2023-07-02T18:07:55.421504+00:00, run_after=2023-07-03T18:07:55.421504+00:00
[2023-07-03T18:07:55.438+0000] {processor.py:179} INFO - Processing /home/airflow/.local/lib/python3.7/site-packages/airflow/example_dags/example_task_group.py took 0.072 seconds
[2023-07-03T18:08:25.856+0000] {processor.py:157} INFO - Started process (PID=3770) to work on /home/airflow/.local/lib/python3.7/site-packages/airflow/example_dags/example_task_group.py
[2023-07-03T18:08:25.857+0000] {processor.py:826} INFO - Processing file /home/airflow/.local/lib/python3.7/site-packages/airflow/example_dags/example_task_group.py for tasks to queue
[2023-07-03T18:08:25.858+0000] {logging_mixin.py:149} INFO - [2023-07-03T18:08:25.858+0000] {dagbag.py:541} INFO - Filling up the DagBag from /home/airflow/.local/lib/python3.7/site-packages/airflow/example_dags/example_task_group.py
[2023-07-03T18:08:25.865+0000] {processor.py:836} INFO - DAG(s) dict_keys(['example_task_group']) retrieved from /home/airflow/.local/lib/python3.7/site-packages/airflow/example_dags/example_task_group.py
[2023-07-03T18:08:25.887+0000] {logging_mixin.py:149} INFO - [2023-07-03T18:08:25.887+0000] {dag.py:2726} INFO - Sync 1 DAGs
[2023-07-03T18:08:25.908+0000] {logging_mixin.py:149} INFO - [2023-07-03T18:08:25.908+0000] {dag.py:3490} INFO - Setting next_dagrun for example_task_group to 2023-07-02T18:08:25.908471+00:00, run_after=2023-07-03T18:08:25.908471+00:00
[2023-07-03T18:08:25.927+0000] {processor.py:179} INFO - Processing /home/airflow/.local/lib/python3.7/site-packages/airflow/example_dags/example_task_group.py took 0.074 seconds
[2023-07-03T18:08:56.449+0000] {processor.py:157} INFO - Started process (PID=4019) to work on /home/airflow/.local/lib/python3.7/site-packages/airflow/example_dags/example_task_group.py
[2023-07-03T18:08:56.450+0000] {processor.py:826} INFO - Processing file /home/airflow/.local/lib/python3.7/site-packages/airflow/example_dags/example_task_group.py for tasks to queue
[2023-07-03T18:08:56.451+0000] {logging_mixin.py:149} INFO - [2023-07-03T18:08:56.451+0000] {dagbag.py:541} INFO - Filling up the DagBag from /home/airflow/.local/lib/python3.7/site-packages/airflow/example_dags/example_task_group.py
[2023-07-03T18:08:56.458+0000] {processor.py:836} INFO - DAG(s) dict_keys(['example_task_group']) retrieved from /home/airflow/.local/lib/python3.7/site-packages/airflow/example_dags/example_task_group.py
[2023-07-03T18:08:56.480+0000] {logging_mixin.py:149} INFO - [2023-07-03T18:08:56.480+0000] {dag.py:2726} INFO - Sync 1 DAGs
[2023-07-03T18:08:56.502+0000] {logging_mixin.py:149} INFO - [2023-07-03T18:08:56.502+0000] {dag.py:3490} INFO - Setting next_dagrun for example_task_group to 2023-07-02T18:08:56.502460+00:00, run_after=2023-07-03T18:08:56.502460+00:00
[2023-07-03T18:08:56.521+0000] {processor.py:179} INFO - Processing /home/airflow/.local/lib/python3.7/site-packages/airflow/example_dags/example_task_group.py took 0.075 seconds
[2023-07-03T18:09:27.088+0000] {processor.py:157} INFO - Started process (PID=4268) to work on /home/airflow/.local/lib/python3.7/site-packages/airflow/example_dags/example_task_group.py
[2023-07-03T18:09:27.089+0000] {processor.py:826} INFO - Processing file /home/airflow/.local/lib/python3.7/site-packages/airflow/example_dags/example_task_group.py for tasks to queue
[2023-07-03T18:09:27.090+0000] {logging_mixin.py:149} INFO - [2023-07-03T18:09:27.089+0000] {dagbag.py:541} INFO - Filling up the DagBag from /home/airflow/.local/lib/python3.7/site-packages/airflow/example_dags/example_task_group.py
[2023-07-03T18:09:27.096+0000] {processor.py:836} INFO - DAG(s) dict_keys(['example_task_group']) retrieved from /home/airflow/.local/lib/python3.7/site-packages/airflow/example_dags/example_task_group.py
[2023-07-03T18:09:27.119+0000] {logging_mixin.py:149} INFO - [2023-07-03T18:09:27.119+0000] {dag.py:2726} INFO - Sync 1 DAGs
[2023-07-03T18:09:27.142+0000] {logging_mixin.py:149} INFO - [2023-07-03T18:09:27.142+0000] {dag.py:3490} INFO - Setting next_dagrun for example_task_group to 2023-07-02T18:09:27.142105+00:00, run_after=2023-07-03T18:09:27.142105+00:00
[2023-07-03T18:09:27.160+0000] {processor.py:179} INFO - Processing /home/airflow/.local/lib/python3.7/site-packages/airflow/example_dags/example_task_group.py took 0.075 seconds
[2023-07-03T18:09:57.855+0000] {processor.py:157} INFO - Started process (PID=4517) to work on /home/airflow/.local/lib/python3.7/site-packages/airflow/example_dags/example_task_group.py
[2023-07-03T18:09:57.856+0000] {processor.py:826} INFO - Processing file /home/airflow/.local/lib/python3.7/site-packages/airflow/example_dags/example_task_group.py for tasks to queue
[2023-07-03T18:09:57.856+0000] {logging_mixin.py:149} INFO - [2023-07-03T18:09:57.856+0000] {dagbag.py:541} INFO - Filling up the DagBag from /home/airflow/.local/lib/python3.7/site-packages/airflow/example_dags/example_task_group.py
[2023-07-03T18:09:57.863+0000] {processor.py:836} INFO - DAG(s) dict_keys(['example_task_group']) retrieved from /home/airflow/.local/lib/python3.7/site-packages/airflow/example_dags/example_task_group.py
[2023-07-03T18:09:57.886+0000] {logging_mixin.py:149} INFO - [2023-07-03T18:09:57.885+0000] {dag.py:2726} INFO - Sync 1 DAGs
[2023-07-03T18:09:57.907+0000] {logging_mixin.py:149} INFO - [2023-07-03T18:09:57.907+0000] {dag.py:3490} INFO - Setting next_dagrun for example_task_group to 2023-07-02T18:09:57.906813+00:00, run_after=2023-07-03T18:09:57.906813+00:00
[2023-07-03T18:09:57.923+0000] {processor.py:179} INFO - Processing /home/airflow/.local/lib/python3.7/site-packages/airflow/example_dags/example_task_group.py took 0.071 seconds
[2023-07-03T18:10:28.144+0000] {processor.py:157} INFO - Started process (PID=4766) to work on /home/airflow/.local/lib/python3.7/site-packages/airflow/example_dags/example_task_group.py
[2023-07-03T18:10:28.146+0000] {processor.py:826} INFO - Processing file /home/airflow/.local/lib/python3.7/site-packages/airflow/example_dags/example_task_group.py for tasks to queue
[2023-07-03T18:10:28.146+0000] {logging_mixin.py:149} INFO - [2023-07-03T18:10:28.146+0000] {dagbag.py:541} INFO - Filling up the DagBag from /home/airflow/.local/lib/python3.7/site-packages/airflow/example_dags/example_task_group.py
[2023-07-03T18:10:28.153+0000] {processor.py:836} INFO - DAG(s) dict_keys(['example_task_group']) retrieved from /home/airflow/.local/lib/python3.7/site-packages/airflow/example_dags/example_task_group.py
[2023-07-03T18:10:28.175+0000] {logging_mixin.py:149} INFO - [2023-07-03T18:10:28.174+0000] {dag.py:2726} INFO - Sync 1 DAGs
[2023-07-03T18:10:28.197+0000] {logging_mixin.py:149} INFO - [2023-07-03T18:10:28.197+0000] {dag.py:3490} INFO - Setting next_dagrun for example_task_group to 2023-07-02T18:10:28.197153+00:00, run_after=2023-07-03T18:10:28.197153+00:00
[2023-07-03T18:10:28.213+0000] {processor.py:179} INFO - Processing /home/airflow/.local/lib/python3.7/site-packages/airflow/example_dags/example_task_group.py took 0.071 seconds
[2023-07-03T18:10:58.350+0000] {processor.py:157} INFO - Started process (PID=5015) to work on /home/airflow/.local/lib/python3.7/site-packages/airflow/example_dags/example_task_group.py
[2023-07-03T18:10:58.351+0000] {processor.py:826} INFO - Processing file /home/airflow/.local/lib/python3.7/site-packages/airflow/example_dags/example_task_group.py for tasks to queue
[2023-07-03T18:10:58.352+0000] {logging_mixin.py:149} INFO - [2023-07-03T18:10:58.352+0000] {dagbag.py:541} INFO - Filling up the DagBag from /home/airflow/.local/lib/python3.7/site-packages/airflow/example_dags/example_task_group.py
[2023-07-03T18:10:58.359+0000] {processor.py:836} INFO - DAG(s) dict_keys(['example_task_group']) retrieved from /home/airflow/.local/lib/python3.7/site-packages/airflow/example_dags/example_task_group.py
[2023-07-03T18:10:58.380+0000] {logging_mixin.py:149} INFO - [2023-07-03T18:10:58.379+0000] {dag.py:2726} INFO - Sync 1 DAGs
[2023-07-03T18:10:58.400+0000] {logging_mixin.py:149} INFO - [2023-07-03T18:10:58.400+0000] {dag.py:3490} INFO - Setting next_dagrun for example_task_group to 2023-07-02T18:10:58.400279+00:00, run_after=2023-07-03T18:10:58.400279+00:00
[2023-07-03T18:10:58.418+0000] {processor.py:179} INFO - Processing /home/airflow/.local/lib/python3.7/site-packages/airflow/example_dags/example_task_group.py took 0.071 seconds
[2023-07-03T18:11:28.503+0000] {processor.py:157} INFO - Started process (PID=5264) to work on /home/airflow/.local/lib/python3.7/site-packages/airflow/example_dags/example_task_group.py
[2023-07-03T18:11:28.504+0000] {processor.py:826} INFO - Processing file /home/airflow/.local/lib/python3.7/site-packages/airflow/example_dags/example_task_group.py for tasks to queue
[2023-07-03T18:11:28.505+0000] {logging_mixin.py:149} INFO - [2023-07-03T18:11:28.505+0000] {dagbag.py:541} INFO - Filling up the DagBag from /home/airflow/.local/lib/python3.7/site-packages/airflow/example_dags/example_task_group.py
[2023-07-03T18:11:28.512+0000] {processor.py:836} INFO - DAG(s) dict_keys(['example_task_group']) retrieved from /home/airflow/.local/lib/python3.7/site-packages/airflow/example_dags/example_task_group.py
[2023-07-03T18:11:28.532+0000] {logging_mixin.py:149} INFO - [2023-07-03T18:11:28.532+0000] {dag.py:2726} INFO - Sync 1 DAGs
[2023-07-03T18:11:28.554+0000] {logging_mixin.py:149} INFO - [2023-07-03T18:11:28.554+0000] {dag.py:3490} INFO - Setting next_dagrun for example_task_group to 2023-07-02T18:11:28.553881+00:00, run_after=2023-07-03T18:11:28.553881+00:00
[2023-07-03T18:11:28.572+0000] {processor.py:179} INFO - Processing /home/airflow/.local/lib/python3.7/site-packages/airflow/example_dags/example_task_group.py took 0.072 seconds
[2023-07-03T18:11:58.611+0000] {processor.py:157} INFO - Started process (PID=5508) to work on /home/airflow/.local/lib/python3.7/site-packages/airflow/example_dags/example_task_group.py
[2023-07-03T18:11:58.612+0000] {processor.py:826} INFO - Processing file /home/airflow/.local/lib/python3.7/site-packages/airflow/example_dags/example_task_group.py for tasks to queue
[2023-07-03T18:11:58.612+0000] {logging_mixin.py:149} INFO - [2023-07-03T18:11:58.612+0000] {dagbag.py:541} INFO - Filling up the DagBag from /home/airflow/.local/lib/python3.7/site-packages/airflow/example_dags/example_task_group.py
[2023-07-03T18:11:58.619+0000] {processor.py:836} INFO - DAG(s) dict_keys(['example_task_group']) retrieved from /home/airflow/.local/lib/python3.7/site-packages/airflow/example_dags/example_task_group.py
[2023-07-03T18:11:58.640+0000] {logging_mixin.py:149} INFO - [2023-07-03T18:11:58.640+0000] {dag.py:2726} INFO - Sync 1 DAGs
[2023-07-03T18:11:58.661+0000] {logging_mixin.py:149} INFO - [2023-07-03T18:11:58.661+0000] {dag.py:3490} INFO - Setting next_dagrun for example_task_group to 2023-07-02T18:11:58.661429+00:00, run_after=2023-07-03T18:11:58.661429+00:00
[2023-07-03T18:11:58.680+0000] {processor.py:179} INFO - Processing /home/airflow/.local/lib/python3.7/site-packages/airflow/example_dags/example_task_group.py took 0.072 seconds
[2023-07-03T18:12:28.804+0000] {processor.py:157} INFO - Started process (PID=5757) to work on /home/airflow/.local/lib/python3.7/site-packages/airflow/example_dags/example_task_group.py
[2023-07-03T18:12:28.805+0000] {processor.py:826} INFO - Processing file /home/airflow/.local/lib/python3.7/site-packages/airflow/example_dags/example_task_group.py for tasks to queue
[2023-07-03T18:12:28.806+0000] {logging_mixin.py:149} INFO - [2023-07-03T18:12:28.805+0000] {dagbag.py:541} INFO - Filling up the DagBag from /home/airflow/.local/lib/python3.7/site-packages/airflow/example_dags/example_task_group.py
[2023-07-03T18:12:28.813+0000] {processor.py:836} INFO - DAG(s) dict_keys(['example_task_group']) retrieved from /home/airflow/.local/lib/python3.7/site-packages/airflow/example_dags/example_task_group.py
[2023-07-03T18:12:28.834+0000] {logging_mixin.py:149} INFO - [2023-07-03T18:12:28.834+0000] {dag.py:2726} INFO - Sync 1 DAGs
[2023-07-03T18:12:28.857+0000] {logging_mixin.py:149} INFO - [2023-07-03T18:12:28.857+0000] {dag.py:3490} INFO - Setting next_dagrun for example_task_group to 2023-07-02T18:12:28.857240+00:00, run_after=2023-07-03T18:12:28.857240+00:00
[2023-07-03T18:12:28.875+0000] {processor.py:179} INFO - Processing /home/airflow/.local/lib/python3.7/site-packages/airflow/example_dags/example_task_group.py took 0.074 seconds
[2023-07-03T18:12:59.553+0000] {processor.py:157} INFO - Started process (PID=6006) to work on /home/airflow/.local/lib/python3.7/site-packages/airflow/example_dags/example_task_group.py
[2023-07-03T18:12:59.554+0000] {processor.py:826} INFO - Processing file /home/airflow/.local/lib/python3.7/site-packages/airflow/example_dags/example_task_group.py for tasks to queue
[2023-07-03T18:12:59.555+0000] {logging_mixin.py:149} INFO - [2023-07-03T18:12:59.554+0000] {dagbag.py:541} INFO - Filling up the DagBag from /home/airflow/.local/lib/python3.7/site-packages/airflow/example_dags/example_task_group.py
[2023-07-03T18:12:59.561+0000] {processor.py:836} INFO - DAG(s) dict_keys(['example_task_group']) retrieved from /home/airflow/.local/lib/python3.7/site-packages/airflow/example_dags/example_task_group.py
[2023-07-03T18:12:59.583+0000] {logging_mixin.py:149} INFO - [2023-07-03T18:12:59.583+0000] {dag.py:2726} INFO - Sync 1 DAGs
[2023-07-03T18:12:59.606+0000] {logging_mixin.py:149} INFO - [2023-07-03T18:12:59.606+0000] {dag.py:3490} INFO - Setting next_dagrun for example_task_group to 2023-07-02T18:12:59.605803+00:00, run_after=2023-07-03T18:12:59.605803+00:00
[2023-07-03T18:12:59.624+0000] {processor.py:179} INFO - Processing /home/airflow/.local/lib/python3.7/site-packages/airflow/example_dags/example_task_group.py took 0.074 seconds
[2023-07-03T18:13:30.057+0000] {processor.py:157} INFO - Started process (PID=6255) to work on /home/airflow/.local/lib/python3.7/site-packages/airflow/example_dags/example_task_group.py
[2023-07-03T18:13:30.058+0000] {processor.py:826} INFO - Processing file /home/airflow/.local/lib/python3.7/site-packages/airflow/example_dags/example_task_group.py for tasks to queue
[2023-07-03T18:13:30.059+0000] {logging_mixin.py:149} INFO - [2023-07-03T18:13:30.059+0000] {dagbag.py:541} INFO - Filling up the DagBag from /home/airflow/.local/lib/python3.7/site-packages/airflow/example_dags/example_task_group.py
[2023-07-03T18:13:30.066+0000] {processor.py:836} INFO - DAG(s) dict_keys(['example_task_group']) retrieved from /home/airflow/.local/lib/python3.7/site-packages/airflow/example_dags/example_task_group.py
[2023-07-03T18:13:30.088+0000] {logging_mixin.py:149} INFO - [2023-07-03T18:13:30.088+0000] {dag.py:2726} INFO - Sync 1 DAGs
[2023-07-03T18:13:30.110+0000] {logging_mixin.py:149} INFO - [2023-07-03T18:13:30.110+0000] {dag.py:3490} INFO - Setting next_dagrun for example_task_group to 2023-07-02T18:13:30.110276+00:00, run_after=2023-07-03T18:13:30.110276+00:00
[2023-07-03T18:13:30.129+0000] {processor.py:179} INFO - Processing /home/airflow/.local/lib/python3.7/site-packages/airflow/example_dags/example_task_group.py took 0.074 seconds
[2023-07-03T18:14:00.620+0000] {processor.py:157} INFO - Started process (PID=6504) to work on /home/airflow/.local/lib/python3.7/site-packages/airflow/example_dags/example_task_group.py
[2023-07-03T18:14:00.621+0000] {processor.py:826} INFO - Processing file /home/airflow/.local/lib/python3.7/site-packages/airflow/example_dags/example_task_group.py for tasks to queue
[2023-07-03T18:14:00.622+0000] {logging_mixin.py:149} INFO - [2023-07-03T18:14:00.622+0000] {dagbag.py:541} INFO - Filling up the DagBag from /home/airflow/.local/lib/python3.7/site-packages/airflow/example_dags/example_task_group.py
[2023-07-03T18:14:00.628+0000] {processor.py:836} INFO - DAG(s) dict_keys(['example_task_group']) retrieved from /home/airflow/.local/lib/python3.7/site-packages/airflow/example_dags/example_task_group.py
[2023-07-03T18:14:00.649+0000] {logging_mixin.py:149} INFO - [2023-07-03T18:14:00.649+0000] {dag.py:2726} INFO - Sync 1 DAGs
[2023-07-03T18:14:00.671+0000] {logging_mixin.py:149} INFO - [2023-07-03T18:14:00.671+0000] {dag.py:3490} INFO - Setting next_dagrun for example_task_group to 2023-07-02T18:14:00.671191+00:00, run_after=2023-07-03T18:14:00.671191+00:00
[2023-07-03T18:14:00.688+0000] {processor.py:179} INFO - Processing /home/airflow/.local/lib/python3.7/site-packages/airflow/example_dags/example_task_group.py took 0.071 seconds
[2023-07-03T18:14:31.194+0000] {processor.py:157} INFO - Started process (PID=6753) to work on /home/airflow/.local/lib/python3.7/site-packages/airflow/example_dags/example_task_group.py
[2023-07-03T18:14:31.195+0000] {processor.py:826} INFO - Processing file /home/airflow/.local/lib/python3.7/site-packages/airflow/example_dags/example_task_group.py for tasks to queue
[2023-07-03T18:14:31.195+0000] {logging_mixin.py:149} INFO - [2023-07-03T18:14:31.195+0000] {dagbag.py:541} INFO - Filling up the DagBag from /home/airflow/.local/lib/python3.7/site-packages/airflow/example_dags/example_task_group.py
[2023-07-03T18:14:31.202+0000] {processor.py:836} INFO - DAG(s) dict_keys(['example_task_group']) retrieved from /home/airflow/.local/lib/python3.7/site-packages/airflow/example_dags/example_task_group.py
[2023-07-03T18:14:31.223+0000] {logging_mixin.py:149} INFO - [2023-07-03T18:14:31.223+0000] {dag.py:2726} INFO - Sync 1 DAGs
[2023-07-03T18:14:31.244+0000] {logging_mixin.py:149} INFO - [2023-07-03T18:14:31.244+0000] {dag.py:3490} INFO - Setting next_dagrun for example_task_group to 2023-07-02T18:14:31.244132+00:00, run_after=2023-07-03T18:14:31.244132+00:00
[2023-07-03T18:14:31.262+0000] {processor.py:179} INFO - Processing /home/airflow/.local/lib/python3.7/site-packages/airflow/example_dags/example_task_group.py took 0.072 seconds
[2023-07-03T18:15:01.720+0000] {processor.py:157} INFO - Started process (PID=7002) to work on /home/airflow/.local/lib/python3.7/site-packages/airflow/example_dags/example_task_group.py
[2023-07-03T18:15:01.721+0000] {processor.py:826} INFO - Processing file /home/airflow/.local/lib/python3.7/site-packages/airflow/example_dags/example_task_group.py for tasks to queue
[2023-07-03T18:15:01.721+0000] {logging_mixin.py:149} INFO - [2023-07-03T18:15:01.721+0000] {dagbag.py:541} INFO - Filling up the DagBag from /home/airflow/.local/lib/python3.7/site-packages/airflow/example_dags/example_task_group.py
[2023-07-03T18:15:01.728+0000] {processor.py:836} INFO - DAG(s) dict_keys(['example_task_group']) retrieved from /home/airflow/.local/lib/python3.7/site-packages/airflow/example_dags/example_task_group.py
[2023-07-03T18:15:01.749+0000] {logging_mixin.py:149} INFO - [2023-07-03T18:15:01.749+0000] {dag.py:2726} INFO - Sync 1 DAGs
[2023-07-03T18:15:01.771+0000] {logging_mixin.py:149} INFO - [2023-07-03T18:15:01.770+0000] {dag.py:3490} INFO - Setting next_dagrun for example_task_group to 2023-07-02T18:15:01.770763+00:00, run_after=2023-07-03T18:15:01.770763+00:00
[2023-07-03T18:15:01.788+0000] {processor.py:179} INFO - Processing /home/airflow/.local/lib/python3.7/site-packages/airflow/example_dags/example_task_group.py took 0.072 seconds
[2023-07-03T18:15:32.233+0000] {processor.py:157} INFO - Started process (PID=7251) to work on /home/airflow/.local/lib/python3.7/site-packages/airflow/example_dags/example_task_group.py
[2023-07-03T18:15:32.234+0000] {processor.py:826} INFO - Processing file /home/airflow/.local/lib/python3.7/site-packages/airflow/example_dags/example_task_group.py for tasks to queue
[2023-07-03T18:15:32.235+0000] {logging_mixin.py:149} INFO - [2023-07-03T18:15:32.235+0000] {dagbag.py:541} INFO - Filling up the DagBag from /home/airflow/.local/lib/python3.7/site-packages/airflow/example_dags/example_task_group.py
[2023-07-03T18:15:32.243+0000] {processor.py:836} INFO - DAG(s) dict_keys(['example_task_group']) retrieved from /home/airflow/.local/lib/python3.7/site-packages/airflow/example_dags/example_task_group.py
[2023-07-03T18:15:32.265+0000] {logging_mixin.py:149} INFO - [2023-07-03T18:15:32.265+0000] {dag.py:2726} INFO - Sync 1 DAGs
[2023-07-03T18:15:32.287+0000] {logging_mixin.py:149} INFO - [2023-07-03T18:15:32.287+0000] {dag.py:3490} INFO - Setting next_dagrun for example_task_group to 2023-07-02T18:15:32.286979+00:00, run_after=2023-07-03T18:15:32.286979+00:00
[2023-07-03T18:15:32.307+0000] {processor.py:179} INFO - Processing /home/airflow/.local/lib/python3.7/site-packages/airflow/example_dags/example_task_group.py took 0.076 seconds
[2023-07-03T18:16:02.967+0000] {processor.py:157} INFO - Started process (PID=7500) to work on /home/airflow/.local/lib/python3.7/site-packages/airflow/example_dags/example_task_group.py
[2023-07-03T18:16:02.968+0000] {processor.py:826} INFO - Processing file /home/airflow/.local/lib/python3.7/site-packages/airflow/example_dags/example_task_group.py for tasks to queue
[2023-07-03T18:16:02.969+0000] {logging_mixin.py:149} INFO - [2023-07-03T18:16:02.969+0000] {dagbag.py:541} INFO - Filling up the DagBag from /home/airflow/.local/lib/python3.7/site-packages/airflow/example_dags/example_task_group.py
[2023-07-03T18:16:02.976+0000] {processor.py:836} INFO - DAG(s) dict_keys(['example_task_group']) retrieved from /home/airflow/.local/lib/python3.7/site-packages/airflow/example_dags/example_task_group.py
[2023-07-03T18:16:02.997+0000] {logging_mixin.py:149} INFO - [2023-07-03T18:16:02.997+0000] {dag.py:2726} INFO - Sync 1 DAGs
[2023-07-03T18:16:03.021+0000] {logging_mixin.py:149} INFO - [2023-07-03T18:16:03.021+0000] {dag.py:3490} INFO - Setting next_dagrun for example_task_group to 2023-07-02T18:16:03.021452+00:00, run_after=2023-07-03T18:16:03.021452+00:00
[2023-07-03T18:16:03.039+0000] {processor.py:179} INFO - Processing /home/airflow/.local/lib/python3.7/site-packages/airflow/example_dags/example_task_group.py took 0.074 seconds
[2023-07-03T18:16:34.037+0000] {processor.py:157} INFO - Started process (PID=7749) to work on /home/airflow/.local/lib/python3.7/site-packages/airflow/example_dags/example_task_group.py
[2023-07-03T18:16:34.038+0000] {processor.py:826} INFO - Processing file /home/airflow/.local/lib/python3.7/site-packages/airflow/example_dags/example_task_group.py for tasks to queue
[2023-07-03T18:16:34.039+0000] {logging_mixin.py:149} INFO - [2023-07-03T18:16:34.039+0000] {dagbag.py:541} INFO - Filling up the DagBag from /home/airflow/.local/lib/python3.7/site-packages/airflow/example_dags/example_task_group.py
[2023-07-03T18:16:34.046+0000] {processor.py:836} INFO - DAG(s) dict_keys(['example_task_group']) retrieved from /home/airflow/.local/lib/python3.7/site-packages/airflow/example_dags/example_task_group.py
[2023-07-03T18:16:34.068+0000] {logging_mixin.py:149} INFO - [2023-07-03T18:16:34.068+0000] {dag.py:2726} INFO - Sync 1 DAGs
[2023-07-03T18:16:34.089+0000] {logging_mixin.py:149} INFO - [2023-07-03T18:16:34.089+0000] {dag.py:3490} INFO - Setting next_dagrun for example_task_group to 2023-07-02T18:16:34.089596+00:00, run_after=2023-07-03T18:16:34.089596+00:00
[2023-07-03T18:16:34.107+0000] {processor.py:179} INFO - Processing /home/airflow/.local/lib/python3.7/site-packages/airflow/example_dags/example_task_group.py took 0.073 seconds
[2023-07-03T18:17:05.157+0000] {processor.py:157} INFO - Started process (PID=7999) to work on /home/airflow/.local/lib/python3.7/site-packages/airflow/example_dags/example_task_group.py
[2023-07-03T18:17:05.163+0000] {processor.py:826} INFO - Processing file /home/airflow/.local/lib/python3.7/site-packages/airflow/example_dags/example_task_group.py for tasks to queue
[2023-07-03T18:17:05.165+0000] {logging_mixin.py:149} INFO - [2023-07-03T18:17:05.165+0000] {dagbag.py:541} INFO - Filling up the DagBag from /home/airflow/.local/lib/python3.7/site-packages/airflow/example_dags/example_task_group.py
[2023-07-03T18:17:05.180+0000] {processor.py:836} INFO - DAG(s) dict_keys(['example_task_group']) retrieved from /home/airflow/.local/lib/python3.7/site-packages/airflow/example_dags/example_task_group.py
[2023-07-03T18:17:05.228+0000] {logging_mixin.py:149} INFO - [2023-07-03T18:17:05.227+0000] {dag.py:2726} INFO - Sync 1 DAGs
[2023-07-03T18:17:05.290+0000] {logging_mixin.py:149} INFO - [2023-07-03T18:17:05.289+0000] {dag.py:3490} INFO - Setting next_dagrun for example_task_group to 2023-07-02T18:17:05.289445+00:00, run_after=2023-07-03T18:17:05.289445+00:00
[2023-07-03T18:17:05.362+0000] {processor.py:179} INFO - Processing /home/airflow/.local/lib/python3.7/site-packages/airflow/example_dags/example_task_group.py took 0.209 seconds
[2023-07-03T18:17:35.852+0000] {processor.py:157} INFO - Started process (PID=8248) to work on /home/airflow/.local/lib/python3.7/site-packages/airflow/example_dags/example_task_group.py
[2023-07-03T18:17:35.853+0000] {processor.py:826} INFO - Processing file /home/airflow/.local/lib/python3.7/site-packages/airflow/example_dags/example_task_group.py for tasks to queue
[2023-07-03T18:17:35.854+0000] {logging_mixin.py:149} INFO - [2023-07-03T18:17:35.854+0000] {dagbag.py:541} INFO - Filling up the DagBag from /home/airflow/.local/lib/python3.7/site-packages/airflow/example_dags/example_task_group.py
[2023-07-03T18:17:35.861+0000] {processor.py:836} INFO - DAG(s) dict_keys(['example_task_group']) retrieved from /home/airflow/.local/lib/python3.7/site-packages/airflow/example_dags/example_task_group.py
[2023-07-03T18:17:35.886+0000] {logging_mixin.py:149} INFO - [2023-07-03T18:17:35.885+0000] {dag.py:2726} INFO - Sync 1 DAGs
[2023-07-03T18:17:35.911+0000] {logging_mixin.py:149} INFO - [2023-07-03T18:17:35.911+0000] {dag.py:3490} INFO - Setting next_dagrun for example_task_group to 2023-07-02T18:17:35.911156+00:00, run_after=2023-07-03T18:17:35.911156+00:00
[2023-07-03T18:17:35.932+0000] {processor.py:179} INFO - Processing /home/airflow/.local/lib/python3.7/site-packages/airflow/example_dags/example_task_group.py took 0.083 seconds
[2023-07-03T18:18:06.712+0000] {processor.py:157} INFO - Started process (PID=8499) to work on /home/airflow/.local/lib/python3.7/site-packages/airflow/example_dags/example_task_group.py
[2023-07-03T18:18:06.713+0000] {processor.py:826} INFO - Processing file /home/airflow/.local/lib/python3.7/site-packages/airflow/example_dags/example_task_group.py for tasks to queue
[2023-07-03T18:18:06.714+0000] {logging_mixin.py:149} INFO - [2023-07-03T18:18:06.714+0000] {dagbag.py:541} INFO - Filling up the DagBag from /home/airflow/.local/lib/python3.7/site-packages/airflow/example_dags/example_task_group.py
[2023-07-03T18:18:06.721+0000] {processor.py:836} INFO - DAG(s) dict_keys(['example_task_group']) retrieved from /home/airflow/.local/lib/python3.7/site-packages/airflow/example_dags/example_task_group.py
[2023-07-03T18:18:06.747+0000] {logging_mixin.py:149} INFO - [2023-07-03T18:18:06.747+0000] {dag.py:2726} INFO - Sync 1 DAGs
[2023-07-03T18:18:06.772+0000] {logging_mixin.py:149} INFO - [2023-07-03T18:18:06.772+0000] {dag.py:3490} INFO - Setting next_dagrun for example_task_group to 2023-07-02T18:18:06.772338+00:00, run_after=2023-07-03T18:18:06.772338+00:00
[2023-07-03T18:18:06.796+0000] {processor.py:179} INFO - Processing /home/airflow/.local/lib/python3.7/site-packages/airflow/example_dags/example_task_group.py took 0.088 seconds
[2023-07-03T18:18:36.927+0000] {processor.py:157} INFO - Started process (PID=8746) to work on /home/airflow/.local/lib/python3.7/site-packages/airflow/example_dags/example_task_group.py
[2023-07-03T18:18:36.929+0000] {processor.py:826} INFO - Processing file /home/airflow/.local/lib/python3.7/site-packages/airflow/example_dags/example_task_group.py for tasks to queue
[2023-07-03T18:18:36.930+0000] {logging_mixin.py:149} INFO - [2023-07-03T18:18:36.929+0000] {dagbag.py:541} INFO - Filling up the DagBag from /home/airflow/.local/lib/python3.7/site-packages/airflow/example_dags/example_task_group.py
[2023-07-03T18:18:36.943+0000] {processor.py:836} INFO - DAG(s) dict_keys(['example_task_group']) retrieved from /home/airflow/.local/lib/python3.7/site-packages/airflow/example_dags/example_task_group.py
[2023-07-03T18:18:36.974+0000] {logging_mixin.py:149} INFO - [2023-07-03T18:18:36.974+0000] {dag.py:2726} INFO - Sync 1 DAGs
[2023-07-03T18:18:37.001+0000] {logging_mixin.py:149} INFO - [2023-07-03T18:18:37.001+0000] {dag.py:3490} INFO - Setting next_dagrun for example_task_group to 2023-07-02T18:18:37.000928+00:00, run_after=2023-07-03T18:18:37.000928+00:00
[2023-07-03T18:18:37.025+0000] {processor.py:179} INFO - Processing /home/airflow/.local/lib/python3.7/site-packages/airflow/example_dags/example_task_group.py took 0.101 seconds
[2023-07-03T18:19:07.220+0000] {processor.py:157} INFO - Started process (PID=8995) to work on /home/airflow/.local/lib/python3.7/site-packages/airflow/example_dags/example_task_group.py
[2023-07-03T18:19:07.222+0000] {processor.py:826} INFO - Processing file /home/airflow/.local/lib/python3.7/site-packages/airflow/example_dags/example_task_group.py for tasks to queue
[2023-07-03T18:19:07.223+0000] {logging_mixin.py:149} INFO - [2023-07-03T18:19:07.222+0000] {dagbag.py:541} INFO - Filling up the DagBag from /home/airflow/.local/lib/python3.7/site-packages/airflow/example_dags/example_task_group.py
[2023-07-03T18:19:07.232+0000] {processor.py:836} INFO - DAG(s) dict_keys(['example_task_group']) retrieved from /home/airflow/.local/lib/python3.7/site-packages/airflow/example_dags/example_task_group.py
[2023-07-03T18:19:07.258+0000] {logging_mixin.py:149} INFO - [2023-07-03T18:19:07.258+0000] {dag.py:2726} INFO - Sync 1 DAGs
[2023-07-03T18:19:07.290+0000] {logging_mixin.py:149} INFO - [2023-07-03T18:19:07.289+0000] {dag.py:3490} INFO - Setting next_dagrun for example_task_group to 2023-07-02T18:19:07.289399+00:00, run_after=2023-07-03T18:19:07.289399+00:00
[2023-07-03T18:19:07.314+0000] {processor.py:179} INFO - Processing /home/airflow/.local/lib/python3.7/site-packages/airflow/example_dags/example_task_group.py took 0.096 seconds
[2023-07-03T18:19:37.694+0000] {processor.py:157} INFO - Started process (PID=9246) to work on /home/airflow/.local/lib/python3.7/site-packages/airflow/example_dags/example_task_group.py
[2023-07-03T18:19:37.695+0000] {processor.py:826} INFO - Processing file /home/airflow/.local/lib/python3.7/site-packages/airflow/example_dags/example_task_group.py for tasks to queue
[2023-07-03T18:19:37.696+0000] {logging_mixin.py:149} INFO - [2023-07-03T18:19:37.696+0000] {dagbag.py:541} INFO - Filling up the DagBag from /home/airflow/.local/lib/python3.7/site-packages/airflow/example_dags/example_task_group.py
[2023-07-03T18:19:37.708+0000] {processor.py:836} INFO - DAG(s) dict_keys(['example_task_group']) retrieved from /home/airflow/.local/lib/python3.7/site-packages/airflow/example_dags/example_task_group.py
[2023-07-03T18:19:37.733+0000] {logging_mixin.py:149} INFO - [2023-07-03T18:19:37.732+0000] {dag.py:2726} INFO - Sync 1 DAGs
[2023-07-03T18:19:37.763+0000] {logging_mixin.py:149} INFO - [2023-07-03T18:19:37.763+0000] {dag.py:3490} INFO - Setting next_dagrun for example_task_group to 2023-07-02T18:19:37.763364+00:00, run_after=2023-07-03T18:19:37.763364+00:00
[2023-07-03T18:19:37.785+0000] {processor.py:179} INFO - Processing /home/airflow/.local/lib/python3.7/site-packages/airflow/example_dags/example_task_group.py took 0.094 seconds
