[2023-07-03T18:01:16.049+0000] {processor.py:157} INFO - Started process (PID=242) to work on /home/airflow/.local/lib/python3.7/site-packages/airflow/example_dags/example_task_group_decorator.py
[2023-07-03T18:01:16.050+0000] {processor.py:826} INFO - Processing file /home/airflow/.local/lib/python3.7/site-packages/airflow/example_dags/example_task_group_decorator.py for tasks to queue
[2023-07-03T18:01:16.051+0000] {logging_mixin.py:149} INFO - [2023-07-03T18:01:16.051+0000] {dagbag.py:541} INFO - Filling up the DagBag from /home/airflow/.local/lib/python3.7/site-packages/airflow/example_dags/example_task_group_decorator.py
[2023-07-03T18:01:16.064+0000] {processor.py:836} INFO - DAG(s) dict_keys(['example_task_group_decorator']) retrieved from /home/airflow/.local/lib/python3.7/site-packages/airflow/example_dags/example_task_group_decorator.py
[2023-07-03T18:01:16.075+0000] {logging_mixin.py:149} INFO - [2023-07-03T18:01:16.075+0000] {dag.py:2726} INFO - Sync 1 DAGs
[2023-07-03T18:01:16.098+0000] {logging_mixin.py:149} INFO - [2023-07-03T18:01:16.098+0000] {dag.py:3490} INFO - Setting next_dagrun for example_task_group_decorator to 2023-07-02T18:01:16.097868+00:00, run_after=2023-07-03T18:01:16.097868+00:00
[2023-07-03T18:01:16.116+0000] {processor.py:179} INFO - Processing /home/airflow/.local/lib/python3.7/site-packages/airflow/example_dags/example_task_group_decorator.py took 0.069 seconds
[2023-07-03T18:01:46.169+0000] {processor.py:157} INFO - Started process (PID=488) to work on /home/airflow/.local/lib/python3.7/site-packages/airflow/example_dags/example_task_group_decorator.py
[2023-07-03T18:01:46.170+0000] {processor.py:826} INFO - Processing file /home/airflow/.local/lib/python3.7/site-packages/airflow/example_dags/example_task_group_decorator.py for tasks to queue
[2023-07-03T18:01:46.171+0000] {logging_mixin.py:149} INFO - [2023-07-03T18:01:46.171+0000] {dagbag.py:541} INFO - Filling up the DagBag from /home/airflow/.local/lib/python3.7/site-packages/airflow/example_dags/example_task_group_decorator.py
[2023-07-03T18:01:46.183+0000] {processor.py:836} INFO - DAG(s) dict_keys(['example_task_group_decorator']) retrieved from /home/airflow/.local/lib/python3.7/site-packages/airflow/example_dags/example_task_group_decorator.py
[2023-07-03T18:01:46.208+0000] {logging_mixin.py:149} INFO - [2023-07-03T18:01:46.208+0000] {dag.py:2726} INFO - Sync 1 DAGs
[2023-07-03T18:01:46.229+0000] {logging_mixin.py:149} INFO - [2023-07-03T18:01:46.229+0000] {dag.py:3490} INFO - Setting next_dagrun for example_task_group_decorator to 2023-07-02T18:01:46.229193+00:00, run_after=2023-07-03T18:01:46.229193+00:00
[2023-07-03T18:01:46.246+0000] {processor.py:179} INFO - Processing /home/airflow/.local/lib/python3.7/site-packages/airflow/example_dags/example_task_group_decorator.py took 0.080 seconds
[2023-07-03T18:02:16.422+0000] {processor.py:157} INFO - Started process (PID=736) to work on /home/airflow/.local/lib/python3.7/site-packages/airflow/example_dags/example_task_group_decorator.py
[2023-07-03T18:02:16.423+0000] {processor.py:826} INFO - Processing file /home/airflow/.local/lib/python3.7/site-packages/airflow/example_dags/example_task_group_decorator.py for tasks to queue
[2023-07-03T18:02:16.424+0000] {logging_mixin.py:149} INFO - [2023-07-03T18:02:16.424+0000] {dagbag.py:541} INFO - Filling up the DagBag from /home/airflow/.local/lib/python3.7/site-packages/airflow/example_dags/example_task_group_decorator.py
[2023-07-03T18:02:16.435+0000] {processor.py:836} INFO - DAG(s) dict_keys(['example_task_group_decorator']) retrieved from /home/airflow/.local/lib/python3.7/site-packages/airflow/example_dags/example_task_group_decorator.py
[2023-07-03T18:02:16.460+0000] {logging_mixin.py:149} INFO - [2023-07-03T18:02:16.460+0000] {dag.py:2726} INFO - Sync 1 DAGs
[2023-07-03T18:02:16.483+0000] {logging_mixin.py:149} INFO - [2023-07-03T18:02:16.483+0000] {dag.py:3490} INFO - Setting next_dagrun for example_task_group_decorator to 2023-07-02T18:02:16.482879+00:00, run_after=2023-07-03T18:02:16.482879+00:00
[2023-07-03T18:02:16.501+0000] {processor.py:179} INFO - Processing /home/airflow/.local/lib/python3.7/site-packages/airflow/example_dags/example_task_group_decorator.py took 0.081 seconds
[2023-07-03T18:02:46.612+0000] {processor.py:157} INFO - Started process (PID=985) to work on /home/airflow/.local/lib/python3.7/site-packages/airflow/example_dags/example_task_group_decorator.py
[2023-07-03T18:02:46.613+0000] {processor.py:826} INFO - Processing file /home/airflow/.local/lib/python3.7/site-packages/airflow/example_dags/example_task_group_decorator.py for tasks to queue
[2023-07-03T18:02:46.614+0000] {logging_mixin.py:149} INFO - [2023-07-03T18:02:46.614+0000] {dagbag.py:541} INFO - Filling up the DagBag from /home/airflow/.local/lib/python3.7/site-packages/airflow/example_dags/example_task_group_decorator.py
[2023-07-03T18:02:46.626+0000] {processor.py:836} INFO - DAG(s) dict_keys(['example_task_group_decorator']) retrieved from /home/airflow/.local/lib/python3.7/site-packages/airflow/example_dags/example_task_group_decorator.py
[2023-07-03T18:02:46.650+0000] {logging_mixin.py:149} INFO - [2023-07-03T18:02:46.650+0000] {dag.py:2726} INFO - Sync 1 DAGs
[2023-07-03T18:02:46.672+0000] {logging_mixin.py:149} INFO - [2023-07-03T18:02:46.671+0000] {dag.py:3490} INFO - Setting next_dagrun for example_task_group_decorator to 2023-07-02T18:02:46.671702+00:00, run_after=2023-07-03T18:02:46.671702+00:00
[2023-07-03T18:02:46.690+0000] {processor.py:179} INFO - Processing /home/airflow/.local/lib/python3.7/site-packages/airflow/example_dags/example_task_group_decorator.py took 0.080 seconds
[2023-07-03T18:03:16.795+0000] {processor.py:157} INFO - Started process (PID=1234) to work on /home/airflow/.local/lib/python3.7/site-packages/airflow/example_dags/example_task_group_decorator.py
[2023-07-03T18:03:16.796+0000] {processor.py:826} INFO - Processing file /home/airflow/.local/lib/python3.7/site-packages/airflow/example_dags/example_task_group_decorator.py for tasks to queue
[2023-07-03T18:03:16.797+0000] {logging_mixin.py:149} INFO - [2023-07-03T18:03:16.797+0000] {dagbag.py:541} INFO - Filling up the DagBag from /home/airflow/.local/lib/python3.7/site-packages/airflow/example_dags/example_task_group_decorator.py
[2023-07-03T18:03:16.809+0000] {processor.py:836} INFO - DAG(s) dict_keys(['example_task_group_decorator']) retrieved from /home/airflow/.local/lib/python3.7/site-packages/airflow/example_dags/example_task_group_decorator.py
[2023-07-03T18:03:16.835+0000] {logging_mixin.py:149} INFO - [2023-07-03T18:03:16.835+0000] {dag.py:2726} INFO - Sync 1 DAGs
[2023-07-03T18:03:16.859+0000] {logging_mixin.py:149} INFO - [2023-07-03T18:03:16.859+0000] {dag.py:3490} INFO - Setting next_dagrun for example_task_group_decorator to 2023-07-02T18:03:16.858907+00:00, run_after=2023-07-03T18:03:16.858907+00:00
[2023-07-03T18:03:16.880+0000] {processor.py:179} INFO - Processing /home/airflow/.local/lib/python3.7/site-packages/airflow/example_dags/example_task_group_decorator.py took 0.087 seconds
[2023-07-03T18:03:47.478+0000] {processor.py:157} INFO - Started process (PID=1483) to work on /home/airflow/.local/lib/python3.7/site-packages/airflow/example_dags/example_task_group_decorator.py
[2023-07-03T18:03:47.478+0000] {processor.py:826} INFO - Processing file /home/airflow/.local/lib/python3.7/site-packages/airflow/example_dags/example_task_group_decorator.py for tasks to queue
[2023-07-03T18:03:47.479+0000] {logging_mixin.py:149} INFO - [2023-07-03T18:03:47.479+0000] {dagbag.py:541} INFO - Filling up the DagBag from /home/airflow/.local/lib/python3.7/site-packages/airflow/example_dags/example_task_group_decorator.py
[2023-07-03T18:03:47.491+0000] {processor.py:836} INFO - DAG(s) dict_keys(['example_task_group_decorator']) retrieved from /home/airflow/.local/lib/python3.7/site-packages/airflow/example_dags/example_task_group_decorator.py
[2023-07-03T18:03:47.515+0000] {logging_mixin.py:149} INFO - [2023-07-03T18:03:47.515+0000] {dag.py:2726} INFO - Sync 1 DAGs
[2023-07-03T18:03:47.537+0000] {logging_mixin.py:149} INFO - [2023-07-03T18:03:47.537+0000] {dag.py:3490} INFO - Setting next_dagrun for example_task_group_decorator to 2023-07-02T18:03:47.537060+00:00, run_after=2023-07-03T18:03:47.537060+00:00
[2023-07-03T18:03:47.556+0000] {processor.py:179} INFO - Processing /home/airflow/.local/lib/python3.7/site-packages/airflow/example_dags/example_task_group_decorator.py took 0.081 seconds
[2023-07-03T18:04:18.168+0000] {processor.py:157} INFO - Started process (PID=1732) to work on /home/airflow/.local/lib/python3.7/site-packages/airflow/example_dags/example_task_group_decorator.py
[2023-07-03T18:04:18.169+0000] {processor.py:826} INFO - Processing file /home/airflow/.local/lib/python3.7/site-packages/airflow/example_dags/example_task_group_decorator.py for tasks to queue
[2023-07-03T18:04:18.170+0000] {logging_mixin.py:149} INFO - [2023-07-03T18:04:18.170+0000] {dagbag.py:541} INFO - Filling up the DagBag from /home/airflow/.local/lib/python3.7/site-packages/airflow/example_dags/example_task_group_decorator.py
[2023-07-03T18:04:18.183+0000] {processor.py:836} INFO - DAG(s) dict_keys(['example_task_group_decorator']) retrieved from /home/airflow/.local/lib/python3.7/site-packages/airflow/example_dags/example_task_group_decorator.py
[2023-07-03T18:04:18.217+0000] {logging_mixin.py:149} INFO - [2023-07-03T18:04:18.217+0000] {dag.py:2726} INFO - Sync 1 DAGs
[2023-07-03T18:04:18.242+0000] {logging_mixin.py:149} INFO - [2023-07-03T18:04:18.241+0000] {dag.py:3490} INFO - Setting next_dagrun for example_task_group_decorator to 2023-07-02T18:04:18.241709+00:00, run_after=2023-07-03T18:04:18.241709+00:00
[2023-07-03T18:04:18.261+0000] {processor.py:179} INFO - Processing /home/airflow/.local/lib/python3.7/site-packages/airflow/example_dags/example_task_group_decorator.py took 0.096 seconds
[2023-07-03T18:04:48.715+0000] {processor.py:157} INFO - Started process (PID=1981) to work on /home/airflow/.local/lib/python3.7/site-packages/airflow/example_dags/example_task_group_decorator.py
[2023-07-03T18:04:48.715+0000] {processor.py:826} INFO - Processing file /home/airflow/.local/lib/python3.7/site-packages/airflow/example_dags/example_task_group_decorator.py for tasks to queue
[2023-07-03T18:04:48.716+0000] {logging_mixin.py:149} INFO - [2023-07-03T18:04:48.716+0000] {dagbag.py:541} INFO - Filling up the DagBag from /home/airflow/.local/lib/python3.7/site-packages/airflow/example_dags/example_task_group_decorator.py
[2023-07-03T18:04:48.731+0000] {processor.py:836} INFO - DAG(s) dict_keys(['example_task_group_decorator']) retrieved from /home/airflow/.local/lib/python3.7/site-packages/airflow/example_dags/example_task_group_decorator.py
[2023-07-03T18:04:48.754+0000] {logging_mixin.py:149} INFO - [2023-07-03T18:04:48.754+0000] {dag.py:2726} INFO - Sync 1 DAGs
[2023-07-03T18:04:48.776+0000] {logging_mixin.py:149} INFO - [2023-07-03T18:04:48.776+0000] {dag.py:3490} INFO - Setting next_dagrun for example_task_group_decorator to 2023-07-02T18:04:48.775816+00:00, run_after=2023-07-03T18:04:48.775816+00:00
[2023-07-03T18:04:48.792+0000] {processor.py:179} INFO - Processing /home/airflow/.local/lib/python3.7/site-packages/airflow/example_dags/example_task_group_decorator.py took 0.081 seconds
[2023-07-03T18:05:19.419+0000] {processor.py:157} INFO - Started process (PID=2230) to work on /home/airflow/.local/lib/python3.7/site-packages/airflow/example_dags/example_task_group_decorator.py
[2023-07-03T18:05:19.420+0000] {processor.py:826} INFO - Processing file /home/airflow/.local/lib/python3.7/site-packages/airflow/example_dags/example_task_group_decorator.py for tasks to queue
[2023-07-03T18:05:19.421+0000] {logging_mixin.py:149} INFO - [2023-07-03T18:05:19.421+0000] {dagbag.py:541} INFO - Filling up the DagBag from /home/airflow/.local/lib/python3.7/site-packages/airflow/example_dags/example_task_group_decorator.py
[2023-07-03T18:05:19.433+0000] {processor.py:836} INFO - DAG(s) dict_keys(['example_task_group_decorator']) retrieved from /home/airflow/.local/lib/python3.7/site-packages/airflow/example_dags/example_task_group_decorator.py
[2023-07-03T18:05:19.457+0000] {logging_mixin.py:149} INFO - [2023-07-03T18:05:19.457+0000] {dag.py:2726} INFO - Sync 1 DAGs
[2023-07-03T18:05:19.478+0000] {logging_mixin.py:149} INFO - [2023-07-03T18:05:19.478+0000] {dag.py:3490} INFO - Setting next_dagrun for example_task_group_decorator to 2023-07-02T18:05:19.478255+00:00, run_after=2023-07-03T18:05:19.478255+00:00
[2023-07-03T18:05:19.496+0000] {processor.py:179} INFO - Processing /home/airflow/.local/lib/python3.7/site-packages/airflow/example_dags/example_task_group_decorator.py took 0.079 seconds
[2023-07-03T18:05:50.049+0000] {processor.py:157} INFO - Started process (PID=2479) to work on /home/airflow/.local/lib/python3.7/site-packages/airflow/example_dags/example_task_group_decorator.py
[2023-07-03T18:05:50.050+0000] {processor.py:826} INFO - Processing file /home/airflow/.local/lib/python3.7/site-packages/airflow/example_dags/example_task_group_decorator.py for tasks to queue
[2023-07-03T18:05:50.051+0000] {logging_mixin.py:149} INFO - [2023-07-03T18:05:50.050+0000] {dagbag.py:541} INFO - Filling up the DagBag from /home/airflow/.local/lib/python3.7/site-packages/airflow/example_dags/example_task_group_decorator.py
[2023-07-03T18:05:50.063+0000] {processor.py:836} INFO - DAG(s) dict_keys(['example_task_group_decorator']) retrieved from /home/airflow/.local/lib/python3.7/site-packages/airflow/example_dags/example_task_group_decorator.py
[2023-07-03T18:05:50.088+0000] {logging_mixin.py:149} INFO - [2023-07-03T18:05:50.088+0000] {dag.py:2726} INFO - Sync 1 DAGs
[2023-07-03T18:05:50.110+0000] {logging_mixin.py:149} INFO - [2023-07-03T18:05:50.110+0000] {dag.py:3490} INFO - Setting next_dagrun for example_task_group_decorator to 2023-07-02T18:05:50.110177+00:00, run_after=2023-07-03T18:05:50.110177+00:00
[2023-07-03T18:05:50.127+0000] {processor.py:179} INFO - Processing /home/airflow/.local/lib/python3.7/site-packages/airflow/example_dags/example_task_group_decorator.py took 0.081 seconds
[2023-07-03T18:06:20.783+0000] {processor.py:157} INFO - Started process (PID=2728) to work on /home/airflow/.local/lib/python3.7/site-packages/airflow/example_dags/example_task_group_decorator.py
[2023-07-03T18:06:20.784+0000] {processor.py:826} INFO - Processing file /home/airflow/.local/lib/python3.7/site-packages/airflow/example_dags/example_task_group_decorator.py for tasks to queue
[2023-07-03T18:06:20.785+0000] {logging_mixin.py:149} INFO - [2023-07-03T18:06:20.784+0000] {dagbag.py:541} INFO - Filling up the DagBag from /home/airflow/.local/lib/python3.7/site-packages/airflow/example_dags/example_task_group_decorator.py
[2023-07-03T18:06:20.797+0000] {processor.py:836} INFO - DAG(s) dict_keys(['example_task_group_decorator']) retrieved from /home/airflow/.local/lib/python3.7/site-packages/airflow/example_dags/example_task_group_decorator.py
[2023-07-03T18:06:20.825+0000] {logging_mixin.py:149} INFO - [2023-07-03T18:06:20.825+0000] {dag.py:2726} INFO - Sync 1 DAGs
[2023-07-03T18:06:20.848+0000] {logging_mixin.py:149} INFO - [2023-07-03T18:06:20.848+0000] {dag.py:3490} INFO - Setting next_dagrun for example_task_group_decorator to 2023-07-02T18:06:20.848222+00:00, run_after=2023-07-03T18:06:20.848222+00:00
[2023-07-03T18:06:20.866+0000] {processor.py:179} INFO - Processing /home/airflow/.local/lib/python3.7/site-packages/airflow/example_dags/example_task_group_decorator.py took 0.086 seconds
[2023-07-03T18:06:51.474+0000] {processor.py:157} INFO - Started process (PID=2977) to work on /home/airflow/.local/lib/python3.7/site-packages/airflow/example_dags/example_task_group_decorator.py
[2023-07-03T18:06:51.475+0000] {processor.py:826} INFO - Processing file /home/airflow/.local/lib/python3.7/site-packages/airflow/example_dags/example_task_group_decorator.py for tasks to queue
[2023-07-03T18:06:51.476+0000] {logging_mixin.py:149} INFO - [2023-07-03T18:06:51.476+0000] {dagbag.py:541} INFO - Filling up the DagBag from /home/airflow/.local/lib/python3.7/site-packages/airflow/example_dags/example_task_group_decorator.py
[2023-07-03T18:06:51.488+0000] {processor.py:836} INFO - DAG(s) dict_keys(['example_task_group_decorator']) retrieved from /home/airflow/.local/lib/python3.7/site-packages/airflow/example_dags/example_task_group_decorator.py
[2023-07-03T18:06:51.514+0000] {logging_mixin.py:149} INFO - [2023-07-03T18:06:51.513+0000] {dag.py:2726} INFO - Sync 1 DAGs
[2023-07-03T18:06:51.537+0000] {logging_mixin.py:149} INFO - [2023-07-03T18:06:51.537+0000] {dag.py:3490} INFO - Setting next_dagrun for example_task_group_decorator to 2023-07-02T18:06:51.536916+00:00, run_after=2023-07-03T18:06:51.536916+00:00
[2023-07-03T18:06:51.557+0000] {processor.py:179} INFO - Processing /home/airflow/.local/lib/python3.7/site-packages/airflow/example_dags/example_task_group_decorator.py took 0.085 seconds
[2023-07-03T18:07:22.262+0000] {processor.py:157} INFO - Started process (PID=3226) to work on /home/airflow/.local/lib/python3.7/site-packages/airflow/example_dags/example_task_group_decorator.py
[2023-07-03T18:07:22.263+0000] {processor.py:826} INFO - Processing file /home/airflow/.local/lib/python3.7/site-packages/airflow/example_dags/example_task_group_decorator.py for tasks to queue
[2023-07-03T18:07:22.264+0000] {logging_mixin.py:149} INFO - [2023-07-03T18:07:22.264+0000] {dagbag.py:541} INFO - Filling up the DagBag from /home/airflow/.local/lib/python3.7/site-packages/airflow/example_dags/example_task_group_decorator.py
[2023-07-03T18:07:22.280+0000] {processor.py:836} INFO - DAG(s) dict_keys(['example_task_group_decorator']) retrieved from /home/airflow/.local/lib/python3.7/site-packages/airflow/example_dags/example_task_group_decorator.py
[2023-07-03T18:07:22.304+0000] {logging_mixin.py:149} INFO - [2023-07-03T18:07:22.304+0000] {dag.py:2726} INFO - Sync 1 DAGs
[2023-07-03T18:07:22.325+0000] {logging_mixin.py:149} INFO - [2023-07-03T18:07:22.325+0000] {dag.py:3490} INFO - Setting next_dagrun for example_task_group_decorator to 2023-07-02T18:07:22.325592+00:00, run_after=2023-07-03T18:07:22.325592+00:00
[2023-07-03T18:07:22.345+0000] {processor.py:179} INFO - Processing /home/airflow/.local/lib/python3.7/site-packages/airflow/example_dags/example_task_group_decorator.py took 0.086 seconds
[2023-07-03T18:07:52.797+0000] {processor.py:157} INFO - Started process (PID=3476) to work on /home/airflow/.local/lib/python3.7/site-packages/airflow/example_dags/example_task_group_decorator.py
[2023-07-03T18:07:52.798+0000] {processor.py:826} INFO - Processing file /home/airflow/.local/lib/python3.7/site-packages/airflow/example_dags/example_task_group_decorator.py for tasks to queue
[2023-07-03T18:07:52.799+0000] {logging_mixin.py:149} INFO - [2023-07-03T18:07:52.799+0000] {dagbag.py:541} INFO - Filling up the DagBag from /home/airflow/.local/lib/python3.7/site-packages/airflow/example_dags/example_task_group_decorator.py
[2023-07-03T18:07:52.810+0000] {processor.py:836} INFO - DAG(s) dict_keys(['example_task_group_decorator']) retrieved from /home/airflow/.local/lib/python3.7/site-packages/airflow/example_dags/example_task_group_decorator.py
[2023-07-03T18:07:52.836+0000] {logging_mixin.py:149} INFO - [2023-07-03T18:07:52.836+0000] {dag.py:2726} INFO - Sync 1 DAGs
[2023-07-03T18:07:52.859+0000] {logging_mixin.py:149} INFO - [2023-07-03T18:07:52.859+0000] {dag.py:3490} INFO - Setting next_dagrun for example_task_group_decorator to 2023-07-02T18:07:52.859338+00:00, run_after=2023-07-03T18:07:52.859338+00:00
[2023-07-03T18:07:52.878+0000] {processor.py:179} INFO - Processing /home/airflow/.local/lib/python3.7/site-packages/airflow/example_dags/example_task_group_decorator.py took 0.085 seconds
[2023-07-03T18:08:23.270+0000] {processor.py:157} INFO - Started process (PID=3725) to work on /home/airflow/.local/lib/python3.7/site-packages/airflow/example_dags/example_task_group_decorator.py
[2023-07-03T18:08:23.272+0000] {processor.py:826} INFO - Processing file /home/airflow/.local/lib/python3.7/site-packages/airflow/example_dags/example_task_group_decorator.py for tasks to queue
[2023-07-03T18:08:23.273+0000] {logging_mixin.py:149} INFO - [2023-07-03T18:08:23.272+0000] {dagbag.py:541} INFO - Filling up the DagBag from /home/airflow/.local/lib/python3.7/site-packages/airflow/example_dags/example_task_group_decorator.py
[2023-07-03T18:08:23.285+0000] {processor.py:836} INFO - DAG(s) dict_keys(['example_task_group_decorator']) retrieved from /home/airflow/.local/lib/python3.7/site-packages/airflow/example_dags/example_task_group_decorator.py
[2023-07-03T18:08:23.311+0000] {logging_mixin.py:149} INFO - [2023-07-03T18:08:23.310+0000] {dag.py:2726} INFO - Sync 1 DAGs
[2023-07-03T18:08:23.333+0000] {logging_mixin.py:149} INFO - [2023-07-03T18:08:23.333+0000] {dag.py:3490} INFO - Setting next_dagrun for example_task_group_decorator to 2023-07-02T18:08:23.333212+00:00, run_after=2023-07-03T18:08:23.333212+00:00
[2023-07-03T18:08:23.351+0000] {processor.py:179} INFO - Processing /home/airflow/.local/lib/python3.7/site-packages/airflow/example_dags/example_task_group_decorator.py took 0.083 seconds
[2023-07-03T18:08:53.882+0000] {processor.py:157} INFO - Started process (PID=3976) to work on /home/airflow/.local/lib/python3.7/site-packages/airflow/example_dags/example_task_group_decorator.py
[2023-07-03T18:08:53.883+0000] {processor.py:826} INFO - Processing file /home/airflow/.local/lib/python3.7/site-packages/airflow/example_dags/example_task_group_decorator.py for tasks to queue
[2023-07-03T18:08:53.884+0000] {logging_mixin.py:149} INFO - [2023-07-03T18:08:53.884+0000] {dagbag.py:541} INFO - Filling up the DagBag from /home/airflow/.local/lib/python3.7/site-packages/airflow/example_dags/example_task_group_decorator.py
[2023-07-03T18:08:53.896+0000] {processor.py:836} INFO - DAG(s) dict_keys(['example_task_group_decorator']) retrieved from /home/airflow/.local/lib/python3.7/site-packages/airflow/example_dags/example_task_group_decorator.py
[2023-07-03T18:08:53.920+0000] {logging_mixin.py:149} INFO - [2023-07-03T18:08:53.920+0000] {dag.py:2726} INFO - Sync 1 DAGs
[2023-07-03T18:08:53.940+0000] {logging_mixin.py:149} INFO - [2023-07-03T18:08:53.940+0000] {dag.py:3490} INFO - Setting next_dagrun for example_task_group_decorator to 2023-07-02T18:08:53.940028+00:00, run_after=2023-07-03T18:08:53.940028+00:00
[2023-07-03T18:08:53.957+0000] {processor.py:179} INFO - Processing /home/airflow/.local/lib/python3.7/site-packages/airflow/example_dags/example_task_group_decorator.py took 0.078 seconds
[2023-07-03T18:09:24.523+0000] {processor.py:157} INFO - Started process (PID=4223) to work on /home/airflow/.local/lib/python3.7/site-packages/airflow/example_dags/example_task_group_decorator.py
[2023-07-03T18:09:24.524+0000] {processor.py:826} INFO - Processing file /home/airflow/.local/lib/python3.7/site-packages/airflow/example_dags/example_task_group_decorator.py for tasks to queue
[2023-07-03T18:09:24.525+0000] {logging_mixin.py:149} INFO - [2023-07-03T18:09:24.525+0000] {dagbag.py:541} INFO - Filling up the DagBag from /home/airflow/.local/lib/python3.7/site-packages/airflow/example_dags/example_task_group_decorator.py
[2023-07-03T18:09:24.537+0000] {processor.py:836} INFO - DAG(s) dict_keys(['example_task_group_decorator']) retrieved from /home/airflow/.local/lib/python3.7/site-packages/airflow/example_dags/example_task_group_decorator.py
[2023-07-03T18:09:24.560+0000] {logging_mixin.py:149} INFO - [2023-07-03T18:09:24.560+0000] {dag.py:2726} INFO - Sync 1 DAGs
[2023-07-03T18:09:24.581+0000] {logging_mixin.py:149} INFO - [2023-07-03T18:09:24.581+0000] {dag.py:3490} INFO - Setting next_dagrun for example_task_group_decorator to 2023-07-02T18:09:24.581552+00:00, run_after=2023-07-03T18:09:24.581552+00:00
[2023-07-03T18:09:24.598+0000] {processor.py:179} INFO - Processing /home/airflow/.local/lib/python3.7/site-packages/airflow/example_dags/example_task_group_decorator.py took 0.078 seconds
[2023-07-03T18:09:55.256+0000] {processor.py:157} INFO - Started process (PID=4474) to work on /home/airflow/.local/lib/python3.7/site-packages/airflow/example_dags/example_task_group_decorator.py
[2023-07-03T18:09:55.258+0000] {processor.py:826} INFO - Processing file /home/airflow/.local/lib/python3.7/site-packages/airflow/example_dags/example_task_group_decorator.py for tasks to queue
[2023-07-03T18:09:55.259+0000] {logging_mixin.py:149} INFO - [2023-07-03T18:09:55.258+0000] {dagbag.py:541} INFO - Filling up the DagBag from /home/airflow/.local/lib/python3.7/site-packages/airflow/example_dags/example_task_group_decorator.py
[2023-07-03T18:09:55.270+0000] {processor.py:836} INFO - DAG(s) dict_keys(['example_task_group_decorator']) retrieved from /home/airflow/.local/lib/python3.7/site-packages/airflow/example_dags/example_task_group_decorator.py
[2023-07-03T18:09:55.296+0000] {logging_mixin.py:149} INFO - [2023-07-03T18:09:55.295+0000] {dag.py:2726} INFO - Sync 1 DAGs
[2023-07-03T18:09:55.318+0000] {logging_mixin.py:149} INFO - [2023-07-03T18:09:55.318+0000] {dag.py:3490} INFO - Setting next_dagrun for example_task_group_decorator to 2023-07-02T18:09:55.318513+00:00, run_after=2023-07-03T18:09:55.318513+00:00
[2023-07-03T18:09:55.339+0000] {processor.py:179} INFO - Processing /home/airflow/.local/lib/python3.7/site-packages/airflow/example_dags/example_task_group_decorator.py took 0.086 seconds
[2023-07-03T18:10:25.483+0000] {processor.py:157} INFO - Started process (PID=4721) to work on /home/airflow/.local/lib/python3.7/site-packages/airflow/example_dags/example_task_group_decorator.py
[2023-07-03T18:10:25.484+0000] {processor.py:826} INFO - Processing file /home/airflow/.local/lib/python3.7/site-packages/airflow/example_dags/example_task_group_decorator.py for tasks to queue
[2023-07-03T18:10:25.485+0000] {logging_mixin.py:149} INFO - [2023-07-03T18:10:25.485+0000] {dagbag.py:541} INFO - Filling up the DagBag from /home/airflow/.local/lib/python3.7/site-packages/airflow/example_dags/example_task_group_decorator.py
[2023-07-03T18:10:25.497+0000] {processor.py:836} INFO - DAG(s) dict_keys(['example_task_group_decorator']) retrieved from /home/airflow/.local/lib/python3.7/site-packages/airflow/example_dags/example_task_group_decorator.py
[2023-07-03T18:10:25.521+0000] {logging_mixin.py:149} INFO - [2023-07-03T18:10:25.521+0000] {dag.py:2726} INFO - Sync 1 DAGs
[2023-07-03T18:10:25.543+0000] {logging_mixin.py:149} INFO - [2023-07-03T18:10:25.543+0000] {dag.py:3490} INFO - Setting next_dagrun for example_task_group_decorator to 2023-07-02T18:10:25.542953+00:00, run_after=2023-07-03T18:10:25.542953+00:00
[2023-07-03T18:10:25.562+0000] {processor.py:179} INFO - Processing /home/airflow/.local/lib/python3.7/site-packages/airflow/example_dags/example_task_group_decorator.py took 0.081 seconds
[2023-07-03T18:10:55.735+0000] {processor.py:157} INFO - Started process (PID=4970) to work on /home/airflow/.local/lib/python3.7/site-packages/airflow/example_dags/example_task_group_decorator.py
[2023-07-03T18:10:55.736+0000] {processor.py:826} INFO - Processing file /home/airflow/.local/lib/python3.7/site-packages/airflow/example_dags/example_task_group_decorator.py for tasks to queue
[2023-07-03T18:10:55.737+0000] {logging_mixin.py:149} INFO - [2023-07-03T18:10:55.737+0000] {dagbag.py:541} INFO - Filling up the DagBag from /home/airflow/.local/lib/python3.7/site-packages/airflow/example_dags/example_task_group_decorator.py
[2023-07-03T18:10:55.748+0000] {processor.py:836} INFO - DAG(s) dict_keys(['example_task_group_decorator']) retrieved from /home/airflow/.local/lib/python3.7/site-packages/airflow/example_dags/example_task_group_decorator.py
[2023-07-03T18:10:55.773+0000] {logging_mixin.py:149} INFO - [2023-07-03T18:10:55.772+0000] {dag.py:2726} INFO - Sync 1 DAGs
[2023-07-03T18:10:55.795+0000] {logging_mixin.py:149} INFO - [2023-07-03T18:10:55.795+0000] {dag.py:3490} INFO - Setting next_dagrun for example_task_group_decorator to 2023-07-02T18:10:55.795278+00:00, run_after=2023-07-03T18:10:55.795278+00:00
[2023-07-03T18:10:55.814+0000] {processor.py:179} INFO - Processing /home/airflow/.local/lib/python3.7/site-packages/airflow/example_dags/example_task_group_decorator.py took 0.082 seconds
[2023-07-03T18:11:25.983+0000] {processor.py:157} INFO - Started process (PID=5221) to work on /home/airflow/.local/lib/python3.7/site-packages/airflow/example_dags/example_task_group_decorator.py
[2023-07-03T18:11:25.984+0000] {processor.py:826} INFO - Processing file /home/airflow/.local/lib/python3.7/site-packages/airflow/example_dags/example_task_group_decorator.py for tasks to queue
[2023-07-03T18:11:25.985+0000] {logging_mixin.py:149} INFO - [2023-07-03T18:11:25.985+0000] {dagbag.py:541} INFO - Filling up the DagBag from /home/airflow/.local/lib/python3.7/site-packages/airflow/example_dags/example_task_group_decorator.py
[2023-07-03T18:11:25.996+0000] {processor.py:836} INFO - DAG(s) dict_keys(['example_task_group_decorator']) retrieved from /home/airflow/.local/lib/python3.7/site-packages/airflow/example_dags/example_task_group_decorator.py
[2023-07-03T18:11:26.021+0000] {logging_mixin.py:149} INFO - [2023-07-03T18:11:26.021+0000] {dag.py:2726} INFO - Sync 1 DAGs
[2023-07-03T18:11:26.043+0000] {logging_mixin.py:149} INFO - [2023-07-03T18:11:26.043+0000] {dag.py:3490} INFO - Setting next_dagrun for example_task_group_decorator to 2023-07-02T18:11:26.043324+00:00, run_after=2023-07-03T18:11:26.043324+00:00
[2023-07-03T18:11:26.061+0000] {processor.py:179} INFO - Processing /home/airflow/.local/lib/python3.7/site-packages/airflow/example_dags/example_task_group_decorator.py took 0.081 seconds
[2023-07-03T18:11:56.119+0000] {processor.py:157} INFO - Started process (PID=5468) to work on /home/airflow/.local/lib/python3.7/site-packages/airflow/example_dags/example_task_group_decorator.py
[2023-07-03T18:11:56.120+0000] {processor.py:826} INFO - Processing file /home/airflow/.local/lib/python3.7/site-packages/airflow/example_dags/example_task_group_decorator.py for tasks to queue
[2023-07-03T18:11:56.121+0000] {logging_mixin.py:149} INFO - [2023-07-03T18:11:56.121+0000] {dagbag.py:541} INFO - Filling up the DagBag from /home/airflow/.local/lib/python3.7/site-packages/airflow/example_dags/example_task_group_decorator.py
[2023-07-03T18:11:56.132+0000] {processor.py:836} INFO - DAG(s) dict_keys(['example_task_group_decorator']) retrieved from /home/airflow/.local/lib/python3.7/site-packages/airflow/example_dags/example_task_group_decorator.py
[2023-07-03T18:11:56.156+0000] {logging_mixin.py:149} INFO - [2023-07-03T18:11:56.156+0000] {dag.py:2726} INFO - Sync 1 DAGs
[2023-07-03T18:11:56.178+0000] {logging_mixin.py:149} INFO - [2023-07-03T18:11:56.178+0000] {dag.py:3490} INFO - Setting next_dagrun for example_task_group_decorator to 2023-07-02T18:11:56.177856+00:00, run_after=2023-07-03T18:11:56.177856+00:00
[2023-07-03T18:11:56.194+0000] {processor.py:179} INFO - Processing /home/airflow/.local/lib/python3.7/site-packages/airflow/example_dags/example_task_group_decorator.py took 0.078 seconds
[2023-07-03T18:12:26.259+0000] {processor.py:157} INFO - Started process (PID=5719) to work on /home/airflow/.local/lib/python3.7/site-packages/airflow/example_dags/example_task_group_decorator.py
[2023-07-03T18:12:26.260+0000] {processor.py:826} INFO - Processing file /home/airflow/.local/lib/python3.7/site-packages/airflow/example_dags/example_task_group_decorator.py for tasks to queue
[2023-07-03T18:12:26.261+0000] {logging_mixin.py:149} INFO - [2023-07-03T18:12:26.261+0000] {dagbag.py:541} INFO - Filling up the DagBag from /home/airflow/.local/lib/python3.7/site-packages/airflow/example_dags/example_task_group_decorator.py
[2023-07-03T18:12:26.273+0000] {processor.py:836} INFO - DAG(s) dict_keys(['example_task_group_decorator']) retrieved from /home/airflow/.local/lib/python3.7/site-packages/airflow/example_dags/example_task_group_decorator.py
[2023-07-03T18:12:26.297+0000] {logging_mixin.py:149} INFO - [2023-07-03T18:12:26.297+0000] {dag.py:2726} INFO - Sync 1 DAGs
[2023-07-03T18:12:26.320+0000] {logging_mixin.py:149} INFO - [2023-07-03T18:12:26.320+0000] {dag.py:3490} INFO - Setting next_dagrun for example_task_group_decorator to 2023-07-02T18:12:26.320470+00:00, run_after=2023-07-03T18:12:26.320470+00:00
[2023-07-03T18:12:26.338+0000] {processor.py:179} INFO - Processing /home/airflow/.local/lib/python3.7/site-packages/airflow/example_dags/example_task_group_decorator.py took 0.081 seconds
[2023-07-03T18:12:56.970+0000] {processor.py:157} INFO - Started process (PID=5966) to work on /home/airflow/.local/lib/python3.7/site-packages/airflow/example_dags/example_task_group_decorator.py
[2023-07-03T18:12:56.971+0000] {processor.py:826} INFO - Processing file /home/airflow/.local/lib/python3.7/site-packages/airflow/example_dags/example_task_group_decorator.py for tasks to queue
[2023-07-03T18:12:56.972+0000] {logging_mixin.py:149} INFO - [2023-07-03T18:12:56.972+0000] {dagbag.py:541} INFO - Filling up the DagBag from /home/airflow/.local/lib/python3.7/site-packages/airflow/example_dags/example_task_group_decorator.py
[2023-07-03T18:12:56.983+0000] {processor.py:836} INFO - DAG(s) dict_keys(['example_task_group_decorator']) retrieved from /home/airflow/.local/lib/python3.7/site-packages/airflow/example_dags/example_task_group_decorator.py
[2023-07-03T18:12:57.007+0000] {logging_mixin.py:149} INFO - [2023-07-03T18:12:57.007+0000] {dag.py:2726} INFO - Sync 1 DAGs
[2023-07-03T18:12:57.029+0000] {logging_mixin.py:149} INFO - [2023-07-03T18:12:57.028+0000] {dag.py:3490} INFO - Setting next_dagrun for example_task_group_decorator to 2023-07-02T18:12:57.028743+00:00, run_after=2023-07-03T18:12:57.028743+00:00
[2023-07-03T18:12:57.047+0000] {processor.py:179} INFO - Processing /home/airflow/.local/lib/python3.7/site-packages/airflow/example_dags/example_task_group_decorator.py took 0.079 seconds
[2023-07-03T18:13:27.624+0000] {processor.py:157} INFO - Started process (PID=6215) to work on /home/airflow/.local/lib/python3.7/site-packages/airflow/example_dags/example_task_group_decorator.py
[2023-07-03T18:13:27.625+0000] {processor.py:826} INFO - Processing file /home/airflow/.local/lib/python3.7/site-packages/airflow/example_dags/example_task_group_decorator.py for tasks to queue
[2023-07-03T18:13:27.626+0000] {logging_mixin.py:149} INFO - [2023-07-03T18:13:27.625+0000] {dagbag.py:541} INFO - Filling up the DagBag from /home/airflow/.local/lib/python3.7/site-packages/airflow/example_dags/example_task_group_decorator.py
[2023-07-03T18:13:27.638+0000] {processor.py:836} INFO - DAG(s) dict_keys(['example_task_group_decorator']) retrieved from /home/airflow/.local/lib/python3.7/site-packages/airflow/example_dags/example_task_group_decorator.py
[2023-07-03T18:13:27.663+0000] {logging_mixin.py:149} INFO - [2023-07-03T18:13:27.663+0000] {dag.py:2726} INFO - Sync 1 DAGs
[2023-07-03T18:13:27.684+0000] {logging_mixin.py:149} INFO - [2023-07-03T18:13:27.684+0000] {dag.py:3490} INFO - Setting next_dagrun for example_task_group_decorator to 2023-07-02T18:13:27.683982+00:00, run_after=2023-07-03T18:13:27.683982+00:00
[2023-07-03T18:13:27.700+0000] {processor.py:179} INFO - Processing /home/airflow/.local/lib/python3.7/site-packages/airflow/example_dags/example_task_group_decorator.py took 0.079 seconds
[2023-07-03T18:13:58.192+0000] {processor.py:157} INFO - Started process (PID=6464) to work on /home/airflow/.local/lib/python3.7/site-packages/airflow/example_dags/example_task_group_decorator.py
[2023-07-03T18:13:58.193+0000] {processor.py:826} INFO - Processing file /home/airflow/.local/lib/python3.7/site-packages/airflow/example_dags/example_task_group_decorator.py for tasks to queue
[2023-07-03T18:13:58.194+0000] {logging_mixin.py:149} INFO - [2023-07-03T18:13:58.194+0000] {dagbag.py:541} INFO - Filling up the DagBag from /home/airflow/.local/lib/python3.7/site-packages/airflow/example_dags/example_task_group_decorator.py
[2023-07-03T18:13:58.206+0000] {processor.py:836} INFO - DAG(s) dict_keys(['example_task_group_decorator']) retrieved from /home/airflow/.local/lib/python3.7/site-packages/airflow/example_dags/example_task_group_decorator.py
[2023-07-03T18:13:58.232+0000] {logging_mixin.py:149} INFO - [2023-07-03T18:13:58.231+0000] {dag.py:2726} INFO - Sync 1 DAGs
[2023-07-03T18:13:58.255+0000] {logging_mixin.py:149} INFO - [2023-07-03T18:13:58.255+0000] {dag.py:3490} INFO - Setting next_dagrun for example_task_group_decorator to 2023-07-02T18:13:58.254361+00:00, run_after=2023-07-03T18:13:58.254361+00:00
[2023-07-03T18:13:58.273+0000] {processor.py:179} INFO - Processing /home/airflow/.local/lib/python3.7/site-packages/airflow/example_dags/example_task_group_decorator.py took 0.083 seconds
[2023-07-03T18:14:28.709+0000] {processor.py:157} INFO - Started process (PID=6713) to work on /home/airflow/.local/lib/python3.7/site-packages/airflow/example_dags/example_task_group_decorator.py
[2023-07-03T18:14:28.710+0000] {processor.py:826} INFO - Processing file /home/airflow/.local/lib/python3.7/site-packages/airflow/example_dags/example_task_group_decorator.py for tasks to queue
[2023-07-03T18:14:28.711+0000] {logging_mixin.py:149} INFO - [2023-07-03T18:14:28.711+0000] {dagbag.py:541} INFO - Filling up the DagBag from /home/airflow/.local/lib/python3.7/site-packages/airflow/example_dags/example_task_group_decorator.py
[2023-07-03T18:14:28.723+0000] {processor.py:836} INFO - DAG(s) dict_keys(['example_task_group_decorator']) retrieved from /home/airflow/.local/lib/python3.7/site-packages/airflow/example_dags/example_task_group_decorator.py
[2023-07-03T18:14:28.747+0000] {logging_mixin.py:149} INFO - [2023-07-03T18:14:28.747+0000] {dag.py:2726} INFO - Sync 1 DAGs
[2023-07-03T18:14:28.769+0000] {logging_mixin.py:149} INFO - [2023-07-03T18:14:28.769+0000] {dag.py:3490} INFO - Setting next_dagrun for example_task_group_decorator to 2023-07-02T18:14:28.769231+00:00, run_after=2023-07-03T18:14:28.769231+00:00
[2023-07-03T18:14:28.788+0000] {processor.py:179} INFO - Processing /home/airflow/.local/lib/python3.7/site-packages/airflow/example_dags/example_task_group_decorator.py took 0.081 seconds
[2023-07-03T18:14:59.283+0000] {processor.py:157} INFO - Started process (PID=6962) to work on /home/airflow/.local/lib/python3.7/site-packages/airflow/example_dags/example_task_group_decorator.py
[2023-07-03T18:14:59.284+0000] {processor.py:826} INFO - Processing file /home/airflow/.local/lib/python3.7/site-packages/airflow/example_dags/example_task_group_decorator.py for tasks to queue
[2023-07-03T18:14:59.285+0000] {logging_mixin.py:149} INFO - [2023-07-03T18:14:59.285+0000] {dagbag.py:541} INFO - Filling up the DagBag from /home/airflow/.local/lib/python3.7/site-packages/airflow/example_dags/example_task_group_decorator.py
[2023-07-03T18:14:59.298+0000] {processor.py:836} INFO - DAG(s) dict_keys(['example_task_group_decorator']) retrieved from /home/airflow/.local/lib/python3.7/site-packages/airflow/example_dags/example_task_group_decorator.py
[2023-07-03T18:14:59.321+0000] {logging_mixin.py:149} INFO - [2023-07-03T18:14:59.321+0000] {dag.py:2726} INFO - Sync 1 DAGs
[2023-07-03T18:14:59.343+0000] {logging_mixin.py:149} INFO - [2023-07-03T18:14:59.343+0000] {dag.py:3490} INFO - Setting next_dagrun for example_task_group_decorator to 2023-07-02T18:14:59.343313+00:00, run_after=2023-07-03T18:14:59.343313+00:00
[2023-07-03T18:14:59.360+0000] {processor.py:179} INFO - Processing /home/airflow/.local/lib/python3.7/site-packages/airflow/example_dags/example_task_group_decorator.py took 0.079 seconds
[2023-07-03T18:15:29.845+0000] {processor.py:157} INFO - Started process (PID=7213) to work on /home/airflow/.local/lib/python3.7/site-packages/airflow/example_dags/example_task_group_decorator.py
[2023-07-03T18:15:29.846+0000] {processor.py:826} INFO - Processing file /home/airflow/.local/lib/python3.7/site-packages/airflow/example_dags/example_task_group_decorator.py for tasks to queue
[2023-07-03T18:15:29.847+0000] {logging_mixin.py:149} INFO - [2023-07-03T18:15:29.847+0000] {dagbag.py:541} INFO - Filling up the DagBag from /home/airflow/.local/lib/python3.7/site-packages/airflow/example_dags/example_task_group_decorator.py
[2023-07-03T18:15:29.859+0000] {processor.py:836} INFO - DAG(s) dict_keys(['example_task_group_decorator']) retrieved from /home/airflow/.local/lib/python3.7/site-packages/airflow/example_dags/example_task_group_decorator.py
[2023-07-03T18:15:29.884+0000] {logging_mixin.py:149} INFO - [2023-07-03T18:15:29.883+0000] {dag.py:2726} INFO - Sync 1 DAGs
[2023-07-03T18:15:29.906+0000] {logging_mixin.py:149} INFO - [2023-07-03T18:15:29.906+0000] {dag.py:3490} INFO - Setting next_dagrun for example_task_group_decorator to 2023-07-02T18:15:29.906335+00:00, run_after=2023-07-03T18:15:29.906335+00:00
[2023-07-03T18:15:29.924+0000] {processor.py:179} INFO - Processing /home/airflow/.local/lib/python3.7/site-packages/airflow/example_dags/example_task_group_decorator.py took 0.082 seconds
[2023-07-03T18:16:00.414+0000] {processor.py:157} INFO - Started process (PID=7460) to work on /home/airflow/.local/lib/python3.7/site-packages/airflow/example_dags/example_task_group_decorator.py
[2023-07-03T18:16:00.415+0000] {processor.py:826} INFO - Processing file /home/airflow/.local/lib/python3.7/site-packages/airflow/example_dags/example_task_group_decorator.py for tasks to queue
[2023-07-03T18:16:00.416+0000] {logging_mixin.py:149} INFO - [2023-07-03T18:16:00.416+0000] {dagbag.py:541} INFO - Filling up the DagBag from /home/airflow/.local/lib/python3.7/site-packages/airflow/example_dags/example_task_group_decorator.py
[2023-07-03T18:16:00.428+0000] {processor.py:836} INFO - DAG(s) dict_keys(['example_task_group_decorator']) retrieved from /home/airflow/.local/lib/python3.7/site-packages/airflow/example_dags/example_task_group_decorator.py
[2023-07-03T18:16:00.453+0000] {logging_mixin.py:149} INFO - [2023-07-03T18:16:00.453+0000] {dag.py:2726} INFO - Sync 1 DAGs
[2023-07-03T18:16:00.475+0000] {logging_mixin.py:149} INFO - [2023-07-03T18:16:00.475+0000] {dag.py:3490} INFO - Setting next_dagrun for example_task_group_decorator to 2023-07-02T18:16:00.475403+00:00, run_after=2023-07-03T18:16:00.475403+00:00
[2023-07-03T18:16:00.491+0000] {processor.py:179} INFO - Processing /home/airflow/.local/lib/python3.7/site-packages/airflow/example_dags/example_task_group_decorator.py took 0.080 seconds
[2023-07-03T18:16:30.561+0000] {processor.py:157} INFO - Started process (PID=7709) to work on /home/airflow/.local/lib/python3.7/site-packages/airflow/example_dags/example_task_group_decorator.py
[2023-07-03T18:16:30.562+0000] {processor.py:826} INFO - Processing file /home/airflow/.local/lib/python3.7/site-packages/airflow/example_dags/example_task_group_decorator.py for tasks to queue
[2023-07-03T18:16:30.563+0000] {logging_mixin.py:149} INFO - [2023-07-03T18:16:30.563+0000] {dagbag.py:541} INFO - Filling up the DagBag from /home/airflow/.local/lib/python3.7/site-packages/airflow/example_dags/example_task_group_decorator.py
[2023-07-03T18:16:30.575+0000] {processor.py:836} INFO - DAG(s) dict_keys(['example_task_group_decorator']) retrieved from /home/airflow/.local/lib/python3.7/site-packages/airflow/example_dags/example_task_group_decorator.py
[2023-07-03T18:16:30.598+0000] {logging_mixin.py:149} INFO - [2023-07-03T18:16:30.598+0000] {dag.py:2726} INFO - Sync 1 DAGs
[2023-07-03T18:16:30.621+0000] {logging_mixin.py:149} INFO - [2023-07-03T18:16:30.621+0000] {dag.py:3490} INFO - Setting next_dagrun for example_task_group_decorator to 2023-07-02T18:16:30.621031+00:00, run_after=2023-07-03T18:16:30.621031+00:00
[2023-07-03T18:16:30.639+0000] {processor.py:179} INFO - Processing /home/airflow/.local/lib/python3.7/site-packages/airflow/example_dags/example_task_group_decorator.py took 0.080 seconds
[2023-07-03T18:17:01.090+0000] {processor.py:157} INFO - Started process (PID=7959) to work on /home/airflow/.local/lib/python3.7/site-packages/airflow/example_dags/example_task_group_decorator.py
[2023-07-03T18:17:01.091+0000] {processor.py:826} INFO - Processing file /home/airflow/.local/lib/python3.7/site-packages/airflow/example_dags/example_task_group_decorator.py for tasks to queue
[2023-07-03T18:17:01.092+0000] {logging_mixin.py:149} INFO - [2023-07-03T18:17:01.092+0000] {dagbag.py:541} INFO - Filling up the DagBag from /home/airflow/.local/lib/python3.7/site-packages/airflow/example_dags/example_task_group_decorator.py
[2023-07-03T18:17:01.106+0000] {processor.py:836} INFO - DAG(s) dict_keys(['example_task_group_decorator']) retrieved from /home/airflow/.local/lib/python3.7/site-packages/airflow/example_dags/example_task_group_decorator.py
[2023-07-03T18:17:01.134+0000] {logging_mixin.py:149} INFO - [2023-07-03T18:17:01.133+0000] {dag.py:2726} INFO - Sync 1 DAGs
[2023-07-03T18:17:01.157+0000] {logging_mixin.py:149} INFO - [2023-07-03T18:17:01.157+0000] {dag.py:3490} INFO - Setting next_dagrun for example_task_group_decorator to 2023-07-02T18:17:01.156887+00:00, run_after=2023-07-03T18:17:01.156887+00:00
[2023-07-03T18:17:01.176+0000] {processor.py:179} INFO - Processing /home/airflow/.local/lib/python3.7/site-packages/airflow/example_dags/example_task_group_decorator.py took 0.089 seconds
[2023-07-03T18:17:31.316+0000] {processor.py:157} INFO - Started process (PID=8208) to work on /home/airflow/.local/lib/python3.7/site-packages/airflow/example_dags/example_task_group_decorator.py
[2023-07-03T18:17:31.318+0000] {processor.py:826} INFO - Processing file /home/airflow/.local/lib/python3.7/site-packages/airflow/example_dags/example_task_group_decorator.py for tasks to queue
[2023-07-03T18:17:31.319+0000] {logging_mixin.py:149} INFO - [2023-07-03T18:17:31.319+0000] {dagbag.py:541} INFO - Filling up the DagBag from /home/airflow/.local/lib/python3.7/site-packages/airflow/example_dags/example_task_group_decorator.py
[2023-07-03T18:17:31.334+0000] {processor.py:836} INFO - DAG(s) dict_keys(['example_task_group_decorator']) retrieved from /home/airflow/.local/lib/python3.7/site-packages/airflow/example_dags/example_task_group_decorator.py
[2023-07-03T18:17:31.361+0000] {logging_mixin.py:149} INFO - [2023-07-03T18:17:31.361+0000] {dag.py:2726} INFO - Sync 1 DAGs
[2023-07-03T18:17:31.387+0000] {logging_mixin.py:149} INFO - [2023-07-03T18:17:31.387+0000] {dag.py:3490} INFO - Setting next_dagrun for example_task_group_decorator to 2023-07-02T18:17:31.387383+00:00, run_after=2023-07-03T18:17:31.387383+00:00
[2023-07-03T18:17:31.406+0000] {processor.py:179} INFO - Processing /home/airflow/.local/lib/python3.7/site-packages/airflow/example_dags/example_task_group_decorator.py took 0.093 seconds
[2023-07-03T18:18:01.924+0000] {processor.py:157} INFO - Started process (PID=8457) to work on /home/airflow/.local/lib/python3.7/site-packages/airflow/example_dags/example_task_group_decorator.py
[2023-07-03T18:18:01.926+0000] {processor.py:826} INFO - Processing file /home/airflow/.local/lib/python3.7/site-packages/airflow/example_dags/example_task_group_decorator.py for tasks to queue
[2023-07-03T18:18:01.927+0000] {logging_mixin.py:149} INFO - [2023-07-03T18:18:01.927+0000] {dagbag.py:541} INFO - Filling up the DagBag from /home/airflow/.local/lib/python3.7/site-packages/airflow/example_dags/example_task_group_decorator.py
[2023-07-03T18:18:01.940+0000] {processor.py:836} INFO - DAG(s) dict_keys(['example_task_group_decorator']) retrieved from /home/airflow/.local/lib/python3.7/site-packages/airflow/example_dags/example_task_group_decorator.py
[2023-07-03T18:18:01.969+0000] {logging_mixin.py:149} INFO - [2023-07-03T18:18:01.969+0000] {dag.py:2726} INFO - Sync 1 DAGs
[2023-07-03T18:18:01.998+0000] {logging_mixin.py:149} INFO - [2023-07-03T18:18:01.997+0000] {dag.py:3490} INFO - Setting next_dagrun for example_task_group_decorator to 2023-07-02T18:18:01.997714+00:00, run_after=2023-07-03T18:18:01.997714+00:00
[2023-07-03T18:18:02.021+0000] {processor.py:179} INFO - Processing /home/airflow/.local/lib/python3.7/site-packages/airflow/example_dags/example_task_group_decorator.py took 0.101 seconds
[2023-07-03T18:18:32.386+0000] {processor.py:157} INFO - Started process (PID=8706) to work on /home/airflow/.local/lib/python3.7/site-packages/airflow/example_dags/example_task_group_decorator.py
[2023-07-03T18:18:32.387+0000] {processor.py:826} INFO - Processing file /home/airflow/.local/lib/python3.7/site-packages/airflow/example_dags/example_task_group_decorator.py for tasks to queue
[2023-07-03T18:18:32.388+0000] {logging_mixin.py:149} INFO - [2023-07-03T18:18:32.388+0000] {dagbag.py:541} INFO - Filling up the DagBag from /home/airflow/.local/lib/python3.7/site-packages/airflow/example_dags/example_task_group_decorator.py
[2023-07-03T18:18:32.402+0000] {processor.py:836} INFO - DAG(s) dict_keys(['example_task_group_decorator']) retrieved from /home/airflow/.local/lib/python3.7/site-packages/airflow/example_dags/example_task_group_decorator.py
[2023-07-03T18:18:32.428+0000] {logging_mixin.py:149} INFO - [2023-07-03T18:18:32.428+0000] {dag.py:2726} INFO - Sync 1 DAGs
[2023-07-03T18:18:32.451+0000] {logging_mixin.py:149} INFO - [2023-07-03T18:18:32.451+0000] {dag.py:3490} INFO - Setting next_dagrun for example_task_group_decorator to 2023-07-02T18:18:32.451065+00:00, run_after=2023-07-03T18:18:32.451065+00:00
[2023-07-03T18:18:32.473+0000] {processor.py:179} INFO - Processing /home/airflow/.local/lib/python3.7/site-packages/airflow/example_dags/example_task_group_decorator.py took 0.091 seconds
[2023-07-03T18:19:02.631+0000] {processor.py:157} INFO - Started process (PID=8955) to work on /home/airflow/.local/lib/python3.7/site-packages/airflow/example_dags/example_task_group_decorator.py
[2023-07-03T18:19:02.632+0000] {processor.py:826} INFO - Processing file /home/airflow/.local/lib/python3.7/site-packages/airflow/example_dags/example_task_group_decorator.py for tasks to queue
[2023-07-03T18:19:02.633+0000] {logging_mixin.py:149} INFO - [2023-07-03T18:19:02.633+0000] {dagbag.py:541} INFO - Filling up the DagBag from /home/airflow/.local/lib/python3.7/site-packages/airflow/example_dags/example_task_group_decorator.py
[2023-07-03T18:19:02.647+0000] {processor.py:836} INFO - DAG(s) dict_keys(['example_task_group_decorator']) retrieved from /home/airflow/.local/lib/python3.7/site-packages/airflow/example_dags/example_task_group_decorator.py
[2023-07-03T18:19:02.675+0000] {logging_mixin.py:149} INFO - [2023-07-03T18:19:02.675+0000] {dag.py:2726} INFO - Sync 1 DAGs
[2023-07-03T18:19:02.701+0000] {logging_mixin.py:149} INFO - [2023-07-03T18:19:02.701+0000] {dag.py:3490} INFO - Setting next_dagrun for example_task_group_decorator to 2023-07-02T18:19:02.700602+00:00, run_after=2023-07-03T18:19:02.700602+00:00
[2023-07-03T18:19:02.720+0000] {processor.py:179} INFO - Processing /home/airflow/.local/lib/python3.7/site-packages/airflow/example_dags/example_task_group_decorator.py took 0.093 seconds
[2023-07-03T18:19:32.817+0000] {processor.py:157} INFO - Started process (PID=9204) to work on /home/airflow/.local/lib/python3.7/site-packages/airflow/example_dags/example_task_group_decorator.py
[2023-07-03T18:19:32.818+0000] {processor.py:826} INFO - Processing file /home/airflow/.local/lib/python3.7/site-packages/airflow/example_dags/example_task_group_decorator.py for tasks to queue
[2023-07-03T18:19:32.819+0000] {logging_mixin.py:149} INFO - [2023-07-03T18:19:32.819+0000] {dagbag.py:541} INFO - Filling up the DagBag from /home/airflow/.local/lib/python3.7/site-packages/airflow/example_dags/example_task_group_decorator.py
[2023-07-03T18:19:32.836+0000] {processor.py:836} INFO - DAG(s) dict_keys(['example_task_group_decorator']) retrieved from /home/airflow/.local/lib/python3.7/site-packages/airflow/example_dags/example_task_group_decorator.py
[2023-07-03T18:19:32.861+0000] {logging_mixin.py:149} INFO - [2023-07-03T18:19:32.861+0000] {dag.py:2726} INFO - Sync 1 DAGs
[2023-07-03T18:19:32.890+0000] {logging_mixin.py:149} INFO - [2023-07-03T18:19:32.890+0000] {dag.py:3490} INFO - Setting next_dagrun for example_task_group_decorator to 2023-07-02T18:19:32.890592+00:00, run_after=2023-07-03T18:19:32.890592+00:00
[2023-07-03T18:19:32.909+0000] {processor.py:179} INFO - Processing /home/airflow/.local/lib/python3.7/site-packages/airflow/example_dags/example_task_group_decorator.py took 0.095 seconds
[2023-07-03T18:20:03.485+0000] {processor.py:157} INFO - Started process (PID=9455) to work on /home/airflow/.local/lib/python3.7/site-packages/airflow/example_dags/example_task_group_decorator.py
[2023-07-03T18:20:03.486+0000] {processor.py:826} INFO - Processing file /home/airflow/.local/lib/python3.7/site-packages/airflow/example_dags/example_task_group_decorator.py for tasks to queue
[2023-07-03T18:20:03.487+0000] {logging_mixin.py:149} INFO - [2023-07-03T18:20:03.487+0000] {dagbag.py:541} INFO - Filling up the DagBag from /home/airflow/.local/lib/python3.7/site-packages/airflow/example_dags/example_task_group_decorator.py
[2023-07-03T18:20:03.501+0000] {processor.py:836} INFO - DAG(s) dict_keys(['example_task_group_decorator']) retrieved from /home/airflow/.local/lib/python3.7/site-packages/airflow/example_dags/example_task_group_decorator.py
[2023-07-03T18:20:03.526+0000] {logging_mixin.py:149} INFO - [2023-07-03T18:20:03.526+0000] {dag.py:2726} INFO - Sync 1 DAGs
[2023-07-03T18:20:03.553+0000] {logging_mixin.py:149} INFO - [2023-07-03T18:20:03.553+0000] {dag.py:3490} INFO - Setting next_dagrun for example_task_group_decorator to 2023-07-02T18:20:03.553336+00:00, run_after=2023-07-03T18:20:03.553336+00:00
[2023-07-03T18:20:03.573+0000] {processor.py:179} INFO - Processing /home/airflow/.local/lib/python3.7/site-packages/airflow/example_dags/example_task_group_decorator.py took 0.090 seconds
