[2023-07-03T18:01:17.021+0000] {processor.py:157} INFO - Started process (PID=294) to work on /home/airflow/.local/lib/python3.7/site-packages/airflow/example_dags/example_branch_operator_decorator.py
[2023-07-03T18:01:17.022+0000] {processor.py:826} INFO - Processing file /home/airflow/.local/lib/python3.7/site-packages/airflow/example_dags/example_branch_operator_decorator.py for tasks to queue
[2023-07-03T18:01:17.023+0000] {logging_mixin.py:149} INFO - [2023-07-03T18:01:17.023+0000] {dagbag.py:541} INFO - Filling up the DagBag from /home/airflow/.local/lib/python3.7/site-packages/airflow/example_dags/example_branch_operator_decorator.py
[2023-07-03T18:01:17.035+0000] {processor.py:836} INFO - DAG(s) dict_keys(['example_branch_python_operator_decorator']) retrieved from /home/airflow/.local/lib/python3.7/site-packages/airflow/example_dags/example_branch_operator_decorator.py
[2023-07-03T18:01:17.046+0000] {logging_mixin.py:149} INFO - [2023-07-03T18:01:17.046+0000] {dag.py:2726} INFO - Sync 1 DAGs
[2023-07-03T18:01:17.071+0000] {logging_mixin.py:149} INFO - [2023-07-03T18:01:17.071+0000] {dag.py:3490} INFO - Setting next_dagrun for example_branch_python_operator_decorator to 2023-07-02T00:00:00+00:00, run_after=2023-07-03T00:00:00+00:00
[2023-07-03T18:01:17.089+0000] {processor.py:179} INFO - Processing /home/airflow/.local/lib/python3.7/site-packages/airflow/example_dags/example_branch_operator_decorator.py took 0.070 seconds
[2023-07-03T18:01:47.141+0000] {processor.py:157} INFO - Started process (PID=541) to work on /home/airflow/.local/lib/python3.7/site-packages/airflow/example_dags/example_branch_operator_decorator.py
[2023-07-03T18:01:47.142+0000] {processor.py:826} INFO - Processing file /home/airflow/.local/lib/python3.7/site-packages/airflow/example_dags/example_branch_operator_decorator.py for tasks to queue
[2023-07-03T18:01:47.143+0000] {logging_mixin.py:149} INFO - [2023-07-03T18:01:47.143+0000] {dagbag.py:541} INFO - Filling up the DagBag from /home/airflow/.local/lib/python3.7/site-packages/airflow/example_dags/example_branch_operator_decorator.py
[2023-07-03T18:01:47.152+0000] {processor.py:836} INFO - DAG(s) dict_keys(['example_branch_python_operator_decorator']) retrieved from /home/airflow/.local/lib/python3.7/site-packages/airflow/example_dags/example_branch_operator_decorator.py
[2023-07-03T18:01:47.176+0000] {logging_mixin.py:149} INFO - [2023-07-03T18:01:47.176+0000] {dag.py:2726} INFO - Sync 1 DAGs
[2023-07-03T18:01:47.198+0000] {logging_mixin.py:149} INFO - [2023-07-03T18:01:47.198+0000] {dag.py:3490} INFO - Setting next_dagrun for example_branch_python_operator_decorator to 2023-07-02T00:00:00+00:00, run_after=2023-07-03T00:00:00+00:00
[2023-07-03T18:01:47.216+0000] {processor.py:179} INFO - Processing /home/airflow/.local/lib/python3.7/site-packages/airflow/example_dags/example_branch_operator_decorator.py took 0.077 seconds
[2023-07-03T18:02:18.173+0000] {processor.py:157} INFO - Started process (PID=791) to work on /home/airflow/.local/lib/python3.7/site-packages/airflow/example_dags/example_branch_operator_decorator.py
[2023-07-03T18:02:18.174+0000] {processor.py:826} INFO - Processing file /home/airflow/.local/lib/python3.7/site-packages/airflow/example_dags/example_branch_operator_decorator.py for tasks to queue
[2023-07-03T18:02:18.174+0000] {logging_mixin.py:149} INFO - [2023-07-03T18:02:18.174+0000] {dagbag.py:541} INFO - Filling up the DagBag from /home/airflow/.local/lib/python3.7/site-packages/airflow/example_dags/example_branch_operator_decorator.py
[2023-07-03T18:02:18.183+0000] {processor.py:836} INFO - DAG(s) dict_keys(['example_branch_python_operator_decorator']) retrieved from /home/airflow/.local/lib/python3.7/site-packages/airflow/example_dags/example_branch_operator_decorator.py
[2023-07-03T18:02:18.205+0000] {logging_mixin.py:149} INFO - [2023-07-03T18:02:18.205+0000] {dag.py:2726} INFO - Sync 1 DAGs
[2023-07-03T18:02:18.227+0000] {logging_mixin.py:149} INFO - [2023-07-03T18:02:18.227+0000] {dag.py:3490} INFO - Setting next_dagrun for example_branch_python_operator_decorator to 2023-07-02T00:00:00+00:00, run_after=2023-07-03T00:00:00+00:00
[2023-07-03T18:02:18.245+0000] {processor.py:179} INFO - Processing /home/airflow/.local/lib/python3.7/site-packages/airflow/example_dags/example_branch_operator_decorator.py took 0.075 seconds
[2023-07-03T18:02:48.647+0000] {processor.py:157} INFO - Started process (PID=1040) to work on /home/airflow/.local/lib/python3.7/site-packages/airflow/example_dags/example_branch_operator_decorator.py
[2023-07-03T18:02:48.648+0000] {processor.py:826} INFO - Processing file /home/airflow/.local/lib/python3.7/site-packages/airflow/example_dags/example_branch_operator_decorator.py for tasks to queue
[2023-07-03T18:02:48.649+0000] {logging_mixin.py:149} INFO - [2023-07-03T18:02:48.649+0000] {dagbag.py:541} INFO - Filling up the DagBag from /home/airflow/.local/lib/python3.7/site-packages/airflow/example_dags/example_branch_operator_decorator.py
[2023-07-03T18:02:48.657+0000] {processor.py:836} INFO - DAG(s) dict_keys(['example_branch_python_operator_decorator']) retrieved from /home/airflow/.local/lib/python3.7/site-packages/airflow/example_dags/example_branch_operator_decorator.py
[2023-07-03T18:02:48.680+0000] {logging_mixin.py:149} INFO - [2023-07-03T18:02:48.680+0000] {dag.py:2726} INFO - Sync 1 DAGs
[2023-07-03T18:02:48.702+0000] {logging_mixin.py:149} INFO - [2023-07-03T18:02:48.702+0000] {dag.py:3490} INFO - Setting next_dagrun for example_branch_python_operator_decorator to 2023-07-02T00:00:00+00:00, run_after=2023-07-03T00:00:00+00:00
[2023-07-03T18:02:48.719+0000] {processor.py:179} INFO - Processing /home/airflow/.local/lib/python3.7/site-packages/airflow/example_dags/example_branch_operator_decorator.py took 0.075 seconds
[2023-07-03T18:03:19.473+0000] {processor.py:157} INFO - Started process (PID=1289) to work on /home/airflow/.local/lib/python3.7/site-packages/airflow/example_dags/example_branch_operator_decorator.py
[2023-07-03T18:03:19.474+0000] {processor.py:826} INFO - Processing file /home/airflow/.local/lib/python3.7/site-packages/airflow/example_dags/example_branch_operator_decorator.py for tasks to queue
[2023-07-03T18:03:19.475+0000] {logging_mixin.py:149} INFO - [2023-07-03T18:03:19.475+0000] {dagbag.py:541} INFO - Filling up the DagBag from /home/airflow/.local/lib/python3.7/site-packages/airflow/example_dags/example_branch_operator_decorator.py
[2023-07-03T18:03:19.484+0000] {processor.py:836} INFO - DAG(s) dict_keys(['example_branch_python_operator_decorator']) retrieved from /home/airflow/.local/lib/python3.7/site-packages/airflow/example_dags/example_branch_operator_decorator.py
[2023-07-03T18:03:19.506+0000] {logging_mixin.py:149} INFO - [2023-07-03T18:03:19.506+0000] {dag.py:2726} INFO - Sync 1 DAGs
[2023-07-03T18:03:19.533+0000] {logging_mixin.py:149} INFO - [2023-07-03T18:03:19.532+0000] {dag.py:3490} INFO - Setting next_dagrun for example_branch_python_operator_decorator to 2023-07-02T00:00:00+00:00, run_after=2023-07-03T00:00:00+00:00
[2023-07-03T18:03:19.550+0000] {processor.py:179} INFO - Processing /home/airflow/.local/lib/python3.7/site-packages/airflow/example_dags/example_branch_operator_decorator.py took 0.080 seconds
[2023-07-03T18:03:50.142+0000] {processor.py:157} INFO - Started process (PID=1538) to work on /home/airflow/.local/lib/python3.7/site-packages/airflow/example_dags/example_branch_operator_decorator.py
[2023-07-03T18:03:50.143+0000] {processor.py:826} INFO - Processing file /home/airflow/.local/lib/python3.7/site-packages/airflow/example_dags/example_branch_operator_decorator.py for tasks to queue
[2023-07-03T18:03:50.144+0000] {logging_mixin.py:149} INFO - [2023-07-03T18:03:50.144+0000] {dagbag.py:541} INFO - Filling up the DagBag from /home/airflow/.local/lib/python3.7/site-packages/airflow/example_dags/example_branch_operator_decorator.py
[2023-07-03T18:03:50.153+0000] {processor.py:836} INFO - DAG(s) dict_keys(['example_branch_python_operator_decorator']) retrieved from /home/airflow/.local/lib/python3.7/site-packages/airflow/example_dags/example_branch_operator_decorator.py
[2023-07-03T18:03:50.180+0000] {logging_mixin.py:149} INFO - [2023-07-03T18:03:50.180+0000] {dag.py:2726} INFO - Sync 1 DAGs
[2023-07-03T18:03:50.203+0000] {logging_mixin.py:149} INFO - [2023-07-03T18:03:50.202+0000] {dag.py:3490} INFO - Setting next_dagrun for example_branch_python_operator_decorator to 2023-07-02T00:00:00+00:00, run_after=2023-07-03T00:00:00+00:00
[2023-07-03T18:03:50.223+0000] {processor.py:179} INFO - Processing /home/airflow/.local/lib/python3.7/site-packages/airflow/example_dags/example_branch_operator_decorator.py took 0.084 seconds
[2023-07-03T18:04:20.886+0000] {processor.py:157} INFO - Started process (PID=1787) to work on /home/airflow/.local/lib/python3.7/site-packages/airflow/example_dags/example_branch_operator_decorator.py
[2023-07-03T18:04:20.887+0000] {processor.py:826} INFO - Processing file /home/airflow/.local/lib/python3.7/site-packages/airflow/example_dags/example_branch_operator_decorator.py for tasks to queue
[2023-07-03T18:04:20.888+0000] {logging_mixin.py:149} INFO - [2023-07-03T18:04:20.887+0000] {dagbag.py:541} INFO - Filling up the DagBag from /home/airflow/.local/lib/python3.7/site-packages/airflow/example_dags/example_branch_operator_decorator.py
[2023-07-03T18:04:20.896+0000] {processor.py:836} INFO - DAG(s) dict_keys(['example_branch_python_operator_decorator']) retrieved from /home/airflow/.local/lib/python3.7/site-packages/airflow/example_dags/example_branch_operator_decorator.py
[2023-07-03T18:04:20.917+0000] {logging_mixin.py:149} INFO - [2023-07-03T18:04:20.917+0000] {dag.py:2726} INFO - Sync 1 DAGs
[2023-07-03T18:04:20.938+0000] {logging_mixin.py:149} INFO - [2023-07-03T18:04:20.938+0000] {dag.py:3490} INFO - Setting next_dagrun for example_branch_python_operator_decorator to 2023-07-02T00:00:00+00:00, run_after=2023-07-03T00:00:00+00:00
[2023-07-03T18:04:20.954+0000] {processor.py:179} INFO - Processing /home/airflow/.local/lib/python3.7/site-packages/airflow/example_dags/example_branch_operator_decorator.py took 0.071 seconds
[2023-07-03T18:04:51.410+0000] {processor.py:157} INFO - Started process (PID=2036) to work on /home/airflow/.local/lib/python3.7/site-packages/airflow/example_dags/example_branch_operator_decorator.py
[2023-07-03T18:04:51.411+0000] {processor.py:826} INFO - Processing file /home/airflow/.local/lib/python3.7/site-packages/airflow/example_dags/example_branch_operator_decorator.py for tasks to queue
[2023-07-03T18:04:51.412+0000] {logging_mixin.py:149} INFO - [2023-07-03T18:04:51.412+0000] {dagbag.py:541} INFO - Filling up the DagBag from /home/airflow/.local/lib/python3.7/site-packages/airflow/example_dags/example_branch_operator_decorator.py
[2023-07-03T18:04:51.421+0000] {processor.py:836} INFO - DAG(s) dict_keys(['example_branch_python_operator_decorator']) retrieved from /home/airflow/.local/lib/python3.7/site-packages/airflow/example_dags/example_branch_operator_decorator.py
[2023-07-03T18:04:51.444+0000] {logging_mixin.py:149} INFO - [2023-07-03T18:04:51.444+0000] {dag.py:2726} INFO - Sync 1 DAGs
[2023-07-03T18:04:51.466+0000] {logging_mixin.py:149} INFO - [2023-07-03T18:04:51.466+0000] {dag.py:3490} INFO - Setting next_dagrun for example_branch_python_operator_decorator to 2023-07-02T00:00:00+00:00, run_after=2023-07-03T00:00:00+00:00
[2023-07-03T18:04:51.483+0000] {processor.py:179} INFO - Processing /home/airflow/.local/lib/python3.7/site-packages/airflow/example_dags/example_branch_operator_decorator.py took 0.076 seconds
[2023-07-03T18:05:22.157+0000] {processor.py:157} INFO - Started process (PID=2285) to work on /home/airflow/.local/lib/python3.7/site-packages/airflow/example_dags/example_branch_operator_decorator.py
[2023-07-03T18:05:22.158+0000] {processor.py:826} INFO - Processing file /home/airflow/.local/lib/python3.7/site-packages/airflow/example_dags/example_branch_operator_decorator.py for tasks to queue
[2023-07-03T18:05:22.158+0000] {logging_mixin.py:149} INFO - [2023-07-03T18:05:22.158+0000] {dagbag.py:541} INFO - Filling up the DagBag from /home/airflow/.local/lib/python3.7/site-packages/airflow/example_dags/example_branch_operator_decorator.py
[2023-07-03T18:05:22.167+0000] {processor.py:836} INFO - DAG(s) dict_keys(['example_branch_python_operator_decorator']) retrieved from /home/airflow/.local/lib/python3.7/site-packages/airflow/example_dags/example_branch_operator_decorator.py
[2023-07-03T18:05:22.191+0000] {logging_mixin.py:149} INFO - [2023-07-03T18:05:22.191+0000] {dag.py:2726} INFO - Sync 1 DAGs
[2023-07-03T18:05:22.214+0000] {logging_mixin.py:149} INFO - [2023-07-03T18:05:22.213+0000] {dag.py:3490} INFO - Setting next_dagrun for example_branch_python_operator_decorator to 2023-07-02T00:00:00+00:00, run_after=2023-07-03T00:00:00+00:00
[2023-07-03T18:05:22.234+0000] {processor.py:179} INFO - Processing /home/airflow/.local/lib/python3.7/site-packages/airflow/example_dags/example_branch_operator_decorator.py took 0.080 seconds
[2023-07-03T18:05:52.739+0000] {processor.py:157} INFO - Started process (PID=2534) to work on /home/airflow/.local/lib/python3.7/site-packages/airflow/example_dags/example_branch_operator_decorator.py
[2023-07-03T18:05:52.740+0000] {processor.py:826} INFO - Processing file /home/airflow/.local/lib/python3.7/site-packages/airflow/example_dags/example_branch_operator_decorator.py for tasks to queue
[2023-07-03T18:05:52.741+0000] {logging_mixin.py:149} INFO - [2023-07-03T18:05:52.741+0000] {dagbag.py:541} INFO - Filling up the DagBag from /home/airflow/.local/lib/python3.7/site-packages/airflow/example_dags/example_branch_operator_decorator.py
[2023-07-03T18:05:52.751+0000] {processor.py:836} INFO - DAG(s) dict_keys(['example_branch_python_operator_decorator']) retrieved from /home/airflow/.local/lib/python3.7/site-packages/airflow/example_dags/example_branch_operator_decorator.py
[2023-07-03T18:05:52.774+0000] {logging_mixin.py:149} INFO - [2023-07-03T18:05:52.774+0000] {dag.py:2726} INFO - Sync 1 DAGs
[2023-07-03T18:05:52.797+0000] {logging_mixin.py:149} INFO - [2023-07-03T18:05:52.797+0000] {dag.py:3490} INFO - Setting next_dagrun for example_branch_python_operator_decorator to 2023-07-02T00:00:00+00:00, run_after=2023-07-03T00:00:00+00:00
[2023-07-03T18:05:52.815+0000] {processor.py:179} INFO - Processing /home/airflow/.local/lib/python3.7/site-packages/airflow/example_dags/example_branch_operator_decorator.py took 0.078 seconds
[2023-07-03T18:06:23.476+0000] {processor.py:157} INFO - Started process (PID=2783) to work on /home/airflow/.local/lib/python3.7/site-packages/airflow/example_dags/example_branch_operator_decorator.py
[2023-07-03T18:06:23.477+0000] {processor.py:826} INFO - Processing file /home/airflow/.local/lib/python3.7/site-packages/airflow/example_dags/example_branch_operator_decorator.py for tasks to queue
[2023-07-03T18:06:23.478+0000] {logging_mixin.py:149} INFO - [2023-07-03T18:06:23.478+0000] {dagbag.py:541} INFO - Filling up the DagBag from /home/airflow/.local/lib/python3.7/site-packages/airflow/example_dags/example_branch_operator_decorator.py
[2023-07-03T18:06:23.486+0000] {processor.py:836} INFO - DAG(s) dict_keys(['example_branch_python_operator_decorator']) retrieved from /home/airflow/.local/lib/python3.7/site-packages/airflow/example_dags/example_branch_operator_decorator.py
[2023-07-03T18:06:23.513+0000] {logging_mixin.py:149} INFO - [2023-07-03T18:06:23.513+0000] {dag.py:2726} INFO - Sync 1 DAGs
[2023-07-03T18:06:23.538+0000] {logging_mixin.py:149} INFO - [2023-07-03T18:06:23.538+0000] {dag.py:3490} INFO - Setting next_dagrun for example_branch_python_operator_decorator to 2023-07-02T00:00:00+00:00, run_after=2023-07-03T00:00:00+00:00
[2023-07-03T18:06:23.558+0000] {processor.py:179} INFO - Processing /home/airflow/.local/lib/python3.7/site-packages/airflow/example_dags/example_branch_operator_decorator.py took 0.085 seconds
[2023-07-03T18:06:54.178+0000] {processor.py:157} INFO - Started process (PID=3032) to work on /home/airflow/.local/lib/python3.7/site-packages/airflow/example_dags/example_branch_operator_decorator.py
[2023-07-03T18:06:54.179+0000] {processor.py:826} INFO - Processing file /home/airflow/.local/lib/python3.7/site-packages/airflow/example_dags/example_branch_operator_decorator.py for tasks to queue
[2023-07-03T18:06:54.181+0000] {logging_mixin.py:149} INFO - [2023-07-03T18:06:54.180+0000] {dagbag.py:541} INFO - Filling up the DagBag from /home/airflow/.local/lib/python3.7/site-packages/airflow/example_dags/example_branch_operator_decorator.py
[2023-07-03T18:06:54.189+0000] {processor.py:836} INFO - DAG(s) dict_keys(['example_branch_python_operator_decorator']) retrieved from /home/airflow/.local/lib/python3.7/site-packages/airflow/example_dags/example_branch_operator_decorator.py
[2023-07-03T18:06:54.213+0000] {logging_mixin.py:149} INFO - [2023-07-03T18:06:54.213+0000] {dag.py:2726} INFO - Sync 1 DAGs
[2023-07-03T18:06:54.240+0000] {logging_mixin.py:149} INFO - [2023-07-03T18:06:54.240+0000] {dag.py:3490} INFO - Setting next_dagrun for example_branch_python_operator_decorator to 2023-07-02T00:00:00+00:00, run_after=2023-07-03T00:00:00+00:00
[2023-07-03T18:06:54.259+0000] {processor.py:179} INFO - Processing /home/airflow/.local/lib/python3.7/site-packages/airflow/example_dags/example_branch_operator_decorator.py took 0.083 seconds
[2023-07-03T18:07:24.896+0000] {processor.py:157} INFO - Started process (PID=3281) to work on /home/airflow/.local/lib/python3.7/site-packages/airflow/example_dags/example_branch_operator_decorator.py
[2023-07-03T18:07:24.897+0000] {processor.py:826} INFO - Processing file /home/airflow/.local/lib/python3.7/site-packages/airflow/example_dags/example_branch_operator_decorator.py for tasks to queue
[2023-07-03T18:07:24.898+0000] {logging_mixin.py:149} INFO - [2023-07-03T18:07:24.898+0000] {dagbag.py:541} INFO - Filling up the DagBag from /home/airflow/.local/lib/python3.7/site-packages/airflow/example_dags/example_branch_operator_decorator.py
[2023-07-03T18:07:24.907+0000] {processor.py:836} INFO - DAG(s) dict_keys(['example_branch_python_operator_decorator']) retrieved from /home/airflow/.local/lib/python3.7/site-packages/airflow/example_dags/example_branch_operator_decorator.py
[2023-07-03T18:07:24.929+0000] {logging_mixin.py:149} INFO - [2023-07-03T18:07:24.929+0000] {dag.py:2726} INFO - Sync 1 DAGs
[2023-07-03T18:07:24.952+0000] {logging_mixin.py:149} INFO - [2023-07-03T18:07:24.952+0000] {dag.py:3490} INFO - Setting next_dagrun for example_branch_python_operator_decorator to 2023-07-02T00:00:00+00:00, run_after=2023-07-03T00:00:00+00:00
[2023-07-03T18:07:24.969+0000] {processor.py:179} INFO - Processing /home/airflow/.local/lib/python3.7/site-packages/airflow/example_dags/example_branch_operator_decorator.py took 0.075 seconds
[2023-07-03T18:07:55.413+0000] {processor.py:157} INFO - Started process (PID=3526) to work on /home/airflow/.local/lib/python3.7/site-packages/airflow/example_dags/example_branch_operator_decorator.py
[2023-07-03T18:07:55.414+0000] {processor.py:826} INFO - Processing file /home/airflow/.local/lib/python3.7/site-packages/airflow/example_dags/example_branch_operator_decorator.py for tasks to queue
[2023-07-03T18:07:55.415+0000] {logging_mixin.py:149} INFO - [2023-07-03T18:07:55.415+0000] {dagbag.py:541} INFO - Filling up the DagBag from /home/airflow/.local/lib/python3.7/site-packages/airflow/example_dags/example_branch_operator_decorator.py
[2023-07-03T18:07:55.423+0000] {processor.py:836} INFO - DAG(s) dict_keys(['example_branch_python_operator_decorator']) retrieved from /home/airflow/.local/lib/python3.7/site-packages/airflow/example_dags/example_branch_operator_decorator.py
[2023-07-03T18:07:55.446+0000] {logging_mixin.py:149} INFO - [2023-07-03T18:07:55.445+0000] {dag.py:2726} INFO - Sync 1 DAGs
[2023-07-03T18:07:55.469+0000] {logging_mixin.py:149} INFO - [2023-07-03T18:07:55.469+0000] {dag.py:3490} INFO - Setting next_dagrun for example_branch_python_operator_decorator to 2023-07-02T00:00:00+00:00, run_after=2023-07-03T00:00:00+00:00
[2023-07-03T18:07:55.486+0000] {processor.py:179} INFO - Processing /home/airflow/.local/lib/python3.7/site-packages/airflow/example_dags/example_branch_operator_decorator.py took 0.075 seconds
[2023-07-03T18:08:25.952+0000] {processor.py:157} INFO - Started process (PID=3780) to work on /home/airflow/.local/lib/python3.7/site-packages/airflow/example_dags/example_branch_operator_decorator.py
[2023-07-03T18:08:25.954+0000] {processor.py:826} INFO - Processing file /home/airflow/.local/lib/python3.7/site-packages/airflow/example_dags/example_branch_operator_decorator.py for tasks to queue
[2023-07-03T18:08:25.954+0000] {logging_mixin.py:149} INFO - [2023-07-03T18:08:25.954+0000] {dagbag.py:541} INFO - Filling up the DagBag from /home/airflow/.local/lib/python3.7/site-packages/airflow/example_dags/example_branch_operator_decorator.py
[2023-07-03T18:08:25.963+0000] {processor.py:836} INFO - DAG(s) dict_keys(['example_branch_python_operator_decorator']) retrieved from /home/airflow/.local/lib/python3.7/site-packages/airflow/example_dags/example_branch_operator_decorator.py
[2023-07-03T18:08:25.985+0000] {logging_mixin.py:149} INFO - [2023-07-03T18:08:25.985+0000] {dag.py:2726} INFO - Sync 1 DAGs
[2023-07-03T18:08:26.008+0000] {logging_mixin.py:149} INFO - [2023-07-03T18:08:26.007+0000] {dag.py:3490} INFO - Setting next_dagrun for example_branch_python_operator_decorator to 2023-07-02T00:00:00+00:00, run_after=2023-07-03T00:00:00+00:00
[2023-07-03T18:08:26.026+0000] {processor.py:179} INFO - Processing /home/airflow/.local/lib/python3.7/site-packages/airflow/example_dags/example_branch_operator_decorator.py took 0.076 seconds
[2023-07-03T18:08:56.547+0000] {processor.py:157} INFO - Started process (PID=4029) to work on /home/airflow/.local/lib/python3.7/site-packages/airflow/example_dags/example_branch_operator_decorator.py
[2023-07-03T18:08:56.548+0000] {processor.py:826} INFO - Processing file /home/airflow/.local/lib/python3.7/site-packages/airflow/example_dags/example_branch_operator_decorator.py for tasks to queue
[2023-07-03T18:08:56.549+0000] {logging_mixin.py:149} INFO - [2023-07-03T18:08:56.549+0000] {dagbag.py:541} INFO - Filling up the DagBag from /home/airflow/.local/lib/python3.7/site-packages/airflow/example_dags/example_branch_operator_decorator.py
[2023-07-03T18:08:56.558+0000] {processor.py:836} INFO - DAG(s) dict_keys(['example_branch_python_operator_decorator']) retrieved from /home/airflow/.local/lib/python3.7/site-packages/airflow/example_dags/example_branch_operator_decorator.py
[2023-07-03T18:08:56.580+0000] {logging_mixin.py:149} INFO - [2023-07-03T18:08:56.580+0000] {dag.py:2726} INFO - Sync 1 DAGs
[2023-07-03T18:08:56.602+0000] {logging_mixin.py:149} INFO - [2023-07-03T18:08:56.602+0000] {dag.py:3490} INFO - Setting next_dagrun for example_branch_python_operator_decorator to 2023-07-02T00:00:00+00:00, run_after=2023-07-03T00:00:00+00:00
[2023-07-03T18:08:56.620+0000] {processor.py:179} INFO - Processing /home/airflow/.local/lib/python3.7/site-packages/airflow/example_dags/example_branch_operator_decorator.py took 0.075 seconds
[2023-07-03T18:09:27.183+0000] {processor.py:157} INFO - Started process (PID=4278) to work on /home/airflow/.local/lib/python3.7/site-packages/airflow/example_dags/example_branch_operator_decorator.py
[2023-07-03T18:09:27.184+0000] {processor.py:826} INFO - Processing file /home/airflow/.local/lib/python3.7/site-packages/airflow/example_dags/example_branch_operator_decorator.py for tasks to queue
[2023-07-03T18:09:27.185+0000] {logging_mixin.py:149} INFO - [2023-07-03T18:09:27.185+0000] {dagbag.py:541} INFO - Filling up the DagBag from /home/airflow/.local/lib/python3.7/site-packages/airflow/example_dags/example_branch_operator_decorator.py
[2023-07-03T18:09:27.195+0000] {processor.py:836} INFO - DAG(s) dict_keys(['example_branch_python_operator_decorator']) retrieved from /home/airflow/.local/lib/python3.7/site-packages/airflow/example_dags/example_branch_operator_decorator.py
[2023-07-03T18:09:27.220+0000] {logging_mixin.py:149} INFO - [2023-07-03T18:09:27.220+0000] {dag.py:2726} INFO - Sync 1 DAGs
[2023-07-03T18:09:27.244+0000] {logging_mixin.py:149} INFO - [2023-07-03T18:09:27.243+0000] {dag.py:3490} INFO - Setting next_dagrun for example_branch_python_operator_decorator to 2023-07-02T00:00:00+00:00, run_after=2023-07-03T00:00:00+00:00
[2023-07-03T18:09:27.263+0000] {processor.py:179} INFO - Processing /home/airflow/.local/lib/python3.7/site-packages/airflow/example_dags/example_branch_operator_decorator.py took 0.083 seconds
[2023-07-03T18:09:57.949+0000] {processor.py:157} INFO - Started process (PID=4527) to work on /home/airflow/.local/lib/python3.7/site-packages/airflow/example_dags/example_branch_operator_decorator.py
[2023-07-03T18:09:57.950+0000] {processor.py:826} INFO - Processing file /home/airflow/.local/lib/python3.7/site-packages/airflow/example_dags/example_branch_operator_decorator.py for tasks to queue
[2023-07-03T18:09:57.951+0000] {logging_mixin.py:149} INFO - [2023-07-03T18:09:57.951+0000] {dagbag.py:541} INFO - Filling up the DagBag from /home/airflow/.local/lib/python3.7/site-packages/airflow/example_dags/example_branch_operator_decorator.py
[2023-07-03T18:09:57.959+0000] {processor.py:836} INFO - DAG(s) dict_keys(['example_branch_python_operator_decorator']) retrieved from /home/airflow/.local/lib/python3.7/site-packages/airflow/example_dags/example_branch_operator_decorator.py
[2023-07-03T18:09:57.986+0000] {logging_mixin.py:149} INFO - [2023-07-03T18:09:57.986+0000] {dag.py:2726} INFO - Sync 1 DAGs
[2023-07-03T18:09:58.008+0000] {logging_mixin.py:149} INFO - [2023-07-03T18:09:58.008+0000] {dag.py:3490} INFO - Setting next_dagrun for example_branch_python_operator_decorator to 2023-07-02T00:00:00+00:00, run_after=2023-07-03T00:00:00+00:00
[2023-07-03T18:09:58.026+0000] {processor.py:179} INFO - Processing /home/airflow/.local/lib/python3.7/site-packages/airflow/example_dags/example_branch_operator_decorator.py took 0.079 seconds
[2023-07-03T18:10:28.239+0000] {processor.py:157} INFO - Started process (PID=4776) to work on /home/airflow/.local/lib/python3.7/site-packages/airflow/example_dags/example_branch_operator_decorator.py
[2023-07-03T18:10:28.240+0000] {processor.py:826} INFO - Processing file /home/airflow/.local/lib/python3.7/site-packages/airflow/example_dags/example_branch_operator_decorator.py for tasks to queue
[2023-07-03T18:10:28.241+0000] {logging_mixin.py:149} INFO - [2023-07-03T18:10:28.241+0000] {dagbag.py:541} INFO - Filling up the DagBag from /home/airflow/.local/lib/python3.7/site-packages/airflow/example_dags/example_branch_operator_decorator.py
[2023-07-03T18:10:28.250+0000] {processor.py:836} INFO - DAG(s) dict_keys(['example_branch_python_operator_decorator']) retrieved from /home/airflow/.local/lib/python3.7/site-packages/airflow/example_dags/example_branch_operator_decorator.py
[2023-07-03T18:10:28.272+0000] {logging_mixin.py:149} INFO - [2023-07-03T18:10:28.271+0000] {dag.py:2726} INFO - Sync 1 DAGs
[2023-07-03T18:10:28.294+0000] {logging_mixin.py:149} INFO - [2023-07-03T18:10:28.294+0000] {dag.py:3490} INFO - Setting next_dagrun for example_branch_python_operator_decorator to 2023-07-02T00:00:00+00:00, run_after=2023-07-03T00:00:00+00:00
[2023-07-03T18:10:28.313+0000] {processor.py:179} INFO - Processing /home/airflow/.local/lib/python3.7/site-packages/airflow/example_dags/example_branch_operator_decorator.py took 0.077 seconds
[2023-07-03T18:10:58.444+0000] {processor.py:157} INFO - Started process (PID=5022) to work on /home/airflow/.local/lib/python3.7/site-packages/airflow/example_dags/example_branch_operator_decorator.py
[2023-07-03T18:10:58.445+0000] {processor.py:826} INFO - Processing file /home/airflow/.local/lib/python3.7/site-packages/airflow/example_dags/example_branch_operator_decorator.py for tasks to queue
[2023-07-03T18:10:58.446+0000] {logging_mixin.py:149} INFO - [2023-07-03T18:10:58.446+0000] {dagbag.py:541} INFO - Filling up the DagBag from /home/airflow/.local/lib/python3.7/site-packages/airflow/example_dags/example_branch_operator_decorator.py
[2023-07-03T18:10:58.454+0000] {processor.py:836} INFO - DAG(s) dict_keys(['example_branch_python_operator_decorator']) retrieved from /home/airflow/.local/lib/python3.7/site-packages/airflow/example_dags/example_branch_operator_decorator.py
[2023-07-03T18:10:58.475+0000] {logging_mixin.py:149} INFO - [2023-07-03T18:10:58.475+0000] {dag.py:2726} INFO - Sync 1 DAGs
[2023-07-03T18:10:58.500+0000] {logging_mixin.py:149} INFO - [2023-07-03T18:10:58.500+0000] {dag.py:3490} INFO - Setting next_dagrun for example_branch_python_operator_decorator to 2023-07-02T00:00:00+00:00, run_after=2023-07-03T00:00:00+00:00
[2023-07-03T18:10:58.518+0000] {processor.py:179} INFO - Processing /home/airflow/.local/lib/python3.7/site-packages/airflow/example_dags/example_branch_operator_decorator.py took 0.077 seconds
[2023-07-03T18:11:28.598+0000] {processor.py:157} INFO - Started process (PID=5269) to work on /home/airflow/.local/lib/python3.7/site-packages/airflow/example_dags/example_branch_operator_decorator.py
[2023-07-03T18:11:28.599+0000] {processor.py:826} INFO - Processing file /home/airflow/.local/lib/python3.7/site-packages/airflow/example_dags/example_branch_operator_decorator.py for tasks to queue
[2023-07-03T18:11:28.600+0000] {logging_mixin.py:149} INFO - [2023-07-03T18:11:28.600+0000] {dagbag.py:541} INFO - Filling up the DagBag from /home/airflow/.local/lib/python3.7/site-packages/airflow/example_dags/example_branch_operator_decorator.py
[2023-07-03T18:11:28.608+0000] {processor.py:836} INFO - DAG(s) dict_keys(['example_branch_python_operator_decorator']) retrieved from /home/airflow/.local/lib/python3.7/site-packages/airflow/example_dags/example_branch_operator_decorator.py
[2023-07-03T18:11:28.631+0000] {logging_mixin.py:149} INFO - [2023-07-03T18:11:28.631+0000] {dag.py:2726} INFO - Sync 1 DAGs
[2023-07-03T18:11:28.653+0000] {logging_mixin.py:149} INFO - [2023-07-03T18:11:28.653+0000] {dag.py:3490} INFO - Setting next_dagrun for example_branch_python_operator_decorator to 2023-07-02T00:00:00+00:00, run_after=2023-07-03T00:00:00+00:00
[2023-07-03T18:11:28.672+0000] {processor.py:179} INFO - Processing /home/airflow/.local/lib/python3.7/site-packages/airflow/example_dags/example_branch_operator_decorator.py took 0.077 seconds
[2023-07-03T18:11:58.712+0000] {processor.py:157} INFO - Started process (PID=5515) to work on /home/airflow/.local/lib/python3.7/site-packages/airflow/example_dags/example_branch_operator_decorator.py
[2023-07-03T18:11:58.713+0000] {processor.py:826} INFO - Processing file /home/airflow/.local/lib/python3.7/site-packages/airflow/example_dags/example_branch_operator_decorator.py for tasks to queue
[2023-07-03T18:11:58.714+0000] {logging_mixin.py:149} INFO - [2023-07-03T18:11:58.713+0000] {dagbag.py:541} INFO - Filling up the DagBag from /home/airflow/.local/lib/python3.7/site-packages/airflow/example_dags/example_branch_operator_decorator.py
[2023-07-03T18:11:58.722+0000] {processor.py:836} INFO - DAG(s) dict_keys(['example_branch_python_operator_decorator']) retrieved from /home/airflow/.local/lib/python3.7/site-packages/airflow/example_dags/example_branch_operator_decorator.py
[2023-07-03T18:11:58.744+0000] {logging_mixin.py:149} INFO - [2023-07-03T18:11:58.744+0000] {dag.py:2726} INFO - Sync 1 DAGs
[2023-07-03T18:11:58.766+0000] {logging_mixin.py:149} INFO - [2023-07-03T18:11:58.766+0000] {dag.py:3490} INFO - Setting next_dagrun for example_branch_python_operator_decorator to 2023-07-02T00:00:00+00:00, run_after=2023-07-03T00:00:00+00:00
[2023-07-03T18:11:58.782+0000] {processor.py:179} INFO - Processing /home/airflow/.local/lib/python3.7/site-packages/airflow/example_dags/example_branch_operator_decorator.py took 0.073 seconds
[2023-07-03T18:12:28.873+0000] {processor.py:157} INFO - Started process (PID=5762) to work on /home/airflow/.local/lib/python3.7/site-packages/airflow/example_dags/example_branch_operator_decorator.py
[2023-07-03T18:12:28.874+0000] {processor.py:826} INFO - Processing file /home/airflow/.local/lib/python3.7/site-packages/airflow/example_dags/example_branch_operator_decorator.py for tasks to queue
[2023-07-03T18:12:28.875+0000] {logging_mixin.py:149} INFO - [2023-07-03T18:12:28.875+0000] {dagbag.py:541} INFO - Filling up the DagBag from /home/airflow/.local/lib/python3.7/site-packages/airflow/example_dags/example_branch_operator_decorator.py
[2023-07-03T18:12:28.884+0000] {processor.py:836} INFO - DAG(s) dict_keys(['example_branch_python_operator_decorator']) retrieved from /home/airflow/.local/lib/python3.7/site-packages/airflow/example_dags/example_branch_operator_decorator.py
[2023-07-03T18:12:28.906+0000] {logging_mixin.py:149} INFO - [2023-07-03T18:12:28.905+0000] {dag.py:2726} INFO - Sync 1 DAGs
[2023-07-03T18:12:28.927+0000] {logging_mixin.py:149} INFO - [2023-07-03T18:12:28.927+0000] {dag.py:3490} INFO - Setting next_dagrun for example_branch_python_operator_decorator to 2023-07-02T00:00:00+00:00, run_after=2023-07-03T00:00:00+00:00
[2023-07-03T18:12:28.943+0000] {processor.py:179} INFO - Processing /home/airflow/.local/lib/python3.7/site-packages/airflow/example_dags/example_branch_operator_decorator.py took 0.072 seconds
[2023-07-03T18:12:59.573+0000] {processor.py:157} INFO - Started process (PID=6011) to work on /home/airflow/.local/lib/python3.7/site-packages/airflow/example_dags/example_branch_operator_decorator.py
[2023-07-03T18:12:59.574+0000] {processor.py:826} INFO - Processing file /home/airflow/.local/lib/python3.7/site-packages/airflow/example_dags/example_branch_operator_decorator.py for tasks to queue
[2023-07-03T18:12:59.575+0000] {logging_mixin.py:149} INFO - [2023-07-03T18:12:59.575+0000] {dagbag.py:541} INFO - Filling up the DagBag from /home/airflow/.local/lib/python3.7/site-packages/airflow/example_dags/example_branch_operator_decorator.py
[2023-07-03T18:12:59.584+0000] {processor.py:836} INFO - DAG(s) dict_keys(['example_branch_python_operator_decorator']) retrieved from /home/airflow/.local/lib/python3.7/site-packages/airflow/example_dags/example_branch_operator_decorator.py
[2023-07-03T18:12:59.606+0000] {logging_mixin.py:149} INFO - [2023-07-03T18:12:59.606+0000] {dag.py:2726} INFO - Sync 1 DAGs
[2023-07-03T18:12:59.629+0000] {logging_mixin.py:149} INFO - [2023-07-03T18:12:59.629+0000] {dag.py:3490} INFO - Setting next_dagrun for example_branch_python_operator_decorator to 2023-07-02T00:00:00+00:00, run_after=2023-07-03T00:00:00+00:00
[2023-07-03T18:12:59.648+0000] {processor.py:179} INFO - Processing /home/airflow/.local/lib/python3.7/site-packages/airflow/example_dags/example_branch_operator_decorator.py took 0.077 seconds
[2023-07-03T18:13:30.154+0000] {processor.py:157} INFO - Started process (PID=6260) to work on /home/airflow/.local/lib/python3.7/site-packages/airflow/example_dags/example_branch_operator_decorator.py
[2023-07-03T18:13:30.155+0000] {processor.py:826} INFO - Processing file /home/airflow/.local/lib/python3.7/site-packages/airflow/example_dags/example_branch_operator_decorator.py for tasks to queue
[2023-07-03T18:13:30.156+0000] {logging_mixin.py:149} INFO - [2023-07-03T18:13:30.156+0000] {dagbag.py:541} INFO - Filling up the DagBag from /home/airflow/.local/lib/python3.7/site-packages/airflow/example_dags/example_branch_operator_decorator.py
[2023-07-03T18:13:30.165+0000] {processor.py:836} INFO - DAG(s) dict_keys(['example_branch_python_operator_decorator']) retrieved from /home/airflow/.local/lib/python3.7/site-packages/airflow/example_dags/example_branch_operator_decorator.py
[2023-07-03T18:13:30.186+0000] {logging_mixin.py:149} INFO - [2023-07-03T18:13:30.186+0000] {dag.py:2726} INFO - Sync 1 DAGs
[2023-07-03T18:13:30.208+0000] {logging_mixin.py:149} INFO - [2023-07-03T18:13:30.208+0000] {dag.py:3490} INFO - Setting next_dagrun for example_branch_python_operator_decorator to 2023-07-02T00:00:00+00:00, run_after=2023-07-03T00:00:00+00:00
[2023-07-03T18:13:30.227+0000] {processor.py:179} INFO - Processing /home/airflow/.local/lib/python3.7/site-packages/airflow/example_dags/example_branch_operator_decorator.py took 0.076 seconds
[2023-07-03T18:14:00.715+0000] {processor.py:157} INFO - Started process (PID=6511) to work on /home/airflow/.local/lib/python3.7/site-packages/airflow/example_dags/example_branch_operator_decorator.py
[2023-07-03T18:14:00.716+0000] {processor.py:826} INFO - Processing file /home/airflow/.local/lib/python3.7/site-packages/airflow/example_dags/example_branch_operator_decorator.py for tasks to queue
[2023-07-03T18:14:00.717+0000] {logging_mixin.py:149} INFO - [2023-07-03T18:14:00.717+0000] {dagbag.py:541} INFO - Filling up the DagBag from /home/airflow/.local/lib/python3.7/site-packages/airflow/example_dags/example_branch_operator_decorator.py
[2023-07-03T18:14:00.726+0000] {processor.py:836} INFO - DAG(s) dict_keys(['example_branch_python_operator_decorator']) retrieved from /home/airflow/.local/lib/python3.7/site-packages/airflow/example_dags/example_branch_operator_decorator.py
[2023-07-03T18:14:00.748+0000] {logging_mixin.py:149} INFO - [2023-07-03T18:14:00.748+0000] {dag.py:2726} INFO - Sync 1 DAGs
[2023-07-03T18:14:00.770+0000] {logging_mixin.py:149} INFO - [2023-07-03T18:14:00.770+0000] {dag.py:3490} INFO - Setting next_dagrun for example_branch_python_operator_decorator to 2023-07-02T00:00:00+00:00, run_after=2023-07-03T00:00:00+00:00
[2023-07-03T18:14:00.785+0000] {processor.py:179} INFO - Processing /home/airflow/.local/lib/python3.7/site-packages/airflow/example_dags/example_branch_operator_decorator.py took 0.073 seconds
[2023-07-03T18:14:31.292+0000] {processor.py:157} INFO - Started process (PID=6760) to work on /home/airflow/.local/lib/python3.7/site-packages/airflow/example_dags/example_branch_operator_decorator.py
[2023-07-03T18:14:31.293+0000] {processor.py:826} INFO - Processing file /home/airflow/.local/lib/python3.7/site-packages/airflow/example_dags/example_branch_operator_decorator.py for tasks to queue
[2023-07-03T18:14:31.294+0000] {logging_mixin.py:149} INFO - [2023-07-03T18:14:31.294+0000] {dagbag.py:541} INFO - Filling up the DagBag from /home/airflow/.local/lib/python3.7/site-packages/airflow/example_dags/example_branch_operator_decorator.py
[2023-07-03T18:14:31.302+0000] {processor.py:836} INFO - DAG(s) dict_keys(['example_branch_python_operator_decorator']) retrieved from /home/airflow/.local/lib/python3.7/site-packages/airflow/example_dags/example_branch_operator_decorator.py
[2023-07-03T18:14:31.326+0000] {logging_mixin.py:149} INFO - [2023-07-03T18:14:31.325+0000] {dag.py:2726} INFO - Sync 1 DAGs
[2023-07-03T18:14:31.351+0000] {logging_mixin.py:149} INFO - [2023-07-03T18:14:31.350+0000] {dag.py:3490} INFO - Setting next_dagrun for example_branch_python_operator_decorator to 2023-07-02T00:00:00+00:00, run_after=2023-07-03T00:00:00+00:00
[2023-07-03T18:14:31.368+0000] {processor.py:179} INFO - Processing /home/airflow/.local/lib/python3.7/site-packages/airflow/example_dags/example_branch_operator_decorator.py took 0.078 seconds
[2023-07-03T18:15:01.813+0000] {processor.py:157} INFO - Started process (PID=7009) to work on /home/airflow/.local/lib/python3.7/site-packages/airflow/example_dags/example_branch_operator_decorator.py
[2023-07-03T18:15:01.814+0000] {processor.py:826} INFO - Processing file /home/airflow/.local/lib/python3.7/site-packages/airflow/example_dags/example_branch_operator_decorator.py for tasks to queue
[2023-07-03T18:15:01.815+0000] {logging_mixin.py:149} INFO - [2023-07-03T18:15:01.815+0000] {dagbag.py:541} INFO - Filling up the DagBag from /home/airflow/.local/lib/python3.7/site-packages/airflow/example_dags/example_branch_operator_decorator.py
[2023-07-03T18:15:01.823+0000] {processor.py:836} INFO - DAG(s) dict_keys(['example_branch_python_operator_decorator']) retrieved from /home/airflow/.local/lib/python3.7/site-packages/airflow/example_dags/example_branch_operator_decorator.py
[2023-07-03T18:15:01.845+0000] {logging_mixin.py:149} INFO - [2023-07-03T18:15:01.845+0000] {dag.py:2726} INFO - Sync 1 DAGs
[2023-07-03T18:15:01.867+0000] {logging_mixin.py:149} INFO - [2023-07-03T18:15:01.867+0000] {dag.py:3490} INFO - Setting next_dagrun for example_branch_python_operator_decorator to 2023-07-02T00:00:00+00:00, run_after=2023-07-03T00:00:00+00:00
[2023-07-03T18:15:01.884+0000] {processor.py:179} INFO - Processing /home/airflow/.local/lib/python3.7/site-packages/airflow/example_dags/example_branch_operator_decorator.py took 0.073 seconds
[2023-07-03T18:15:32.340+0000] {processor.py:157} INFO - Started process (PID=7258) to work on /home/airflow/.local/lib/python3.7/site-packages/airflow/example_dags/example_branch_operator_decorator.py
[2023-07-03T18:15:32.341+0000] {processor.py:826} INFO - Processing file /home/airflow/.local/lib/python3.7/site-packages/airflow/example_dags/example_branch_operator_decorator.py for tasks to queue
[2023-07-03T18:15:32.342+0000] {logging_mixin.py:149} INFO - [2023-07-03T18:15:32.342+0000] {dagbag.py:541} INFO - Filling up the DagBag from /home/airflow/.local/lib/python3.7/site-packages/airflow/example_dags/example_branch_operator_decorator.py
[2023-07-03T18:15:32.350+0000] {processor.py:836} INFO - DAG(s) dict_keys(['example_branch_python_operator_decorator']) retrieved from /home/airflow/.local/lib/python3.7/site-packages/airflow/example_dags/example_branch_operator_decorator.py
[2023-07-03T18:15:32.373+0000] {logging_mixin.py:149} INFO - [2023-07-03T18:15:32.373+0000] {dag.py:2726} INFO - Sync 1 DAGs
[2023-07-03T18:15:32.395+0000] {logging_mixin.py:149} INFO - [2023-07-03T18:15:32.395+0000] {dag.py:3490} INFO - Setting next_dagrun for example_branch_python_operator_decorator to 2023-07-02T00:00:00+00:00, run_after=2023-07-03T00:00:00+00:00
[2023-07-03T18:15:32.413+0000] {processor.py:179} INFO - Processing /home/airflow/.local/lib/python3.7/site-packages/airflow/example_dags/example_branch_operator_decorator.py took 0.076 seconds
[2023-07-03T18:16:02.987+0000] {processor.py:157} INFO - Started process (PID=7505) to work on /home/airflow/.local/lib/python3.7/site-packages/airflow/example_dags/example_branch_operator_decorator.py
[2023-07-03T18:16:02.988+0000] {processor.py:826} INFO - Processing file /home/airflow/.local/lib/python3.7/site-packages/airflow/example_dags/example_branch_operator_decorator.py for tasks to queue
[2023-07-03T18:16:02.989+0000] {logging_mixin.py:149} INFO - [2023-07-03T18:16:02.989+0000] {dagbag.py:541} INFO - Filling up the DagBag from /home/airflow/.local/lib/python3.7/site-packages/airflow/example_dags/example_branch_operator_decorator.py
[2023-07-03T18:16:02.997+0000] {processor.py:836} INFO - DAG(s) dict_keys(['example_branch_python_operator_decorator']) retrieved from /home/airflow/.local/lib/python3.7/site-packages/airflow/example_dags/example_branch_operator_decorator.py
[2023-07-03T18:16:03.022+0000] {logging_mixin.py:149} INFO - [2023-07-03T18:16:03.022+0000] {dag.py:2726} INFO - Sync 1 DAGs
[2023-07-03T18:16:03.045+0000] {logging_mixin.py:149} INFO - [2023-07-03T18:16:03.045+0000] {dag.py:3490} INFO - Setting next_dagrun for example_branch_python_operator_decorator to 2023-07-02T00:00:00+00:00, run_after=2023-07-03T00:00:00+00:00
[2023-07-03T18:16:03.063+0000] {processor.py:179} INFO - Processing /home/airflow/.local/lib/python3.7/site-packages/airflow/example_dags/example_branch_operator_decorator.py took 0.079 seconds
[2023-07-03T18:16:34.134+0000] {processor.py:157} INFO - Started process (PID=7756) to work on /home/airflow/.local/lib/python3.7/site-packages/airflow/example_dags/example_branch_operator_decorator.py
[2023-07-03T18:16:34.134+0000] {processor.py:826} INFO - Processing file /home/airflow/.local/lib/python3.7/site-packages/airflow/example_dags/example_branch_operator_decorator.py for tasks to queue
[2023-07-03T18:16:34.135+0000] {logging_mixin.py:149} INFO - [2023-07-03T18:16:34.135+0000] {dagbag.py:541} INFO - Filling up the DagBag from /home/airflow/.local/lib/python3.7/site-packages/airflow/example_dags/example_branch_operator_decorator.py
[2023-07-03T18:16:34.144+0000] {processor.py:836} INFO - DAG(s) dict_keys(['example_branch_python_operator_decorator']) retrieved from /home/airflow/.local/lib/python3.7/site-packages/airflow/example_dags/example_branch_operator_decorator.py
[2023-07-03T18:16:34.165+0000] {logging_mixin.py:149} INFO - [2023-07-03T18:16:34.165+0000] {dag.py:2726} INFO - Sync 1 DAGs
[2023-07-03T18:16:34.188+0000] {logging_mixin.py:149} INFO - [2023-07-03T18:16:34.187+0000] {dag.py:3490} INFO - Setting next_dagrun for example_branch_python_operator_decorator to 2023-07-02T00:00:00+00:00, run_after=2023-07-03T00:00:00+00:00
[2023-07-03T18:16:34.206+0000] {processor.py:179} INFO - Processing /home/airflow/.local/lib/python3.7/site-packages/airflow/example_dags/example_branch_operator_decorator.py took 0.075 seconds
[2023-07-03T18:17:05.460+0000] {processor.py:157} INFO - Started process (PID=8004) to work on /home/airflow/.local/lib/python3.7/site-packages/airflow/example_dags/example_branch_operator_decorator.py
[2023-07-03T18:17:05.463+0000] {processor.py:826} INFO - Processing file /home/airflow/.local/lib/python3.7/site-packages/airflow/example_dags/example_branch_operator_decorator.py for tasks to queue
[2023-07-03T18:17:05.465+0000] {logging_mixin.py:149} INFO - [2023-07-03T18:17:05.464+0000] {dagbag.py:541} INFO - Filling up the DagBag from /home/airflow/.local/lib/python3.7/site-packages/airflow/example_dags/example_branch_operator_decorator.py
[2023-07-03T18:17:05.485+0000] {processor.py:836} INFO - DAG(s) dict_keys(['example_branch_python_operator_decorator']) retrieved from /home/airflow/.local/lib/python3.7/site-packages/airflow/example_dags/example_branch_operator_decorator.py
[2023-07-03T18:17:05.547+0000] {logging_mixin.py:149} INFO - [2023-07-03T18:17:05.547+0000] {dag.py:2726} INFO - Sync 1 DAGs
[2023-07-03T18:17:05.604+0000] {logging_mixin.py:149} INFO - [2023-07-03T18:17:05.604+0000] {dag.py:3490} INFO - Setting next_dagrun for example_branch_python_operator_decorator to 2023-07-02T00:00:00+00:00, run_after=2023-07-03T00:00:00+00:00
[2023-07-03T18:17:05.654+0000] {processor.py:179} INFO - Processing /home/airflow/.local/lib/python3.7/site-packages/airflow/example_dags/example_branch_operator_decorator.py took 0.197 seconds
[2023-07-03T18:17:35.964+0000] {processor.py:157} INFO - Started process (PID=8255) to work on /home/airflow/.local/lib/python3.7/site-packages/airflow/example_dags/example_branch_operator_decorator.py
[2023-07-03T18:17:35.965+0000] {processor.py:826} INFO - Processing file /home/airflow/.local/lib/python3.7/site-packages/airflow/example_dags/example_branch_operator_decorator.py for tasks to queue
[2023-07-03T18:17:35.966+0000] {logging_mixin.py:149} INFO - [2023-07-03T18:17:35.966+0000] {dagbag.py:541} INFO - Filling up the DagBag from /home/airflow/.local/lib/python3.7/site-packages/airflow/example_dags/example_branch_operator_decorator.py
[2023-07-03T18:17:35.976+0000] {processor.py:836} INFO - DAG(s) dict_keys(['example_branch_python_operator_decorator']) retrieved from /home/airflow/.local/lib/python3.7/site-packages/airflow/example_dags/example_branch_operator_decorator.py
[2023-07-03T18:17:36.002+0000] {logging_mixin.py:149} INFO - [2023-07-03T18:17:36.002+0000] {dag.py:2726} INFO - Sync 1 DAGs
[2023-07-03T18:17:36.028+0000] {logging_mixin.py:149} INFO - [2023-07-03T18:17:36.028+0000] {dag.py:3490} INFO - Setting next_dagrun for example_branch_python_operator_decorator to 2023-07-02T00:00:00+00:00, run_after=2023-07-03T00:00:00+00:00
[2023-07-03T18:17:36.047+0000] {processor.py:179} INFO - Processing /home/airflow/.local/lib/python3.7/site-packages/airflow/example_dags/example_branch_operator_decorator.py took 0.085 seconds
[2023-07-03T18:18:06.712+0000] {processor.py:157} INFO - Started process (PID=8502) to work on /home/airflow/.local/lib/python3.7/site-packages/airflow/example_dags/example_branch_operator_decorator.py
[2023-07-03T18:18:06.713+0000] {processor.py:826} INFO - Processing file /home/airflow/.local/lib/python3.7/site-packages/airflow/example_dags/example_branch_operator_decorator.py for tasks to queue
[2023-07-03T18:18:06.714+0000] {logging_mixin.py:149} INFO - [2023-07-03T18:18:06.714+0000] {dagbag.py:541} INFO - Filling up the DagBag from /home/airflow/.local/lib/python3.7/site-packages/airflow/example_dags/example_branch_operator_decorator.py
[2023-07-03T18:18:06.725+0000] {processor.py:836} INFO - DAG(s) dict_keys(['example_branch_python_operator_decorator']) retrieved from /home/airflow/.local/lib/python3.7/site-packages/airflow/example_dags/example_branch_operator_decorator.py
[2023-07-03T18:18:06.753+0000] {logging_mixin.py:149} INFO - [2023-07-03T18:18:06.753+0000] {dag.py:2726} INFO - Sync 1 DAGs
[2023-07-03T18:18:06.784+0000] {logging_mixin.py:149} INFO - [2023-07-03T18:18:06.784+0000] {dag.py:3490} INFO - Setting next_dagrun for example_branch_python_operator_decorator to 2023-07-02T00:00:00+00:00, run_after=2023-07-03T00:00:00+00:00
[2023-07-03T18:18:06.805+0000] {processor.py:179} INFO - Processing /home/airflow/.local/lib/python3.7/site-packages/airflow/example_dags/example_branch_operator_decorator.py took 0.097 seconds
[2023-07-03T18:18:37.039+0000] {processor.py:157} INFO - Started process (PID=8751) to work on /home/airflow/.local/lib/python3.7/site-packages/airflow/example_dags/example_branch_operator_decorator.py
[2023-07-03T18:18:37.041+0000] {processor.py:826} INFO - Processing file /home/airflow/.local/lib/python3.7/site-packages/airflow/example_dags/example_branch_operator_decorator.py for tasks to queue
[2023-07-03T18:18:37.042+0000] {logging_mixin.py:149} INFO - [2023-07-03T18:18:37.041+0000] {dagbag.py:541} INFO - Filling up the DagBag from /home/airflow/.local/lib/python3.7/site-packages/airflow/example_dags/example_branch_operator_decorator.py
[2023-07-03T18:18:37.055+0000] {processor.py:836} INFO - DAG(s) dict_keys(['example_branch_python_operator_decorator']) retrieved from /home/airflow/.local/lib/python3.7/site-packages/airflow/example_dags/example_branch_operator_decorator.py
[2023-07-03T18:18:37.087+0000] {logging_mixin.py:149} INFO - [2023-07-03T18:18:37.086+0000] {dag.py:2726} INFO - Sync 1 DAGs
[2023-07-03T18:18:37.117+0000] {logging_mixin.py:149} INFO - [2023-07-03T18:18:37.117+0000] {dag.py:3490} INFO - Setting next_dagrun for example_branch_python_operator_decorator to 2023-07-02T00:00:00+00:00, run_after=2023-07-03T00:00:00+00:00
[2023-07-03T18:18:37.137+0000] {processor.py:179} INFO - Processing /home/airflow/.local/lib/python3.7/site-packages/airflow/example_dags/example_branch_operator_decorator.py took 0.103 seconds
[2023-07-03T18:19:07.272+0000] {processor.py:157} INFO - Started process (PID=9000) to work on /home/airflow/.local/lib/python3.7/site-packages/airflow/example_dags/example_branch_operator_decorator.py
[2023-07-03T18:19:07.273+0000] {processor.py:826} INFO - Processing file /home/airflow/.local/lib/python3.7/site-packages/airflow/example_dags/example_branch_operator_decorator.py for tasks to queue
[2023-07-03T18:19:07.274+0000] {logging_mixin.py:149} INFO - [2023-07-03T18:19:07.274+0000] {dagbag.py:541} INFO - Filling up the DagBag from /home/airflow/.local/lib/python3.7/site-packages/airflow/example_dags/example_branch_operator_decorator.py
[2023-07-03T18:19:07.288+0000] {processor.py:836} INFO - DAG(s) dict_keys(['example_branch_python_operator_decorator']) retrieved from /home/airflow/.local/lib/python3.7/site-packages/airflow/example_dags/example_branch_operator_decorator.py
[2023-07-03T18:19:07.320+0000] {logging_mixin.py:149} INFO - [2023-07-03T18:19:07.320+0000] {dag.py:2726} INFO - Sync 1 DAGs
[2023-07-03T18:19:07.357+0000] {logging_mixin.py:149} INFO - [2023-07-03T18:19:07.356+0000] {dag.py:3490} INFO - Setting next_dagrun for example_branch_python_operator_decorator to 2023-07-02T00:00:00+00:00, run_after=2023-07-03T00:00:00+00:00
[2023-07-03T18:19:07.388+0000] {processor.py:179} INFO - Processing /home/airflow/.local/lib/python3.7/site-packages/airflow/example_dags/example_branch_operator_decorator.py took 0.118 seconds
[2023-07-03T18:19:37.694+0000] {processor.py:157} INFO - Started process (PID=9249) to work on /home/airflow/.local/lib/python3.7/site-packages/airflow/example_dags/example_branch_operator_decorator.py
[2023-07-03T18:19:37.695+0000] {processor.py:826} INFO - Processing file /home/airflow/.local/lib/python3.7/site-packages/airflow/example_dags/example_branch_operator_decorator.py for tasks to queue
[2023-07-03T18:19:37.696+0000] {logging_mixin.py:149} INFO - [2023-07-03T18:19:37.696+0000] {dagbag.py:541} INFO - Filling up the DagBag from /home/airflow/.local/lib/python3.7/site-packages/airflow/example_dags/example_branch_operator_decorator.py
[2023-07-03T18:19:37.708+0000] {processor.py:836} INFO - DAG(s) dict_keys(['example_branch_python_operator_decorator']) retrieved from /home/airflow/.local/lib/python3.7/site-packages/airflow/example_dags/example_branch_operator_decorator.py
[2023-07-03T18:19:37.733+0000] {logging_mixin.py:149} INFO - [2023-07-03T18:19:37.732+0000] {dag.py:2726} INFO - Sync 1 DAGs
[2023-07-03T18:19:37.762+0000] {logging_mixin.py:149} INFO - [2023-07-03T18:19:37.762+0000] {dag.py:3490} INFO - Setting next_dagrun for example_branch_python_operator_decorator to 2023-07-02T00:00:00+00:00, run_after=2023-07-03T00:00:00+00:00
[2023-07-03T18:19:37.784+0000] {processor.py:179} INFO - Processing /home/airflow/.local/lib/python3.7/site-packages/airflow/example_dags/example_branch_operator_decorator.py took 0.093 seconds
