[2023-07-03T18:01:17.645+0000] {processor.py:157} INFO - Started process (PID=339) to work on /home/airflow/.local/lib/python3.7/site-packages/airflow/example_dags/example_skip_dag.py
[2023-07-03T18:01:17.646+0000] {processor.py:826} INFO - Processing file /home/airflow/.local/lib/python3.7/site-packages/airflow/example_dags/example_skip_dag.py for tasks to queue
[2023-07-03T18:01:17.647+0000] {logging_mixin.py:149} INFO - [2023-07-03T18:01:17.647+0000] {dagbag.py:541} INFO - Filling up the DagBag from /home/airflow/.local/lib/python3.7/site-packages/airflow/example_dags/example_skip_dag.py
[2023-07-03T18:01:17.656+0000] {processor.py:836} INFO - DAG(s) dict_keys(['example_skip_dag']) retrieved from /home/airflow/.local/lib/python3.7/site-packages/airflow/example_dags/example_skip_dag.py
[2023-07-03T18:01:17.667+0000] {logging_mixin.py:149} INFO - [2023-07-03T18:01:17.667+0000] {dag.py:2726} INFO - Sync 1 DAGs
[2023-07-03T18:01:17.690+0000] {logging_mixin.py:149} INFO - [2023-07-03T18:01:17.690+0000] {dag.py:3490} INFO - Setting next_dagrun for example_skip_dag to 2023-07-02T18:01:17.689952+00:00, run_after=2023-07-03T18:01:17.689952+00:00
[2023-07-03T18:01:17.708+0000] {processor.py:179} INFO - Processing /home/airflow/.local/lib/python3.7/site-packages/airflow/example_dags/example_skip_dag.py took 0.066 seconds
[2023-07-03T18:01:47.865+0000] {processor.py:157} INFO - Started process (PID=588) to work on /home/airflow/.local/lib/python3.7/site-packages/airflow/example_dags/example_skip_dag.py
[2023-07-03T18:01:47.866+0000] {processor.py:826} INFO - Processing file /home/airflow/.local/lib/python3.7/site-packages/airflow/example_dags/example_skip_dag.py for tasks to queue
[2023-07-03T18:01:47.867+0000] {logging_mixin.py:149} INFO - [2023-07-03T18:01:47.867+0000] {dagbag.py:541} INFO - Filling up the DagBag from /home/airflow/.local/lib/python3.7/site-packages/airflow/example_dags/example_skip_dag.py
[2023-07-03T18:01:47.873+0000] {processor.py:836} INFO - DAG(s) dict_keys(['example_skip_dag']) retrieved from /home/airflow/.local/lib/python3.7/site-packages/airflow/example_dags/example_skip_dag.py
[2023-07-03T18:01:47.894+0000] {logging_mixin.py:149} INFO - [2023-07-03T18:01:47.894+0000] {dag.py:2726} INFO - Sync 1 DAGs
[2023-07-03T18:01:47.915+0000] {logging_mixin.py:149} INFO - [2023-07-03T18:01:47.914+0000] {dag.py:3490} INFO - Setting next_dagrun for example_skip_dag to 2023-07-02T18:01:47.914713+00:00, run_after=2023-07-03T18:01:47.914713+00:00
[2023-07-03T18:01:47.931+0000] {processor.py:179} INFO - Processing /home/airflow/.local/lib/python3.7/site-packages/airflow/example_dags/example_skip_dag.py took 0.069 seconds
[2023-07-03T18:02:18.926+0000] {processor.py:157} INFO - Started process (PID=838) to work on /home/airflow/.local/lib/python3.7/site-packages/airflow/example_dags/example_skip_dag.py
[2023-07-03T18:02:18.926+0000] {processor.py:826} INFO - Processing file /home/airflow/.local/lib/python3.7/site-packages/airflow/example_dags/example_skip_dag.py for tasks to queue
[2023-07-03T18:02:18.927+0000] {logging_mixin.py:149} INFO - [2023-07-03T18:02:18.927+0000] {dagbag.py:541} INFO - Filling up the DagBag from /home/airflow/.local/lib/python3.7/site-packages/airflow/example_dags/example_skip_dag.py
[2023-07-03T18:02:18.933+0000] {processor.py:836} INFO - DAG(s) dict_keys(['example_skip_dag']) retrieved from /home/airflow/.local/lib/python3.7/site-packages/airflow/example_dags/example_skip_dag.py
[2023-07-03T18:02:18.957+0000] {logging_mixin.py:149} INFO - [2023-07-03T18:02:18.957+0000] {dag.py:2726} INFO - Sync 1 DAGs
[2023-07-03T18:02:18.978+0000] {logging_mixin.py:149} INFO - [2023-07-03T18:02:18.978+0000] {dag.py:3490} INFO - Setting next_dagrun for example_skip_dag to 2023-07-02T18:02:18.978522+00:00, run_after=2023-07-03T18:02:18.978522+00:00
[2023-07-03T18:02:18.996+0000] {processor.py:179} INFO - Processing /home/airflow/.local/lib/python3.7/site-packages/airflow/example_dags/example_skip_dag.py took 0.073 seconds
[2023-07-03T18:02:49.231+0000] {processor.py:157} INFO - Started process (PID=1087) to work on /home/airflow/.local/lib/python3.7/site-packages/airflow/example_dags/example_skip_dag.py
[2023-07-03T18:02:49.232+0000] {processor.py:826} INFO - Processing file /home/airflow/.local/lib/python3.7/site-packages/airflow/example_dags/example_skip_dag.py for tasks to queue
[2023-07-03T18:02:49.233+0000] {logging_mixin.py:149} INFO - [2023-07-03T18:02:49.233+0000] {dagbag.py:541} INFO - Filling up the DagBag from /home/airflow/.local/lib/python3.7/site-packages/airflow/example_dags/example_skip_dag.py
[2023-07-03T18:02:49.239+0000] {processor.py:836} INFO - DAG(s) dict_keys(['example_skip_dag']) retrieved from /home/airflow/.local/lib/python3.7/site-packages/airflow/example_dags/example_skip_dag.py
[2023-07-03T18:02:49.261+0000] {logging_mixin.py:149} INFO - [2023-07-03T18:02:49.261+0000] {dag.py:2726} INFO - Sync 1 DAGs
[2023-07-03T18:02:49.283+0000] {logging_mixin.py:149} INFO - [2023-07-03T18:02:49.282+0000] {dag.py:3490} INFO - Setting next_dagrun for example_skip_dag to 2023-07-02T18:02:49.282693+00:00, run_after=2023-07-03T18:02:49.282693+00:00
[2023-07-03T18:02:49.301+0000] {processor.py:179} INFO - Processing /home/airflow/.local/lib/python3.7/site-packages/airflow/example_dags/example_skip_dag.py took 0.073 seconds
[2023-07-03T18:03:20.020+0000] {processor.py:157} INFO - Started process (PID=1334) to work on /home/airflow/.local/lib/python3.7/site-packages/airflow/example_dags/example_skip_dag.py
[2023-07-03T18:03:20.022+0000] {processor.py:826} INFO - Processing file /home/airflow/.local/lib/python3.7/site-packages/airflow/example_dags/example_skip_dag.py for tasks to queue
[2023-07-03T18:03:20.023+0000] {logging_mixin.py:149} INFO - [2023-07-03T18:03:20.022+0000] {dagbag.py:541} INFO - Filling up the DagBag from /home/airflow/.local/lib/python3.7/site-packages/airflow/example_dags/example_skip_dag.py
[2023-07-03T18:03:20.029+0000] {processor.py:836} INFO - DAG(s) dict_keys(['example_skip_dag']) retrieved from /home/airflow/.local/lib/python3.7/site-packages/airflow/example_dags/example_skip_dag.py
[2023-07-03T18:03:20.052+0000] {logging_mixin.py:149} INFO - [2023-07-03T18:03:20.052+0000] {dag.py:2726} INFO - Sync 1 DAGs
[2023-07-03T18:03:20.074+0000] {logging_mixin.py:149} INFO - [2023-07-03T18:03:20.074+0000] {dag.py:3490} INFO - Setting next_dagrun for example_skip_dag to 2023-07-02T18:03:20.073905+00:00, run_after=2023-07-03T18:03:20.073905+00:00
[2023-07-03T18:03:20.092+0000] {processor.py:179} INFO - Processing /home/airflow/.local/lib/python3.7/site-packages/airflow/example_dags/example_skip_dag.py took 0.074 seconds
[2023-07-03T18:03:50.630+0000] {processor.py:157} INFO - Started process (PID=1583) to work on /home/airflow/.local/lib/python3.7/site-packages/airflow/example_dags/example_skip_dag.py
[2023-07-03T18:03:50.631+0000] {processor.py:826} INFO - Processing file /home/airflow/.local/lib/python3.7/site-packages/airflow/example_dags/example_skip_dag.py for tasks to queue
[2023-07-03T18:03:50.632+0000] {logging_mixin.py:149} INFO - [2023-07-03T18:03:50.632+0000] {dagbag.py:541} INFO - Filling up the DagBag from /home/airflow/.local/lib/python3.7/site-packages/airflow/example_dags/example_skip_dag.py
[2023-07-03T18:03:50.639+0000] {processor.py:836} INFO - DAG(s) dict_keys(['example_skip_dag']) retrieved from /home/airflow/.local/lib/python3.7/site-packages/airflow/example_dags/example_skip_dag.py
[2023-07-03T18:03:50.659+0000] {logging_mixin.py:149} INFO - [2023-07-03T18:03:50.659+0000] {dag.py:2726} INFO - Sync 1 DAGs
[2023-07-03T18:03:50.682+0000] {logging_mixin.py:149} INFO - [2023-07-03T18:03:50.682+0000] {dag.py:3490} INFO - Setting next_dagrun for example_skip_dag to 2023-07-02T18:03:50.682104+00:00, run_after=2023-07-03T18:03:50.682104+00:00
[2023-07-03T18:03:50.701+0000] {processor.py:179} INFO - Processing /home/airflow/.local/lib/python3.7/site-packages/airflow/example_dags/example_skip_dag.py took 0.073 seconds
[2023-07-03T18:04:21.367+0000] {processor.py:157} INFO - Started process (PID=1832) to work on /home/airflow/.local/lib/python3.7/site-packages/airflow/example_dags/example_skip_dag.py
[2023-07-03T18:04:21.368+0000] {processor.py:826} INFO - Processing file /home/airflow/.local/lib/python3.7/site-packages/airflow/example_dags/example_skip_dag.py for tasks to queue
[2023-07-03T18:04:21.369+0000] {logging_mixin.py:149} INFO - [2023-07-03T18:04:21.369+0000] {dagbag.py:541} INFO - Filling up the DagBag from /home/airflow/.local/lib/python3.7/site-packages/airflow/example_dags/example_skip_dag.py
[2023-07-03T18:04:21.375+0000] {processor.py:836} INFO - DAG(s) dict_keys(['example_skip_dag']) retrieved from /home/airflow/.local/lib/python3.7/site-packages/airflow/example_dags/example_skip_dag.py
[2023-07-03T18:04:21.397+0000] {logging_mixin.py:149} INFO - [2023-07-03T18:04:21.397+0000] {dag.py:2726} INFO - Sync 1 DAGs
[2023-07-03T18:04:21.419+0000] {logging_mixin.py:149} INFO - [2023-07-03T18:04:21.418+0000] {dag.py:3490} INFO - Setting next_dagrun for example_skip_dag to 2023-07-02T18:04:21.418770+00:00, run_after=2023-07-03T18:04:21.418770+00:00
[2023-07-03T18:04:21.437+0000] {processor.py:179} INFO - Processing /home/airflow/.local/lib/python3.7/site-packages/airflow/example_dags/example_skip_dag.py took 0.072 seconds
[2023-07-03T18:04:51.936+0000] {processor.py:157} INFO - Started process (PID=2081) to work on /home/airflow/.local/lib/python3.7/site-packages/airflow/example_dags/example_skip_dag.py
[2023-07-03T18:04:51.937+0000] {processor.py:826} INFO - Processing file /home/airflow/.local/lib/python3.7/site-packages/airflow/example_dags/example_skip_dag.py for tasks to queue
[2023-07-03T18:04:51.938+0000] {logging_mixin.py:149} INFO - [2023-07-03T18:04:51.937+0000] {dagbag.py:541} INFO - Filling up the DagBag from /home/airflow/.local/lib/python3.7/site-packages/airflow/example_dags/example_skip_dag.py
[2023-07-03T18:04:51.944+0000] {processor.py:836} INFO - DAG(s) dict_keys(['example_skip_dag']) retrieved from /home/airflow/.local/lib/python3.7/site-packages/airflow/example_dags/example_skip_dag.py
[2023-07-03T18:04:51.965+0000] {logging_mixin.py:149} INFO - [2023-07-03T18:04:51.965+0000] {dag.py:2726} INFO - Sync 1 DAGs
[2023-07-03T18:04:51.988+0000] {logging_mixin.py:149} INFO - [2023-07-03T18:04:51.988+0000] {dag.py:3490} INFO - Setting next_dagrun for example_skip_dag to 2023-07-02T18:04:51.988512+00:00, run_after=2023-07-03T18:04:51.988512+00:00
[2023-07-03T18:04:52.007+0000] {processor.py:179} INFO - Processing /home/airflow/.local/lib/python3.7/site-packages/airflow/example_dags/example_skip_dag.py took 0.074 seconds
[2023-07-03T18:05:22.670+0000] {processor.py:157} INFO - Started process (PID=2330) to work on /home/airflow/.local/lib/python3.7/site-packages/airflow/example_dags/example_skip_dag.py
[2023-07-03T18:05:22.671+0000] {processor.py:826} INFO - Processing file /home/airflow/.local/lib/python3.7/site-packages/airflow/example_dags/example_skip_dag.py for tasks to queue
[2023-07-03T18:05:22.672+0000] {logging_mixin.py:149} INFO - [2023-07-03T18:05:22.672+0000] {dagbag.py:541} INFO - Filling up the DagBag from /home/airflow/.local/lib/python3.7/site-packages/airflow/example_dags/example_skip_dag.py
[2023-07-03T18:05:22.678+0000] {processor.py:836} INFO - DAG(s) dict_keys(['example_skip_dag']) retrieved from /home/airflow/.local/lib/python3.7/site-packages/airflow/example_dags/example_skip_dag.py
[2023-07-03T18:05:22.700+0000] {logging_mixin.py:149} INFO - [2023-07-03T18:05:22.700+0000] {dag.py:2726} INFO - Sync 1 DAGs
[2023-07-03T18:05:22.724+0000] {logging_mixin.py:149} INFO - [2023-07-03T18:05:22.724+0000] {dag.py:3490} INFO - Setting next_dagrun for example_skip_dag to 2023-07-02T18:05:22.723999+00:00, run_after=2023-07-03T18:05:22.723999+00:00
[2023-07-03T18:05:22.743+0000] {processor.py:179} INFO - Processing /home/airflow/.local/lib/python3.7/site-packages/airflow/example_dags/example_skip_dag.py took 0.075 seconds
[2023-07-03T18:05:53.367+0000] {processor.py:157} INFO - Started process (PID=2579) to work on /home/airflow/.local/lib/python3.7/site-packages/airflow/example_dags/example_skip_dag.py
[2023-07-03T18:05:53.368+0000] {processor.py:826} INFO - Processing file /home/airflow/.local/lib/python3.7/site-packages/airflow/example_dags/example_skip_dag.py for tasks to queue
[2023-07-03T18:05:53.369+0000] {logging_mixin.py:149} INFO - [2023-07-03T18:05:53.369+0000] {dagbag.py:541} INFO - Filling up the DagBag from /home/airflow/.local/lib/python3.7/site-packages/airflow/example_dags/example_skip_dag.py
[2023-07-03T18:05:53.375+0000] {processor.py:836} INFO - DAG(s) dict_keys(['example_skip_dag']) retrieved from /home/airflow/.local/lib/python3.7/site-packages/airflow/example_dags/example_skip_dag.py
[2023-07-03T18:05:53.398+0000] {logging_mixin.py:149} INFO - [2023-07-03T18:05:53.398+0000] {dag.py:2726} INFO - Sync 1 DAGs
[2023-07-03T18:05:53.420+0000] {logging_mixin.py:149} INFO - [2023-07-03T18:05:53.420+0000] {dag.py:3490} INFO - Setting next_dagrun for example_skip_dag to 2023-07-02T18:05:53.420281+00:00, run_after=2023-07-03T18:05:53.420281+00:00
[2023-07-03T18:05:53.439+0000] {processor.py:179} INFO - Processing /home/airflow/.local/lib/python3.7/site-packages/airflow/example_dags/example_skip_dag.py took 0.075 seconds
[2023-07-03T18:06:23.995+0000] {processor.py:157} INFO - Started process (PID=2828) to work on /home/airflow/.local/lib/python3.7/site-packages/airflow/example_dags/example_skip_dag.py
[2023-07-03T18:06:23.996+0000] {processor.py:826} INFO - Processing file /home/airflow/.local/lib/python3.7/site-packages/airflow/example_dags/example_skip_dag.py for tasks to queue
[2023-07-03T18:06:23.996+0000] {logging_mixin.py:149} INFO - [2023-07-03T18:06:23.996+0000] {dagbag.py:541} INFO - Filling up the DagBag from /home/airflow/.local/lib/python3.7/site-packages/airflow/example_dags/example_skip_dag.py
[2023-07-03T18:06:24.002+0000] {processor.py:836} INFO - DAG(s) dict_keys(['example_skip_dag']) retrieved from /home/airflow/.local/lib/python3.7/site-packages/airflow/example_dags/example_skip_dag.py
[2023-07-03T18:06:24.027+0000] {logging_mixin.py:149} INFO - [2023-07-03T18:06:24.027+0000] {dag.py:2726} INFO - Sync 1 DAGs
[2023-07-03T18:06:24.048+0000] {logging_mixin.py:149} INFO - [2023-07-03T18:06:24.048+0000] {dag.py:3490} INFO - Setting next_dagrun for example_skip_dag to 2023-07-02T18:06:24.048559+00:00, run_after=2023-07-03T18:06:24.048559+00:00
[2023-07-03T18:06:24.066+0000] {processor.py:179} INFO - Processing /home/airflow/.local/lib/python3.7/site-packages/airflow/example_dags/example_skip_dag.py took 0.074 seconds
[2023-07-03T18:06:54.733+0000] {processor.py:157} INFO - Started process (PID=3077) to work on /home/airflow/.local/lib/python3.7/site-packages/airflow/example_dags/example_skip_dag.py
[2023-07-03T18:06:54.734+0000] {processor.py:826} INFO - Processing file /home/airflow/.local/lib/python3.7/site-packages/airflow/example_dags/example_skip_dag.py for tasks to queue
[2023-07-03T18:06:54.735+0000] {logging_mixin.py:149} INFO - [2023-07-03T18:06:54.734+0000] {dagbag.py:541} INFO - Filling up the DagBag from /home/airflow/.local/lib/python3.7/site-packages/airflow/example_dags/example_skip_dag.py
[2023-07-03T18:06:54.741+0000] {processor.py:836} INFO - DAG(s) dict_keys(['example_skip_dag']) retrieved from /home/airflow/.local/lib/python3.7/site-packages/airflow/example_dags/example_skip_dag.py
[2023-07-03T18:06:54.762+0000] {logging_mixin.py:149} INFO - [2023-07-03T18:06:54.762+0000] {dag.py:2726} INFO - Sync 1 DAGs
[2023-07-03T18:06:54.786+0000] {logging_mixin.py:149} INFO - [2023-07-03T18:06:54.786+0000] {dag.py:3490} INFO - Setting next_dagrun for example_skip_dag to 2023-07-02T18:06:54.786179+00:00, run_after=2023-07-03T18:06:54.786179+00:00
[2023-07-03T18:06:54.807+0000] {processor.py:179} INFO - Processing /home/airflow/.local/lib/python3.7/site-packages/airflow/example_dags/example_skip_dag.py took 0.076 seconds
[2023-07-03T18:07:25.403+0000] {processor.py:157} INFO - Started process (PID=3326) to work on /home/airflow/.local/lib/python3.7/site-packages/airflow/example_dags/example_skip_dag.py
[2023-07-03T18:07:25.404+0000] {processor.py:826} INFO - Processing file /home/airflow/.local/lib/python3.7/site-packages/airflow/example_dags/example_skip_dag.py for tasks to queue
[2023-07-03T18:07:25.405+0000] {logging_mixin.py:149} INFO - [2023-07-03T18:07:25.405+0000] {dagbag.py:541} INFO - Filling up the DagBag from /home/airflow/.local/lib/python3.7/site-packages/airflow/example_dags/example_skip_dag.py
[2023-07-03T18:07:25.412+0000] {processor.py:836} INFO - DAG(s) dict_keys(['example_skip_dag']) retrieved from /home/airflow/.local/lib/python3.7/site-packages/airflow/example_dags/example_skip_dag.py
[2023-07-03T18:07:25.434+0000] {logging_mixin.py:149} INFO - [2023-07-03T18:07:25.434+0000] {dag.py:2726} INFO - Sync 1 DAGs
[2023-07-03T18:07:25.458+0000] {logging_mixin.py:149} INFO - [2023-07-03T18:07:25.458+0000] {dag.py:3490} INFO - Setting next_dagrun for example_skip_dag to 2023-07-02T18:07:25.458259+00:00, run_after=2023-07-03T18:07:25.458259+00:00
[2023-07-03T18:07:25.478+0000] {processor.py:179} INFO - Processing /home/airflow/.local/lib/python3.7/site-packages/airflow/example_dags/example_skip_dag.py took 0.077 seconds
[2023-07-03T18:07:55.939+0000] {processor.py:157} INFO - Started process (PID=3576) to work on /home/airflow/.local/lib/python3.7/site-packages/airflow/example_dags/example_skip_dag.py
[2023-07-03T18:07:55.940+0000] {processor.py:826} INFO - Processing file /home/airflow/.local/lib/python3.7/site-packages/airflow/example_dags/example_skip_dag.py for tasks to queue
[2023-07-03T18:07:55.941+0000] {logging_mixin.py:149} INFO - [2023-07-03T18:07:55.941+0000] {dagbag.py:541} INFO - Filling up the DagBag from /home/airflow/.local/lib/python3.7/site-packages/airflow/example_dags/example_skip_dag.py
[2023-07-03T18:07:55.947+0000] {processor.py:836} INFO - DAG(s) dict_keys(['example_skip_dag']) retrieved from /home/airflow/.local/lib/python3.7/site-packages/airflow/example_dags/example_skip_dag.py
[2023-07-03T18:07:55.968+0000] {logging_mixin.py:149} INFO - [2023-07-03T18:07:55.968+0000] {dag.py:2726} INFO - Sync 1 DAGs
[2023-07-03T18:07:55.991+0000] {logging_mixin.py:149} INFO - [2023-07-03T18:07:55.991+0000] {dag.py:3490} INFO - Setting next_dagrun for example_skip_dag to 2023-07-02T18:07:55.991479+00:00, run_after=2023-07-03T18:07:55.991479+00:00
[2023-07-03T18:07:56.010+0000] {processor.py:179} INFO - Processing /home/airflow/.local/lib/python3.7/site-packages/airflow/example_dags/example_skip_dag.py took 0.074 seconds
[2023-07-03T18:08:26.438+0000] {processor.py:157} INFO - Started process (PID=3825) to work on /home/airflow/.local/lib/python3.7/site-packages/airflow/example_dags/example_skip_dag.py
[2023-07-03T18:08:26.439+0000] {processor.py:826} INFO - Processing file /home/airflow/.local/lib/python3.7/site-packages/airflow/example_dags/example_skip_dag.py for tasks to queue
[2023-07-03T18:08:26.440+0000] {logging_mixin.py:149} INFO - [2023-07-03T18:08:26.440+0000] {dagbag.py:541} INFO - Filling up the DagBag from /home/airflow/.local/lib/python3.7/site-packages/airflow/example_dags/example_skip_dag.py
[2023-07-03T18:08:26.446+0000] {processor.py:836} INFO - DAG(s) dict_keys(['example_skip_dag']) retrieved from /home/airflow/.local/lib/python3.7/site-packages/airflow/example_dags/example_skip_dag.py
[2023-07-03T18:08:26.469+0000] {logging_mixin.py:149} INFO - [2023-07-03T18:08:26.469+0000] {dag.py:2726} INFO - Sync 1 DAGs
[2023-07-03T18:08:26.493+0000] {logging_mixin.py:149} INFO - [2023-07-03T18:08:26.493+0000] {dag.py:3490} INFO - Setting next_dagrun for example_skip_dag to 2023-07-02T18:08:26.493431+00:00, run_after=2023-07-03T18:08:26.493431+00:00
[2023-07-03T18:08:26.512+0000] {processor.py:179} INFO - Processing /home/airflow/.local/lib/python3.7/site-packages/airflow/example_dags/example_skip_dag.py took 0.076 seconds
[2023-07-03T18:08:57.045+0000] {processor.py:157} INFO - Started process (PID=4074) to work on /home/airflow/.local/lib/python3.7/site-packages/airflow/example_dags/example_skip_dag.py
[2023-07-03T18:08:57.046+0000] {processor.py:826} INFO - Processing file /home/airflow/.local/lib/python3.7/site-packages/airflow/example_dags/example_skip_dag.py for tasks to queue
[2023-07-03T18:08:57.047+0000] {logging_mixin.py:149} INFO - [2023-07-03T18:08:57.047+0000] {dagbag.py:541} INFO - Filling up the DagBag from /home/airflow/.local/lib/python3.7/site-packages/airflow/example_dags/example_skip_dag.py
[2023-07-03T18:08:57.053+0000] {processor.py:836} INFO - DAG(s) dict_keys(['example_skip_dag']) retrieved from /home/airflow/.local/lib/python3.7/site-packages/airflow/example_dags/example_skip_dag.py
[2023-07-03T18:08:57.074+0000] {logging_mixin.py:149} INFO - [2023-07-03T18:08:57.074+0000] {dag.py:2726} INFO - Sync 1 DAGs
[2023-07-03T18:08:57.095+0000] {logging_mixin.py:149} INFO - [2023-07-03T18:08:57.095+0000] {dag.py:3490} INFO - Setting next_dagrun for example_skip_dag to 2023-07-02T18:08:57.095637+00:00, run_after=2023-07-03T18:08:57.095637+00:00
[2023-07-03T18:08:57.113+0000] {processor.py:179} INFO - Processing /home/airflow/.local/lib/python3.7/site-packages/airflow/example_dags/example_skip_dag.py took 0.071 seconds
[2023-07-03T18:09:27.708+0000] {processor.py:157} INFO - Started process (PID=4323) to work on /home/airflow/.local/lib/python3.7/site-packages/airflow/example_dags/example_skip_dag.py
[2023-07-03T18:09:27.709+0000] {processor.py:826} INFO - Processing file /home/airflow/.local/lib/python3.7/site-packages/airflow/example_dags/example_skip_dag.py for tasks to queue
[2023-07-03T18:09:27.710+0000] {logging_mixin.py:149} INFO - [2023-07-03T18:09:27.710+0000] {dagbag.py:541} INFO - Filling up the DagBag from /home/airflow/.local/lib/python3.7/site-packages/airflow/example_dags/example_skip_dag.py
[2023-07-03T18:09:27.716+0000] {processor.py:836} INFO - DAG(s) dict_keys(['example_skip_dag']) retrieved from /home/airflow/.local/lib/python3.7/site-packages/airflow/example_dags/example_skip_dag.py
[2023-07-03T18:09:27.736+0000] {logging_mixin.py:149} INFO - [2023-07-03T18:09:27.736+0000] {dag.py:2726} INFO - Sync 1 DAGs
[2023-07-03T18:09:27.758+0000] {logging_mixin.py:149} INFO - [2023-07-03T18:09:27.758+0000] {dag.py:3490} INFO - Setting next_dagrun for example_skip_dag to 2023-07-02T18:09:27.757809+00:00, run_after=2023-07-03T18:09:27.757809+00:00
[2023-07-03T18:09:27.775+0000] {processor.py:179} INFO - Processing /home/airflow/.local/lib/python3.7/site-packages/airflow/example_dags/example_skip_dag.py took 0.069 seconds
[2023-07-03T18:09:58.559+0000] {processor.py:157} INFO - Started process (PID=4572) to work on /home/airflow/.local/lib/python3.7/site-packages/airflow/example_dags/example_skip_dag.py
[2023-07-03T18:09:58.560+0000] {processor.py:826} INFO - Processing file /home/airflow/.local/lib/python3.7/site-packages/airflow/example_dags/example_skip_dag.py for tasks to queue
[2023-07-03T18:09:58.560+0000] {logging_mixin.py:149} INFO - [2023-07-03T18:09:58.560+0000] {dagbag.py:541} INFO - Filling up the DagBag from /home/airflow/.local/lib/python3.7/site-packages/airflow/example_dags/example_skip_dag.py
[2023-07-03T18:09:58.567+0000] {processor.py:836} INFO - DAG(s) dict_keys(['example_skip_dag']) retrieved from /home/airflow/.local/lib/python3.7/site-packages/airflow/example_dags/example_skip_dag.py
[2023-07-03T18:09:58.590+0000] {logging_mixin.py:149} INFO - [2023-07-03T18:09:58.590+0000] {dag.py:2726} INFO - Sync 1 DAGs
[2023-07-03T18:09:58.616+0000] {logging_mixin.py:149} INFO - [2023-07-03T18:09:58.616+0000] {dag.py:3490} INFO - Setting next_dagrun for example_skip_dag to 2023-07-02T18:09:58.615959+00:00, run_after=2023-07-03T18:09:58.615959+00:00
[2023-07-03T18:09:58.635+0000] {processor.py:179} INFO - Processing /home/airflow/.local/lib/python3.7/site-packages/airflow/example_dags/example_skip_dag.py took 0.080 seconds
[2023-07-03T18:10:28.746+0000] {processor.py:157} INFO - Started process (PID=4821) to work on /home/airflow/.local/lib/python3.7/site-packages/airflow/example_dags/example_skip_dag.py
[2023-07-03T18:10:28.747+0000] {processor.py:826} INFO - Processing file /home/airflow/.local/lib/python3.7/site-packages/airflow/example_dags/example_skip_dag.py for tasks to queue
[2023-07-03T18:10:28.748+0000] {logging_mixin.py:149} INFO - [2023-07-03T18:10:28.748+0000] {dagbag.py:541} INFO - Filling up the DagBag from /home/airflow/.local/lib/python3.7/site-packages/airflow/example_dags/example_skip_dag.py
[2023-07-03T18:10:28.755+0000] {processor.py:836} INFO - DAG(s) dict_keys(['example_skip_dag']) retrieved from /home/airflow/.local/lib/python3.7/site-packages/airflow/example_dags/example_skip_dag.py
[2023-07-03T18:10:28.776+0000] {logging_mixin.py:149} INFO - [2023-07-03T18:10:28.776+0000] {dag.py:2726} INFO - Sync 1 DAGs
[2023-07-03T18:10:28.798+0000] {logging_mixin.py:149} INFO - [2023-07-03T18:10:28.798+0000] {dag.py:3490} INFO - Setting next_dagrun for example_skip_dag to 2023-07-02T18:10:28.798544+00:00, run_after=2023-07-03T18:10:28.798544+00:00
[2023-07-03T18:10:28.817+0000] {processor.py:179} INFO - Processing /home/airflow/.local/lib/python3.7/site-packages/airflow/example_dags/example_skip_dag.py took 0.074 seconds
[2023-07-03T18:10:59.138+0000] {processor.py:157} INFO - Started process (PID=5072) to work on /home/airflow/.local/lib/python3.7/site-packages/airflow/example_dags/example_skip_dag.py
[2023-07-03T18:10:59.139+0000] {processor.py:826} INFO - Processing file /home/airflow/.local/lib/python3.7/site-packages/airflow/example_dags/example_skip_dag.py for tasks to queue
[2023-07-03T18:10:59.140+0000] {logging_mixin.py:149} INFO - [2023-07-03T18:10:59.139+0000] {dagbag.py:541} INFO - Filling up the DagBag from /home/airflow/.local/lib/python3.7/site-packages/airflow/example_dags/example_skip_dag.py
[2023-07-03T18:10:59.145+0000] {processor.py:836} INFO - DAG(s) dict_keys(['example_skip_dag']) retrieved from /home/airflow/.local/lib/python3.7/site-packages/airflow/example_dags/example_skip_dag.py
[2023-07-03T18:10:59.167+0000] {logging_mixin.py:149} INFO - [2023-07-03T18:10:59.167+0000] {dag.py:2726} INFO - Sync 1 DAGs
[2023-07-03T18:10:59.194+0000] {logging_mixin.py:149} INFO - [2023-07-03T18:10:59.194+0000] {dag.py:3490} INFO - Setting next_dagrun for example_skip_dag to 2023-07-02T18:10:59.194131+00:00, run_after=2023-07-03T18:10:59.194131+00:00
[2023-07-03T18:10:59.210+0000] {processor.py:179} INFO - Processing /home/airflow/.local/lib/python3.7/site-packages/airflow/example_dags/example_skip_dag.py took 0.075 seconds
[2023-07-03T18:11:29.245+0000] {processor.py:157} INFO - Started process (PID=5321) to work on /home/airflow/.local/lib/python3.7/site-packages/airflow/example_dags/example_skip_dag.py
[2023-07-03T18:11:29.246+0000] {processor.py:826} INFO - Processing file /home/airflow/.local/lib/python3.7/site-packages/airflow/example_dags/example_skip_dag.py for tasks to queue
[2023-07-03T18:11:29.247+0000] {logging_mixin.py:149} INFO - [2023-07-03T18:11:29.247+0000] {dagbag.py:541} INFO - Filling up the DagBag from /home/airflow/.local/lib/python3.7/site-packages/airflow/example_dags/example_skip_dag.py
[2023-07-03T18:11:29.253+0000] {processor.py:836} INFO - DAG(s) dict_keys(['example_skip_dag']) retrieved from /home/airflow/.local/lib/python3.7/site-packages/airflow/example_dags/example_skip_dag.py
[2023-07-03T18:11:29.274+0000] {logging_mixin.py:149} INFO - [2023-07-03T18:11:29.273+0000] {dag.py:2726} INFO - Sync 1 DAGs
[2023-07-03T18:11:29.295+0000] {logging_mixin.py:149} INFO - [2023-07-03T18:11:29.295+0000] {dag.py:3490} INFO - Setting next_dagrun for example_skip_dag to 2023-07-02T18:11:29.294801+00:00, run_after=2023-07-03T18:11:29.294801+00:00
[2023-07-03T18:11:29.312+0000] {processor.py:179} INFO - Processing /home/airflow/.local/lib/python3.7/site-packages/airflow/example_dags/example_skip_dag.py took 0.070 seconds
[2023-07-03T18:11:59.542+0000] {processor.py:157} INFO - Started process (PID=5568) to work on /home/airflow/.local/lib/python3.7/site-packages/airflow/example_dags/example_skip_dag.py
[2023-07-03T18:11:59.542+0000] {processor.py:826} INFO - Processing file /home/airflow/.local/lib/python3.7/site-packages/airflow/example_dags/example_skip_dag.py for tasks to queue
[2023-07-03T18:11:59.543+0000] {logging_mixin.py:149} INFO - [2023-07-03T18:11:59.543+0000] {dagbag.py:541} INFO - Filling up the DagBag from /home/airflow/.local/lib/python3.7/site-packages/airflow/example_dags/example_skip_dag.py
[2023-07-03T18:11:59.549+0000] {processor.py:836} INFO - DAG(s) dict_keys(['example_skip_dag']) retrieved from /home/airflow/.local/lib/python3.7/site-packages/airflow/example_dags/example_skip_dag.py
[2023-07-03T18:11:59.569+0000] {logging_mixin.py:149} INFO - [2023-07-03T18:11:59.569+0000] {dag.py:2726} INFO - Sync 1 DAGs
[2023-07-03T18:11:59.590+0000] {logging_mixin.py:149} INFO - [2023-07-03T18:11:59.590+0000] {dag.py:3490} INFO - Setting next_dagrun for example_skip_dag to 2023-07-02T18:11:59.590183+00:00, run_after=2023-07-03T18:11:59.590183+00:00
[2023-07-03T18:11:59.608+0000] {processor.py:179} INFO - Processing /home/airflow/.local/lib/python3.7/site-packages/airflow/example_dags/example_skip_dag.py took 0.069 seconds
[2023-07-03T18:12:30.495+0000] {processor.py:157} INFO - Started process (PID=5817) to work on /home/airflow/.local/lib/python3.7/site-packages/airflow/example_dags/example_skip_dag.py
[2023-07-03T18:12:30.496+0000] {processor.py:826} INFO - Processing file /home/airflow/.local/lib/python3.7/site-packages/airflow/example_dags/example_skip_dag.py for tasks to queue
[2023-07-03T18:12:30.497+0000] {logging_mixin.py:149} INFO - [2023-07-03T18:12:30.497+0000] {dagbag.py:541} INFO - Filling up the DagBag from /home/airflow/.local/lib/python3.7/site-packages/airflow/example_dags/example_skip_dag.py
[2023-07-03T18:12:30.503+0000] {processor.py:836} INFO - DAG(s) dict_keys(['example_skip_dag']) retrieved from /home/airflow/.local/lib/python3.7/site-packages/airflow/example_dags/example_skip_dag.py
[2023-07-03T18:12:30.524+0000] {logging_mixin.py:149} INFO - [2023-07-03T18:12:30.524+0000] {dag.py:2726} INFO - Sync 1 DAGs
[2023-07-03T18:12:30.548+0000] {logging_mixin.py:149} INFO - [2023-07-03T18:12:30.548+0000] {dag.py:3490} INFO - Setting next_dagrun for example_skip_dag to 2023-07-02T18:12:30.547917+00:00, run_after=2023-07-03T18:12:30.547917+00:00
[2023-07-03T18:12:30.565+0000] {processor.py:179} INFO - Processing /home/airflow/.local/lib/python3.7/site-packages/airflow/example_dags/example_skip_dag.py took 0.073 seconds
[2023-07-03T18:13:01.245+0000] {processor.py:157} INFO - Started process (PID=6066) to work on /home/airflow/.local/lib/python3.7/site-packages/airflow/example_dags/example_skip_dag.py
[2023-07-03T18:13:01.246+0000] {processor.py:826} INFO - Processing file /home/airflow/.local/lib/python3.7/site-packages/airflow/example_dags/example_skip_dag.py for tasks to queue
[2023-07-03T18:13:01.247+0000] {logging_mixin.py:149} INFO - [2023-07-03T18:13:01.247+0000] {dagbag.py:541} INFO - Filling up the DagBag from /home/airflow/.local/lib/python3.7/site-packages/airflow/example_dags/example_skip_dag.py
[2023-07-03T18:13:01.253+0000] {processor.py:836} INFO - DAG(s) dict_keys(['example_skip_dag']) retrieved from /home/airflow/.local/lib/python3.7/site-packages/airflow/example_dags/example_skip_dag.py
[2023-07-03T18:13:01.275+0000] {logging_mixin.py:149} INFO - [2023-07-03T18:13:01.274+0000] {dag.py:2726} INFO - Sync 1 DAGs
[2023-07-03T18:13:01.297+0000] {logging_mixin.py:149} INFO - [2023-07-03T18:13:01.297+0000] {dag.py:3490} INFO - Setting next_dagrun for example_skip_dag to 2023-07-02T18:13:01.297105+00:00, run_after=2023-07-03T18:13:01.297105+00:00
[2023-07-03T18:13:01.316+0000] {processor.py:179} INFO - Processing /home/airflow/.local/lib/python3.7/site-packages/airflow/example_dags/example_skip_dag.py took 0.074 seconds
[2023-07-03T18:13:31.980+0000] {processor.py:157} INFO - Started process (PID=6317) to work on /home/airflow/.local/lib/python3.7/site-packages/airflow/example_dags/example_skip_dag.py
[2023-07-03T18:13:31.981+0000] {processor.py:826} INFO - Processing file /home/airflow/.local/lib/python3.7/site-packages/airflow/example_dags/example_skip_dag.py for tasks to queue
[2023-07-03T18:13:31.982+0000] {logging_mixin.py:149} INFO - [2023-07-03T18:13:31.982+0000] {dagbag.py:541} INFO - Filling up the DagBag from /home/airflow/.local/lib/python3.7/site-packages/airflow/example_dags/example_skip_dag.py
[2023-07-03T18:13:31.988+0000] {processor.py:836} INFO - DAG(s) dict_keys(['example_skip_dag']) retrieved from /home/airflow/.local/lib/python3.7/site-packages/airflow/example_dags/example_skip_dag.py
[2023-07-03T18:13:32.010+0000] {logging_mixin.py:149} INFO - [2023-07-03T18:13:32.010+0000] {dag.py:2726} INFO - Sync 1 DAGs
[2023-07-03T18:13:32.032+0000] {logging_mixin.py:149} INFO - [2023-07-03T18:13:32.032+0000] {dag.py:3490} INFO - Setting next_dagrun for example_skip_dag to 2023-07-02T18:13:32.032575+00:00, run_after=2023-07-03T18:13:32.032575+00:00
[2023-07-03T18:13:32.052+0000] {processor.py:179} INFO - Processing /home/airflow/.local/lib/python3.7/site-packages/airflow/example_dags/example_skip_dag.py took 0.074 seconds
[2023-07-03T18:14:02.323+0000] {processor.py:157} INFO - Started process (PID=6564) to work on /home/airflow/.local/lib/python3.7/site-packages/airflow/example_dags/example_skip_dag.py
[2023-07-03T18:14:02.324+0000] {processor.py:826} INFO - Processing file /home/airflow/.local/lib/python3.7/site-packages/airflow/example_dags/example_skip_dag.py for tasks to queue
[2023-07-03T18:14:02.325+0000] {logging_mixin.py:149} INFO - [2023-07-03T18:14:02.325+0000] {dagbag.py:541} INFO - Filling up the DagBag from /home/airflow/.local/lib/python3.7/site-packages/airflow/example_dags/example_skip_dag.py
[2023-07-03T18:14:02.331+0000] {processor.py:836} INFO - DAG(s) dict_keys(['example_skip_dag']) retrieved from /home/airflow/.local/lib/python3.7/site-packages/airflow/example_dags/example_skip_dag.py
[2023-07-03T18:14:02.353+0000] {logging_mixin.py:149} INFO - [2023-07-03T18:14:02.353+0000] {dag.py:2726} INFO - Sync 1 DAGs
[2023-07-03T18:14:02.376+0000] {logging_mixin.py:149} INFO - [2023-07-03T18:14:02.376+0000] {dag.py:3490} INFO - Setting next_dagrun for example_skip_dag to 2023-07-02T18:14:02.376100+00:00, run_after=2023-07-03T18:14:02.376100+00:00
[2023-07-03T18:14:02.394+0000] {processor.py:179} INFO - Processing /home/airflow/.local/lib/python3.7/site-packages/airflow/example_dags/example_skip_dag.py took 0.074 seconds
[2023-07-03T18:14:33.001+0000] {processor.py:157} INFO - Started process (PID=6813) to work on /home/airflow/.local/lib/python3.7/site-packages/airflow/example_dags/example_skip_dag.py
[2023-07-03T18:14:33.002+0000] {processor.py:826} INFO - Processing file /home/airflow/.local/lib/python3.7/site-packages/airflow/example_dags/example_skip_dag.py for tasks to queue
[2023-07-03T18:14:33.002+0000] {logging_mixin.py:149} INFO - [2023-07-03T18:14:33.002+0000] {dagbag.py:541} INFO - Filling up the DagBag from /home/airflow/.local/lib/python3.7/site-packages/airflow/example_dags/example_skip_dag.py
[2023-07-03T18:14:33.008+0000] {processor.py:836} INFO - DAG(s) dict_keys(['example_skip_dag']) retrieved from /home/airflow/.local/lib/python3.7/site-packages/airflow/example_dags/example_skip_dag.py
[2023-07-03T18:14:33.029+0000] {logging_mixin.py:149} INFO - [2023-07-03T18:14:33.029+0000] {dag.py:2726} INFO - Sync 1 DAGs
[2023-07-03T18:14:33.051+0000] {logging_mixin.py:149} INFO - [2023-07-03T18:14:33.051+0000] {dag.py:3490} INFO - Setting next_dagrun for example_skip_dag to 2023-07-02T18:14:33.051077+00:00, run_after=2023-07-03T18:14:33.051077+00:00
[2023-07-03T18:14:33.069+0000] {processor.py:179} INFO - Processing /home/airflow/.local/lib/python3.7/site-packages/airflow/example_dags/example_skip_dag.py took 0.070 seconds
[2023-07-03T18:15:03.420+0000] {processor.py:157} INFO - Started process (PID=7062) to work on /home/airflow/.local/lib/python3.7/site-packages/airflow/example_dags/example_skip_dag.py
[2023-07-03T18:15:03.421+0000] {processor.py:826} INFO - Processing file /home/airflow/.local/lib/python3.7/site-packages/airflow/example_dags/example_skip_dag.py for tasks to queue
[2023-07-03T18:15:03.422+0000] {logging_mixin.py:149} INFO - [2023-07-03T18:15:03.422+0000] {dagbag.py:541} INFO - Filling up the DagBag from /home/airflow/.local/lib/python3.7/site-packages/airflow/example_dags/example_skip_dag.py
[2023-07-03T18:15:03.428+0000] {processor.py:836} INFO - DAG(s) dict_keys(['example_skip_dag']) retrieved from /home/airflow/.local/lib/python3.7/site-packages/airflow/example_dags/example_skip_dag.py
[2023-07-03T18:15:03.450+0000] {logging_mixin.py:149} INFO - [2023-07-03T18:15:03.450+0000] {dag.py:2726} INFO - Sync 1 DAGs
[2023-07-03T18:15:03.474+0000] {logging_mixin.py:149} INFO - [2023-07-03T18:15:03.474+0000] {dag.py:3490} INFO - Setting next_dagrun for example_skip_dag to 2023-07-02T18:15:03.473826+00:00, run_after=2023-07-03T18:15:03.473826+00:00
[2023-07-03T18:15:03.492+0000] {processor.py:179} INFO - Processing /home/airflow/.local/lib/python3.7/site-packages/airflow/example_dags/example_skip_dag.py took 0.074 seconds
[2023-07-03T18:15:33.922+0000] {processor.py:157} INFO - Started process (PID=7311) to work on /home/airflow/.local/lib/python3.7/site-packages/airflow/example_dags/example_skip_dag.py
[2023-07-03T18:15:33.923+0000] {processor.py:826} INFO - Processing file /home/airflow/.local/lib/python3.7/site-packages/airflow/example_dags/example_skip_dag.py for tasks to queue
[2023-07-03T18:15:33.923+0000] {logging_mixin.py:149} INFO - [2023-07-03T18:15:33.923+0000] {dagbag.py:541} INFO - Filling up the DagBag from /home/airflow/.local/lib/python3.7/site-packages/airflow/example_dags/example_skip_dag.py
[2023-07-03T18:15:33.929+0000] {processor.py:836} INFO - DAG(s) dict_keys(['example_skip_dag']) retrieved from /home/airflow/.local/lib/python3.7/site-packages/airflow/example_dags/example_skip_dag.py
[2023-07-03T18:15:33.951+0000] {logging_mixin.py:149} INFO - [2023-07-03T18:15:33.951+0000] {dag.py:2726} INFO - Sync 1 DAGs
[2023-07-03T18:15:33.975+0000] {logging_mixin.py:149} INFO - [2023-07-03T18:15:33.975+0000] {dag.py:3490} INFO - Setting next_dagrun for example_skip_dag to 2023-07-02T18:15:33.974987+00:00, run_after=2023-07-03T18:15:33.974987+00:00
[2023-07-03T18:15:33.992+0000] {processor.py:179} INFO - Processing /home/airflow/.local/lib/python3.7/site-packages/airflow/example_dags/example_skip_dag.py took 0.073 seconds
[2023-07-03T18:16:04.702+0000] {processor.py:157} INFO - Started process (PID=7560) to work on /home/airflow/.local/lib/python3.7/site-packages/airflow/example_dags/example_skip_dag.py
[2023-07-03T18:16:04.703+0000] {processor.py:826} INFO - Processing file /home/airflow/.local/lib/python3.7/site-packages/airflow/example_dags/example_skip_dag.py for tasks to queue
[2023-07-03T18:16:04.704+0000] {logging_mixin.py:149} INFO - [2023-07-03T18:16:04.704+0000] {dagbag.py:541} INFO - Filling up the DagBag from /home/airflow/.local/lib/python3.7/site-packages/airflow/example_dags/example_skip_dag.py
[2023-07-03T18:16:04.711+0000] {processor.py:836} INFO - DAG(s) dict_keys(['example_skip_dag']) retrieved from /home/airflow/.local/lib/python3.7/site-packages/airflow/example_dags/example_skip_dag.py
[2023-07-03T18:16:04.732+0000] {logging_mixin.py:149} INFO - [2023-07-03T18:16:04.731+0000] {dag.py:2726} INFO - Sync 1 DAGs
[2023-07-03T18:16:04.755+0000] {logging_mixin.py:149} INFO - [2023-07-03T18:16:04.755+0000] {dag.py:3490} INFO - Setting next_dagrun for example_skip_dag to 2023-07-02T18:16:04.755216+00:00, run_after=2023-07-03T18:16:04.755216+00:00
[2023-07-03T18:16:04.772+0000] {processor.py:179} INFO - Processing /home/airflow/.local/lib/python3.7/site-packages/airflow/example_dags/example_skip_dag.py took 0.073 seconds
[2023-07-03T18:16:35.739+0000] {processor.py:157} INFO - Started process (PID=7809) to work on /home/airflow/.local/lib/python3.7/site-packages/airflow/example_dags/example_skip_dag.py
[2023-07-03T18:16:35.740+0000] {processor.py:826} INFO - Processing file /home/airflow/.local/lib/python3.7/site-packages/airflow/example_dags/example_skip_dag.py for tasks to queue
[2023-07-03T18:16:35.741+0000] {logging_mixin.py:149} INFO - [2023-07-03T18:16:35.741+0000] {dagbag.py:541} INFO - Filling up the DagBag from /home/airflow/.local/lib/python3.7/site-packages/airflow/example_dags/example_skip_dag.py
[2023-07-03T18:16:35.747+0000] {processor.py:836} INFO - DAG(s) dict_keys(['example_skip_dag']) retrieved from /home/airflow/.local/lib/python3.7/site-packages/airflow/example_dags/example_skip_dag.py
[2023-07-03T18:16:35.768+0000] {logging_mixin.py:149} INFO - [2023-07-03T18:16:35.768+0000] {dag.py:2726} INFO - Sync 1 DAGs
[2023-07-03T18:16:35.793+0000] {logging_mixin.py:149} INFO - [2023-07-03T18:16:35.793+0000] {dag.py:3490} INFO - Setting next_dagrun for example_skip_dag to 2023-07-02T18:16:35.793353+00:00, run_after=2023-07-03T18:16:35.793353+00:00
[2023-07-03T18:16:35.812+0000] {processor.py:179} INFO - Processing /home/airflow/.local/lib/python3.7/site-packages/airflow/example_dags/example_skip_dag.py took 0.076 seconds
[2023-07-03T18:17:07.119+0000] {processor.py:157} INFO - Started process (PID=8059) to work on /home/airflow/.local/lib/python3.7/site-packages/airflow/example_dags/example_skip_dag.py
[2023-07-03T18:17:07.120+0000] {processor.py:826} INFO - Processing file /home/airflow/.local/lib/python3.7/site-packages/airflow/example_dags/example_skip_dag.py for tasks to queue
[2023-07-03T18:17:07.121+0000] {logging_mixin.py:149} INFO - [2023-07-03T18:17:07.121+0000] {dagbag.py:541} INFO - Filling up the DagBag from /home/airflow/.local/lib/python3.7/site-packages/airflow/example_dags/example_skip_dag.py
[2023-07-03T18:17:07.129+0000] {processor.py:836} INFO - DAG(s) dict_keys(['example_skip_dag']) retrieved from /home/airflow/.local/lib/python3.7/site-packages/airflow/example_dags/example_skip_dag.py
[2023-07-03T18:17:07.155+0000] {logging_mixin.py:149} INFO - [2023-07-03T18:17:07.155+0000] {dag.py:2726} INFO - Sync 1 DAGs
[2023-07-03T18:17:07.183+0000] {logging_mixin.py:149} INFO - [2023-07-03T18:17:07.183+0000] {dag.py:3490} INFO - Setting next_dagrun for example_skip_dag to 2023-07-02T18:17:07.183408+00:00, run_after=2023-07-03T18:17:07.183408+00:00
[2023-07-03T18:17:07.215+0000] {processor.py:179} INFO - Processing /home/airflow/.local/lib/python3.7/site-packages/airflow/example_dags/example_skip_dag.py took 0.099 seconds
[2023-07-03T18:17:37.639+0000] {processor.py:157} INFO - Started process (PID=8308) to work on /home/airflow/.local/lib/python3.7/site-packages/airflow/example_dags/example_skip_dag.py
[2023-07-03T18:17:37.640+0000] {processor.py:826} INFO - Processing file /home/airflow/.local/lib/python3.7/site-packages/airflow/example_dags/example_skip_dag.py for tasks to queue
[2023-07-03T18:17:37.641+0000] {logging_mixin.py:149} INFO - [2023-07-03T18:17:37.641+0000] {dagbag.py:541} INFO - Filling up the DagBag from /home/airflow/.local/lib/python3.7/site-packages/airflow/example_dags/example_skip_dag.py
[2023-07-03T18:17:37.647+0000] {processor.py:836} INFO - DAG(s) dict_keys(['example_skip_dag']) retrieved from /home/airflow/.local/lib/python3.7/site-packages/airflow/example_dags/example_skip_dag.py
[2023-07-03T18:17:37.675+0000] {logging_mixin.py:149} INFO - [2023-07-03T18:17:37.675+0000] {dag.py:2726} INFO - Sync 1 DAGs
[2023-07-03T18:17:37.701+0000] {logging_mixin.py:149} INFO - [2023-07-03T18:17:37.701+0000] {dag.py:3490} INFO - Setting next_dagrun for example_skip_dag to 2023-07-02T18:17:37.701002+00:00, run_after=2023-07-03T18:17:37.701002+00:00
[2023-07-03T18:17:37.725+0000] {processor.py:179} INFO - Processing /home/airflow/.local/lib/python3.7/site-packages/airflow/example_dags/example_skip_dag.py took 0.090 seconds
[2023-07-03T18:18:08.792+0000] {processor.py:157} INFO - Started process (PID=8557) to work on /home/airflow/.local/lib/python3.7/site-packages/airflow/example_dags/example_skip_dag.py
[2023-07-03T18:18:08.794+0000] {processor.py:826} INFO - Processing file /home/airflow/.local/lib/python3.7/site-packages/airflow/example_dags/example_skip_dag.py for tasks to queue
[2023-07-03T18:18:08.799+0000] {logging_mixin.py:149} INFO - [2023-07-03T18:18:08.799+0000] {dagbag.py:541} INFO - Filling up the DagBag from /home/airflow/.local/lib/python3.7/site-packages/airflow/example_dags/example_skip_dag.py
[2023-07-03T18:18:08.806+0000] {processor.py:836} INFO - DAG(s) dict_keys(['example_skip_dag']) retrieved from /home/airflow/.local/lib/python3.7/site-packages/airflow/example_dags/example_skip_dag.py
[2023-07-03T18:18:08.835+0000] {logging_mixin.py:149} INFO - [2023-07-03T18:18:08.835+0000] {dag.py:2726} INFO - Sync 1 DAGs
[2023-07-03T18:18:08.866+0000] {logging_mixin.py:149} INFO - [2023-07-03T18:18:08.865+0000] {dag.py:3490} INFO - Setting next_dagrun for example_skip_dag to 2023-07-02T18:18:08.865564+00:00, run_after=2023-07-03T18:18:08.865564+00:00
[2023-07-03T18:18:08.890+0000] {processor.py:179} INFO - Processing /home/airflow/.local/lib/python3.7/site-packages/airflow/example_dags/example_skip_dag.py took 0.101 seconds
[2023-07-03T18:18:39.048+0000] {processor.py:157} INFO - Started process (PID=8808) to work on /home/airflow/.local/lib/python3.7/site-packages/airflow/example_dags/example_skip_dag.py
[2023-07-03T18:18:39.049+0000] {processor.py:826} INFO - Processing file /home/airflow/.local/lib/python3.7/site-packages/airflow/example_dags/example_skip_dag.py for tasks to queue
[2023-07-03T18:18:39.050+0000] {logging_mixin.py:149} INFO - [2023-07-03T18:18:39.050+0000] {dagbag.py:541} INFO - Filling up the DagBag from /home/airflow/.local/lib/python3.7/site-packages/airflow/example_dags/example_skip_dag.py
[2023-07-03T18:18:39.057+0000] {processor.py:836} INFO - DAG(s) dict_keys(['example_skip_dag']) retrieved from /home/airflow/.local/lib/python3.7/site-packages/airflow/example_dags/example_skip_dag.py
[2023-07-03T18:18:39.082+0000] {logging_mixin.py:149} INFO - [2023-07-03T18:18:39.082+0000] {dag.py:2726} INFO - Sync 1 DAGs
[2023-07-03T18:18:39.106+0000] {logging_mixin.py:149} INFO - [2023-07-03T18:18:39.106+0000] {dag.py:3490} INFO - Setting next_dagrun for example_skip_dag to 2023-07-02T18:18:39.105824+00:00, run_after=2023-07-03T18:18:39.105824+00:00
[2023-07-03T18:18:39.127+0000] {processor.py:179} INFO - Processing /home/airflow/.local/lib/python3.7/site-packages/airflow/example_dags/example_skip_dag.py took 0.081 seconds
[2023-07-03T18:19:09.299+0000] {processor.py:157} INFO - Started process (PID=9055) to work on /home/airflow/.local/lib/python3.7/site-packages/airflow/example_dags/example_skip_dag.py
[2023-07-03T18:19:09.300+0000] {processor.py:826} INFO - Processing file /home/airflow/.local/lib/python3.7/site-packages/airflow/example_dags/example_skip_dag.py for tasks to queue
[2023-07-03T18:19:09.301+0000] {logging_mixin.py:149} INFO - [2023-07-03T18:19:09.301+0000] {dagbag.py:541} INFO - Filling up the DagBag from /home/airflow/.local/lib/python3.7/site-packages/airflow/example_dags/example_skip_dag.py
[2023-07-03T18:19:09.307+0000] {processor.py:836} INFO - DAG(s) dict_keys(['example_skip_dag']) retrieved from /home/airflow/.local/lib/python3.7/site-packages/airflow/example_dags/example_skip_dag.py
[2023-07-03T18:19:09.331+0000] {logging_mixin.py:149} INFO - [2023-07-03T18:19:09.331+0000] {dag.py:2726} INFO - Sync 1 DAGs
[2023-07-03T18:19:09.359+0000] {logging_mixin.py:149} INFO - [2023-07-03T18:19:09.359+0000] {dag.py:3490} INFO - Setting next_dagrun for example_skip_dag to 2023-07-02T18:19:09.358764+00:00, run_after=2023-07-03T18:19:09.358764+00:00
[2023-07-03T18:19:09.383+0000] {processor.py:179} INFO - Processing /home/airflow/.local/lib/python3.7/site-packages/airflow/example_dags/example_skip_dag.py took 0.089 seconds
[2023-07-03T18:19:39.664+0000] {processor.py:157} INFO - Started process (PID=9304) to work on /home/airflow/.local/lib/python3.7/site-packages/airflow/example_dags/example_skip_dag.py
[2023-07-03T18:19:39.665+0000] {processor.py:826} INFO - Processing file /home/airflow/.local/lib/python3.7/site-packages/airflow/example_dags/example_skip_dag.py for tasks to queue
[2023-07-03T18:19:39.666+0000] {logging_mixin.py:149} INFO - [2023-07-03T18:19:39.666+0000] {dagbag.py:541} INFO - Filling up the DagBag from /home/airflow/.local/lib/python3.7/site-packages/airflow/example_dags/example_skip_dag.py
[2023-07-03T18:19:39.678+0000] {processor.py:836} INFO - DAG(s) dict_keys(['example_skip_dag']) retrieved from /home/airflow/.local/lib/python3.7/site-packages/airflow/example_dags/example_skip_dag.py
[2023-07-03T18:19:39.709+0000] {logging_mixin.py:149} INFO - [2023-07-03T18:19:39.709+0000] {dag.py:2726} INFO - Sync 1 DAGs
[2023-07-03T18:19:39.737+0000] {logging_mixin.py:149} INFO - [2023-07-03T18:19:39.737+0000] {dag.py:3490} INFO - Setting next_dagrun for example_skip_dag to 2023-07-02T18:19:39.736787+00:00, run_after=2023-07-03T18:19:39.736787+00:00
[2023-07-03T18:19:39.760+0000] {processor.py:179} INFO - Processing /home/airflow/.local/lib/python3.7/site-packages/airflow/example_dags/example_skip_dag.py took 0.099 seconds
