[2023-07-03T18:01:15.126+0000] {processor.py:157} INFO - Started process (PID=174) to work on /home/airflow/.local/lib/python3.7/site-packages/airflow/example_dags/example_sensors.py
[2023-07-03T18:01:15.127+0000] {processor.py:826} INFO - Processing file /home/airflow/.local/lib/python3.7/site-packages/airflow/example_dags/example_sensors.py for tasks to queue
[2023-07-03T18:01:15.128+0000] {logging_mixin.py:149} INFO - [2023-07-03T18:01:15.128+0000] {dagbag.py:541} INFO - Filling up the DagBag from /home/airflow/.local/lib/python3.7/site-packages/airflow/example_dags/example_sensors.py
[2023-07-03T18:01:15.139+0000] {processor.py:836} INFO - DAG(s) dict_keys(['example_sensors']) retrieved from /home/airflow/.local/lib/python3.7/site-packages/airflow/example_dags/example_sensors.py
[2023-07-03T18:01:15.150+0000] {logging_mixin.py:149} INFO - [2023-07-03T18:01:15.150+0000] {dag.py:2726} INFO - Sync 1 DAGs
[2023-07-03T18:01:15.172+0000] {logging_mixin.py:149} INFO - [2023-07-03T18:01:15.172+0000] {dag.py:3490} INFO - Setting next_dagrun for example_sensors to None, run_after=None
[2023-07-03T18:01:15.191+0000] {processor.py:179} INFO - Processing /home/airflow/.local/lib/python3.7/site-packages/airflow/example_dags/example_sensors.py took 0.067 seconds
[2023-07-03T18:01:45.412+0000] {processor.py:157} INFO - Started process (PID=421) to work on /home/airflow/.local/lib/python3.7/site-packages/airflow/example_dags/example_sensors.py
[2023-07-03T18:01:45.413+0000] {processor.py:826} INFO - Processing file /home/airflow/.local/lib/python3.7/site-packages/airflow/example_dags/example_sensors.py for tasks to queue
[2023-07-03T18:01:45.414+0000] {logging_mixin.py:149} INFO - [2023-07-03T18:01:45.413+0000] {dagbag.py:541} INFO - Filling up the DagBag from /home/airflow/.local/lib/python3.7/site-packages/airflow/example_dags/example_sensors.py
[2023-07-03T18:01:45.422+0000] {processor.py:836} INFO - DAG(s) dict_keys(['example_sensors']) retrieved from /home/airflow/.local/lib/python3.7/site-packages/airflow/example_dags/example_sensors.py
[2023-07-03T18:01:45.446+0000] {logging_mixin.py:149} INFO - [2023-07-03T18:01:45.446+0000] {dag.py:2726} INFO - Sync 1 DAGs
[2023-07-03T18:01:45.468+0000] {logging_mixin.py:149} INFO - [2023-07-03T18:01:45.468+0000] {dag.py:3490} INFO - Setting next_dagrun for example_sensors to None, run_after=None
[2023-07-03T18:01:45.487+0000] {processor.py:179} INFO - Processing /home/airflow/.local/lib/python3.7/site-packages/airflow/example_dags/example_sensors.py took 0.078 seconds
[2023-07-03T18:02:15.714+0000] {processor.py:157} INFO - Started process (PID=673) to work on /home/airflow/.local/lib/python3.7/site-packages/airflow/example_dags/example_sensors.py
[2023-07-03T18:02:15.715+0000] {processor.py:826} INFO - Processing file /home/airflow/.local/lib/python3.7/site-packages/airflow/example_dags/example_sensors.py for tasks to queue
[2023-07-03T18:02:15.716+0000] {logging_mixin.py:149} INFO - [2023-07-03T18:02:15.716+0000] {dagbag.py:541} INFO - Filling up the DagBag from /home/airflow/.local/lib/python3.7/site-packages/airflow/example_dags/example_sensors.py
[2023-07-03T18:02:15.724+0000] {processor.py:836} INFO - DAG(s) dict_keys(['example_sensors']) retrieved from /home/airflow/.local/lib/python3.7/site-packages/airflow/example_dags/example_sensors.py
[2023-07-03T18:02:15.747+0000] {logging_mixin.py:149} INFO - [2023-07-03T18:02:15.746+0000] {dag.py:2726} INFO - Sync 1 DAGs
[2023-07-03T18:02:15.768+0000] {logging_mixin.py:149} INFO - [2023-07-03T18:02:15.768+0000] {dag.py:3490} INFO - Setting next_dagrun for example_sensors to None, run_after=None
[2023-07-03T18:02:15.785+0000] {processor.py:179} INFO - Processing /home/airflow/.local/lib/python3.7/site-packages/airflow/example_dags/example_sensors.py took 0.073 seconds
[2023-07-03T18:02:46.008+0000] {processor.py:157} INFO - Started process (PID=920) to work on /home/airflow/.local/lib/python3.7/site-packages/airflow/example_dags/example_sensors.py
[2023-07-03T18:02:46.010+0000] {processor.py:826} INFO - Processing file /home/airflow/.local/lib/python3.7/site-packages/airflow/example_dags/example_sensors.py for tasks to queue
[2023-07-03T18:02:46.011+0000] {logging_mixin.py:149} INFO - [2023-07-03T18:02:46.010+0000] {dagbag.py:541} INFO - Filling up the DagBag from /home/airflow/.local/lib/python3.7/site-packages/airflow/example_dags/example_sensors.py
[2023-07-03T18:02:46.019+0000] {processor.py:836} INFO - DAG(s) dict_keys(['example_sensors']) retrieved from /home/airflow/.local/lib/python3.7/site-packages/airflow/example_dags/example_sensors.py
[2023-07-03T18:02:46.045+0000] {logging_mixin.py:149} INFO - [2023-07-03T18:02:46.045+0000] {dag.py:2726} INFO - Sync 1 DAGs
[2023-07-03T18:02:46.065+0000] {logging_mixin.py:149} INFO - [2023-07-03T18:02:46.065+0000] {dag.py:3490} INFO - Setting next_dagrun for example_sensors to None, run_after=None
[2023-07-03T18:02:46.082+0000] {processor.py:179} INFO - Processing /home/airflow/.local/lib/python3.7/site-packages/airflow/example_dags/example_sensors.py took 0.077 seconds
[2023-07-03T18:03:16.169+0000] {processor.py:157} INFO - Started process (PID=1169) to work on /home/airflow/.local/lib/python3.7/site-packages/airflow/example_dags/example_sensors.py
[2023-07-03T18:03:16.170+0000] {processor.py:826} INFO - Processing file /home/airflow/.local/lib/python3.7/site-packages/airflow/example_dags/example_sensors.py for tasks to queue
[2023-07-03T18:03:16.171+0000] {logging_mixin.py:149} INFO - [2023-07-03T18:03:16.171+0000] {dagbag.py:541} INFO - Filling up the DagBag from /home/airflow/.local/lib/python3.7/site-packages/airflow/example_dags/example_sensors.py
[2023-07-03T18:03:16.179+0000] {processor.py:836} INFO - DAG(s) dict_keys(['example_sensors']) retrieved from /home/airflow/.local/lib/python3.7/site-packages/airflow/example_dags/example_sensors.py
[2023-07-03T18:03:16.203+0000] {logging_mixin.py:149} INFO - [2023-07-03T18:03:16.203+0000] {dag.py:2726} INFO - Sync 1 DAGs
[2023-07-03T18:03:16.226+0000] {logging_mixin.py:149} INFO - [2023-07-03T18:03:16.226+0000] {dag.py:3490} INFO - Setting next_dagrun for example_sensors to None, run_after=None
[2023-07-03T18:03:16.245+0000] {processor.py:179} INFO - Processing /home/airflow/.local/lib/python3.7/site-packages/airflow/example_dags/example_sensors.py took 0.079 seconds
[2023-07-03T18:03:46.780+0000] {processor.py:157} INFO - Started process (PID=1418) to work on /home/airflow/.local/lib/python3.7/site-packages/airflow/example_dags/example_sensors.py
[2023-07-03T18:03:46.781+0000] {processor.py:826} INFO - Processing file /home/airflow/.local/lib/python3.7/site-packages/airflow/example_dags/example_sensors.py for tasks to queue
[2023-07-03T18:03:46.782+0000] {logging_mixin.py:149} INFO - [2023-07-03T18:03:46.782+0000] {dagbag.py:541} INFO - Filling up the DagBag from /home/airflow/.local/lib/python3.7/site-packages/airflow/example_dags/example_sensors.py
[2023-07-03T18:03:46.790+0000] {processor.py:836} INFO - DAG(s) dict_keys(['example_sensors']) retrieved from /home/airflow/.local/lib/python3.7/site-packages/airflow/example_dags/example_sensors.py
[2023-07-03T18:03:46.814+0000] {logging_mixin.py:149} INFO - [2023-07-03T18:03:46.814+0000] {dag.py:2726} INFO - Sync 1 DAGs
[2023-07-03T18:03:46.839+0000] {logging_mixin.py:149} INFO - [2023-07-03T18:03:46.839+0000] {dag.py:3490} INFO - Setting next_dagrun for example_sensors to None, run_after=None
[2023-07-03T18:03:46.857+0000] {processor.py:179} INFO - Processing /home/airflow/.local/lib/python3.7/site-packages/airflow/example_dags/example_sensors.py took 0.079 seconds
[2023-07-03T18:04:17.389+0000] {processor.py:157} INFO - Started process (PID=1667) to work on /home/airflow/.local/lib/python3.7/site-packages/airflow/example_dags/example_sensors.py
[2023-07-03T18:04:17.391+0000] {processor.py:826} INFO - Processing file /home/airflow/.local/lib/python3.7/site-packages/airflow/example_dags/example_sensors.py for tasks to queue
[2023-07-03T18:04:17.392+0000] {logging_mixin.py:149} INFO - [2023-07-03T18:04:17.392+0000] {dagbag.py:541} INFO - Filling up the DagBag from /home/airflow/.local/lib/python3.7/site-packages/airflow/example_dags/example_sensors.py
[2023-07-03T18:04:17.402+0000] {processor.py:836} INFO - DAG(s) dict_keys(['example_sensors']) retrieved from /home/airflow/.local/lib/python3.7/site-packages/airflow/example_dags/example_sensors.py
[2023-07-03T18:04:17.427+0000] {logging_mixin.py:149} INFO - [2023-07-03T18:04:17.427+0000] {dag.py:2726} INFO - Sync 1 DAGs
[2023-07-03T18:04:17.454+0000] {logging_mixin.py:149} INFO - [2023-07-03T18:04:17.454+0000] {dag.py:3490} INFO - Setting next_dagrun for example_sensors to None, run_after=None
[2023-07-03T18:04:17.472+0000] {processor.py:179} INFO - Processing /home/airflow/.local/lib/python3.7/site-packages/airflow/example_dags/example_sensors.py took 0.086 seconds
[2023-07-03T18:04:48.131+0000] {processor.py:157} INFO - Started process (PID=1916) to work on /home/airflow/.local/lib/python3.7/site-packages/airflow/example_dags/example_sensors.py
[2023-07-03T18:04:48.132+0000] {processor.py:826} INFO - Processing file /home/airflow/.local/lib/python3.7/site-packages/airflow/example_dags/example_sensors.py for tasks to queue
[2023-07-03T18:04:48.133+0000] {logging_mixin.py:149} INFO - [2023-07-03T18:04:48.133+0000] {dagbag.py:541} INFO - Filling up the DagBag from /home/airflow/.local/lib/python3.7/site-packages/airflow/example_dags/example_sensors.py
[2023-07-03T18:04:48.142+0000] {processor.py:836} INFO - DAG(s) dict_keys(['example_sensors']) retrieved from /home/airflow/.local/lib/python3.7/site-packages/airflow/example_dags/example_sensors.py
[2023-07-03T18:04:48.166+0000] {logging_mixin.py:149} INFO - [2023-07-03T18:04:48.165+0000] {dag.py:2726} INFO - Sync 1 DAGs
[2023-07-03T18:04:48.186+0000] {logging_mixin.py:149} INFO - [2023-07-03T18:04:48.186+0000] {dag.py:3490} INFO - Setting next_dagrun for example_sensors to None, run_after=None
[2023-07-03T18:04:48.204+0000] {processor.py:179} INFO - Processing /home/airflow/.local/lib/python3.7/site-packages/airflow/example_dags/example_sensors.py took 0.075 seconds
[2023-07-03T18:05:18.714+0000] {processor.py:157} INFO - Started process (PID=2167) to work on /home/airflow/.local/lib/python3.7/site-packages/airflow/example_dags/example_sensors.py
[2023-07-03T18:05:18.716+0000] {processor.py:826} INFO - Processing file /home/airflow/.local/lib/python3.7/site-packages/airflow/example_dags/example_sensors.py for tasks to queue
[2023-07-03T18:05:18.717+0000] {logging_mixin.py:149} INFO - [2023-07-03T18:05:18.717+0000] {dagbag.py:541} INFO - Filling up the DagBag from /home/airflow/.local/lib/python3.7/site-packages/airflow/example_dags/example_sensors.py
[2023-07-03T18:05:18.734+0000] {processor.py:836} INFO - DAG(s) dict_keys(['example_sensors']) retrieved from /home/airflow/.local/lib/python3.7/site-packages/airflow/example_dags/example_sensors.py
[2023-07-03T18:05:18.759+0000] {logging_mixin.py:149} INFO - [2023-07-03T18:05:18.759+0000] {dag.py:2726} INFO - Sync 1 DAGs
[2023-07-03T18:05:18.783+0000] {logging_mixin.py:149} INFO - [2023-07-03T18:05:18.783+0000] {dag.py:3490} INFO - Setting next_dagrun for example_sensors to None, run_after=None
[2023-07-03T18:05:18.805+0000] {processor.py:179} INFO - Processing /home/airflow/.local/lib/python3.7/site-packages/airflow/example_dags/example_sensors.py took 0.094 seconds
[2023-07-03T18:05:49.459+0000] {processor.py:157} INFO - Started process (PID=2414) to work on /home/airflow/.local/lib/python3.7/site-packages/airflow/example_dags/example_sensors.py
[2023-07-03T18:05:49.460+0000] {processor.py:826} INFO - Processing file /home/airflow/.local/lib/python3.7/site-packages/airflow/example_dags/example_sensors.py for tasks to queue
[2023-07-03T18:05:49.462+0000] {logging_mixin.py:149} INFO - [2023-07-03T18:05:49.461+0000] {dagbag.py:541} INFO - Filling up the DagBag from /home/airflow/.local/lib/python3.7/site-packages/airflow/example_dags/example_sensors.py
[2023-07-03T18:05:49.472+0000] {processor.py:836} INFO - DAG(s) dict_keys(['example_sensors']) retrieved from /home/airflow/.local/lib/python3.7/site-packages/airflow/example_dags/example_sensors.py
[2023-07-03T18:05:49.496+0000] {logging_mixin.py:149} INFO - [2023-07-03T18:05:49.496+0000] {dag.py:2726} INFO - Sync 1 DAGs
[2023-07-03T18:05:49.521+0000] {logging_mixin.py:149} INFO - [2023-07-03T18:05:49.520+0000] {dag.py:3490} INFO - Setting next_dagrun for example_sensors to None, run_after=None
[2023-07-03T18:05:49.539+0000] {processor.py:179} INFO - Processing /home/airflow/.local/lib/python3.7/site-packages/airflow/example_dags/example_sensors.py took 0.084 seconds
[2023-07-03T18:06:20.183+0000] {processor.py:157} INFO - Started process (PID=2663) to work on /home/airflow/.local/lib/python3.7/site-packages/airflow/example_dags/example_sensors.py
[2023-07-03T18:06:20.184+0000] {processor.py:826} INFO - Processing file /home/airflow/.local/lib/python3.7/site-packages/airflow/example_dags/example_sensors.py for tasks to queue
[2023-07-03T18:06:20.185+0000] {logging_mixin.py:149} INFO - [2023-07-03T18:06:20.185+0000] {dagbag.py:541} INFO - Filling up the DagBag from /home/airflow/.local/lib/python3.7/site-packages/airflow/example_dags/example_sensors.py
[2023-07-03T18:06:20.193+0000] {processor.py:836} INFO - DAG(s) dict_keys(['example_sensors']) retrieved from /home/airflow/.local/lib/python3.7/site-packages/airflow/example_dags/example_sensors.py
[2023-07-03T18:06:20.218+0000] {logging_mixin.py:149} INFO - [2023-07-03T18:06:20.217+0000] {dag.py:2726} INFO - Sync 1 DAGs
[2023-07-03T18:06:20.240+0000] {logging_mixin.py:149} INFO - [2023-07-03T18:06:20.240+0000] {dag.py:3490} INFO - Setting next_dagrun for example_sensors to None, run_after=None
[2023-07-03T18:06:20.258+0000] {processor.py:179} INFO - Processing /home/airflow/.local/lib/python3.7/site-packages/airflow/example_dags/example_sensors.py took 0.079 seconds
[2023-07-03T18:06:50.757+0000] {processor.py:157} INFO - Started process (PID=2912) to work on /home/airflow/.local/lib/python3.7/site-packages/airflow/example_dags/example_sensors.py
[2023-07-03T18:06:50.758+0000] {processor.py:826} INFO - Processing file /home/airflow/.local/lib/python3.7/site-packages/airflow/example_dags/example_sensors.py for tasks to queue
[2023-07-03T18:06:50.759+0000] {logging_mixin.py:149} INFO - [2023-07-03T18:06:50.759+0000] {dagbag.py:541} INFO - Filling up the DagBag from /home/airflow/.local/lib/python3.7/site-packages/airflow/example_dags/example_sensors.py
[2023-07-03T18:06:50.768+0000] {processor.py:836} INFO - DAG(s) dict_keys(['example_sensors']) retrieved from /home/airflow/.local/lib/python3.7/site-packages/airflow/example_dags/example_sensors.py
[2023-07-03T18:06:50.794+0000] {logging_mixin.py:149} INFO - [2023-07-03T18:06:50.794+0000] {dag.py:2726} INFO - Sync 1 DAGs
[2023-07-03T18:06:50.820+0000] {logging_mixin.py:149} INFO - [2023-07-03T18:06:50.819+0000] {dag.py:3490} INFO - Setting next_dagrun for example_sensors to None, run_after=None
[2023-07-03T18:06:50.838+0000] {processor.py:179} INFO - Processing /home/airflow/.local/lib/python3.7/site-packages/airflow/example_dags/example_sensors.py took 0.084 seconds
[2023-07-03T18:07:21.532+0000] {processor.py:157} INFO - Started process (PID=3161) to work on /home/airflow/.local/lib/python3.7/site-packages/airflow/example_dags/example_sensors.py
[2023-07-03T18:07:21.533+0000] {processor.py:826} INFO - Processing file /home/airflow/.local/lib/python3.7/site-packages/airflow/example_dags/example_sensors.py for tasks to queue
[2023-07-03T18:07:21.534+0000] {logging_mixin.py:149} INFO - [2023-07-03T18:07:21.533+0000] {dagbag.py:541} INFO - Filling up the DagBag from /home/airflow/.local/lib/python3.7/site-packages/airflow/example_dags/example_sensors.py
[2023-07-03T18:07:21.542+0000] {processor.py:836} INFO - DAG(s) dict_keys(['example_sensors']) retrieved from /home/airflow/.local/lib/python3.7/site-packages/airflow/example_dags/example_sensors.py
[2023-07-03T18:07:21.566+0000] {logging_mixin.py:149} INFO - [2023-07-03T18:07:21.566+0000] {dag.py:2726} INFO - Sync 1 DAGs
[2023-07-03T18:07:21.587+0000] {logging_mixin.py:149} INFO - [2023-07-03T18:07:21.587+0000] {dag.py:3490} INFO - Setting next_dagrun for example_sensors to None, run_after=None
[2023-07-03T18:07:21.606+0000] {processor.py:179} INFO - Processing /home/airflow/.local/lib/python3.7/site-packages/airflow/example_dags/example_sensors.py took 0.076 seconds
[2023-07-03T18:07:52.192+0000] {processor.py:157} INFO - Started process (PID=3411) to work on /home/airflow/.local/lib/python3.7/site-packages/airflow/example_dags/example_sensors.py
[2023-07-03T18:07:52.193+0000] {processor.py:826} INFO - Processing file /home/airflow/.local/lib/python3.7/site-packages/airflow/example_dags/example_sensors.py for tasks to queue
[2023-07-03T18:07:52.194+0000] {logging_mixin.py:149} INFO - [2023-07-03T18:07:52.194+0000] {dagbag.py:541} INFO - Filling up the DagBag from /home/airflow/.local/lib/python3.7/site-packages/airflow/example_dags/example_sensors.py
[2023-07-03T18:07:52.203+0000] {processor.py:836} INFO - DAG(s) dict_keys(['example_sensors']) retrieved from /home/airflow/.local/lib/python3.7/site-packages/airflow/example_dags/example_sensors.py
[2023-07-03T18:07:52.229+0000] {logging_mixin.py:149} INFO - [2023-07-03T18:07:52.228+0000] {dag.py:2726} INFO - Sync 1 DAGs
[2023-07-03T18:07:52.253+0000] {logging_mixin.py:149} INFO - [2023-07-03T18:07:52.253+0000] {dag.py:3490} INFO - Setting next_dagrun for example_sensors to None, run_after=None
[2023-07-03T18:07:52.271+0000] {processor.py:179} INFO - Processing /home/airflow/.local/lib/python3.7/site-packages/airflow/example_dags/example_sensors.py took 0.082 seconds
[2023-07-03T18:08:22.677+0000] {processor.py:157} INFO - Started process (PID=3660) to work on /home/airflow/.local/lib/python3.7/site-packages/airflow/example_dags/example_sensors.py
[2023-07-03T18:08:22.678+0000] {processor.py:826} INFO - Processing file /home/airflow/.local/lib/python3.7/site-packages/airflow/example_dags/example_sensors.py for tasks to queue
[2023-07-03T18:08:22.679+0000] {logging_mixin.py:149} INFO - [2023-07-03T18:08:22.679+0000] {dagbag.py:541} INFO - Filling up the DagBag from /home/airflow/.local/lib/python3.7/site-packages/airflow/example_dags/example_sensors.py
[2023-07-03T18:08:22.688+0000] {processor.py:836} INFO - DAG(s) dict_keys(['example_sensors']) retrieved from /home/airflow/.local/lib/python3.7/site-packages/airflow/example_dags/example_sensors.py
[2023-07-03T18:08:22.713+0000] {logging_mixin.py:149} INFO - [2023-07-03T18:08:22.713+0000] {dag.py:2726} INFO - Sync 1 DAGs
[2023-07-03T18:08:22.735+0000] {logging_mixin.py:149} INFO - [2023-07-03T18:08:22.735+0000] {dag.py:3490} INFO - Setting next_dagrun for example_sensors to None, run_after=None
[2023-07-03T18:08:22.754+0000] {processor.py:179} INFO - Processing /home/airflow/.local/lib/python3.7/site-packages/airflow/example_dags/example_sensors.py took 0.080 seconds
[2023-07-03T18:08:53.210+0000] {processor.py:157} INFO - Started process (PID=3911) to work on /home/airflow/.local/lib/python3.7/site-packages/airflow/example_dags/example_sensors.py
[2023-07-03T18:08:53.211+0000] {processor.py:826} INFO - Processing file /home/airflow/.local/lib/python3.7/site-packages/airflow/example_dags/example_sensors.py for tasks to queue
[2023-07-03T18:08:53.211+0000] {logging_mixin.py:149} INFO - [2023-07-03T18:08:53.211+0000] {dagbag.py:541} INFO - Filling up the DagBag from /home/airflow/.local/lib/python3.7/site-packages/airflow/example_dags/example_sensors.py
[2023-07-03T18:08:53.219+0000] {processor.py:836} INFO - DAG(s) dict_keys(['example_sensors']) retrieved from /home/airflow/.local/lib/python3.7/site-packages/airflow/example_dags/example_sensors.py
[2023-07-03T18:08:53.242+0000] {logging_mixin.py:149} INFO - [2023-07-03T18:08:53.242+0000] {dag.py:2726} INFO - Sync 1 DAGs
[2023-07-03T18:08:53.264+0000] {logging_mixin.py:149} INFO - [2023-07-03T18:08:53.264+0000] {dag.py:3490} INFO - Setting next_dagrun for example_sensors to None, run_after=None
[2023-07-03T18:08:53.281+0000] {processor.py:179} INFO - Processing /home/airflow/.local/lib/python3.7/site-packages/airflow/example_dags/example_sensors.py took 0.074 seconds
[2023-07-03T18:09:23.826+0000] {processor.py:157} INFO - Started process (PID=4160) to work on /home/airflow/.local/lib/python3.7/site-packages/airflow/example_dags/example_sensors.py
[2023-07-03T18:09:23.827+0000] {processor.py:826} INFO - Processing file /home/airflow/.local/lib/python3.7/site-packages/airflow/example_dags/example_sensors.py for tasks to queue
[2023-07-03T18:09:23.827+0000] {logging_mixin.py:149} INFO - [2023-07-03T18:09:23.827+0000] {dagbag.py:541} INFO - Filling up the DagBag from /home/airflow/.local/lib/python3.7/site-packages/airflow/example_dags/example_sensors.py
[2023-07-03T18:09:23.835+0000] {processor.py:836} INFO - DAG(s) dict_keys(['example_sensors']) retrieved from /home/airflow/.local/lib/python3.7/site-packages/airflow/example_dags/example_sensors.py
[2023-07-03T18:09:23.858+0000] {logging_mixin.py:149} INFO - [2023-07-03T18:09:23.858+0000] {dag.py:2726} INFO - Sync 1 DAGs
[2023-07-03T18:09:23.879+0000] {logging_mixin.py:149} INFO - [2023-07-03T18:09:23.879+0000] {dag.py:3490} INFO - Setting next_dagrun for example_sensors to None, run_after=None
[2023-07-03T18:09:23.895+0000] {processor.py:179} INFO - Processing /home/airflow/.local/lib/python3.7/site-packages/airflow/example_dags/example_sensors.py took 0.072 seconds
[2023-07-03T18:09:54.464+0000] {processor.py:157} INFO - Started process (PID=4407) to work on /home/airflow/.local/lib/python3.7/site-packages/airflow/example_dags/example_sensors.py
[2023-07-03T18:09:54.466+0000] {processor.py:826} INFO - Processing file /home/airflow/.local/lib/python3.7/site-packages/airflow/example_dags/example_sensors.py for tasks to queue
[2023-07-03T18:09:54.467+0000] {logging_mixin.py:149} INFO - [2023-07-03T18:09:54.467+0000] {dagbag.py:541} INFO - Filling up the DagBag from /home/airflow/.local/lib/python3.7/site-packages/airflow/example_dags/example_sensors.py
[2023-07-03T18:09:54.475+0000] {processor.py:836} INFO - DAG(s) dict_keys(['example_sensors']) retrieved from /home/airflow/.local/lib/python3.7/site-packages/airflow/example_dags/example_sensors.py
[2023-07-03T18:09:54.503+0000] {logging_mixin.py:149} INFO - [2023-07-03T18:09:54.503+0000] {dag.py:2726} INFO - Sync 1 DAGs
[2023-07-03T18:09:54.527+0000] {logging_mixin.py:149} INFO - [2023-07-03T18:09:54.527+0000] {dag.py:3490} INFO - Setting next_dagrun for example_sensors to None, run_after=None
[2023-07-03T18:09:54.545+0000] {processor.py:179} INFO - Processing /home/airflow/.local/lib/python3.7/site-packages/airflow/example_dags/example_sensors.py took 0.084 seconds
[2023-07-03T18:10:24.722+0000] {processor.py:157} INFO - Started process (PID=4656) to work on /home/airflow/.local/lib/python3.7/site-packages/airflow/example_dags/example_sensors.py
[2023-07-03T18:10:24.723+0000] {processor.py:826} INFO - Processing file /home/airflow/.local/lib/python3.7/site-packages/airflow/example_dags/example_sensors.py for tasks to queue
[2023-07-03T18:10:24.724+0000] {logging_mixin.py:149} INFO - [2023-07-03T18:10:24.724+0000] {dagbag.py:541} INFO - Filling up the DagBag from /home/airflow/.local/lib/python3.7/site-packages/airflow/example_dags/example_sensors.py
[2023-07-03T18:10:24.734+0000] {processor.py:836} INFO - DAG(s) dict_keys(['example_sensors']) retrieved from /home/airflow/.local/lib/python3.7/site-packages/airflow/example_dags/example_sensors.py
[2023-07-03T18:10:24.758+0000] {logging_mixin.py:149} INFO - [2023-07-03T18:10:24.758+0000] {dag.py:2726} INFO - Sync 1 DAGs
[2023-07-03T18:10:24.778+0000] {logging_mixin.py:149} INFO - [2023-07-03T18:10:24.778+0000] {dag.py:3490} INFO - Setting next_dagrun for example_sensors to None, run_after=None
[2023-07-03T18:10:24.796+0000] {processor.py:179} INFO - Processing /home/airflow/.local/lib/python3.7/site-packages/airflow/example_dags/example_sensors.py took 0.077 seconds
[2023-07-03T18:10:54.914+0000] {processor.py:157} INFO - Started process (PID=4905) to work on /home/airflow/.local/lib/python3.7/site-packages/airflow/example_dags/example_sensors.py
[2023-07-03T18:10:54.915+0000] {processor.py:826} INFO - Processing file /home/airflow/.local/lib/python3.7/site-packages/airflow/example_dags/example_sensors.py for tasks to queue
[2023-07-03T18:10:54.916+0000] {logging_mixin.py:149} INFO - [2023-07-03T18:10:54.916+0000] {dagbag.py:541} INFO - Filling up the DagBag from /home/airflow/.local/lib/python3.7/site-packages/airflow/example_dags/example_sensors.py
[2023-07-03T18:10:54.926+0000] {processor.py:836} INFO - DAG(s) dict_keys(['example_sensors']) retrieved from /home/airflow/.local/lib/python3.7/site-packages/airflow/example_dags/example_sensors.py
[2023-07-03T18:10:54.964+0000] {logging_mixin.py:149} INFO - [2023-07-03T18:10:54.964+0000] {dag.py:2726} INFO - Sync 1 DAGs
[2023-07-03T18:10:54.993+0000] {logging_mixin.py:149} INFO - [2023-07-03T18:10:54.993+0000] {dag.py:3490} INFO - Setting next_dagrun for example_sensors to None, run_after=None
[2023-07-03T18:10:55.014+0000] {processor.py:179} INFO - Processing /home/airflow/.local/lib/python3.7/site-packages/airflow/example_dags/example_sensors.py took 0.104 seconds
[2023-07-03T18:11:25.137+0000] {processor.py:157} INFO - Started process (PID=5156) to work on /home/airflow/.local/lib/python3.7/site-packages/airflow/example_dags/example_sensors.py
[2023-07-03T18:11:25.138+0000] {processor.py:826} INFO - Processing file /home/airflow/.local/lib/python3.7/site-packages/airflow/example_dags/example_sensors.py for tasks to queue
[2023-07-03T18:11:25.139+0000] {logging_mixin.py:149} INFO - [2023-07-03T18:11:25.138+0000] {dagbag.py:541} INFO - Filling up the DagBag from /home/airflow/.local/lib/python3.7/site-packages/airflow/example_dags/example_sensors.py
[2023-07-03T18:11:25.147+0000] {processor.py:836} INFO - DAG(s) dict_keys(['example_sensors']) retrieved from /home/airflow/.local/lib/python3.7/site-packages/airflow/example_dags/example_sensors.py
[2023-07-03T18:11:25.170+0000] {logging_mixin.py:149} INFO - [2023-07-03T18:11:25.170+0000] {dag.py:2726} INFO - Sync 1 DAGs
[2023-07-03T18:11:25.192+0000] {logging_mixin.py:149} INFO - [2023-07-03T18:11:25.191+0000] {dag.py:3490} INFO - Setting next_dagrun for example_sensors to None, run_after=None
[2023-07-03T18:11:25.210+0000] {processor.py:179} INFO - Processing /home/airflow/.local/lib/python3.7/site-packages/airflow/example_dags/example_sensors.py took 0.075 seconds
[2023-07-03T18:11:55.323+0000] {processor.py:157} INFO - Started process (PID=5405) to work on /home/airflow/.local/lib/python3.7/site-packages/airflow/example_dags/example_sensors.py
[2023-07-03T18:11:55.324+0000] {processor.py:826} INFO - Processing file /home/airflow/.local/lib/python3.7/site-packages/airflow/example_dags/example_sensors.py for tasks to queue
[2023-07-03T18:11:55.325+0000] {logging_mixin.py:149} INFO - [2023-07-03T18:11:55.325+0000] {dagbag.py:541} INFO - Filling up the DagBag from /home/airflow/.local/lib/python3.7/site-packages/airflow/example_dags/example_sensors.py
[2023-07-03T18:11:55.333+0000] {processor.py:836} INFO - DAG(s) dict_keys(['example_sensors']) retrieved from /home/airflow/.local/lib/python3.7/site-packages/airflow/example_dags/example_sensors.py
[2023-07-03T18:11:55.357+0000] {logging_mixin.py:149} INFO - [2023-07-03T18:11:55.357+0000] {dag.py:2726} INFO - Sync 1 DAGs
[2023-07-03T18:11:55.378+0000] {logging_mixin.py:149} INFO - [2023-07-03T18:11:55.378+0000] {dag.py:3490} INFO - Setting next_dagrun for example_sensors to None, run_after=None
[2023-07-03T18:11:55.395+0000] {processor.py:179} INFO - Processing /home/airflow/.local/lib/python3.7/site-packages/airflow/example_dags/example_sensors.py took 0.074 seconds
[2023-07-03T18:12:25.530+0000] {processor.py:157} INFO - Started process (PID=5652) to work on /home/airflow/.local/lib/python3.7/site-packages/airflow/example_dags/example_sensors.py
[2023-07-03T18:12:25.531+0000] {processor.py:826} INFO - Processing file /home/airflow/.local/lib/python3.7/site-packages/airflow/example_dags/example_sensors.py for tasks to queue
[2023-07-03T18:12:25.532+0000] {logging_mixin.py:149} INFO - [2023-07-03T18:12:25.532+0000] {dagbag.py:541} INFO - Filling up the DagBag from /home/airflow/.local/lib/python3.7/site-packages/airflow/example_dags/example_sensors.py
[2023-07-03T18:12:25.541+0000] {processor.py:836} INFO - DAG(s) dict_keys(['example_sensors']) retrieved from /home/airflow/.local/lib/python3.7/site-packages/airflow/example_dags/example_sensors.py
[2023-07-03T18:12:25.564+0000] {logging_mixin.py:149} INFO - [2023-07-03T18:12:25.564+0000] {dag.py:2726} INFO - Sync 1 DAGs
[2023-07-03T18:12:25.586+0000] {logging_mixin.py:149} INFO - [2023-07-03T18:12:25.586+0000] {dag.py:3490} INFO - Setting next_dagrun for example_sensors to None, run_after=None
[2023-07-03T18:12:25.604+0000] {processor.py:179} INFO - Processing /home/airflow/.local/lib/python3.7/site-packages/airflow/example_dags/example_sensors.py took 0.076 seconds
[2023-07-03T18:12:56.209+0000] {processor.py:157} INFO - Started process (PID=5903) to work on /home/airflow/.local/lib/python3.7/site-packages/airflow/example_dags/example_sensors.py
[2023-07-03T18:12:56.210+0000] {processor.py:826} INFO - Processing file /home/airflow/.local/lib/python3.7/site-packages/airflow/example_dags/example_sensors.py for tasks to queue
[2023-07-03T18:12:56.211+0000] {logging_mixin.py:149} INFO - [2023-07-03T18:12:56.211+0000] {dagbag.py:541} INFO - Filling up the DagBag from /home/airflow/.local/lib/python3.7/site-packages/airflow/example_dags/example_sensors.py
[2023-07-03T18:12:56.219+0000] {processor.py:836} INFO - DAG(s) dict_keys(['example_sensors']) retrieved from /home/airflow/.local/lib/python3.7/site-packages/airflow/example_dags/example_sensors.py
[2023-07-03T18:12:56.243+0000] {logging_mixin.py:149} INFO - [2023-07-03T18:12:56.243+0000] {dag.py:2726} INFO - Sync 1 DAGs
[2023-07-03T18:12:56.263+0000] {logging_mixin.py:149} INFO - [2023-07-03T18:12:56.263+0000] {dag.py:3490} INFO - Setting next_dagrun for example_sensors to None, run_after=None
[2023-07-03T18:12:56.280+0000] {processor.py:179} INFO - Processing /home/airflow/.local/lib/python3.7/site-packages/airflow/example_dags/example_sensors.py took 0.073 seconds
[2023-07-03T18:13:27.023+0000] {processor.py:157} INFO - Started process (PID=6150) to work on /home/airflow/.local/lib/python3.7/site-packages/airflow/example_dags/example_sensors.py
[2023-07-03T18:13:27.024+0000] {processor.py:826} INFO - Processing file /home/airflow/.local/lib/python3.7/site-packages/airflow/example_dags/example_sensors.py for tasks to queue
[2023-07-03T18:13:27.026+0000] {logging_mixin.py:149} INFO - [2023-07-03T18:13:27.025+0000] {dagbag.py:541} INFO - Filling up the DagBag from /home/airflow/.local/lib/python3.7/site-packages/airflow/example_dags/example_sensors.py
[2023-07-03T18:13:27.034+0000] {processor.py:836} INFO - DAG(s) dict_keys(['example_sensors']) retrieved from /home/airflow/.local/lib/python3.7/site-packages/airflow/example_dags/example_sensors.py
[2023-07-03T18:13:27.059+0000] {logging_mixin.py:149} INFO - [2023-07-03T18:13:27.059+0000] {dag.py:2726} INFO - Sync 1 DAGs
[2023-07-03T18:13:27.080+0000] {logging_mixin.py:149} INFO - [2023-07-03T18:13:27.080+0000] {dag.py:3490} INFO - Setting next_dagrun for example_sensors to None, run_after=None
[2023-07-03T18:13:27.097+0000] {processor.py:179} INFO - Processing /home/airflow/.local/lib/python3.7/site-packages/airflow/example_dags/example_sensors.py took 0.077 seconds
[2023-07-03T18:13:57.602+0000] {processor.py:157} INFO - Started process (PID=6399) to work on /home/airflow/.local/lib/python3.7/site-packages/airflow/example_dags/example_sensors.py
[2023-07-03T18:13:57.603+0000] {processor.py:826} INFO - Processing file /home/airflow/.local/lib/python3.7/site-packages/airflow/example_dags/example_sensors.py for tasks to queue
[2023-07-03T18:13:57.604+0000] {logging_mixin.py:149} INFO - [2023-07-03T18:13:57.604+0000] {dagbag.py:541} INFO - Filling up the DagBag from /home/airflow/.local/lib/python3.7/site-packages/airflow/example_dags/example_sensors.py
[2023-07-03T18:13:57.612+0000] {processor.py:836} INFO - DAG(s) dict_keys(['example_sensors']) retrieved from /home/airflow/.local/lib/python3.7/site-packages/airflow/example_dags/example_sensors.py
[2023-07-03T18:13:57.637+0000] {logging_mixin.py:149} INFO - [2023-07-03T18:13:57.636+0000] {dag.py:2726} INFO - Sync 1 DAGs
[2023-07-03T18:13:57.658+0000] {logging_mixin.py:149} INFO - [2023-07-03T18:13:57.658+0000] {dag.py:3490} INFO - Setting next_dagrun for example_sensors to None, run_after=None
[2023-07-03T18:13:57.676+0000] {processor.py:179} INFO - Processing /home/airflow/.local/lib/python3.7/site-packages/airflow/example_dags/example_sensors.py took 0.076 seconds
[2023-07-03T18:14:28.036+0000] {processor.py:157} INFO - Started process (PID=6648) to work on /home/airflow/.local/lib/python3.7/site-packages/airflow/example_dags/example_sensors.py
[2023-07-03T18:14:28.037+0000] {processor.py:826} INFO - Processing file /home/airflow/.local/lib/python3.7/site-packages/airflow/example_dags/example_sensors.py for tasks to queue
[2023-07-03T18:14:28.038+0000] {logging_mixin.py:149} INFO - [2023-07-03T18:14:28.038+0000] {dagbag.py:541} INFO - Filling up the DagBag from /home/airflow/.local/lib/python3.7/site-packages/airflow/example_dags/example_sensors.py
[2023-07-03T18:14:28.047+0000] {processor.py:836} INFO - DAG(s) dict_keys(['example_sensors']) retrieved from /home/airflow/.local/lib/python3.7/site-packages/airflow/example_dags/example_sensors.py
[2023-07-03T18:14:28.071+0000] {logging_mixin.py:149} INFO - [2023-07-03T18:14:28.071+0000] {dag.py:2726} INFO - Sync 1 DAGs
[2023-07-03T18:14:28.092+0000] {logging_mixin.py:149} INFO - [2023-07-03T18:14:28.092+0000] {dag.py:3490} INFO - Setting next_dagrun for example_sensors to None, run_after=None
[2023-07-03T18:14:28.110+0000] {processor.py:179} INFO - Processing /home/airflow/.local/lib/python3.7/site-packages/airflow/example_dags/example_sensors.py took 0.076 seconds
[2023-07-03T18:14:58.699+0000] {processor.py:157} INFO - Started process (PID=6897) to work on /home/airflow/.local/lib/python3.7/site-packages/airflow/example_dags/example_sensors.py
[2023-07-03T18:14:58.700+0000] {processor.py:826} INFO - Processing file /home/airflow/.local/lib/python3.7/site-packages/airflow/example_dags/example_sensors.py for tasks to queue
[2023-07-03T18:14:58.701+0000] {logging_mixin.py:149} INFO - [2023-07-03T18:14:58.701+0000] {dagbag.py:541} INFO - Filling up the DagBag from /home/airflow/.local/lib/python3.7/site-packages/airflow/example_dags/example_sensors.py
[2023-07-03T18:14:58.710+0000] {processor.py:836} INFO - DAG(s) dict_keys(['example_sensors']) retrieved from /home/airflow/.local/lib/python3.7/site-packages/airflow/example_dags/example_sensors.py
[2023-07-03T18:14:58.733+0000] {logging_mixin.py:149} INFO - [2023-07-03T18:14:58.733+0000] {dag.py:2726} INFO - Sync 1 DAGs
[2023-07-03T18:14:58.755+0000] {logging_mixin.py:149} INFO - [2023-07-03T18:14:58.755+0000] {dag.py:3490} INFO - Setting next_dagrun for example_sensors to None, run_after=None
[2023-07-03T18:14:58.772+0000] {processor.py:179} INFO - Processing /home/airflow/.local/lib/python3.7/site-packages/airflow/example_dags/example_sensors.py took 0.076 seconds
[2023-07-03T18:15:29.127+0000] {processor.py:157} INFO - Started process (PID=7146) to work on /home/airflow/.local/lib/python3.7/site-packages/airflow/example_dags/example_sensors.py
[2023-07-03T18:15:29.128+0000] {processor.py:826} INFO - Processing file /home/airflow/.local/lib/python3.7/site-packages/airflow/example_dags/example_sensors.py for tasks to queue
[2023-07-03T18:15:29.129+0000] {logging_mixin.py:149} INFO - [2023-07-03T18:15:29.129+0000] {dagbag.py:541} INFO - Filling up the DagBag from /home/airflow/.local/lib/python3.7/site-packages/airflow/example_dags/example_sensors.py
[2023-07-03T18:15:29.137+0000] {processor.py:836} INFO - DAG(s) dict_keys(['example_sensors']) retrieved from /home/airflow/.local/lib/python3.7/site-packages/airflow/example_dags/example_sensors.py
[2023-07-03T18:15:29.160+0000] {logging_mixin.py:149} INFO - [2023-07-03T18:15:29.160+0000] {dag.py:2726} INFO - Sync 1 DAGs
[2023-07-03T18:15:29.181+0000] {logging_mixin.py:149} INFO - [2023-07-03T18:15:29.181+0000] {dag.py:3490} INFO - Setting next_dagrun for example_sensors to None, run_after=None
[2023-07-03T18:15:29.198+0000] {processor.py:179} INFO - Processing /home/airflow/.local/lib/python3.7/site-packages/airflow/example_dags/example_sensors.py took 0.074 seconds
[2023-07-03T18:15:59.685+0000] {processor.py:157} INFO - Started process (PID=7395) to work on /home/airflow/.local/lib/python3.7/site-packages/airflow/example_dags/example_sensors.py
[2023-07-03T18:15:59.686+0000] {processor.py:826} INFO - Processing file /home/airflow/.local/lib/python3.7/site-packages/airflow/example_dags/example_sensors.py for tasks to queue
[2023-07-03T18:15:59.687+0000] {logging_mixin.py:149} INFO - [2023-07-03T18:15:59.687+0000] {dagbag.py:541} INFO - Filling up the DagBag from /home/airflow/.local/lib/python3.7/site-packages/airflow/example_dags/example_sensors.py
[2023-07-03T18:15:59.697+0000] {processor.py:836} INFO - DAG(s) dict_keys(['example_sensors']) retrieved from /home/airflow/.local/lib/python3.7/site-packages/airflow/example_dags/example_sensors.py
[2023-07-03T18:15:59.721+0000] {logging_mixin.py:149} INFO - [2023-07-03T18:15:59.721+0000] {dag.py:2726} INFO - Sync 1 DAGs
[2023-07-03T18:15:59.743+0000] {logging_mixin.py:149} INFO - [2023-07-03T18:15:59.743+0000] {dag.py:3490} INFO - Setting next_dagrun for example_sensors to None, run_after=None
[2023-07-03T18:15:59.763+0000] {processor.py:179} INFO - Processing /home/airflow/.local/lib/python3.7/site-packages/airflow/example_dags/example_sensors.py took 0.081 seconds
[2023-07-03T18:16:29.803+0000] {processor.py:157} INFO - Started process (PID=7644) to work on /home/airflow/.local/lib/python3.7/site-packages/airflow/example_dags/example_sensors.py
[2023-07-03T18:16:29.804+0000] {processor.py:826} INFO - Processing file /home/airflow/.local/lib/python3.7/site-packages/airflow/example_dags/example_sensors.py for tasks to queue
[2023-07-03T18:16:29.805+0000] {logging_mixin.py:149} INFO - [2023-07-03T18:16:29.805+0000] {dagbag.py:541} INFO - Filling up the DagBag from /home/airflow/.local/lib/python3.7/site-packages/airflow/example_dags/example_sensors.py
[2023-07-03T18:16:29.813+0000] {processor.py:836} INFO - DAG(s) dict_keys(['example_sensors']) retrieved from /home/airflow/.local/lib/python3.7/site-packages/airflow/example_dags/example_sensors.py
[2023-07-03T18:16:29.837+0000] {logging_mixin.py:149} INFO - [2023-07-03T18:16:29.837+0000] {dag.py:2726} INFO - Sync 1 DAGs
[2023-07-03T18:16:29.859+0000] {logging_mixin.py:149} INFO - [2023-07-03T18:16:29.859+0000] {dag.py:3490} INFO - Setting next_dagrun for example_sensors to None, run_after=None
[2023-07-03T18:16:29.876+0000] {processor.py:179} INFO - Processing /home/airflow/.local/lib/python3.7/site-packages/airflow/example_dags/example_sensors.py took 0.076 seconds
[2023-07-03T18:17:00.460+0000] {processor.py:157} INFO - Started process (PID=7894) to work on /home/airflow/.local/lib/python3.7/site-packages/airflow/example_dags/example_sensors.py
[2023-07-03T18:17:00.461+0000] {processor.py:826} INFO - Processing file /home/airflow/.local/lib/python3.7/site-packages/airflow/example_dags/example_sensors.py for tasks to queue
[2023-07-03T18:17:00.462+0000] {logging_mixin.py:149} INFO - [2023-07-03T18:17:00.461+0000] {dagbag.py:541} INFO - Filling up the DagBag from /home/airflow/.local/lib/python3.7/site-packages/airflow/example_dags/example_sensors.py
[2023-07-03T18:17:00.471+0000] {processor.py:836} INFO - DAG(s) dict_keys(['example_sensors']) retrieved from /home/airflow/.local/lib/python3.7/site-packages/airflow/example_dags/example_sensors.py
[2023-07-03T18:17:00.496+0000] {logging_mixin.py:149} INFO - [2023-07-03T18:17:00.496+0000] {dag.py:2726} INFO - Sync 1 DAGs
[2023-07-03T18:17:00.522+0000] {logging_mixin.py:149} INFO - [2023-07-03T18:17:00.521+0000] {dag.py:3490} INFO - Setting next_dagrun for example_sensors to None, run_after=None
[2023-07-03T18:17:00.541+0000] {processor.py:179} INFO - Processing /home/airflow/.local/lib/python3.7/site-packages/airflow/example_dags/example_sensors.py took 0.084 seconds
[2023-07-03T18:17:30.683+0000] {processor.py:157} INFO - Started process (PID=8143) to work on /home/airflow/.local/lib/python3.7/site-packages/airflow/example_dags/example_sensors.py
[2023-07-03T18:17:30.685+0000] {processor.py:826} INFO - Processing file /home/airflow/.local/lib/python3.7/site-packages/airflow/example_dags/example_sensors.py for tasks to queue
[2023-07-03T18:17:30.686+0000] {logging_mixin.py:149} INFO - [2023-07-03T18:17:30.686+0000] {dagbag.py:541} INFO - Filling up the DagBag from /home/airflow/.local/lib/python3.7/site-packages/airflow/example_dags/example_sensors.py
[2023-07-03T18:17:30.694+0000] {processor.py:836} INFO - DAG(s) dict_keys(['example_sensors']) retrieved from /home/airflow/.local/lib/python3.7/site-packages/airflow/example_dags/example_sensors.py
[2023-07-03T18:17:30.721+0000] {logging_mixin.py:149} INFO - [2023-07-03T18:17:30.721+0000] {dag.py:2726} INFO - Sync 1 DAGs
[2023-07-03T18:17:30.744+0000] {logging_mixin.py:149} INFO - [2023-07-03T18:17:30.744+0000] {dag.py:3490} INFO - Setting next_dagrun for example_sensors to None, run_after=None
[2023-07-03T18:17:30.764+0000] {processor.py:179} INFO - Processing /home/airflow/.local/lib/python3.7/site-packages/airflow/example_dags/example_sensors.py took 0.084 seconds
[2023-07-03T18:18:01.093+0000] {processor.py:157} INFO - Started process (PID=8392) to work on /home/airflow/.local/lib/python3.7/site-packages/airflow/example_dags/example_sensors.py
[2023-07-03T18:18:01.095+0000] {processor.py:826} INFO - Processing file /home/airflow/.local/lib/python3.7/site-packages/airflow/example_dags/example_sensors.py for tasks to queue
[2023-07-03T18:18:01.096+0000] {logging_mixin.py:149} INFO - [2023-07-03T18:18:01.095+0000] {dagbag.py:541} INFO - Filling up the DagBag from /home/airflow/.local/lib/python3.7/site-packages/airflow/example_dags/example_sensors.py
[2023-07-03T18:18:01.105+0000] {processor.py:836} INFO - DAG(s) dict_keys(['example_sensors']) retrieved from /home/airflow/.local/lib/python3.7/site-packages/airflow/example_dags/example_sensors.py
[2023-07-03T18:18:01.132+0000] {logging_mixin.py:149} INFO - [2023-07-03T18:18:01.132+0000] {dag.py:2726} INFO - Sync 1 DAGs
[2023-07-03T18:18:01.156+0000] {logging_mixin.py:149} INFO - [2023-07-03T18:18:01.155+0000] {dag.py:3490} INFO - Setting next_dagrun for example_sensors to None, run_after=None
[2023-07-03T18:18:01.175+0000] {processor.py:179} INFO - Processing /home/airflow/.local/lib/python3.7/site-packages/airflow/example_dags/example_sensors.py took 0.085 seconds
[2023-07-03T18:18:31.692+0000] {processor.py:157} INFO - Started process (PID=8641) to work on /home/airflow/.local/lib/python3.7/site-packages/airflow/example_dags/example_sensors.py
[2023-07-03T18:18:31.693+0000] {processor.py:826} INFO - Processing file /home/airflow/.local/lib/python3.7/site-packages/airflow/example_dags/example_sensors.py for tasks to queue
[2023-07-03T18:18:31.694+0000] {logging_mixin.py:149} INFO - [2023-07-03T18:18:31.694+0000] {dagbag.py:541} INFO - Filling up the DagBag from /home/airflow/.local/lib/python3.7/site-packages/airflow/example_dags/example_sensors.py
[2023-07-03T18:18:31.704+0000] {processor.py:836} INFO - DAG(s) dict_keys(['example_sensors']) retrieved from /home/airflow/.local/lib/python3.7/site-packages/airflow/example_dags/example_sensors.py
[2023-07-03T18:18:31.729+0000] {logging_mixin.py:149} INFO - [2023-07-03T18:18:31.729+0000] {dag.py:2726} INFO - Sync 1 DAGs
[2023-07-03T18:18:31.752+0000] {logging_mixin.py:149} INFO - [2023-07-03T18:18:31.752+0000] {dag.py:3490} INFO - Setting next_dagrun for example_sensors to None, run_after=None
[2023-07-03T18:18:31.770+0000] {processor.py:179} INFO - Processing /home/airflow/.local/lib/python3.7/site-packages/airflow/example_dags/example_sensors.py took 0.082 seconds
[2023-07-03T18:19:01.933+0000] {processor.py:157} INFO - Started process (PID=8890) to work on /home/airflow/.local/lib/python3.7/site-packages/airflow/example_dags/example_sensors.py
[2023-07-03T18:19:01.934+0000] {processor.py:826} INFO - Processing file /home/airflow/.local/lib/python3.7/site-packages/airflow/example_dags/example_sensors.py for tasks to queue
[2023-07-03T18:19:01.935+0000] {logging_mixin.py:149} INFO - [2023-07-03T18:19:01.935+0000] {dagbag.py:541} INFO - Filling up the DagBag from /home/airflow/.local/lib/python3.7/site-packages/airflow/example_dags/example_sensors.py
[2023-07-03T18:19:01.945+0000] {processor.py:836} INFO - DAG(s) dict_keys(['example_sensors']) retrieved from /home/airflow/.local/lib/python3.7/site-packages/airflow/example_dags/example_sensors.py
[2023-07-03T18:19:01.970+0000] {logging_mixin.py:149} INFO - [2023-07-03T18:19:01.970+0000] {dag.py:2726} INFO - Sync 1 DAGs
[2023-07-03T18:19:01.995+0000] {logging_mixin.py:149} INFO - [2023-07-03T18:19:01.995+0000] {dag.py:3490} INFO - Setting next_dagrun for example_sensors to None, run_after=None
[2023-07-03T18:19:02.016+0000] {processor.py:179} INFO - Processing /home/airflow/.local/lib/python3.7/site-packages/airflow/example_dags/example_sensors.py took 0.086 seconds
[2023-07-03T18:19:32.176+0000] {processor.py:157} INFO - Started process (PID=9139) to work on /home/airflow/.local/lib/python3.7/site-packages/airflow/example_dags/example_sensors.py
[2023-07-03T18:19:32.177+0000] {processor.py:826} INFO - Processing file /home/airflow/.local/lib/python3.7/site-packages/airflow/example_dags/example_sensors.py for tasks to queue
[2023-07-03T18:19:32.178+0000] {logging_mixin.py:149} INFO - [2023-07-03T18:19:32.178+0000] {dagbag.py:541} INFO - Filling up the DagBag from /home/airflow/.local/lib/python3.7/site-packages/airflow/example_dags/example_sensors.py
[2023-07-03T18:19:32.191+0000] {processor.py:836} INFO - DAG(s) dict_keys(['example_sensors']) retrieved from /home/airflow/.local/lib/python3.7/site-packages/airflow/example_dags/example_sensors.py
[2023-07-03T18:19:32.224+0000] {logging_mixin.py:149} INFO - [2023-07-03T18:19:32.224+0000] {dag.py:2726} INFO - Sync 1 DAGs
[2023-07-03T18:19:32.247+0000] {logging_mixin.py:149} INFO - [2023-07-03T18:19:32.247+0000] {dag.py:3490} INFO - Setting next_dagrun for example_sensors to None, run_after=None
[2023-07-03T18:19:32.264+0000] {processor.py:179} INFO - Processing /home/airflow/.local/lib/python3.7/site-packages/airflow/example_dags/example_sensors.py took 0.091 seconds
[2023-07-03T18:20:02.761+0000] {processor.py:157} INFO - Started process (PID=9388) to work on /home/airflow/.local/lib/python3.7/site-packages/airflow/example_dags/example_sensors.py
[2023-07-03T18:20:02.762+0000] {processor.py:826} INFO - Processing file /home/airflow/.local/lib/python3.7/site-packages/airflow/example_dags/example_sensors.py for tasks to queue
[2023-07-03T18:20:02.763+0000] {logging_mixin.py:149} INFO - [2023-07-03T18:20:02.763+0000] {dagbag.py:541} INFO - Filling up the DagBag from /home/airflow/.local/lib/python3.7/site-packages/airflow/example_dags/example_sensors.py
[2023-07-03T18:20:02.774+0000] {processor.py:836} INFO - DAG(s) dict_keys(['example_sensors']) retrieved from /home/airflow/.local/lib/python3.7/site-packages/airflow/example_dags/example_sensors.py
[2023-07-03T18:20:02.800+0000] {logging_mixin.py:149} INFO - [2023-07-03T18:20:02.800+0000] {dag.py:2726} INFO - Sync 1 DAGs
[2023-07-03T18:20:02.822+0000] {logging_mixin.py:149} INFO - [2023-07-03T18:20:02.822+0000] {dag.py:3490} INFO - Setting next_dagrun for example_sensors to None, run_after=None
[2023-07-03T18:20:02.837+0000] {processor.py:179} INFO - Processing /home/airflow/.local/lib/python3.7/site-packages/airflow/example_dags/example_sensors.py took 0.080 seconds
