[2023-07-03T18:01:16.144+0000] {processor.py:157} INFO - Started process (PID=247) to work on /home/airflow/.local/lib/python3.7/site-packages/airflow/example_dags/example_external_task_marker_dag.py
[2023-07-03T18:01:16.145+0000] {processor.py:826} INFO - Processing file /home/airflow/.local/lib/python3.7/site-packages/airflow/example_dags/example_external_task_marker_dag.py for tasks to queue
[2023-07-03T18:01:16.145+0000] {logging_mixin.py:149} INFO - [2023-07-03T18:01:16.145+0000] {dagbag.py:541} INFO - Filling up the DagBag from /home/airflow/.local/lib/python3.7/site-packages/airflow/example_dags/example_external_task_marker_dag.py
[2023-07-03T18:01:16.152+0000] {processor.py:836} INFO - DAG(s) dict_keys(['example_external_task_marker_child', 'example_external_task_marker_parent']) retrieved from /home/airflow/.local/lib/python3.7/site-packages/airflow/example_dags/example_external_task_marker_dag.py
[2023-07-03T18:01:16.164+0000] {logging_mixin.py:149} INFO - [2023-07-03T18:01:16.164+0000] {dag.py:2726} INFO - Sync 2 DAGs
[2023-07-03T18:01:16.188+0000] {logging_mixin.py:149} INFO - [2023-07-03T18:01:16.188+0000] {dag.py:3490} INFO - Setting next_dagrun for example_external_task_marker_child to None, run_after=None
[2023-07-03T18:01:16.191+0000] {logging_mixin.py:149} INFO - [2023-07-03T18:01:16.191+0000] {dag.py:3490} INFO - Setting next_dagrun for example_external_task_marker_parent to None, run_after=None
[2023-07-03T18:01:16.207+0000] {processor.py:179} INFO - Processing /home/airflow/.local/lib/python3.7/site-packages/airflow/example_dags/example_external_task_marker_dag.py took 0.067 seconds
[2023-07-03T18:01:46.283+0000] {processor.py:157} INFO - Started process (PID=493) to work on /home/airflow/.local/lib/python3.7/site-packages/airflow/example_dags/example_external_task_marker_dag.py
[2023-07-03T18:01:46.284+0000] {processor.py:826} INFO - Processing file /home/airflow/.local/lib/python3.7/site-packages/airflow/example_dags/example_external_task_marker_dag.py for tasks to queue
[2023-07-03T18:01:46.285+0000] {logging_mixin.py:149} INFO - [2023-07-03T18:01:46.285+0000] {dagbag.py:541} INFO - Filling up the DagBag from /home/airflow/.local/lib/python3.7/site-packages/airflow/example_dags/example_external_task_marker_dag.py
[2023-07-03T18:01:46.290+0000] {processor.py:836} INFO - DAG(s) dict_keys(['example_external_task_marker_parent', 'example_external_task_marker_child']) retrieved from /home/airflow/.local/lib/python3.7/site-packages/airflow/example_dags/example_external_task_marker_dag.py
[2023-07-03T18:01:46.313+0000] {logging_mixin.py:149} INFO - [2023-07-03T18:01:46.312+0000] {dag.py:2726} INFO - Sync 2 DAGs
[2023-07-03T18:01:46.334+0000] {logging_mixin.py:149} INFO - [2023-07-03T18:01:46.334+0000] {dag.py:3490} INFO - Setting next_dagrun for example_external_task_marker_child to None, run_after=None
[2023-07-03T18:01:46.338+0000] {logging_mixin.py:149} INFO - [2023-07-03T18:01:46.338+0000] {dag.py:3490} INFO - Setting next_dagrun for example_external_task_marker_parent to None, run_after=None
[2023-07-03T18:01:46.354+0000] {processor.py:179} INFO - Processing /home/airflow/.local/lib/python3.7/site-packages/airflow/example_dags/example_external_task_marker_dag.py took 0.074 seconds
[2023-07-03T18:02:16.511+0000] {processor.py:157} INFO - Started process (PID=741) to work on /home/airflow/.local/lib/python3.7/site-packages/airflow/example_dags/example_external_task_marker_dag.py
[2023-07-03T18:02:16.512+0000] {processor.py:826} INFO - Processing file /home/airflow/.local/lib/python3.7/site-packages/airflow/example_dags/example_external_task_marker_dag.py for tasks to queue
[2023-07-03T18:02:16.513+0000] {logging_mixin.py:149} INFO - [2023-07-03T18:02:16.512+0000] {dagbag.py:541} INFO - Filling up the DagBag from /home/airflow/.local/lib/python3.7/site-packages/airflow/example_dags/example_external_task_marker_dag.py
[2023-07-03T18:02:16.517+0000] {processor.py:836} INFO - DAG(s) dict_keys(['example_external_task_marker_parent', 'example_external_task_marker_child']) retrieved from /home/airflow/.local/lib/python3.7/site-packages/airflow/example_dags/example_external_task_marker_dag.py
[2023-07-03T18:02:16.541+0000] {logging_mixin.py:149} INFO - [2023-07-03T18:02:16.541+0000] {dag.py:2726} INFO - Sync 2 DAGs
[2023-07-03T18:02:16.562+0000] {logging_mixin.py:149} INFO - [2023-07-03T18:02:16.562+0000] {dag.py:3490} INFO - Setting next_dagrun for example_external_task_marker_child to None, run_after=None
[2023-07-03T18:02:16.566+0000] {logging_mixin.py:149} INFO - [2023-07-03T18:02:16.565+0000] {dag.py:3490} INFO - Setting next_dagrun for example_external_task_marker_parent to None, run_after=None
[2023-07-03T18:02:16.581+0000] {processor.py:179} INFO - Processing /home/airflow/.local/lib/python3.7/site-packages/airflow/example_dags/example_external_task_marker_dag.py took 0.073 seconds
[2023-07-03T18:02:46.701+0000] {processor.py:157} INFO - Started process (PID=990) to work on /home/airflow/.local/lib/python3.7/site-packages/airflow/example_dags/example_external_task_marker_dag.py
[2023-07-03T18:02:46.702+0000] {processor.py:826} INFO - Processing file /home/airflow/.local/lib/python3.7/site-packages/airflow/example_dags/example_external_task_marker_dag.py for tasks to queue
[2023-07-03T18:02:46.703+0000] {logging_mixin.py:149} INFO - [2023-07-03T18:02:46.702+0000] {dagbag.py:541} INFO - Filling up the DagBag from /home/airflow/.local/lib/python3.7/site-packages/airflow/example_dags/example_external_task_marker_dag.py
[2023-07-03T18:02:46.707+0000] {processor.py:836} INFO - DAG(s) dict_keys(['example_external_task_marker_parent', 'example_external_task_marker_child']) retrieved from /home/airflow/.local/lib/python3.7/site-packages/airflow/example_dags/example_external_task_marker_dag.py
[2023-07-03T18:02:46.731+0000] {logging_mixin.py:149} INFO - [2023-07-03T18:02:46.731+0000] {dag.py:2726} INFO - Sync 2 DAGs
[2023-07-03T18:02:46.752+0000] {logging_mixin.py:149} INFO - [2023-07-03T18:02:46.752+0000] {dag.py:3490} INFO - Setting next_dagrun for example_external_task_marker_child to None, run_after=None
[2023-07-03T18:02:46.755+0000] {logging_mixin.py:149} INFO - [2023-07-03T18:02:46.755+0000] {dag.py:3490} INFO - Setting next_dagrun for example_external_task_marker_parent to None, run_after=None
[2023-07-03T18:02:46.772+0000] {processor.py:179} INFO - Processing /home/airflow/.local/lib/python3.7/site-packages/airflow/example_dags/example_external_task_marker_dag.py took 0.074 seconds
[2023-07-03T18:03:16.890+0000] {processor.py:157} INFO - Started process (PID=1239) to work on /home/airflow/.local/lib/python3.7/site-packages/airflow/example_dags/example_external_task_marker_dag.py
[2023-07-03T18:03:16.891+0000] {processor.py:826} INFO - Processing file /home/airflow/.local/lib/python3.7/site-packages/airflow/example_dags/example_external_task_marker_dag.py for tasks to queue
[2023-07-03T18:03:16.892+0000] {logging_mixin.py:149} INFO - [2023-07-03T18:03:16.892+0000] {dagbag.py:541} INFO - Filling up the DagBag from /home/airflow/.local/lib/python3.7/site-packages/airflow/example_dags/example_external_task_marker_dag.py
[2023-07-03T18:03:16.897+0000] {processor.py:836} INFO - DAG(s) dict_keys(['example_external_task_marker_child', 'example_external_task_marker_parent']) retrieved from /home/airflow/.local/lib/python3.7/site-packages/airflow/example_dags/example_external_task_marker_dag.py
[2023-07-03T18:03:16.922+0000] {logging_mixin.py:149} INFO - [2023-07-03T18:03:16.922+0000] {dag.py:2726} INFO - Sync 2 DAGs
[2023-07-03T18:03:16.945+0000] {logging_mixin.py:149} INFO - [2023-07-03T18:03:16.945+0000] {dag.py:3490} INFO - Setting next_dagrun for example_external_task_marker_child to None, run_after=None
[2023-07-03T18:03:16.949+0000] {logging_mixin.py:149} INFO - [2023-07-03T18:03:16.949+0000] {dag.py:3490} INFO - Setting next_dagrun for example_external_task_marker_parent to None, run_after=None
[2023-07-03T18:03:16.965+0000] {processor.py:179} INFO - Processing /home/airflow/.local/lib/python3.7/site-packages/airflow/example_dags/example_external_task_marker_dag.py took 0.077 seconds
[2023-07-03T18:03:47.572+0000] {processor.py:157} INFO - Started process (PID=1488) to work on /home/airflow/.local/lib/python3.7/site-packages/airflow/example_dags/example_external_task_marker_dag.py
[2023-07-03T18:03:47.573+0000] {processor.py:826} INFO - Processing file /home/airflow/.local/lib/python3.7/site-packages/airflow/example_dags/example_external_task_marker_dag.py for tasks to queue
[2023-07-03T18:03:47.573+0000] {logging_mixin.py:149} INFO - [2023-07-03T18:03:47.573+0000] {dagbag.py:541} INFO - Filling up the DagBag from /home/airflow/.local/lib/python3.7/site-packages/airflow/example_dags/example_external_task_marker_dag.py
[2023-07-03T18:03:47.578+0000] {processor.py:836} INFO - DAG(s) dict_keys(['example_external_task_marker_parent', 'example_external_task_marker_child']) retrieved from /home/airflow/.local/lib/python3.7/site-packages/airflow/example_dags/example_external_task_marker_dag.py
[2023-07-03T18:03:47.602+0000] {logging_mixin.py:149} INFO - [2023-07-03T18:03:47.601+0000] {dag.py:2726} INFO - Sync 2 DAGs
[2023-07-03T18:03:47.622+0000] {logging_mixin.py:149} INFO - [2023-07-03T18:03:47.622+0000] {dag.py:3490} INFO - Setting next_dagrun for example_external_task_marker_child to None, run_after=None
[2023-07-03T18:03:47.626+0000] {logging_mixin.py:149} INFO - [2023-07-03T18:03:47.626+0000] {dag.py:3490} INFO - Setting next_dagrun for example_external_task_marker_parent to None, run_after=None
[2023-07-03T18:03:47.643+0000] {processor.py:179} INFO - Processing /home/airflow/.local/lib/python3.7/site-packages/airflow/example_dags/example_external_task_marker_dag.py took 0.073 seconds
[2023-07-03T18:04:18.248+0000] {processor.py:157} INFO - Started process (PID=1737) to work on /home/airflow/.local/lib/python3.7/site-packages/airflow/example_dags/example_external_task_marker_dag.py
[2023-07-03T18:04:18.249+0000] {processor.py:826} INFO - Processing file /home/airflow/.local/lib/python3.7/site-packages/airflow/example_dags/example_external_task_marker_dag.py for tasks to queue
[2023-07-03T18:04:18.250+0000] {logging_mixin.py:149} INFO - [2023-07-03T18:04:18.250+0000] {dagbag.py:541} INFO - Filling up the DagBag from /home/airflow/.local/lib/python3.7/site-packages/airflow/example_dags/example_external_task_marker_dag.py
[2023-07-03T18:04:18.255+0000] {processor.py:836} INFO - DAG(s) dict_keys(['example_external_task_marker_parent', 'example_external_task_marker_child']) retrieved from /home/airflow/.local/lib/python3.7/site-packages/airflow/example_dags/example_external_task_marker_dag.py
[2023-07-03T18:04:18.283+0000] {logging_mixin.py:149} INFO - [2023-07-03T18:04:18.282+0000] {dag.py:2726} INFO - Sync 2 DAGs
[2023-07-03T18:04:18.310+0000] {logging_mixin.py:149} INFO - [2023-07-03T18:04:18.310+0000] {dag.py:3490} INFO - Setting next_dagrun for example_external_task_marker_child to None, run_after=None
[2023-07-03T18:04:18.314+0000] {logging_mixin.py:149} INFO - [2023-07-03T18:04:18.314+0000] {dag.py:3490} INFO - Setting next_dagrun for example_external_task_marker_parent to None, run_after=None
[2023-07-03T18:04:18.331+0000] {processor.py:179} INFO - Processing /home/airflow/.local/lib/python3.7/site-packages/airflow/example_dags/example_external_task_marker_dag.py took 0.085 seconds
[2023-07-03T18:04:48.741+0000] {processor.py:157} INFO - Started process (PID=1986) to work on /home/airflow/.local/lib/python3.7/site-packages/airflow/example_dags/example_external_task_marker_dag.py
[2023-07-03T18:04:48.742+0000] {processor.py:826} INFO - Processing file /home/airflow/.local/lib/python3.7/site-packages/airflow/example_dags/example_external_task_marker_dag.py for tasks to queue
[2023-07-03T18:04:48.743+0000] {logging_mixin.py:149} INFO - [2023-07-03T18:04:48.743+0000] {dagbag.py:541} INFO - Filling up the DagBag from /home/airflow/.local/lib/python3.7/site-packages/airflow/example_dags/example_external_task_marker_dag.py
[2023-07-03T18:04:48.747+0000] {processor.py:836} INFO - DAG(s) dict_keys(['example_external_task_marker_child', 'example_external_task_marker_parent']) retrieved from /home/airflow/.local/lib/python3.7/site-packages/airflow/example_dags/example_external_task_marker_dag.py
[2023-07-03T18:04:48.770+0000] {logging_mixin.py:149} INFO - [2023-07-03T18:04:48.770+0000] {dag.py:2726} INFO - Sync 2 DAGs
[2023-07-03T18:04:48.793+0000] {logging_mixin.py:149} INFO - [2023-07-03T18:04:48.793+0000] {dag.py:3490} INFO - Setting next_dagrun for example_external_task_marker_child to None, run_after=None
[2023-07-03T18:04:48.796+0000] {logging_mixin.py:149} INFO - [2023-07-03T18:04:48.796+0000] {dag.py:3490} INFO - Setting next_dagrun for example_external_task_marker_parent to None, run_after=None
[2023-07-03T18:04:48.813+0000] {processor.py:179} INFO - Processing /home/airflow/.local/lib/python3.7/site-packages/airflow/example_dags/example_external_task_marker_dag.py took 0.075 seconds
[2023-07-03T18:05:19.439+0000] {processor.py:157} INFO - Started process (PID=2235) to work on /home/airflow/.local/lib/python3.7/site-packages/airflow/example_dags/example_external_task_marker_dag.py
[2023-07-03T18:05:19.440+0000] {processor.py:826} INFO - Processing file /home/airflow/.local/lib/python3.7/site-packages/airflow/example_dags/example_external_task_marker_dag.py for tasks to queue
[2023-07-03T18:05:19.441+0000] {logging_mixin.py:149} INFO - [2023-07-03T18:05:19.441+0000] {dagbag.py:541} INFO - Filling up the DagBag from /home/airflow/.local/lib/python3.7/site-packages/airflow/example_dags/example_external_task_marker_dag.py
[2023-07-03T18:05:19.445+0000] {processor.py:836} INFO - DAG(s) dict_keys(['example_external_task_marker_child', 'example_external_task_marker_parent']) retrieved from /home/airflow/.local/lib/python3.7/site-packages/airflow/example_dags/example_external_task_marker_dag.py
[2023-07-03T18:05:19.469+0000] {logging_mixin.py:149} INFO - [2023-07-03T18:05:19.469+0000] {dag.py:2726} INFO - Sync 2 DAGs
[2023-07-03T18:05:19.490+0000] {logging_mixin.py:149} INFO - [2023-07-03T18:05:19.490+0000] {dag.py:3490} INFO - Setting next_dagrun for example_external_task_marker_child to None, run_after=None
[2023-07-03T18:05:19.493+0000] {logging_mixin.py:149} INFO - [2023-07-03T18:05:19.493+0000] {dag.py:3490} INFO - Setting next_dagrun for example_external_task_marker_parent to None, run_after=None
[2023-07-03T18:05:19.510+0000] {processor.py:179} INFO - Processing /home/airflow/.local/lib/python3.7/site-packages/airflow/example_dags/example_external_task_marker_dag.py took 0.074 seconds
[2023-07-03T18:05:50.078+0000] {processor.py:157} INFO - Started process (PID=2484) to work on /home/airflow/.local/lib/python3.7/site-packages/airflow/example_dags/example_external_task_marker_dag.py
[2023-07-03T18:05:50.079+0000] {processor.py:826} INFO - Processing file /home/airflow/.local/lib/python3.7/site-packages/airflow/example_dags/example_external_task_marker_dag.py for tasks to queue
[2023-07-03T18:05:50.080+0000] {logging_mixin.py:149} INFO - [2023-07-03T18:05:50.080+0000] {dagbag.py:541} INFO - Filling up the DagBag from /home/airflow/.local/lib/python3.7/site-packages/airflow/example_dags/example_external_task_marker_dag.py
[2023-07-03T18:05:50.084+0000] {processor.py:836} INFO - DAG(s) dict_keys(['example_external_task_marker_parent', 'example_external_task_marker_child']) retrieved from /home/airflow/.local/lib/python3.7/site-packages/airflow/example_dags/example_external_task_marker_dag.py
[2023-07-03T18:05:50.109+0000] {logging_mixin.py:149} INFO - [2023-07-03T18:05:50.109+0000] {dag.py:2726} INFO - Sync 2 DAGs
[2023-07-03T18:05:50.132+0000] {logging_mixin.py:149} INFO - [2023-07-03T18:05:50.132+0000] {dag.py:3490} INFO - Setting next_dagrun for example_external_task_marker_child to None, run_after=None
[2023-07-03T18:05:50.135+0000] {logging_mixin.py:149} INFO - [2023-07-03T18:05:50.135+0000] {dag.py:3490} INFO - Setting next_dagrun for example_external_task_marker_parent to None, run_after=None
[2023-07-03T18:05:50.151+0000] {processor.py:179} INFO - Processing /home/airflow/.local/lib/python3.7/site-packages/airflow/example_dags/example_external_task_marker_dag.py took 0.077 seconds
[2023-07-03T18:06:20.826+0000] {processor.py:157} INFO - Started process (PID=2733) to work on /home/airflow/.local/lib/python3.7/site-packages/airflow/example_dags/example_external_task_marker_dag.py
[2023-07-03T18:06:20.827+0000] {processor.py:826} INFO - Processing file /home/airflow/.local/lib/python3.7/site-packages/airflow/example_dags/example_external_task_marker_dag.py for tasks to queue
[2023-07-03T18:06:20.828+0000] {logging_mixin.py:149} INFO - [2023-07-03T18:06:20.828+0000] {dagbag.py:541} INFO - Filling up the DagBag from /home/airflow/.local/lib/python3.7/site-packages/airflow/example_dags/example_external_task_marker_dag.py
[2023-07-03T18:06:20.833+0000] {processor.py:836} INFO - DAG(s) dict_keys(['example_external_task_marker_parent', 'example_external_task_marker_child']) retrieved from /home/airflow/.local/lib/python3.7/site-packages/airflow/example_dags/example_external_task_marker_dag.py
[2023-07-03T18:06:20.857+0000] {logging_mixin.py:149} INFO - [2023-07-03T18:06:20.857+0000] {dag.py:2726} INFO - Sync 2 DAGs
[2023-07-03T18:06:20.881+0000] {logging_mixin.py:149} INFO - [2023-07-03T18:06:20.881+0000] {dag.py:3490} INFO - Setting next_dagrun for example_external_task_marker_child to None, run_after=None
[2023-07-03T18:06:20.885+0000] {logging_mixin.py:149} INFO - [2023-07-03T18:06:20.885+0000] {dag.py:3490} INFO - Setting next_dagrun for example_external_task_marker_parent to None, run_after=None
[2023-07-03T18:06:20.903+0000] {processor.py:179} INFO - Processing /home/airflow/.local/lib/python3.7/site-packages/airflow/example_dags/example_external_task_marker_dag.py took 0.080 seconds
[2023-07-03T18:06:51.563+0000] {processor.py:157} INFO - Started process (PID=2982) to work on /home/airflow/.local/lib/python3.7/site-packages/airflow/example_dags/example_external_task_marker_dag.py
[2023-07-03T18:06:51.564+0000] {processor.py:826} INFO - Processing file /home/airflow/.local/lib/python3.7/site-packages/airflow/example_dags/example_external_task_marker_dag.py for tasks to queue
[2023-07-03T18:06:51.565+0000] {logging_mixin.py:149} INFO - [2023-07-03T18:06:51.565+0000] {dagbag.py:541} INFO - Filling up the DagBag from /home/airflow/.local/lib/python3.7/site-packages/airflow/example_dags/example_external_task_marker_dag.py
[2023-07-03T18:06:51.571+0000] {processor.py:836} INFO - DAG(s) dict_keys(['example_external_task_marker_parent', 'example_external_task_marker_child']) retrieved from /home/airflow/.local/lib/python3.7/site-packages/airflow/example_dags/example_external_task_marker_dag.py
[2023-07-03T18:06:51.597+0000] {logging_mixin.py:149} INFO - [2023-07-03T18:06:51.597+0000] {dag.py:2726} INFO - Sync 2 DAGs
[2023-07-03T18:06:51.620+0000] {logging_mixin.py:149} INFO - [2023-07-03T18:06:51.620+0000] {dag.py:3490} INFO - Setting next_dagrun for example_external_task_marker_child to None, run_after=None
[2023-07-03T18:06:51.624+0000] {logging_mixin.py:149} INFO - [2023-07-03T18:06:51.624+0000] {dag.py:3490} INFO - Setting next_dagrun for example_external_task_marker_parent to None, run_after=None
[2023-07-03T18:06:51.640+0000] {processor.py:179} INFO - Processing /home/airflow/.local/lib/python3.7/site-packages/airflow/example_dags/example_external_task_marker_dag.py took 0.081 seconds
[2023-07-03T18:07:22.286+0000] {processor.py:157} INFO - Started process (PID=3231) to work on /home/airflow/.local/lib/python3.7/site-packages/airflow/example_dags/example_external_task_marker_dag.py
[2023-07-03T18:07:22.287+0000] {processor.py:826} INFO - Processing file /home/airflow/.local/lib/python3.7/site-packages/airflow/example_dags/example_external_task_marker_dag.py for tasks to queue
[2023-07-03T18:07:22.288+0000] {logging_mixin.py:149} INFO - [2023-07-03T18:07:22.287+0000] {dagbag.py:541} INFO - Filling up the DagBag from /home/airflow/.local/lib/python3.7/site-packages/airflow/example_dags/example_external_task_marker_dag.py
[2023-07-03T18:07:22.292+0000] {processor.py:836} INFO - DAG(s) dict_keys(['example_external_task_marker_child', 'example_external_task_marker_parent']) retrieved from /home/airflow/.local/lib/python3.7/site-packages/airflow/example_dags/example_external_task_marker_dag.py
[2023-07-03T18:07:22.317+0000] {logging_mixin.py:149} INFO - [2023-07-03T18:07:22.317+0000] {dag.py:2726} INFO - Sync 2 DAGs
[2023-07-03T18:07:22.340+0000] {logging_mixin.py:149} INFO - [2023-07-03T18:07:22.339+0000] {dag.py:3490} INFO - Setting next_dagrun for example_external_task_marker_child to None, run_after=None
[2023-07-03T18:07:22.343+0000] {logging_mixin.py:149} INFO - [2023-07-03T18:07:22.343+0000] {dag.py:3490} INFO - Setting next_dagrun for example_external_task_marker_parent to None, run_after=None
[2023-07-03T18:07:22.362+0000] {processor.py:179} INFO - Processing /home/airflow/.local/lib/python3.7/site-packages/airflow/example_dags/example_external_task_marker_dag.py took 0.079 seconds
[2023-07-03T18:07:52.844+0000] {processor.py:157} INFO - Started process (PID=3481) to work on /home/airflow/.local/lib/python3.7/site-packages/airflow/example_dags/example_external_task_marker_dag.py
[2023-07-03T18:07:52.845+0000] {processor.py:826} INFO - Processing file /home/airflow/.local/lib/python3.7/site-packages/airflow/example_dags/example_external_task_marker_dag.py for tasks to queue
[2023-07-03T18:07:52.846+0000] {logging_mixin.py:149} INFO - [2023-07-03T18:07:52.846+0000] {dagbag.py:541} INFO - Filling up the DagBag from /home/airflow/.local/lib/python3.7/site-packages/airflow/example_dags/example_external_task_marker_dag.py
[2023-07-03T18:07:52.851+0000] {processor.py:836} INFO - DAG(s) dict_keys(['example_external_task_marker_parent', 'example_external_task_marker_child']) retrieved from /home/airflow/.local/lib/python3.7/site-packages/airflow/example_dags/example_external_task_marker_dag.py
[2023-07-03T18:07:52.877+0000] {logging_mixin.py:149} INFO - [2023-07-03T18:07:52.876+0000] {dag.py:2726} INFO - Sync 2 DAGs
[2023-07-03T18:07:52.904+0000] {logging_mixin.py:149} INFO - [2023-07-03T18:07:52.903+0000] {dag.py:3490} INFO - Setting next_dagrun for example_external_task_marker_child to None, run_after=None
[2023-07-03T18:07:52.907+0000] {logging_mixin.py:149} INFO - [2023-07-03T18:07:52.907+0000] {dag.py:3490} INFO - Setting next_dagrun for example_external_task_marker_parent to None, run_after=None
[2023-07-03T18:07:52.924+0000] {processor.py:179} INFO - Processing /home/airflow/.local/lib/python3.7/site-packages/airflow/example_dags/example_external_task_marker_dag.py took 0.082 seconds
[2023-07-03T18:08:23.312+0000] {processor.py:157} INFO - Started process (PID=3730) to work on /home/airflow/.local/lib/python3.7/site-packages/airflow/example_dags/example_external_task_marker_dag.py
[2023-07-03T18:08:23.314+0000] {processor.py:826} INFO - Processing file /home/airflow/.local/lib/python3.7/site-packages/airflow/example_dags/example_external_task_marker_dag.py for tasks to queue
[2023-07-03T18:08:23.315+0000] {logging_mixin.py:149} INFO - [2023-07-03T18:08:23.315+0000] {dagbag.py:541} INFO - Filling up the DagBag from /home/airflow/.local/lib/python3.7/site-packages/airflow/example_dags/example_external_task_marker_dag.py
[2023-07-03T18:08:23.320+0000] {processor.py:836} INFO - DAG(s) dict_keys(['example_external_task_marker_parent', 'example_external_task_marker_child']) retrieved from /home/airflow/.local/lib/python3.7/site-packages/airflow/example_dags/example_external_task_marker_dag.py
[2023-07-03T18:08:23.345+0000] {logging_mixin.py:149} INFO - [2023-07-03T18:08:23.345+0000] {dag.py:2726} INFO - Sync 2 DAGs
[2023-07-03T18:08:23.368+0000] {logging_mixin.py:149} INFO - [2023-07-03T18:08:23.368+0000] {dag.py:3490} INFO - Setting next_dagrun for example_external_task_marker_child to None, run_after=None
[2023-07-03T18:08:23.372+0000] {logging_mixin.py:149} INFO - [2023-07-03T18:08:23.372+0000] {dag.py:3490} INFO - Setting next_dagrun for example_external_task_marker_parent to None, run_after=None
[2023-07-03T18:08:23.390+0000] {processor.py:179} INFO - Processing /home/airflow/.local/lib/python3.7/site-packages/airflow/example_dags/example_external_task_marker_dag.py took 0.080 seconds
[2023-07-03T18:08:53.989+0000] {processor.py:157} INFO - Started process (PID=3981) to work on /home/airflow/.local/lib/python3.7/site-packages/airflow/example_dags/example_external_task_marker_dag.py
[2023-07-03T18:08:53.990+0000] {processor.py:826} INFO - Processing file /home/airflow/.local/lib/python3.7/site-packages/airflow/example_dags/example_external_task_marker_dag.py for tasks to queue
[2023-07-03T18:08:53.991+0000] {logging_mixin.py:149} INFO - [2023-07-03T18:08:53.991+0000] {dagbag.py:541} INFO - Filling up the DagBag from /home/airflow/.local/lib/python3.7/site-packages/airflow/example_dags/example_external_task_marker_dag.py
[2023-07-03T18:08:53.996+0000] {processor.py:836} INFO - DAG(s) dict_keys(['example_external_task_marker_child', 'example_external_task_marker_parent']) retrieved from /home/airflow/.local/lib/python3.7/site-packages/airflow/example_dags/example_external_task_marker_dag.py
[2023-07-03T18:08:54.019+0000] {logging_mixin.py:149} INFO - [2023-07-03T18:08:54.019+0000] {dag.py:2726} INFO - Sync 2 DAGs
[2023-07-03T18:08:54.039+0000] {logging_mixin.py:149} INFO - [2023-07-03T18:08:54.039+0000] {dag.py:3490} INFO - Setting next_dagrun for example_external_task_marker_child to None, run_after=None
[2023-07-03T18:08:54.043+0000] {logging_mixin.py:149} INFO - [2023-07-03T18:08:54.042+0000] {dag.py:3490} INFO - Setting next_dagrun for example_external_task_marker_parent to None, run_after=None
[2023-07-03T18:08:54.059+0000] {processor.py:179} INFO - Processing /home/airflow/.local/lib/python3.7/site-packages/airflow/example_dags/example_external_task_marker_dag.py took 0.073 seconds
[2023-07-03T18:09:24.544+0000] {processor.py:157} INFO - Started process (PID=4228) to work on /home/airflow/.local/lib/python3.7/site-packages/airflow/example_dags/example_external_task_marker_dag.py
[2023-07-03T18:09:24.545+0000] {processor.py:826} INFO - Processing file /home/airflow/.local/lib/python3.7/site-packages/airflow/example_dags/example_external_task_marker_dag.py for tasks to queue
[2023-07-03T18:09:24.546+0000] {logging_mixin.py:149} INFO - [2023-07-03T18:09:24.546+0000] {dagbag.py:541} INFO - Filling up the DagBag from /home/airflow/.local/lib/python3.7/site-packages/airflow/example_dags/example_external_task_marker_dag.py
[2023-07-03T18:09:24.551+0000] {processor.py:836} INFO - DAG(s) dict_keys(['example_external_task_marker_child', 'example_external_task_marker_parent']) retrieved from /home/airflow/.local/lib/python3.7/site-packages/airflow/example_dags/example_external_task_marker_dag.py
[2023-07-03T18:09:24.575+0000] {logging_mixin.py:149} INFO - [2023-07-03T18:09:24.575+0000] {dag.py:2726} INFO - Sync 2 DAGs
[2023-07-03T18:09:24.596+0000] {logging_mixin.py:149} INFO - [2023-07-03T18:09:24.595+0000] {dag.py:3490} INFO - Setting next_dagrun for example_external_task_marker_child to None, run_after=None
[2023-07-03T18:09:24.599+0000] {logging_mixin.py:149} INFO - [2023-07-03T18:09:24.598+0000] {dag.py:3490} INFO - Setting next_dagrun for example_external_task_marker_parent to None, run_after=None
[2023-07-03T18:09:24.615+0000] {processor.py:179} INFO - Processing /home/airflow/.local/lib/python3.7/site-packages/airflow/example_dags/example_external_task_marker_dag.py took 0.074 seconds
[2023-07-03T18:09:55.372+0000] {processor.py:157} INFO - Started process (PID=4479) to work on /home/airflow/.local/lib/python3.7/site-packages/airflow/example_dags/example_external_task_marker_dag.py
[2023-07-03T18:09:55.373+0000] {processor.py:826} INFO - Processing file /home/airflow/.local/lib/python3.7/site-packages/airflow/example_dags/example_external_task_marker_dag.py for tasks to queue
[2023-07-03T18:09:55.374+0000] {logging_mixin.py:149} INFO - [2023-07-03T18:09:55.374+0000] {dagbag.py:541} INFO - Filling up the DagBag from /home/airflow/.local/lib/python3.7/site-packages/airflow/example_dags/example_external_task_marker_dag.py
[2023-07-03T18:09:55.380+0000] {processor.py:836} INFO - DAG(s) dict_keys(['example_external_task_marker_child', 'example_external_task_marker_parent']) retrieved from /home/airflow/.local/lib/python3.7/site-packages/airflow/example_dags/example_external_task_marker_dag.py
[2023-07-03T18:09:55.407+0000] {logging_mixin.py:149} INFO - [2023-07-03T18:09:55.407+0000] {dag.py:2726} INFO - Sync 2 DAGs
[2023-07-03T18:09:55.430+0000] {logging_mixin.py:149} INFO - [2023-07-03T18:09:55.430+0000] {dag.py:3490} INFO - Setting next_dagrun for example_external_task_marker_child to None, run_after=None
[2023-07-03T18:09:55.433+0000] {logging_mixin.py:149} INFO - [2023-07-03T18:09:55.433+0000] {dag.py:3490} INFO - Setting next_dagrun for example_external_task_marker_parent to None, run_after=None
[2023-07-03T18:09:55.450+0000] {processor.py:179} INFO - Processing /home/airflow/.local/lib/python3.7/site-packages/airflow/example_dags/example_external_task_marker_dag.py took 0.081 seconds
[2023-07-03T18:10:25.580+0000] {processor.py:157} INFO - Started process (PID=4727) to work on /home/airflow/.local/lib/python3.7/site-packages/airflow/example_dags/example_external_task_marker_dag.py
[2023-07-03T18:10:25.581+0000] {processor.py:826} INFO - Processing file /home/airflow/.local/lib/python3.7/site-packages/airflow/example_dags/example_external_task_marker_dag.py for tasks to queue
[2023-07-03T18:10:25.582+0000] {logging_mixin.py:149} INFO - [2023-07-03T18:10:25.581+0000] {dagbag.py:541} INFO - Filling up the DagBag from /home/airflow/.local/lib/python3.7/site-packages/airflow/example_dags/example_external_task_marker_dag.py
[2023-07-03T18:10:25.586+0000] {processor.py:836} INFO - DAG(s) dict_keys(['example_external_task_marker_child', 'example_external_task_marker_parent']) retrieved from /home/airflow/.local/lib/python3.7/site-packages/airflow/example_dags/example_external_task_marker_dag.py
[2023-07-03T18:10:25.611+0000] {logging_mixin.py:149} INFO - [2023-07-03T18:10:25.611+0000] {dag.py:2726} INFO - Sync 2 DAGs
[2023-07-03T18:10:25.632+0000] {logging_mixin.py:149} INFO - [2023-07-03T18:10:25.632+0000] {dag.py:3490} INFO - Setting next_dagrun for example_external_task_marker_child to None, run_after=None
[2023-07-03T18:10:25.635+0000] {logging_mixin.py:149} INFO - [2023-07-03T18:10:25.635+0000] {dag.py:3490} INFO - Setting next_dagrun for example_external_task_marker_parent to None, run_after=None
[2023-07-03T18:10:25.652+0000] {processor.py:179} INFO - Processing /home/airflow/.local/lib/python3.7/site-packages/airflow/example_dags/example_external_task_marker_dag.py took 0.075 seconds
[2023-07-03T18:10:55.785+0000] {processor.py:157} INFO - Started process (PID=4975) to work on /home/airflow/.local/lib/python3.7/site-packages/airflow/example_dags/example_external_task_marker_dag.py
[2023-07-03T18:10:55.786+0000] {processor.py:826} INFO - Processing file /home/airflow/.local/lib/python3.7/site-packages/airflow/example_dags/example_external_task_marker_dag.py for tasks to queue
[2023-07-03T18:10:55.787+0000] {logging_mixin.py:149} INFO - [2023-07-03T18:10:55.787+0000] {dagbag.py:541} INFO - Filling up the DagBag from /home/airflow/.local/lib/python3.7/site-packages/airflow/example_dags/example_external_task_marker_dag.py
[2023-07-03T18:10:55.792+0000] {processor.py:836} INFO - DAG(s) dict_keys(['example_external_task_marker_parent', 'example_external_task_marker_child']) retrieved from /home/airflow/.local/lib/python3.7/site-packages/airflow/example_dags/example_external_task_marker_dag.py
[2023-07-03T18:10:55.817+0000] {logging_mixin.py:149} INFO - [2023-07-03T18:10:55.817+0000] {dag.py:2726} INFO - Sync 2 DAGs
[2023-07-03T18:10:55.840+0000] {logging_mixin.py:149} INFO - [2023-07-03T18:10:55.840+0000] {dag.py:3490} INFO - Setting next_dagrun for example_external_task_marker_child to None, run_after=None
[2023-07-03T18:10:55.843+0000] {logging_mixin.py:149} INFO - [2023-07-03T18:10:55.843+0000] {dag.py:3490} INFO - Setting next_dagrun for example_external_task_marker_parent to None, run_after=None
[2023-07-03T18:10:55.858+0000] {processor.py:179} INFO - Processing /home/airflow/.local/lib/python3.7/site-packages/airflow/example_dags/example_external_task_marker_dag.py took 0.076 seconds
[2023-07-03T18:11:26.092+0000] {processor.py:157} INFO - Started process (PID=5226) to work on /home/airflow/.local/lib/python3.7/site-packages/airflow/example_dags/example_external_task_marker_dag.py
[2023-07-03T18:11:26.093+0000] {processor.py:826} INFO - Processing file /home/airflow/.local/lib/python3.7/site-packages/airflow/example_dags/example_external_task_marker_dag.py for tasks to queue
[2023-07-03T18:11:26.094+0000] {logging_mixin.py:149} INFO - [2023-07-03T18:11:26.094+0000] {dagbag.py:541} INFO - Filling up the DagBag from /home/airflow/.local/lib/python3.7/site-packages/airflow/example_dags/example_external_task_marker_dag.py
[2023-07-03T18:11:26.099+0000] {processor.py:836} INFO - DAG(s) dict_keys(['example_external_task_marker_child', 'example_external_task_marker_parent']) retrieved from /home/airflow/.local/lib/python3.7/site-packages/airflow/example_dags/example_external_task_marker_dag.py
[2023-07-03T18:11:26.126+0000] {logging_mixin.py:149} INFO - [2023-07-03T18:11:26.126+0000] {dag.py:2726} INFO - Sync 2 DAGs
[2023-07-03T18:11:26.148+0000] {logging_mixin.py:149} INFO - [2023-07-03T18:11:26.148+0000] {dag.py:3490} INFO - Setting next_dagrun for example_external_task_marker_child to None, run_after=None
[2023-07-03T18:11:26.151+0000] {logging_mixin.py:149} INFO - [2023-07-03T18:11:26.151+0000] {dag.py:3490} INFO - Setting next_dagrun for example_external_task_marker_parent to None, run_after=None
[2023-07-03T18:11:26.167+0000] {processor.py:179} INFO - Processing /home/airflow/.local/lib/python3.7/site-packages/airflow/example_dags/example_external_task_marker_dag.py took 0.078 seconds
[2023-07-03T18:11:56.224+0000] {processor.py:157} INFO - Started process (PID=5475) to work on /home/airflow/.local/lib/python3.7/site-packages/airflow/example_dags/example_external_task_marker_dag.py
[2023-07-03T18:11:56.225+0000] {processor.py:826} INFO - Processing file /home/airflow/.local/lib/python3.7/site-packages/airflow/example_dags/example_external_task_marker_dag.py for tasks to queue
[2023-07-03T18:11:56.226+0000] {logging_mixin.py:149} INFO - [2023-07-03T18:11:56.226+0000] {dagbag.py:541} INFO - Filling up the DagBag from /home/airflow/.local/lib/python3.7/site-packages/airflow/example_dags/example_external_task_marker_dag.py
[2023-07-03T18:11:56.230+0000] {processor.py:836} INFO - DAG(s) dict_keys(['example_external_task_marker_child', 'example_external_task_marker_parent']) retrieved from /home/airflow/.local/lib/python3.7/site-packages/airflow/example_dags/example_external_task_marker_dag.py
[2023-07-03T18:11:56.254+0000] {logging_mixin.py:149} INFO - [2023-07-03T18:11:56.254+0000] {dag.py:2726} INFO - Sync 2 DAGs
[2023-07-03T18:11:56.276+0000] {logging_mixin.py:149} INFO - [2023-07-03T18:11:56.276+0000] {dag.py:3490} INFO - Setting next_dagrun for example_external_task_marker_child to None, run_after=None
[2023-07-03T18:11:56.280+0000] {logging_mixin.py:149} INFO - [2023-07-03T18:11:56.280+0000] {dag.py:3490} INFO - Setting next_dagrun for example_external_task_marker_parent to None, run_after=None
[2023-07-03T18:11:56.298+0000] {processor.py:179} INFO - Processing /home/airflow/.local/lib/python3.7/site-packages/airflow/example_dags/example_external_task_marker_dag.py took 0.077 seconds
[2023-07-03T18:12:26.388+0000] {processor.py:157} INFO - Started process (PID=5724) to work on /home/airflow/.local/lib/python3.7/site-packages/airflow/example_dags/example_external_task_marker_dag.py
[2023-07-03T18:12:26.389+0000] {processor.py:826} INFO - Processing file /home/airflow/.local/lib/python3.7/site-packages/airflow/example_dags/example_external_task_marker_dag.py for tasks to queue
[2023-07-03T18:12:26.390+0000] {logging_mixin.py:149} INFO - [2023-07-03T18:12:26.390+0000] {dagbag.py:541} INFO - Filling up the DagBag from /home/airflow/.local/lib/python3.7/site-packages/airflow/example_dags/example_external_task_marker_dag.py
[2023-07-03T18:12:26.396+0000] {processor.py:836} INFO - DAG(s) dict_keys(['example_external_task_marker_child', 'example_external_task_marker_parent']) retrieved from /home/airflow/.local/lib/python3.7/site-packages/airflow/example_dags/example_external_task_marker_dag.py
[2023-07-03T18:12:26.420+0000] {logging_mixin.py:149} INFO - [2023-07-03T18:12:26.420+0000] {dag.py:2726} INFO - Sync 2 DAGs
[2023-07-03T18:12:26.443+0000] {logging_mixin.py:149} INFO - [2023-07-03T18:12:26.443+0000] {dag.py:3490} INFO - Setting next_dagrun for example_external_task_marker_child to None, run_after=None
[2023-07-03T18:12:26.446+0000] {logging_mixin.py:149} INFO - [2023-07-03T18:12:26.446+0000] {dag.py:3490} INFO - Setting next_dagrun for example_external_task_marker_parent to None, run_after=None
[2023-07-03T18:12:26.467+0000] {processor.py:179} INFO - Processing /home/airflow/.local/lib/python3.7/site-packages/airflow/example_dags/example_external_task_marker_dag.py took 0.082 seconds
[2023-07-03T18:12:57.065+0000] {processor.py:157} INFO - Started process (PID=5972) to work on /home/airflow/.local/lib/python3.7/site-packages/airflow/example_dags/example_external_task_marker_dag.py
[2023-07-03T18:12:57.066+0000] {processor.py:826} INFO - Processing file /home/airflow/.local/lib/python3.7/site-packages/airflow/example_dags/example_external_task_marker_dag.py for tasks to queue
[2023-07-03T18:12:57.067+0000] {logging_mixin.py:149} INFO - [2023-07-03T18:12:57.067+0000] {dagbag.py:541} INFO - Filling up the DagBag from /home/airflow/.local/lib/python3.7/site-packages/airflow/example_dags/example_external_task_marker_dag.py
[2023-07-03T18:12:57.072+0000] {processor.py:836} INFO - DAG(s) dict_keys(['example_external_task_marker_parent', 'example_external_task_marker_child']) retrieved from /home/airflow/.local/lib/python3.7/site-packages/airflow/example_dags/example_external_task_marker_dag.py
[2023-07-03T18:12:57.095+0000] {logging_mixin.py:149} INFO - [2023-07-03T18:12:57.094+0000] {dag.py:2726} INFO - Sync 2 DAGs
[2023-07-03T18:12:57.116+0000] {logging_mixin.py:149} INFO - [2023-07-03T18:12:57.116+0000] {dag.py:3490} INFO - Setting next_dagrun for example_external_task_marker_child to None, run_after=None
[2023-07-03T18:12:57.120+0000] {logging_mixin.py:149} INFO - [2023-07-03T18:12:57.120+0000] {dag.py:3490} INFO - Setting next_dagrun for example_external_task_marker_parent to None, run_after=None
[2023-07-03T18:12:57.137+0000] {processor.py:179} INFO - Processing /home/airflow/.local/lib/python3.7/site-packages/airflow/example_dags/example_external_task_marker_dag.py took 0.074 seconds
[2023-07-03T18:13:27.657+0000] {processor.py:157} INFO - Started process (PID=6220) to work on /home/airflow/.local/lib/python3.7/site-packages/airflow/example_dags/example_external_task_marker_dag.py
[2023-07-03T18:13:27.658+0000] {processor.py:826} INFO - Processing file /home/airflow/.local/lib/python3.7/site-packages/airflow/example_dags/example_external_task_marker_dag.py for tasks to queue
[2023-07-03T18:13:27.659+0000] {logging_mixin.py:149} INFO - [2023-07-03T18:13:27.659+0000] {dagbag.py:541} INFO - Filling up the DagBag from /home/airflow/.local/lib/python3.7/site-packages/airflow/example_dags/example_external_task_marker_dag.py
[2023-07-03T18:13:27.665+0000] {processor.py:836} INFO - DAG(s) dict_keys(['example_external_task_marker_child', 'example_external_task_marker_parent']) retrieved from /home/airflow/.local/lib/python3.7/site-packages/airflow/example_dags/example_external_task_marker_dag.py
[2023-07-03T18:13:27.688+0000] {logging_mixin.py:149} INFO - [2023-07-03T18:13:27.688+0000] {dag.py:2726} INFO - Sync 2 DAGs
[2023-07-03T18:13:27.711+0000] {logging_mixin.py:149} INFO - [2023-07-03T18:13:27.710+0000] {dag.py:3490} INFO - Setting next_dagrun for example_external_task_marker_child to None, run_after=None
[2023-07-03T18:13:27.714+0000] {logging_mixin.py:149} INFO - [2023-07-03T18:13:27.714+0000] {dag.py:3490} INFO - Setting next_dagrun for example_external_task_marker_parent to None, run_after=None
[2023-07-03T18:13:27.731+0000] {processor.py:179} INFO - Processing /home/airflow/.local/lib/python3.7/site-packages/airflow/example_dags/example_external_task_marker_dag.py took 0.076 seconds
[2023-07-03T18:13:58.224+0000] {processor.py:157} INFO - Started process (PID=6469) to work on /home/airflow/.local/lib/python3.7/site-packages/airflow/example_dags/example_external_task_marker_dag.py
[2023-07-03T18:13:58.225+0000] {processor.py:826} INFO - Processing file /home/airflow/.local/lib/python3.7/site-packages/airflow/example_dags/example_external_task_marker_dag.py for tasks to queue
[2023-07-03T18:13:58.225+0000] {logging_mixin.py:149} INFO - [2023-07-03T18:13:58.225+0000] {dagbag.py:541} INFO - Filling up the DagBag from /home/airflow/.local/lib/python3.7/site-packages/airflow/example_dags/example_external_task_marker_dag.py
[2023-07-03T18:13:58.230+0000] {processor.py:836} INFO - DAG(s) dict_keys(['example_external_task_marker_parent', 'example_external_task_marker_child']) retrieved from /home/airflow/.local/lib/python3.7/site-packages/airflow/example_dags/example_external_task_marker_dag.py
[2023-07-03T18:13:58.255+0000] {logging_mixin.py:149} INFO - [2023-07-03T18:13:58.255+0000] {dag.py:2726} INFO - Sync 2 DAGs
[2023-07-03T18:13:58.276+0000] {logging_mixin.py:149} INFO - [2023-07-03T18:13:58.276+0000] {dag.py:3490} INFO - Setting next_dagrun for example_external_task_marker_child to None, run_after=None
[2023-07-03T18:13:58.280+0000] {logging_mixin.py:149} INFO - [2023-07-03T18:13:58.280+0000] {dag.py:3490} INFO - Setting next_dagrun for example_external_task_marker_parent to None, run_after=None
[2023-07-03T18:13:58.298+0000] {processor.py:179} INFO - Processing /home/airflow/.local/lib/python3.7/site-packages/airflow/example_dags/example_external_task_marker_dag.py took 0.077 seconds
[2023-07-03T18:14:28.803+0000] {processor.py:157} INFO - Started process (PID=6718) to work on /home/airflow/.local/lib/python3.7/site-packages/airflow/example_dags/example_external_task_marker_dag.py
[2023-07-03T18:14:28.804+0000] {processor.py:826} INFO - Processing file /home/airflow/.local/lib/python3.7/site-packages/airflow/example_dags/example_external_task_marker_dag.py for tasks to queue
[2023-07-03T18:14:28.805+0000] {logging_mixin.py:149} INFO - [2023-07-03T18:14:28.805+0000] {dagbag.py:541} INFO - Filling up the DagBag from /home/airflow/.local/lib/python3.7/site-packages/airflow/example_dags/example_external_task_marker_dag.py
[2023-07-03T18:14:28.810+0000] {processor.py:836} INFO - DAG(s) dict_keys(['example_external_task_marker_parent', 'example_external_task_marker_child']) retrieved from /home/airflow/.local/lib/python3.7/site-packages/airflow/example_dags/example_external_task_marker_dag.py
[2023-07-03T18:14:28.833+0000] {logging_mixin.py:149} INFO - [2023-07-03T18:14:28.833+0000] {dag.py:2726} INFO - Sync 2 DAGs
[2023-07-03T18:14:28.854+0000] {logging_mixin.py:149} INFO - [2023-07-03T18:14:28.854+0000] {dag.py:3490} INFO - Setting next_dagrun for example_external_task_marker_child to None, run_after=None
[2023-07-03T18:14:28.858+0000] {logging_mixin.py:149} INFO - [2023-07-03T18:14:28.857+0000] {dag.py:3490} INFO - Setting next_dagrun for example_external_task_marker_parent to None, run_after=None
[2023-07-03T18:14:28.873+0000] {processor.py:179} INFO - Processing /home/airflow/.local/lib/python3.7/site-packages/airflow/example_dags/example_external_task_marker_dag.py took 0.072 seconds
[2023-07-03T18:14:59.316+0000] {processor.py:157} INFO - Started process (PID=6967) to work on /home/airflow/.local/lib/python3.7/site-packages/airflow/example_dags/example_external_task_marker_dag.py
[2023-07-03T18:14:59.317+0000] {processor.py:826} INFO - Processing file /home/airflow/.local/lib/python3.7/site-packages/airflow/example_dags/example_external_task_marker_dag.py for tasks to queue
[2023-07-03T18:14:59.318+0000] {logging_mixin.py:149} INFO - [2023-07-03T18:14:59.318+0000] {dagbag.py:541} INFO - Filling up the DagBag from /home/airflow/.local/lib/python3.7/site-packages/airflow/example_dags/example_external_task_marker_dag.py
[2023-07-03T18:14:59.323+0000] {processor.py:836} INFO - DAG(s) dict_keys(['example_external_task_marker_child', 'example_external_task_marker_parent']) retrieved from /home/airflow/.local/lib/python3.7/site-packages/airflow/example_dags/example_external_task_marker_dag.py
[2023-07-03T18:14:59.347+0000] {logging_mixin.py:149} INFO - [2023-07-03T18:14:59.347+0000] {dag.py:2726} INFO - Sync 2 DAGs
[2023-07-03T18:14:59.369+0000] {logging_mixin.py:149} INFO - [2023-07-03T18:14:59.369+0000] {dag.py:3490} INFO - Setting next_dagrun for example_external_task_marker_child to None, run_after=None
[2023-07-03T18:14:59.372+0000] {logging_mixin.py:149} INFO - [2023-07-03T18:14:59.372+0000] {dag.py:3490} INFO - Setting next_dagrun for example_external_task_marker_parent to None, run_after=None
[2023-07-03T18:14:59.390+0000] {processor.py:179} INFO - Processing /home/airflow/.local/lib/python3.7/site-packages/airflow/example_dags/example_external_task_marker_dag.py took 0.077 seconds
[2023-07-03T18:15:29.847+0000] {processor.py:157} INFO - Started process (PID=7216) to work on /home/airflow/.local/lib/python3.7/site-packages/airflow/example_dags/example_external_task_marker_dag.py
[2023-07-03T18:15:29.847+0000] {processor.py:826} INFO - Processing file /home/airflow/.local/lib/python3.7/site-packages/airflow/example_dags/example_external_task_marker_dag.py for tasks to queue
[2023-07-03T18:15:29.848+0000] {logging_mixin.py:149} INFO - [2023-07-03T18:15:29.848+0000] {dagbag.py:541} INFO - Filling up the DagBag from /home/airflow/.local/lib/python3.7/site-packages/airflow/example_dags/example_external_task_marker_dag.py
[2023-07-03T18:15:29.853+0000] {processor.py:836} INFO - DAG(s) dict_keys(['example_external_task_marker_parent', 'example_external_task_marker_child']) retrieved from /home/airflow/.local/lib/python3.7/site-packages/airflow/example_dags/example_external_task_marker_dag.py
[2023-07-03T18:15:29.879+0000] {logging_mixin.py:149} INFO - [2023-07-03T18:15:29.878+0000] {dag.py:2726} INFO - Sync 2 DAGs
[2023-07-03T18:15:29.902+0000] {logging_mixin.py:149} INFO - [2023-07-03T18:15:29.901+0000] {dag.py:3490} INFO - Setting next_dagrun for example_external_task_marker_child to None, run_after=None
[2023-07-03T18:15:29.904+0000] {logging_mixin.py:149} INFO - [2023-07-03T18:15:29.904+0000] {dag.py:3490} INFO - Setting next_dagrun for example_external_task_marker_parent to None, run_after=None
[2023-07-03T18:15:29.920+0000] {processor.py:179} INFO - Processing /home/airflow/.local/lib/python3.7/site-packages/airflow/example_dags/example_external_task_marker_dag.py took 0.077 seconds
[2023-07-03T18:16:00.470+0000] {processor.py:157} INFO - Started process (PID=7465) to work on /home/airflow/.local/lib/python3.7/site-packages/airflow/example_dags/example_external_task_marker_dag.py
[2023-07-03T18:16:00.471+0000] {processor.py:826} INFO - Processing file /home/airflow/.local/lib/python3.7/site-packages/airflow/example_dags/example_external_task_marker_dag.py for tasks to queue
[2023-07-03T18:16:00.472+0000] {logging_mixin.py:149} INFO - [2023-07-03T18:16:00.472+0000] {dagbag.py:541} INFO - Filling up the DagBag from /home/airflow/.local/lib/python3.7/site-packages/airflow/example_dags/example_external_task_marker_dag.py
[2023-07-03T18:16:00.477+0000] {processor.py:836} INFO - DAG(s) dict_keys(['example_external_task_marker_parent', 'example_external_task_marker_child']) retrieved from /home/airflow/.local/lib/python3.7/site-packages/airflow/example_dags/example_external_task_marker_dag.py
[2023-07-03T18:16:00.504+0000] {logging_mixin.py:149} INFO - [2023-07-03T18:16:00.504+0000] {dag.py:2726} INFO - Sync 2 DAGs
[2023-07-03T18:16:00.526+0000] {logging_mixin.py:149} INFO - [2023-07-03T18:16:00.526+0000] {dag.py:3490} INFO - Setting next_dagrun for example_external_task_marker_child to None, run_after=None
[2023-07-03T18:16:00.530+0000] {logging_mixin.py:149} INFO - [2023-07-03T18:16:00.530+0000] {dag.py:3490} INFO - Setting next_dagrun for example_external_task_marker_parent to None, run_after=None
[2023-07-03T18:16:00.546+0000] {processor.py:179} INFO - Processing /home/airflow/.local/lib/python3.7/site-packages/airflow/example_dags/example_external_task_marker_dag.py took 0.078 seconds
[2023-07-03T18:16:30.637+0000] {processor.py:157} INFO - Started process (PID=7714) to work on /home/airflow/.local/lib/python3.7/site-packages/airflow/example_dags/example_external_task_marker_dag.py
[2023-07-03T18:16:30.638+0000] {processor.py:826} INFO - Processing file /home/airflow/.local/lib/python3.7/site-packages/airflow/example_dags/example_external_task_marker_dag.py for tasks to queue
[2023-07-03T18:16:30.639+0000] {logging_mixin.py:149} INFO - [2023-07-03T18:16:30.639+0000] {dagbag.py:541} INFO - Filling up the DagBag from /home/airflow/.local/lib/python3.7/site-packages/airflow/example_dags/example_external_task_marker_dag.py
[2023-07-03T18:16:30.644+0000] {processor.py:836} INFO - DAG(s) dict_keys(['example_external_task_marker_parent', 'example_external_task_marker_child']) retrieved from /home/airflow/.local/lib/python3.7/site-packages/airflow/example_dags/example_external_task_marker_dag.py
[2023-07-03T18:16:30.668+0000] {logging_mixin.py:149} INFO - [2023-07-03T18:16:30.668+0000] {dag.py:2726} INFO - Sync 2 DAGs
[2023-07-03T18:16:30.690+0000] {logging_mixin.py:149} INFO - [2023-07-03T18:16:30.690+0000] {dag.py:3490} INFO - Setting next_dagrun for example_external_task_marker_child to None, run_after=None
[2023-07-03T18:16:30.694+0000] {logging_mixin.py:149} INFO - [2023-07-03T18:16:30.694+0000] {dag.py:3490} INFO - Setting next_dagrun for example_external_task_marker_parent to None, run_after=None
[2023-07-03T18:16:30.711+0000] {processor.py:179} INFO - Processing /home/airflow/.local/lib/python3.7/site-packages/airflow/example_dags/example_external_task_marker_dag.py took 0.077 seconds
[2023-07-03T18:17:01.164+0000] {processor.py:157} INFO - Started process (PID=7964) to work on /home/airflow/.local/lib/python3.7/site-packages/airflow/example_dags/example_external_task_marker_dag.py
[2023-07-03T18:17:01.165+0000] {processor.py:826} INFO - Processing file /home/airflow/.local/lib/python3.7/site-packages/airflow/example_dags/example_external_task_marker_dag.py for tasks to queue
[2023-07-03T18:17:01.166+0000] {logging_mixin.py:149} INFO - [2023-07-03T18:17:01.165+0000] {dagbag.py:541} INFO - Filling up the DagBag from /home/airflow/.local/lib/python3.7/site-packages/airflow/example_dags/example_external_task_marker_dag.py
[2023-07-03T18:17:01.171+0000] {processor.py:836} INFO - DAG(s) dict_keys(['example_external_task_marker_child', 'example_external_task_marker_parent']) retrieved from /home/airflow/.local/lib/python3.7/site-packages/airflow/example_dags/example_external_task_marker_dag.py
[2023-07-03T18:17:01.202+0000] {logging_mixin.py:149} INFO - [2023-07-03T18:17:01.202+0000] {dag.py:2726} INFO - Sync 2 DAGs
[2023-07-03T18:17:01.229+0000] {logging_mixin.py:149} INFO - [2023-07-03T18:17:01.229+0000] {dag.py:3490} INFO - Setting next_dagrun for example_external_task_marker_child to None, run_after=None
[2023-07-03T18:17:01.234+0000] {logging_mixin.py:149} INFO - [2023-07-03T18:17:01.234+0000] {dag.py:3490} INFO - Setting next_dagrun for example_external_task_marker_parent to None, run_after=None
[2023-07-03T18:17:01.259+0000] {processor.py:179} INFO - Processing /home/airflow/.local/lib/python3.7/site-packages/airflow/example_dags/example_external_task_marker_dag.py took 0.098 seconds
[2023-07-03T18:17:31.388+0000] {processor.py:157} INFO - Started process (PID=8213) to work on /home/airflow/.local/lib/python3.7/site-packages/airflow/example_dags/example_external_task_marker_dag.py
[2023-07-03T18:17:31.389+0000] {processor.py:826} INFO - Processing file /home/airflow/.local/lib/python3.7/site-packages/airflow/example_dags/example_external_task_marker_dag.py for tasks to queue
[2023-07-03T18:17:31.390+0000] {logging_mixin.py:149} INFO - [2023-07-03T18:17:31.390+0000] {dagbag.py:541} INFO - Filling up the DagBag from /home/airflow/.local/lib/python3.7/site-packages/airflow/example_dags/example_external_task_marker_dag.py
[2023-07-03T18:17:31.395+0000] {processor.py:836} INFO - DAG(s) dict_keys(['example_external_task_marker_parent', 'example_external_task_marker_child']) retrieved from /home/airflow/.local/lib/python3.7/site-packages/airflow/example_dags/example_external_task_marker_dag.py
[2023-07-03T18:17:31.423+0000] {logging_mixin.py:149} INFO - [2023-07-03T18:17:31.422+0000] {dag.py:2726} INFO - Sync 2 DAGs
[2023-07-03T18:17:31.448+0000] {logging_mixin.py:149} INFO - [2023-07-03T18:17:31.448+0000] {dag.py:3490} INFO - Setting next_dagrun for example_external_task_marker_child to None, run_after=None
[2023-07-03T18:17:31.452+0000] {logging_mixin.py:149} INFO - [2023-07-03T18:17:31.452+0000] {dag.py:3490} INFO - Setting next_dagrun for example_external_task_marker_parent to None, run_after=None
[2023-07-03T18:17:31.471+0000] {processor.py:179} INFO - Processing /home/airflow/.local/lib/python3.7/site-packages/airflow/example_dags/example_external_task_marker_dag.py took 0.086 seconds
[2023-07-03T18:18:02.021+0000] {processor.py:157} INFO - Started process (PID=8462) to work on /home/airflow/.local/lib/python3.7/site-packages/airflow/example_dags/example_external_task_marker_dag.py
[2023-07-03T18:18:02.028+0000] {processor.py:826} INFO - Processing file /home/airflow/.local/lib/python3.7/site-packages/airflow/example_dags/example_external_task_marker_dag.py for tasks to queue
[2023-07-03T18:18:02.029+0000] {logging_mixin.py:149} INFO - [2023-07-03T18:18:02.029+0000] {dagbag.py:541} INFO - Filling up the DagBag from /home/airflow/.local/lib/python3.7/site-packages/airflow/example_dags/example_external_task_marker_dag.py
[2023-07-03T18:18:02.036+0000] {processor.py:836} INFO - DAG(s) dict_keys(['example_external_task_marker_parent', 'example_external_task_marker_child']) retrieved from /home/airflow/.local/lib/python3.7/site-packages/airflow/example_dags/example_external_task_marker_dag.py
[2023-07-03T18:18:02.070+0000] {logging_mixin.py:149} INFO - [2023-07-03T18:18:02.070+0000] {dag.py:2726} INFO - Sync 2 DAGs
[2023-07-03T18:18:02.107+0000] {logging_mixin.py:149} INFO - [2023-07-03T18:18:02.106+0000] {dag.py:3490} INFO - Setting next_dagrun for example_external_task_marker_child to None, run_after=None
[2023-07-03T18:18:02.113+0000] {logging_mixin.py:149} INFO - [2023-07-03T18:18:02.112+0000] {dag.py:3490} INFO - Setting next_dagrun for example_external_task_marker_parent to None, run_after=None
[2023-07-03T18:18:02.134+0000] {processor.py:179} INFO - Processing /home/airflow/.local/lib/python3.7/site-packages/airflow/example_dags/example_external_task_marker_dag.py took 0.116 seconds
[2023-07-03T18:18:32.424+0000] {processor.py:157} INFO - Started process (PID=8711) to work on /home/airflow/.local/lib/python3.7/site-packages/airflow/example_dags/example_external_task_marker_dag.py
[2023-07-03T18:18:32.425+0000] {processor.py:826} INFO - Processing file /home/airflow/.local/lib/python3.7/site-packages/airflow/example_dags/example_external_task_marker_dag.py for tasks to queue
[2023-07-03T18:18:32.426+0000] {logging_mixin.py:149} INFO - [2023-07-03T18:18:32.426+0000] {dagbag.py:541} INFO - Filling up the DagBag from /home/airflow/.local/lib/python3.7/site-packages/airflow/example_dags/example_external_task_marker_dag.py
[2023-07-03T18:18:32.431+0000] {processor.py:836} INFO - DAG(s) dict_keys(['example_external_task_marker_parent', 'example_external_task_marker_child']) retrieved from /home/airflow/.local/lib/python3.7/site-packages/airflow/example_dags/example_external_task_marker_dag.py
[2023-07-03T18:18:32.459+0000] {logging_mixin.py:149} INFO - [2023-07-03T18:18:32.459+0000] {dag.py:2726} INFO - Sync 2 DAGs
[2023-07-03T18:18:32.488+0000] {logging_mixin.py:149} INFO - [2023-07-03T18:18:32.487+0000] {dag.py:3490} INFO - Setting next_dagrun for example_external_task_marker_child to None, run_after=None
[2023-07-03T18:18:32.492+0000] {logging_mixin.py:149} INFO - [2023-07-03T18:18:32.492+0000] {dag.py:3490} INFO - Setting next_dagrun for example_external_task_marker_parent to None, run_after=None
[2023-07-03T18:18:32.516+0000] {processor.py:179} INFO - Processing /home/airflow/.local/lib/python3.7/site-packages/airflow/example_dags/example_external_task_marker_dag.py took 0.095 seconds
[2023-07-03T18:19:02.669+0000] {processor.py:157} INFO - Started process (PID=8960) to work on /home/airflow/.local/lib/python3.7/site-packages/airflow/example_dags/example_external_task_marker_dag.py
[2023-07-03T18:19:02.670+0000] {processor.py:826} INFO - Processing file /home/airflow/.local/lib/python3.7/site-packages/airflow/example_dags/example_external_task_marker_dag.py for tasks to queue
[2023-07-03T18:19:02.671+0000] {logging_mixin.py:149} INFO - [2023-07-03T18:19:02.671+0000] {dagbag.py:541} INFO - Filling up the DagBag from /home/airflow/.local/lib/python3.7/site-packages/airflow/example_dags/example_external_task_marker_dag.py
[2023-07-03T18:19:02.677+0000] {processor.py:836} INFO - DAG(s) dict_keys(['example_external_task_marker_parent', 'example_external_task_marker_child']) retrieved from /home/airflow/.local/lib/python3.7/site-packages/airflow/example_dags/example_external_task_marker_dag.py
[2023-07-03T18:19:02.704+0000] {logging_mixin.py:149} INFO - [2023-07-03T18:19:02.704+0000] {dag.py:2726} INFO - Sync 2 DAGs
[2023-07-03T18:19:02.730+0000] {logging_mixin.py:149} INFO - [2023-07-03T18:19:02.730+0000] {dag.py:3490} INFO - Setting next_dagrun for example_external_task_marker_child to None, run_after=None
[2023-07-03T18:19:02.734+0000] {logging_mixin.py:149} INFO - [2023-07-03T18:19:02.734+0000] {dag.py:3490} INFO - Setting next_dagrun for example_external_task_marker_parent to None, run_after=None
[2023-07-03T18:19:02.752+0000] {processor.py:179} INFO - Processing /home/airflow/.local/lib/python3.7/site-packages/airflow/example_dags/example_external_task_marker_dag.py took 0.086 seconds
[2023-07-03T18:19:32.894+0000] {processor.py:157} INFO - Started process (PID=9209) to work on /home/airflow/.local/lib/python3.7/site-packages/airflow/example_dags/example_external_task_marker_dag.py
[2023-07-03T18:19:32.895+0000] {processor.py:826} INFO - Processing file /home/airflow/.local/lib/python3.7/site-packages/airflow/example_dags/example_external_task_marker_dag.py for tasks to queue
[2023-07-03T18:19:32.896+0000] {logging_mixin.py:149} INFO - [2023-07-03T18:19:32.896+0000] {dagbag.py:541} INFO - Filling up the DagBag from /home/airflow/.local/lib/python3.7/site-packages/airflow/example_dags/example_external_task_marker_dag.py
[2023-07-03T18:19:32.903+0000] {processor.py:836} INFO - DAG(s) dict_keys(['example_external_task_marker_child', 'example_external_task_marker_parent']) retrieved from /home/airflow/.local/lib/python3.7/site-packages/airflow/example_dags/example_external_task_marker_dag.py
[2023-07-03T18:19:32.931+0000] {logging_mixin.py:149} INFO - [2023-07-03T18:19:32.930+0000] {dag.py:2726} INFO - Sync 2 DAGs
[2023-07-03T18:19:32.959+0000] {logging_mixin.py:149} INFO - [2023-07-03T18:19:32.959+0000] {dag.py:3490} INFO - Setting next_dagrun for example_external_task_marker_child to None, run_after=None
[2023-07-03T18:19:32.962+0000] {logging_mixin.py:149} INFO - [2023-07-03T18:19:32.962+0000] {dag.py:3490} INFO - Setting next_dagrun for example_external_task_marker_parent to None, run_after=None
[2023-07-03T18:19:32.980+0000] {processor.py:179} INFO - Processing /home/airflow/.local/lib/python3.7/site-packages/airflow/example_dags/example_external_task_marker_dag.py took 0.089 seconds
[2023-07-03T18:20:03.485+0000] {processor.py:157} INFO - Started process (PID=9458) to work on /home/airflow/.local/lib/python3.7/site-packages/airflow/example_dags/example_external_task_marker_dag.py
[2023-07-03T18:20:03.487+0000] {processor.py:826} INFO - Processing file /home/airflow/.local/lib/python3.7/site-packages/airflow/example_dags/example_external_task_marker_dag.py for tasks to queue
[2023-07-03T18:20:03.487+0000] {logging_mixin.py:149} INFO - [2023-07-03T18:20:03.487+0000] {dagbag.py:541} INFO - Filling up the DagBag from /home/airflow/.local/lib/python3.7/site-packages/airflow/example_dags/example_external_task_marker_dag.py
[2023-07-03T18:20:03.493+0000] {processor.py:836} INFO - DAG(s) dict_keys(['example_external_task_marker_child', 'example_external_task_marker_parent']) retrieved from /home/airflow/.local/lib/python3.7/site-packages/airflow/example_dags/example_external_task_marker_dag.py
[2023-07-03T18:20:03.519+0000] {logging_mixin.py:149} INFO - [2023-07-03T18:20:03.518+0000] {dag.py:2726} INFO - Sync 2 DAGs
[2023-07-03T18:20:03.550+0000] {logging_mixin.py:149} INFO - [2023-07-03T18:20:03.550+0000] {dag.py:3490} INFO - Setting next_dagrun for example_external_task_marker_child to None, run_after=None
[2023-07-03T18:20:03.554+0000] {logging_mixin.py:149} INFO - [2023-07-03T18:20:03.553+0000] {dag.py:3490} INFO - Setting next_dagrun for example_external_task_marker_parent to None, run_after=None
[2023-07-03T18:20:03.571+0000] {processor.py:179} INFO - Processing /home/airflow/.local/lib/python3.7/site-packages/airflow/example_dags/example_external_task_marker_dag.py took 0.089 seconds
