[2023-07-03T18:01:17.859+0000] {processor.py:157} INFO - Started process (PID=357) to work on /home/airflow/.local/lib/python3.7/site-packages/airflow/example_dags/example_subdag_operator.py
[2023-07-03T18:01:17.860+0000] {processor.py:826} INFO - Processing file /home/airflow/.local/lib/python3.7/site-packages/airflow/example_dags/example_subdag_operator.py for tasks to queue
[2023-07-03T18:01:17.860+0000] {logging_mixin.py:149} INFO - [2023-07-03T18:01:17.860+0000] {dagbag.py:541} INFO - Filling up the DagBag from /home/airflow/.local/lib/python3.7/site-packages/airflow/example_dags/example_subdag_operator.py
[2023-07-03T18:01:17.882+0000] {processor.py:836} INFO - DAG(s) dict_keys(['example_subdag_operator.section-1', 'example_subdag_operator.section-2', 'example_subdag_operator']) retrieved from /home/airflow/.local/lib/python3.7/site-packages/airflow/example_dags/example_subdag_operator.py
[2023-07-03T18:01:17.885+0000] {logging_mixin.py:149} INFO - [2023-07-03T18:01:17.885+0000] {dag.py:2726} INFO - Sync 3 DAGs
[2023-07-03T18:01:17.909+0000] {logging_mixin.py:149} INFO - [2023-07-03T18:01:17.909+0000] {dag.py:3490} INFO - Setting next_dagrun for example_subdag_operator to 2022-01-01T00:00:00+00:00, run_after=2022-01-01T00:00:00+00:00
[2023-07-03T18:01:17.912+0000] {logging_mixin.py:149} INFO - [2023-07-03T18:01:17.912+0000] {dag.py:3490} INFO - Setting next_dagrun for example_subdag_operator.section-1 to None, run_after=None
[2023-07-03T18:01:17.914+0000] {logging_mixin.py:149} INFO - [2023-07-03T18:01:17.914+0000] {dag.py:3490} INFO - Setting next_dagrun for example_subdag_operator.section-2 to None, run_after=None
[2023-07-03T18:01:17.921+0000] {logging_mixin.py:149} INFO - [2023-07-03T18:01:17.921+0000] {dag.py:2726} INFO - Sync 2 DAGs
[2023-07-03T18:01:17.926+0000] {logging_mixin.py:149} INFO - [2023-07-03T18:01:17.926+0000] {dag.py:3490} INFO - Setting next_dagrun for example_subdag_operator.section-1 to None, run_after=None
[2023-07-03T18:01:17.927+0000] {logging_mixin.py:149} INFO - [2023-07-03T18:01:17.927+0000] {dag.py:3490} INFO - Setting next_dagrun for example_subdag_operator.section-2 to None, run_after=None
[2023-07-03T18:01:17.938+0000] {processor.py:179} INFO - Processing /home/airflow/.local/lib/python3.7/site-packages/airflow/example_dags/example_subdag_operator.py took 0.083 seconds
[2023-07-03T18:01:48.065+0000] {processor.py:157} INFO - Started process (PID=601) to work on /home/airflow/.local/lib/python3.7/site-packages/airflow/example_dags/example_subdag_operator.py
[2023-07-03T18:01:48.066+0000] {processor.py:826} INFO - Processing file /home/airflow/.local/lib/python3.7/site-packages/airflow/example_dags/example_subdag_operator.py for tasks to queue
[2023-07-03T18:01:48.067+0000] {logging_mixin.py:149} INFO - [2023-07-03T18:01:48.067+0000] {dagbag.py:541} INFO - Filling up the DagBag from /home/airflow/.local/lib/python3.7/site-packages/airflow/example_dags/example_subdag_operator.py
[2023-07-03T18:01:48.087+0000] {processor.py:836} INFO - DAG(s) dict_keys(['example_subdag_operator.section-1', 'example_subdag_operator.section-2', 'example_subdag_operator']) retrieved from /home/airflow/.local/lib/python3.7/site-packages/airflow/example_dags/example_subdag_operator.py
[2023-07-03T18:01:48.104+0000] {logging_mixin.py:149} INFO - [2023-07-03T18:01:48.104+0000] {dag.py:2726} INFO - Sync 3 DAGs
[2023-07-03T18:01:48.125+0000] {logging_mixin.py:149} INFO - [2023-07-03T18:01:48.125+0000] {dag.py:3490} INFO - Setting next_dagrun for example_subdag_operator to 2022-01-01T00:00:00+00:00, run_after=2022-01-01T00:00:00+00:00
[2023-07-03T18:01:48.128+0000] {logging_mixin.py:149} INFO - [2023-07-03T18:01:48.128+0000] {dag.py:3490} INFO - Setting next_dagrun for example_subdag_operator.section-1 to None, run_after=None
[2023-07-03T18:01:48.130+0000] {logging_mixin.py:149} INFO - [2023-07-03T18:01:48.130+0000] {dag.py:3490} INFO - Setting next_dagrun for example_subdag_operator.section-2 to None, run_after=None
[2023-07-03T18:01:48.137+0000] {logging_mixin.py:149} INFO - [2023-07-03T18:01:48.137+0000] {dag.py:2726} INFO - Sync 2 DAGs
[2023-07-03T18:01:48.143+0000] {logging_mixin.py:149} INFO - [2023-07-03T18:01:48.143+0000] {dag.py:3490} INFO - Setting next_dagrun for example_subdag_operator.section-1 to None, run_after=None
[2023-07-03T18:01:48.144+0000] {logging_mixin.py:149} INFO - [2023-07-03T18:01:48.144+0000] {dag.py:3490} INFO - Setting next_dagrun for example_subdag_operator.section-2 to None, run_after=None
[2023-07-03T18:01:48.156+0000] {processor.py:179} INFO - Processing /home/airflow/.local/lib/python3.7/site-packages/airflow/example_dags/example_subdag_operator.py took 0.094 seconds
[2023-07-03T18:02:19.158+0000] {processor.py:157} INFO - Started process (PID=856) to work on /home/airflow/.local/lib/python3.7/site-packages/airflow/example_dags/example_subdag_operator.py
[2023-07-03T18:02:19.159+0000] {processor.py:826} INFO - Processing file /home/airflow/.local/lib/python3.7/site-packages/airflow/example_dags/example_subdag_operator.py for tasks to queue
[2023-07-03T18:02:19.160+0000] {logging_mixin.py:149} INFO - [2023-07-03T18:02:19.160+0000] {dagbag.py:541} INFO - Filling up the DagBag from /home/airflow/.local/lib/python3.7/site-packages/airflow/example_dags/example_subdag_operator.py
[2023-07-03T18:02:19.181+0000] {processor.py:836} INFO - DAG(s) dict_keys(['example_subdag_operator.section-1', 'example_subdag_operator.section-2', 'example_subdag_operator']) retrieved from /home/airflow/.local/lib/python3.7/site-packages/airflow/example_dags/example_subdag_operator.py
[2023-07-03T18:02:19.197+0000] {logging_mixin.py:149} INFO - [2023-07-03T18:02:19.197+0000] {dag.py:2726} INFO - Sync 3 DAGs
[2023-07-03T18:02:19.220+0000] {logging_mixin.py:149} INFO - [2023-07-03T18:02:19.220+0000] {dag.py:3490} INFO - Setting next_dagrun for example_subdag_operator to 2022-01-01T00:00:00+00:00, run_after=2022-01-01T00:00:00+00:00
[2023-07-03T18:02:19.224+0000] {logging_mixin.py:149} INFO - [2023-07-03T18:02:19.223+0000] {dag.py:3490} INFO - Setting next_dagrun for example_subdag_operator.section-1 to None, run_after=None
[2023-07-03T18:02:19.225+0000] {logging_mixin.py:149} INFO - [2023-07-03T18:02:19.225+0000] {dag.py:3490} INFO - Setting next_dagrun for example_subdag_operator.section-2 to None, run_after=None
[2023-07-03T18:02:19.232+0000] {logging_mixin.py:149} INFO - [2023-07-03T18:02:19.232+0000] {dag.py:2726} INFO - Sync 2 DAGs
[2023-07-03T18:02:19.237+0000] {logging_mixin.py:149} INFO - [2023-07-03T18:02:19.237+0000] {dag.py:3490} INFO - Setting next_dagrun for example_subdag_operator.section-1 to None, run_after=None
[2023-07-03T18:02:19.238+0000] {logging_mixin.py:149} INFO - [2023-07-03T18:02:19.238+0000] {dag.py:3490} INFO - Setting next_dagrun for example_subdag_operator.section-2 to None, run_after=None
[2023-07-03T18:02:19.249+0000] {processor.py:179} INFO - Processing /home/airflow/.local/lib/python3.7/site-packages/airflow/example_dags/example_subdag_operator.py took 0.094 seconds
[2023-07-03T18:02:49.506+0000] {processor.py:157} INFO - Started process (PID=1104) to work on /home/airflow/.local/lib/python3.7/site-packages/airflow/example_dags/example_subdag_operator.py
[2023-07-03T18:02:49.508+0000] {processor.py:826} INFO - Processing file /home/airflow/.local/lib/python3.7/site-packages/airflow/example_dags/example_subdag_operator.py for tasks to queue
[2023-07-03T18:02:49.509+0000] {logging_mixin.py:149} INFO - [2023-07-03T18:02:49.508+0000] {dagbag.py:541} INFO - Filling up the DagBag from /home/airflow/.local/lib/python3.7/site-packages/airflow/example_dags/example_subdag_operator.py
[2023-07-03T18:02:49.532+0000] {processor.py:836} INFO - DAG(s) dict_keys(['example_subdag_operator.section-1', 'example_subdag_operator.section-2', 'example_subdag_operator']) retrieved from /home/airflow/.local/lib/python3.7/site-packages/airflow/example_dags/example_subdag_operator.py
[2023-07-03T18:02:49.552+0000] {logging_mixin.py:149} INFO - [2023-07-03T18:02:49.552+0000] {dag.py:2726} INFO - Sync 3 DAGs
[2023-07-03T18:02:49.577+0000] {logging_mixin.py:149} INFO - [2023-07-03T18:02:49.576+0000] {dag.py:3490} INFO - Setting next_dagrun for example_subdag_operator to 2022-01-01T00:00:00+00:00, run_after=2022-01-01T00:00:00+00:00
[2023-07-03T18:02:49.580+0000] {logging_mixin.py:149} INFO - [2023-07-03T18:02:49.580+0000] {dag.py:3490} INFO - Setting next_dagrun for example_subdag_operator.section-1 to None, run_after=None
[2023-07-03T18:02:49.582+0000] {logging_mixin.py:149} INFO - [2023-07-03T18:02:49.581+0000] {dag.py:3490} INFO - Setting next_dagrun for example_subdag_operator.section-2 to None, run_after=None
[2023-07-03T18:02:49.588+0000] {logging_mixin.py:149} INFO - [2023-07-03T18:02:49.588+0000] {dag.py:2726} INFO - Sync 2 DAGs
[2023-07-03T18:02:49.595+0000] {logging_mixin.py:149} INFO - [2023-07-03T18:02:49.595+0000] {dag.py:3490} INFO - Setting next_dagrun for example_subdag_operator.section-1 to None, run_after=None
[2023-07-03T18:02:49.596+0000] {logging_mixin.py:149} INFO - [2023-07-03T18:02:49.596+0000] {dag.py:3490} INFO - Setting next_dagrun for example_subdag_operator.section-2 to None, run_after=None
[2023-07-03T18:02:49.607+0000] {processor.py:179} INFO - Processing /home/airflow/.local/lib/python3.7/site-packages/airflow/example_dags/example_subdag_operator.py took 0.103 seconds
[2023-07-03T18:03:20.149+0000] {processor.py:157} INFO - Started process (PID=1349) to work on /home/airflow/.local/lib/python3.7/site-packages/airflow/example_dags/example_subdag_operator.py
[2023-07-03T18:03:20.150+0000] {processor.py:826} INFO - Processing file /home/airflow/.local/lib/python3.7/site-packages/airflow/example_dags/example_subdag_operator.py for tasks to queue
[2023-07-03T18:03:20.151+0000] {logging_mixin.py:149} INFO - [2023-07-03T18:03:20.151+0000] {dagbag.py:541} INFO - Filling up the DagBag from /home/airflow/.local/lib/python3.7/site-packages/airflow/example_dags/example_subdag_operator.py
[2023-07-03T18:03:20.172+0000] {processor.py:836} INFO - DAG(s) dict_keys(['example_subdag_operator.section-1', 'example_subdag_operator.section-2', 'example_subdag_operator']) retrieved from /home/airflow/.local/lib/python3.7/site-packages/airflow/example_dags/example_subdag_operator.py
[2023-07-03T18:03:20.189+0000] {logging_mixin.py:149} INFO - [2023-07-03T18:03:20.189+0000] {dag.py:2726} INFO - Sync 3 DAGs
[2023-07-03T18:03:20.213+0000] {logging_mixin.py:149} INFO - [2023-07-03T18:03:20.213+0000] {dag.py:3490} INFO - Setting next_dagrun for example_subdag_operator to 2022-01-01T00:00:00+00:00, run_after=2022-01-01T00:00:00+00:00
[2023-07-03T18:03:20.217+0000] {logging_mixin.py:149} INFO - [2023-07-03T18:03:20.216+0000] {dag.py:3490} INFO - Setting next_dagrun for example_subdag_operator.section-1 to None, run_after=None
[2023-07-03T18:03:20.219+0000] {logging_mixin.py:149} INFO - [2023-07-03T18:03:20.219+0000] {dag.py:3490} INFO - Setting next_dagrun for example_subdag_operator.section-2 to None, run_after=None
[2023-07-03T18:03:20.225+0000] {logging_mixin.py:149} INFO - [2023-07-03T18:03:20.225+0000] {dag.py:2726} INFO - Sync 2 DAGs
[2023-07-03T18:03:20.230+0000] {logging_mixin.py:149} INFO - [2023-07-03T18:03:20.230+0000] {dag.py:3490} INFO - Setting next_dagrun for example_subdag_operator.section-1 to None, run_after=None
[2023-07-03T18:03:20.231+0000] {logging_mixin.py:149} INFO - [2023-07-03T18:03:20.231+0000] {dag.py:3490} INFO - Setting next_dagrun for example_subdag_operator.section-2 to None, run_after=None
[2023-07-03T18:03:20.242+0000] {processor.py:179} INFO - Processing /home/airflow/.local/lib/python3.7/site-packages/airflow/example_dags/example_subdag_operator.py took 0.096 seconds
[2023-07-03T18:03:50.791+0000] {processor.py:157} INFO - Started process (PID=1598) to work on /home/airflow/.local/lib/python3.7/site-packages/airflow/example_dags/example_subdag_operator.py
[2023-07-03T18:03:50.792+0000] {processor.py:826} INFO - Processing file /home/airflow/.local/lib/python3.7/site-packages/airflow/example_dags/example_subdag_operator.py for tasks to queue
[2023-07-03T18:03:50.793+0000] {logging_mixin.py:149} INFO - [2023-07-03T18:03:50.793+0000] {dagbag.py:541} INFO - Filling up the DagBag from /home/airflow/.local/lib/python3.7/site-packages/airflow/example_dags/example_subdag_operator.py
[2023-07-03T18:03:50.815+0000] {processor.py:836} INFO - DAG(s) dict_keys(['example_subdag_operator.section-1', 'example_subdag_operator.section-2', 'example_subdag_operator']) retrieved from /home/airflow/.local/lib/python3.7/site-packages/airflow/example_dags/example_subdag_operator.py
[2023-07-03T18:03:50.832+0000] {logging_mixin.py:149} INFO - [2023-07-03T18:03:50.832+0000] {dag.py:2726} INFO - Sync 3 DAGs
[2023-07-03T18:03:50.859+0000] {logging_mixin.py:149} INFO - [2023-07-03T18:03:50.859+0000] {dag.py:3490} INFO - Setting next_dagrun for example_subdag_operator to 2022-01-01T00:00:00+00:00, run_after=2022-01-01T00:00:00+00:00
[2023-07-03T18:03:50.862+0000] {logging_mixin.py:149} INFO - [2023-07-03T18:03:50.862+0000] {dag.py:3490} INFO - Setting next_dagrun for example_subdag_operator.section-1 to None, run_after=None
[2023-07-03T18:03:50.864+0000] {logging_mixin.py:149} INFO - [2023-07-03T18:03:50.864+0000] {dag.py:3490} INFO - Setting next_dagrun for example_subdag_operator.section-2 to None, run_after=None
[2023-07-03T18:03:50.871+0000] {logging_mixin.py:149} INFO - [2023-07-03T18:03:50.871+0000] {dag.py:2726} INFO - Sync 2 DAGs
[2023-07-03T18:03:50.876+0000] {logging_mixin.py:149} INFO - [2023-07-03T18:03:50.876+0000] {dag.py:3490} INFO - Setting next_dagrun for example_subdag_operator.section-1 to None, run_after=None
[2023-07-03T18:03:50.876+0000] {logging_mixin.py:149} INFO - [2023-07-03T18:03:50.876+0000] {dag.py:3490} INFO - Setting next_dagrun for example_subdag_operator.section-2 to None, run_after=None
[2023-07-03T18:03:50.887+0000] {processor.py:179} INFO - Processing /home/airflow/.local/lib/python3.7/site-packages/airflow/example_dags/example_subdag_operator.py took 0.099 seconds
[2023-07-03T18:04:21.504+0000] {processor.py:157} INFO - Started process (PID=1847) to work on /home/airflow/.local/lib/python3.7/site-packages/airflow/example_dags/example_subdag_operator.py
[2023-07-03T18:04:21.505+0000] {processor.py:826} INFO - Processing file /home/airflow/.local/lib/python3.7/site-packages/airflow/example_dags/example_subdag_operator.py for tasks to queue
[2023-07-03T18:04:21.506+0000] {logging_mixin.py:149} INFO - [2023-07-03T18:04:21.506+0000] {dagbag.py:541} INFO - Filling up the DagBag from /home/airflow/.local/lib/python3.7/site-packages/airflow/example_dags/example_subdag_operator.py
[2023-07-03T18:04:21.528+0000] {processor.py:836} INFO - DAG(s) dict_keys(['example_subdag_operator.section-1', 'example_subdag_operator.section-2', 'example_subdag_operator']) retrieved from /home/airflow/.local/lib/python3.7/site-packages/airflow/example_dags/example_subdag_operator.py
[2023-07-03T18:04:21.547+0000] {logging_mixin.py:149} INFO - [2023-07-03T18:04:21.547+0000] {dag.py:2726} INFO - Sync 3 DAGs
[2023-07-03T18:04:21.570+0000] {logging_mixin.py:149} INFO - [2023-07-03T18:04:21.570+0000] {dag.py:3490} INFO - Setting next_dagrun for example_subdag_operator to 2022-01-01T00:00:00+00:00, run_after=2022-01-01T00:00:00+00:00
[2023-07-03T18:04:21.573+0000] {logging_mixin.py:149} INFO - [2023-07-03T18:04:21.573+0000] {dag.py:3490} INFO - Setting next_dagrun for example_subdag_operator.section-1 to None, run_after=None
[2023-07-03T18:04:21.575+0000] {logging_mixin.py:149} INFO - [2023-07-03T18:04:21.575+0000] {dag.py:3490} INFO - Setting next_dagrun for example_subdag_operator.section-2 to None, run_after=None
[2023-07-03T18:04:21.581+0000] {logging_mixin.py:149} INFO - [2023-07-03T18:04:21.581+0000] {dag.py:2726} INFO - Sync 2 DAGs
[2023-07-03T18:04:21.587+0000] {logging_mixin.py:149} INFO - [2023-07-03T18:04:21.587+0000] {dag.py:3490} INFO - Setting next_dagrun for example_subdag_operator.section-1 to None, run_after=None
[2023-07-03T18:04:21.588+0000] {logging_mixin.py:149} INFO - [2023-07-03T18:04:21.588+0000] {dag.py:3490} INFO - Setting next_dagrun for example_subdag_operator.section-2 to None, run_after=None
[2023-07-03T18:04:21.600+0000] {processor.py:179} INFO - Processing /home/airflow/.local/lib/python3.7/site-packages/airflow/example_dags/example_subdag_operator.py took 0.099 seconds
[2023-07-03T18:04:52.124+0000] {processor.py:157} INFO - Started process (PID=2101) to work on /home/airflow/.local/lib/python3.7/site-packages/airflow/example_dags/example_subdag_operator.py
[2023-07-03T18:04:52.125+0000] {processor.py:826} INFO - Processing file /home/airflow/.local/lib/python3.7/site-packages/airflow/example_dags/example_subdag_operator.py for tasks to queue
[2023-07-03T18:04:52.126+0000] {logging_mixin.py:149} INFO - [2023-07-03T18:04:52.126+0000] {dagbag.py:541} INFO - Filling up the DagBag from /home/airflow/.local/lib/python3.7/site-packages/airflow/example_dags/example_subdag_operator.py
[2023-07-03T18:04:52.147+0000] {processor.py:836} INFO - DAG(s) dict_keys(['example_subdag_operator.section-1', 'example_subdag_operator.section-2', 'example_subdag_operator']) retrieved from /home/airflow/.local/lib/python3.7/site-packages/airflow/example_dags/example_subdag_operator.py
[2023-07-03T18:04:52.164+0000] {logging_mixin.py:149} INFO - [2023-07-03T18:04:52.163+0000] {dag.py:2726} INFO - Sync 3 DAGs
[2023-07-03T18:04:52.186+0000] {logging_mixin.py:149} INFO - [2023-07-03T18:04:52.186+0000] {dag.py:3490} INFO - Setting next_dagrun for example_subdag_operator to 2022-01-01T00:00:00+00:00, run_after=2022-01-01T00:00:00+00:00
[2023-07-03T18:04:52.189+0000] {logging_mixin.py:149} INFO - [2023-07-03T18:04:52.189+0000] {dag.py:3490} INFO - Setting next_dagrun for example_subdag_operator.section-1 to None, run_after=None
[2023-07-03T18:04:52.191+0000] {logging_mixin.py:149} INFO - [2023-07-03T18:04:52.190+0000] {dag.py:3490} INFO - Setting next_dagrun for example_subdag_operator.section-2 to None, run_after=None
[2023-07-03T18:04:52.197+0000] {logging_mixin.py:149} INFO - [2023-07-03T18:04:52.197+0000] {dag.py:2726} INFO - Sync 2 DAGs
[2023-07-03T18:04:52.202+0000] {logging_mixin.py:149} INFO - [2023-07-03T18:04:52.202+0000] {dag.py:3490} INFO - Setting next_dagrun for example_subdag_operator.section-1 to None, run_after=None
[2023-07-03T18:04:52.203+0000] {logging_mixin.py:149} INFO - [2023-07-03T18:04:52.203+0000] {dag.py:3490} INFO - Setting next_dagrun for example_subdag_operator.section-2 to None, run_after=None
[2023-07-03T18:04:52.214+0000] {processor.py:179} INFO - Processing /home/airflow/.local/lib/python3.7/site-packages/airflow/example_dags/example_subdag_operator.py took 0.092 seconds
[2023-07-03T18:05:22.832+0000] {processor.py:157} INFO - Started process (PID=2345) to work on /home/airflow/.local/lib/python3.7/site-packages/airflow/example_dags/example_subdag_operator.py
[2023-07-03T18:05:22.833+0000] {processor.py:826} INFO - Processing file /home/airflow/.local/lib/python3.7/site-packages/airflow/example_dags/example_subdag_operator.py for tasks to queue
[2023-07-03T18:05:22.834+0000] {logging_mixin.py:149} INFO - [2023-07-03T18:05:22.834+0000] {dagbag.py:541} INFO - Filling up the DagBag from /home/airflow/.local/lib/python3.7/site-packages/airflow/example_dags/example_subdag_operator.py
[2023-07-03T18:05:22.857+0000] {processor.py:836} INFO - DAG(s) dict_keys(['example_subdag_operator.section-1', 'example_subdag_operator.section-2', 'example_subdag_operator']) retrieved from /home/airflow/.local/lib/python3.7/site-packages/airflow/example_dags/example_subdag_operator.py
[2023-07-03T18:05:22.877+0000] {logging_mixin.py:149} INFO - [2023-07-03T18:05:22.876+0000] {dag.py:2726} INFO - Sync 3 DAGs
[2023-07-03T18:05:22.898+0000] {logging_mixin.py:149} INFO - [2023-07-03T18:05:22.898+0000] {dag.py:3490} INFO - Setting next_dagrun for example_subdag_operator to 2022-01-01T00:00:00+00:00, run_after=2022-01-01T00:00:00+00:00
[2023-07-03T18:05:22.901+0000] {logging_mixin.py:149} INFO - [2023-07-03T18:05:22.901+0000] {dag.py:3490} INFO - Setting next_dagrun for example_subdag_operator.section-1 to None, run_after=None
[2023-07-03T18:05:22.903+0000] {logging_mixin.py:149} INFO - [2023-07-03T18:05:22.903+0000] {dag.py:3490} INFO - Setting next_dagrun for example_subdag_operator.section-2 to None, run_after=None
[2023-07-03T18:05:22.910+0000] {logging_mixin.py:149} INFO - [2023-07-03T18:05:22.910+0000] {dag.py:2726} INFO - Sync 2 DAGs
[2023-07-03T18:05:22.915+0000] {logging_mixin.py:149} INFO - [2023-07-03T18:05:22.915+0000] {dag.py:3490} INFO - Setting next_dagrun for example_subdag_operator.section-1 to None, run_after=None
[2023-07-03T18:05:22.916+0000] {logging_mixin.py:149} INFO - [2023-07-03T18:05:22.916+0000] {dag.py:3490} INFO - Setting next_dagrun for example_subdag_operator.section-2 to None, run_after=None
[2023-07-03T18:05:22.927+0000] {processor.py:179} INFO - Processing /home/airflow/.local/lib/python3.7/site-packages/airflow/example_dags/example_subdag_operator.py took 0.097 seconds
[2023-07-03T18:05:53.566+0000] {processor.py:157} INFO - Started process (PID=2599) to work on /home/airflow/.local/lib/python3.7/site-packages/airflow/example_dags/example_subdag_operator.py
[2023-07-03T18:05:53.567+0000] {processor.py:826} INFO - Processing file /home/airflow/.local/lib/python3.7/site-packages/airflow/example_dags/example_subdag_operator.py for tasks to queue
[2023-07-03T18:05:53.568+0000] {logging_mixin.py:149} INFO - [2023-07-03T18:05:53.568+0000] {dagbag.py:541} INFO - Filling up the DagBag from /home/airflow/.local/lib/python3.7/site-packages/airflow/example_dags/example_subdag_operator.py
[2023-07-03T18:05:53.592+0000] {processor.py:836} INFO - DAG(s) dict_keys(['example_subdag_operator.section-1', 'example_subdag_operator.section-2', 'example_subdag_operator']) retrieved from /home/airflow/.local/lib/python3.7/site-packages/airflow/example_dags/example_subdag_operator.py
[2023-07-03T18:05:53.610+0000] {logging_mixin.py:149} INFO - [2023-07-03T18:05:53.610+0000] {dag.py:2726} INFO - Sync 3 DAGs
[2023-07-03T18:05:53.633+0000] {logging_mixin.py:149} INFO - [2023-07-03T18:05:53.633+0000] {dag.py:3490} INFO - Setting next_dagrun for example_subdag_operator to 2022-01-01T00:00:00+00:00, run_after=2022-01-01T00:00:00+00:00
[2023-07-03T18:05:53.636+0000] {logging_mixin.py:149} INFO - [2023-07-03T18:05:53.636+0000] {dag.py:3490} INFO - Setting next_dagrun for example_subdag_operator.section-1 to None, run_after=None
[2023-07-03T18:05:53.638+0000] {logging_mixin.py:149} INFO - [2023-07-03T18:05:53.638+0000] {dag.py:3490} INFO - Setting next_dagrun for example_subdag_operator.section-2 to None, run_after=None
[2023-07-03T18:05:53.644+0000] {logging_mixin.py:149} INFO - [2023-07-03T18:05:53.644+0000] {dag.py:2726} INFO - Sync 2 DAGs
[2023-07-03T18:05:53.649+0000] {logging_mixin.py:149} INFO - [2023-07-03T18:05:53.649+0000] {dag.py:3490} INFO - Setting next_dagrun for example_subdag_operator.section-1 to None, run_after=None
[2023-07-03T18:05:53.650+0000] {logging_mixin.py:149} INFO - [2023-07-03T18:05:53.650+0000] {dag.py:3490} INFO - Setting next_dagrun for example_subdag_operator.section-2 to None, run_after=None
[2023-07-03T18:05:53.660+0000] {processor.py:179} INFO - Processing /home/airflow/.local/lib/python3.7/site-packages/airflow/example_dags/example_subdag_operator.py took 0.097 seconds
[2023-07-03T18:06:24.188+0000] {processor.py:157} INFO - Started process (PID=2848) to work on /home/airflow/.local/lib/python3.7/site-packages/airflow/example_dags/example_subdag_operator.py
[2023-07-03T18:06:24.189+0000] {processor.py:826} INFO - Processing file /home/airflow/.local/lib/python3.7/site-packages/airflow/example_dags/example_subdag_operator.py for tasks to queue
[2023-07-03T18:06:24.190+0000] {logging_mixin.py:149} INFO - [2023-07-03T18:06:24.190+0000] {dagbag.py:541} INFO - Filling up the DagBag from /home/airflow/.local/lib/python3.7/site-packages/airflow/example_dags/example_subdag_operator.py
[2023-07-03T18:06:24.213+0000] {processor.py:836} INFO - DAG(s) dict_keys(['example_subdag_operator.section-1', 'example_subdag_operator.section-2', 'example_subdag_operator']) retrieved from /home/airflow/.local/lib/python3.7/site-packages/airflow/example_dags/example_subdag_operator.py
[2023-07-03T18:06:24.232+0000] {logging_mixin.py:149} INFO - [2023-07-03T18:06:24.232+0000] {dag.py:2726} INFO - Sync 3 DAGs
[2023-07-03T18:06:24.255+0000] {logging_mixin.py:149} INFO - [2023-07-03T18:06:24.255+0000] {dag.py:3490} INFO - Setting next_dagrun for example_subdag_operator to 2022-01-01T00:00:00+00:00, run_after=2022-01-01T00:00:00+00:00
[2023-07-03T18:06:24.258+0000] {logging_mixin.py:149} INFO - [2023-07-03T18:06:24.258+0000] {dag.py:3490} INFO - Setting next_dagrun for example_subdag_operator.section-1 to None, run_after=None
[2023-07-03T18:06:24.260+0000] {logging_mixin.py:149} INFO - [2023-07-03T18:06:24.260+0000] {dag.py:3490} INFO - Setting next_dagrun for example_subdag_operator.section-2 to None, run_after=None
[2023-07-03T18:06:24.267+0000] {logging_mixin.py:149} INFO - [2023-07-03T18:06:24.267+0000] {dag.py:2726} INFO - Sync 2 DAGs
[2023-07-03T18:06:24.274+0000] {logging_mixin.py:149} INFO - [2023-07-03T18:06:24.273+0000] {dag.py:3490} INFO - Setting next_dagrun for example_subdag_operator.section-1 to None, run_after=None
[2023-07-03T18:06:24.274+0000] {logging_mixin.py:149} INFO - [2023-07-03T18:06:24.274+0000] {dag.py:3490} INFO - Setting next_dagrun for example_subdag_operator.section-2 to None, run_after=None
[2023-07-03T18:06:24.287+0000] {processor.py:179} INFO - Processing /home/airflow/.local/lib/python3.7/site-packages/airflow/example_dags/example_subdag_operator.py took 0.102 seconds
[2023-07-03T18:06:54.940+0000] {processor.py:157} INFO - Started process (PID=3097) to work on /home/airflow/.local/lib/python3.7/site-packages/airflow/example_dags/example_subdag_operator.py
[2023-07-03T18:06:54.941+0000] {processor.py:826} INFO - Processing file /home/airflow/.local/lib/python3.7/site-packages/airflow/example_dags/example_subdag_operator.py for tasks to queue
[2023-07-03T18:06:54.941+0000] {logging_mixin.py:149} INFO - [2023-07-03T18:06:54.941+0000] {dagbag.py:541} INFO - Filling up the DagBag from /home/airflow/.local/lib/python3.7/site-packages/airflow/example_dags/example_subdag_operator.py
[2023-07-03T18:06:54.962+0000] {processor.py:836} INFO - DAG(s) dict_keys(['example_subdag_operator.section-1', 'example_subdag_operator.section-2', 'example_subdag_operator']) retrieved from /home/airflow/.local/lib/python3.7/site-packages/airflow/example_dags/example_subdag_operator.py
[2023-07-03T18:06:54.981+0000] {logging_mixin.py:149} INFO - [2023-07-03T18:06:54.980+0000] {dag.py:2726} INFO - Sync 3 DAGs
[2023-07-03T18:06:55.003+0000] {logging_mixin.py:149} INFO - [2023-07-03T18:06:55.003+0000] {dag.py:3490} INFO - Setting next_dagrun for example_subdag_operator to 2022-01-01T00:00:00+00:00, run_after=2022-01-01T00:00:00+00:00
[2023-07-03T18:06:55.006+0000] {logging_mixin.py:149} INFO - [2023-07-03T18:06:55.006+0000] {dag.py:3490} INFO - Setting next_dagrun for example_subdag_operator.section-1 to None, run_after=None
[2023-07-03T18:06:55.008+0000] {logging_mixin.py:149} INFO - [2023-07-03T18:06:55.008+0000] {dag.py:3490} INFO - Setting next_dagrun for example_subdag_operator.section-2 to None, run_after=None
[2023-07-03T18:06:55.015+0000] {logging_mixin.py:149} INFO - [2023-07-03T18:06:55.015+0000] {dag.py:2726} INFO - Sync 2 DAGs
[2023-07-03T18:06:55.020+0000] {logging_mixin.py:149} INFO - [2023-07-03T18:06:55.019+0000] {dag.py:3490} INFO - Setting next_dagrun for example_subdag_operator.section-1 to None, run_after=None
[2023-07-03T18:06:55.020+0000] {logging_mixin.py:149} INFO - [2023-07-03T18:06:55.020+0000] {dag.py:3490} INFO - Setting next_dagrun for example_subdag_operator.section-2 to None, run_after=None
[2023-07-03T18:06:55.033+0000] {processor.py:179} INFO - Processing /home/airflow/.local/lib/python3.7/site-packages/airflow/example_dags/example_subdag_operator.py took 0.096 seconds
[2023-07-03T18:07:25.611+0000] {processor.py:157} INFO - Started process (PID=3346) to work on /home/airflow/.local/lib/python3.7/site-packages/airflow/example_dags/example_subdag_operator.py
[2023-07-03T18:07:25.612+0000] {processor.py:826} INFO - Processing file /home/airflow/.local/lib/python3.7/site-packages/airflow/example_dags/example_subdag_operator.py for tasks to queue
[2023-07-03T18:07:25.613+0000] {logging_mixin.py:149} INFO - [2023-07-03T18:07:25.613+0000] {dagbag.py:541} INFO - Filling up the DagBag from /home/airflow/.local/lib/python3.7/site-packages/airflow/example_dags/example_subdag_operator.py
[2023-07-03T18:07:25.636+0000] {processor.py:836} INFO - DAG(s) dict_keys(['example_subdag_operator.section-1', 'example_subdag_operator.section-2', 'example_subdag_operator']) retrieved from /home/airflow/.local/lib/python3.7/site-packages/airflow/example_dags/example_subdag_operator.py
[2023-07-03T18:07:25.654+0000] {logging_mixin.py:149} INFO - [2023-07-03T18:07:25.653+0000] {dag.py:2726} INFO - Sync 3 DAGs
[2023-07-03T18:07:25.676+0000] {logging_mixin.py:149} INFO - [2023-07-03T18:07:25.676+0000] {dag.py:3490} INFO - Setting next_dagrun for example_subdag_operator to 2022-01-01T00:00:00+00:00, run_after=2022-01-01T00:00:00+00:00
[2023-07-03T18:07:25.680+0000] {logging_mixin.py:149} INFO - [2023-07-03T18:07:25.680+0000] {dag.py:3490} INFO - Setting next_dagrun for example_subdag_operator.section-1 to None, run_after=None
[2023-07-03T18:07:25.681+0000] {logging_mixin.py:149} INFO - [2023-07-03T18:07:25.681+0000] {dag.py:3490} INFO - Setting next_dagrun for example_subdag_operator.section-2 to None, run_after=None
[2023-07-03T18:07:25.689+0000] {logging_mixin.py:149} INFO - [2023-07-03T18:07:25.689+0000] {dag.py:2726} INFO - Sync 2 DAGs
[2023-07-03T18:07:25.695+0000] {logging_mixin.py:149} INFO - [2023-07-03T18:07:25.695+0000] {dag.py:3490} INFO - Setting next_dagrun for example_subdag_operator.section-1 to None, run_after=None
[2023-07-03T18:07:25.696+0000] {logging_mixin.py:149} INFO - [2023-07-03T18:07:25.696+0000] {dag.py:3490} INFO - Setting next_dagrun for example_subdag_operator.section-2 to None, run_after=None
[2023-07-03T18:07:25.710+0000] {processor.py:179} INFO - Processing /home/airflow/.local/lib/python3.7/site-packages/airflow/example_dags/example_subdag_operator.py took 0.101 seconds
[2023-07-03T18:07:56.128+0000] {processor.py:157} INFO - Started process (PID=3596) to work on /home/airflow/.local/lib/python3.7/site-packages/airflow/example_dags/example_subdag_operator.py
[2023-07-03T18:07:56.129+0000] {processor.py:826} INFO - Processing file /home/airflow/.local/lib/python3.7/site-packages/airflow/example_dags/example_subdag_operator.py for tasks to queue
[2023-07-03T18:07:56.129+0000] {logging_mixin.py:149} INFO - [2023-07-03T18:07:56.129+0000] {dagbag.py:541} INFO - Filling up the DagBag from /home/airflow/.local/lib/python3.7/site-packages/airflow/example_dags/example_subdag_operator.py
[2023-07-03T18:07:56.149+0000] {processor.py:836} INFO - DAG(s) dict_keys(['example_subdag_operator.section-1', 'example_subdag_operator.section-2', 'example_subdag_operator']) retrieved from /home/airflow/.local/lib/python3.7/site-packages/airflow/example_dags/example_subdag_operator.py
[2023-07-03T18:07:56.167+0000] {logging_mixin.py:149} INFO - [2023-07-03T18:07:56.166+0000] {dag.py:2726} INFO - Sync 3 DAGs
[2023-07-03T18:07:56.188+0000] {logging_mixin.py:149} INFO - [2023-07-03T18:07:56.188+0000] {dag.py:3490} INFO - Setting next_dagrun for example_subdag_operator to 2022-01-01T00:00:00+00:00, run_after=2022-01-01T00:00:00+00:00
[2023-07-03T18:07:56.191+0000] {logging_mixin.py:149} INFO - [2023-07-03T18:07:56.191+0000] {dag.py:3490} INFO - Setting next_dagrun for example_subdag_operator.section-1 to None, run_after=None
[2023-07-03T18:07:56.192+0000] {logging_mixin.py:149} INFO - [2023-07-03T18:07:56.192+0000] {dag.py:3490} INFO - Setting next_dagrun for example_subdag_operator.section-2 to None, run_after=None
[2023-07-03T18:07:56.199+0000] {logging_mixin.py:149} INFO - [2023-07-03T18:07:56.199+0000] {dag.py:2726} INFO - Sync 2 DAGs
[2023-07-03T18:07:56.204+0000] {logging_mixin.py:149} INFO - [2023-07-03T18:07:56.204+0000] {dag.py:3490} INFO - Setting next_dagrun for example_subdag_operator.section-1 to None, run_after=None
[2023-07-03T18:07:56.205+0000] {logging_mixin.py:149} INFO - [2023-07-03T18:07:56.205+0000] {dag.py:3490} INFO - Setting next_dagrun for example_subdag_operator.section-2 to None, run_after=None
[2023-07-03T18:07:56.216+0000] {processor.py:179} INFO - Processing /home/airflow/.local/lib/python3.7/site-packages/airflow/example_dags/example_subdag_operator.py took 0.091 seconds
[2023-07-03T18:08:26.569+0000] {processor.py:157} INFO - Started process (PID=3840) to work on /home/airflow/.local/lib/python3.7/site-packages/airflow/example_dags/example_subdag_operator.py
[2023-07-03T18:08:26.570+0000] {processor.py:826} INFO - Processing file /home/airflow/.local/lib/python3.7/site-packages/airflow/example_dags/example_subdag_operator.py for tasks to queue
[2023-07-03T18:08:26.571+0000] {logging_mixin.py:149} INFO - [2023-07-03T18:08:26.571+0000] {dagbag.py:541} INFO - Filling up the DagBag from /home/airflow/.local/lib/python3.7/site-packages/airflow/example_dags/example_subdag_operator.py
[2023-07-03T18:08:26.592+0000] {processor.py:836} INFO - DAG(s) dict_keys(['example_subdag_operator.section-1', 'example_subdag_operator.section-2', 'example_subdag_operator']) retrieved from /home/airflow/.local/lib/python3.7/site-packages/airflow/example_dags/example_subdag_operator.py
[2023-07-03T18:08:26.608+0000] {logging_mixin.py:149} INFO - [2023-07-03T18:08:26.608+0000] {dag.py:2726} INFO - Sync 3 DAGs
[2023-07-03T18:08:26.634+0000] {logging_mixin.py:149} INFO - [2023-07-03T18:08:26.633+0000] {dag.py:3490} INFO - Setting next_dagrun for example_subdag_operator to 2022-01-01T00:00:00+00:00, run_after=2022-01-01T00:00:00+00:00
[2023-07-03T18:08:26.637+0000] {logging_mixin.py:149} INFO - [2023-07-03T18:08:26.637+0000] {dag.py:3490} INFO - Setting next_dagrun for example_subdag_operator.section-1 to None, run_after=None
[2023-07-03T18:08:26.639+0000] {logging_mixin.py:149} INFO - [2023-07-03T18:08:26.639+0000] {dag.py:3490} INFO - Setting next_dagrun for example_subdag_operator.section-2 to None, run_after=None
[2023-07-03T18:08:26.646+0000] {logging_mixin.py:149} INFO - [2023-07-03T18:08:26.646+0000] {dag.py:2726} INFO - Sync 2 DAGs
[2023-07-03T18:08:26.651+0000] {logging_mixin.py:149} INFO - [2023-07-03T18:08:26.651+0000] {dag.py:3490} INFO - Setting next_dagrun for example_subdag_operator.section-1 to None, run_after=None
[2023-07-03T18:08:26.652+0000] {logging_mixin.py:149} INFO - [2023-07-03T18:08:26.652+0000] {dag.py:3490} INFO - Setting next_dagrun for example_subdag_operator.section-2 to None, run_after=None
[2023-07-03T18:08:26.663+0000] {processor.py:179} INFO - Processing /home/airflow/.local/lib/python3.7/site-packages/airflow/example_dags/example_subdag_operator.py took 0.097 seconds
[2023-07-03T18:08:57.236+0000] {processor.py:157} INFO - Started process (PID=4094) to work on /home/airflow/.local/lib/python3.7/site-packages/airflow/example_dags/example_subdag_operator.py
[2023-07-03T18:08:57.237+0000] {processor.py:826} INFO - Processing file /home/airflow/.local/lib/python3.7/site-packages/airflow/example_dags/example_subdag_operator.py for tasks to queue
[2023-07-03T18:08:57.238+0000] {logging_mixin.py:149} INFO - [2023-07-03T18:08:57.238+0000] {dagbag.py:541} INFO - Filling up the DagBag from /home/airflow/.local/lib/python3.7/site-packages/airflow/example_dags/example_subdag_operator.py
[2023-07-03T18:08:57.259+0000] {processor.py:836} INFO - DAG(s) dict_keys(['example_subdag_operator.section-1', 'example_subdag_operator.section-2', 'example_subdag_operator']) retrieved from /home/airflow/.local/lib/python3.7/site-packages/airflow/example_dags/example_subdag_operator.py
[2023-07-03T18:08:57.277+0000] {logging_mixin.py:149} INFO - [2023-07-03T18:08:57.277+0000] {dag.py:2726} INFO - Sync 3 DAGs
[2023-07-03T18:08:57.299+0000] {logging_mixin.py:149} INFO - [2023-07-03T18:08:57.298+0000] {dag.py:3490} INFO - Setting next_dagrun for example_subdag_operator to 2022-01-01T00:00:00+00:00, run_after=2022-01-01T00:00:00+00:00
[2023-07-03T18:08:57.302+0000] {logging_mixin.py:149} INFO - [2023-07-03T18:08:57.302+0000] {dag.py:3490} INFO - Setting next_dagrun for example_subdag_operator.section-1 to None, run_after=None
[2023-07-03T18:08:57.304+0000] {logging_mixin.py:149} INFO - [2023-07-03T18:08:57.304+0000] {dag.py:3490} INFO - Setting next_dagrun for example_subdag_operator.section-2 to None, run_after=None
[2023-07-03T18:08:57.310+0000] {logging_mixin.py:149} INFO - [2023-07-03T18:08:57.310+0000] {dag.py:2726} INFO - Sync 2 DAGs
[2023-07-03T18:08:57.315+0000] {logging_mixin.py:149} INFO - [2023-07-03T18:08:57.315+0000] {dag.py:3490} INFO - Setting next_dagrun for example_subdag_operator.section-1 to None, run_after=None
[2023-07-03T18:08:57.316+0000] {logging_mixin.py:149} INFO - [2023-07-03T18:08:57.316+0000] {dag.py:3490} INFO - Setting next_dagrun for example_subdag_operator.section-2 to None, run_after=None
[2023-07-03T18:08:57.329+0000] {processor.py:179} INFO - Processing /home/airflow/.local/lib/python3.7/site-packages/airflow/example_dags/example_subdag_operator.py took 0.095 seconds
[2023-07-03T18:09:27.899+0000] {processor.py:157} INFO - Started process (PID=4343) to work on /home/airflow/.local/lib/python3.7/site-packages/airflow/example_dags/example_subdag_operator.py
[2023-07-03T18:09:27.900+0000] {processor.py:826} INFO - Processing file /home/airflow/.local/lib/python3.7/site-packages/airflow/example_dags/example_subdag_operator.py for tasks to queue
[2023-07-03T18:09:27.900+0000] {logging_mixin.py:149} INFO - [2023-07-03T18:09:27.900+0000] {dagbag.py:541} INFO - Filling up the DagBag from /home/airflow/.local/lib/python3.7/site-packages/airflow/example_dags/example_subdag_operator.py
[2023-07-03T18:09:27.920+0000] {processor.py:836} INFO - DAG(s) dict_keys(['example_subdag_operator.section-1', 'example_subdag_operator.section-2', 'example_subdag_operator']) retrieved from /home/airflow/.local/lib/python3.7/site-packages/airflow/example_dags/example_subdag_operator.py
[2023-07-03T18:09:27.938+0000] {logging_mixin.py:149} INFO - [2023-07-03T18:09:27.938+0000] {dag.py:2726} INFO - Sync 3 DAGs
[2023-07-03T18:09:27.962+0000] {logging_mixin.py:149} INFO - [2023-07-03T18:09:27.962+0000] {dag.py:3490} INFO - Setting next_dagrun for example_subdag_operator to 2022-01-01T00:00:00+00:00, run_after=2022-01-01T00:00:00+00:00
[2023-07-03T18:09:27.965+0000] {logging_mixin.py:149} INFO - [2023-07-03T18:09:27.965+0000] {dag.py:3490} INFO - Setting next_dagrun for example_subdag_operator.section-1 to None, run_after=None
[2023-07-03T18:09:27.966+0000] {logging_mixin.py:149} INFO - [2023-07-03T18:09:27.966+0000] {dag.py:3490} INFO - Setting next_dagrun for example_subdag_operator.section-2 to None, run_after=None
[2023-07-03T18:09:27.973+0000] {logging_mixin.py:149} INFO - [2023-07-03T18:09:27.972+0000] {dag.py:2726} INFO - Sync 2 DAGs
[2023-07-03T18:09:27.978+0000] {logging_mixin.py:149} INFO - [2023-07-03T18:09:27.978+0000] {dag.py:3490} INFO - Setting next_dagrun for example_subdag_operator.section-1 to None, run_after=None
[2023-07-03T18:09:27.978+0000] {logging_mixin.py:149} INFO - [2023-07-03T18:09:27.978+0000] {dag.py:3490} INFO - Setting next_dagrun for example_subdag_operator.section-2 to None, run_after=None
[2023-07-03T18:09:27.989+0000] {processor.py:179} INFO - Processing /home/airflow/.local/lib/python3.7/site-packages/airflow/example_dags/example_subdag_operator.py took 0.093 seconds
[2023-07-03T18:09:58.777+0000] {processor.py:157} INFO - Started process (PID=4592) to work on /home/airflow/.local/lib/python3.7/site-packages/airflow/example_dags/example_subdag_operator.py
[2023-07-03T18:09:58.778+0000] {processor.py:826} INFO - Processing file /home/airflow/.local/lib/python3.7/site-packages/airflow/example_dags/example_subdag_operator.py for tasks to queue
[2023-07-03T18:09:58.779+0000] {logging_mixin.py:149} INFO - [2023-07-03T18:09:58.779+0000] {dagbag.py:541} INFO - Filling up the DagBag from /home/airflow/.local/lib/python3.7/site-packages/airflow/example_dags/example_subdag_operator.py
[2023-07-03T18:09:58.799+0000] {processor.py:836} INFO - DAG(s) dict_keys(['example_subdag_operator.section-1', 'example_subdag_operator.section-2', 'example_subdag_operator']) retrieved from /home/airflow/.local/lib/python3.7/site-packages/airflow/example_dags/example_subdag_operator.py
[2023-07-03T18:09:58.816+0000] {logging_mixin.py:149} INFO - [2023-07-03T18:09:58.816+0000] {dag.py:2726} INFO - Sync 3 DAGs
[2023-07-03T18:09:58.838+0000] {logging_mixin.py:149} INFO - [2023-07-03T18:09:58.838+0000] {dag.py:3490} INFO - Setting next_dagrun for example_subdag_operator to 2022-01-01T00:00:00+00:00, run_after=2022-01-01T00:00:00+00:00
[2023-07-03T18:09:58.841+0000] {logging_mixin.py:149} INFO - [2023-07-03T18:09:58.841+0000] {dag.py:3490} INFO - Setting next_dagrun for example_subdag_operator.section-1 to None, run_after=None
[2023-07-03T18:09:58.842+0000] {logging_mixin.py:149} INFO - [2023-07-03T18:09:58.842+0000] {dag.py:3490} INFO - Setting next_dagrun for example_subdag_operator.section-2 to None, run_after=None
[2023-07-03T18:09:58.849+0000] {logging_mixin.py:149} INFO - [2023-07-03T18:09:58.849+0000] {dag.py:2726} INFO - Sync 2 DAGs
[2023-07-03T18:09:58.854+0000] {logging_mixin.py:149} INFO - [2023-07-03T18:09:58.854+0000] {dag.py:3490} INFO - Setting next_dagrun for example_subdag_operator.section-1 to None, run_after=None
[2023-07-03T18:09:58.854+0000] {logging_mixin.py:149} INFO - [2023-07-03T18:09:58.854+0000] {dag.py:3490} INFO - Setting next_dagrun for example_subdag_operator.section-2 to None, run_after=None
[2023-07-03T18:09:58.865+0000] {processor.py:179} INFO - Processing /home/airflow/.local/lib/python3.7/site-packages/airflow/example_dags/example_subdag_operator.py took 0.091 seconds
[2023-07-03T18:10:28.946+0000] {processor.py:157} INFO - Started process (PID=4838) to work on /home/airflow/.local/lib/python3.7/site-packages/airflow/example_dags/example_subdag_operator.py
[2023-07-03T18:10:28.947+0000] {processor.py:826} INFO - Processing file /home/airflow/.local/lib/python3.7/site-packages/airflow/example_dags/example_subdag_operator.py for tasks to queue
[2023-07-03T18:10:28.948+0000] {logging_mixin.py:149} INFO - [2023-07-03T18:10:28.948+0000] {dagbag.py:541} INFO - Filling up the DagBag from /home/airflow/.local/lib/python3.7/site-packages/airflow/example_dags/example_subdag_operator.py
[2023-07-03T18:10:28.968+0000] {processor.py:836} INFO - DAG(s) dict_keys(['example_subdag_operator.section-1', 'example_subdag_operator.section-2', 'example_subdag_operator']) retrieved from /home/airflow/.local/lib/python3.7/site-packages/airflow/example_dags/example_subdag_operator.py
[2023-07-03T18:10:28.984+0000] {logging_mixin.py:149} INFO - [2023-07-03T18:10:28.984+0000] {dag.py:2726} INFO - Sync 3 DAGs
[2023-07-03T18:10:29.004+0000] {logging_mixin.py:149} INFO - [2023-07-03T18:10:29.004+0000] {dag.py:3490} INFO - Setting next_dagrun for example_subdag_operator to 2022-01-01T00:00:00+00:00, run_after=2022-01-01T00:00:00+00:00
[2023-07-03T18:10:29.007+0000] {logging_mixin.py:149} INFO - [2023-07-03T18:10:29.007+0000] {dag.py:3490} INFO - Setting next_dagrun for example_subdag_operator.section-1 to None, run_after=None
[2023-07-03T18:10:29.008+0000] {logging_mixin.py:149} INFO - [2023-07-03T18:10:29.008+0000] {dag.py:3490} INFO - Setting next_dagrun for example_subdag_operator.section-2 to None, run_after=None
[2023-07-03T18:10:29.014+0000] {logging_mixin.py:149} INFO - [2023-07-03T18:10:29.014+0000] {dag.py:2726} INFO - Sync 2 DAGs
[2023-07-03T18:10:29.019+0000] {logging_mixin.py:149} INFO - [2023-07-03T18:10:29.019+0000] {dag.py:3490} INFO - Setting next_dagrun for example_subdag_operator.section-1 to None, run_after=None
[2023-07-03T18:10:29.020+0000] {logging_mixin.py:149} INFO - [2023-07-03T18:10:29.020+0000] {dag.py:3490} INFO - Setting next_dagrun for example_subdag_operator.section-2 to None, run_after=None
[2023-07-03T18:10:29.030+0000] {processor.py:179} INFO - Processing /home/airflow/.local/lib/python3.7/site-packages/airflow/example_dags/example_subdag_operator.py took 0.086 seconds
[2023-07-03T18:10:59.353+0000] {processor.py:157} INFO - Started process (PID=5087) to work on /home/airflow/.local/lib/python3.7/site-packages/airflow/example_dags/example_subdag_operator.py
[2023-07-03T18:10:59.354+0000] {processor.py:826} INFO - Processing file /home/airflow/.local/lib/python3.7/site-packages/airflow/example_dags/example_subdag_operator.py for tasks to queue
[2023-07-03T18:10:59.355+0000] {logging_mixin.py:149} INFO - [2023-07-03T18:10:59.355+0000] {dagbag.py:541} INFO - Filling up the DagBag from /home/airflow/.local/lib/python3.7/site-packages/airflow/example_dags/example_subdag_operator.py
[2023-07-03T18:10:59.377+0000] {processor.py:836} INFO - DAG(s) dict_keys(['example_subdag_operator.section-1', 'example_subdag_operator.section-2', 'example_subdag_operator']) retrieved from /home/airflow/.local/lib/python3.7/site-packages/airflow/example_dags/example_subdag_operator.py
[2023-07-03T18:10:59.395+0000] {logging_mixin.py:149} INFO - [2023-07-03T18:10:59.394+0000] {dag.py:2726} INFO - Sync 3 DAGs
[2023-07-03T18:10:59.417+0000] {logging_mixin.py:149} INFO - [2023-07-03T18:10:59.417+0000] {dag.py:3490} INFO - Setting next_dagrun for example_subdag_operator to 2022-01-01T00:00:00+00:00, run_after=2022-01-01T00:00:00+00:00
[2023-07-03T18:10:59.422+0000] {logging_mixin.py:149} INFO - [2023-07-03T18:10:59.422+0000] {dag.py:3490} INFO - Setting next_dagrun for example_subdag_operator.section-1 to None, run_after=None
[2023-07-03T18:10:59.424+0000] {logging_mixin.py:149} INFO - [2023-07-03T18:10:59.424+0000] {dag.py:3490} INFO - Setting next_dagrun for example_subdag_operator.section-2 to None, run_after=None
[2023-07-03T18:10:59.431+0000] {logging_mixin.py:149} INFO - [2023-07-03T18:10:59.430+0000] {dag.py:2726} INFO - Sync 2 DAGs
[2023-07-03T18:10:59.437+0000] {logging_mixin.py:149} INFO - [2023-07-03T18:10:59.436+0000] {dag.py:3490} INFO - Setting next_dagrun for example_subdag_operator.section-1 to None, run_after=None
[2023-07-03T18:10:59.437+0000] {logging_mixin.py:149} INFO - [2023-07-03T18:10:59.437+0000] {dag.py:3490} INFO - Setting next_dagrun for example_subdag_operator.section-2 to None, run_after=None
[2023-07-03T18:10:59.448+0000] {processor.py:179} INFO - Processing /home/airflow/.local/lib/python3.7/site-packages/airflow/example_dags/example_subdag_operator.py took 0.098 seconds
[2023-07-03T18:11:30.359+0000] {processor.py:157} INFO - Started process (PID=5339) to work on /home/airflow/.local/lib/python3.7/site-packages/airflow/example_dags/example_subdag_operator.py
[2023-07-03T18:11:30.360+0000] {processor.py:826} INFO - Processing file /home/airflow/.local/lib/python3.7/site-packages/airflow/example_dags/example_subdag_operator.py for tasks to queue
[2023-07-03T18:11:30.361+0000] {logging_mixin.py:149} INFO - [2023-07-03T18:11:30.361+0000] {dagbag.py:541} INFO - Filling up the DagBag from /home/airflow/.local/lib/python3.7/site-packages/airflow/example_dags/example_subdag_operator.py
[2023-07-03T18:11:30.384+0000] {processor.py:836} INFO - DAG(s) dict_keys(['example_subdag_operator.section-1', 'example_subdag_operator.section-2', 'example_subdag_operator']) retrieved from /home/airflow/.local/lib/python3.7/site-packages/airflow/example_dags/example_subdag_operator.py
[2023-07-03T18:11:30.402+0000] {logging_mixin.py:149} INFO - [2023-07-03T18:11:30.402+0000] {dag.py:2726} INFO - Sync 3 DAGs
[2023-07-03T18:11:30.426+0000] {logging_mixin.py:149} INFO - [2023-07-03T18:11:30.426+0000] {dag.py:3490} INFO - Setting next_dagrun for example_subdag_operator to 2022-01-01T00:00:00+00:00, run_after=2022-01-01T00:00:00+00:00
[2023-07-03T18:11:30.429+0000] {logging_mixin.py:149} INFO - [2023-07-03T18:11:30.429+0000] {dag.py:3490} INFO - Setting next_dagrun for example_subdag_operator.section-1 to None, run_after=None
[2023-07-03T18:11:30.431+0000] {logging_mixin.py:149} INFO - [2023-07-03T18:11:30.431+0000] {dag.py:3490} INFO - Setting next_dagrun for example_subdag_operator.section-2 to None, run_after=None
[2023-07-03T18:11:30.438+0000] {logging_mixin.py:149} INFO - [2023-07-03T18:11:30.438+0000] {dag.py:2726} INFO - Sync 2 DAGs
[2023-07-03T18:11:30.444+0000] {logging_mixin.py:149} INFO - [2023-07-03T18:11:30.444+0000] {dag.py:3490} INFO - Setting next_dagrun for example_subdag_operator.section-1 to None, run_after=None
[2023-07-03T18:11:30.445+0000] {logging_mixin.py:149} INFO - [2023-07-03T18:11:30.444+0000] {dag.py:3490} INFO - Setting next_dagrun for example_subdag_operator.section-2 to None, run_after=None
[2023-07-03T18:11:30.456+0000] {processor.py:179} INFO - Processing /home/airflow/.local/lib/python3.7/site-packages/airflow/example_dags/example_subdag_operator.py took 0.101 seconds
[2023-07-03T18:12:00.731+0000] {processor.py:157} INFO - Started process (PID=5588) to work on /home/airflow/.local/lib/python3.7/site-packages/airflow/example_dags/example_subdag_operator.py
[2023-07-03T18:12:00.732+0000] {processor.py:826} INFO - Processing file /home/airflow/.local/lib/python3.7/site-packages/airflow/example_dags/example_subdag_operator.py for tasks to queue
[2023-07-03T18:12:00.733+0000] {logging_mixin.py:149} INFO - [2023-07-03T18:12:00.733+0000] {dagbag.py:541} INFO - Filling up the DagBag from /home/airflow/.local/lib/python3.7/site-packages/airflow/example_dags/example_subdag_operator.py
[2023-07-03T18:12:00.754+0000] {processor.py:836} INFO - DAG(s) dict_keys(['example_subdag_operator.section-1', 'example_subdag_operator.section-2', 'example_subdag_operator']) retrieved from /home/airflow/.local/lib/python3.7/site-packages/airflow/example_dags/example_subdag_operator.py
[2023-07-03T18:12:00.771+0000] {logging_mixin.py:149} INFO - [2023-07-03T18:12:00.770+0000] {dag.py:2726} INFO - Sync 3 DAGs
[2023-07-03T18:12:00.792+0000] {logging_mixin.py:149} INFO - [2023-07-03T18:12:00.792+0000] {dag.py:3490} INFO - Setting next_dagrun for example_subdag_operator to 2022-01-01T00:00:00+00:00, run_after=2022-01-01T00:00:00+00:00
[2023-07-03T18:12:00.796+0000] {logging_mixin.py:149} INFO - [2023-07-03T18:12:00.796+0000] {dag.py:3490} INFO - Setting next_dagrun for example_subdag_operator.section-1 to None, run_after=None
[2023-07-03T18:12:00.798+0000] {logging_mixin.py:149} INFO - [2023-07-03T18:12:00.798+0000] {dag.py:3490} INFO - Setting next_dagrun for example_subdag_operator.section-2 to None, run_after=None
[2023-07-03T18:12:00.805+0000] {logging_mixin.py:149} INFO - [2023-07-03T18:12:00.805+0000] {dag.py:2726} INFO - Sync 2 DAGs
[2023-07-03T18:12:00.810+0000] {logging_mixin.py:149} INFO - [2023-07-03T18:12:00.810+0000] {dag.py:3490} INFO - Setting next_dagrun for example_subdag_operator.section-1 to None, run_after=None
[2023-07-03T18:12:00.810+0000] {logging_mixin.py:149} INFO - [2023-07-03T18:12:00.810+0000] {dag.py:3490} INFO - Setting next_dagrun for example_subdag_operator.section-2 to None, run_after=None
[2023-07-03T18:12:00.821+0000] {processor.py:179} INFO - Processing /home/airflow/.local/lib/python3.7/site-packages/airflow/example_dags/example_subdag_operator.py took 0.093 seconds
[2023-07-03T18:12:31.693+0000] {processor.py:157} INFO - Started process (PID=5837) to work on /home/airflow/.local/lib/python3.7/site-packages/airflow/example_dags/example_subdag_operator.py
[2023-07-03T18:12:31.694+0000] {processor.py:826} INFO - Processing file /home/airflow/.local/lib/python3.7/site-packages/airflow/example_dags/example_subdag_operator.py for tasks to queue
[2023-07-03T18:12:31.695+0000] {logging_mixin.py:149} INFO - [2023-07-03T18:12:31.694+0000] {dagbag.py:541} INFO - Filling up the DagBag from /home/airflow/.local/lib/python3.7/site-packages/airflow/example_dags/example_subdag_operator.py
[2023-07-03T18:12:31.718+0000] {processor.py:836} INFO - DAG(s) dict_keys(['example_subdag_operator.section-1', 'example_subdag_operator.section-2', 'example_subdag_operator']) retrieved from /home/airflow/.local/lib/python3.7/site-packages/airflow/example_dags/example_subdag_operator.py
[2023-07-03T18:12:31.735+0000] {logging_mixin.py:149} INFO - [2023-07-03T18:12:31.735+0000] {dag.py:2726} INFO - Sync 3 DAGs
[2023-07-03T18:12:31.758+0000] {logging_mixin.py:149} INFO - [2023-07-03T18:12:31.758+0000] {dag.py:3490} INFO - Setting next_dagrun for example_subdag_operator to 2022-01-01T00:00:00+00:00, run_after=2022-01-01T00:00:00+00:00
[2023-07-03T18:12:31.762+0000] {logging_mixin.py:149} INFO - [2023-07-03T18:12:31.762+0000] {dag.py:3490} INFO - Setting next_dagrun for example_subdag_operator.section-1 to None, run_after=None
[2023-07-03T18:12:31.763+0000] {logging_mixin.py:149} INFO - [2023-07-03T18:12:31.763+0000] {dag.py:3490} INFO - Setting next_dagrun for example_subdag_operator.section-2 to None, run_after=None
[2023-07-03T18:12:31.770+0000] {logging_mixin.py:149} INFO - [2023-07-03T18:12:31.770+0000] {dag.py:2726} INFO - Sync 2 DAGs
[2023-07-03T18:12:31.775+0000] {logging_mixin.py:149} INFO - [2023-07-03T18:12:31.775+0000] {dag.py:3490} INFO - Setting next_dagrun for example_subdag_operator.section-1 to None, run_after=None
[2023-07-03T18:12:31.775+0000] {logging_mixin.py:149} INFO - [2023-07-03T18:12:31.775+0000] {dag.py:3490} INFO - Setting next_dagrun for example_subdag_operator.section-2 to None, run_after=None
[2023-07-03T18:12:31.786+0000] {processor.py:179} INFO - Processing /home/airflow/.local/lib/python3.7/site-packages/airflow/example_dags/example_subdag_operator.py took 0.096 seconds
[2023-07-03T18:13:02.454+0000] {processor.py:157} INFO - Started process (PID=6086) to work on /home/airflow/.local/lib/python3.7/site-packages/airflow/example_dags/example_subdag_operator.py
[2023-07-03T18:13:02.455+0000] {processor.py:826} INFO - Processing file /home/airflow/.local/lib/python3.7/site-packages/airflow/example_dags/example_subdag_operator.py for tasks to queue
[2023-07-03T18:13:02.456+0000] {logging_mixin.py:149} INFO - [2023-07-03T18:13:02.456+0000] {dagbag.py:541} INFO - Filling up the DagBag from /home/airflow/.local/lib/python3.7/site-packages/airflow/example_dags/example_subdag_operator.py
[2023-07-03T18:13:02.477+0000] {processor.py:836} INFO - DAG(s) dict_keys(['example_subdag_operator.section-1', 'example_subdag_operator.section-2', 'example_subdag_operator']) retrieved from /home/airflow/.local/lib/python3.7/site-packages/airflow/example_dags/example_subdag_operator.py
[2023-07-03T18:13:02.496+0000] {logging_mixin.py:149} INFO - [2023-07-03T18:13:02.496+0000] {dag.py:2726} INFO - Sync 3 DAGs
[2023-07-03T18:13:02.519+0000] {logging_mixin.py:149} INFO - [2023-07-03T18:13:02.519+0000] {dag.py:3490} INFO - Setting next_dagrun for example_subdag_operator to 2022-01-01T00:00:00+00:00, run_after=2022-01-01T00:00:00+00:00
[2023-07-03T18:13:02.522+0000] {logging_mixin.py:149} INFO - [2023-07-03T18:13:02.522+0000] {dag.py:3490} INFO - Setting next_dagrun for example_subdag_operator.section-1 to None, run_after=None
[2023-07-03T18:13:02.524+0000] {logging_mixin.py:149} INFO - [2023-07-03T18:13:02.524+0000] {dag.py:3490} INFO - Setting next_dagrun for example_subdag_operator.section-2 to None, run_after=None
[2023-07-03T18:13:02.531+0000] {logging_mixin.py:149} INFO - [2023-07-03T18:13:02.531+0000] {dag.py:2726} INFO - Sync 2 DAGs
[2023-07-03T18:13:02.536+0000] {logging_mixin.py:149} INFO - [2023-07-03T18:13:02.535+0000] {dag.py:3490} INFO - Setting next_dagrun for example_subdag_operator.section-1 to None, run_after=None
[2023-07-03T18:13:02.536+0000] {logging_mixin.py:149} INFO - [2023-07-03T18:13:02.536+0000] {dag.py:3490} INFO - Setting next_dagrun for example_subdag_operator.section-2 to None, run_after=None
[2023-07-03T18:13:02.548+0000] {processor.py:179} INFO - Processing /home/airflow/.local/lib/python3.7/site-packages/airflow/example_dags/example_subdag_operator.py took 0.097 seconds
[2023-07-03T18:13:33.096+0000] {processor.py:157} INFO - Started process (PID=6335) to work on /home/airflow/.local/lib/python3.7/site-packages/airflow/example_dags/example_subdag_operator.py
[2023-07-03T18:13:33.097+0000] {processor.py:826} INFO - Processing file /home/airflow/.local/lib/python3.7/site-packages/airflow/example_dags/example_subdag_operator.py for tasks to queue
[2023-07-03T18:13:33.098+0000] {logging_mixin.py:149} INFO - [2023-07-03T18:13:33.098+0000] {dagbag.py:541} INFO - Filling up the DagBag from /home/airflow/.local/lib/python3.7/site-packages/airflow/example_dags/example_subdag_operator.py
[2023-07-03T18:13:33.120+0000] {processor.py:836} INFO - DAG(s) dict_keys(['example_subdag_operator.section-1', 'example_subdag_operator.section-2', 'example_subdag_operator']) retrieved from /home/airflow/.local/lib/python3.7/site-packages/airflow/example_dags/example_subdag_operator.py
[2023-07-03T18:13:33.137+0000] {logging_mixin.py:149} INFO - [2023-07-03T18:13:33.137+0000] {dag.py:2726} INFO - Sync 3 DAGs
[2023-07-03T18:13:33.160+0000] {logging_mixin.py:149} INFO - [2023-07-03T18:13:33.159+0000] {dag.py:3490} INFO - Setting next_dagrun for example_subdag_operator to 2022-01-01T00:00:00+00:00, run_after=2022-01-01T00:00:00+00:00
[2023-07-03T18:13:33.163+0000] {logging_mixin.py:149} INFO - [2023-07-03T18:13:33.163+0000] {dag.py:3490} INFO - Setting next_dagrun for example_subdag_operator.section-1 to None, run_after=None
[2023-07-03T18:13:33.165+0000] {logging_mixin.py:149} INFO - [2023-07-03T18:13:33.165+0000] {dag.py:3490} INFO - Setting next_dagrun for example_subdag_operator.section-2 to None, run_after=None
[2023-07-03T18:13:33.172+0000] {logging_mixin.py:149} INFO - [2023-07-03T18:13:33.172+0000] {dag.py:2726} INFO - Sync 2 DAGs
[2023-07-03T18:13:33.178+0000] {logging_mixin.py:149} INFO - [2023-07-03T18:13:33.177+0000] {dag.py:3490} INFO - Setting next_dagrun for example_subdag_operator.section-1 to None, run_after=None
[2023-07-03T18:13:33.178+0000] {logging_mixin.py:149} INFO - [2023-07-03T18:13:33.178+0000] {dag.py:3490} INFO - Setting next_dagrun for example_subdag_operator.section-2 to None, run_after=None
[2023-07-03T18:13:33.190+0000] {processor.py:179} INFO - Processing /home/airflow/.local/lib/python3.7/site-packages/airflow/example_dags/example_subdag_operator.py took 0.097 seconds
[2023-07-03T18:14:03.523+0000] {processor.py:157} INFO - Started process (PID=6584) to work on /home/airflow/.local/lib/python3.7/site-packages/airflow/example_dags/example_subdag_operator.py
[2023-07-03T18:14:03.524+0000] {processor.py:826} INFO - Processing file /home/airflow/.local/lib/python3.7/site-packages/airflow/example_dags/example_subdag_operator.py for tasks to queue
[2023-07-03T18:14:03.525+0000] {logging_mixin.py:149} INFO - [2023-07-03T18:14:03.525+0000] {dagbag.py:541} INFO - Filling up the DagBag from /home/airflow/.local/lib/python3.7/site-packages/airflow/example_dags/example_subdag_operator.py
[2023-07-03T18:14:03.545+0000] {processor.py:836} INFO - DAG(s) dict_keys(['example_subdag_operator.section-1', 'example_subdag_operator.section-2', 'example_subdag_operator']) retrieved from /home/airflow/.local/lib/python3.7/site-packages/airflow/example_dags/example_subdag_operator.py
[2023-07-03T18:14:03.562+0000] {logging_mixin.py:149} INFO - [2023-07-03T18:14:03.562+0000] {dag.py:2726} INFO - Sync 3 DAGs
[2023-07-03T18:14:03.586+0000] {logging_mixin.py:149} INFO - [2023-07-03T18:14:03.585+0000] {dag.py:3490} INFO - Setting next_dagrun for example_subdag_operator to 2022-01-01T00:00:00+00:00, run_after=2022-01-01T00:00:00+00:00
[2023-07-03T18:14:03.589+0000] {logging_mixin.py:149} INFO - [2023-07-03T18:14:03.589+0000] {dag.py:3490} INFO - Setting next_dagrun for example_subdag_operator.section-1 to None, run_after=None
[2023-07-03T18:14:03.591+0000] {logging_mixin.py:149} INFO - [2023-07-03T18:14:03.591+0000] {dag.py:3490} INFO - Setting next_dagrun for example_subdag_operator.section-2 to None, run_after=None
[2023-07-03T18:14:03.598+0000] {logging_mixin.py:149} INFO - [2023-07-03T18:14:03.598+0000] {dag.py:2726} INFO - Sync 2 DAGs
[2023-07-03T18:14:03.603+0000] {logging_mixin.py:149} INFO - [2023-07-03T18:14:03.603+0000] {dag.py:3490} INFO - Setting next_dagrun for example_subdag_operator.section-1 to None, run_after=None
[2023-07-03T18:14:03.604+0000] {logging_mixin.py:149} INFO - [2023-07-03T18:14:03.604+0000] {dag.py:3490} INFO - Setting next_dagrun for example_subdag_operator.section-2 to None, run_after=None
[2023-07-03T18:14:03.616+0000] {processor.py:179} INFO - Processing /home/airflow/.local/lib/python3.7/site-packages/airflow/example_dags/example_subdag_operator.py took 0.096 seconds
[2023-07-03T18:14:34.199+0000] {processor.py:157} INFO - Started process (PID=6833) to work on /home/airflow/.local/lib/python3.7/site-packages/airflow/example_dags/example_subdag_operator.py
[2023-07-03T18:14:34.200+0000] {processor.py:826} INFO - Processing file /home/airflow/.local/lib/python3.7/site-packages/airflow/example_dags/example_subdag_operator.py for tasks to queue
[2023-07-03T18:14:34.201+0000] {logging_mixin.py:149} INFO - [2023-07-03T18:14:34.201+0000] {dagbag.py:541} INFO - Filling up the DagBag from /home/airflow/.local/lib/python3.7/site-packages/airflow/example_dags/example_subdag_operator.py
[2023-07-03T18:14:34.223+0000] {processor.py:836} INFO - DAG(s) dict_keys(['example_subdag_operator.section-1', 'example_subdag_operator.section-2', 'example_subdag_operator']) retrieved from /home/airflow/.local/lib/python3.7/site-packages/airflow/example_dags/example_subdag_operator.py
[2023-07-03T18:14:34.240+0000] {logging_mixin.py:149} INFO - [2023-07-03T18:14:34.239+0000] {dag.py:2726} INFO - Sync 3 DAGs
[2023-07-03T18:14:34.261+0000] {logging_mixin.py:149} INFO - [2023-07-03T18:14:34.261+0000] {dag.py:3490} INFO - Setting next_dagrun for example_subdag_operator to 2022-01-01T00:00:00+00:00, run_after=2022-01-01T00:00:00+00:00
[2023-07-03T18:14:34.265+0000] {logging_mixin.py:149} INFO - [2023-07-03T18:14:34.264+0000] {dag.py:3490} INFO - Setting next_dagrun for example_subdag_operator.section-1 to None, run_after=None
[2023-07-03T18:14:34.266+0000] {logging_mixin.py:149} INFO - [2023-07-03T18:14:34.266+0000] {dag.py:3490} INFO - Setting next_dagrun for example_subdag_operator.section-2 to None, run_after=None
[2023-07-03T18:14:34.273+0000] {logging_mixin.py:149} INFO - [2023-07-03T18:14:34.273+0000] {dag.py:2726} INFO - Sync 2 DAGs
[2023-07-03T18:14:34.278+0000] {logging_mixin.py:149} INFO - [2023-07-03T18:14:34.278+0000] {dag.py:3490} INFO - Setting next_dagrun for example_subdag_operator.section-1 to None, run_after=None
[2023-07-03T18:14:34.279+0000] {logging_mixin.py:149} INFO - [2023-07-03T18:14:34.279+0000] {dag.py:3490} INFO - Setting next_dagrun for example_subdag_operator.section-2 to None, run_after=None
[2023-07-03T18:14:34.291+0000] {processor.py:179} INFO - Processing /home/airflow/.local/lib/python3.7/site-packages/airflow/example_dags/example_subdag_operator.py took 0.094 seconds
[2023-07-03T18:15:04.628+0000] {processor.py:157} INFO - Started process (PID=7082) to work on /home/airflow/.local/lib/python3.7/site-packages/airflow/example_dags/example_subdag_operator.py
[2023-07-03T18:15:04.629+0000] {processor.py:826} INFO - Processing file /home/airflow/.local/lib/python3.7/site-packages/airflow/example_dags/example_subdag_operator.py for tasks to queue
[2023-07-03T18:15:04.630+0000] {logging_mixin.py:149} INFO - [2023-07-03T18:15:04.630+0000] {dagbag.py:541} INFO - Filling up the DagBag from /home/airflow/.local/lib/python3.7/site-packages/airflow/example_dags/example_subdag_operator.py
[2023-07-03T18:15:04.651+0000] {processor.py:836} INFO - DAG(s) dict_keys(['example_subdag_operator.section-1', 'example_subdag_operator.section-2', 'example_subdag_operator']) retrieved from /home/airflow/.local/lib/python3.7/site-packages/airflow/example_dags/example_subdag_operator.py
[2023-07-03T18:15:04.669+0000] {logging_mixin.py:149} INFO - [2023-07-03T18:15:04.669+0000] {dag.py:2726} INFO - Sync 3 DAGs
[2023-07-03T18:15:04.692+0000] {logging_mixin.py:149} INFO - [2023-07-03T18:15:04.692+0000] {dag.py:3490} INFO - Setting next_dagrun for example_subdag_operator to 2022-01-01T00:00:00+00:00, run_after=2022-01-01T00:00:00+00:00
[2023-07-03T18:15:04.695+0000] {logging_mixin.py:149} INFO - [2023-07-03T18:15:04.695+0000] {dag.py:3490} INFO - Setting next_dagrun for example_subdag_operator.section-1 to None, run_after=None
[2023-07-03T18:15:04.697+0000] {logging_mixin.py:149} INFO - [2023-07-03T18:15:04.696+0000] {dag.py:3490} INFO - Setting next_dagrun for example_subdag_operator.section-2 to None, run_after=None
[2023-07-03T18:15:04.703+0000] {logging_mixin.py:149} INFO - [2023-07-03T18:15:04.703+0000] {dag.py:2726} INFO - Sync 2 DAGs
[2023-07-03T18:15:04.708+0000] {logging_mixin.py:149} INFO - [2023-07-03T18:15:04.708+0000] {dag.py:3490} INFO - Setting next_dagrun for example_subdag_operator.section-1 to None, run_after=None
[2023-07-03T18:15:04.709+0000] {logging_mixin.py:149} INFO - [2023-07-03T18:15:04.709+0000] {dag.py:3490} INFO - Setting next_dagrun for example_subdag_operator.section-2 to None, run_after=None
[2023-07-03T18:15:04.720+0000] {processor.py:179} INFO - Processing /home/airflow/.local/lib/python3.7/site-packages/airflow/example_dags/example_subdag_operator.py took 0.095 seconds
[2023-07-03T18:15:35.133+0000] {processor.py:157} INFO - Started process (PID=7331) to work on /home/airflow/.local/lib/python3.7/site-packages/airflow/example_dags/example_subdag_operator.py
[2023-07-03T18:15:35.134+0000] {processor.py:826} INFO - Processing file /home/airflow/.local/lib/python3.7/site-packages/airflow/example_dags/example_subdag_operator.py for tasks to queue
[2023-07-03T18:15:35.135+0000] {logging_mixin.py:149} INFO - [2023-07-03T18:15:35.135+0000] {dagbag.py:541} INFO - Filling up the DagBag from /home/airflow/.local/lib/python3.7/site-packages/airflow/example_dags/example_subdag_operator.py
[2023-07-03T18:15:35.156+0000] {processor.py:836} INFO - DAG(s) dict_keys(['example_subdag_operator.section-1', 'example_subdag_operator.section-2', 'example_subdag_operator']) retrieved from /home/airflow/.local/lib/python3.7/site-packages/airflow/example_dags/example_subdag_operator.py
[2023-07-03T18:15:35.173+0000] {logging_mixin.py:149} INFO - [2023-07-03T18:15:35.172+0000] {dag.py:2726} INFO - Sync 3 DAGs
[2023-07-03T18:15:35.197+0000] {logging_mixin.py:149} INFO - [2023-07-03T18:15:35.197+0000] {dag.py:3490} INFO - Setting next_dagrun for example_subdag_operator to 2022-01-01T00:00:00+00:00, run_after=2022-01-01T00:00:00+00:00
[2023-07-03T18:15:35.201+0000] {logging_mixin.py:149} INFO - [2023-07-03T18:15:35.201+0000] {dag.py:3490} INFO - Setting next_dagrun for example_subdag_operator.section-1 to None, run_after=None
[2023-07-03T18:15:35.202+0000] {logging_mixin.py:149} INFO - [2023-07-03T18:15:35.202+0000] {dag.py:3490} INFO - Setting next_dagrun for example_subdag_operator.section-2 to None, run_after=None
[2023-07-03T18:15:35.209+0000] {logging_mixin.py:149} INFO - [2023-07-03T18:15:35.209+0000] {dag.py:2726} INFO - Sync 2 DAGs
[2023-07-03T18:15:35.214+0000] {logging_mixin.py:149} INFO - [2023-07-03T18:15:35.214+0000] {dag.py:3490} INFO - Setting next_dagrun for example_subdag_operator.section-1 to None, run_after=None
[2023-07-03T18:15:35.214+0000] {logging_mixin.py:149} INFO - [2023-07-03T18:15:35.214+0000] {dag.py:3490} INFO - Setting next_dagrun for example_subdag_operator.section-2 to None, run_after=None
[2023-07-03T18:15:35.225+0000] {processor.py:179} INFO - Processing /home/airflow/.local/lib/python3.7/site-packages/airflow/example_dags/example_subdag_operator.py took 0.095 seconds
[2023-07-03T18:16:05.922+0000] {processor.py:157} INFO - Started process (PID=7580) to work on /home/airflow/.local/lib/python3.7/site-packages/airflow/example_dags/example_subdag_operator.py
[2023-07-03T18:16:05.923+0000] {processor.py:826} INFO - Processing file /home/airflow/.local/lib/python3.7/site-packages/airflow/example_dags/example_subdag_operator.py for tasks to queue
[2023-07-03T18:16:05.924+0000] {logging_mixin.py:149} INFO - [2023-07-03T18:16:05.923+0000] {dagbag.py:541} INFO - Filling up the DagBag from /home/airflow/.local/lib/python3.7/site-packages/airflow/example_dags/example_subdag_operator.py
[2023-07-03T18:16:05.950+0000] {processor.py:836} INFO - DAG(s) dict_keys(['example_subdag_operator.section-1', 'example_subdag_operator.section-2', 'example_subdag_operator']) retrieved from /home/airflow/.local/lib/python3.7/site-packages/airflow/example_dags/example_subdag_operator.py
[2023-07-03T18:16:05.969+0000] {logging_mixin.py:149} INFO - [2023-07-03T18:16:05.969+0000] {dag.py:2726} INFO - Sync 3 DAGs
[2023-07-03T18:16:05.993+0000] {logging_mixin.py:149} INFO - [2023-07-03T18:16:05.993+0000] {dag.py:3490} INFO - Setting next_dagrun for example_subdag_operator to 2022-01-01T00:00:00+00:00, run_after=2022-01-01T00:00:00+00:00
[2023-07-03T18:16:05.997+0000] {logging_mixin.py:149} INFO - [2023-07-03T18:16:05.997+0000] {dag.py:3490} INFO - Setting next_dagrun for example_subdag_operator.section-1 to None, run_after=None
[2023-07-03T18:16:05.999+0000] {logging_mixin.py:149} INFO - [2023-07-03T18:16:05.999+0000] {dag.py:3490} INFO - Setting next_dagrun for example_subdag_operator.section-2 to None, run_after=None
[2023-07-03T18:16:06.007+0000] {logging_mixin.py:149} INFO - [2023-07-03T18:16:06.007+0000] {dag.py:2726} INFO - Sync 2 DAGs
[2023-07-03T18:16:06.013+0000] {logging_mixin.py:149} INFO - [2023-07-03T18:16:06.013+0000] {dag.py:3490} INFO - Setting next_dagrun for example_subdag_operator.section-1 to None, run_after=None
[2023-07-03T18:16:06.014+0000] {logging_mixin.py:149} INFO - [2023-07-03T18:16:06.014+0000] {dag.py:3490} INFO - Setting next_dagrun for example_subdag_operator.section-2 to None, run_after=None
[2023-07-03T18:16:06.027+0000] {processor.py:179} INFO - Processing /home/airflow/.local/lib/python3.7/site-packages/airflow/example_dags/example_subdag_operator.py took 0.108 seconds
[2023-07-03T18:16:36.947+0000] {processor.py:157} INFO - Started process (PID=7829) to work on /home/airflow/.local/lib/python3.7/site-packages/airflow/example_dags/example_subdag_operator.py
[2023-07-03T18:16:36.948+0000] {processor.py:826} INFO - Processing file /home/airflow/.local/lib/python3.7/site-packages/airflow/example_dags/example_subdag_operator.py for tasks to queue
[2023-07-03T18:16:36.949+0000] {logging_mixin.py:149} INFO - [2023-07-03T18:16:36.949+0000] {dagbag.py:541} INFO - Filling up the DagBag from /home/airflow/.local/lib/python3.7/site-packages/airflow/example_dags/example_subdag_operator.py
[2023-07-03T18:16:36.970+0000] {processor.py:836} INFO - DAG(s) dict_keys(['example_subdag_operator.section-1', 'example_subdag_operator.section-2', 'example_subdag_operator']) retrieved from /home/airflow/.local/lib/python3.7/site-packages/airflow/example_dags/example_subdag_operator.py
[2023-07-03T18:16:36.987+0000] {logging_mixin.py:149} INFO - [2023-07-03T18:16:36.987+0000] {dag.py:2726} INFO - Sync 3 DAGs
[2023-07-03T18:16:37.010+0000] {logging_mixin.py:149} INFO - [2023-07-03T18:16:37.010+0000] {dag.py:3490} INFO - Setting next_dagrun for example_subdag_operator to 2022-01-01T00:00:00+00:00, run_after=2022-01-01T00:00:00+00:00
[2023-07-03T18:16:37.013+0000] {logging_mixin.py:149} INFO - [2023-07-03T18:16:37.013+0000] {dag.py:3490} INFO - Setting next_dagrun for example_subdag_operator.section-1 to None, run_after=None
[2023-07-03T18:16:37.015+0000] {logging_mixin.py:149} INFO - [2023-07-03T18:16:37.015+0000] {dag.py:3490} INFO - Setting next_dagrun for example_subdag_operator.section-2 to None, run_after=None
[2023-07-03T18:16:37.022+0000] {logging_mixin.py:149} INFO - [2023-07-03T18:16:37.022+0000] {dag.py:2726} INFO - Sync 2 DAGs
[2023-07-03T18:16:37.027+0000] {logging_mixin.py:149} INFO - [2023-07-03T18:16:37.027+0000] {dag.py:3490} INFO - Setting next_dagrun for example_subdag_operator.section-1 to None, run_after=None
[2023-07-03T18:16:37.028+0000] {logging_mixin.py:149} INFO - [2023-07-03T18:16:37.028+0000] {dag.py:3490} INFO - Setting next_dagrun for example_subdag_operator.section-2 to None, run_after=None
[2023-07-03T18:16:37.040+0000] {processor.py:179} INFO - Processing /home/airflow/.local/lib/python3.7/site-packages/airflow/example_dags/example_subdag_operator.py took 0.096 seconds
[2023-07-03T18:17:07.856+0000] {processor.py:157} INFO - Started process (PID=8081) to work on /home/airflow/.local/lib/python3.7/site-packages/airflow/example_dags/example_subdag_operator.py
[2023-07-03T18:17:07.857+0000] {processor.py:826} INFO - Processing file /home/airflow/.local/lib/python3.7/site-packages/airflow/example_dags/example_subdag_operator.py for tasks to queue
[2023-07-03T18:17:07.858+0000] {logging_mixin.py:149} INFO - [2023-07-03T18:17:07.858+0000] {dagbag.py:541} INFO - Filling up the DagBag from /home/airflow/.local/lib/python3.7/site-packages/airflow/example_dags/example_subdag_operator.py
[2023-07-03T18:17:07.884+0000] {processor.py:836} INFO - DAG(s) dict_keys(['example_subdag_operator.section-1', 'example_subdag_operator.section-2', 'example_subdag_operator']) retrieved from /home/airflow/.local/lib/python3.7/site-packages/airflow/example_dags/example_subdag_operator.py
[2023-07-03T18:17:07.904+0000] {logging_mixin.py:149} INFO - [2023-07-03T18:17:07.904+0000] {dag.py:2726} INFO - Sync 3 DAGs
[2023-07-03T18:17:07.928+0000] {logging_mixin.py:149} INFO - [2023-07-03T18:17:07.928+0000] {dag.py:3490} INFO - Setting next_dagrun for example_subdag_operator to 2022-01-01T00:00:00+00:00, run_after=2022-01-01T00:00:00+00:00
[2023-07-03T18:17:07.932+0000] {logging_mixin.py:149} INFO - [2023-07-03T18:17:07.931+0000] {dag.py:3490} INFO - Setting next_dagrun for example_subdag_operator.section-1 to None, run_after=None
[2023-07-03T18:17:07.933+0000] {logging_mixin.py:149} INFO - [2023-07-03T18:17:07.933+0000] {dag.py:3490} INFO - Setting next_dagrun for example_subdag_operator.section-2 to None, run_after=None
[2023-07-03T18:17:07.943+0000] {logging_mixin.py:149} INFO - [2023-07-03T18:17:07.943+0000] {dag.py:2726} INFO - Sync 2 DAGs
[2023-07-03T18:17:07.949+0000] {logging_mixin.py:149} INFO - [2023-07-03T18:17:07.949+0000] {dag.py:3490} INFO - Setting next_dagrun for example_subdag_operator.section-1 to None, run_after=None
[2023-07-03T18:17:07.950+0000] {logging_mixin.py:149} INFO - [2023-07-03T18:17:07.950+0000] {dag.py:3490} INFO - Setting next_dagrun for example_subdag_operator.section-2 to None, run_after=None
[2023-07-03T18:17:07.962+0000] {processor.py:179} INFO - Processing /home/airflow/.local/lib/python3.7/site-packages/airflow/example_dags/example_subdag_operator.py took 0.109 seconds
[2023-07-03T18:17:38.209+0000] {processor.py:157} INFO - Started process (PID=8330) to work on /home/airflow/.local/lib/python3.7/site-packages/airflow/example_dags/example_subdag_operator.py
[2023-07-03T18:17:38.211+0000] {processor.py:826} INFO - Processing file /home/airflow/.local/lib/python3.7/site-packages/airflow/example_dags/example_subdag_operator.py for tasks to queue
[2023-07-03T18:17:38.212+0000] {logging_mixin.py:149} INFO - [2023-07-03T18:17:38.211+0000] {dagbag.py:541} INFO - Filling up the DagBag from /home/airflow/.local/lib/python3.7/site-packages/airflow/example_dags/example_subdag_operator.py
[2023-07-03T18:17:38.234+0000] {processor.py:836} INFO - DAG(s) dict_keys(['example_subdag_operator.section-1', 'example_subdag_operator.section-2', 'example_subdag_operator']) retrieved from /home/airflow/.local/lib/python3.7/site-packages/airflow/example_dags/example_subdag_operator.py
[2023-07-03T18:17:38.256+0000] {logging_mixin.py:149} INFO - [2023-07-03T18:17:38.256+0000] {dag.py:2726} INFO - Sync 3 DAGs
[2023-07-03T18:17:38.291+0000] {logging_mixin.py:149} INFO - [2023-07-03T18:17:38.290+0000] {dag.py:3490} INFO - Setting next_dagrun for example_subdag_operator to 2022-01-01T00:00:00+00:00, run_after=2022-01-01T00:00:00+00:00
[2023-07-03T18:17:38.295+0000] {logging_mixin.py:149} INFO - [2023-07-03T18:17:38.295+0000] {dag.py:3490} INFO - Setting next_dagrun for example_subdag_operator.section-1 to None, run_after=None
[2023-07-03T18:17:38.297+0000] {logging_mixin.py:149} INFO - [2023-07-03T18:17:38.297+0000] {dag.py:3490} INFO - Setting next_dagrun for example_subdag_operator.section-2 to None, run_after=None
[2023-07-03T18:17:38.308+0000] {logging_mixin.py:149} INFO - [2023-07-03T18:17:38.308+0000] {dag.py:2726} INFO - Sync 2 DAGs
[2023-07-03T18:17:38.314+0000] {logging_mixin.py:149} INFO - [2023-07-03T18:17:38.314+0000] {dag.py:3490} INFO - Setting next_dagrun for example_subdag_operator.section-1 to None, run_after=None
[2023-07-03T18:17:38.315+0000] {logging_mixin.py:149} INFO - [2023-07-03T18:17:38.315+0000] {dag.py:3490} INFO - Setting next_dagrun for example_subdag_operator.section-2 to None, run_after=None
[2023-07-03T18:17:38.334+0000] {processor.py:179} INFO - Processing /home/airflow/.local/lib/python3.7/site-packages/airflow/example_dags/example_subdag_operator.py took 0.127 seconds
[2023-07-03T18:18:09.043+0000] {processor.py:157} INFO - Started process (PID=8577) to work on /home/airflow/.local/lib/python3.7/site-packages/airflow/example_dags/example_subdag_operator.py
[2023-07-03T18:18:09.048+0000] {processor.py:826} INFO - Processing file /home/airflow/.local/lib/python3.7/site-packages/airflow/example_dags/example_subdag_operator.py for tasks to queue
[2023-07-03T18:18:09.049+0000] {logging_mixin.py:149} INFO - [2023-07-03T18:18:09.049+0000] {dagbag.py:541} INFO - Filling up the DagBag from /home/airflow/.local/lib/python3.7/site-packages/airflow/example_dags/example_subdag_operator.py
[2023-07-03T18:18:09.077+0000] {processor.py:836} INFO - DAG(s) dict_keys(['example_subdag_operator.section-1', 'example_subdag_operator.section-2', 'example_subdag_operator']) retrieved from /home/airflow/.local/lib/python3.7/site-packages/airflow/example_dags/example_subdag_operator.py
[2023-07-03T18:18:09.100+0000] {logging_mixin.py:149} INFO - [2023-07-03T18:18:09.100+0000] {dag.py:2726} INFO - Sync 3 DAGs
[2023-07-03T18:18:09.130+0000] {logging_mixin.py:149} INFO - [2023-07-03T18:18:09.129+0000] {dag.py:3490} INFO - Setting next_dagrun for example_subdag_operator to 2022-01-01T00:00:00+00:00, run_after=2022-01-01T00:00:00+00:00
[2023-07-03T18:18:09.136+0000] {logging_mixin.py:149} INFO - [2023-07-03T18:18:09.135+0000] {dag.py:3490} INFO - Setting next_dagrun for example_subdag_operator.section-1 to None, run_after=None
[2023-07-03T18:18:09.138+0000] {logging_mixin.py:149} INFO - [2023-07-03T18:18:09.138+0000] {dag.py:3490} INFO - Setting next_dagrun for example_subdag_operator.section-2 to None, run_after=None
[2023-07-03T18:18:09.148+0000] {logging_mixin.py:149} INFO - [2023-07-03T18:18:09.148+0000] {dag.py:2726} INFO - Sync 2 DAGs
[2023-07-03T18:18:09.155+0000] {logging_mixin.py:149} INFO - [2023-07-03T18:18:09.154+0000] {dag.py:3490} INFO - Setting next_dagrun for example_subdag_operator.section-1 to None, run_after=None
[2023-07-03T18:18:09.155+0000] {logging_mixin.py:149} INFO - [2023-07-03T18:18:09.155+0000] {dag.py:3490} INFO - Setting next_dagrun for example_subdag_operator.section-2 to None, run_after=None
[2023-07-03T18:18:09.173+0000] {processor.py:179} INFO - Processing /home/airflow/.local/lib/python3.7/site-packages/airflow/example_dags/example_subdag_operator.py took 0.132 seconds
[2023-07-03T18:18:39.279+0000] {processor.py:157} INFO - Started process (PID=8823) to work on /home/airflow/.local/lib/python3.7/site-packages/airflow/example_dags/example_subdag_operator.py
[2023-07-03T18:18:39.281+0000] {processor.py:826} INFO - Processing file /home/airflow/.local/lib/python3.7/site-packages/airflow/example_dags/example_subdag_operator.py for tasks to queue
[2023-07-03T18:18:39.281+0000] {logging_mixin.py:149} INFO - [2023-07-03T18:18:39.281+0000] {dagbag.py:541} INFO - Filling up the DagBag from /home/airflow/.local/lib/python3.7/site-packages/airflow/example_dags/example_subdag_operator.py
[2023-07-03T18:18:39.308+0000] {processor.py:836} INFO - DAG(s) dict_keys(['example_subdag_operator.section-1', 'example_subdag_operator.section-2', 'example_subdag_operator']) retrieved from /home/airflow/.local/lib/python3.7/site-packages/airflow/example_dags/example_subdag_operator.py
[2023-07-03T18:18:39.327+0000] {logging_mixin.py:149} INFO - [2023-07-03T18:18:39.327+0000] {dag.py:2726} INFO - Sync 3 DAGs
[2023-07-03T18:18:39.349+0000] {logging_mixin.py:149} INFO - [2023-07-03T18:18:39.349+0000] {dag.py:3490} INFO - Setting next_dagrun for example_subdag_operator to 2022-01-01T00:00:00+00:00, run_after=2022-01-01T00:00:00+00:00
[2023-07-03T18:18:39.353+0000] {logging_mixin.py:149} INFO - [2023-07-03T18:18:39.352+0000] {dag.py:3490} INFO - Setting next_dagrun for example_subdag_operator.section-1 to None, run_after=None
[2023-07-03T18:18:39.355+0000] {logging_mixin.py:149} INFO - [2023-07-03T18:18:39.355+0000] {dag.py:3490} INFO - Setting next_dagrun for example_subdag_operator.section-2 to None, run_after=None
[2023-07-03T18:18:39.364+0000] {logging_mixin.py:149} INFO - [2023-07-03T18:18:39.364+0000] {dag.py:2726} INFO - Sync 2 DAGs
[2023-07-03T18:18:39.369+0000] {logging_mixin.py:149} INFO - [2023-07-03T18:18:39.369+0000] {dag.py:3490} INFO - Setting next_dagrun for example_subdag_operator.section-1 to None, run_after=None
[2023-07-03T18:18:39.370+0000] {logging_mixin.py:149} INFO - [2023-07-03T18:18:39.370+0000] {dag.py:3490} INFO - Setting next_dagrun for example_subdag_operator.section-2 to None, run_after=None
[2023-07-03T18:18:39.383+0000] {processor.py:179} INFO - Processing /home/airflow/.local/lib/python3.7/site-packages/airflow/example_dags/example_subdag_operator.py took 0.108 seconds
[2023-07-03T18:19:09.468+0000] {processor.py:157} INFO - Started process (PID=9070) to work on /home/airflow/.local/lib/python3.7/site-packages/airflow/example_dags/example_subdag_operator.py
[2023-07-03T18:19:09.469+0000] {processor.py:826} INFO - Processing file /home/airflow/.local/lib/python3.7/site-packages/airflow/example_dags/example_subdag_operator.py for tasks to queue
[2023-07-03T18:19:09.470+0000] {logging_mixin.py:149} INFO - [2023-07-03T18:19:09.470+0000] {dagbag.py:541} INFO - Filling up the DagBag from /home/airflow/.local/lib/python3.7/site-packages/airflow/example_dags/example_subdag_operator.py
[2023-07-03T18:19:09.498+0000] {processor.py:836} INFO - DAG(s) dict_keys(['example_subdag_operator.section-1', 'example_subdag_operator.section-2', 'example_subdag_operator']) retrieved from /home/airflow/.local/lib/python3.7/site-packages/airflow/example_dags/example_subdag_operator.py
[2023-07-03T18:19:09.521+0000] {logging_mixin.py:149} INFO - [2023-07-03T18:19:09.521+0000] {dag.py:2726} INFO - Sync 3 DAGs
[2023-07-03T18:19:09.545+0000] {logging_mixin.py:149} INFO - [2023-07-03T18:19:09.545+0000] {dag.py:3490} INFO - Setting next_dagrun for example_subdag_operator to 2022-01-01T00:00:00+00:00, run_after=2022-01-01T00:00:00+00:00
[2023-07-03T18:19:09.550+0000] {logging_mixin.py:149} INFO - [2023-07-03T18:19:09.550+0000] {dag.py:3490} INFO - Setting next_dagrun for example_subdag_operator.section-1 to None, run_after=None
[2023-07-03T18:19:09.551+0000] {logging_mixin.py:149} INFO - [2023-07-03T18:19:09.551+0000] {dag.py:3490} INFO - Setting next_dagrun for example_subdag_operator.section-2 to None, run_after=None
[2023-07-03T18:19:09.558+0000] {logging_mixin.py:149} INFO - [2023-07-03T18:19:09.558+0000] {dag.py:2726} INFO - Sync 2 DAGs
[2023-07-03T18:19:09.565+0000] {logging_mixin.py:149} INFO - [2023-07-03T18:19:09.565+0000] {dag.py:3490} INFO - Setting next_dagrun for example_subdag_operator.section-1 to None, run_after=None
[2023-07-03T18:19:09.566+0000] {logging_mixin.py:149} INFO - [2023-07-03T18:19:09.566+0000] {dag.py:3490} INFO - Setting next_dagrun for example_subdag_operator.section-2 to None, run_after=None
[2023-07-03T18:19:09.576+0000] {processor.py:179} INFO - Processing /home/airflow/.local/lib/python3.7/site-packages/airflow/example_dags/example_subdag_operator.py took 0.111 seconds
[2023-07-03T18:19:39.849+0000] {processor.py:157} INFO - Started process (PID=9319) to work on /home/airflow/.local/lib/python3.7/site-packages/airflow/example_dags/example_subdag_operator.py
[2023-07-03T18:19:39.850+0000] {processor.py:826} INFO - Processing file /home/airflow/.local/lib/python3.7/site-packages/airflow/example_dags/example_subdag_operator.py for tasks to queue
[2023-07-03T18:19:39.852+0000] {logging_mixin.py:149} INFO - [2023-07-03T18:19:39.851+0000] {dagbag.py:541} INFO - Filling up the DagBag from /home/airflow/.local/lib/python3.7/site-packages/airflow/example_dags/example_subdag_operator.py
[2023-07-03T18:19:39.880+0000] {processor.py:836} INFO - DAG(s) dict_keys(['example_subdag_operator.section-1', 'example_subdag_operator.section-2', 'example_subdag_operator']) retrieved from /home/airflow/.local/lib/python3.7/site-packages/airflow/example_dags/example_subdag_operator.py
[2023-07-03T18:19:39.906+0000] {logging_mixin.py:149} INFO - [2023-07-03T18:19:39.906+0000] {dag.py:2726} INFO - Sync 3 DAGs
[2023-07-03T18:19:39.936+0000] {logging_mixin.py:149} INFO - [2023-07-03T18:19:39.936+0000] {dag.py:3490} INFO - Setting next_dagrun for example_subdag_operator to 2022-01-01T00:00:00+00:00, run_after=2022-01-01T00:00:00+00:00
[2023-07-03T18:19:39.942+0000] {logging_mixin.py:149} INFO - [2023-07-03T18:19:39.942+0000] {dag.py:3490} INFO - Setting next_dagrun for example_subdag_operator.section-1 to None, run_after=None
[2023-07-03T18:19:39.944+0000] {logging_mixin.py:149} INFO - [2023-07-03T18:19:39.944+0000] {dag.py:3490} INFO - Setting next_dagrun for example_subdag_operator.section-2 to None, run_after=None
[2023-07-03T18:19:39.951+0000] {logging_mixin.py:149} INFO - [2023-07-03T18:19:39.951+0000] {dag.py:2726} INFO - Sync 2 DAGs
[2023-07-03T18:19:39.960+0000] {logging_mixin.py:149} INFO - [2023-07-03T18:19:39.960+0000] {dag.py:3490} INFO - Setting next_dagrun for example_subdag_operator.section-1 to None, run_after=None
[2023-07-03T18:19:39.960+0000] {logging_mixin.py:149} INFO - [2023-07-03T18:19:39.960+0000] {dag.py:3490} INFO - Setting next_dagrun for example_subdag_operator.section-2 to None, run_after=None
[2023-07-03T18:19:39.972+0000] {processor.py:179} INFO - Processing /home/airflow/.local/lib/python3.7/site-packages/airflow/example_dags/example_subdag_operator.py took 0.125 seconds
