[2023-07-03T18:01:17.963+0000] {processor.py:157} INFO - Started process (PID=362) to work on /home/airflow/.local/lib/python3.7/site-packages/airflow/example_dags/tutorial_taskflow_api.py
[2023-07-03T18:01:17.964+0000] {processor.py:826} INFO - Processing file /home/airflow/.local/lib/python3.7/site-packages/airflow/example_dags/tutorial_taskflow_api.py for tasks to queue
[2023-07-03T18:01:17.965+0000] {logging_mixin.py:149} INFO - [2023-07-03T18:01:17.965+0000] {dagbag.py:541} INFO - Filling up the DagBag from /home/airflow/.local/lib/python3.7/site-packages/airflow/example_dags/tutorial_taskflow_api.py
[2023-07-03T18:01:17.971+0000] {processor.py:836} INFO - DAG(s) dict_keys(['tutorial_taskflow_api']) retrieved from /home/airflow/.local/lib/python3.7/site-packages/airflow/example_dags/tutorial_taskflow_api.py
[2023-07-03T18:01:17.982+0000] {logging_mixin.py:149} INFO - [2023-07-03T18:01:17.981+0000] {dag.py:2726} INFO - Sync 1 DAGs
[2023-07-03T18:01:18.005+0000] {logging_mixin.py:149} INFO - [2023-07-03T18:01:18.005+0000] {dag.py:3490} INFO - Setting next_dagrun for tutorial_taskflow_api to None, run_after=None
[2023-07-03T18:01:18.024+0000] {processor.py:179} INFO - Processing /home/airflow/.local/lib/python3.7/site-packages/airflow/example_dags/tutorial_taskflow_api.py took 0.063 seconds
[2023-07-03T18:01:48.159+0000] {processor.py:157} INFO - Started process (PID=606) to work on /home/airflow/.local/lib/python3.7/site-packages/airflow/example_dags/tutorial_taskflow_api.py
[2023-07-03T18:01:48.160+0000] {processor.py:826} INFO - Processing file /home/airflow/.local/lib/python3.7/site-packages/airflow/example_dags/tutorial_taskflow_api.py for tasks to queue
[2023-07-03T18:01:48.161+0000] {logging_mixin.py:149} INFO - [2023-07-03T18:01:48.161+0000] {dagbag.py:541} INFO - Filling up the DagBag from /home/airflow/.local/lib/python3.7/site-packages/airflow/example_dags/tutorial_taskflow_api.py
[2023-07-03T18:01:48.166+0000] {processor.py:836} INFO - DAG(s) dict_keys(['tutorial_taskflow_api']) retrieved from /home/airflow/.local/lib/python3.7/site-packages/airflow/example_dags/tutorial_taskflow_api.py
[2023-07-03T18:01:48.187+0000] {logging_mixin.py:149} INFO - [2023-07-03T18:01:48.187+0000] {dag.py:2726} INFO - Sync 1 DAGs
[2023-07-03T18:01:48.216+0000] {logging_mixin.py:149} INFO - [2023-07-03T18:01:48.216+0000] {dag.py:3490} INFO - Setting next_dagrun for tutorial_taskflow_api to None, run_after=None
[2023-07-03T18:01:48.233+0000] {processor.py:179} INFO - Processing /home/airflow/.local/lib/python3.7/site-packages/airflow/example_dags/tutorial_taskflow_api.py took 0.076 seconds
[2023-07-03T18:02:19.275+0000] {processor.py:157} INFO - Started process (PID=861) to work on /home/airflow/.local/lib/python3.7/site-packages/airflow/example_dags/tutorial_taskflow_api.py
[2023-07-03T18:02:19.276+0000] {processor.py:826} INFO - Processing file /home/airflow/.local/lib/python3.7/site-packages/airflow/example_dags/tutorial_taskflow_api.py for tasks to queue
[2023-07-03T18:02:19.277+0000] {logging_mixin.py:149} INFO - [2023-07-03T18:02:19.277+0000] {dagbag.py:541} INFO - Filling up the DagBag from /home/airflow/.local/lib/python3.7/site-packages/airflow/example_dags/tutorial_taskflow_api.py
[2023-07-03T18:02:19.282+0000] {processor.py:836} INFO - DAG(s) dict_keys(['tutorial_taskflow_api']) retrieved from /home/airflow/.local/lib/python3.7/site-packages/airflow/example_dags/tutorial_taskflow_api.py
[2023-07-03T18:02:19.302+0000] {logging_mixin.py:149} INFO - [2023-07-03T18:02:19.302+0000] {dag.py:2726} INFO - Sync 1 DAGs
[2023-07-03T18:02:19.324+0000] {logging_mixin.py:149} INFO - [2023-07-03T18:02:19.324+0000] {dag.py:3490} INFO - Setting next_dagrun for tutorial_taskflow_api to None, run_after=None
[2023-07-03T18:02:19.341+0000] {processor.py:179} INFO - Processing /home/airflow/.local/lib/python3.7/site-packages/airflow/example_dags/tutorial_taskflow_api.py took 0.069 seconds
[2023-07-03T18:02:49.632+0000] {processor.py:157} INFO - Started process (PID=1110) to work on /home/airflow/.local/lib/python3.7/site-packages/airflow/example_dags/tutorial_taskflow_api.py
[2023-07-03T18:02:49.633+0000] {processor.py:826} INFO - Processing file /home/airflow/.local/lib/python3.7/site-packages/airflow/example_dags/tutorial_taskflow_api.py for tasks to queue
[2023-07-03T18:02:49.634+0000] {logging_mixin.py:149} INFO - [2023-07-03T18:02:49.634+0000] {dagbag.py:541} INFO - Filling up the DagBag from /home/airflow/.local/lib/python3.7/site-packages/airflow/example_dags/tutorial_taskflow_api.py
[2023-07-03T18:02:49.639+0000] {processor.py:836} INFO - DAG(s) dict_keys(['tutorial_taskflow_api']) retrieved from /home/airflow/.local/lib/python3.7/site-packages/airflow/example_dags/tutorial_taskflow_api.py
[2023-07-03T18:02:49.660+0000] {logging_mixin.py:149} INFO - [2023-07-03T18:02:49.660+0000] {dag.py:2726} INFO - Sync 1 DAGs
[2023-07-03T18:02:49.682+0000] {logging_mixin.py:149} INFO - [2023-07-03T18:02:49.682+0000] {dag.py:3490} INFO - Setting next_dagrun for tutorial_taskflow_api to None, run_after=None
[2023-07-03T18:02:49.700+0000] {processor.py:179} INFO - Processing /home/airflow/.local/lib/python3.7/site-packages/airflow/example_dags/tutorial_taskflow_api.py took 0.071 seconds
[2023-07-03T18:03:20.268+0000] {processor.py:157} INFO - Started process (PID=1359) to work on /home/airflow/.local/lib/python3.7/site-packages/airflow/example_dags/tutorial_taskflow_api.py
[2023-07-03T18:03:20.269+0000] {processor.py:826} INFO - Processing file /home/airflow/.local/lib/python3.7/site-packages/airflow/example_dags/tutorial_taskflow_api.py for tasks to queue
[2023-07-03T18:03:20.270+0000] {logging_mixin.py:149} INFO - [2023-07-03T18:03:20.270+0000] {dagbag.py:541} INFO - Filling up the DagBag from /home/airflow/.local/lib/python3.7/site-packages/airflow/example_dags/tutorial_taskflow_api.py
[2023-07-03T18:03:20.277+0000] {processor.py:836} INFO - DAG(s) dict_keys(['tutorial_taskflow_api']) retrieved from /home/airflow/.local/lib/python3.7/site-packages/airflow/example_dags/tutorial_taskflow_api.py
[2023-07-03T18:03:20.297+0000] {logging_mixin.py:149} INFO - [2023-07-03T18:03:20.297+0000] {dag.py:2726} INFO - Sync 1 DAGs
[2023-07-03T18:03:20.319+0000] {logging_mixin.py:149} INFO - [2023-07-03T18:03:20.319+0000] {dag.py:3490} INFO - Setting next_dagrun for tutorial_taskflow_api to None, run_after=None
[2023-07-03T18:03:20.339+0000] {processor.py:179} INFO - Processing /home/airflow/.local/lib/python3.7/site-packages/airflow/example_dags/tutorial_taskflow_api.py took 0.073 seconds
[2023-07-03T18:03:50.913+0000] {processor.py:157} INFO - Started process (PID=1608) to work on /home/airflow/.local/lib/python3.7/site-packages/airflow/example_dags/tutorial_taskflow_api.py
[2023-07-03T18:03:50.914+0000] {processor.py:826} INFO - Processing file /home/airflow/.local/lib/python3.7/site-packages/airflow/example_dags/tutorial_taskflow_api.py for tasks to queue
[2023-07-03T18:03:50.915+0000] {logging_mixin.py:149} INFO - [2023-07-03T18:03:50.915+0000] {dagbag.py:541} INFO - Filling up the DagBag from /home/airflow/.local/lib/python3.7/site-packages/airflow/example_dags/tutorial_taskflow_api.py
[2023-07-03T18:03:50.920+0000] {processor.py:836} INFO - DAG(s) dict_keys(['tutorial_taskflow_api']) retrieved from /home/airflow/.local/lib/python3.7/site-packages/airflow/example_dags/tutorial_taskflow_api.py
[2023-07-03T18:03:50.942+0000] {logging_mixin.py:149} INFO - [2023-07-03T18:03:50.942+0000] {dag.py:2726} INFO - Sync 1 DAGs
[2023-07-03T18:03:50.964+0000] {logging_mixin.py:149} INFO - [2023-07-03T18:03:50.963+0000] {dag.py:3490} INFO - Setting next_dagrun for tutorial_taskflow_api to None, run_after=None
[2023-07-03T18:03:50.982+0000] {processor.py:179} INFO - Processing /home/airflow/.local/lib/python3.7/site-packages/airflow/example_dags/tutorial_taskflow_api.py took 0.072 seconds
[2023-07-03T18:04:21.626+0000] {processor.py:157} INFO - Started process (PID=1857) to work on /home/airflow/.local/lib/python3.7/site-packages/airflow/example_dags/tutorial_taskflow_api.py
[2023-07-03T18:04:21.627+0000] {processor.py:826} INFO - Processing file /home/airflow/.local/lib/python3.7/site-packages/airflow/example_dags/tutorial_taskflow_api.py for tasks to queue
[2023-07-03T18:04:21.628+0000] {logging_mixin.py:149} INFO - [2023-07-03T18:04:21.628+0000] {dagbag.py:541} INFO - Filling up the DagBag from /home/airflow/.local/lib/python3.7/site-packages/airflow/example_dags/tutorial_taskflow_api.py
[2023-07-03T18:04:21.633+0000] {processor.py:836} INFO - DAG(s) dict_keys(['tutorial_taskflow_api']) retrieved from /home/airflow/.local/lib/python3.7/site-packages/airflow/example_dags/tutorial_taskflow_api.py
[2023-07-03T18:04:21.654+0000] {logging_mixin.py:149} INFO - [2023-07-03T18:04:21.654+0000] {dag.py:2726} INFO - Sync 1 DAGs
[2023-07-03T18:04:21.674+0000] {logging_mixin.py:149} INFO - [2023-07-03T18:04:21.674+0000] {dag.py:3490} INFO - Setting next_dagrun for tutorial_taskflow_api to None, run_after=None
[2023-07-03T18:04:21.691+0000] {processor.py:179} INFO - Processing /home/airflow/.local/lib/python3.7/site-packages/airflow/example_dags/tutorial_taskflow_api.py took 0.068 seconds
[2023-07-03T18:04:52.237+0000] {processor.py:157} INFO - Started process (PID=2106) to work on /home/airflow/.local/lib/python3.7/site-packages/airflow/example_dags/tutorial_taskflow_api.py
[2023-07-03T18:04:52.238+0000] {processor.py:826} INFO - Processing file /home/airflow/.local/lib/python3.7/site-packages/airflow/example_dags/tutorial_taskflow_api.py for tasks to queue
[2023-07-03T18:04:52.239+0000] {logging_mixin.py:149} INFO - [2023-07-03T18:04:52.239+0000] {dagbag.py:541} INFO - Filling up the DagBag from /home/airflow/.local/lib/python3.7/site-packages/airflow/example_dags/tutorial_taskflow_api.py
[2023-07-03T18:04:52.245+0000] {processor.py:836} INFO - DAG(s) dict_keys(['tutorial_taskflow_api']) retrieved from /home/airflow/.local/lib/python3.7/site-packages/airflow/example_dags/tutorial_taskflow_api.py
[2023-07-03T18:04:52.266+0000] {logging_mixin.py:149} INFO - [2023-07-03T18:04:52.265+0000] {dag.py:2726} INFO - Sync 1 DAGs
[2023-07-03T18:04:52.289+0000] {logging_mixin.py:149} INFO - [2023-07-03T18:04:52.289+0000] {dag.py:3490} INFO - Setting next_dagrun for tutorial_taskflow_api to None, run_after=None
[2023-07-03T18:04:52.306+0000] {processor.py:179} INFO - Processing /home/airflow/.local/lib/python3.7/site-packages/airflow/example_dags/tutorial_taskflow_api.py took 0.072 seconds
[2023-07-03T18:05:22.951+0000] {processor.py:157} INFO - Started process (PID=2355) to work on /home/airflow/.local/lib/python3.7/site-packages/airflow/example_dags/tutorial_taskflow_api.py
[2023-07-03T18:05:22.952+0000] {processor.py:826} INFO - Processing file /home/airflow/.local/lib/python3.7/site-packages/airflow/example_dags/tutorial_taskflow_api.py for tasks to queue
[2023-07-03T18:05:22.953+0000] {logging_mixin.py:149} INFO - [2023-07-03T18:05:22.953+0000] {dagbag.py:541} INFO - Filling up the DagBag from /home/airflow/.local/lib/python3.7/site-packages/airflow/example_dags/tutorial_taskflow_api.py
[2023-07-03T18:05:22.958+0000] {processor.py:836} INFO - DAG(s) dict_keys(['tutorial_taskflow_api']) retrieved from /home/airflow/.local/lib/python3.7/site-packages/airflow/example_dags/tutorial_taskflow_api.py
[2023-07-03T18:05:22.981+0000] {logging_mixin.py:149} INFO - [2023-07-03T18:05:22.981+0000] {dag.py:2726} INFO - Sync 1 DAGs
[2023-07-03T18:05:23.004+0000] {logging_mixin.py:149} INFO - [2023-07-03T18:05:23.003+0000] {dag.py:3490} INFO - Setting next_dagrun for tutorial_taskflow_api to None, run_after=None
[2023-07-03T18:05:23.023+0000] {processor.py:179} INFO - Processing /home/airflow/.local/lib/python3.7/site-packages/airflow/example_dags/tutorial_taskflow_api.py took 0.075 seconds
[2023-07-03T18:05:53.684+0000] {processor.py:157} INFO - Started process (PID=2604) to work on /home/airflow/.local/lib/python3.7/site-packages/airflow/example_dags/tutorial_taskflow_api.py
[2023-07-03T18:05:53.685+0000] {processor.py:826} INFO - Processing file /home/airflow/.local/lib/python3.7/site-packages/airflow/example_dags/tutorial_taskflow_api.py for tasks to queue
[2023-07-03T18:05:53.686+0000] {logging_mixin.py:149} INFO - [2023-07-03T18:05:53.686+0000] {dagbag.py:541} INFO - Filling up the DagBag from /home/airflow/.local/lib/python3.7/site-packages/airflow/example_dags/tutorial_taskflow_api.py
[2023-07-03T18:05:53.691+0000] {processor.py:836} INFO - DAG(s) dict_keys(['tutorial_taskflow_api']) retrieved from /home/airflow/.local/lib/python3.7/site-packages/airflow/example_dags/tutorial_taskflow_api.py
[2023-07-03T18:05:53.712+0000] {logging_mixin.py:149} INFO - [2023-07-03T18:05:53.712+0000] {dag.py:2726} INFO - Sync 1 DAGs
[2023-07-03T18:05:53.734+0000] {logging_mixin.py:149} INFO - [2023-07-03T18:05:53.734+0000] {dag.py:3490} INFO - Setting next_dagrun for tutorial_taskflow_api to None, run_after=None
[2023-07-03T18:05:53.751+0000] {processor.py:179} INFO - Processing /home/airflow/.local/lib/python3.7/site-packages/airflow/example_dags/tutorial_taskflow_api.py took 0.070 seconds
[2023-07-03T18:06:24.312+0000] {processor.py:157} INFO - Started process (PID=2853) to work on /home/airflow/.local/lib/python3.7/site-packages/airflow/example_dags/tutorial_taskflow_api.py
[2023-07-03T18:06:24.313+0000] {processor.py:826} INFO - Processing file /home/airflow/.local/lib/python3.7/site-packages/airflow/example_dags/tutorial_taskflow_api.py for tasks to queue
[2023-07-03T18:06:24.314+0000] {logging_mixin.py:149} INFO - [2023-07-03T18:06:24.314+0000] {dagbag.py:541} INFO - Filling up the DagBag from /home/airflow/.local/lib/python3.7/site-packages/airflow/example_dags/tutorial_taskflow_api.py
[2023-07-03T18:06:24.319+0000] {processor.py:836} INFO - DAG(s) dict_keys(['tutorial_taskflow_api']) retrieved from /home/airflow/.local/lib/python3.7/site-packages/airflow/example_dags/tutorial_taskflow_api.py
[2023-07-03T18:06:24.339+0000] {logging_mixin.py:149} INFO - [2023-07-03T18:06:24.339+0000] {dag.py:2726} INFO - Sync 1 DAGs
[2023-07-03T18:06:24.361+0000] {logging_mixin.py:149} INFO - [2023-07-03T18:06:24.361+0000] {dag.py:3490} INFO - Setting next_dagrun for tutorial_taskflow_api to None, run_after=None
[2023-07-03T18:06:24.379+0000] {processor.py:179} INFO - Processing /home/airflow/.local/lib/python3.7/site-packages/airflow/example_dags/tutorial_taskflow_api.py took 0.070 seconds
[2023-07-03T18:06:55.061+0000] {processor.py:157} INFO - Started process (PID=3102) to work on /home/airflow/.local/lib/python3.7/site-packages/airflow/example_dags/tutorial_taskflow_api.py
[2023-07-03T18:06:55.062+0000] {processor.py:826} INFO - Processing file /home/airflow/.local/lib/python3.7/site-packages/airflow/example_dags/tutorial_taskflow_api.py for tasks to queue
[2023-07-03T18:06:55.063+0000] {logging_mixin.py:149} INFO - [2023-07-03T18:06:55.063+0000] {dagbag.py:541} INFO - Filling up the DagBag from /home/airflow/.local/lib/python3.7/site-packages/airflow/example_dags/tutorial_taskflow_api.py
[2023-07-03T18:06:55.068+0000] {processor.py:836} INFO - DAG(s) dict_keys(['tutorial_taskflow_api']) retrieved from /home/airflow/.local/lib/python3.7/site-packages/airflow/example_dags/tutorial_taskflow_api.py
[2023-07-03T18:06:55.090+0000] {logging_mixin.py:149} INFO - [2023-07-03T18:06:55.090+0000] {dag.py:2726} INFO - Sync 1 DAGs
[2023-07-03T18:06:55.112+0000] {logging_mixin.py:149} INFO - [2023-07-03T18:06:55.112+0000] {dag.py:3490} INFO - Setting next_dagrun for tutorial_taskflow_api to None, run_after=None
[2023-07-03T18:06:55.134+0000] {processor.py:179} INFO - Processing /home/airflow/.local/lib/python3.7/site-packages/airflow/example_dags/tutorial_taskflow_api.py took 0.076 seconds
[2023-07-03T18:07:25.734+0000] {processor.py:157} INFO - Started process (PID=3351) to work on /home/airflow/.local/lib/python3.7/site-packages/airflow/example_dags/tutorial_taskflow_api.py
[2023-07-03T18:07:25.735+0000] {processor.py:826} INFO - Processing file /home/airflow/.local/lib/python3.7/site-packages/airflow/example_dags/tutorial_taskflow_api.py for tasks to queue
[2023-07-03T18:07:25.736+0000] {logging_mixin.py:149} INFO - [2023-07-03T18:07:25.736+0000] {dagbag.py:541} INFO - Filling up the DagBag from /home/airflow/.local/lib/python3.7/site-packages/airflow/example_dags/tutorial_taskflow_api.py
[2023-07-03T18:07:25.742+0000] {processor.py:836} INFO - DAG(s) dict_keys(['tutorial_taskflow_api']) retrieved from /home/airflow/.local/lib/python3.7/site-packages/airflow/example_dags/tutorial_taskflow_api.py
[2023-07-03T18:07:25.763+0000] {logging_mixin.py:149} INFO - [2023-07-03T18:07:25.763+0000] {dag.py:2726} INFO - Sync 1 DAGs
[2023-07-03T18:07:25.785+0000] {logging_mixin.py:149} INFO - [2023-07-03T18:07:25.785+0000] {dag.py:3490} INFO - Setting next_dagrun for tutorial_taskflow_api to None, run_after=None
[2023-07-03T18:07:25.803+0000] {processor.py:179} INFO - Processing /home/airflow/.local/lib/python3.7/site-packages/airflow/example_dags/tutorial_taskflow_api.py took 0.071 seconds
[2023-07-03T18:07:56.240+0000] {processor.py:157} INFO - Started process (PID=3601) to work on /home/airflow/.local/lib/python3.7/site-packages/airflow/example_dags/tutorial_taskflow_api.py
[2023-07-03T18:07:56.241+0000] {processor.py:826} INFO - Processing file /home/airflow/.local/lib/python3.7/site-packages/airflow/example_dags/tutorial_taskflow_api.py for tasks to queue
[2023-07-03T18:07:56.242+0000] {logging_mixin.py:149} INFO - [2023-07-03T18:07:56.242+0000] {dagbag.py:541} INFO - Filling up the DagBag from /home/airflow/.local/lib/python3.7/site-packages/airflow/example_dags/tutorial_taskflow_api.py
[2023-07-03T18:07:56.247+0000] {processor.py:836} INFO - DAG(s) dict_keys(['tutorial_taskflow_api']) retrieved from /home/airflow/.local/lib/python3.7/site-packages/airflow/example_dags/tutorial_taskflow_api.py
[2023-07-03T18:07:56.268+0000] {logging_mixin.py:149} INFO - [2023-07-03T18:07:56.268+0000] {dag.py:2726} INFO - Sync 1 DAGs
[2023-07-03T18:07:56.289+0000] {logging_mixin.py:149} INFO - [2023-07-03T18:07:56.289+0000] {dag.py:3490} INFO - Setting next_dagrun for tutorial_taskflow_api to None, run_after=None
[2023-07-03T18:07:56.307+0000] {processor.py:179} INFO - Processing /home/airflow/.local/lib/python3.7/site-packages/airflow/example_dags/tutorial_taskflow_api.py took 0.069 seconds
[2023-07-03T18:08:26.688+0000] {processor.py:157} INFO - Started process (PID=3850) to work on /home/airflow/.local/lib/python3.7/site-packages/airflow/example_dags/tutorial_taskflow_api.py
[2023-07-03T18:08:26.689+0000] {processor.py:826} INFO - Processing file /home/airflow/.local/lib/python3.7/site-packages/airflow/example_dags/tutorial_taskflow_api.py for tasks to queue
[2023-07-03T18:08:26.690+0000] {logging_mixin.py:149} INFO - [2023-07-03T18:08:26.690+0000] {dagbag.py:541} INFO - Filling up the DagBag from /home/airflow/.local/lib/python3.7/site-packages/airflow/example_dags/tutorial_taskflow_api.py
[2023-07-03T18:08:26.695+0000] {processor.py:836} INFO - DAG(s) dict_keys(['tutorial_taskflow_api']) retrieved from /home/airflow/.local/lib/python3.7/site-packages/airflow/example_dags/tutorial_taskflow_api.py
[2023-07-03T18:08:26.717+0000] {logging_mixin.py:149} INFO - [2023-07-03T18:08:26.716+0000] {dag.py:2726} INFO - Sync 1 DAGs
[2023-07-03T18:08:26.738+0000] {logging_mixin.py:149} INFO - [2023-07-03T18:08:26.738+0000] {dag.py:3490} INFO - Setting next_dagrun for tutorial_taskflow_api to None, run_after=None
[2023-07-03T18:08:26.757+0000] {processor.py:179} INFO - Processing /home/airflow/.local/lib/python3.7/site-packages/airflow/example_dags/tutorial_taskflow_api.py took 0.072 seconds
[2023-07-03T18:08:57.354+0000] {processor.py:157} INFO - Started process (PID=4099) to work on /home/airflow/.local/lib/python3.7/site-packages/airflow/example_dags/tutorial_taskflow_api.py
[2023-07-03T18:08:57.355+0000] {processor.py:826} INFO - Processing file /home/airflow/.local/lib/python3.7/site-packages/airflow/example_dags/tutorial_taskflow_api.py for tasks to queue
[2023-07-03T18:08:57.356+0000] {logging_mixin.py:149} INFO - [2023-07-03T18:08:57.356+0000] {dagbag.py:541} INFO - Filling up the DagBag from /home/airflow/.local/lib/python3.7/site-packages/airflow/example_dags/tutorial_taskflow_api.py
[2023-07-03T18:08:57.361+0000] {processor.py:836} INFO - DAG(s) dict_keys(['tutorial_taskflow_api']) retrieved from /home/airflow/.local/lib/python3.7/site-packages/airflow/example_dags/tutorial_taskflow_api.py
[2023-07-03T18:08:57.380+0000] {logging_mixin.py:149} INFO - [2023-07-03T18:08:57.380+0000] {dag.py:2726} INFO - Sync 1 DAGs
[2023-07-03T18:08:57.401+0000] {logging_mixin.py:149} INFO - [2023-07-03T18:08:57.400+0000] {dag.py:3490} INFO - Setting next_dagrun for tutorial_taskflow_api to None, run_after=None
[2023-07-03T18:08:57.420+0000] {processor.py:179} INFO - Processing /home/airflow/.local/lib/python3.7/site-packages/airflow/example_dags/tutorial_taskflow_api.py took 0.068 seconds
[2023-07-03T18:09:28.014+0000] {processor.py:157} INFO - Started process (PID=4348) to work on /home/airflow/.local/lib/python3.7/site-packages/airflow/example_dags/tutorial_taskflow_api.py
[2023-07-03T18:09:28.016+0000] {processor.py:826} INFO - Processing file /home/airflow/.local/lib/python3.7/site-packages/airflow/example_dags/tutorial_taskflow_api.py for tasks to queue
[2023-07-03T18:09:28.017+0000] {logging_mixin.py:149} INFO - [2023-07-03T18:09:28.016+0000] {dagbag.py:541} INFO - Filling up the DagBag from /home/airflow/.local/lib/python3.7/site-packages/airflow/example_dags/tutorial_taskflow_api.py
[2023-07-03T18:09:28.022+0000] {processor.py:836} INFO - DAG(s) dict_keys(['tutorial_taskflow_api']) retrieved from /home/airflow/.local/lib/python3.7/site-packages/airflow/example_dags/tutorial_taskflow_api.py
[2023-07-03T18:09:28.043+0000] {logging_mixin.py:149} INFO - [2023-07-03T18:09:28.043+0000] {dag.py:2726} INFO - Sync 1 DAGs
[2023-07-03T18:09:28.065+0000] {logging_mixin.py:149} INFO - [2023-07-03T18:09:28.065+0000] {dag.py:3490} INFO - Setting next_dagrun for tutorial_taskflow_api to None, run_after=None
[2023-07-03T18:09:28.082+0000] {processor.py:179} INFO - Processing /home/airflow/.local/lib/python3.7/site-packages/airflow/example_dags/tutorial_taskflow_api.py took 0.070 seconds
[2023-07-03T18:09:58.892+0000] {processor.py:157} INFO - Started process (PID=4597) to work on /home/airflow/.local/lib/python3.7/site-packages/airflow/example_dags/tutorial_taskflow_api.py
[2023-07-03T18:09:58.893+0000] {processor.py:826} INFO - Processing file /home/airflow/.local/lib/python3.7/site-packages/airflow/example_dags/tutorial_taskflow_api.py for tasks to queue
[2023-07-03T18:09:58.893+0000] {logging_mixin.py:149} INFO - [2023-07-03T18:09:58.893+0000] {dagbag.py:541} INFO - Filling up the DagBag from /home/airflow/.local/lib/python3.7/site-packages/airflow/example_dags/tutorial_taskflow_api.py
[2023-07-03T18:09:58.899+0000] {processor.py:836} INFO - DAG(s) dict_keys(['tutorial_taskflow_api']) retrieved from /home/airflow/.local/lib/python3.7/site-packages/airflow/example_dags/tutorial_taskflow_api.py
[2023-07-03T18:09:58.918+0000] {logging_mixin.py:149} INFO - [2023-07-03T18:09:58.918+0000] {dag.py:2726} INFO - Sync 1 DAGs
[2023-07-03T18:09:58.941+0000] {logging_mixin.py:149} INFO - [2023-07-03T18:09:58.941+0000] {dag.py:3490} INFO - Setting next_dagrun for tutorial_taskflow_api to None, run_after=None
[2023-07-03T18:09:58.960+0000] {processor.py:179} INFO - Processing /home/airflow/.local/lib/python3.7/site-packages/airflow/example_dags/tutorial_taskflow_api.py took 0.071 seconds
[2023-07-03T18:10:29.061+0000] {processor.py:157} INFO - Started process (PID=4846) to work on /home/airflow/.local/lib/python3.7/site-packages/airflow/example_dags/tutorial_taskflow_api.py
[2023-07-03T18:10:29.061+0000] {processor.py:826} INFO - Processing file /home/airflow/.local/lib/python3.7/site-packages/airflow/example_dags/tutorial_taskflow_api.py for tasks to queue
[2023-07-03T18:10:29.062+0000] {logging_mixin.py:149} INFO - [2023-07-03T18:10:29.062+0000] {dagbag.py:541} INFO - Filling up the DagBag from /home/airflow/.local/lib/python3.7/site-packages/airflow/example_dags/tutorial_taskflow_api.py
[2023-07-03T18:10:29.067+0000] {processor.py:836} INFO - DAG(s) dict_keys(['tutorial_taskflow_api']) retrieved from /home/airflow/.local/lib/python3.7/site-packages/airflow/example_dags/tutorial_taskflow_api.py
[2023-07-03T18:10:29.086+0000] {logging_mixin.py:149} INFO - [2023-07-03T18:10:29.086+0000] {dag.py:2726} INFO - Sync 1 DAGs
[2023-07-03T18:10:29.109+0000] {logging_mixin.py:149} INFO - [2023-07-03T18:10:29.109+0000] {dag.py:3490} INFO - Setting next_dagrun for tutorial_taskflow_api to None, run_after=None
[2023-07-03T18:10:29.126+0000] {processor.py:179} INFO - Processing /home/airflow/.local/lib/python3.7/site-packages/airflow/example_dags/tutorial_taskflow_api.py took 0.068 seconds
[2023-07-03T18:10:59.477+0000] {processor.py:157} INFO - Started process (PID=5095) to work on /home/airflow/.local/lib/python3.7/site-packages/airflow/example_dags/tutorial_taskflow_api.py
[2023-07-03T18:10:59.478+0000] {processor.py:826} INFO - Processing file /home/airflow/.local/lib/python3.7/site-packages/airflow/example_dags/tutorial_taskflow_api.py for tasks to queue
[2023-07-03T18:10:59.478+0000] {logging_mixin.py:149} INFO - [2023-07-03T18:10:59.478+0000] {dagbag.py:541} INFO - Filling up the DagBag from /home/airflow/.local/lib/python3.7/site-packages/airflow/example_dags/tutorial_taskflow_api.py
[2023-07-03T18:10:59.483+0000] {processor.py:836} INFO - DAG(s) dict_keys(['tutorial_taskflow_api']) retrieved from /home/airflow/.local/lib/python3.7/site-packages/airflow/example_dags/tutorial_taskflow_api.py
[2023-07-03T18:10:59.503+0000] {logging_mixin.py:149} INFO - [2023-07-03T18:10:59.503+0000] {dag.py:2726} INFO - Sync 1 DAGs
[2023-07-03T18:10:59.524+0000] {logging_mixin.py:149} INFO - [2023-07-03T18:10:59.524+0000] {dag.py:3490} INFO - Setting next_dagrun for tutorial_taskflow_api to None, run_after=None
[2023-07-03T18:10:59.542+0000] {processor.py:179} INFO - Processing /home/airflow/.local/lib/python3.7/site-packages/airflow/example_dags/tutorial_taskflow_api.py took 0.068 seconds
[2023-07-03T18:11:30.479+0000] {processor.py:157} INFO - Started process (PID=5344) to work on /home/airflow/.local/lib/python3.7/site-packages/airflow/example_dags/tutorial_taskflow_api.py
[2023-07-03T18:11:30.481+0000] {processor.py:826} INFO - Processing file /home/airflow/.local/lib/python3.7/site-packages/airflow/example_dags/tutorial_taskflow_api.py for tasks to queue
[2023-07-03T18:11:30.482+0000] {logging_mixin.py:149} INFO - [2023-07-03T18:11:30.481+0000] {dagbag.py:541} INFO - Filling up the DagBag from /home/airflow/.local/lib/python3.7/site-packages/airflow/example_dags/tutorial_taskflow_api.py
[2023-07-03T18:11:30.488+0000] {processor.py:836} INFO - DAG(s) dict_keys(['tutorial_taskflow_api']) retrieved from /home/airflow/.local/lib/python3.7/site-packages/airflow/example_dags/tutorial_taskflow_api.py
[2023-07-03T18:11:30.509+0000] {logging_mixin.py:149} INFO - [2023-07-03T18:11:30.508+0000] {dag.py:2726} INFO - Sync 1 DAGs
[2023-07-03T18:11:30.531+0000] {logging_mixin.py:149} INFO - [2023-07-03T18:11:30.531+0000] {dag.py:3490} INFO - Setting next_dagrun for tutorial_taskflow_api to None, run_after=None
[2023-07-03T18:11:30.549+0000] {processor.py:179} INFO - Processing /home/airflow/.local/lib/python3.7/site-packages/airflow/example_dags/tutorial_taskflow_api.py took 0.073 seconds
[2023-07-03T18:12:00.845+0000] {processor.py:157} INFO - Started process (PID=5593) to work on /home/airflow/.local/lib/python3.7/site-packages/airflow/example_dags/tutorial_taskflow_api.py
[2023-07-03T18:12:00.846+0000] {processor.py:826} INFO - Processing file /home/airflow/.local/lib/python3.7/site-packages/airflow/example_dags/tutorial_taskflow_api.py for tasks to queue
[2023-07-03T18:12:00.846+0000] {logging_mixin.py:149} INFO - [2023-07-03T18:12:00.846+0000] {dagbag.py:541} INFO - Filling up the DagBag from /home/airflow/.local/lib/python3.7/site-packages/airflow/example_dags/tutorial_taskflow_api.py
[2023-07-03T18:12:00.852+0000] {processor.py:836} INFO - DAG(s) dict_keys(['tutorial_taskflow_api']) retrieved from /home/airflow/.local/lib/python3.7/site-packages/airflow/example_dags/tutorial_taskflow_api.py
[2023-07-03T18:12:00.872+0000] {logging_mixin.py:149} INFO - [2023-07-03T18:12:00.872+0000] {dag.py:2726} INFO - Sync 1 DAGs
[2023-07-03T18:12:00.894+0000] {logging_mixin.py:149} INFO - [2023-07-03T18:12:00.894+0000] {dag.py:3490} INFO - Setting next_dagrun for tutorial_taskflow_api to None, run_after=None
[2023-07-03T18:12:00.910+0000] {processor.py:179} INFO - Processing /home/airflow/.local/lib/python3.7/site-packages/airflow/example_dags/tutorial_taskflow_api.py took 0.068 seconds
[2023-07-03T18:12:31.808+0000] {processor.py:157} INFO - Started process (PID=5842) to work on /home/airflow/.local/lib/python3.7/site-packages/airflow/example_dags/tutorial_taskflow_api.py
[2023-07-03T18:12:31.809+0000] {processor.py:826} INFO - Processing file /home/airflow/.local/lib/python3.7/site-packages/airflow/example_dags/tutorial_taskflow_api.py for tasks to queue
[2023-07-03T18:12:31.810+0000] {logging_mixin.py:149} INFO - [2023-07-03T18:12:31.810+0000] {dagbag.py:541} INFO - Filling up the DagBag from /home/airflow/.local/lib/python3.7/site-packages/airflow/example_dags/tutorial_taskflow_api.py
[2023-07-03T18:12:31.815+0000] {processor.py:836} INFO - DAG(s) dict_keys(['tutorial_taskflow_api']) retrieved from /home/airflow/.local/lib/python3.7/site-packages/airflow/example_dags/tutorial_taskflow_api.py
[2023-07-03T18:12:31.836+0000] {logging_mixin.py:149} INFO - [2023-07-03T18:12:31.836+0000] {dag.py:2726} INFO - Sync 1 DAGs
[2023-07-03T18:12:31.857+0000] {logging_mixin.py:149} INFO - [2023-07-03T18:12:31.857+0000] {dag.py:3490} INFO - Setting next_dagrun for tutorial_taskflow_api to None, run_after=None
[2023-07-03T18:12:31.886+0000] {processor.py:179} INFO - Processing /home/airflow/.local/lib/python3.7/site-packages/airflow/example_dags/tutorial_taskflow_api.py took 0.080 seconds
[2023-07-03T18:13:02.572+0000] {processor.py:157} INFO - Started process (PID=6091) to work on /home/airflow/.local/lib/python3.7/site-packages/airflow/example_dags/tutorial_taskflow_api.py
[2023-07-03T18:13:02.573+0000] {processor.py:826} INFO - Processing file /home/airflow/.local/lib/python3.7/site-packages/airflow/example_dags/tutorial_taskflow_api.py for tasks to queue
[2023-07-03T18:13:02.573+0000] {logging_mixin.py:149} INFO - [2023-07-03T18:13:02.573+0000] {dagbag.py:541} INFO - Filling up the DagBag from /home/airflow/.local/lib/python3.7/site-packages/airflow/example_dags/tutorial_taskflow_api.py
[2023-07-03T18:13:02.579+0000] {processor.py:836} INFO - DAG(s) dict_keys(['tutorial_taskflow_api']) retrieved from /home/airflow/.local/lib/python3.7/site-packages/airflow/example_dags/tutorial_taskflow_api.py
[2023-07-03T18:13:02.599+0000] {logging_mixin.py:149} INFO - [2023-07-03T18:13:02.599+0000] {dag.py:2726} INFO - Sync 1 DAGs
[2023-07-03T18:13:02.623+0000] {logging_mixin.py:149} INFO - [2023-07-03T18:13:02.623+0000] {dag.py:3490} INFO - Setting next_dagrun for tutorial_taskflow_api to None, run_after=None
[2023-07-03T18:13:02.640+0000] {processor.py:179} INFO - Processing /home/airflow/.local/lib/python3.7/site-packages/airflow/example_dags/tutorial_taskflow_api.py took 0.072 seconds
[2023-07-03T18:13:33.216+0000] {processor.py:157} INFO - Started process (PID=6340) to work on /home/airflow/.local/lib/python3.7/site-packages/airflow/example_dags/tutorial_taskflow_api.py
[2023-07-03T18:13:33.217+0000] {processor.py:826} INFO - Processing file /home/airflow/.local/lib/python3.7/site-packages/airflow/example_dags/tutorial_taskflow_api.py for tasks to queue
[2023-07-03T18:13:33.218+0000] {logging_mixin.py:149} INFO - [2023-07-03T18:13:33.218+0000] {dagbag.py:541} INFO - Filling up the DagBag from /home/airflow/.local/lib/python3.7/site-packages/airflow/example_dags/tutorial_taskflow_api.py
[2023-07-03T18:13:33.223+0000] {processor.py:836} INFO - DAG(s) dict_keys(['tutorial_taskflow_api']) retrieved from /home/airflow/.local/lib/python3.7/site-packages/airflow/example_dags/tutorial_taskflow_api.py
[2023-07-03T18:13:33.244+0000] {logging_mixin.py:149} INFO - [2023-07-03T18:13:33.244+0000] {dag.py:2726} INFO - Sync 1 DAGs
[2023-07-03T18:13:33.267+0000] {logging_mixin.py:149} INFO - [2023-07-03T18:13:33.267+0000] {dag.py:3490} INFO - Setting next_dagrun for tutorial_taskflow_api to None, run_after=None
[2023-07-03T18:13:33.284+0000] {processor.py:179} INFO - Processing /home/airflow/.local/lib/python3.7/site-packages/airflow/example_dags/tutorial_taskflow_api.py took 0.071 seconds
[2023-07-03T18:14:03.641+0000] {processor.py:157} INFO - Started process (PID=6589) to work on /home/airflow/.local/lib/python3.7/site-packages/airflow/example_dags/tutorial_taskflow_api.py
[2023-07-03T18:14:03.642+0000] {processor.py:826} INFO - Processing file /home/airflow/.local/lib/python3.7/site-packages/airflow/example_dags/tutorial_taskflow_api.py for tasks to queue
[2023-07-03T18:14:03.642+0000] {logging_mixin.py:149} INFO - [2023-07-03T18:14:03.642+0000] {dagbag.py:541} INFO - Filling up the DagBag from /home/airflow/.local/lib/python3.7/site-packages/airflow/example_dags/tutorial_taskflow_api.py
[2023-07-03T18:14:03.647+0000] {processor.py:836} INFO - DAG(s) dict_keys(['tutorial_taskflow_api']) retrieved from /home/airflow/.local/lib/python3.7/site-packages/airflow/example_dags/tutorial_taskflow_api.py
[2023-07-03T18:14:03.668+0000] {logging_mixin.py:149} INFO - [2023-07-03T18:14:03.667+0000] {dag.py:2726} INFO - Sync 1 DAGs
[2023-07-03T18:14:03.691+0000] {logging_mixin.py:149} INFO - [2023-07-03T18:14:03.691+0000] {dag.py:3490} INFO - Setting next_dagrun for tutorial_taskflow_api to None, run_after=None
[2023-07-03T18:14:03.708+0000] {processor.py:179} INFO - Processing /home/airflow/.local/lib/python3.7/site-packages/airflow/example_dags/tutorial_taskflow_api.py took 0.071 seconds
[2023-07-03T18:14:34.315+0000] {processor.py:157} INFO - Started process (PID=6838) to work on /home/airflow/.local/lib/python3.7/site-packages/airflow/example_dags/tutorial_taskflow_api.py
[2023-07-03T18:14:34.316+0000] {processor.py:826} INFO - Processing file /home/airflow/.local/lib/python3.7/site-packages/airflow/example_dags/tutorial_taskflow_api.py for tasks to queue
[2023-07-03T18:14:34.317+0000] {logging_mixin.py:149} INFO - [2023-07-03T18:14:34.317+0000] {dagbag.py:541} INFO - Filling up the DagBag from /home/airflow/.local/lib/python3.7/site-packages/airflow/example_dags/tutorial_taskflow_api.py
[2023-07-03T18:14:34.322+0000] {processor.py:836} INFO - DAG(s) dict_keys(['tutorial_taskflow_api']) retrieved from /home/airflow/.local/lib/python3.7/site-packages/airflow/example_dags/tutorial_taskflow_api.py
[2023-07-03T18:14:34.343+0000] {logging_mixin.py:149} INFO - [2023-07-03T18:14:34.342+0000] {dag.py:2726} INFO - Sync 1 DAGs
[2023-07-03T18:14:34.365+0000] {logging_mixin.py:149} INFO - [2023-07-03T18:14:34.365+0000] {dag.py:3490} INFO - Setting next_dagrun for tutorial_taskflow_api to None, run_after=None
[2023-07-03T18:14:34.382+0000] {processor.py:179} INFO - Processing /home/airflow/.local/lib/python3.7/site-packages/airflow/example_dags/tutorial_taskflow_api.py took 0.069 seconds
[2023-07-03T18:15:04.744+0000] {processor.py:157} INFO - Started process (PID=7087) to work on /home/airflow/.local/lib/python3.7/site-packages/airflow/example_dags/tutorial_taskflow_api.py
[2023-07-03T18:15:04.745+0000] {processor.py:826} INFO - Processing file /home/airflow/.local/lib/python3.7/site-packages/airflow/example_dags/tutorial_taskflow_api.py for tasks to queue
[2023-07-03T18:15:04.746+0000] {logging_mixin.py:149} INFO - [2023-07-03T18:15:04.746+0000] {dagbag.py:541} INFO - Filling up the DagBag from /home/airflow/.local/lib/python3.7/site-packages/airflow/example_dags/tutorial_taskflow_api.py
[2023-07-03T18:15:04.751+0000] {processor.py:836} INFO - DAG(s) dict_keys(['tutorial_taskflow_api']) retrieved from /home/airflow/.local/lib/python3.7/site-packages/airflow/example_dags/tutorial_taskflow_api.py
[2023-07-03T18:15:04.772+0000] {logging_mixin.py:149} INFO - [2023-07-03T18:15:04.772+0000] {dag.py:2726} INFO - Sync 1 DAGs
[2023-07-03T18:15:04.794+0000] {logging_mixin.py:149} INFO - [2023-07-03T18:15:04.794+0000] {dag.py:3490} INFO - Setting next_dagrun for tutorial_taskflow_api to None, run_after=None
[2023-07-03T18:15:04.811+0000] {processor.py:179} INFO - Processing /home/airflow/.local/lib/python3.7/site-packages/airflow/example_dags/tutorial_taskflow_api.py took 0.070 seconds
[2023-07-03T18:15:35.249+0000] {processor.py:157} INFO - Started process (PID=7336) to work on /home/airflow/.local/lib/python3.7/site-packages/airflow/example_dags/tutorial_taskflow_api.py
[2023-07-03T18:15:35.250+0000] {processor.py:826} INFO - Processing file /home/airflow/.local/lib/python3.7/site-packages/airflow/example_dags/tutorial_taskflow_api.py for tasks to queue
[2023-07-03T18:15:35.251+0000] {logging_mixin.py:149} INFO - [2023-07-03T18:15:35.251+0000] {dagbag.py:541} INFO - Filling up the DagBag from /home/airflow/.local/lib/python3.7/site-packages/airflow/example_dags/tutorial_taskflow_api.py
[2023-07-03T18:15:35.256+0000] {processor.py:836} INFO - DAG(s) dict_keys(['tutorial_taskflow_api']) retrieved from /home/airflow/.local/lib/python3.7/site-packages/airflow/example_dags/tutorial_taskflow_api.py
[2023-07-03T18:15:35.280+0000] {logging_mixin.py:149} INFO - [2023-07-03T18:15:35.280+0000] {dag.py:2726} INFO - Sync 1 DAGs
[2023-07-03T18:15:35.303+0000] {logging_mixin.py:149} INFO - [2023-07-03T18:15:35.303+0000] {dag.py:3490} INFO - Setting next_dagrun for tutorial_taskflow_api to None, run_after=None
[2023-07-03T18:15:35.321+0000] {processor.py:179} INFO - Processing /home/airflow/.local/lib/python3.7/site-packages/airflow/example_dags/tutorial_taskflow_api.py took 0.075 seconds
[2023-07-03T18:16:06.051+0000] {processor.py:157} INFO - Started process (PID=7585) to work on /home/airflow/.local/lib/python3.7/site-packages/airflow/example_dags/tutorial_taskflow_api.py
[2023-07-03T18:16:06.052+0000] {processor.py:826} INFO - Processing file /home/airflow/.local/lib/python3.7/site-packages/airflow/example_dags/tutorial_taskflow_api.py for tasks to queue
[2023-07-03T18:16:06.053+0000] {logging_mixin.py:149} INFO - [2023-07-03T18:16:06.053+0000] {dagbag.py:541} INFO - Filling up the DagBag from /home/airflow/.local/lib/python3.7/site-packages/airflow/example_dags/tutorial_taskflow_api.py
[2023-07-03T18:16:06.059+0000] {processor.py:836} INFO - DAG(s) dict_keys(['tutorial_taskflow_api']) retrieved from /home/airflow/.local/lib/python3.7/site-packages/airflow/example_dags/tutorial_taskflow_api.py
[2023-07-03T18:16:06.081+0000] {logging_mixin.py:149} INFO - [2023-07-03T18:16:06.081+0000] {dag.py:2726} INFO - Sync 1 DAGs
[2023-07-03T18:16:06.104+0000] {logging_mixin.py:149} INFO - [2023-07-03T18:16:06.104+0000] {dag.py:3490} INFO - Setting next_dagrun for tutorial_taskflow_api to None, run_after=None
[2023-07-03T18:16:06.122+0000] {processor.py:179} INFO - Processing /home/airflow/.local/lib/python3.7/site-packages/airflow/example_dags/tutorial_taskflow_api.py took 0.073 seconds
[2023-07-03T18:16:37.064+0000] {processor.py:157} INFO - Started process (PID=7834) to work on /home/airflow/.local/lib/python3.7/site-packages/airflow/example_dags/tutorial_taskflow_api.py
[2023-07-03T18:16:37.065+0000] {processor.py:826} INFO - Processing file /home/airflow/.local/lib/python3.7/site-packages/airflow/example_dags/tutorial_taskflow_api.py for tasks to queue
[2023-07-03T18:16:37.066+0000] {logging_mixin.py:149} INFO - [2023-07-03T18:16:37.066+0000] {dagbag.py:541} INFO - Filling up the DagBag from /home/airflow/.local/lib/python3.7/site-packages/airflow/example_dags/tutorial_taskflow_api.py
[2023-07-03T18:16:37.072+0000] {processor.py:836} INFO - DAG(s) dict_keys(['tutorial_taskflow_api']) retrieved from /home/airflow/.local/lib/python3.7/site-packages/airflow/example_dags/tutorial_taskflow_api.py
[2023-07-03T18:16:37.094+0000] {logging_mixin.py:149} INFO - [2023-07-03T18:16:37.094+0000] {dag.py:2726} INFO - Sync 1 DAGs
[2023-07-03T18:16:37.118+0000] {logging_mixin.py:149} INFO - [2023-07-03T18:16:37.118+0000] {dag.py:3490} INFO - Setting next_dagrun for tutorial_taskflow_api to None, run_after=None
[2023-07-03T18:16:37.137+0000] {processor.py:179} INFO - Processing /home/airflow/.local/lib/python3.7/site-packages/airflow/example_dags/tutorial_taskflow_api.py took 0.076 seconds
[2023-07-03T18:17:07.856+0000] {processor.py:157} INFO - Started process (PID=8084) to work on /home/airflow/.local/lib/python3.7/site-packages/airflow/example_dags/tutorial_taskflow_api.py
[2023-07-03T18:17:07.857+0000] {processor.py:826} INFO - Processing file /home/airflow/.local/lib/python3.7/site-packages/airflow/example_dags/tutorial_taskflow_api.py for tasks to queue
[2023-07-03T18:17:07.858+0000] {logging_mixin.py:149} INFO - [2023-07-03T18:17:07.858+0000] {dagbag.py:541} INFO - Filling up the DagBag from /home/airflow/.local/lib/python3.7/site-packages/airflow/example_dags/tutorial_taskflow_api.py
[2023-07-03T18:17:07.866+0000] {processor.py:836} INFO - DAG(s) dict_keys(['tutorial_taskflow_api']) retrieved from /home/airflow/.local/lib/python3.7/site-packages/airflow/example_dags/tutorial_taskflow_api.py
[2023-07-03T18:17:07.890+0000] {logging_mixin.py:149} INFO - [2023-07-03T18:17:07.890+0000] {dag.py:2726} INFO - Sync 1 DAGs
[2023-07-03T18:17:07.915+0000] {logging_mixin.py:149} INFO - [2023-07-03T18:17:07.915+0000] {dag.py:3490} INFO - Setting next_dagrun for tutorial_taskflow_api to None, run_after=None
[2023-07-03T18:17:07.936+0000] {processor.py:179} INFO - Processing /home/airflow/.local/lib/python3.7/site-packages/airflow/example_dags/tutorial_taskflow_api.py took 0.083 seconds
[2023-07-03T18:17:38.210+0000] {processor.py:157} INFO - Started process (PID=8333) to work on /home/airflow/.local/lib/python3.7/site-packages/airflow/example_dags/tutorial_taskflow_api.py
[2023-07-03T18:17:38.211+0000] {processor.py:826} INFO - Processing file /home/airflow/.local/lib/python3.7/site-packages/airflow/example_dags/tutorial_taskflow_api.py for tasks to queue
[2023-07-03T18:17:38.212+0000] {logging_mixin.py:149} INFO - [2023-07-03T18:17:38.212+0000] {dagbag.py:541} INFO - Filling up the DagBag from /home/airflow/.local/lib/python3.7/site-packages/airflow/example_dags/tutorial_taskflow_api.py
[2023-07-03T18:17:38.218+0000] {processor.py:836} INFO - DAG(s) dict_keys(['tutorial_taskflow_api']) retrieved from /home/airflow/.local/lib/python3.7/site-packages/airflow/example_dags/tutorial_taskflow_api.py
[2023-07-03T18:17:38.243+0000] {logging_mixin.py:149} INFO - [2023-07-03T18:17:38.243+0000] {dag.py:2726} INFO - Sync 1 DAGs
[2023-07-03T18:17:38.272+0000] {logging_mixin.py:149} INFO - [2023-07-03T18:17:38.272+0000] {dag.py:3490} INFO - Setting next_dagrun for tutorial_taskflow_api to None, run_after=None
[2023-07-03T18:17:38.293+0000] {processor.py:179} INFO - Processing /home/airflow/.local/lib/python3.7/site-packages/airflow/example_dags/tutorial_taskflow_api.py took 0.085 seconds
[2023-07-03T18:18:09.208+0000] {processor.py:157} INFO - Started process (PID=8582) to work on /home/airflow/.local/lib/python3.7/site-packages/airflow/example_dags/tutorial_taskflow_api.py
[2023-07-03T18:18:09.209+0000] {processor.py:826} INFO - Processing file /home/airflow/.local/lib/python3.7/site-packages/airflow/example_dags/tutorial_taskflow_api.py for tasks to queue
[2023-07-03T18:18:09.210+0000] {logging_mixin.py:149} INFO - [2023-07-03T18:18:09.210+0000] {dagbag.py:541} INFO - Filling up the DagBag from /home/airflow/.local/lib/python3.7/site-packages/airflow/example_dags/tutorial_taskflow_api.py
[2023-07-03T18:18:09.217+0000] {processor.py:836} INFO - DAG(s) dict_keys(['tutorial_taskflow_api']) retrieved from /home/airflow/.local/lib/python3.7/site-packages/airflow/example_dags/tutorial_taskflow_api.py
[2023-07-03T18:18:09.239+0000] {logging_mixin.py:149} INFO - [2023-07-03T18:18:09.239+0000] {dag.py:2726} INFO - Sync 1 DAGs
[2023-07-03T18:18:09.269+0000] {logging_mixin.py:149} INFO - [2023-07-03T18:18:09.269+0000] {dag.py:3490} INFO - Setting next_dagrun for tutorial_taskflow_api to None, run_after=None
[2023-07-03T18:18:09.296+0000] {processor.py:179} INFO - Processing /home/airflow/.local/lib/python3.7/site-packages/airflow/example_dags/tutorial_taskflow_api.py took 0.091 seconds
[2023-07-03T18:18:39.416+0000] {processor.py:157} INFO - Started process (PID=8831) to work on /home/airflow/.local/lib/python3.7/site-packages/airflow/example_dags/tutorial_taskflow_api.py
[2023-07-03T18:18:39.417+0000] {processor.py:826} INFO - Processing file /home/airflow/.local/lib/python3.7/site-packages/airflow/example_dags/tutorial_taskflow_api.py for tasks to queue
[2023-07-03T18:18:39.418+0000] {logging_mixin.py:149} INFO - [2023-07-03T18:18:39.417+0000] {dagbag.py:541} INFO - Filling up the DagBag from /home/airflow/.local/lib/python3.7/site-packages/airflow/example_dags/tutorial_taskflow_api.py
[2023-07-03T18:18:39.424+0000] {processor.py:836} INFO - DAG(s) dict_keys(['tutorial_taskflow_api']) retrieved from /home/airflow/.local/lib/python3.7/site-packages/airflow/example_dags/tutorial_taskflow_api.py
[2023-07-03T18:18:39.446+0000] {logging_mixin.py:149} INFO - [2023-07-03T18:18:39.446+0000] {dag.py:2726} INFO - Sync 1 DAGs
[2023-07-03T18:18:39.470+0000] {logging_mixin.py:149} INFO - [2023-07-03T18:18:39.470+0000] {dag.py:3490} INFO - Setting next_dagrun for tutorial_taskflow_api to None, run_after=None
[2023-07-03T18:18:39.495+0000] {processor.py:179} INFO - Processing /home/airflow/.local/lib/python3.7/site-packages/airflow/example_dags/tutorial_taskflow_api.py took 0.082 seconds
[2023-07-03T18:19:09.522+0000] {processor.py:157} INFO - Started process (PID=9075) to work on /home/airflow/.local/lib/python3.7/site-packages/airflow/example_dags/tutorial_taskflow_api.py
[2023-07-03T18:19:09.523+0000] {processor.py:826} INFO - Processing file /home/airflow/.local/lib/python3.7/site-packages/airflow/example_dags/tutorial_taskflow_api.py for tasks to queue
[2023-07-03T18:19:09.524+0000] {logging_mixin.py:149} INFO - [2023-07-03T18:19:09.524+0000] {dagbag.py:541} INFO - Filling up the DagBag from /home/airflow/.local/lib/python3.7/site-packages/airflow/example_dags/tutorial_taskflow_api.py
[2023-07-03T18:19:09.530+0000] {processor.py:836} INFO - DAG(s) dict_keys(['tutorial_taskflow_api']) retrieved from /home/airflow/.local/lib/python3.7/site-packages/airflow/example_dags/tutorial_taskflow_api.py
[2023-07-03T18:19:09.552+0000] {logging_mixin.py:149} INFO - [2023-07-03T18:19:09.551+0000] {dag.py:2726} INFO - Sync 1 DAGs
[2023-07-03T18:19:09.578+0000] {logging_mixin.py:149} INFO - [2023-07-03T18:19:09.578+0000] {dag.py:3490} INFO - Setting next_dagrun for tutorial_taskflow_api to None, run_after=None
[2023-07-03T18:19:09.605+0000] {processor.py:179} INFO - Processing /home/airflow/.local/lib/python3.7/site-packages/airflow/example_dags/tutorial_taskflow_api.py took 0.087 seconds
[2023-07-03T18:19:39.914+0000] {processor.py:157} INFO - Started process (PID=9324) to work on /home/airflow/.local/lib/python3.7/site-packages/airflow/example_dags/tutorial_taskflow_api.py
[2023-07-03T18:19:39.915+0000] {processor.py:826} INFO - Processing file /home/airflow/.local/lib/python3.7/site-packages/airflow/example_dags/tutorial_taskflow_api.py for tasks to queue
[2023-07-03T18:19:39.916+0000] {logging_mixin.py:149} INFO - [2023-07-03T18:19:39.916+0000] {dagbag.py:541} INFO - Filling up the DagBag from /home/airflow/.local/lib/python3.7/site-packages/airflow/example_dags/tutorial_taskflow_api.py
[2023-07-03T18:19:39.925+0000] {processor.py:836} INFO - DAG(s) dict_keys(['tutorial_taskflow_api']) retrieved from /home/airflow/.local/lib/python3.7/site-packages/airflow/example_dags/tutorial_taskflow_api.py
[2023-07-03T18:19:39.951+0000] {logging_mixin.py:149} INFO - [2023-07-03T18:19:39.950+0000] {dag.py:2726} INFO - Sync 1 DAGs
[2023-07-03T18:19:39.982+0000] {logging_mixin.py:149} INFO - [2023-07-03T18:19:39.981+0000] {dag.py:3490} INFO - Setting next_dagrun for tutorial_taskflow_api to None, run_after=None
[2023-07-03T18:19:40.009+0000] {processor.py:179} INFO - Processing /home/airflow/.local/lib/python3.7/site-packages/airflow/example_dags/tutorial_taskflow_api.py took 0.098 seconds
