[2023-07-10T08:41:50.792+0000] {taskinstance.py:1103} INFO - Dependencies all met for dep_context=non-requeueable deps ti=<TaskInstance: etl_uber_data.transform_pickup_location_dim manual__2023-07-10T02:44:19.817965+00:00 [queued]>
[2023-07-10T08:41:50.804+0000] {taskinstance.py:1103} INFO - Dependencies all met for dep_context=requeueable deps ti=<TaskInstance: etl_uber_data.transform_pickup_location_dim manual__2023-07-10T02:44:19.817965+00:00 [queued]>
[2023-07-10T08:41:50.804+0000] {taskinstance.py:1308} INFO - Starting attempt 23 of 24
[2023-07-10T08:41:50.819+0000] {taskinstance.py:1327} INFO - Executing <Task(PythonOperator): transform_pickup_location_dim> on 2023-07-10 02:44:19.817965+00:00
[2023-07-10T08:41:50.826+0000] {standard_task_runner.py:57} INFO - Started process 25257 to run task
[2023-07-10T08:41:50.829+0000] {standard_task_runner.py:84} INFO - Running: ['***', 'tasks', 'run', 'etl_uber_data', 'transform_pickup_location_dim', 'manual__2023-07-10T02:44:19.817965+00:00', '--job-id', '282', '--raw', '--subdir', 'DAGS_FOLDER/etl_uber_data.py', '--cfg-path', '/tmp/tmp7gzk63i6']
[2023-07-10T08:41:50.833+0000] {standard_task_runner.py:85} INFO - Job 282: Subtask transform_pickup_location_dim
[2023-07-10T08:41:50.901+0000] {task_command.py:410} INFO - Running <TaskInstance: etl_uber_data.transform_pickup_location_dim manual__2023-07-10T02:44:19.817965+00:00 [running]> on host 1481ab9bb806
[2023-07-10T08:41:50.994+0000] {taskinstance.py:1547} INFO - Exporting env vars: AIRFLOW_CTX_DAG_OWNER='Mervyn Frost' AIRFLOW_CTX_DAG_ID='etl_uber_data' AIRFLOW_CTX_TASK_ID='transform_pickup_location_dim' AIRFLOW_CTX_EXECUTION_DATE='2023-07-10T02:44:19.817965+00:00' AIRFLOW_CTX_TRY_NUMBER='23' AIRFLOW_CTX_DAG_RUN_ID='manual__2023-07-10T02:44:19.817965+00:00'
[2023-07-10T08:41:51.224+0000] {python.py:183} INFO - Done. Returned value was:        pickup_location_id  pickup_longitude  pickup_latitude
0                       0        -73.976746        40.765152
1                       1        -73.983482        40.767925
2                       2        -73.782021        40.644810
3                       3        -73.863419        40.769814
4                       4        -73.971741        40.792183
...                   ...               ...              ...
99995               99995        -73.990898        40.750519
99996               99996        -74.014488        40.718296
99997               99997        -73.963379        40.774097
99998               99998        -73.984901        40.763111
99999               99999        -73.990685        40.750473

[100000 rows x 3 columns]
[2023-07-10T08:41:51.440+0000] {taskinstance.py:1350} INFO - Marking task as SUCCESS. dag_id=etl_uber_data, task_id=transform_pickup_location_dim, execution_date=20230710T024419, start_date=20230710T084150, end_date=20230710T084151
[2023-07-10T08:41:51.488+0000] {local_task_job_runner.py:225} INFO - Task exited with return code 0
[2023-07-10T08:41:51.525+0000] {taskinstance.py:2653} INFO - 0 downstream tasks scheduled from follow-on schedule check
