[2023-07-10T02:53:58.396+0000] {taskinstance.py:1103} INFO - Dependencies all met for dep_context=non-requeueable deps ti=<TaskInstance: etl_uber_data.extract manual__2023-07-10T02:53:45.112070+00:00 [queued]>
[2023-07-10T02:53:58.403+0000] {taskinstance.py:1103} INFO - Dependencies all met for dep_context=requeueable deps ti=<TaskInstance: etl_uber_data.extract manual__2023-07-10T02:53:45.112070+00:00 [queued]>
[2023-07-10T02:53:58.404+0000] {taskinstance.py:1308} INFO - Starting attempt 2 of 3
[2023-07-10T02:53:58.415+0000] {taskinstance.py:1327} INFO - Executing <Task(PythonOperator): extract> on 2023-07-10 02:53:45.112070+00:00
[2023-07-10T02:53:58.419+0000] {standard_task_runner.py:57} INFO - Started process 1237 to run task
[2023-07-10T02:53:58.422+0000] {standard_task_runner.py:84} INFO - Running: ['***', 'tasks', 'run', 'etl_uber_data', 'extract', 'manual__2023-07-10T02:53:45.112070+00:00', '--job-id', '11', '--raw', '--subdir', 'DAGS_FOLDER/etl_uber_data.py', '--cfg-path', '/tmp/tmpoytbj_3d']
[2023-07-10T02:53:58.423+0000] {standard_task_runner.py:85} INFO - Job 11: Subtask extract
[2023-07-10T02:53:58.460+0000] {task_command.py:410} INFO - Running <TaskInstance: etl_uber_data.extract manual__2023-07-10T02:53:45.112070+00:00 [running]> on host 1481ab9bb806
[2023-07-10T02:53:58.528+0000] {taskinstance.py:1547} INFO - Exporting env vars: AIRFLOW_CTX_DAG_OWNER='Mervyn Frost' AIRFLOW_CTX_DAG_ID='etl_uber_data' AIRFLOW_CTX_TASK_ID='extract' AIRFLOW_CTX_EXECUTION_DATE='2023-07-10T02:53:45.112070+00:00' AIRFLOW_CTX_TRY_NUMBER='2' AIRFLOW_CTX_DAG_RUN_ID='manual__2023-07-10T02:53:45.112070+00:00'
[2023-07-10T02:53:58.707+0000] {python.py:183} INFO - Done. Returned value was:        VendorID tpep_pickup_datetime  ... improvement_surcharge  total_amount
0             1  2016-03-01 00:00:00  ...                   0.3         12.35
1             1  2016-03-01 00:00:00  ...                   0.3         15.35
2             2  2016-03-01 00:00:00  ...                   0.3         63.80
3             2  2016-03-01 00:00:00  ...                   0.3         41.62
4             2  2016-03-01 00:00:00  ...                   0.3        113.80
...         ...                  ...  ...                   ...           ...
99995         1  2016-03-01 06:17:10  ...                   0.3          5.80
99996         1  2016-03-01 06:17:10  ...                   0.3         16.80
99997         1  2016-03-01 06:17:10  ...                   0.3         44.14
99998         2  2016-03-01 06:17:10  ...                   0.3          8.16
99999         1  2016-03-01 06:17:11  ...                   0.3          6.80

[100000 rows x 19 columns]
[2023-07-10T02:53:59.097+0000] {taskinstance.py:1350} INFO - Marking task as SUCCESS. dag_id=etl_uber_data, task_id=extract, execution_date=20230710T025345, start_date=20230710T025358, end_date=20230710T025359
[2023-07-10T02:53:59.157+0000] {local_task_job_runner.py:225} INFO - Task exited with return code 0
[2023-07-10T02:53:59.178+0000] {taskinstance.py:2653} INFO - 1 downstream tasks scheduled from follow-on schedule check
