[2023-07-10T08:41:50.786+0000] {taskinstance.py:1103} INFO - Dependencies all met for dep_context=non-requeueable deps ti=<TaskInstance: etl_uber_data.transform_trip_distance_dim manual__2023-07-10T02:44:19.817965+00:00 [queued]>
[2023-07-10T08:41:50.799+0000] {taskinstance.py:1103} INFO - Dependencies all met for dep_context=requeueable deps ti=<TaskInstance: etl_uber_data.transform_trip_distance_dim manual__2023-07-10T02:44:19.817965+00:00 [queued]>
[2023-07-10T08:41:50.800+0000] {taskinstance.py:1308} INFO - Starting attempt 23 of 24
[2023-07-10T08:41:50.816+0000] {taskinstance.py:1327} INFO - Executing <Task(PythonOperator): transform_trip_distance_dim> on 2023-07-10 02:44:19.817965+00:00
[2023-07-10T08:41:50.822+0000] {standard_task_runner.py:57} INFO - Started process 25256 to run task
[2023-07-10T08:41:50.825+0000] {standard_task_runner.py:84} INFO - Running: ['***', 'tasks', 'run', 'etl_uber_data', 'transform_trip_distance_dim', 'manual__2023-07-10T02:44:19.817965+00:00', '--job-id', '281', '--raw', '--subdir', 'DAGS_FOLDER/etl_uber_data.py', '--cfg-path', '/tmp/tmpaky3wp4p']
[2023-07-10T08:41:50.827+0000] {standard_task_runner.py:85} INFO - Job 281: Subtask transform_trip_distance_dim
[2023-07-10T08:41:50.890+0000] {task_command.py:410} INFO - Running <TaskInstance: etl_uber_data.transform_trip_distance_dim manual__2023-07-10T02:44:19.817965+00:00 [running]> on host 1481ab9bb806
[2023-07-10T08:41:50.991+0000] {taskinstance.py:1547} INFO - Exporting env vars: AIRFLOW_CTX_DAG_OWNER='Mervyn Frost' AIRFLOW_CTX_DAG_ID='etl_uber_data' AIRFLOW_CTX_TASK_ID='transform_trip_distance_dim' AIRFLOW_CTX_EXECUTION_DATE='2023-07-10T02:44:19.817965+00:00' AIRFLOW_CTX_TRY_NUMBER='23' AIRFLOW_CTX_DAG_RUN_ID='manual__2023-07-10T02:44:19.817965+00:00'
[2023-07-10T08:41:51.225+0000] {python.py:183} INFO - Done. Returned value was:        trip_distance_id  trip_distance
0                     0           2.50
1                     1           2.90
2                     2          19.98
3                     3          10.78
4                     4          30.43
...                 ...            ...
99995             99995           0.50
99996             99996           3.40
99997             99997           9.70
99998             99998           0.92
99999             99999           1.00

[100000 rows x 2 columns]
[2023-07-10T08:41:51.391+0000] {taskinstance.py:1350} INFO - Marking task as SUCCESS. dag_id=etl_uber_data, task_id=transform_trip_distance_dim, execution_date=20230710T024419, start_date=20230710T084150, end_date=20230710T084151
[2023-07-10T08:41:51.439+0000] {local_task_job_runner.py:225} INFO - Task exited with return code 0
[2023-07-10T08:41:51.466+0000] {taskinstance.py:2653} INFO - 0 downstream tasks scheduled from follow-on schedule check
