[2023-07-10T08:27:35.658+0000] {taskinstance.py:1103} INFO - Dependencies all met for dep_context=non-requeueable deps ti=<TaskInstance: etl_uber_data.transform_trip_distance_dim manual__2023-07-10T02:44:19.817965+00:00 [queued]>
[2023-07-10T08:27:35.671+0000] {taskinstance.py:1103} INFO - Dependencies all met for dep_context=requeueable deps ti=<TaskInstance: etl_uber_data.transform_trip_distance_dim manual__2023-07-10T02:44:19.817965+00:00 [queued]>
[2023-07-10T08:27:35.672+0000] {taskinstance.py:1308} INFO - Starting attempt 16 of 17
[2023-07-10T08:27:35.687+0000] {taskinstance.py:1327} INFO - Executing <Task(PythonOperator): transform_trip_distance_dim> on 2023-07-10 02:44:19.817965+00:00
[2023-07-10T08:27:35.696+0000] {standard_task_runner.py:57} INFO - Started process 22685 to run task
[2023-07-10T08:27:35.699+0000] {standard_task_runner.py:84} INFO - Running: ['***', 'tasks', 'run', 'etl_uber_data', 'transform_trip_distance_dim', 'manual__2023-07-10T02:44:19.817965+00:00', '--job-id', '216', '--raw', '--subdir', 'DAGS_FOLDER/etl_uber_data.py', '--cfg-path', '/tmp/tmp2m4_va_k']
[2023-07-10T08:27:35.703+0000] {standard_task_runner.py:85} INFO - Job 216: Subtask transform_trip_distance_dim
[2023-07-10T08:27:35.768+0000] {task_command.py:410} INFO - Running <TaskInstance: etl_uber_data.transform_trip_distance_dim manual__2023-07-10T02:44:19.817965+00:00 [running]> on host 1481ab9bb806
[2023-07-10T08:27:35.870+0000] {taskinstance.py:1547} INFO - Exporting env vars: AIRFLOW_CTX_DAG_OWNER='Mervyn Frost' AIRFLOW_CTX_DAG_ID='etl_uber_data' AIRFLOW_CTX_TASK_ID='transform_trip_distance_dim' AIRFLOW_CTX_EXECUTION_DATE='2023-07-10T02:44:19.817965+00:00' AIRFLOW_CTX_TRY_NUMBER='16' AIRFLOW_CTX_DAG_RUN_ID='manual__2023-07-10T02:44:19.817965+00:00'
[2023-07-10T08:27:36.094+0000] {python.py:183} INFO - Done. Returned value was:        trip_distance_id  trip_distance
0                     0           2.50
1                     1           2.90
2                     2          19.98
3                     3          10.78
4                     4          30.43
...                 ...            ...
99995             99995           0.50
99996             99996           3.40
99997             99997           9.70
99998             99998           0.92
99999             99999           1.00

[100000 rows x 2 columns]
[2023-07-10T08:27:36.211+0000] {taskinstance.py:1350} INFO - Marking task as SUCCESS. dag_id=etl_uber_data, task_id=transform_trip_distance_dim, execution_date=20230710T024419, start_date=20230710T082735, end_date=20230710T082736
[2023-07-10T08:27:36.234+0000] {local_task_job_runner.py:225} INFO - Task exited with return code 0
[2023-07-10T08:27:36.283+0000] {taskinstance.py:2653} INFO - 0 downstream tasks scheduled from follow-on schedule check
