[2023-07-10T08:21:30.138+0000] {taskinstance.py:1103} INFO - Dependencies all met for dep_context=non-requeueable deps ti=<TaskInstance: etl_uber_data.transform_payment_type_dim manual__2023-07-10T02:44:19.817965+00:00 [queued]>
[2023-07-10T08:21:30.150+0000] {taskinstance.py:1103} INFO - Dependencies all met for dep_context=requeueable deps ti=<TaskInstance: etl_uber_data.transform_payment_type_dim manual__2023-07-10T02:44:19.817965+00:00 [queued]>
[2023-07-10T08:21:30.151+0000] {taskinstance.py:1308} INFO - Starting attempt 9 of 10
[2023-07-10T08:21:30.169+0000] {taskinstance.py:1327} INFO - Executing <Task(PythonOperator): transform_payment_type_dim> on 2023-07-10 02:44:19.817965+00:00
[2023-07-10T08:21:30.174+0000] {standard_task_runner.py:57} INFO - Started process 20484 to run task
[2023-07-10T08:21:30.177+0000] {standard_task_runner.py:84} INFO - Running: ['***', 'tasks', 'run', 'etl_uber_data', 'transform_payment_type_dim', 'manual__2023-07-10T02:44:19.817965+00:00', '--job-id', '144', '--raw', '--subdir', 'DAGS_FOLDER/etl_uber_data.py', '--cfg-path', '/tmp/tmprnxsdoc1']
[2023-07-10T08:21:30.180+0000] {standard_task_runner.py:85} INFO - Job 144: Subtask transform_payment_type_dim
[2023-07-10T08:21:30.243+0000] {task_command.py:410} INFO - Running <TaskInstance: etl_uber_data.transform_payment_type_dim manual__2023-07-10T02:44:19.817965+00:00 [running]> on host 1481ab9bb806
[2023-07-10T08:21:30.334+0000] {taskinstance.py:1547} INFO - Exporting env vars: AIRFLOW_CTX_DAG_OWNER='Mervyn Frost' AIRFLOW_CTX_DAG_ID='etl_uber_data' AIRFLOW_CTX_TASK_ID='transform_payment_type_dim' AIRFLOW_CTX_EXECUTION_DATE='2023-07-10T02:44:19.817965+00:00' AIRFLOW_CTX_TRY_NUMBER='9' AIRFLOW_CTX_DAG_RUN_ID='manual__2023-07-10T02:44:19.817965+00:00'
[2023-07-10T08:21:30.541+0000] {python.py:183} INFO - Done. Returned value was:        payment_type_id  payment_type payment_type_name
0                    0             1       Credit card
1                    1             1       Credit card
2                    2             1       Credit card
3                    3             1       Credit card
4                    4             1       Credit card
...                ...           ...               ...
99995            99995             2              Cash
99996            99996             1       Credit card
99997            99997             1       Credit card
99998            99998             1       Credit card
99999            99999             2              Cash

[100000 rows x 3 columns]
[2023-07-10T08:21:30.676+0000] {taskinstance.py:1350} INFO - Marking task as SUCCESS. dag_id=etl_uber_data, task_id=transform_payment_type_dim, execution_date=20230710T024419, start_date=20230710T082130, end_date=20230710T082130
[2023-07-10T08:21:30.714+0000] {local_task_job_runner.py:225} INFO - Task exited with return code 0
[2023-07-10T08:21:30.738+0000] {taskinstance.py:2653} INFO - 0 downstream tasks scheduled from follow-on schedule check
