[2023-07-10T08:19:32.784+0000] {taskinstance.py:1103} INFO - Dependencies all met for dep_context=non-requeueable deps ti=<TaskInstance: etl_uber_data.transform_passenger_count_dim manual__2023-07-10T02:44:19.817965+00:00 [queued]>
[2023-07-10T08:19:32.798+0000] {taskinstance.py:1103} INFO - Dependencies all met for dep_context=requeueable deps ti=<TaskInstance: etl_uber_data.transform_passenger_count_dim manual__2023-07-10T02:44:19.817965+00:00 [queued]>
[2023-07-10T08:19:32.799+0000] {taskinstance.py:1308} INFO - Starting attempt 7 of 8
[2023-07-10T08:19:32.817+0000] {taskinstance.py:1327} INFO - Executing <Task(PythonOperator): transform_passenger_count_dim> on 2023-07-10 02:44:19.817965+00:00
[2023-07-10T08:19:32.824+0000] {standard_task_runner.py:57} INFO - Started process 19600 to run task
[2023-07-10T08:19:32.830+0000] {standard_task_runner.py:84} INFO - Running: ['***', 'tasks', 'run', 'etl_uber_data', 'transform_passenger_count_dim', 'manual__2023-07-10T02:44:19.817965+00:00', '--job-id', '117', '--raw', '--subdir', 'DAGS_FOLDER/etl_uber_data.py', '--cfg-path', '/tmp/tmp3zyyyw5_']
[2023-07-10T08:19:32.833+0000] {standard_task_runner.py:85} INFO - Job 117: Subtask transform_passenger_count_dim
[2023-07-10T08:19:32.897+0000] {task_command.py:410} INFO - Running <TaskInstance: etl_uber_data.transform_passenger_count_dim manual__2023-07-10T02:44:19.817965+00:00 [running]> on host 1481ab9bb806
[2023-07-10T08:19:32.995+0000] {taskinstance.py:1547} INFO - Exporting env vars: AIRFLOW_CTX_DAG_OWNER='Mervyn Frost' AIRFLOW_CTX_DAG_ID='etl_uber_data' AIRFLOW_CTX_TASK_ID='transform_passenger_count_dim' AIRFLOW_CTX_EXECUTION_DATE='2023-07-10T02:44:19.817965+00:00' AIRFLOW_CTX_TRY_NUMBER='7' AIRFLOW_CTX_DAG_RUN_ID='manual__2023-07-10T02:44:19.817965+00:00'
[2023-07-10T08:19:33.214+0000] {python.py:183} INFO - Done. Returned value was:        passenger_count_id  passenger_count
0                       0                1
1                       1                1
2                       2                2
3                       3                3
4                       4                5
...                   ...              ...
99995               99995                1
99996               99996                1
99997               99997                1
99998               99998                1
99999               99999                1

[100000 rows x 2 columns]
[2023-07-10T08:19:33.316+0000] {taskinstance.py:1350} INFO - Marking task as SUCCESS. dag_id=etl_uber_data, task_id=transform_passenger_count_dim, execution_date=20230710T024419, start_date=20230710T081932, end_date=20230710T081933
[2023-07-10T08:19:33.364+0000] {local_task_job_runner.py:225} INFO - Task exited with return code 0
[2023-07-10T08:19:33.409+0000] {taskinstance.py:2653} INFO - 0 downstream tasks scheduled from follow-on schedule check
