[2023-07-10T03:10:43.932+0000] {taskinstance.py:1103} INFO - Dependencies all met for dep_context=non-requeueable deps ti=<TaskInstance: etl_uber_data.transform manual__2023-07-10T02:53:45.112070+00:00 [queued]>
[2023-07-10T03:10:43.941+0000] {taskinstance.py:1103} INFO - Dependencies all met for dep_context=requeueable deps ti=<TaskInstance: etl_uber_data.transform manual__2023-07-10T02:53:45.112070+00:00 [queued]>
[2023-07-10T03:10:43.941+0000] {taskinstance.py:1308} INFO - Starting attempt 12 of 13
[2023-07-10T03:10:43.954+0000] {taskinstance.py:1327} INFO - Executing <Task(PythonOperator): transform> on 2023-07-10 02:53:45.112070+00:00
[2023-07-10T03:10:43.958+0000] {standard_task_runner.py:57} INFO - Started process 2601 to run task
[2023-07-10T03:10:43.961+0000] {standard_task_runner.py:84} INFO - Running: ['***', 'tasks', 'run', 'etl_uber_data', 'transform', 'manual__2023-07-10T02:53:45.112070+00:00', '--job-id', '36', '--raw', '--subdir', 'DAGS_FOLDER/etl_uber_data.py', '--cfg-path', '/tmp/tmp_v1dsuil']
[2023-07-10T03:10:43.963+0000] {standard_task_runner.py:85} INFO - Job 36: Subtask transform
[2023-07-10T03:10:44.007+0000] {task_command.py:410} INFO - Running <TaskInstance: etl_uber_data.transform manual__2023-07-10T02:53:45.112070+00:00 [running]> on host 1481ab9bb806
[2023-07-10T03:10:44.075+0000] {taskinstance.py:1547} INFO - Exporting env vars: AIRFLOW_CTX_DAG_OWNER='Mervyn Frost' AIRFLOW_CTX_DAG_ID='etl_uber_data' AIRFLOW_CTX_TASK_ID='transform' AIRFLOW_CTX_EXECUTION_DATE='2023-07-10T02:53:45.112070+00:00' AIRFLOW_CTX_TRY_NUMBER='12' AIRFLOW_CTX_DAG_RUN_ID='manual__2023-07-10T02:53:45.112070+00:00'
[2023-07-10T03:10:44.694+0000] {python.py:183} INFO - Done. Returned value was:        trip_id  VendorID  ...  improvement_surcharge  total_amount
0            0         1  ...                    0.3         12.35
1            1         1  ...                    0.3         15.35
2            2         2  ...                    0.3         63.80
3            3         2  ...                    0.3         41.62
4            4         2  ...                    0.3        113.80
...        ...       ...  ...                    ...           ...
99995    99995         1  ...                    0.3          5.80
99996    99996         1  ...                    0.3         16.80
99997    99997         1  ...                    0.3         44.14
99998    99998         2  ...                    0.3          8.16
99999    99999         1  ...                    0.3          6.80

[100000 rows x 17 columns]
[2023-07-10T03:10:45.553+0000] {taskinstance.py:1350} INFO - Marking task as SUCCESS. dag_id=etl_uber_data, task_id=transform, execution_date=20230710T025345, start_date=20230710T031043, end_date=20230710T031045
[2023-07-10T03:10:45.579+0000] {local_task_job_runner.py:225} INFO - Task exited with return code 0
[2023-07-10T03:10:45.593+0000] {taskinstance.py:2653} INFO - 0 downstream tasks scheduled from follow-on schedule check
