[2023-07-10T01:34:37.579+0000] {processor.py:157} INFO - Started process (PID=242) to work on /home/airflow/.local/lib/python3.7/site-packages/airflow/example_dags/example_task_group_decorator.py
[2023-07-10T01:34:37.580+0000] {processor.py:826} INFO - Processing file /home/airflow/.local/lib/python3.7/site-packages/airflow/example_dags/example_task_group_decorator.py for tasks to queue
[2023-07-10T01:34:37.581+0000] {logging_mixin.py:149} INFO - [2023-07-10T01:34:37.580+0000] {dagbag.py:541} INFO - Filling up the DagBag from /home/airflow/.local/lib/python3.7/site-packages/airflow/example_dags/example_task_group_decorator.py
[2023-07-10T01:34:37.594+0000] {processor.py:836} INFO - DAG(s) dict_keys(['example_task_group_decorator']) retrieved from /home/airflow/.local/lib/python3.7/site-packages/airflow/example_dags/example_task_group_decorator.py
[2023-07-10T01:34:37.623+0000] {logging_mixin.py:149} INFO - [2023-07-10T01:34:37.623+0000] {dag.py:2726} INFO - Sync 1 DAGs
[2023-07-10T01:34:37.654+0000] {logging_mixin.py:149} INFO - [2023-07-10T01:34:37.654+0000] {dag.py:3490} INFO - Setting next_dagrun for example_task_group_decorator to 2023-07-09T01:34:37.653848+00:00, run_after=2023-07-10T01:34:37.653848+00:00
[2023-07-10T01:34:37.674+0000] {processor.py:179} INFO - Processing /home/airflow/.local/lib/python3.7/site-packages/airflow/example_dags/example_task_group_decorator.py took 0.098 seconds
[2023-07-10T01:35:08.756+0000] {processor.py:157} INFO - Started process (PID=492) to work on /home/airflow/.local/lib/python3.7/site-packages/airflow/example_dags/example_task_group_decorator.py
[2023-07-10T01:35:08.757+0000] {processor.py:826} INFO - Processing file /home/airflow/.local/lib/python3.7/site-packages/airflow/example_dags/example_task_group_decorator.py for tasks to queue
[2023-07-10T01:35:08.758+0000] {logging_mixin.py:149} INFO - [2023-07-10T01:35:08.758+0000] {dagbag.py:541} INFO - Filling up the DagBag from /home/airflow/.local/lib/python3.7/site-packages/airflow/example_dags/example_task_group_decorator.py
[2023-07-10T01:35:08.770+0000] {processor.py:836} INFO - DAG(s) dict_keys(['example_task_group_decorator']) retrieved from /home/airflow/.local/lib/python3.7/site-packages/airflow/example_dags/example_task_group_decorator.py
[2023-07-10T01:35:08.793+0000] {logging_mixin.py:149} INFO - [2023-07-10T01:35:08.793+0000] {dag.py:2726} INFO - Sync 1 DAGs
[2023-07-10T01:35:08.814+0000] {logging_mixin.py:149} INFO - [2023-07-10T01:35:08.813+0000] {dag.py:3490} INFO - Setting next_dagrun for example_task_group_decorator to 2023-07-09T01:35:08.813732+00:00, run_after=2023-07-10T01:35:08.813732+00:00
[2023-07-10T01:35:08.833+0000] {processor.py:179} INFO - Processing /home/airflow/.local/lib/python3.7/site-packages/airflow/example_dags/example_task_group_decorator.py took 0.079 seconds
[2023-07-10T01:35:39.814+0000] {processor.py:157} INFO - Started process (PID=741) to work on /home/airflow/.local/lib/python3.7/site-packages/airflow/example_dags/example_task_group_decorator.py
[2023-07-10T01:35:39.815+0000] {processor.py:826} INFO - Processing file /home/airflow/.local/lib/python3.7/site-packages/airflow/example_dags/example_task_group_decorator.py for tasks to queue
[2023-07-10T01:35:39.816+0000] {logging_mixin.py:149} INFO - [2023-07-10T01:35:39.816+0000] {dagbag.py:541} INFO - Filling up the DagBag from /home/airflow/.local/lib/python3.7/site-packages/airflow/example_dags/example_task_group_decorator.py
[2023-07-10T01:35:39.827+0000] {processor.py:836} INFO - DAG(s) dict_keys(['example_task_group_decorator']) retrieved from /home/airflow/.local/lib/python3.7/site-packages/airflow/example_dags/example_task_group_decorator.py
[2023-07-10T01:35:39.851+0000] {logging_mixin.py:149} INFO - [2023-07-10T01:35:39.851+0000] {dag.py:2726} INFO - Sync 1 DAGs
[2023-07-10T01:35:39.872+0000] {logging_mixin.py:149} INFO - [2023-07-10T01:35:39.872+0000] {dag.py:3490} INFO - Setting next_dagrun for example_task_group_decorator to 2023-07-09T01:35:39.872629+00:00, run_after=2023-07-10T01:35:39.872629+00:00
[2023-07-10T01:35:39.961+0000] {processor.py:179} INFO - Processing /home/airflow/.local/lib/python3.7/site-packages/airflow/example_dags/example_task_group_decorator.py took 0.150 seconds
[2023-07-10T01:36:11.000+0000] {processor.py:157} INFO - Started process (PID=992) to work on /home/airflow/.local/lib/python3.7/site-packages/airflow/example_dags/example_task_group_decorator.py
[2023-07-10T01:36:11.001+0000] {processor.py:826} INFO - Processing file /home/airflow/.local/lib/python3.7/site-packages/airflow/example_dags/example_task_group_decorator.py for tasks to queue
[2023-07-10T01:36:11.002+0000] {logging_mixin.py:149} INFO - [2023-07-10T01:36:11.002+0000] {dagbag.py:541} INFO - Filling up the DagBag from /home/airflow/.local/lib/python3.7/site-packages/airflow/example_dags/example_task_group_decorator.py
[2023-07-10T01:36:11.013+0000] {processor.py:836} INFO - DAG(s) dict_keys(['example_task_group_decorator']) retrieved from /home/airflow/.local/lib/python3.7/site-packages/airflow/example_dags/example_task_group_decorator.py
[2023-07-10T01:36:11.110+0000] {logging_mixin.py:149} INFO - [2023-07-10T01:36:11.110+0000] {dag.py:2726} INFO - Sync 1 DAGs
[2023-07-10T01:36:11.128+0000] {logging_mixin.py:149} INFO - [2023-07-10T01:36:11.128+0000] {dag.py:3490} INFO - Setting next_dagrun for example_task_group_decorator to 2023-07-09T01:36:11.128475+00:00, run_after=2023-07-10T01:36:11.128475+00:00
[2023-07-10T01:36:11.145+0000] {processor.py:179} INFO - Processing /home/airflow/.local/lib/python3.7/site-packages/airflow/example_dags/example_task_group_decorator.py took 0.148 seconds
[2023-07-10T01:36:41.999+0000] {processor.py:157} INFO - Started process (PID=1239) to work on /home/airflow/.local/lib/python3.7/site-packages/airflow/example_dags/example_task_group_decorator.py
[2023-07-10T01:36:42.000+0000] {processor.py:826} INFO - Processing file /home/airflow/.local/lib/python3.7/site-packages/airflow/example_dags/example_task_group_decorator.py for tasks to queue
[2023-07-10T01:36:42.000+0000] {logging_mixin.py:149} INFO - [2023-07-10T01:36:42.000+0000] {dagbag.py:541} INFO - Filling up the DagBag from /home/airflow/.local/lib/python3.7/site-packages/airflow/example_dags/example_task_group_decorator.py
[2023-07-10T01:36:42.012+0000] {processor.py:836} INFO - DAG(s) dict_keys(['example_task_group_decorator']) retrieved from /home/airflow/.local/lib/python3.7/site-packages/airflow/example_dags/example_task_group_decorator.py
[2023-07-10T01:36:42.034+0000] {logging_mixin.py:149} INFO - [2023-07-10T01:36:42.034+0000] {dag.py:2726} INFO - Sync 1 DAGs
[2023-07-10T01:36:42.057+0000] {logging_mixin.py:149} INFO - [2023-07-10T01:36:42.057+0000] {dag.py:3490} INFO - Setting next_dagrun for example_task_group_decorator to 2023-07-09T01:36:42.056980+00:00, run_after=2023-07-10T01:36:42.056980+00:00
[2023-07-10T01:36:42.074+0000] {processor.py:179} INFO - Processing /home/airflow/.local/lib/python3.7/site-packages/airflow/example_dags/example_task_group_decorator.py took 0.078 seconds
[2023-07-10T01:37:12.277+0000] {processor.py:157} INFO - Started process (PID=1488) to work on /home/airflow/.local/lib/python3.7/site-packages/airflow/example_dags/example_task_group_decorator.py
[2023-07-10T01:37:12.278+0000] {processor.py:826} INFO - Processing file /home/airflow/.local/lib/python3.7/site-packages/airflow/example_dags/example_task_group_decorator.py for tasks to queue
[2023-07-10T01:37:12.278+0000] {logging_mixin.py:149} INFO - [2023-07-10T01:37:12.278+0000] {dagbag.py:541} INFO - Filling up the DagBag from /home/airflow/.local/lib/python3.7/site-packages/airflow/example_dags/example_task_group_decorator.py
[2023-07-10T01:37:12.291+0000] {processor.py:836} INFO - DAG(s) dict_keys(['example_task_group_decorator']) retrieved from /home/airflow/.local/lib/python3.7/site-packages/airflow/example_dags/example_task_group_decorator.py
[2023-07-10T01:37:12.317+0000] {logging_mixin.py:149} INFO - [2023-07-10T01:37:12.317+0000] {dag.py:2726} INFO - Sync 1 DAGs
[2023-07-10T01:37:12.342+0000] {logging_mixin.py:149} INFO - [2023-07-10T01:37:12.342+0000] {dag.py:3490} INFO - Setting next_dagrun for example_task_group_decorator to 2023-07-09T01:37:12.342344+00:00, run_after=2023-07-10T01:37:12.342344+00:00
[2023-07-10T01:37:12.362+0000] {processor.py:179} INFO - Processing /home/airflow/.local/lib/python3.7/site-packages/airflow/example_dags/example_task_group_decorator.py took 0.088 seconds
[2023-07-10T01:37:42.439+0000] {processor.py:157} INFO - Started process (PID=1737) to work on /home/airflow/.local/lib/python3.7/site-packages/airflow/example_dags/example_task_group_decorator.py
[2023-07-10T01:37:42.439+0000] {processor.py:826} INFO - Processing file /home/airflow/.local/lib/python3.7/site-packages/airflow/example_dags/example_task_group_decorator.py for tasks to queue
[2023-07-10T01:37:42.440+0000] {logging_mixin.py:149} INFO - [2023-07-10T01:37:42.440+0000] {dagbag.py:541} INFO - Filling up the DagBag from /home/airflow/.local/lib/python3.7/site-packages/airflow/example_dags/example_task_group_decorator.py
[2023-07-10T01:37:42.453+0000] {processor.py:836} INFO - DAG(s) dict_keys(['example_task_group_decorator']) retrieved from /home/airflow/.local/lib/python3.7/site-packages/airflow/example_dags/example_task_group_decorator.py
[2023-07-10T01:37:42.478+0000] {logging_mixin.py:149} INFO - [2023-07-10T01:37:42.477+0000] {dag.py:2726} INFO - Sync 1 DAGs
[2023-07-10T01:37:42.499+0000] {logging_mixin.py:149} INFO - [2023-07-10T01:37:42.499+0000] {dag.py:3490} INFO - Setting next_dagrun for example_task_group_decorator to 2023-07-09T01:37:42.499177+00:00, run_after=2023-07-10T01:37:42.499177+00:00
[2023-07-10T01:37:42.519+0000] {processor.py:179} INFO - Processing /home/airflow/.local/lib/python3.7/site-packages/airflow/example_dags/example_task_group_decorator.py took 0.083 seconds
[2023-07-10T01:38:12.596+0000] {processor.py:157} INFO - Started process (PID=1983) to work on /home/airflow/.local/lib/python3.7/site-packages/airflow/example_dags/example_task_group_decorator.py
[2023-07-10T01:38:12.596+0000] {processor.py:826} INFO - Processing file /home/airflow/.local/lib/python3.7/site-packages/airflow/example_dags/example_task_group_decorator.py for tasks to queue
[2023-07-10T01:38:12.597+0000] {logging_mixin.py:149} INFO - [2023-07-10T01:38:12.597+0000] {dagbag.py:541} INFO - Filling up the DagBag from /home/airflow/.local/lib/python3.7/site-packages/airflow/example_dags/example_task_group_decorator.py
[2023-07-10T01:38:12.613+0000] {processor.py:836} INFO - DAG(s) dict_keys(['example_task_group_decorator']) retrieved from /home/airflow/.local/lib/python3.7/site-packages/airflow/example_dags/example_task_group_decorator.py
[2023-07-10T01:38:12.638+0000] {logging_mixin.py:149} INFO - [2023-07-10T01:38:12.638+0000] {dag.py:2726} INFO - Sync 1 DAGs
[2023-07-10T01:38:12.661+0000] {logging_mixin.py:149} INFO - [2023-07-10T01:38:12.661+0000] {dag.py:3490} INFO - Setting next_dagrun for example_task_group_decorator to 2023-07-09T01:38:12.661294+00:00, run_after=2023-07-10T01:38:12.661294+00:00
[2023-07-10T01:38:12.678+0000] {processor.py:179} INFO - Processing /home/airflow/.local/lib/python3.7/site-packages/airflow/example_dags/example_task_group_decorator.py took 0.086 seconds
[2023-07-10T01:38:42.728+0000] {processor.py:157} INFO - Started process (PID=2232) to work on /home/airflow/.local/lib/python3.7/site-packages/airflow/example_dags/example_task_group_decorator.py
[2023-07-10T01:38:42.729+0000] {processor.py:826} INFO - Processing file /home/airflow/.local/lib/python3.7/site-packages/airflow/example_dags/example_task_group_decorator.py for tasks to queue
[2023-07-10T01:38:42.730+0000] {logging_mixin.py:149} INFO - [2023-07-10T01:38:42.730+0000] {dagbag.py:541} INFO - Filling up the DagBag from /home/airflow/.local/lib/python3.7/site-packages/airflow/example_dags/example_task_group_decorator.py
[2023-07-10T01:38:42.742+0000] {processor.py:836} INFO - DAG(s) dict_keys(['example_task_group_decorator']) retrieved from /home/airflow/.local/lib/python3.7/site-packages/airflow/example_dags/example_task_group_decorator.py
[2023-07-10T01:38:42.753+0000] {logging_mixin.py:149} INFO - [2023-07-10T01:38:42.753+0000] {dag.py:2726} INFO - Sync 1 DAGs
[2023-07-10T01:38:42.774+0000] {logging_mixin.py:149} INFO - [2023-07-10T01:38:42.774+0000] {dag.py:3490} INFO - Setting next_dagrun for example_task_group_decorator to 2023-07-09T01:38:42.774324+00:00, run_after=2023-07-10T01:38:42.774324+00:00
[2023-07-10T01:38:42.791+0000] {processor.py:179} INFO - Processing /home/airflow/.local/lib/python3.7/site-packages/airflow/example_dags/example_task_group_decorator.py took 0.065 seconds
[2023-07-10T01:39:13.193+0000] {processor.py:157} INFO - Started process (PID=2481) to work on /home/airflow/.local/lib/python3.7/site-packages/airflow/example_dags/example_task_group_decorator.py
[2023-07-10T01:39:13.194+0000] {processor.py:826} INFO - Processing file /home/airflow/.local/lib/python3.7/site-packages/airflow/example_dags/example_task_group_decorator.py for tasks to queue
[2023-07-10T01:39:13.195+0000] {logging_mixin.py:149} INFO - [2023-07-10T01:39:13.195+0000] {dagbag.py:541} INFO - Filling up the DagBag from /home/airflow/.local/lib/python3.7/site-packages/airflow/example_dags/example_task_group_decorator.py
[2023-07-10T01:39:13.206+0000] {processor.py:836} INFO - DAG(s) dict_keys(['example_task_group_decorator']) retrieved from /home/airflow/.local/lib/python3.7/site-packages/airflow/example_dags/example_task_group_decorator.py
[2023-07-10T01:39:13.229+0000] {logging_mixin.py:149} INFO - [2023-07-10T01:39:13.229+0000] {dag.py:2726} INFO - Sync 1 DAGs
[2023-07-10T01:39:13.247+0000] {logging_mixin.py:149} INFO - [2023-07-10T01:39:13.247+0000] {dag.py:3490} INFO - Setting next_dagrun for example_task_group_decorator to 2023-07-09T01:39:13.247706+00:00, run_after=2023-07-10T01:39:13.247706+00:00
[2023-07-10T01:39:13.263+0000] {processor.py:179} INFO - Processing /home/airflow/.local/lib/python3.7/site-packages/airflow/example_dags/example_task_group_decorator.py took 0.072 seconds
[2023-07-10T01:39:43.337+0000] {processor.py:157} INFO - Started process (PID=2730) to work on /home/airflow/.local/lib/python3.7/site-packages/airflow/example_dags/example_task_group_decorator.py
[2023-07-10T01:39:43.338+0000] {processor.py:826} INFO - Processing file /home/airflow/.local/lib/python3.7/site-packages/airflow/example_dags/example_task_group_decorator.py for tasks to queue
[2023-07-10T01:39:43.339+0000] {logging_mixin.py:149} INFO - [2023-07-10T01:39:43.339+0000] {dagbag.py:541} INFO - Filling up the DagBag from /home/airflow/.local/lib/python3.7/site-packages/airflow/example_dags/example_task_group_decorator.py
[2023-07-10T01:39:43.350+0000] {processor.py:836} INFO - DAG(s) dict_keys(['example_task_group_decorator']) retrieved from /home/airflow/.local/lib/python3.7/site-packages/airflow/example_dags/example_task_group_decorator.py
[2023-07-10T01:39:43.373+0000] {logging_mixin.py:149} INFO - [2023-07-10T01:39:43.373+0000] {dag.py:2726} INFO - Sync 1 DAGs
[2023-07-10T01:39:43.393+0000] {logging_mixin.py:149} INFO - [2023-07-10T01:39:43.393+0000] {dag.py:3490} INFO - Setting next_dagrun for example_task_group_decorator to 2023-07-09T01:39:43.393361+00:00, run_after=2023-07-10T01:39:43.393361+00:00
[2023-07-10T01:39:43.410+0000] {processor.py:179} INFO - Processing /home/airflow/.local/lib/python3.7/site-packages/airflow/example_dags/example_task_group_decorator.py took 0.076 seconds
[2023-07-10T01:40:13.450+0000] {processor.py:157} INFO - Started process (PID=2979) to work on /home/airflow/.local/lib/python3.7/site-packages/airflow/example_dags/example_task_group_decorator.py
[2023-07-10T01:40:13.451+0000] {processor.py:826} INFO - Processing file /home/airflow/.local/lib/python3.7/site-packages/airflow/example_dags/example_task_group_decorator.py for tasks to queue
[2023-07-10T01:40:13.451+0000] {logging_mixin.py:149} INFO - [2023-07-10T01:40:13.451+0000] {dagbag.py:541} INFO - Filling up the DagBag from /home/airflow/.local/lib/python3.7/site-packages/airflow/example_dags/example_task_group_decorator.py
[2023-07-10T01:40:13.462+0000] {processor.py:836} INFO - DAG(s) dict_keys(['example_task_group_decorator']) retrieved from /home/airflow/.local/lib/python3.7/site-packages/airflow/example_dags/example_task_group_decorator.py
[2023-07-10T01:40:13.484+0000] {logging_mixin.py:149} INFO - [2023-07-10T01:40:13.484+0000] {dag.py:2726} INFO - Sync 1 DAGs
[2023-07-10T01:40:13.503+0000] {logging_mixin.py:149} INFO - [2023-07-10T01:40:13.503+0000] {dag.py:3490} INFO - Setting next_dagrun for example_task_group_decorator to 2023-07-09T01:40:13.503553+00:00, run_after=2023-07-10T01:40:13.503553+00:00
[2023-07-10T01:40:13.521+0000] {processor.py:179} INFO - Processing /home/airflow/.local/lib/python3.7/site-packages/airflow/example_dags/example_task_group_decorator.py took 0.074 seconds
[2023-07-10T01:40:43.974+0000] {processor.py:157} INFO - Started process (PID=3228) to work on /home/airflow/.local/lib/python3.7/site-packages/airflow/example_dags/example_task_group_decorator.py
[2023-07-10T01:40:43.975+0000] {processor.py:826} INFO - Processing file /home/airflow/.local/lib/python3.7/site-packages/airflow/example_dags/example_task_group_decorator.py for tasks to queue
[2023-07-10T01:40:43.976+0000] {logging_mixin.py:149} INFO - [2023-07-10T01:40:43.976+0000] {dagbag.py:541} INFO - Filling up the DagBag from /home/airflow/.local/lib/python3.7/site-packages/airflow/example_dags/example_task_group_decorator.py
[2023-07-10T01:40:43.990+0000] {processor.py:836} INFO - DAG(s) dict_keys(['example_task_group_decorator']) retrieved from /home/airflow/.local/lib/python3.7/site-packages/airflow/example_dags/example_task_group_decorator.py
[2023-07-10T01:40:44.019+0000] {logging_mixin.py:149} INFO - [2023-07-10T01:40:44.019+0000] {dag.py:2726} INFO - Sync 1 DAGs
[2023-07-10T01:40:44.048+0000] {logging_mixin.py:149} INFO - [2023-07-10T01:40:44.048+0000] {dag.py:3490} INFO - Setting next_dagrun for example_task_group_decorator to 2023-07-09T01:40:44.048113+00:00, run_after=2023-07-10T01:40:44.048113+00:00
[2023-07-10T01:40:44.088+0000] {processor.py:179} INFO - Processing /home/airflow/.local/lib/python3.7/site-packages/airflow/example_dags/example_task_group_decorator.py took 0.117 seconds
[2023-07-10T01:41:14.634+0000] {processor.py:157} INFO - Started process (PID=3477) to work on /home/airflow/.local/lib/python3.7/site-packages/airflow/example_dags/example_task_group_decorator.py
[2023-07-10T01:41:14.635+0000] {processor.py:826} INFO - Processing file /home/airflow/.local/lib/python3.7/site-packages/airflow/example_dags/example_task_group_decorator.py for tasks to queue
[2023-07-10T01:41:14.635+0000] {logging_mixin.py:149} INFO - [2023-07-10T01:41:14.635+0000] {dagbag.py:541} INFO - Filling up the DagBag from /home/airflow/.local/lib/python3.7/site-packages/airflow/example_dags/example_task_group_decorator.py
[2023-07-10T01:41:14.647+0000] {processor.py:836} INFO - DAG(s) dict_keys(['example_task_group_decorator']) retrieved from /home/airflow/.local/lib/python3.7/site-packages/airflow/example_dags/example_task_group_decorator.py
[2023-07-10T01:41:14.670+0000] {logging_mixin.py:149} INFO - [2023-07-10T01:41:14.669+0000] {dag.py:2726} INFO - Sync 1 DAGs
[2023-07-10T01:41:14.691+0000] {logging_mixin.py:149} INFO - [2023-07-10T01:41:14.691+0000] {dag.py:3490} INFO - Setting next_dagrun for example_task_group_decorator to 2023-07-09T01:41:14.691583+00:00, run_after=2023-07-10T01:41:14.691583+00:00
[2023-07-10T01:41:14.708+0000] {processor.py:179} INFO - Processing /home/airflow/.local/lib/python3.7/site-packages/airflow/example_dags/example_task_group_decorator.py took 0.077 seconds
[2023-07-10T01:41:45.332+0000] {processor.py:157} INFO - Started process (PID=3726) to work on /home/airflow/.local/lib/python3.7/site-packages/airflow/example_dags/example_task_group_decorator.py
[2023-07-10T01:41:45.333+0000] {processor.py:826} INFO - Processing file /home/airflow/.local/lib/python3.7/site-packages/airflow/example_dags/example_task_group_decorator.py for tasks to queue
[2023-07-10T01:41:45.333+0000] {logging_mixin.py:149} INFO - [2023-07-10T01:41:45.333+0000] {dagbag.py:541} INFO - Filling up the DagBag from /home/airflow/.local/lib/python3.7/site-packages/airflow/example_dags/example_task_group_decorator.py
[2023-07-10T01:41:45.349+0000] {processor.py:836} INFO - DAG(s) dict_keys(['example_task_group_decorator']) retrieved from /home/airflow/.local/lib/python3.7/site-packages/airflow/example_dags/example_task_group_decorator.py
[2023-07-10T01:41:45.384+0000] {logging_mixin.py:149} INFO - [2023-07-10T01:41:45.384+0000] {dag.py:2726} INFO - Sync 1 DAGs
[2023-07-10T01:41:45.409+0000] {logging_mixin.py:149} INFO - [2023-07-10T01:41:45.409+0000] {dag.py:3490} INFO - Setting next_dagrun for example_task_group_decorator to 2023-07-09T01:41:45.408956+00:00, run_after=2023-07-10T01:41:45.408956+00:00
[2023-07-10T01:41:45.428+0000] {processor.py:179} INFO - Processing /home/airflow/.local/lib/python3.7/site-packages/airflow/example_dags/example_task_group_decorator.py took 0.099 seconds
[2023-07-10T01:42:16.069+0000] {processor.py:157} INFO - Started process (PID=3975) to work on /home/airflow/.local/lib/python3.7/site-packages/airflow/example_dags/example_task_group_decorator.py
[2023-07-10T01:42:16.070+0000] {processor.py:826} INFO - Processing file /home/airflow/.local/lib/python3.7/site-packages/airflow/example_dags/example_task_group_decorator.py for tasks to queue
[2023-07-10T01:42:16.071+0000] {logging_mixin.py:149} INFO - [2023-07-10T01:42:16.071+0000] {dagbag.py:541} INFO - Filling up the DagBag from /home/airflow/.local/lib/python3.7/site-packages/airflow/example_dags/example_task_group_decorator.py
[2023-07-10T01:42:16.082+0000] {processor.py:836} INFO - DAG(s) dict_keys(['example_task_group_decorator']) retrieved from /home/airflow/.local/lib/python3.7/site-packages/airflow/example_dags/example_task_group_decorator.py
[2023-07-10T01:42:16.104+0000] {logging_mixin.py:149} INFO - [2023-07-10T01:42:16.104+0000] {dag.py:2726} INFO - Sync 1 DAGs
[2023-07-10T01:42:16.125+0000] {logging_mixin.py:149} INFO - [2023-07-10T01:42:16.125+0000] {dag.py:3490} INFO - Setting next_dagrun for example_task_group_decorator to 2023-07-09T01:42:16.125475+00:00, run_after=2023-07-10T01:42:16.125475+00:00
[2023-07-10T01:42:16.142+0000] {processor.py:179} INFO - Processing /home/airflow/.local/lib/python3.7/site-packages/airflow/example_dags/example_task_group_decorator.py took 0.075 seconds
[2023-07-10T01:42:46.554+0000] {processor.py:157} INFO - Started process (PID=4224) to work on /home/airflow/.local/lib/python3.7/site-packages/airflow/example_dags/example_task_group_decorator.py
[2023-07-10T01:42:46.555+0000] {processor.py:826} INFO - Processing file /home/airflow/.local/lib/python3.7/site-packages/airflow/example_dags/example_task_group_decorator.py for tasks to queue
[2023-07-10T01:42:46.555+0000] {logging_mixin.py:149} INFO - [2023-07-10T01:42:46.555+0000] {dagbag.py:541} INFO - Filling up the DagBag from /home/airflow/.local/lib/python3.7/site-packages/airflow/example_dags/example_task_group_decorator.py
[2023-07-10T01:42:46.566+0000] {processor.py:836} INFO - DAG(s) dict_keys(['example_task_group_decorator']) retrieved from /home/airflow/.local/lib/python3.7/site-packages/airflow/example_dags/example_task_group_decorator.py
[2023-07-10T01:42:46.589+0000] {logging_mixin.py:149} INFO - [2023-07-10T01:42:46.589+0000] {dag.py:2726} INFO - Sync 1 DAGs
[2023-07-10T01:42:46.608+0000] {logging_mixin.py:149} INFO - [2023-07-10T01:42:46.608+0000] {dag.py:3490} INFO - Setting next_dagrun for example_task_group_decorator to 2023-07-09T01:42:46.608579+00:00, run_after=2023-07-10T01:42:46.608579+00:00
[2023-07-10T01:42:46.626+0000] {processor.py:179} INFO - Processing /home/airflow/.local/lib/python3.7/site-packages/airflow/example_dags/example_task_group_decorator.py took 0.075 seconds
[2023-07-10T01:43:17.189+0000] {processor.py:157} INFO - Started process (PID=4473) to work on /home/airflow/.local/lib/python3.7/site-packages/airflow/example_dags/example_task_group_decorator.py
[2023-07-10T01:43:17.193+0000] {processor.py:826} INFO - Processing file /home/airflow/.local/lib/python3.7/site-packages/airflow/example_dags/example_task_group_decorator.py for tasks to queue
[2023-07-10T01:43:17.195+0000] {logging_mixin.py:149} INFO - [2023-07-10T01:43:17.195+0000] {dagbag.py:541} INFO - Filling up the DagBag from /home/airflow/.local/lib/python3.7/site-packages/airflow/example_dags/example_task_group_decorator.py
[2023-07-10T01:43:17.215+0000] {processor.py:836} INFO - DAG(s) dict_keys(['example_task_group_decorator']) retrieved from /home/airflow/.local/lib/python3.7/site-packages/airflow/example_dags/example_task_group_decorator.py
[2023-07-10T01:43:17.246+0000] {logging_mixin.py:149} INFO - [2023-07-10T01:43:17.246+0000] {dag.py:2726} INFO - Sync 1 DAGs
[2023-07-10T01:43:17.267+0000] {logging_mixin.py:149} INFO - [2023-07-10T01:43:17.267+0000] {dag.py:3490} INFO - Setting next_dagrun for example_task_group_decorator to 2023-07-09T01:43:17.266935+00:00, run_after=2023-07-10T01:43:17.266935+00:00
[2023-07-10T01:43:17.287+0000] {processor.py:179} INFO - Processing /home/airflow/.local/lib/python3.7/site-packages/airflow/example_dags/example_task_group_decorator.py took 0.101 seconds
[2023-07-10T01:43:47.721+0000] {processor.py:157} INFO - Started process (PID=4723) to work on /home/airflow/.local/lib/python3.7/site-packages/airflow/example_dags/example_task_group_decorator.py
[2023-07-10T01:43:47.722+0000] {processor.py:826} INFO - Processing file /home/airflow/.local/lib/python3.7/site-packages/airflow/example_dags/example_task_group_decorator.py for tasks to queue
[2023-07-10T01:43:47.723+0000] {logging_mixin.py:149} INFO - [2023-07-10T01:43:47.723+0000] {dagbag.py:541} INFO - Filling up the DagBag from /home/airflow/.local/lib/python3.7/site-packages/airflow/example_dags/example_task_group_decorator.py
[2023-07-10T01:43:47.735+0000] {processor.py:836} INFO - DAG(s) dict_keys(['example_task_group_decorator']) retrieved from /home/airflow/.local/lib/python3.7/site-packages/airflow/example_dags/example_task_group_decorator.py
[2023-07-10T01:43:47.759+0000] {logging_mixin.py:149} INFO - [2023-07-10T01:43:47.759+0000] {dag.py:2726} INFO - Sync 1 DAGs
[2023-07-10T01:43:47.780+0000] {logging_mixin.py:149} INFO - [2023-07-10T01:43:47.780+0000] {dag.py:3490} INFO - Setting next_dagrun for example_task_group_decorator to 2023-07-09T01:43:47.780625+00:00, run_after=2023-07-10T01:43:47.780625+00:00
[2023-07-10T01:43:47.798+0000] {processor.py:179} INFO - Processing /home/airflow/.local/lib/python3.7/site-packages/airflow/example_dags/example_task_group_decorator.py took 0.079 seconds
[2023-07-10T01:44:18.352+0000] {processor.py:157} INFO - Started process (PID=4972) to work on /home/airflow/.local/lib/python3.7/site-packages/airflow/example_dags/example_task_group_decorator.py
[2023-07-10T01:44:18.353+0000] {processor.py:826} INFO - Processing file /home/airflow/.local/lib/python3.7/site-packages/airflow/example_dags/example_task_group_decorator.py for tasks to queue
[2023-07-10T01:44:18.354+0000] {logging_mixin.py:149} INFO - [2023-07-10T01:44:18.354+0000] {dagbag.py:541} INFO - Filling up the DagBag from /home/airflow/.local/lib/python3.7/site-packages/airflow/example_dags/example_task_group_decorator.py
[2023-07-10T01:44:18.368+0000] {processor.py:836} INFO - DAG(s) dict_keys(['example_task_group_decorator']) retrieved from /home/airflow/.local/lib/python3.7/site-packages/airflow/example_dags/example_task_group_decorator.py
[2023-07-10T01:44:18.391+0000] {logging_mixin.py:149} INFO - [2023-07-10T01:44:18.391+0000] {dag.py:2726} INFO - Sync 1 DAGs
[2023-07-10T01:44:18.420+0000] {logging_mixin.py:149} INFO - [2023-07-10T01:44:18.420+0000] {dag.py:3490} INFO - Setting next_dagrun for example_task_group_decorator to 2023-07-09T01:44:18.420332+00:00, run_after=2023-07-10T01:44:18.420332+00:00
[2023-07-10T01:44:18.441+0000] {processor.py:179} INFO - Processing /home/airflow/.local/lib/python3.7/site-packages/airflow/example_dags/example_task_group_decorator.py took 0.091 seconds
[2023-07-10T01:44:49.103+0000] {processor.py:157} INFO - Started process (PID=5221) to work on /home/airflow/.local/lib/python3.7/site-packages/airflow/example_dags/example_task_group_decorator.py
[2023-07-10T01:44:49.104+0000] {processor.py:826} INFO - Processing file /home/airflow/.local/lib/python3.7/site-packages/airflow/example_dags/example_task_group_decorator.py for tasks to queue
[2023-07-10T01:44:49.104+0000] {logging_mixin.py:149} INFO - [2023-07-10T01:44:49.104+0000] {dagbag.py:541} INFO - Filling up the DagBag from /home/airflow/.local/lib/python3.7/site-packages/airflow/example_dags/example_task_group_decorator.py
[2023-07-10T01:44:49.115+0000] {processor.py:836} INFO - DAG(s) dict_keys(['example_task_group_decorator']) retrieved from /home/airflow/.local/lib/python3.7/site-packages/airflow/example_dags/example_task_group_decorator.py
[2023-07-10T01:44:49.138+0000] {logging_mixin.py:149} INFO - [2023-07-10T01:44:49.138+0000] {dag.py:2726} INFO - Sync 1 DAGs
[2023-07-10T01:44:49.158+0000] {logging_mixin.py:149} INFO - [2023-07-10T01:44:49.157+0000] {dag.py:3490} INFO - Setting next_dagrun for example_task_group_decorator to 2023-07-09T01:44:49.157719+00:00, run_after=2023-07-10T01:44:49.157719+00:00
[2023-07-10T01:44:49.175+0000] {processor.py:179} INFO - Processing /home/airflow/.local/lib/python3.7/site-packages/airflow/example_dags/example_task_group_decorator.py took 0.075 seconds
[2023-07-10T01:45:19.665+0000] {processor.py:157} INFO - Started process (PID=5470) to work on /home/airflow/.local/lib/python3.7/site-packages/airflow/example_dags/example_task_group_decorator.py
[2023-07-10T01:45:19.666+0000] {processor.py:826} INFO - Processing file /home/airflow/.local/lib/python3.7/site-packages/airflow/example_dags/example_task_group_decorator.py for tasks to queue
[2023-07-10T01:45:19.667+0000] {logging_mixin.py:149} INFO - [2023-07-10T01:45:19.667+0000] {dagbag.py:541} INFO - Filling up the DagBag from /home/airflow/.local/lib/python3.7/site-packages/airflow/example_dags/example_task_group_decorator.py
[2023-07-10T01:45:19.678+0000] {processor.py:836} INFO - DAG(s) dict_keys(['example_task_group_decorator']) retrieved from /home/airflow/.local/lib/python3.7/site-packages/airflow/example_dags/example_task_group_decorator.py
[2023-07-10T01:45:19.701+0000] {logging_mixin.py:149} INFO - [2023-07-10T01:45:19.701+0000] {dag.py:2726} INFO - Sync 1 DAGs
[2023-07-10T01:45:19.722+0000] {logging_mixin.py:149} INFO - [2023-07-10T01:45:19.722+0000] {dag.py:3490} INFO - Setting next_dagrun for example_task_group_decorator to 2023-07-09T01:45:19.721923+00:00, run_after=2023-07-10T01:45:19.721923+00:00
[2023-07-10T01:45:19.738+0000] {processor.py:179} INFO - Processing /home/airflow/.local/lib/python3.7/site-packages/airflow/example_dags/example_task_group_decorator.py took 0.076 seconds
[2023-07-10T01:45:50.208+0000] {processor.py:157} INFO - Started process (PID=5719) to work on /home/airflow/.local/lib/python3.7/site-packages/airflow/example_dags/example_task_group_decorator.py
[2023-07-10T01:45:50.209+0000] {processor.py:826} INFO - Processing file /home/airflow/.local/lib/python3.7/site-packages/airflow/example_dags/example_task_group_decorator.py for tasks to queue
[2023-07-10T01:45:50.210+0000] {logging_mixin.py:149} INFO - [2023-07-10T01:45:50.210+0000] {dagbag.py:541} INFO - Filling up the DagBag from /home/airflow/.local/lib/python3.7/site-packages/airflow/example_dags/example_task_group_decorator.py
[2023-07-10T01:45:50.222+0000] {processor.py:836} INFO - DAG(s) dict_keys(['example_task_group_decorator']) retrieved from /home/airflow/.local/lib/python3.7/site-packages/airflow/example_dags/example_task_group_decorator.py
[2023-07-10T01:45:50.246+0000] {logging_mixin.py:149} INFO - [2023-07-10T01:45:50.245+0000] {dag.py:2726} INFO - Sync 1 DAGs
[2023-07-10T01:45:50.266+0000] {logging_mixin.py:149} INFO - [2023-07-10T01:45:50.266+0000] {dag.py:3490} INFO - Setting next_dagrun for example_task_group_decorator to 2023-07-09T01:45:50.265993+00:00, run_after=2023-07-10T01:45:50.265993+00:00
[2023-07-10T01:45:50.283+0000] {processor.py:179} INFO - Processing /home/airflow/.local/lib/python3.7/site-packages/airflow/example_dags/example_task_group_decorator.py took 0.078 seconds
[2023-07-10T01:46:20.838+0000] {processor.py:157} INFO - Started process (PID=5966) to work on /home/airflow/.local/lib/python3.7/site-packages/airflow/example_dags/example_task_group_decorator.py
[2023-07-10T01:46:20.839+0000] {processor.py:826} INFO - Processing file /home/airflow/.local/lib/python3.7/site-packages/airflow/example_dags/example_task_group_decorator.py for tasks to queue
[2023-07-10T01:46:20.840+0000] {logging_mixin.py:149} INFO - [2023-07-10T01:46:20.840+0000] {dagbag.py:541} INFO - Filling up the DagBag from /home/airflow/.local/lib/python3.7/site-packages/airflow/example_dags/example_task_group_decorator.py
[2023-07-10T01:46:20.852+0000] {processor.py:836} INFO - DAG(s) dict_keys(['example_task_group_decorator']) retrieved from /home/airflow/.local/lib/python3.7/site-packages/airflow/example_dags/example_task_group_decorator.py
[2023-07-10T01:46:20.874+0000] {logging_mixin.py:149} INFO - [2023-07-10T01:46:20.874+0000] {dag.py:2726} INFO - Sync 1 DAGs
[2023-07-10T01:46:20.895+0000] {logging_mixin.py:149} INFO - [2023-07-10T01:46:20.895+0000] {dag.py:3490} INFO - Setting next_dagrun for example_task_group_decorator to 2023-07-09T01:46:20.895590+00:00, run_after=2023-07-10T01:46:20.895590+00:00
[2023-07-10T01:46:20.912+0000] {processor.py:179} INFO - Processing /home/airflow/.local/lib/python3.7/site-packages/airflow/example_dags/example_task_group_decorator.py took 0.077 seconds
[2023-07-10T01:46:51.643+0000] {processor.py:157} INFO - Started process (PID=6217) to work on /home/airflow/.local/lib/python3.7/site-packages/airflow/example_dags/example_task_group_decorator.py
[2023-07-10T01:46:51.644+0000] {processor.py:826} INFO - Processing file /home/airflow/.local/lib/python3.7/site-packages/airflow/example_dags/example_task_group_decorator.py for tasks to queue
[2023-07-10T01:46:51.645+0000] {logging_mixin.py:149} INFO - [2023-07-10T01:46:51.644+0000] {dagbag.py:541} INFO - Filling up the DagBag from /home/airflow/.local/lib/python3.7/site-packages/airflow/example_dags/example_task_group_decorator.py
[2023-07-10T01:46:51.658+0000] {processor.py:836} INFO - DAG(s) dict_keys(['example_task_group_decorator']) retrieved from /home/airflow/.local/lib/python3.7/site-packages/airflow/example_dags/example_task_group_decorator.py
[2023-07-10T01:46:51.681+0000] {logging_mixin.py:149} INFO - [2023-07-10T01:46:51.681+0000] {dag.py:2726} INFO - Sync 1 DAGs
[2023-07-10T01:46:51.702+0000] {logging_mixin.py:149} INFO - [2023-07-10T01:46:51.701+0000] {dag.py:3490} INFO - Setting next_dagrun for example_task_group_decorator to 2023-07-09T01:46:51.701724+00:00, run_after=2023-07-10T01:46:51.701724+00:00
[2023-07-10T01:46:51.719+0000] {processor.py:179} INFO - Processing /home/airflow/.local/lib/python3.7/site-packages/airflow/example_dags/example_task_group_decorator.py took 0.079 seconds
[2023-07-10T01:47:22.136+0000] {processor.py:157} INFO - Started process (PID=6466) to work on /home/airflow/.local/lib/python3.7/site-packages/airflow/example_dags/example_task_group_decorator.py
[2023-07-10T01:47:22.137+0000] {processor.py:826} INFO - Processing file /home/airflow/.local/lib/python3.7/site-packages/airflow/example_dags/example_task_group_decorator.py for tasks to queue
[2023-07-10T01:47:22.137+0000] {logging_mixin.py:149} INFO - [2023-07-10T01:47:22.137+0000] {dagbag.py:541} INFO - Filling up the DagBag from /home/airflow/.local/lib/python3.7/site-packages/airflow/example_dags/example_task_group_decorator.py
[2023-07-10T01:47:22.149+0000] {processor.py:836} INFO - DAG(s) dict_keys(['example_task_group_decorator']) retrieved from /home/airflow/.local/lib/python3.7/site-packages/airflow/example_dags/example_task_group_decorator.py
[2023-07-10T01:47:22.171+0000] {logging_mixin.py:149} INFO - [2023-07-10T01:47:22.171+0000] {dag.py:2726} INFO - Sync 1 DAGs
[2023-07-10T01:47:22.190+0000] {logging_mixin.py:149} INFO - [2023-07-10T01:47:22.190+0000] {dag.py:3490} INFO - Setting next_dagrun for example_task_group_decorator to 2023-07-09T01:47:22.189882+00:00, run_after=2023-07-10T01:47:22.189882+00:00
[2023-07-10T01:47:22.206+0000] {processor.py:179} INFO - Processing /home/airflow/.local/lib/python3.7/site-packages/airflow/example_dags/example_task_group_decorator.py took 0.073 seconds
[2023-07-10T01:47:53.627+0000] {processor.py:157} INFO - Started process (PID=6715) to work on /home/airflow/.local/lib/python3.7/site-packages/airflow/example_dags/example_task_group_decorator.py
[2023-07-10T01:47:53.628+0000] {processor.py:826} INFO - Processing file /home/airflow/.local/lib/python3.7/site-packages/airflow/example_dags/example_task_group_decorator.py for tasks to queue
[2023-07-10T01:47:53.629+0000] {logging_mixin.py:149} INFO - [2023-07-10T01:47:53.629+0000] {dagbag.py:541} INFO - Filling up the DagBag from /home/airflow/.local/lib/python3.7/site-packages/airflow/example_dags/example_task_group_decorator.py
[2023-07-10T01:47:53.640+0000] {processor.py:836} INFO - DAG(s) dict_keys(['example_task_group_decorator']) retrieved from /home/airflow/.local/lib/python3.7/site-packages/airflow/example_dags/example_task_group_decorator.py
[2023-07-10T01:47:53.663+0000] {logging_mixin.py:149} INFO - [2023-07-10T01:47:53.663+0000] {dag.py:2726} INFO - Sync 1 DAGs
[2023-07-10T01:47:53.684+0000] {logging_mixin.py:149} INFO - [2023-07-10T01:47:53.684+0000] {dag.py:3490} INFO - Setting next_dagrun for example_task_group_decorator to 2023-07-09T01:47:53.684355+00:00, run_after=2023-07-10T01:47:53.684355+00:00
[2023-07-10T01:47:53.702+0000] {processor.py:179} INFO - Processing /home/airflow/.local/lib/python3.7/site-packages/airflow/example_dags/example_task_group_decorator.py took 0.077 seconds
[2023-07-10T01:48:24.186+0000] {processor.py:157} INFO - Started process (PID=6964) to work on /home/airflow/.local/lib/python3.7/site-packages/airflow/example_dags/example_task_group_decorator.py
[2023-07-10T01:48:24.187+0000] {processor.py:826} INFO - Processing file /home/airflow/.local/lib/python3.7/site-packages/airflow/example_dags/example_task_group_decorator.py for tasks to queue
[2023-07-10T01:48:24.188+0000] {logging_mixin.py:149} INFO - [2023-07-10T01:48:24.187+0000] {dagbag.py:541} INFO - Filling up the DagBag from /home/airflow/.local/lib/python3.7/site-packages/airflow/example_dags/example_task_group_decorator.py
[2023-07-10T01:48:24.200+0000] {processor.py:836} INFO - DAG(s) dict_keys(['example_task_group_decorator']) retrieved from /home/airflow/.local/lib/python3.7/site-packages/airflow/example_dags/example_task_group_decorator.py
[2023-07-10T01:48:24.228+0000] {logging_mixin.py:149} INFO - [2023-07-10T01:48:24.227+0000] {dag.py:2726} INFO - Sync 1 DAGs
[2023-07-10T01:48:24.251+0000] {logging_mixin.py:149} INFO - [2023-07-10T01:48:24.251+0000] {dag.py:3490} INFO - Setting next_dagrun for example_task_group_decorator to 2023-07-09T01:48:24.250962+00:00, run_after=2023-07-10T01:48:24.250962+00:00
[2023-07-10T01:48:24.270+0000] {processor.py:179} INFO - Processing /home/airflow/.local/lib/python3.7/site-packages/airflow/example_dags/example_task_group_decorator.py took 0.087 seconds
[2023-07-10T01:48:54.831+0000] {processor.py:157} INFO - Started process (PID=7213) to work on /home/airflow/.local/lib/python3.7/site-packages/airflow/example_dags/example_task_group_decorator.py
[2023-07-10T01:48:54.833+0000] {processor.py:826} INFO - Processing file /home/airflow/.local/lib/python3.7/site-packages/airflow/example_dags/example_task_group_decorator.py for tasks to queue
[2023-07-10T01:48:54.833+0000] {logging_mixin.py:149} INFO - [2023-07-10T01:48:54.833+0000] {dagbag.py:541} INFO - Filling up the DagBag from /home/airflow/.local/lib/python3.7/site-packages/airflow/example_dags/example_task_group_decorator.py
[2023-07-10T01:48:54.847+0000] {processor.py:836} INFO - DAG(s) dict_keys(['example_task_group_decorator']) retrieved from /home/airflow/.local/lib/python3.7/site-packages/airflow/example_dags/example_task_group_decorator.py
[2023-07-10T01:48:54.869+0000] {logging_mixin.py:149} INFO - [2023-07-10T01:48:54.869+0000] {dag.py:2726} INFO - Sync 1 DAGs
[2023-07-10T01:48:54.894+0000] {logging_mixin.py:149} INFO - [2023-07-10T01:48:54.894+0000] {dag.py:3490} INFO - Setting next_dagrun for example_task_group_decorator to 2023-07-09T01:48:54.894488+00:00, run_after=2023-07-10T01:48:54.894488+00:00
[2023-07-10T01:48:54.912+0000] {processor.py:179} INFO - Processing /home/airflow/.local/lib/python3.7/site-packages/airflow/example_dags/example_task_group_decorator.py took 0.084 seconds
[2023-07-10T01:49:25.274+0000] {processor.py:157} INFO - Started process (PID=7462) to work on /home/airflow/.local/lib/python3.7/site-packages/airflow/example_dags/example_task_group_decorator.py
[2023-07-10T01:49:25.275+0000] {processor.py:826} INFO - Processing file /home/airflow/.local/lib/python3.7/site-packages/airflow/example_dags/example_task_group_decorator.py for tasks to queue
[2023-07-10T01:49:25.276+0000] {logging_mixin.py:149} INFO - [2023-07-10T01:49:25.276+0000] {dagbag.py:541} INFO - Filling up the DagBag from /home/airflow/.local/lib/python3.7/site-packages/airflow/example_dags/example_task_group_decorator.py
[2023-07-10T01:49:25.287+0000] {processor.py:836} INFO - DAG(s) dict_keys(['example_task_group_decorator']) retrieved from /home/airflow/.local/lib/python3.7/site-packages/airflow/example_dags/example_task_group_decorator.py
[2023-07-10T01:49:25.310+0000] {logging_mixin.py:149} INFO - [2023-07-10T01:49:25.310+0000] {dag.py:2726} INFO - Sync 1 DAGs
[2023-07-10T01:49:25.330+0000] {logging_mixin.py:149} INFO - [2023-07-10T01:49:25.330+0000] {dag.py:3490} INFO - Setting next_dagrun for example_task_group_decorator to 2023-07-09T01:49:25.330059+00:00, run_after=2023-07-10T01:49:25.330059+00:00
[2023-07-10T01:49:25.353+0000] {processor.py:179} INFO - Processing /home/airflow/.local/lib/python3.7/site-packages/airflow/example_dags/example_task_group_decorator.py took 0.082 seconds
[2023-07-10T01:49:55.886+0000] {processor.py:157} INFO - Started process (PID=7716) to work on /home/airflow/.local/lib/python3.7/site-packages/airflow/example_dags/example_task_group_decorator.py
[2023-07-10T01:49:55.887+0000] {processor.py:826} INFO - Processing file /home/airflow/.local/lib/python3.7/site-packages/airflow/example_dags/example_task_group_decorator.py for tasks to queue
[2023-07-10T01:49:55.888+0000] {logging_mixin.py:149} INFO - [2023-07-10T01:49:55.887+0000] {dagbag.py:541} INFO - Filling up the DagBag from /home/airflow/.local/lib/python3.7/site-packages/airflow/example_dags/example_task_group_decorator.py
[2023-07-10T01:49:55.899+0000] {processor.py:836} INFO - DAG(s) dict_keys(['example_task_group_decorator']) retrieved from /home/airflow/.local/lib/python3.7/site-packages/airflow/example_dags/example_task_group_decorator.py
[2023-07-10T01:49:55.921+0000] {logging_mixin.py:149} INFO - [2023-07-10T01:49:55.921+0000] {dag.py:2726} INFO - Sync 1 DAGs
[2023-07-10T01:49:55.943+0000] {logging_mixin.py:149} INFO - [2023-07-10T01:49:55.943+0000] {dag.py:3490} INFO - Setting next_dagrun for example_task_group_decorator to 2023-07-09T01:49:55.942810+00:00, run_after=2023-07-10T01:49:55.942810+00:00
[2023-07-10T01:49:55.961+0000] {processor.py:179} INFO - Processing /home/airflow/.local/lib/python3.7/site-packages/airflow/example_dags/example_task_group_decorator.py took 0.078 seconds
[2023-07-10T01:50:26.531+0000] {processor.py:157} INFO - Started process (PID=7970) to work on /home/airflow/.local/lib/python3.7/site-packages/airflow/example_dags/example_task_group_decorator.py
[2023-07-10T01:50:26.532+0000] {processor.py:826} INFO - Processing file /home/airflow/.local/lib/python3.7/site-packages/airflow/example_dags/example_task_group_decorator.py for tasks to queue
[2023-07-10T01:50:26.533+0000] {logging_mixin.py:149} INFO - [2023-07-10T01:50:26.533+0000] {dagbag.py:541} INFO - Filling up the DagBag from /home/airflow/.local/lib/python3.7/site-packages/airflow/example_dags/example_task_group_decorator.py
[2023-07-10T01:50:26.544+0000] {processor.py:836} INFO - DAG(s) dict_keys(['example_task_group_decorator']) retrieved from /home/airflow/.local/lib/python3.7/site-packages/airflow/example_dags/example_task_group_decorator.py
[2023-07-10T01:50:26.568+0000] {logging_mixin.py:149} INFO - [2023-07-10T01:50:26.568+0000] {dag.py:2726} INFO - Sync 1 DAGs
[2023-07-10T01:50:26.590+0000] {logging_mixin.py:149} INFO - [2023-07-10T01:50:26.589+0000] {dag.py:3490} INFO - Setting next_dagrun for example_task_group_decorator to 2023-07-09T01:50:26.589676+00:00, run_after=2023-07-10T01:50:26.589676+00:00
[2023-07-10T01:50:26.607+0000] {processor.py:179} INFO - Processing /home/airflow/.local/lib/python3.7/site-packages/airflow/example_dags/example_task_group_decorator.py took 0.079 seconds
[2023-07-10T01:50:57.137+0000] {processor.py:157} INFO - Started process (PID=8224) to work on /home/airflow/.local/lib/python3.7/site-packages/airflow/example_dags/example_task_group_decorator.py
[2023-07-10T01:50:57.138+0000] {processor.py:826} INFO - Processing file /home/airflow/.local/lib/python3.7/site-packages/airflow/example_dags/example_task_group_decorator.py for tasks to queue
[2023-07-10T01:50:57.138+0000] {logging_mixin.py:149} INFO - [2023-07-10T01:50:57.138+0000] {dagbag.py:541} INFO - Filling up the DagBag from /home/airflow/.local/lib/python3.7/site-packages/airflow/example_dags/example_task_group_decorator.py
[2023-07-10T01:50:57.150+0000] {processor.py:836} INFO - DAG(s) dict_keys(['example_task_group_decorator']) retrieved from /home/airflow/.local/lib/python3.7/site-packages/airflow/example_dags/example_task_group_decorator.py
[2023-07-10T01:50:57.172+0000] {logging_mixin.py:149} INFO - [2023-07-10T01:50:57.172+0000] {dag.py:2726} INFO - Sync 1 DAGs
[2023-07-10T01:50:57.192+0000] {logging_mixin.py:149} INFO - [2023-07-10T01:50:57.192+0000] {dag.py:3490} INFO - Setting next_dagrun for example_task_group_decorator to 2023-07-09T01:50:57.192362+00:00, run_after=2023-07-10T01:50:57.192362+00:00
[2023-07-10T01:50:57.242+0000] {processor.py:179} INFO - Processing /home/airflow/.local/lib/python3.7/site-packages/airflow/example_dags/example_task_group_decorator.py took 0.108 seconds
[2023-07-10T01:51:27.859+0000] {processor.py:157} INFO - Started process (PID=8478) to work on /home/airflow/.local/lib/python3.7/site-packages/airflow/example_dags/example_task_group_decorator.py
[2023-07-10T01:51:27.860+0000] {processor.py:826} INFO - Processing file /home/airflow/.local/lib/python3.7/site-packages/airflow/example_dags/example_task_group_decorator.py for tasks to queue
[2023-07-10T01:51:27.860+0000] {logging_mixin.py:149} INFO - [2023-07-10T01:51:27.860+0000] {dagbag.py:541} INFO - Filling up the DagBag from /home/airflow/.local/lib/python3.7/site-packages/airflow/example_dags/example_task_group_decorator.py
[2023-07-10T01:51:27.872+0000] {processor.py:836} INFO - DAG(s) dict_keys(['example_task_group_decorator']) retrieved from /home/airflow/.local/lib/python3.7/site-packages/airflow/example_dags/example_task_group_decorator.py
[2023-07-10T01:51:27.893+0000] {logging_mixin.py:149} INFO - [2023-07-10T01:51:27.893+0000] {dag.py:2726} INFO - Sync 1 DAGs
[2023-07-10T01:51:27.913+0000] {logging_mixin.py:149} INFO - [2023-07-10T01:51:27.913+0000] {dag.py:3490} INFO - Setting next_dagrun for example_task_group_decorator to 2023-07-09T01:51:27.913123+00:00, run_after=2023-07-10T01:51:27.913123+00:00
[2023-07-10T01:51:27.929+0000] {processor.py:179} INFO - Processing /home/airflow/.local/lib/python3.7/site-packages/airflow/example_dags/example_task_group_decorator.py took 0.073 seconds
[2023-07-10T01:51:58.508+0000] {processor.py:157} INFO - Started process (PID=8732) to work on /home/airflow/.local/lib/python3.7/site-packages/airflow/example_dags/example_task_group_decorator.py
[2023-07-10T01:51:58.509+0000] {processor.py:826} INFO - Processing file /home/airflow/.local/lib/python3.7/site-packages/airflow/example_dags/example_task_group_decorator.py for tasks to queue
[2023-07-10T01:51:58.510+0000] {logging_mixin.py:149} INFO - [2023-07-10T01:51:58.510+0000] {dagbag.py:541} INFO - Filling up the DagBag from /home/airflow/.local/lib/python3.7/site-packages/airflow/example_dags/example_task_group_decorator.py
[2023-07-10T01:51:58.521+0000] {processor.py:836} INFO - DAG(s) dict_keys(['example_task_group_decorator']) retrieved from /home/airflow/.local/lib/python3.7/site-packages/airflow/example_dags/example_task_group_decorator.py
[2023-07-10T01:51:58.545+0000] {logging_mixin.py:149} INFO - [2023-07-10T01:51:58.545+0000] {dag.py:2726} INFO - Sync 1 DAGs
[2023-07-10T01:51:58.566+0000] {logging_mixin.py:149} INFO - [2023-07-10T01:51:58.566+0000] {dag.py:3490} INFO - Setting next_dagrun for example_task_group_decorator to 2023-07-09T01:51:58.566237+00:00, run_after=2023-07-10T01:51:58.566237+00:00
[2023-07-10T01:51:58.584+0000] {processor.py:179} INFO - Processing /home/airflow/.local/lib/python3.7/site-packages/airflow/example_dags/example_task_group_decorator.py took 0.078 seconds
[2023-07-10T01:52:29.281+0000] {processor.py:157} INFO - Started process (PID=8986) to work on /home/airflow/.local/lib/python3.7/site-packages/airflow/example_dags/example_task_group_decorator.py
[2023-07-10T01:52:29.282+0000] {processor.py:826} INFO - Processing file /home/airflow/.local/lib/python3.7/site-packages/airflow/example_dags/example_task_group_decorator.py for tasks to queue
[2023-07-10T01:52:29.283+0000] {logging_mixin.py:149} INFO - [2023-07-10T01:52:29.283+0000] {dagbag.py:541} INFO - Filling up the DagBag from /home/airflow/.local/lib/python3.7/site-packages/airflow/example_dags/example_task_group_decorator.py
[2023-07-10T01:52:29.293+0000] {processor.py:836} INFO - DAG(s) dict_keys(['example_task_group_decorator']) retrieved from /home/airflow/.local/lib/python3.7/site-packages/airflow/example_dags/example_task_group_decorator.py
[2023-07-10T01:52:29.316+0000] {logging_mixin.py:149} INFO - [2023-07-10T01:52:29.316+0000] {dag.py:2726} INFO - Sync 1 DAGs
[2023-07-10T01:52:29.336+0000] {logging_mixin.py:149} INFO - [2023-07-10T01:52:29.336+0000] {dag.py:3490} INFO - Setting next_dagrun for example_task_group_decorator to 2023-07-09T01:52:29.336325+00:00, run_after=2023-07-10T01:52:29.336325+00:00
[2023-07-10T01:52:29.365+0000] {processor.py:179} INFO - Processing /home/airflow/.local/lib/python3.7/site-packages/airflow/example_dags/example_task_group_decorator.py took 0.086 seconds
[2023-07-10T01:52:59.482+0000] {processor.py:157} INFO - Started process (PID=9240) to work on /home/airflow/.local/lib/python3.7/site-packages/airflow/example_dags/example_task_group_decorator.py
[2023-07-10T01:52:59.483+0000] {processor.py:826} INFO - Processing file /home/airflow/.local/lib/python3.7/site-packages/airflow/example_dags/example_task_group_decorator.py for tasks to queue
[2023-07-10T01:52:59.484+0000] {logging_mixin.py:149} INFO - [2023-07-10T01:52:59.483+0000] {dagbag.py:541} INFO - Filling up the DagBag from /home/airflow/.local/lib/python3.7/site-packages/airflow/example_dags/example_task_group_decorator.py
[2023-07-10T01:52:59.495+0000] {processor.py:836} INFO - DAG(s) dict_keys(['example_task_group_decorator']) retrieved from /home/airflow/.local/lib/python3.7/site-packages/airflow/example_dags/example_task_group_decorator.py
[2023-07-10T01:52:59.519+0000] {logging_mixin.py:149} INFO - [2023-07-10T01:52:59.518+0000] {dag.py:2726} INFO - Sync 1 DAGs
[2023-07-10T01:52:59.540+0000] {logging_mixin.py:149} INFO - [2023-07-10T01:52:59.540+0000] {dag.py:3490} INFO - Setting next_dagrun for example_task_group_decorator to 2023-07-09T01:52:59.539813+00:00, run_after=2023-07-10T01:52:59.539813+00:00
[2023-07-10T01:52:59.559+0000] {processor.py:179} INFO - Processing /home/airflow/.local/lib/python3.7/site-packages/airflow/example_dags/example_task_group_decorator.py took 0.080 seconds
[2023-07-10T01:53:29.684+0000] {processor.py:157} INFO - Started process (PID=9494) to work on /home/airflow/.local/lib/python3.7/site-packages/airflow/example_dags/example_task_group_decorator.py
[2023-07-10T01:53:29.685+0000] {processor.py:826} INFO - Processing file /home/airflow/.local/lib/python3.7/site-packages/airflow/example_dags/example_task_group_decorator.py for tasks to queue
[2023-07-10T01:53:29.686+0000] {logging_mixin.py:149} INFO - [2023-07-10T01:53:29.685+0000] {dagbag.py:541} INFO - Filling up the DagBag from /home/airflow/.local/lib/python3.7/site-packages/airflow/example_dags/example_task_group_decorator.py
[2023-07-10T01:53:29.697+0000] {processor.py:836} INFO - DAG(s) dict_keys(['example_task_group_decorator']) retrieved from /home/airflow/.local/lib/python3.7/site-packages/airflow/example_dags/example_task_group_decorator.py
[2023-07-10T01:53:29.721+0000] {logging_mixin.py:149} INFO - [2023-07-10T01:53:29.721+0000] {dag.py:2726} INFO - Sync 1 DAGs
[2023-07-10T01:53:29.744+0000] {logging_mixin.py:149} INFO - [2023-07-10T01:53:29.744+0000] {dag.py:3490} INFO - Setting next_dagrun for example_task_group_decorator to 2023-07-09T01:53:29.744188+00:00, run_after=2023-07-10T01:53:29.744188+00:00
[2023-07-10T01:53:29.766+0000] {processor.py:179} INFO - Processing /home/airflow/.local/lib/python3.7/site-packages/airflow/example_dags/example_task_group_decorator.py took 0.086 seconds
[2023-07-10T01:53:59.921+0000] {processor.py:157} INFO - Started process (PID=9749) to work on /home/airflow/.local/lib/python3.7/site-packages/airflow/example_dags/example_task_group_decorator.py
[2023-07-10T01:53:59.922+0000] {processor.py:826} INFO - Processing file /home/airflow/.local/lib/python3.7/site-packages/airflow/example_dags/example_task_group_decorator.py for tasks to queue
[2023-07-10T01:53:59.923+0000] {logging_mixin.py:149} INFO - [2023-07-10T01:53:59.923+0000] {dagbag.py:541} INFO - Filling up the DagBag from /home/airflow/.local/lib/python3.7/site-packages/airflow/example_dags/example_task_group_decorator.py
[2023-07-10T01:53:59.936+0000] {processor.py:836} INFO - DAG(s) dict_keys(['example_task_group_decorator']) retrieved from /home/airflow/.local/lib/python3.7/site-packages/airflow/example_dags/example_task_group_decorator.py
[2023-07-10T01:53:59.958+0000] {logging_mixin.py:149} INFO - [2023-07-10T01:53:59.958+0000] {dag.py:2726} INFO - Sync 1 DAGs
[2023-07-10T01:53:59.979+0000] {logging_mixin.py:149} INFO - [2023-07-10T01:53:59.979+0000] {dag.py:3490} INFO - Setting next_dagrun for example_task_group_decorator to 2023-07-09T01:53:59.978829+00:00, run_after=2023-07-10T01:53:59.978829+00:00
[2023-07-10T01:54:00.001+0000] {processor.py:179} INFO - Processing /home/airflow/.local/lib/python3.7/site-packages/airflow/example_dags/example_task_group_decorator.py took 0.082 seconds
[2023-07-10T01:54:30.116+0000] {processor.py:157} INFO - Started process (PID=10003) to work on /home/airflow/.local/lib/python3.7/site-packages/airflow/example_dags/example_task_group_decorator.py
[2023-07-10T01:54:30.117+0000] {processor.py:826} INFO - Processing file /home/airflow/.local/lib/python3.7/site-packages/airflow/example_dags/example_task_group_decorator.py for tasks to queue
[2023-07-10T01:54:30.118+0000] {logging_mixin.py:149} INFO - [2023-07-10T01:54:30.118+0000] {dagbag.py:541} INFO - Filling up the DagBag from /home/airflow/.local/lib/python3.7/site-packages/airflow/example_dags/example_task_group_decorator.py
[2023-07-10T01:54:30.129+0000] {processor.py:836} INFO - DAG(s) dict_keys(['example_task_group_decorator']) retrieved from /home/airflow/.local/lib/python3.7/site-packages/airflow/example_dags/example_task_group_decorator.py
[2023-07-10T01:54:30.153+0000] {logging_mixin.py:149} INFO - [2023-07-10T01:54:30.153+0000] {dag.py:2726} INFO - Sync 1 DAGs
[2023-07-10T01:54:30.174+0000] {logging_mixin.py:149} INFO - [2023-07-10T01:54:30.174+0000] {dag.py:3490} INFO - Setting next_dagrun for example_task_group_decorator to 2023-07-09T01:54:30.174348+00:00, run_after=2023-07-10T01:54:30.174348+00:00
[2023-07-10T01:54:30.218+0000] {processor.py:179} INFO - Processing /home/airflow/.local/lib/python3.7/site-packages/airflow/example_dags/example_task_group_decorator.py took 0.105 seconds
[2023-07-10T01:55:00.302+0000] {processor.py:157} INFO - Started process (PID=10257) to work on /home/airflow/.local/lib/python3.7/site-packages/airflow/example_dags/example_task_group_decorator.py
[2023-07-10T01:55:00.303+0000] {processor.py:826} INFO - Processing file /home/airflow/.local/lib/python3.7/site-packages/airflow/example_dags/example_task_group_decorator.py for tasks to queue
[2023-07-10T01:55:00.303+0000] {logging_mixin.py:149} INFO - [2023-07-10T01:55:00.303+0000] {dagbag.py:541} INFO - Filling up the DagBag from /home/airflow/.local/lib/python3.7/site-packages/airflow/example_dags/example_task_group_decorator.py
[2023-07-10T01:55:00.315+0000] {processor.py:836} INFO - DAG(s) dict_keys(['example_task_group_decorator']) retrieved from /home/airflow/.local/lib/python3.7/site-packages/airflow/example_dags/example_task_group_decorator.py
[2023-07-10T01:55:00.337+0000] {logging_mixin.py:149} INFO - [2023-07-10T01:55:00.337+0000] {dag.py:2726} INFO - Sync 1 DAGs
[2023-07-10T01:55:00.358+0000] {logging_mixin.py:149} INFO - [2023-07-10T01:55:00.358+0000] {dag.py:3490} INFO - Setting next_dagrun for example_task_group_decorator to 2023-07-09T01:55:00.358153+00:00, run_after=2023-07-10T01:55:00.358153+00:00
[2023-07-10T01:55:00.375+0000] {processor.py:179} INFO - Processing /home/airflow/.local/lib/python3.7/site-packages/airflow/example_dags/example_task_group_decorator.py took 0.076 seconds
[2023-07-10T01:55:30.460+0000] {processor.py:157} INFO - Started process (PID=10511) to work on /home/airflow/.local/lib/python3.7/site-packages/airflow/example_dags/example_task_group_decorator.py
[2023-07-10T01:55:30.461+0000] {processor.py:826} INFO - Processing file /home/airflow/.local/lib/python3.7/site-packages/airflow/example_dags/example_task_group_decorator.py for tasks to queue
[2023-07-10T01:55:30.462+0000] {logging_mixin.py:149} INFO - [2023-07-10T01:55:30.462+0000] {dagbag.py:541} INFO - Filling up the DagBag from /home/airflow/.local/lib/python3.7/site-packages/airflow/example_dags/example_task_group_decorator.py
[2023-07-10T01:55:30.473+0000] {processor.py:836} INFO - DAG(s) dict_keys(['example_task_group_decorator']) retrieved from /home/airflow/.local/lib/python3.7/site-packages/airflow/example_dags/example_task_group_decorator.py
[2023-07-10T01:55:30.496+0000] {logging_mixin.py:149} INFO - [2023-07-10T01:55:30.496+0000] {dag.py:2726} INFO - Sync 1 DAGs
[2023-07-10T01:55:30.516+0000] {logging_mixin.py:149} INFO - [2023-07-10T01:55:30.516+0000] {dag.py:3490} INFO - Setting next_dagrun for example_task_group_decorator to 2023-07-09T01:55:30.516601+00:00, run_after=2023-07-10T01:55:30.516601+00:00
[2023-07-10T01:55:30.533+0000] {processor.py:179} INFO - Processing /home/airflow/.local/lib/python3.7/site-packages/airflow/example_dags/example_task_group_decorator.py took 0.075 seconds
[2023-07-10T01:56:01.104+0000] {processor.py:157} INFO - Started process (PID=10765) to work on /home/airflow/.local/lib/python3.7/site-packages/airflow/example_dags/example_task_group_decorator.py
[2023-07-10T01:56:01.105+0000] {processor.py:826} INFO - Processing file /home/airflow/.local/lib/python3.7/site-packages/airflow/example_dags/example_task_group_decorator.py for tasks to queue
[2023-07-10T01:56:01.106+0000] {logging_mixin.py:149} INFO - [2023-07-10T01:56:01.106+0000] {dagbag.py:541} INFO - Filling up the DagBag from /home/airflow/.local/lib/python3.7/site-packages/airflow/example_dags/example_task_group_decorator.py
[2023-07-10T01:56:01.118+0000] {processor.py:836} INFO - DAG(s) dict_keys(['example_task_group_decorator']) retrieved from /home/airflow/.local/lib/python3.7/site-packages/airflow/example_dags/example_task_group_decorator.py
[2023-07-10T01:56:01.141+0000] {logging_mixin.py:149} INFO - [2023-07-10T01:56:01.141+0000] {dag.py:2726} INFO - Sync 1 DAGs
[2023-07-10T01:56:01.162+0000] {logging_mixin.py:149} INFO - [2023-07-10T01:56:01.162+0000] {dag.py:3490} INFO - Setting next_dagrun for example_task_group_decorator to 2023-07-09T01:56:01.161890+00:00, run_after=2023-07-10T01:56:01.161890+00:00
[2023-07-10T01:56:01.206+0000] {processor.py:179} INFO - Processing /home/airflow/.local/lib/python3.7/site-packages/airflow/example_dags/example_task_group_decorator.py took 0.104 seconds
[2023-07-10T01:56:31.784+0000] {processor.py:157} INFO - Started process (PID=11024) to work on /home/airflow/.local/lib/python3.7/site-packages/airflow/example_dags/example_task_group_decorator.py
[2023-07-10T01:56:31.785+0000] {processor.py:826} INFO - Processing file /home/airflow/.local/lib/python3.7/site-packages/airflow/example_dags/example_task_group_decorator.py for tasks to queue
[2023-07-10T01:56:31.786+0000] {logging_mixin.py:149} INFO - [2023-07-10T01:56:31.786+0000] {dagbag.py:541} INFO - Filling up the DagBag from /home/airflow/.local/lib/python3.7/site-packages/airflow/example_dags/example_task_group_decorator.py
[2023-07-10T01:56:31.797+0000] {processor.py:836} INFO - DAG(s) dict_keys(['example_task_group_decorator']) retrieved from /home/airflow/.local/lib/python3.7/site-packages/airflow/example_dags/example_task_group_decorator.py
[2023-07-10T01:56:31.819+0000] {logging_mixin.py:149} INFO - [2023-07-10T01:56:31.819+0000] {dag.py:2726} INFO - Sync 1 DAGs
[2023-07-10T01:56:31.839+0000] {logging_mixin.py:149} INFO - [2023-07-10T01:56:31.839+0000] {dag.py:3490} INFO - Setting next_dagrun for example_task_group_decorator to 2023-07-09T01:56:31.839149+00:00, run_after=2023-07-10T01:56:31.839149+00:00
[2023-07-10T01:56:31.856+0000] {processor.py:179} INFO - Processing /home/airflow/.local/lib/python3.7/site-packages/airflow/example_dags/example_task_group_decorator.py took 0.074 seconds
[2023-07-10T01:57:02.454+0000] {processor.py:157} INFO - Started process (PID=11278) to work on /home/airflow/.local/lib/python3.7/site-packages/airflow/example_dags/example_task_group_decorator.py
[2023-07-10T01:57:02.455+0000] {processor.py:826} INFO - Processing file /home/airflow/.local/lib/python3.7/site-packages/airflow/example_dags/example_task_group_decorator.py for tasks to queue
[2023-07-10T01:57:02.456+0000] {logging_mixin.py:149} INFO - [2023-07-10T01:57:02.456+0000] {dagbag.py:541} INFO - Filling up the DagBag from /home/airflow/.local/lib/python3.7/site-packages/airflow/example_dags/example_task_group_decorator.py
[2023-07-10T01:57:02.467+0000] {processor.py:836} INFO - DAG(s) dict_keys(['example_task_group_decorator']) retrieved from /home/airflow/.local/lib/python3.7/site-packages/airflow/example_dags/example_task_group_decorator.py
[2023-07-10T01:57:02.490+0000] {logging_mixin.py:149} INFO - [2023-07-10T01:57:02.490+0000] {dag.py:2726} INFO - Sync 1 DAGs
[2023-07-10T01:57:02.509+0000] {logging_mixin.py:149} INFO - [2023-07-10T01:57:02.509+0000] {dag.py:3490} INFO - Setting next_dagrun for example_task_group_decorator to 2023-07-09T01:57:02.509467+00:00, run_after=2023-07-10T01:57:02.509467+00:00
[2023-07-10T01:57:02.535+0000] {processor.py:179} INFO - Processing /home/airflow/.local/lib/python3.7/site-packages/airflow/example_dags/example_task_group_decorator.py took 0.083 seconds
[2023-07-10T01:57:32.586+0000] {processor.py:157} INFO - Started process (PID=11532) to work on /home/airflow/.local/lib/python3.7/site-packages/airflow/example_dags/example_task_group_decorator.py
[2023-07-10T01:57:32.587+0000] {processor.py:826} INFO - Processing file /home/airflow/.local/lib/python3.7/site-packages/airflow/example_dags/example_task_group_decorator.py for tasks to queue
[2023-07-10T01:57:32.588+0000] {logging_mixin.py:149} INFO - [2023-07-10T01:57:32.587+0000] {dagbag.py:541} INFO - Filling up the DagBag from /home/airflow/.local/lib/python3.7/site-packages/airflow/example_dags/example_task_group_decorator.py
[2023-07-10T01:57:32.599+0000] {processor.py:836} INFO - DAG(s) dict_keys(['example_task_group_decorator']) retrieved from /home/airflow/.local/lib/python3.7/site-packages/airflow/example_dags/example_task_group_decorator.py
[2023-07-10T01:57:32.623+0000] {logging_mixin.py:149} INFO - [2023-07-10T01:57:32.623+0000] {dag.py:2726} INFO - Sync 1 DAGs
[2023-07-10T01:57:32.645+0000] {logging_mixin.py:149} INFO - [2023-07-10T01:57:32.645+0000] {dag.py:3490} INFO - Setting next_dagrun for example_task_group_decorator to 2023-07-09T01:57:32.644816+00:00, run_after=2023-07-10T01:57:32.644816+00:00
[2023-07-10T01:57:32.673+0000] {processor.py:179} INFO - Processing /home/airflow/.local/lib/python3.7/site-packages/airflow/example_dags/example_task_group_decorator.py took 0.089 seconds
[2023-07-10T01:58:02.863+0000] {processor.py:157} INFO - Started process (PID=11786) to work on /home/airflow/.local/lib/python3.7/site-packages/airflow/example_dags/example_task_group_decorator.py
[2023-07-10T01:58:02.863+0000] {processor.py:826} INFO - Processing file /home/airflow/.local/lib/python3.7/site-packages/airflow/example_dags/example_task_group_decorator.py for tasks to queue
[2023-07-10T01:58:02.864+0000] {logging_mixin.py:149} INFO - [2023-07-10T01:58:02.864+0000] {dagbag.py:541} INFO - Filling up the DagBag from /home/airflow/.local/lib/python3.7/site-packages/airflow/example_dags/example_task_group_decorator.py
[2023-07-10T01:58:02.876+0000] {processor.py:836} INFO - DAG(s) dict_keys(['example_task_group_decorator']) retrieved from /home/airflow/.local/lib/python3.7/site-packages/airflow/example_dags/example_task_group_decorator.py
[2023-07-10T01:58:02.900+0000] {logging_mixin.py:149} INFO - [2023-07-10T01:58:02.900+0000] {dag.py:2726} INFO - Sync 1 DAGs
[2023-07-10T01:58:02.922+0000] {logging_mixin.py:149} INFO - [2023-07-10T01:58:02.922+0000] {dag.py:3490} INFO - Setting next_dagrun for example_task_group_decorator to 2023-07-09T01:58:02.922598+00:00, run_after=2023-07-10T01:58:02.922598+00:00
[2023-07-10T01:58:02.940+0000] {processor.py:179} INFO - Processing /home/airflow/.local/lib/python3.7/site-packages/airflow/example_dags/example_task_group_decorator.py took 0.080 seconds
[2023-07-10T01:58:33.605+0000] {processor.py:157} INFO - Started process (PID=12040) to work on /home/airflow/.local/lib/python3.7/site-packages/airflow/example_dags/example_task_group_decorator.py
[2023-07-10T01:58:33.606+0000] {processor.py:826} INFO - Processing file /home/airflow/.local/lib/python3.7/site-packages/airflow/example_dags/example_task_group_decorator.py for tasks to queue
[2023-07-10T01:58:33.607+0000] {logging_mixin.py:149} INFO - [2023-07-10T01:58:33.606+0000] {dagbag.py:541} INFO - Filling up the DagBag from /home/airflow/.local/lib/python3.7/site-packages/airflow/example_dags/example_task_group_decorator.py
[2023-07-10T01:58:33.618+0000] {processor.py:836} INFO - DAG(s) dict_keys(['example_task_group_decorator']) retrieved from /home/airflow/.local/lib/python3.7/site-packages/airflow/example_dags/example_task_group_decorator.py
[2023-07-10T01:58:33.642+0000] {logging_mixin.py:149} INFO - [2023-07-10T01:58:33.641+0000] {dag.py:2726} INFO - Sync 1 DAGs
[2023-07-10T01:58:33.663+0000] {logging_mixin.py:149} INFO - [2023-07-10T01:58:33.663+0000] {dag.py:3490} INFO - Setting next_dagrun for example_task_group_decorator to 2023-07-09T01:58:33.663481+00:00, run_after=2023-07-10T01:58:33.663481+00:00
[2023-07-10T01:58:33.687+0000] {processor.py:179} INFO - Processing /home/airflow/.local/lib/python3.7/site-packages/airflow/example_dags/example_task_group_decorator.py took 0.085 seconds
[2023-07-10T01:59:04.282+0000] {processor.py:157} INFO - Started process (PID=12294) to work on /home/airflow/.local/lib/python3.7/site-packages/airflow/example_dags/example_task_group_decorator.py
[2023-07-10T01:59:04.283+0000] {processor.py:826} INFO - Processing file /home/airflow/.local/lib/python3.7/site-packages/airflow/example_dags/example_task_group_decorator.py for tasks to queue
[2023-07-10T01:59:04.284+0000] {logging_mixin.py:149} INFO - [2023-07-10T01:59:04.283+0000] {dagbag.py:541} INFO - Filling up the DagBag from /home/airflow/.local/lib/python3.7/site-packages/airflow/example_dags/example_task_group_decorator.py
[2023-07-10T01:59:04.295+0000] {processor.py:836} INFO - DAG(s) dict_keys(['example_task_group_decorator']) retrieved from /home/airflow/.local/lib/python3.7/site-packages/airflow/example_dags/example_task_group_decorator.py
[2023-07-10T01:59:04.318+0000] {logging_mixin.py:149} INFO - [2023-07-10T01:59:04.317+0000] {dag.py:2726} INFO - Sync 1 DAGs
[2023-07-10T01:59:04.339+0000] {logging_mixin.py:149} INFO - [2023-07-10T01:59:04.339+0000] {dag.py:3490} INFO - Setting next_dagrun for example_task_group_decorator to 2023-07-09T01:59:04.339114+00:00, run_after=2023-07-10T01:59:04.339114+00:00
[2023-07-10T01:59:04.356+0000] {processor.py:179} INFO - Processing /home/airflow/.local/lib/python3.7/site-packages/airflow/example_dags/example_task_group_decorator.py took 0.077 seconds
