[2023-07-10T01:34:36.757+0000] {processor.py:157} INFO - Started process (PID=184) to work on /home/airflow/.local/lib/python3.7/site-packages/airflow/example_dags/example_xcomargs.py
[2023-07-10T01:34:36.758+0000] {processor.py:826} INFO - Processing file /home/airflow/.local/lib/python3.7/site-packages/airflow/example_dags/example_xcomargs.py for tasks to queue
[2023-07-10T01:34:36.759+0000] {logging_mixin.py:149} INFO - [2023-07-10T01:34:36.758+0000] {dagbag.py:541} INFO - Filling up the DagBag from /home/airflow/.local/lib/python3.7/site-packages/airflow/example_dags/example_xcomargs.py
[2023-07-10T01:34:36.767+0000] {processor.py:836} INFO - DAG(s) dict_keys(['example_xcom_args_with_operators', 'example_xcom_args']) retrieved from /home/airflow/.local/lib/python3.7/site-packages/airflow/example_dags/example_xcomargs.py
[2023-07-10T01:34:36.788+0000] {logging_mixin.py:149} INFO - [2023-07-10T01:34:36.788+0000] {dag.py:2726} INFO - Sync 2 DAGs
[2023-07-10T01:34:36.809+0000] {logging_mixin.py:149} INFO - [2023-07-10T01:34:36.809+0000] {dag.py:3490} INFO - Setting next_dagrun for example_xcom_args to None, run_after=None
[2023-07-10T01:34:36.813+0000] {logging_mixin.py:149} INFO - [2023-07-10T01:34:36.812+0000] {dag.py:3490} INFO - Setting next_dagrun for example_xcom_args_with_operators to None, run_after=None
[2023-07-10T01:34:36.826+0000] {processor.py:179} INFO - Processing /home/airflow/.local/lib/python3.7/site-packages/airflow/example_dags/example_xcomargs.py took 0.071 seconds
[2023-07-10T01:35:06.930+0000] {processor.py:157} INFO - Started process (PID=432) to work on /home/airflow/.local/lib/python3.7/site-packages/airflow/example_dags/example_xcomargs.py
[2023-07-10T01:35:06.931+0000] {processor.py:826} INFO - Processing file /home/airflow/.local/lib/python3.7/site-packages/airflow/example_dags/example_xcomargs.py for tasks to queue
[2023-07-10T01:35:06.932+0000] {logging_mixin.py:149} INFO - [2023-07-10T01:35:06.931+0000] {dagbag.py:541} INFO - Filling up the DagBag from /home/airflow/.local/lib/python3.7/site-packages/airflow/example_dags/example_xcomargs.py
[2023-07-10T01:35:06.938+0000] {processor.py:836} INFO - DAG(s) dict_keys(['example_xcom_args', 'example_xcom_args_with_operators']) retrieved from /home/airflow/.local/lib/python3.7/site-packages/airflow/example_dags/example_xcomargs.py
[2023-07-10T01:35:06.959+0000] {logging_mixin.py:149} INFO - [2023-07-10T01:35:06.959+0000] {dag.py:2726} INFO - Sync 2 DAGs
[2023-07-10T01:35:06.979+0000] {logging_mixin.py:149} INFO - [2023-07-10T01:35:06.979+0000] {dag.py:3490} INFO - Setting next_dagrun for example_xcom_args to None, run_after=None
[2023-07-10T01:35:06.982+0000] {logging_mixin.py:149} INFO - [2023-07-10T01:35:06.982+0000] {dag.py:3490} INFO - Setting next_dagrun for example_xcom_args_with_operators to None, run_after=None
[2023-07-10T01:35:06.996+0000] {processor.py:179} INFO - Processing /home/airflow/.local/lib/python3.7/site-packages/airflow/example_dags/example_xcomargs.py took 0.068 seconds
[2023-07-10T01:35:37.064+0000] {processor.py:157} INFO - Started process (PID=683) to work on /home/airflow/.local/lib/python3.7/site-packages/airflow/example_dags/example_xcomargs.py
[2023-07-10T01:35:37.065+0000] {processor.py:826} INFO - Processing file /home/airflow/.local/lib/python3.7/site-packages/airflow/example_dags/example_xcomargs.py for tasks to queue
[2023-07-10T01:35:37.065+0000] {logging_mixin.py:149} INFO - [2023-07-10T01:35:37.065+0000] {dagbag.py:541} INFO - Filling up the DagBag from /home/airflow/.local/lib/python3.7/site-packages/airflow/example_dags/example_xcomargs.py
[2023-07-10T01:35:37.071+0000] {processor.py:836} INFO - DAG(s) dict_keys(['example_xcom_args_with_operators', 'example_xcom_args']) retrieved from /home/airflow/.local/lib/python3.7/site-packages/airflow/example_dags/example_xcomargs.py
[2023-07-10T01:35:37.095+0000] {logging_mixin.py:149} INFO - [2023-07-10T01:35:37.095+0000] {dag.py:2726} INFO - Sync 2 DAGs
[2023-07-10T01:35:37.116+0000] {logging_mixin.py:149} INFO - [2023-07-10T01:35:37.116+0000] {dag.py:3490} INFO - Setting next_dagrun for example_xcom_args to None, run_after=None
[2023-07-10T01:35:37.120+0000] {logging_mixin.py:149} INFO - [2023-07-10T01:35:37.120+0000] {dag.py:3490} INFO - Setting next_dagrun for example_xcom_args_with_operators to None, run_after=None
[2023-07-10T01:35:37.137+0000] {processor.py:179} INFO - Processing /home/airflow/.local/lib/python3.7/site-packages/airflow/example_dags/example_xcomargs.py took 0.075 seconds
[2023-07-10T01:36:07.928+0000] {processor.py:157} INFO - Started process (PID=930) to work on /home/airflow/.local/lib/python3.7/site-packages/airflow/example_dags/example_xcomargs.py
[2023-07-10T01:36:07.929+0000] {processor.py:826} INFO - Processing file /home/airflow/.local/lib/python3.7/site-packages/airflow/example_dags/example_xcomargs.py for tasks to queue
[2023-07-10T01:36:07.930+0000] {logging_mixin.py:149} INFO - [2023-07-10T01:36:07.929+0000] {dagbag.py:541} INFO - Filling up the DagBag from /home/airflow/.local/lib/python3.7/site-packages/airflow/example_dags/example_xcomargs.py
[2023-07-10T01:36:07.937+0000] {processor.py:836} INFO - DAG(s) dict_keys(['example_xcom_args', 'example_xcom_args_with_operators']) retrieved from /home/airflow/.local/lib/python3.7/site-packages/airflow/example_dags/example_xcomargs.py
[2023-07-10T01:36:07.965+0000] {logging_mixin.py:149} INFO - [2023-07-10T01:36:07.965+0000] {dag.py:2726} INFO - Sync 2 DAGs
[2023-07-10T01:36:08.058+0000] {logging_mixin.py:149} INFO - [2023-07-10T01:36:08.058+0000] {dag.py:3490} INFO - Setting next_dagrun for example_xcom_args to None, run_after=None
[2023-07-10T01:36:08.061+0000] {logging_mixin.py:149} INFO - [2023-07-10T01:36:08.061+0000] {dag.py:3490} INFO - Setting next_dagrun for example_xcom_args_with_operators to None, run_after=None
[2023-07-10T01:36:08.077+0000] {processor.py:179} INFO - Processing /home/airflow/.local/lib/python3.7/site-packages/airflow/example_dags/example_xcomargs.py took 0.152 seconds
[2023-07-10T01:36:38.376+0000] {processor.py:157} INFO - Started process (PID=1179) to work on /home/airflow/.local/lib/python3.7/site-packages/airflow/example_dags/example_xcomargs.py
[2023-07-10T01:36:38.377+0000] {processor.py:826} INFO - Processing file /home/airflow/.local/lib/python3.7/site-packages/airflow/example_dags/example_xcomargs.py for tasks to queue
[2023-07-10T01:36:38.378+0000] {logging_mixin.py:149} INFO - [2023-07-10T01:36:38.378+0000] {dagbag.py:541} INFO - Filling up the DagBag from /home/airflow/.local/lib/python3.7/site-packages/airflow/example_dags/example_xcomargs.py
[2023-07-10T01:36:38.385+0000] {processor.py:836} INFO - DAG(s) dict_keys(['example_xcom_args_with_operators', 'example_xcom_args']) retrieved from /home/airflow/.local/lib/python3.7/site-packages/airflow/example_dags/example_xcomargs.py
[2023-07-10T01:36:38.411+0000] {logging_mixin.py:149} INFO - [2023-07-10T01:36:38.411+0000] {dag.py:2726} INFO - Sync 2 DAGs
[2023-07-10T01:36:38.434+0000] {logging_mixin.py:149} INFO - [2023-07-10T01:36:38.434+0000] {dag.py:3490} INFO - Setting next_dagrun for example_xcom_args to None, run_after=None
[2023-07-10T01:36:38.437+0000] {logging_mixin.py:149} INFO - [2023-07-10T01:36:38.437+0000] {dag.py:3490} INFO - Setting next_dagrun for example_xcom_args_with_operators to None, run_after=None
[2023-07-10T01:36:38.453+0000] {processor.py:179} INFO - Processing /home/airflow/.local/lib/python3.7/site-packages/airflow/example_dags/example_xcomargs.py took 0.080 seconds
[2023-07-10T01:37:08.605+0000] {processor.py:157} INFO - Started process (PID=1430) to work on /home/airflow/.local/lib/python3.7/site-packages/airflow/example_dags/example_xcomargs.py
[2023-07-10T01:37:08.606+0000] {processor.py:826} INFO - Processing file /home/airflow/.local/lib/python3.7/site-packages/airflow/example_dags/example_xcomargs.py for tasks to queue
[2023-07-10T01:37:08.607+0000] {logging_mixin.py:149} INFO - [2023-07-10T01:37:08.607+0000] {dagbag.py:541} INFO - Filling up the DagBag from /home/airflow/.local/lib/python3.7/site-packages/airflow/example_dags/example_xcomargs.py
[2023-07-10T01:37:08.614+0000] {processor.py:836} INFO - DAG(s) dict_keys(['example_xcom_args_with_operators', 'example_xcom_args']) retrieved from /home/airflow/.local/lib/python3.7/site-packages/airflow/example_dags/example_xcomargs.py
[2023-07-10T01:37:08.641+0000] {logging_mixin.py:149} INFO - [2023-07-10T01:37:08.640+0000] {dag.py:2726} INFO - Sync 2 DAGs
[2023-07-10T01:37:08.662+0000] {logging_mixin.py:149} INFO - [2023-07-10T01:37:08.662+0000] {dag.py:3490} INFO - Setting next_dagrun for example_xcom_args to None, run_after=None
[2023-07-10T01:37:08.665+0000] {logging_mixin.py:149} INFO - [2023-07-10T01:37:08.665+0000] {dag.py:3490} INFO - Setting next_dagrun for example_xcom_args_with_operators to None, run_after=None
[2023-07-10T01:37:08.683+0000] {processor.py:179} INFO - Processing /home/airflow/.local/lib/python3.7/site-packages/airflow/example_dags/example_xcomargs.py took 0.081 seconds
[2023-07-10T01:37:38.775+0000] {processor.py:157} INFO - Started process (PID=1679) to work on /home/airflow/.local/lib/python3.7/site-packages/airflow/example_dags/example_xcomargs.py
[2023-07-10T01:37:38.776+0000] {processor.py:826} INFO - Processing file /home/airflow/.local/lib/python3.7/site-packages/airflow/example_dags/example_xcomargs.py for tasks to queue
[2023-07-10T01:37:38.777+0000] {logging_mixin.py:149} INFO - [2023-07-10T01:37:38.777+0000] {dagbag.py:541} INFO - Filling up the DagBag from /home/airflow/.local/lib/python3.7/site-packages/airflow/example_dags/example_xcomargs.py
[2023-07-10T01:37:38.784+0000] {processor.py:836} INFO - DAG(s) dict_keys(['example_xcom_args', 'example_xcom_args_with_operators']) retrieved from /home/airflow/.local/lib/python3.7/site-packages/airflow/example_dags/example_xcomargs.py
[2023-07-10T01:37:38.808+0000] {logging_mixin.py:149} INFO - [2023-07-10T01:37:38.807+0000] {dag.py:2726} INFO - Sync 2 DAGs
[2023-07-10T01:37:38.830+0000] {logging_mixin.py:149} INFO - [2023-07-10T01:37:38.830+0000] {dag.py:3490} INFO - Setting next_dagrun for example_xcom_args to None, run_after=None
[2023-07-10T01:37:38.833+0000] {logging_mixin.py:149} INFO - [2023-07-10T01:37:38.833+0000] {dag.py:3490} INFO - Setting next_dagrun for example_xcom_args_with_operators to None, run_after=None
[2023-07-10T01:37:38.849+0000] {processor.py:179} INFO - Processing /home/airflow/.local/lib/python3.7/site-packages/airflow/example_dags/example_xcomargs.py took 0.077 seconds
[2023-07-10T01:38:08.962+0000] {processor.py:157} INFO - Started process (PID=1926) to work on /home/airflow/.local/lib/python3.7/site-packages/airflow/example_dags/example_xcomargs.py
[2023-07-10T01:38:08.962+0000] {processor.py:826} INFO - Processing file /home/airflow/.local/lib/python3.7/site-packages/airflow/example_dags/example_xcomargs.py for tasks to queue
[2023-07-10T01:38:08.963+0000] {logging_mixin.py:149} INFO - [2023-07-10T01:38:08.963+0000] {dagbag.py:541} INFO - Filling up the DagBag from /home/airflow/.local/lib/python3.7/site-packages/airflow/example_dags/example_xcomargs.py
[2023-07-10T01:38:08.970+0000] {processor.py:836} INFO - DAG(s) dict_keys(['example_xcom_args_with_operators', 'example_xcom_args']) retrieved from /home/airflow/.local/lib/python3.7/site-packages/airflow/example_dags/example_xcomargs.py
[2023-07-10T01:38:09.002+0000] {logging_mixin.py:149} INFO - [2023-07-10T01:38:09.002+0000] {dag.py:2726} INFO - Sync 2 DAGs
[2023-07-10T01:38:09.030+0000] {logging_mixin.py:149} INFO - [2023-07-10T01:38:09.030+0000] {dag.py:3490} INFO - Setting next_dagrun for example_xcom_args to None, run_after=None
[2023-07-10T01:38:09.036+0000] {logging_mixin.py:149} INFO - [2023-07-10T01:38:09.036+0000] {dag.py:3490} INFO - Setting next_dagrun for example_xcom_args_with_operators to None, run_after=None
[2023-07-10T01:38:09.054+0000] {processor.py:179} INFO - Processing /home/airflow/.local/lib/python3.7/site-packages/airflow/example_dags/example_xcomargs.py took 0.095 seconds
[2023-07-10T01:38:39.243+0000] {processor.py:157} INFO - Started process (PID=2177) to work on /home/airflow/.local/lib/python3.7/site-packages/airflow/example_dags/example_xcomargs.py
[2023-07-10T01:38:39.244+0000] {processor.py:826} INFO - Processing file /home/airflow/.local/lib/python3.7/site-packages/airflow/example_dags/example_xcomargs.py for tasks to queue
[2023-07-10T01:38:39.245+0000] {logging_mixin.py:149} INFO - [2023-07-10T01:38:39.245+0000] {dagbag.py:541} INFO - Filling up the DagBag from /home/airflow/.local/lib/python3.7/site-packages/airflow/example_dags/example_xcomargs.py
[2023-07-10T01:38:39.251+0000] {processor.py:836} INFO - DAG(s) dict_keys(['example_xcom_args', 'example_xcom_args_with_operators']) retrieved from /home/airflow/.local/lib/python3.7/site-packages/airflow/example_dags/example_xcomargs.py
[2023-07-10T01:38:39.263+0000] {logging_mixin.py:149} INFO - [2023-07-10T01:38:39.263+0000] {dag.py:2726} INFO - Sync 2 DAGs
[2023-07-10T01:38:39.284+0000] {logging_mixin.py:149} INFO - [2023-07-10T01:38:39.284+0000] {dag.py:3490} INFO - Setting next_dagrun for example_xcom_args to None, run_after=None
[2023-07-10T01:38:39.287+0000] {logging_mixin.py:149} INFO - [2023-07-10T01:38:39.287+0000] {dag.py:3490} INFO - Setting next_dagrun for example_xcom_args_with_operators to None, run_after=None
[2023-07-10T01:38:39.302+0000] {processor.py:179} INFO - Processing /home/airflow/.local/lib/python3.7/site-packages/airflow/example_dags/example_xcomargs.py took 0.062 seconds
[2023-07-10T01:39:09.594+0000] {processor.py:157} INFO - Started process (PID=2426) to work on /home/airflow/.local/lib/python3.7/site-packages/airflow/example_dags/example_xcomargs.py
[2023-07-10T01:39:09.595+0000] {processor.py:826} INFO - Processing file /home/airflow/.local/lib/python3.7/site-packages/airflow/example_dags/example_xcomargs.py for tasks to queue
[2023-07-10T01:39:09.596+0000] {logging_mixin.py:149} INFO - [2023-07-10T01:39:09.596+0000] {dagbag.py:541} INFO - Filling up the DagBag from /home/airflow/.local/lib/python3.7/site-packages/airflow/example_dags/example_xcomargs.py
[2023-07-10T01:39:09.602+0000] {processor.py:836} INFO - DAG(s) dict_keys(['example_xcom_args_with_operators', 'example_xcom_args']) retrieved from /home/airflow/.local/lib/python3.7/site-packages/airflow/example_dags/example_xcomargs.py
[2023-07-10T01:39:09.625+0000] {logging_mixin.py:149} INFO - [2023-07-10T01:39:09.625+0000] {dag.py:2726} INFO - Sync 2 DAGs
[2023-07-10T01:39:09.644+0000] {logging_mixin.py:149} INFO - [2023-07-10T01:39:09.644+0000] {dag.py:3490} INFO - Setting next_dagrun for example_xcom_args to None, run_after=None
[2023-07-10T01:39:09.647+0000] {logging_mixin.py:149} INFO - [2023-07-10T01:39:09.647+0000] {dag.py:3490} INFO - Setting next_dagrun for example_xcom_args_with_operators to None, run_after=None
[2023-07-10T01:39:09.666+0000] {processor.py:179} INFO - Processing /home/airflow/.local/lib/python3.7/site-packages/airflow/example_dags/example_xcomargs.py took 0.075 seconds
[2023-07-10T01:39:39.788+0000] {processor.py:157} INFO - Started process (PID=2673) to work on /home/airflow/.local/lib/python3.7/site-packages/airflow/example_dags/example_xcomargs.py
[2023-07-10T01:39:39.789+0000] {processor.py:826} INFO - Processing file /home/airflow/.local/lib/python3.7/site-packages/airflow/example_dags/example_xcomargs.py for tasks to queue
[2023-07-10T01:39:39.790+0000] {logging_mixin.py:149} INFO - [2023-07-10T01:39:39.789+0000] {dagbag.py:541} INFO - Filling up the DagBag from /home/airflow/.local/lib/python3.7/site-packages/airflow/example_dags/example_xcomargs.py
[2023-07-10T01:39:39.796+0000] {processor.py:836} INFO - DAG(s) dict_keys(['example_xcom_args', 'example_xcom_args_with_operators']) retrieved from /home/airflow/.local/lib/python3.7/site-packages/airflow/example_dags/example_xcomargs.py
[2023-07-10T01:39:39.818+0000] {logging_mixin.py:149} INFO - [2023-07-10T01:39:39.818+0000] {dag.py:2726} INFO - Sync 2 DAGs
[2023-07-10T01:39:39.839+0000] {logging_mixin.py:149} INFO - [2023-07-10T01:39:39.838+0000] {dag.py:3490} INFO - Setting next_dagrun for example_xcom_args to None, run_after=None
[2023-07-10T01:39:39.842+0000] {logging_mixin.py:149} INFO - [2023-07-10T01:39:39.842+0000] {dag.py:3490} INFO - Setting next_dagrun for example_xcom_args_with_operators to None, run_after=None
[2023-07-10T01:39:39.858+0000] {processor.py:179} INFO - Processing /home/airflow/.local/lib/python3.7/site-packages/airflow/example_dags/example_xcomargs.py took 0.073 seconds
[2023-07-10T01:40:09.921+0000] {processor.py:157} INFO - Started process (PID=2922) to work on /home/airflow/.local/lib/python3.7/site-packages/airflow/example_dags/example_xcomargs.py
[2023-07-10T01:40:09.922+0000] {processor.py:826} INFO - Processing file /home/airflow/.local/lib/python3.7/site-packages/airflow/example_dags/example_xcomargs.py for tasks to queue
[2023-07-10T01:40:09.922+0000] {logging_mixin.py:149} INFO - [2023-07-10T01:40:09.922+0000] {dagbag.py:541} INFO - Filling up the DagBag from /home/airflow/.local/lib/python3.7/site-packages/airflow/example_dags/example_xcomargs.py
[2023-07-10T01:40:09.928+0000] {processor.py:836} INFO - DAG(s) dict_keys(['example_xcom_args', 'example_xcom_args_with_operators']) retrieved from /home/airflow/.local/lib/python3.7/site-packages/airflow/example_dags/example_xcomargs.py
[2023-07-10T01:40:09.950+0000] {logging_mixin.py:149} INFO - [2023-07-10T01:40:09.950+0000] {dag.py:2726} INFO - Sync 2 DAGs
[2023-07-10T01:40:09.971+0000] {logging_mixin.py:149} INFO - [2023-07-10T01:40:09.971+0000] {dag.py:3490} INFO - Setting next_dagrun for example_xcom_args to None, run_after=None
[2023-07-10T01:40:09.975+0000] {logging_mixin.py:149} INFO - [2023-07-10T01:40:09.975+0000] {dag.py:3490} INFO - Setting next_dagrun for example_xcom_args_with_operators to None, run_after=None
[2023-07-10T01:40:09.990+0000] {processor.py:179} INFO - Processing /home/airflow/.local/lib/python3.7/site-packages/airflow/example_dags/example_xcomargs.py took 0.071 seconds
[2023-07-10T01:40:40.503+0000] {processor.py:157} INFO - Started process (PID=3171) to work on /home/airflow/.local/lib/python3.7/site-packages/airflow/example_dags/example_xcomargs.py
[2023-07-10T01:40:40.504+0000] {processor.py:826} INFO - Processing file /home/airflow/.local/lib/python3.7/site-packages/airflow/example_dags/example_xcomargs.py for tasks to queue
[2023-07-10T01:40:40.505+0000] {logging_mixin.py:149} INFO - [2023-07-10T01:40:40.505+0000] {dagbag.py:541} INFO - Filling up the DagBag from /home/airflow/.local/lib/python3.7/site-packages/airflow/example_dags/example_xcomargs.py
[2023-07-10T01:40:40.512+0000] {processor.py:836} INFO - DAG(s) dict_keys(['example_xcom_args', 'example_xcom_args_with_operators']) retrieved from /home/airflow/.local/lib/python3.7/site-packages/airflow/example_dags/example_xcomargs.py
[2023-07-10T01:40:40.534+0000] {logging_mixin.py:149} INFO - [2023-07-10T01:40:40.534+0000] {dag.py:2726} INFO - Sync 2 DAGs
[2023-07-10T01:40:40.554+0000] {logging_mixin.py:149} INFO - [2023-07-10T01:40:40.554+0000] {dag.py:3490} INFO - Setting next_dagrun for example_xcom_args to None, run_after=None
[2023-07-10T01:40:40.557+0000] {logging_mixin.py:149} INFO - [2023-07-10T01:40:40.557+0000] {dag.py:3490} INFO - Setting next_dagrun for example_xcom_args_with_operators to None, run_after=None
[2023-07-10T01:40:40.572+0000] {processor.py:179} INFO - Processing /home/airflow/.local/lib/python3.7/site-packages/airflow/example_dags/example_xcomargs.py took 0.071 seconds
[2023-07-10T01:41:11.089+0000] {processor.py:157} INFO - Started process (PID=3422) to work on /home/airflow/.local/lib/python3.7/site-packages/airflow/example_dags/example_xcomargs.py
[2023-07-10T01:41:11.090+0000] {processor.py:826} INFO - Processing file /home/airflow/.local/lib/python3.7/site-packages/airflow/example_dags/example_xcomargs.py for tasks to queue
[2023-07-10T01:41:11.090+0000] {logging_mixin.py:149} INFO - [2023-07-10T01:41:11.090+0000] {dagbag.py:541} INFO - Filling up the DagBag from /home/airflow/.local/lib/python3.7/site-packages/airflow/example_dags/example_xcomargs.py
[2023-07-10T01:41:11.097+0000] {processor.py:836} INFO - DAG(s) dict_keys(['example_xcom_args_with_operators', 'example_xcom_args']) retrieved from /home/airflow/.local/lib/python3.7/site-packages/airflow/example_dags/example_xcomargs.py
[2023-07-10T01:41:11.118+0000] {logging_mixin.py:149} INFO - [2023-07-10T01:41:11.118+0000] {dag.py:2726} INFO - Sync 2 DAGs
[2023-07-10T01:41:11.138+0000] {logging_mixin.py:149} INFO - [2023-07-10T01:41:11.138+0000] {dag.py:3490} INFO - Setting next_dagrun for example_xcom_args to None, run_after=None
[2023-07-10T01:41:11.142+0000] {logging_mixin.py:149} INFO - [2023-07-10T01:41:11.142+0000] {dag.py:3490} INFO - Setting next_dagrun for example_xcom_args_with_operators to None, run_after=None
[2023-07-10T01:41:11.159+0000] {processor.py:179} INFO - Processing /home/airflow/.local/lib/python3.7/site-packages/airflow/example_dags/example_xcomargs.py took 0.073 seconds
[2023-07-10T01:41:41.835+0000] {processor.py:157} INFO - Started process (PID=3670) to work on /home/airflow/.local/lib/python3.7/site-packages/airflow/example_dags/example_xcomargs.py
[2023-07-10T01:41:41.836+0000] {processor.py:826} INFO - Processing file /home/airflow/.local/lib/python3.7/site-packages/airflow/example_dags/example_xcomargs.py for tasks to queue
[2023-07-10T01:41:41.837+0000] {logging_mixin.py:149} INFO - [2023-07-10T01:41:41.837+0000] {dagbag.py:541} INFO - Filling up the DagBag from /home/airflow/.local/lib/python3.7/site-packages/airflow/example_dags/example_xcomargs.py
[2023-07-10T01:41:41.844+0000] {processor.py:836} INFO - DAG(s) dict_keys(['example_xcom_args_with_operators', 'example_xcom_args']) retrieved from /home/airflow/.local/lib/python3.7/site-packages/airflow/example_dags/example_xcomargs.py
[2023-07-10T01:41:41.867+0000] {logging_mixin.py:149} INFO - [2023-07-10T01:41:41.867+0000] {dag.py:2726} INFO - Sync 2 DAGs
[2023-07-10T01:41:41.889+0000] {logging_mixin.py:149} INFO - [2023-07-10T01:41:41.888+0000] {dag.py:3490} INFO - Setting next_dagrun for example_xcom_args to None, run_after=None
[2023-07-10T01:41:41.893+0000] {logging_mixin.py:149} INFO - [2023-07-10T01:41:41.892+0000] {dag.py:3490} INFO - Setting next_dagrun for example_xcom_args_with_operators to None, run_after=None
[2023-07-10T01:41:41.911+0000] {processor.py:179} INFO - Processing /home/airflow/.local/lib/python3.7/site-packages/airflow/example_dags/example_xcomargs.py took 0.077 seconds
[2023-07-10T01:42:12.552+0000] {processor.py:157} INFO - Started process (PID=3919) to work on /home/airflow/.local/lib/python3.7/site-packages/airflow/example_dags/example_xcomargs.py
[2023-07-10T01:42:12.553+0000] {processor.py:826} INFO - Processing file /home/airflow/.local/lib/python3.7/site-packages/airflow/example_dags/example_xcomargs.py for tasks to queue
[2023-07-10T01:42:12.554+0000] {logging_mixin.py:149} INFO - [2023-07-10T01:42:12.554+0000] {dagbag.py:541} INFO - Filling up the DagBag from /home/airflow/.local/lib/python3.7/site-packages/airflow/example_dags/example_xcomargs.py
[2023-07-10T01:42:12.560+0000] {processor.py:836} INFO - DAG(s) dict_keys(['example_xcom_args', 'example_xcom_args_with_operators']) retrieved from /home/airflow/.local/lib/python3.7/site-packages/airflow/example_dags/example_xcomargs.py
[2023-07-10T01:42:12.582+0000] {logging_mixin.py:149} INFO - [2023-07-10T01:42:12.582+0000] {dag.py:2726} INFO - Sync 2 DAGs
[2023-07-10T01:42:12.603+0000] {logging_mixin.py:149} INFO - [2023-07-10T01:42:12.603+0000] {dag.py:3490} INFO - Setting next_dagrun for example_xcom_args to None, run_after=None
[2023-07-10T01:42:12.607+0000] {logging_mixin.py:149} INFO - [2023-07-10T01:42:12.607+0000] {dag.py:3490} INFO - Setting next_dagrun for example_xcom_args_with_operators to None, run_after=None
[2023-07-10T01:42:12.622+0000] {processor.py:179} INFO - Processing /home/airflow/.local/lib/python3.7/site-packages/airflow/example_dags/example_xcomargs.py took 0.072 seconds
[2023-07-10T01:42:43.052+0000] {processor.py:157} INFO - Started process (PID=4167) to work on /home/airflow/.local/lib/python3.7/site-packages/airflow/example_dags/example_xcomargs.py
[2023-07-10T01:42:43.053+0000] {processor.py:826} INFO - Processing file /home/airflow/.local/lib/python3.7/site-packages/airflow/example_dags/example_xcomargs.py for tasks to queue
[2023-07-10T01:42:43.053+0000] {logging_mixin.py:149} INFO - [2023-07-10T01:42:43.053+0000] {dagbag.py:541} INFO - Filling up the DagBag from /home/airflow/.local/lib/python3.7/site-packages/airflow/example_dags/example_xcomargs.py
[2023-07-10T01:42:43.060+0000] {processor.py:836} INFO - DAG(s) dict_keys(['example_xcom_args_with_operators', 'example_xcom_args']) retrieved from /home/airflow/.local/lib/python3.7/site-packages/airflow/example_dags/example_xcomargs.py
[2023-07-10T01:42:43.083+0000] {logging_mixin.py:149} INFO - [2023-07-10T01:42:43.083+0000] {dag.py:2726} INFO - Sync 2 DAGs
[2023-07-10T01:42:43.103+0000] {logging_mixin.py:149} INFO - [2023-07-10T01:42:43.103+0000] {dag.py:3490} INFO - Setting next_dagrun for example_xcom_args to None, run_after=None
[2023-07-10T01:42:43.106+0000] {logging_mixin.py:149} INFO - [2023-07-10T01:42:43.106+0000] {dag.py:3490} INFO - Setting next_dagrun for example_xcom_args_with_operators to None, run_after=None
[2023-07-10T01:42:43.121+0000] {processor.py:179} INFO - Processing /home/airflow/.local/lib/python3.7/site-packages/airflow/example_dags/example_xcomargs.py took 0.072 seconds
[2023-07-10T01:43:13.722+0000] {processor.py:157} INFO - Started process (PID=4416) to work on /home/airflow/.local/lib/python3.7/site-packages/airflow/example_dags/example_xcomargs.py
[2023-07-10T01:43:13.723+0000] {processor.py:826} INFO - Processing file /home/airflow/.local/lib/python3.7/site-packages/airflow/example_dags/example_xcomargs.py for tasks to queue
[2023-07-10T01:43:13.723+0000] {logging_mixin.py:149} INFO - [2023-07-10T01:43:13.723+0000] {dagbag.py:541} INFO - Filling up the DagBag from /home/airflow/.local/lib/python3.7/site-packages/airflow/example_dags/example_xcomargs.py
[2023-07-10T01:43:13.730+0000] {processor.py:836} INFO - DAG(s) dict_keys(['example_xcom_args', 'example_xcom_args_with_operators']) retrieved from /home/airflow/.local/lib/python3.7/site-packages/airflow/example_dags/example_xcomargs.py
[2023-07-10T01:43:13.752+0000] {logging_mixin.py:149} INFO - [2023-07-10T01:43:13.752+0000] {dag.py:2726} INFO - Sync 2 DAGs
[2023-07-10T01:43:13.772+0000] {logging_mixin.py:149} INFO - [2023-07-10T01:43:13.772+0000] {dag.py:3490} INFO - Setting next_dagrun for example_xcom_args to None, run_after=None
[2023-07-10T01:43:13.775+0000] {logging_mixin.py:149} INFO - [2023-07-10T01:43:13.775+0000] {dag.py:3490} INFO - Setting next_dagrun for example_xcom_args_with_operators to None, run_after=None
[2023-07-10T01:43:13.791+0000] {processor.py:179} INFO - Processing /home/airflow/.local/lib/python3.7/site-packages/airflow/example_dags/example_xcomargs.py took 0.072 seconds
[2023-07-10T01:43:44.196+0000] {processor.py:157} INFO - Started process (PID=4668) to work on /home/airflow/.local/lib/python3.7/site-packages/airflow/example_dags/example_xcomargs.py
[2023-07-10T01:43:44.197+0000] {processor.py:826} INFO - Processing file /home/airflow/.local/lib/python3.7/site-packages/airflow/example_dags/example_xcomargs.py for tasks to queue
[2023-07-10T01:43:44.198+0000] {logging_mixin.py:149} INFO - [2023-07-10T01:43:44.198+0000] {dagbag.py:541} INFO - Filling up the DagBag from /home/airflow/.local/lib/python3.7/site-packages/airflow/example_dags/example_xcomargs.py
[2023-07-10T01:43:44.204+0000] {processor.py:836} INFO - DAG(s) dict_keys(['example_xcom_args_with_operators', 'example_xcom_args']) retrieved from /home/airflow/.local/lib/python3.7/site-packages/airflow/example_dags/example_xcomargs.py
[2023-07-10T01:43:44.227+0000] {logging_mixin.py:149} INFO - [2023-07-10T01:43:44.227+0000] {dag.py:2726} INFO - Sync 2 DAGs
[2023-07-10T01:43:44.247+0000] {logging_mixin.py:149} INFO - [2023-07-10T01:43:44.247+0000] {dag.py:3490} INFO - Setting next_dagrun for example_xcom_args to None, run_after=None
[2023-07-10T01:43:44.251+0000] {logging_mixin.py:149} INFO - [2023-07-10T01:43:44.251+0000] {dag.py:3490} INFO - Setting next_dagrun for example_xcom_args_with_operators to None, run_after=None
[2023-07-10T01:43:44.267+0000] {processor.py:179} INFO - Processing /home/airflow/.local/lib/python3.7/site-packages/airflow/example_dags/example_xcomargs.py took 0.073 seconds
[2023-07-10T01:44:14.767+0000] {processor.py:157} INFO - Started process (PID=4915) to work on /home/airflow/.local/lib/python3.7/site-packages/airflow/example_dags/example_xcomargs.py
[2023-07-10T01:44:14.768+0000] {processor.py:826} INFO - Processing file /home/airflow/.local/lib/python3.7/site-packages/airflow/example_dags/example_xcomargs.py for tasks to queue
[2023-07-10T01:44:14.769+0000] {logging_mixin.py:149} INFO - [2023-07-10T01:44:14.768+0000] {dagbag.py:541} INFO - Filling up the DagBag from /home/airflow/.local/lib/python3.7/site-packages/airflow/example_dags/example_xcomargs.py
[2023-07-10T01:44:14.775+0000] {processor.py:836} INFO - DAG(s) dict_keys(['example_xcom_args_with_operators', 'example_xcom_args']) retrieved from /home/airflow/.local/lib/python3.7/site-packages/airflow/example_dags/example_xcomargs.py
[2023-07-10T01:44:14.802+0000] {logging_mixin.py:149} INFO - [2023-07-10T01:44:14.801+0000] {dag.py:2726} INFO - Sync 2 DAGs
[2023-07-10T01:44:14.823+0000] {logging_mixin.py:149} INFO - [2023-07-10T01:44:14.822+0000] {dag.py:3490} INFO - Setting next_dagrun for example_xcom_args to None, run_after=None
[2023-07-10T01:44:14.826+0000] {logging_mixin.py:149} INFO - [2023-07-10T01:44:14.826+0000] {dag.py:3490} INFO - Setting next_dagrun for example_xcom_args_with_operators to None, run_after=None
[2023-07-10T01:44:14.844+0000] {processor.py:179} INFO - Processing /home/airflow/.local/lib/python3.7/site-packages/airflow/example_dags/example_xcomargs.py took 0.080 seconds
[2023-07-10T01:44:45.564+0000] {processor.py:157} INFO - Started process (PID=5166) to work on /home/airflow/.local/lib/python3.7/site-packages/airflow/example_dags/example_xcomargs.py
[2023-07-10T01:44:45.565+0000] {processor.py:826} INFO - Processing file /home/airflow/.local/lib/python3.7/site-packages/airflow/example_dags/example_xcomargs.py for tasks to queue
[2023-07-10T01:44:45.565+0000] {logging_mixin.py:149} INFO - [2023-07-10T01:44:45.565+0000] {dagbag.py:541} INFO - Filling up the DagBag from /home/airflow/.local/lib/python3.7/site-packages/airflow/example_dags/example_xcomargs.py
[2023-07-10T01:44:45.572+0000] {processor.py:836} INFO - DAG(s) dict_keys(['example_xcom_args', 'example_xcom_args_with_operators']) retrieved from /home/airflow/.local/lib/python3.7/site-packages/airflow/example_dags/example_xcomargs.py
[2023-07-10T01:44:45.594+0000] {logging_mixin.py:149} INFO - [2023-07-10T01:44:45.594+0000] {dag.py:2726} INFO - Sync 2 DAGs
[2023-07-10T01:44:45.614+0000] {logging_mixin.py:149} INFO - [2023-07-10T01:44:45.614+0000] {dag.py:3490} INFO - Setting next_dagrun for example_xcom_args to None, run_after=None
[2023-07-10T01:44:45.618+0000] {logging_mixin.py:149} INFO - [2023-07-10T01:44:45.618+0000] {dag.py:3490} INFO - Setting next_dagrun for example_xcom_args_with_operators to None, run_after=None
[2023-07-10T01:44:45.633+0000] {processor.py:179} INFO - Processing /home/airflow/.local/lib/python3.7/site-packages/airflow/example_dags/example_xcomargs.py took 0.071 seconds
[2023-07-10T01:45:16.100+0000] {processor.py:157} INFO - Started process (PID=5415) to work on /home/airflow/.local/lib/python3.7/site-packages/airflow/example_dags/example_xcomargs.py
[2023-07-10T01:45:16.101+0000] {processor.py:826} INFO - Processing file /home/airflow/.local/lib/python3.7/site-packages/airflow/example_dags/example_xcomargs.py for tasks to queue
[2023-07-10T01:45:16.103+0000] {logging_mixin.py:149} INFO - [2023-07-10T01:45:16.102+0000] {dagbag.py:541} INFO - Filling up the DagBag from /home/airflow/.local/lib/python3.7/site-packages/airflow/example_dags/example_xcomargs.py
[2023-07-10T01:45:16.113+0000] {processor.py:836} INFO - DAG(s) dict_keys(['example_xcom_args_with_operators', 'example_xcom_args']) retrieved from /home/airflow/.local/lib/python3.7/site-packages/airflow/example_dags/example_xcomargs.py
[2023-07-10T01:45:16.137+0000] {logging_mixin.py:149} INFO - [2023-07-10T01:45:16.137+0000] {dag.py:2726} INFO - Sync 2 DAGs
[2023-07-10T01:45:16.163+0000] {logging_mixin.py:149} INFO - [2023-07-10T01:45:16.163+0000] {dag.py:3490} INFO - Setting next_dagrun for example_xcom_args to None, run_after=None
[2023-07-10T01:45:16.168+0000] {logging_mixin.py:149} INFO - [2023-07-10T01:45:16.168+0000] {dag.py:3490} INFO - Setting next_dagrun for example_xcom_args_with_operators to None, run_after=None
[2023-07-10T01:45:16.183+0000] {processor.py:179} INFO - Processing /home/airflow/.local/lib/python3.7/site-packages/airflow/example_dags/example_xcomargs.py took 0.086 seconds
[2023-07-10T01:45:46.665+0000] {processor.py:157} INFO - Started process (PID=5664) to work on /home/airflow/.local/lib/python3.7/site-packages/airflow/example_dags/example_xcomargs.py
[2023-07-10T01:45:46.666+0000] {processor.py:826} INFO - Processing file /home/airflow/.local/lib/python3.7/site-packages/airflow/example_dags/example_xcomargs.py for tasks to queue
[2023-07-10T01:45:46.667+0000] {logging_mixin.py:149} INFO - [2023-07-10T01:45:46.667+0000] {dagbag.py:541} INFO - Filling up the DagBag from /home/airflow/.local/lib/python3.7/site-packages/airflow/example_dags/example_xcomargs.py
[2023-07-10T01:45:46.673+0000] {processor.py:836} INFO - DAG(s) dict_keys(['example_xcom_args', 'example_xcom_args_with_operators']) retrieved from /home/airflow/.local/lib/python3.7/site-packages/airflow/example_dags/example_xcomargs.py
[2023-07-10T01:45:46.696+0000] {logging_mixin.py:149} INFO - [2023-07-10T01:45:46.696+0000] {dag.py:2726} INFO - Sync 2 DAGs
[2023-07-10T01:45:46.718+0000] {logging_mixin.py:149} INFO - [2023-07-10T01:45:46.718+0000] {dag.py:3490} INFO - Setting next_dagrun for example_xcom_args to None, run_after=None
[2023-07-10T01:45:46.722+0000] {logging_mixin.py:149} INFO - [2023-07-10T01:45:46.722+0000] {dag.py:3490} INFO - Setting next_dagrun for example_xcom_args_with_operators to None, run_after=None
[2023-07-10T01:45:46.738+0000] {processor.py:179} INFO - Processing /home/airflow/.local/lib/python3.7/site-packages/airflow/example_dags/example_xcomargs.py took 0.075 seconds
[2023-07-10T01:46:17.305+0000] {processor.py:157} INFO - Started process (PID=5913) to work on /home/airflow/.local/lib/python3.7/site-packages/airflow/example_dags/example_xcomargs.py
[2023-07-10T01:46:17.306+0000] {processor.py:826} INFO - Processing file /home/airflow/.local/lib/python3.7/site-packages/airflow/example_dags/example_xcomargs.py for tasks to queue
[2023-07-10T01:46:17.307+0000] {logging_mixin.py:149} INFO - [2023-07-10T01:46:17.307+0000] {dagbag.py:541} INFO - Filling up the DagBag from /home/airflow/.local/lib/python3.7/site-packages/airflow/example_dags/example_xcomargs.py
[2023-07-10T01:46:17.314+0000] {processor.py:836} INFO - DAG(s) dict_keys(['example_xcom_args', 'example_xcom_args_with_operators']) retrieved from /home/airflow/.local/lib/python3.7/site-packages/airflow/example_dags/example_xcomargs.py
[2023-07-10T01:46:17.336+0000] {logging_mixin.py:149} INFO - [2023-07-10T01:46:17.336+0000] {dag.py:2726} INFO - Sync 2 DAGs
[2023-07-10T01:46:17.356+0000] {logging_mixin.py:149} INFO - [2023-07-10T01:46:17.356+0000] {dag.py:3490} INFO - Setting next_dagrun for example_xcom_args to None, run_after=None
[2023-07-10T01:46:17.359+0000] {logging_mixin.py:149} INFO - [2023-07-10T01:46:17.359+0000] {dag.py:3490} INFO - Setting next_dagrun for example_xcom_args_with_operators to None, run_after=None
[2023-07-10T01:46:17.374+0000] {processor.py:179} INFO - Processing /home/airflow/.local/lib/python3.7/site-packages/airflow/example_dags/example_xcomargs.py took 0.071 seconds
[2023-07-10T01:46:48.110+0000] {processor.py:157} INFO - Started process (PID=6162) to work on /home/airflow/.local/lib/python3.7/site-packages/airflow/example_dags/example_xcomargs.py
[2023-07-10T01:46:48.111+0000] {processor.py:826} INFO - Processing file /home/airflow/.local/lib/python3.7/site-packages/airflow/example_dags/example_xcomargs.py for tasks to queue
[2023-07-10T01:46:48.111+0000] {logging_mixin.py:149} INFO - [2023-07-10T01:46:48.111+0000] {dagbag.py:541} INFO - Filling up the DagBag from /home/airflow/.local/lib/python3.7/site-packages/airflow/example_dags/example_xcomargs.py
[2023-07-10T01:46:48.118+0000] {processor.py:836} INFO - DAG(s) dict_keys(['example_xcom_args', 'example_xcom_args_with_operators']) retrieved from /home/airflow/.local/lib/python3.7/site-packages/airflow/example_dags/example_xcomargs.py
[2023-07-10T01:46:48.139+0000] {logging_mixin.py:149} INFO - [2023-07-10T01:46:48.139+0000] {dag.py:2726} INFO - Sync 2 DAGs
[2023-07-10T01:46:48.159+0000] {logging_mixin.py:149} INFO - [2023-07-10T01:46:48.159+0000] {dag.py:3490} INFO - Setting next_dagrun for example_xcom_args to None, run_after=None
[2023-07-10T01:46:48.163+0000] {logging_mixin.py:149} INFO - [2023-07-10T01:46:48.163+0000] {dag.py:3490} INFO - Setting next_dagrun for example_xcom_args_with_operators to None, run_after=None
[2023-07-10T01:46:48.177+0000] {processor.py:179} INFO - Processing /home/airflow/.local/lib/python3.7/site-packages/airflow/example_dags/example_xcomargs.py took 0.070 seconds
[2023-07-10T01:47:18.648+0000] {processor.py:157} INFO - Started process (PID=6409) to work on /home/airflow/.local/lib/python3.7/site-packages/airflow/example_dags/example_xcomargs.py
[2023-07-10T01:47:18.649+0000] {processor.py:826} INFO - Processing file /home/airflow/.local/lib/python3.7/site-packages/airflow/example_dags/example_xcomargs.py for tasks to queue
[2023-07-10T01:47:18.650+0000] {logging_mixin.py:149} INFO - [2023-07-10T01:47:18.649+0000] {dagbag.py:541} INFO - Filling up the DagBag from /home/airflow/.local/lib/python3.7/site-packages/airflow/example_dags/example_xcomargs.py
[2023-07-10T01:47:18.656+0000] {processor.py:836} INFO - DAG(s) dict_keys(['example_xcom_args_with_operators', 'example_xcom_args']) retrieved from /home/airflow/.local/lib/python3.7/site-packages/airflow/example_dags/example_xcomargs.py
[2023-07-10T01:47:18.678+0000] {logging_mixin.py:149} INFO - [2023-07-10T01:47:18.678+0000] {dag.py:2726} INFO - Sync 2 DAGs
[2023-07-10T01:47:18.699+0000] {logging_mixin.py:149} INFO - [2023-07-10T01:47:18.699+0000] {dag.py:3490} INFO - Setting next_dagrun for example_xcom_args to None, run_after=None
[2023-07-10T01:47:18.703+0000] {logging_mixin.py:149} INFO - [2023-07-10T01:47:18.703+0000] {dag.py:3490} INFO - Setting next_dagrun for example_xcom_args_with_operators to None, run_after=None
[2023-07-10T01:47:18.718+0000] {processor.py:179} INFO - Processing /home/airflow/.local/lib/python3.7/site-packages/airflow/example_dags/example_xcomargs.py took 0.072 seconds
[2023-07-10T01:47:49.254+0000] {processor.py:157} INFO - Started process (PID=6658) to work on /home/airflow/.local/lib/python3.7/site-packages/airflow/example_dags/example_xcomargs.py
[2023-07-10T01:47:49.255+0000] {processor.py:826} INFO - Processing file /home/airflow/.local/lib/python3.7/site-packages/airflow/example_dags/example_xcomargs.py for tasks to queue
[2023-07-10T01:47:49.256+0000] {logging_mixin.py:149} INFO - [2023-07-10T01:47:49.256+0000] {dagbag.py:541} INFO - Filling up the DagBag from /home/airflow/.local/lib/python3.7/site-packages/airflow/example_dags/example_xcomargs.py
[2023-07-10T01:47:49.262+0000] {processor.py:836} INFO - DAG(s) dict_keys(['example_xcom_args_with_operators', 'example_xcom_args']) retrieved from /home/airflow/.local/lib/python3.7/site-packages/airflow/example_dags/example_xcomargs.py
[2023-07-10T01:47:49.285+0000] {logging_mixin.py:149} INFO - [2023-07-10T01:47:49.285+0000] {dag.py:2726} INFO - Sync 2 DAGs
[2023-07-10T01:47:49.305+0000] {logging_mixin.py:149} INFO - [2023-07-10T01:47:49.305+0000] {dag.py:3490} INFO - Setting next_dagrun for example_xcom_args to None, run_after=None
[2023-07-10T01:47:49.308+0000] {logging_mixin.py:149} INFO - [2023-07-10T01:47:49.308+0000] {dag.py:3490} INFO - Setting next_dagrun for example_xcom_args_with_operators to None, run_after=None
[2023-07-10T01:47:49.323+0000] {processor.py:179} INFO - Processing /home/airflow/.local/lib/python3.7/site-packages/airflow/example_dags/example_xcomargs.py took 0.072 seconds
[2023-07-10T01:48:19.727+0000] {processor.py:157} INFO - Started process (PID=6907) to work on /home/airflow/.local/lib/python3.7/site-packages/airflow/example_dags/example_xcomargs.py
[2023-07-10T01:48:19.728+0000] {processor.py:826} INFO - Processing file /home/airflow/.local/lib/python3.7/site-packages/airflow/example_dags/example_xcomargs.py for tasks to queue
[2023-07-10T01:48:19.729+0000] {logging_mixin.py:149} INFO - [2023-07-10T01:48:19.729+0000] {dagbag.py:541} INFO - Filling up the DagBag from /home/airflow/.local/lib/python3.7/site-packages/airflow/example_dags/example_xcomargs.py
[2023-07-10T01:48:19.736+0000] {processor.py:836} INFO - DAG(s) dict_keys(['example_xcom_args_with_operators', 'example_xcom_args']) retrieved from /home/airflow/.local/lib/python3.7/site-packages/airflow/example_dags/example_xcomargs.py
[2023-07-10T01:48:19.758+0000] {logging_mixin.py:149} INFO - [2023-07-10T01:48:19.758+0000] {dag.py:2726} INFO - Sync 2 DAGs
[2023-07-10T01:48:19.777+0000] {logging_mixin.py:149} INFO - [2023-07-10T01:48:19.777+0000] {dag.py:3490} INFO - Setting next_dagrun for example_xcom_args to None, run_after=None
[2023-07-10T01:48:19.780+0000] {logging_mixin.py:149} INFO - [2023-07-10T01:48:19.780+0000] {dag.py:3490} INFO - Setting next_dagrun for example_xcom_args_with_operators to None, run_after=None
[2023-07-10T01:48:19.795+0000] {processor.py:179} INFO - Processing /home/airflow/.local/lib/python3.7/site-packages/airflow/example_dags/example_xcomargs.py took 0.070 seconds
[2023-07-10T01:48:50.295+0000] {processor.py:157} INFO - Started process (PID=7158) to work on /home/airflow/.local/lib/python3.7/site-packages/airflow/example_dags/example_xcomargs.py
[2023-07-10T01:48:50.296+0000] {processor.py:826} INFO - Processing file /home/airflow/.local/lib/python3.7/site-packages/airflow/example_dags/example_xcomargs.py for tasks to queue
[2023-07-10T01:48:50.297+0000] {logging_mixin.py:149} INFO - [2023-07-10T01:48:50.297+0000] {dagbag.py:541} INFO - Filling up the DagBag from /home/airflow/.local/lib/python3.7/site-packages/airflow/example_dags/example_xcomargs.py
[2023-07-10T01:48:50.303+0000] {processor.py:836} INFO - DAG(s) dict_keys(['example_xcom_args', 'example_xcom_args_with_operators']) retrieved from /home/airflow/.local/lib/python3.7/site-packages/airflow/example_dags/example_xcomargs.py
[2023-07-10T01:48:50.326+0000] {logging_mixin.py:149} INFO - [2023-07-10T01:48:50.326+0000] {dag.py:2726} INFO - Sync 2 DAGs
[2023-07-10T01:48:50.346+0000] {logging_mixin.py:149} INFO - [2023-07-10T01:48:50.346+0000] {dag.py:3490} INFO - Setting next_dagrun for example_xcom_args to None, run_after=None
[2023-07-10T01:48:50.350+0000] {logging_mixin.py:149} INFO - [2023-07-10T01:48:50.350+0000] {dag.py:3490} INFO - Setting next_dagrun for example_xcom_args_with_operators to None, run_after=None
[2023-07-10T01:48:50.366+0000] {processor.py:179} INFO - Processing /home/airflow/.local/lib/python3.7/site-packages/airflow/example_dags/example_xcomargs.py took 0.073 seconds
[2023-07-10T01:49:20.895+0000] {processor.py:157} INFO - Started process (PID=7405) to work on /home/airflow/.local/lib/python3.7/site-packages/airflow/example_dags/example_xcomargs.py
[2023-07-10T01:49:20.896+0000] {processor.py:826} INFO - Processing file /home/airflow/.local/lib/python3.7/site-packages/airflow/example_dags/example_xcomargs.py for tasks to queue
[2023-07-10T01:49:20.897+0000] {logging_mixin.py:149} INFO - [2023-07-10T01:49:20.897+0000] {dagbag.py:541} INFO - Filling up the DagBag from /home/airflow/.local/lib/python3.7/site-packages/airflow/example_dags/example_xcomargs.py
[2023-07-10T01:49:20.904+0000] {processor.py:836} INFO - DAG(s) dict_keys(['example_xcom_args', 'example_xcom_args_with_operators']) retrieved from /home/airflow/.local/lib/python3.7/site-packages/airflow/example_dags/example_xcomargs.py
[2023-07-10T01:49:20.927+0000] {logging_mixin.py:149} INFO - [2023-07-10T01:49:20.927+0000] {dag.py:2726} INFO - Sync 2 DAGs
[2023-07-10T01:49:20.947+0000] {logging_mixin.py:149} INFO - [2023-07-10T01:49:20.947+0000] {dag.py:3490} INFO - Setting next_dagrun for example_xcom_args to None, run_after=None
[2023-07-10T01:49:20.950+0000] {logging_mixin.py:149} INFO - [2023-07-10T01:49:20.950+0000] {dag.py:3490} INFO - Setting next_dagrun for example_xcom_args_with_operators to None, run_after=None
[2023-07-10T01:49:20.965+0000] {processor.py:179} INFO - Processing /home/airflow/.local/lib/python3.7/site-packages/airflow/example_dags/example_xcomargs.py took 0.073 seconds
[2023-07-10T01:49:51.394+0000] {processor.py:157} INFO - Started process (PID=7659) to work on /home/airflow/.local/lib/python3.7/site-packages/airflow/example_dags/example_xcomargs.py
[2023-07-10T01:49:51.395+0000] {processor.py:826} INFO - Processing file /home/airflow/.local/lib/python3.7/site-packages/airflow/example_dags/example_xcomargs.py for tasks to queue
[2023-07-10T01:49:51.396+0000] {logging_mixin.py:149} INFO - [2023-07-10T01:49:51.396+0000] {dagbag.py:541} INFO - Filling up the DagBag from /home/airflow/.local/lib/python3.7/site-packages/airflow/example_dags/example_xcomargs.py
[2023-07-10T01:49:51.402+0000] {processor.py:836} INFO - DAG(s) dict_keys(['example_xcom_args_with_operators', 'example_xcom_args']) retrieved from /home/airflow/.local/lib/python3.7/site-packages/airflow/example_dags/example_xcomargs.py
[2023-07-10T01:49:51.425+0000] {logging_mixin.py:149} INFO - [2023-07-10T01:49:51.425+0000] {dag.py:2726} INFO - Sync 2 DAGs
[2023-07-10T01:49:51.445+0000] {logging_mixin.py:149} INFO - [2023-07-10T01:49:51.445+0000] {dag.py:3490} INFO - Setting next_dagrun for example_xcom_args to None, run_after=None
[2023-07-10T01:49:51.448+0000] {logging_mixin.py:149} INFO - [2023-07-10T01:49:51.448+0000] {dag.py:3490} INFO - Setting next_dagrun for example_xcom_args_with_operators to None, run_after=None
[2023-07-10T01:49:51.462+0000] {processor.py:179} INFO - Processing /home/airflow/.local/lib/python3.7/site-packages/airflow/example_dags/example_xcomargs.py took 0.071 seconds
[2023-07-10T01:50:22.068+0000] {processor.py:157} INFO - Started process (PID=7913) to work on /home/airflow/.local/lib/python3.7/site-packages/airflow/example_dags/example_xcomargs.py
[2023-07-10T01:50:22.069+0000] {processor.py:826} INFO - Processing file /home/airflow/.local/lib/python3.7/site-packages/airflow/example_dags/example_xcomargs.py for tasks to queue
[2023-07-10T01:50:22.070+0000] {logging_mixin.py:149} INFO - [2023-07-10T01:50:22.070+0000] {dagbag.py:541} INFO - Filling up the DagBag from /home/airflow/.local/lib/python3.7/site-packages/airflow/example_dags/example_xcomargs.py
[2023-07-10T01:50:22.077+0000] {processor.py:836} INFO - DAG(s) dict_keys(['example_xcom_args', 'example_xcom_args_with_operators']) retrieved from /home/airflow/.local/lib/python3.7/site-packages/airflow/example_dags/example_xcomargs.py
[2023-07-10T01:50:22.102+0000] {logging_mixin.py:149} INFO - [2023-07-10T01:50:22.102+0000] {dag.py:2726} INFO - Sync 2 DAGs
[2023-07-10T01:50:22.124+0000] {logging_mixin.py:149} INFO - [2023-07-10T01:50:22.124+0000] {dag.py:3490} INFO - Setting next_dagrun for example_xcom_args to None, run_after=None
[2023-07-10T01:50:22.128+0000] {logging_mixin.py:149} INFO - [2023-07-10T01:50:22.127+0000] {dag.py:3490} INFO - Setting next_dagrun for example_xcom_args_with_operators to None, run_after=None
[2023-07-10T01:50:22.142+0000] {processor.py:179} INFO - Processing /home/airflow/.local/lib/python3.7/site-packages/airflow/example_dags/example_xcomargs.py took 0.077 seconds
[2023-07-10T01:50:52.637+0000] {processor.py:157} INFO - Started process (PID=8167) to work on /home/airflow/.local/lib/python3.7/site-packages/airflow/example_dags/example_xcomargs.py
[2023-07-10T01:50:52.638+0000] {processor.py:826} INFO - Processing file /home/airflow/.local/lib/python3.7/site-packages/airflow/example_dags/example_xcomargs.py for tasks to queue
[2023-07-10T01:50:52.639+0000] {logging_mixin.py:149} INFO - [2023-07-10T01:50:52.639+0000] {dagbag.py:541} INFO - Filling up the DagBag from /home/airflow/.local/lib/python3.7/site-packages/airflow/example_dags/example_xcomargs.py
[2023-07-10T01:50:52.647+0000] {processor.py:836} INFO - DAG(s) dict_keys(['example_xcom_args', 'example_xcom_args_with_operators']) retrieved from /home/airflow/.local/lib/python3.7/site-packages/airflow/example_dags/example_xcomargs.py
[2023-07-10T01:50:52.672+0000] {logging_mixin.py:149} INFO - [2023-07-10T01:50:52.672+0000] {dag.py:2726} INFO - Sync 2 DAGs
[2023-07-10T01:50:52.694+0000] {logging_mixin.py:149} INFO - [2023-07-10T01:50:52.694+0000] {dag.py:3490} INFO - Setting next_dagrun for example_xcom_args to None, run_after=None
[2023-07-10T01:50:52.697+0000] {logging_mixin.py:149} INFO - [2023-07-10T01:50:52.697+0000] {dag.py:3490} INFO - Setting next_dagrun for example_xcom_args_with_operators to None, run_after=None
[2023-07-10T01:50:52.712+0000] {processor.py:179} INFO - Processing /home/airflow/.local/lib/python3.7/site-packages/airflow/example_dags/example_xcomargs.py took 0.077 seconds
[2023-07-10T01:51:23.294+0000] {processor.py:157} INFO - Started process (PID=8421) to work on /home/airflow/.local/lib/python3.7/site-packages/airflow/example_dags/example_xcomargs.py
[2023-07-10T01:51:23.295+0000] {processor.py:826} INFO - Processing file /home/airflow/.local/lib/python3.7/site-packages/airflow/example_dags/example_xcomargs.py for tasks to queue
[2023-07-10T01:51:23.296+0000] {logging_mixin.py:149} INFO - [2023-07-10T01:51:23.296+0000] {dagbag.py:541} INFO - Filling up the DagBag from /home/airflow/.local/lib/python3.7/site-packages/airflow/example_dags/example_xcomargs.py
[2023-07-10T01:51:23.303+0000] {processor.py:836} INFO - DAG(s) dict_keys(['example_xcom_args_with_operators', 'example_xcom_args']) retrieved from /home/airflow/.local/lib/python3.7/site-packages/airflow/example_dags/example_xcomargs.py
[2023-07-10T01:51:23.326+0000] {logging_mixin.py:149} INFO - [2023-07-10T01:51:23.326+0000] {dag.py:2726} INFO - Sync 2 DAGs
[2023-07-10T01:51:23.347+0000] {logging_mixin.py:149} INFO - [2023-07-10T01:51:23.347+0000] {dag.py:3490} INFO - Setting next_dagrun for example_xcom_args to None, run_after=None
[2023-07-10T01:51:23.351+0000] {logging_mixin.py:149} INFO - [2023-07-10T01:51:23.351+0000] {dag.py:3490} INFO - Setting next_dagrun for example_xcom_args_with_operators to None, run_after=None
[2023-07-10T01:51:23.367+0000] {processor.py:179} INFO - Processing /home/airflow/.local/lib/python3.7/site-packages/airflow/example_dags/example_xcomargs.py took 0.075 seconds
[2023-07-10T01:51:53.999+0000] {processor.py:157} INFO - Started process (PID=8675) to work on /home/airflow/.local/lib/python3.7/site-packages/airflow/example_dags/example_xcomargs.py
[2023-07-10T01:51:54.000+0000] {processor.py:826} INFO - Processing file /home/airflow/.local/lib/python3.7/site-packages/airflow/example_dags/example_xcomargs.py for tasks to queue
[2023-07-10T01:51:54.001+0000] {logging_mixin.py:149} INFO - [2023-07-10T01:51:54.000+0000] {dagbag.py:541} INFO - Filling up the DagBag from /home/airflow/.local/lib/python3.7/site-packages/airflow/example_dags/example_xcomargs.py
[2023-07-10T01:51:54.007+0000] {processor.py:836} INFO - DAG(s) dict_keys(['example_xcom_args', 'example_xcom_args_with_operators']) retrieved from /home/airflow/.local/lib/python3.7/site-packages/airflow/example_dags/example_xcomargs.py
[2023-07-10T01:51:54.030+0000] {logging_mixin.py:149} INFO - [2023-07-10T01:51:54.030+0000] {dag.py:2726} INFO - Sync 2 DAGs
[2023-07-10T01:51:54.050+0000] {logging_mixin.py:149} INFO - [2023-07-10T01:51:54.050+0000] {dag.py:3490} INFO - Setting next_dagrun for example_xcom_args to None, run_after=None
[2023-07-10T01:51:54.053+0000] {logging_mixin.py:149} INFO - [2023-07-10T01:51:54.053+0000] {dag.py:3490} INFO - Setting next_dagrun for example_xcom_args_with_operators to None, run_after=None
[2023-07-10T01:51:54.067+0000] {processor.py:179} INFO - Processing /home/airflow/.local/lib/python3.7/site-packages/airflow/example_dags/example_xcomargs.py took 0.070 seconds
[2023-07-10T01:52:24.741+0000] {processor.py:157} INFO - Started process (PID=8931) to work on /home/airflow/.local/lib/python3.7/site-packages/airflow/example_dags/example_xcomargs.py
[2023-07-10T01:52:24.742+0000] {processor.py:826} INFO - Processing file /home/airflow/.local/lib/python3.7/site-packages/airflow/example_dags/example_xcomargs.py for tasks to queue
[2023-07-10T01:52:24.743+0000] {logging_mixin.py:149} INFO - [2023-07-10T01:52:24.743+0000] {dagbag.py:541} INFO - Filling up the DagBag from /home/airflow/.local/lib/python3.7/site-packages/airflow/example_dags/example_xcomargs.py
[2023-07-10T01:52:24.749+0000] {processor.py:836} INFO - DAG(s) dict_keys(['example_xcom_args_with_operators', 'example_xcom_args']) retrieved from /home/airflow/.local/lib/python3.7/site-packages/airflow/example_dags/example_xcomargs.py
[2023-07-10T01:52:24.771+0000] {logging_mixin.py:149} INFO - [2023-07-10T01:52:24.771+0000] {dag.py:2726} INFO - Sync 2 DAGs
[2023-07-10T01:52:24.791+0000] {logging_mixin.py:149} INFO - [2023-07-10T01:52:24.791+0000] {dag.py:3490} INFO - Setting next_dagrun for example_xcom_args to None, run_after=None
[2023-07-10T01:52:24.794+0000] {logging_mixin.py:149} INFO - [2023-07-10T01:52:24.794+0000] {dag.py:3490} INFO - Setting next_dagrun for example_xcom_args_with_operators to None, run_after=None
[2023-07-10T01:52:24.811+0000] {processor.py:179} INFO - Processing /home/airflow/.local/lib/python3.7/site-packages/airflow/example_dags/example_xcomargs.py took 0.073 seconds
[2023-07-10T01:52:54.867+0000] {processor.py:157} INFO - Started process (PID=9185) to work on /home/airflow/.local/lib/python3.7/site-packages/airflow/example_dags/example_xcomargs.py
[2023-07-10T01:52:54.867+0000] {processor.py:826} INFO - Processing file /home/airflow/.local/lib/python3.7/site-packages/airflow/example_dags/example_xcomargs.py for tasks to queue
[2023-07-10T01:52:54.868+0000] {logging_mixin.py:149} INFO - [2023-07-10T01:52:54.868+0000] {dagbag.py:541} INFO - Filling up the DagBag from /home/airflow/.local/lib/python3.7/site-packages/airflow/example_dags/example_xcomargs.py
[2023-07-10T01:52:54.874+0000] {processor.py:836} INFO - DAG(s) dict_keys(['example_xcom_args_with_operators', 'example_xcom_args']) retrieved from /home/airflow/.local/lib/python3.7/site-packages/airflow/example_dags/example_xcomargs.py
[2023-07-10T01:52:54.897+0000] {logging_mixin.py:149} INFO - [2023-07-10T01:52:54.897+0000] {dag.py:2726} INFO - Sync 2 DAGs
[2023-07-10T01:52:54.920+0000] {logging_mixin.py:149} INFO - [2023-07-10T01:52:54.920+0000] {dag.py:3490} INFO - Setting next_dagrun for example_xcom_args to None, run_after=None
[2023-07-10T01:52:54.924+0000] {logging_mixin.py:149} INFO - [2023-07-10T01:52:54.924+0000] {dag.py:3490} INFO - Setting next_dagrun for example_xcom_args_with_operators to None, run_after=None
[2023-07-10T01:52:54.938+0000] {processor.py:179} INFO - Processing /home/airflow/.local/lib/python3.7/site-packages/airflow/example_dags/example_xcomargs.py took 0.074 seconds
[2023-07-10T01:53:25.099+0000] {processor.py:157} INFO - Started process (PID=9437) to work on /home/airflow/.local/lib/python3.7/site-packages/airflow/example_dags/example_xcomargs.py
[2023-07-10T01:53:25.099+0000] {processor.py:826} INFO - Processing file /home/airflow/.local/lib/python3.7/site-packages/airflow/example_dags/example_xcomargs.py for tasks to queue
[2023-07-10T01:53:25.100+0000] {logging_mixin.py:149} INFO - [2023-07-10T01:53:25.100+0000] {dagbag.py:541} INFO - Filling up the DagBag from /home/airflow/.local/lib/python3.7/site-packages/airflow/example_dags/example_xcomargs.py
[2023-07-10T01:53:25.106+0000] {processor.py:836} INFO - DAG(s) dict_keys(['example_xcom_args', 'example_xcom_args_with_operators']) retrieved from /home/airflow/.local/lib/python3.7/site-packages/airflow/example_dags/example_xcomargs.py
[2023-07-10T01:53:25.130+0000] {logging_mixin.py:149} INFO - [2023-07-10T01:53:25.130+0000] {dag.py:2726} INFO - Sync 2 DAGs
[2023-07-10T01:53:25.149+0000] {logging_mixin.py:149} INFO - [2023-07-10T01:53:25.149+0000] {dag.py:3490} INFO - Setting next_dagrun for example_xcom_args to None, run_after=None
[2023-07-10T01:53:25.153+0000] {logging_mixin.py:149} INFO - [2023-07-10T01:53:25.153+0000] {dag.py:3490} INFO - Setting next_dagrun for example_xcom_args_with_operators to None, run_after=None
[2023-07-10T01:53:25.169+0000] {processor.py:179} INFO - Processing /home/airflow/.local/lib/python3.7/site-packages/airflow/example_dags/example_xcomargs.py took 0.073 seconds
[2023-07-10T01:53:55.355+0000] {processor.py:157} INFO - Started process (PID=9694) to work on /home/airflow/.local/lib/python3.7/site-packages/airflow/example_dags/example_xcomargs.py
[2023-07-10T01:53:55.356+0000] {processor.py:826} INFO - Processing file /home/airflow/.local/lib/python3.7/site-packages/airflow/example_dags/example_xcomargs.py for tasks to queue
[2023-07-10T01:53:55.357+0000] {logging_mixin.py:149} INFO - [2023-07-10T01:53:55.357+0000] {dagbag.py:541} INFO - Filling up the DagBag from /home/airflow/.local/lib/python3.7/site-packages/airflow/example_dags/example_xcomargs.py
[2023-07-10T01:53:55.363+0000] {processor.py:836} INFO - DAG(s) dict_keys(['example_xcom_args', 'example_xcom_args_with_operators']) retrieved from /home/airflow/.local/lib/python3.7/site-packages/airflow/example_dags/example_xcomargs.py
[2023-07-10T01:53:55.386+0000] {logging_mixin.py:149} INFO - [2023-07-10T01:53:55.385+0000] {dag.py:2726} INFO - Sync 2 DAGs
[2023-07-10T01:53:55.406+0000] {logging_mixin.py:149} INFO - [2023-07-10T01:53:55.405+0000] {dag.py:3490} INFO - Setting next_dagrun for example_xcom_args to None, run_after=None
[2023-07-10T01:53:55.408+0000] {logging_mixin.py:149} INFO - [2023-07-10T01:53:55.408+0000] {dag.py:3490} INFO - Setting next_dagrun for example_xcom_args_with_operators to None, run_after=None
[2023-07-10T01:53:55.422+0000] {processor.py:179} INFO - Processing /home/airflow/.local/lib/python3.7/site-packages/airflow/example_dags/example_xcomargs.py took 0.070 seconds
[2023-07-10T01:54:25.463+0000] {processor.py:157} INFO - Started process (PID=9946) to work on /home/airflow/.local/lib/python3.7/site-packages/airflow/example_dags/example_xcomargs.py
[2023-07-10T01:54:25.464+0000] {processor.py:826} INFO - Processing file /home/airflow/.local/lib/python3.7/site-packages/airflow/example_dags/example_xcomargs.py for tasks to queue
[2023-07-10T01:54:25.465+0000] {logging_mixin.py:149} INFO - [2023-07-10T01:54:25.465+0000] {dagbag.py:541} INFO - Filling up the DagBag from /home/airflow/.local/lib/python3.7/site-packages/airflow/example_dags/example_xcomargs.py
[2023-07-10T01:54:25.473+0000] {processor.py:836} INFO - DAG(s) dict_keys(['example_xcom_args_with_operators', 'example_xcom_args']) retrieved from /home/airflow/.local/lib/python3.7/site-packages/airflow/example_dags/example_xcomargs.py
[2023-07-10T01:54:25.493+0000] {logging_mixin.py:149} INFO - [2023-07-10T01:54:25.493+0000] {dag.py:2726} INFO - Sync 2 DAGs
[2023-07-10T01:54:25.513+0000] {logging_mixin.py:149} INFO - [2023-07-10T01:54:25.513+0000] {dag.py:3490} INFO - Setting next_dagrun for example_xcom_args to None, run_after=None
[2023-07-10T01:54:25.516+0000] {logging_mixin.py:149} INFO - [2023-07-10T01:54:25.516+0000] {dag.py:3490} INFO - Setting next_dagrun for example_xcom_args_with_operators to None, run_after=None
[2023-07-10T01:54:25.530+0000] {processor.py:179} INFO - Processing /home/airflow/.local/lib/python3.7/site-packages/airflow/example_dags/example_xcomargs.py took 0.069 seconds
[2023-07-10T01:54:55.765+0000] {processor.py:157} INFO - Started process (PID=10202) to work on /home/airflow/.local/lib/python3.7/site-packages/airflow/example_dags/example_xcomargs.py
[2023-07-10T01:54:55.766+0000] {processor.py:826} INFO - Processing file /home/airflow/.local/lib/python3.7/site-packages/airflow/example_dags/example_xcomargs.py for tasks to queue
[2023-07-10T01:54:55.766+0000] {logging_mixin.py:149} INFO - [2023-07-10T01:54:55.766+0000] {dagbag.py:541} INFO - Filling up the DagBag from /home/airflow/.local/lib/python3.7/site-packages/airflow/example_dags/example_xcomargs.py
[2023-07-10T01:54:55.773+0000] {processor.py:836} INFO - DAG(s) dict_keys(['example_xcom_args_with_operators', 'example_xcom_args']) retrieved from /home/airflow/.local/lib/python3.7/site-packages/airflow/example_dags/example_xcomargs.py
[2023-07-10T01:54:55.799+0000] {logging_mixin.py:149} INFO - [2023-07-10T01:54:55.799+0000] {dag.py:2726} INFO - Sync 2 DAGs
[2023-07-10T01:54:55.821+0000] {logging_mixin.py:149} INFO - [2023-07-10T01:54:55.821+0000] {dag.py:3490} INFO - Setting next_dagrun for example_xcom_args to None, run_after=None
[2023-07-10T01:54:55.824+0000] {logging_mixin.py:149} INFO - [2023-07-10T01:54:55.824+0000] {dag.py:3490} INFO - Setting next_dagrun for example_xcom_args_with_operators to None, run_after=None
[2023-07-10T01:54:55.842+0000] {processor.py:179} INFO - Processing /home/airflow/.local/lib/python3.7/site-packages/airflow/example_dags/example_xcomargs.py took 0.080 seconds
[2023-07-10T01:55:25.927+0000] {processor.py:157} INFO - Started process (PID=10454) to work on /home/airflow/.local/lib/python3.7/site-packages/airflow/example_dags/example_xcomargs.py
[2023-07-10T01:55:25.928+0000] {processor.py:826} INFO - Processing file /home/airflow/.local/lib/python3.7/site-packages/airflow/example_dags/example_xcomargs.py for tasks to queue
[2023-07-10T01:55:25.929+0000] {logging_mixin.py:149} INFO - [2023-07-10T01:55:25.929+0000] {dagbag.py:541} INFO - Filling up the DagBag from /home/airflow/.local/lib/python3.7/site-packages/airflow/example_dags/example_xcomargs.py
[2023-07-10T01:55:25.936+0000] {processor.py:836} INFO - DAG(s) dict_keys(['example_xcom_args_with_operators', 'example_xcom_args']) retrieved from /home/airflow/.local/lib/python3.7/site-packages/airflow/example_dags/example_xcomargs.py
[2023-07-10T01:55:25.958+0000] {logging_mixin.py:149} INFO - [2023-07-10T01:55:25.957+0000] {dag.py:2726} INFO - Sync 2 DAGs
[2023-07-10T01:55:25.977+0000] {logging_mixin.py:149} INFO - [2023-07-10T01:55:25.977+0000] {dag.py:3490} INFO - Setting next_dagrun for example_xcom_args to None, run_after=None
[2023-07-10T01:55:25.980+0000] {logging_mixin.py:149} INFO - [2023-07-10T01:55:25.980+0000] {dag.py:3490} INFO - Setting next_dagrun for example_xcom_args_with_operators to None, run_after=None
[2023-07-10T01:55:25.994+0000] {processor.py:179} INFO - Processing /home/airflow/.local/lib/python3.7/site-packages/airflow/example_dags/example_xcomargs.py took 0.069 seconds
[2023-07-10T01:55:56.634+0000] {processor.py:157} INFO - Started process (PID=10708) to work on /home/airflow/.local/lib/python3.7/site-packages/airflow/example_dags/example_xcomargs.py
[2023-07-10T01:55:56.635+0000] {processor.py:826} INFO - Processing file /home/airflow/.local/lib/python3.7/site-packages/airflow/example_dags/example_xcomargs.py for tasks to queue
[2023-07-10T01:55:56.636+0000] {logging_mixin.py:149} INFO - [2023-07-10T01:55:56.636+0000] {dagbag.py:541} INFO - Filling up the DagBag from /home/airflow/.local/lib/python3.7/site-packages/airflow/example_dags/example_xcomargs.py
[2023-07-10T01:55:56.643+0000] {processor.py:836} INFO - DAG(s) dict_keys(['example_xcom_args', 'example_xcom_args_with_operators']) retrieved from /home/airflow/.local/lib/python3.7/site-packages/airflow/example_dags/example_xcomargs.py
[2023-07-10T01:55:56.669+0000] {logging_mixin.py:149} INFO - [2023-07-10T01:55:56.669+0000] {dag.py:2726} INFO - Sync 2 DAGs
[2023-07-10T01:55:56.690+0000] {logging_mixin.py:149} INFO - [2023-07-10T01:55:56.690+0000] {dag.py:3490} INFO - Setting next_dagrun for example_xcom_args to None, run_after=None
[2023-07-10T01:55:56.693+0000] {logging_mixin.py:149} INFO - [2023-07-10T01:55:56.693+0000] {dag.py:3490} INFO - Setting next_dagrun for example_xcom_args_with_operators to None, run_after=None
[2023-07-10T01:55:56.708+0000] {processor.py:179} INFO - Processing /home/airflow/.local/lib/python3.7/site-packages/airflow/example_dags/example_xcomargs.py took 0.076 seconds
[2023-07-10T01:56:27.236+0000] {processor.py:157} INFO - Started process (PID=10969) to work on /home/airflow/.local/lib/python3.7/site-packages/airflow/example_dags/example_xcomargs.py
[2023-07-10T01:56:27.237+0000] {processor.py:826} INFO - Processing file /home/airflow/.local/lib/python3.7/site-packages/airflow/example_dags/example_xcomargs.py for tasks to queue
[2023-07-10T01:56:27.238+0000] {logging_mixin.py:149} INFO - [2023-07-10T01:56:27.238+0000] {dagbag.py:541} INFO - Filling up the DagBag from /home/airflow/.local/lib/python3.7/site-packages/airflow/example_dags/example_xcomargs.py
[2023-07-10T01:56:27.244+0000] {processor.py:836} INFO - DAG(s) dict_keys(['example_xcom_args_with_operators', 'example_xcom_args']) retrieved from /home/airflow/.local/lib/python3.7/site-packages/airflow/example_dags/example_xcomargs.py
[2023-07-10T01:56:27.270+0000] {logging_mixin.py:149} INFO - [2023-07-10T01:56:27.270+0000] {dag.py:2726} INFO - Sync 2 DAGs
[2023-07-10T01:56:27.294+0000] {logging_mixin.py:149} INFO - [2023-07-10T01:56:27.294+0000] {dag.py:3490} INFO - Setting next_dagrun for example_xcom_args to None, run_after=None
[2023-07-10T01:56:27.298+0000] {logging_mixin.py:149} INFO - [2023-07-10T01:56:27.297+0000] {dag.py:3490} INFO - Setting next_dagrun for example_xcom_args_with_operators to None, run_after=None
[2023-07-10T01:56:27.314+0000] {processor.py:179} INFO - Processing /home/airflow/.local/lib/python3.7/site-packages/airflow/example_dags/example_xcomargs.py took 0.081 seconds
[2023-07-10T01:56:57.899+0000] {processor.py:157} INFO - Started process (PID=11221) to work on /home/airflow/.local/lib/python3.7/site-packages/airflow/example_dags/example_xcomargs.py
[2023-07-10T01:56:57.900+0000] {processor.py:826} INFO - Processing file /home/airflow/.local/lib/python3.7/site-packages/airflow/example_dags/example_xcomargs.py for tasks to queue
[2023-07-10T01:56:57.901+0000] {logging_mixin.py:149} INFO - [2023-07-10T01:56:57.901+0000] {dagbag.py:541} INFO - Filling up the DagBag from /home/airflow/.local/lib/python3.7/site-packages/airflow/example_dags/example_xcomargs.py
[2023-07-10T01:56:57.907+0000] {processor.py:836} INFO - DAG(s) dict_keys(['example_xcom_args', 'example_xcom_args_with_operators']) retrieved from /home/airflow/.local/lib/python3.7/site-packages/airflow/example_dags/example_xcomargs.py
[2023-07-10T01:56:57.933+0000] {logging_mixin.py:149} INFO - [2023-07-10T01:56:57.932+0000] {dag.py:2726} INFO - Sync 2 DAGs
[2023-07-10T01:56:57.954+0000] {logging_mixin.py:149} INFO - [2023-07-10T01:56:57.954+0000] {dag.py:3490} INFO - Setting next_dagrun for example_xcom_args to None, run_after=None
[2023-07-10T01:56:57.957+0000] {logging_mixin.py:149} INFO - [2023-07-10T01:56:57.957+0000] {dag.py:3490} INFO - Setting next_dagrun for example_xcom_args_with_operators to None, run_after=None
[2023-07-10T01:56:57.972+0000] {processor.py:179} INFO - Processing /home/airflow/.local/lib/python3.7/site-packages/airflow/example_dags/example_xcomargs.py took 0.077 seconds
[2023-07-10T01:57:28.029+0000] {processor.py:157} INFO - Started process (PID=11475) to work on /home/airflow/.local/lib/python3.7/site-packages/airflow/example_dags/example_xcomargs.py
[2023-07-10T01:57:28.029+0000] {processor.py:826} INFO - Processing file /home/airflow/.local/lib/python3.7/site-packages/airflow/example_dags/example_xcomargs.py for tasks to queue
[2023-07-10T01:57:28.030+0000] {logging_mixin.py:149} INFO - [2023-07-10T01:57:28.030+0000] {dagbag.py:541} INFO - Filling up the DagBag from /home/airflow/.local/lib/python3.7/site-packages/airflow/example_dags/example_xcomargs.py
[2023-07-10T01:57:28.037+0000] {processor.py:836} INFO - DAG(s) dict_keys(['example_xcom_args_with_operators', 'example_xcom_args']) retrieved from /home/airflow/.local/lib/python3.7/site-packages/airflow/example_dags/example_xcomargs.py
[2023-07-10T01:57:28.061+0000] {logging_mixin.py:149} INFO - [2023-07-10T01:57:28.060+0000] {dag.py:2726} INFO - Sync 2 DAGs
[2023-07-10T01:57:28.082+0000] {logging_mixin.py:149} INFO - [2023-07-10T01:57:28.082+0000] {dag.py:3490} INFO - Setting next_dagrun for example_xcom_args to None, run_after=None
[2023-07-10T01:57:28.085+0000] {logging_mixin.py:149} INFO - [2023-07-10T01:57:28.085+0000] {dag.py:3490} INFO - Setting next_dagrun for example_xcom_args_with_operators to None, run_after=None
[2023-07-10T01:57:28.102+0000] {processor.py:179} INFO - Processing /home/airflow/.local/lib/python3.7/site-packages/airflow/example_dags/example_xcomargs.py took 0.076 seconds
[2023-07-10T01:57:58.331+0000] {processor.py:157} INFO - Started process (PID=11731) to work on /home/airflow/.local/lib/python3.7/site-packages/airflow/example_dags/example_xcomargs.py
[2023-07-10T01:57:58.332+0000] {processor.py:826} INFO - Processing file /home/airflow/.local/lib/python3.7/site-packages/airflow/example_dags/example_xcomargs.py for tasks to queue
[2023-07-10T01:57:58.333+0000] {logging_mixin.py:149} INFO - [2023-07-10T01:57:58.333+0000] {dagbag.py:541} INFO - Filling up the DagBag from /home/airflow/.local/lib/python3.7/site-packages/airflow/example_dags/example_xcomargs.py
[2023-07-10T01:57:58.340+0000] {processor.py:836} INFO - DAG(s) dict_keys(['example_xcom_args_with_operators', 'example_xcom_args']) retrieved from /home/airflow/.local/lib/python3.7/site-packages/airflow/example_dags/example_xcomargs.py
[2023-07-10T01:57:58.364+0000] {logging_mixin.py:149} INFO - [2023-07-10T01:57:58.364+0000] {dag.py:2726} INFO - Sync 2 DAGs
[2023-07-10T01:57:58.386+0000] {logging_mixin.py:149} INFO - [2023-07-10T01:57:58.385+0000] {dag.py:3490} INFO - Setting next_dagrun for example_xcom_args to None, run_after=None
[2023-07-10T01:57:58.389+0000] {logging_mixin.py:149} INFO - [2023-07-10T01:57:58.389+0000] {dag.py:3490} INFO - Setting next_dagrun for example_xcom_args_with_operators to None, run_after=None
[2023-07-10T01:57:58.404+0000] {processor.py:179} INFO - Processing /home/airflow/.local/lib/python3.7/site-packages/airflow/example_dags/example_xcomargs.py took 0.076 seconds
[2023-07-10T01:58:28.975+0000] {processor.py:157} INFO - Started process (PID=11984) to work on /home/airflow/.local/lib/python3.7/site-packages/airflow/example_dags/example_xcomargs.py
[2023-07-10T01:58:28.976+0000] {processor.py:826} INFO - Processing file /home/airflow/.local/lib/python3.7/site-packages/airflow/example_dags/example_xcomargs.py for tasks to queue
[2023-07-10T01:58:28.977+0000] {logging_mixin.py:149} INFO - [2023-07-10T01:58:28.977+0000] {dagbag.py:541} INFO - Filling up the DagBag from /home/airflow/.local/lib/python3.7/site-packages/airflow/example_dags/example_xcomargs.py
[2023-07-10T01:58:28.984+0000] {processor.py:836} INFO - DAG(s) dict_keys(['example_xcom_args_with_operators', 'example_xcom_args']) retrieved from /home/airflow/.local/lib/python3.7/site-packages/airflow/example_dags/example_xcomargs.py
[2023-07-10T01:58:29.007+0000] {logging_mixin.py:149} INFO - [2023-07-10T01:58:29.007+0000] {dag.py:2726} INFO - Sync 2 DAGs
[2023-07-10T01:58:29.028+0000] {logging_mixin.py:149} INFO - [2023-07-10T01:58:29.028+0000] {dag.py:3490} INFO - Setting next_dagrun for example_xcom_args to None, run_after=None
[2023-07-10T01:58:29.031+0000] {logging_mixin.py:149} INFO - [2023-07-10T01:58:29.031+0000] {dag.py:3490} INFO - Setting next_dagrun for example_xcom_args_with_operators to None, run_after=None
[2023-07-10T01:58:29.050+0000] {processor.py:179} INFO - Processing /home/airflow/.local/lib/python3.7/site-packages/airflow/example_dags/example_xcomargs.py took 0.076 seconds
[2023-07-10T01:58:59.769+0000] {processor.py:157} INFO - Started process (PID=12239) to work on /home/airflow/.local/lib/python3.7/site-packages/airflow/example_dags/example_xcomargs.py
[2023-07-10T01:58:59.770+0000] {processor.py:826} INFO - Processing file /home/airflow/.local/lib/python3.7/site-packages/airflow/example_dags/example_xcomargs.py for tasks to queue
[2023-07-10T01:58:59.771+0000] {logging_mixin.py:149} INFO - [2023-07-10T01:58:59.771+0000] {dagbag.py:541} INFO - Filling up the DagBag from /home/airflow/.local/lib/python3.7/site-packages/airflow/example_dags/example_xcomargs.py
[2023-07-10T01:58:59.779+0000] {processor.py:836} INFO - DAG(s) dict_keys(['example_xcom_args', 'example_xcom_args_with_operators']) retrieved from /home/airflow/.local/lib/python3.7/site-packages/airflow/example_dags/example_xcomargs.py
[2023-07-10T01:58:59.803+0000] {logging_mixin.py:149} INFO - [2023-07-10T01:58:59.802+0000] {dag.py:2726} INFO - Sync 2 DAGs
[2023-07-10T01:58:59.823+0000] {logging_mixin.py:149} INFO - [2023-07-10T01:58:59.823+0000] {dag.py:3490} INFO - Setting next_dagrun for example_xcom_args to None, run_after=None
[2023-07-10T01:58:59.826+0000] {logging_mixin.py:149} INFO - [2023-07-10T01:58:59.826+0000] {dag.py:3490} INFO - Setting next_dagrun for example_xcom_args_with_operators to None, run_after=None
[2023-07-10T01:58:59.842+0000] {processor.py:179} INFO - Processing /home/airflow/.local/lib/python3.7/site-packages/airflow/example_dags/example_xcomargs.py took 0.076 seconds
