[2023-07-10T01:34:38.137+0000] {processor.py:157} INFO - Started process (PID=272) to work on /home/airflow/.local/lib/python3.7/site-packages/airflow/example_dags/example_trigger_target_dag.py
[2023-07-10T01:34:38.138+0000] {processor.py:826} INFO - Processing file /home/airflow/.local/lib/python3.7/site-packages/airflow/example_dags/example_trigger_target_dag.py for tasks to queue
[2023-07-10T01:34:38.139+0000] {logging_mixin.py:149} INFO - [2023-07-10T01:34:38.139+0000] {dagbag.py:541} INFO - Filling up the DagBag from /home/airflow/.local/lib/python3.7/site-packages/airflow/example_dags/example_trigger_target_dag.py
[2023-07-10T01:34:38.147+0000] {processor.py:836} INFO - DAG(s) dict_keys(['example_trigger_target_dag']) retrieved from /home/airflow/.local/lib/python3.7/site-packages/airflow/example_dags/example_trigger_target_dag.py
[2023-07-10T01:34:38.168+0000] {logging_mixin.py:149} INFO - [2023-07-10T01:34:38.168+0000] {dag.py:2726} INFO - Sync 1 DAGs
[2023-07-10T01:34:38.189+0000] {logging_mixin.py:149} INFO - [2023-07-10T01:34:38.188+0000] {dag.py:3490} INFO - Setting next_dagrun for example_trigger_target_dag to None, run_after=None
[2023-07-10T01:34:38.204+0000] {processor.py:179} INFO - Processing /home/airflow/.local/lib/python3.7/site-packages/airflow/example_dags/example_trigger_target_dag.py took 0.070 seconds
[2023-07-10T01:35:09.178+0000] {processor.py:157} INFO - Started process (PID=522) to work on /home/airflow/.local/lib/python3.7/site-packages/airflow/example_dags/example_trigger_target_dag.py
[2023-07-10T01:35:09.179+0000] {processor.py:826} INFO - Processing file /home/airflow/.local/lib/python3.7/site-packages/airflow/example_dags/example_trigger_target_dag.py for tasks to queue
[2023-07-10T01:35:09.180+0000] {logging_mixin.py:149} INFO - [2023-07-10T01:35:09.179+0000] {dagbag.py:541} INFO - Filling up the DagBag from /home/airflow/.local/lib/python3.7/site-packages/airflow/example_dags/example_trigger_target_dag.py
[2023-07-10T01:35:09.185+0000] {processor.py:836} INFO - DAG(s) dict_keys(['example_trigger_target_dag']) retrieved from /home/airflow/.local/lib/python3.7/site-packages/airflow/example_dags/example_trigger_target_dag.py
[2023-07-10T01:35:09.205+0000] {logging_mixin.py:149} INFO - [2023-07-10T01:35:09.205+0000] {dag.py:2726} INFO - Sync 1 DAGs
[2023-07-10T01:35:09.225+0000] {logging_mixin.py:149} INFO - [2023-07-10T01:35:09.224+0000] {dag.py:3490} INFO - Setting next_dagrun for example_trigger_target_dag to None, run_after=None
[2023-07-10T01:35:09.240+0000] {processor.py:179} INFO - Processing /home/airflow/.local/lib/python3.7/site-packages/airflow/example_dags/example_trigger_target_dag.py took 0.065 seconds
[2023-07-10T01:35:40.321+0000] {processor.py:157} INFO - Started process (PID=771) to work on /home/airflow/.local/lib/python3.7/site-packages/airflow/example_dags/example_trigger_target_dag.py
[2023-07-10T01:35:40.322+0000] {processor.py:826} INFO - Processing file /home/airflow/.local/lib/python3.7/site-packages/airflow/example_dags/example_trigger_target_dag.py for tasks to queue
[2023-07-10T01:35:40.323+0000] {logging_mixin.py:149} INFO - [2023-07-10T01:35:40.323+0000] {dagbag.py:541} INFO - Filling up the DagBag from /home/airflow/.local/lib/python3.7/site-packages/airflow/example_dags/example_trigger_target_dag.py
[2023-07-10T01:35:40.327+0000] {processor.py:836} INFO - DAG(s) dict_keys(['example_trigger_target_dag']) retrieved from /home/airflow/.local/lib/python3.7/site-packages/airflow/example_dags/example_trigger_target_dag.py
[2023-07-10T01:35:40.348+0000] {logging_mixin.py:149} INFO - [2023-07-10T01:35:40.348+0000] {dag.py:2726} INFO - Sync 1 DAGs
[2023-07-10T01:35:40.369+0000] {logging_mixin.py:149} INFO - [2023-07-10T01:35:40.369+0000] {dag.py:3490} INFO - Setting next_dagrun for example_trigger_target_dag to None, run_after=None
[2023-07-10T01:35:40.461+0000] {processor.py:179} INFO - Processing /home/airflow/.local/lib/python3.7/site-packages/airflow/example_dags/example_trigger_target_dag.py took 0.143 seconds
[2023-07-10T01:36:11.572+0000] {processor.py:157} INFO - Started process (PID=1020) to work on /home/airflow/.local/lib/python3.7/site-packages/airflow/example_dags/example_trigger_target_dag.py
[2023-07-10T01:36:11.573+0000] {processor.py:826} INFO - Processing file /home/airflow/.local/lib/python3.7/site-packages/airflow/example_dags/example_trigger_target_dag.py for tasks to queue
[2023-07-10T01:36:11.574+0000] {logging_mixin.py:149} INFO - [2023-07-10T01:36:11.574+0000] {dagbag.py:541} INFO - Filling up the DagBag from /home/airflow/.local/lib/python3.7/site-packages/airflow/example_dags/example_trigger_target_dag.py
[2023-07-10T01:36:11.580+0000] {processor.py:836} INFO - DAG(s) dict_keys(['example_trigger_target_dag']) retrieved from /home/airflow/.local/lib/python3.7/site-packages/airflow/example_dags/example_trigger_target_dag.py
[2023-07-10T01:36:11.666+0000] {logging_mixin.py:149} INFO - [2023-07-10T01:36:11.666+0000] {dag.py:2726} INFO - Sync 1 DAGs
[2023-07-10T01:36:11.685+0000] {logging_mixin.py:149} INFO - [2023-07-10T01:36:11.685+0000] {dag.py:3490} INFO - Setting next_dagrun for example_trigger_target_dag to None, run_after=None
[2023-07-10T01:36:11.703+0000] {processor.py:179} INFO - Processing /home/airflow/.local/lib/python3.7/site-packages/airflow/example_dags/example_trigger_target_dag.py took 0.133 seconds
[2023-07-10T01:36:42.445+0000] {processor.py:157} INFO - Started process (PID=1269) to work on /home/airflow/.local/lib/python3.7/site-packages/airflow/example_dags/example_trigger_target_dag.py
[2023-07-10T01:36:42.446+0000] {processor.py:826} INFO - Processing file /home/airflow/.local/lib/python3.7/site-packages/airflow/example_dags/example_trigger_target_dag.py for tasks to queue
[2023-07-10T01:36:42.447+0000] {logging_mixin.py:149} INFO - [2023-07-10T01:36:42.447+0000] {dagbag.py:541} INFO - Filling up the DagBag from /home/airflow/.local/lib/python3.7/site-packages/airflow/example_dags/example_trigger_target_dag.py
[2023-07-10T01:36:42.452+0000] {processor.py:836} INFO - DAG(s) dict_keys(['example_trigger_target_dag']) retrieved from /home/airflow/.local/lib/python3.7/site-packages/airflow/example_dags/example_trigger_target_dag.py
[2023-07-10T01:36:42.472+0000] {logging_mixin.py:149} INFO - [2023-07-10T01:36:42.471+0000] {dag.py:2726} INFO - Sync 1 DAGs
[2023-07-10T01:36:42.495+0000] {logging_mixin.py:149} INFO - [2023-07-10T01:36:42.495+0000] {dag.py:3490} INFO - Setting next_dagrun for example_trigger_target_dag to None, run_after=None
[2023-07-10T01:36:42.512+0000] {processor.py:179} INFO - Processing /home/airflow/.local/lib/python3.7/site-packages/airflow/example_dags/example_trigger_target_dag.py took 0.069 seconds
[2023-07-10T01:37:12.614+0000] {processor.py:157} INFO - Started process (PID=1518) to work on /home/airflow/.local/lib/python3.7/site-packages/airflow/example_dags/example_trigger_target_dag.py
[2023-07-10T01:37:12.615+0000] {processor.py:826} INFO - Processing file /home/airflow/.local/lib/python3.7/site-packages/airflow/example_dags/example_trigger_target_dag.py for tasks to queue
[2023-07-10T01:37:12.616+0000] {logging_mixin.py:149} INFO - [2023-07-10T01:37:12.616+0000] {dagbag.py:541} INFO - Filling up the DagBag from /home/airflow/.local/lib/python3.7/site-packages/airflow/example_dags/example_trigger_target_dag.py
[2023-07-10T01:37:12.622+0000] {processor.py:836} INFO - DAG(s) dict_keys(['example_trigger_target_dag']) retrieved from /home/airflow/.local/lib/python3.7/site-packages/airflow/example_dags/example_trigger_target_dag.py
[2023-07-10T01:37:12.643+0000] {logging_mixin.py:149} INFO - [2023-07-10T01:37:12.643+0000] {dag.py:2726} INFO - Sync 1 DAGs
[2023-07-10T01:37:12.664+0000] {logging_mixin.py:149} INFO - [2023-07-10T01:37:12.664+0000] {dag.py:3490} INFO - Setting next_dagrun for example_trigger_target_dag to None, run_after=None
[2023-07-10T01:37:12.683+0000] {processor.py:179} INFO - Processing /home/airflow/.local/lib/python3.7/site-packages/airflow/example_dags/example_trigger_target_dag.py took 0.071 seconds
[2023-07-10T01:37:42.836+0000] {processor.py:157} INFO - Started process (PID=1762) to work on /home/airflow/.local/lib/python3.7/site-packages/airflow/example_dags/example_trigger_target_dag.py
[2023-07-10T01:37:42.837+0000] {processor.py:826} INFO - Processing file /home/airflow/.local/lib/python3.7/site-packages/airflow/example_dags/example_trigger_target_dag.py for tasks to queue
[2023-07-10T01:37:42.838+0000] {logging_mixin.py:149} INFO - [2023-07-10T01:37:42.837+0000] {dagbag.py:541} INFO - Filling up the DagBag from /home/airflow/.local/lib/python3.7/site-packages/airflow/example_dags/example_trigger_target_dag.py
[2023-07-10T01:37:42.842+0000] {processor.py:836} INFO - DAG(s) dict_keys(['example_trigger_target_dag']) retrieved from /home/airflow/.local/lib/python3.7/site-packages/airflow/example_dags/example_trigger_target_dag.py
[2023-07-10T01:37:42.863+0000] {logging_mixin.py:149} INFO - [2023-07-10T01:37:42.863+0000] {dag.py:2726} INFO - Sync 1 DAGs
[2023-07-10T01:37:42.887+0000] {logging_mixin.py:149} INFO - [2023-07-10T01:37:42.887+0000] {dag.py:3490} INFO - Setting next_dagrun for example_trigger_target_dag to None, run_after=None
[2023-07-10T01:37:42.903+0000] {processor.py:179} INFO - Processing /home/airflow/.local/lib/python3.7/site-packages/airflow/example_dags/example_trigger_target_dag.py took 0.070 seconds
[2023-07-10T01:38:13.229+0000] {processor.py:157} INFO - Started process (PID=2016) to work on /home/airflow/.local/lib/python3.7/site-packages/airflow/example_dags/example_trigger_target_dag.py
[2023-07-10T01:38:13.230+0000] {processor.py:826} INFO - Processing file /home/airflow/.local/lib/python3.7/site-packages/airflow/example_dags/example_trigger_target_dag.py for tasks to queue
[2023-07-10T01:38:13.231+0000] {logging_mixin.py:149} INFO - [2023-07-10T01:38:13.231+0000] {dagbag.py:541} INFO - Filling up the DagBag from /home/airflow/.local/lib/python3.7/site-packages/airflow/example_dags/example_trigger_target_dag.py
[2023-07-10T01:38:13.236+0000] {processor.py:836} INFO - DAG(s) dict_keys(['example_trigger_target_dag']) retrieved from /home/airflow/.local/lib/python3.7/site-packages/airflow/example_dags/example_trigger_target_dag.py
[2023-07-10T01:38:13.264+0000] {logging_mixin.py:149} INFO - [2023-07-10T01:38:13.263+0000] {dag.py:2726} INFO - Sync 1 DAGs
[2023-07-10T01:38:13.286+0000] {logging_mixin.py:149} INFO - [2023-07-10T01:38:13.285+0000] {dag.py:3490} INFO - Setting next_dagrun for example_trigger_target_dag to None, run_after=None
[2023-07-10T01:38:13.303+0000] {processor.py:179} INFO - Processing /home/airflow/.local/lib/python3.7/site-packages/airflow/example_dags/example_trigger_target_dag.py took 0.079 seconds
[2023-07-10T01:38:44.122+0000] {processor.py:157} INFO - Started process (PID=2265) to work on /home/airflow/.local/lib/python3.7/site-packages/airflow/example_dags/example_trigger_target_dag.py
[2023-07-10T01:38:44.123+0000] {processor.py:826} INFO - Processing file /home/airflow/.local/lib/python3.7/site-packages/airflow/example_dags/example_trigger_target_dag.py for tasks to queue
[2023-07-10T01:38:44.124+0000] {logging_mixin.py:149} INFO - [2023-07-10T01:38:44.124+0000] {dagbag.py:541} INFO - Filling up the DagBag from /home/airflow/.local/lib/python3.7/site-packages/airflow/example_dags/example_trigger_target_dag.py
[2023-07-10T01:38:44.129+0000] {processor.py:836} INFO - DAG(s) dict_keys(['example_trigger_target_dag']) retrieved from /home/airflow/.local/lib/python3.7/site-packages/airflow/example_dags/example_trigger_target_dag.py
[2023-07-10T01:38:44.140+0000] {logging_mixin.py:149} INFO - [2023-07-10T01:38:44.140+0000] {dag.py:2726} INFO - Sync 1 DAGs
[2023-07-10T01:38:44.164+0000] {logging_mixin.py:149} INFO - [2023-07-10T01:38:44.164+0000] {dag.py:3490} INFO - Setting next_dagrun for example_trigger_target_dag to None, run_after=None
[2023-07-10T01:38:44.184+0000] {processor.py:179} INFO - Processing /home/airflow/.local/lib/python3.7/site-packages/airflow/example_dags/example_trigger_target_dag.py took 0.064 seconds
[2023-07-10T01:39:14.743+0000] {processor.py:157} INFO - Started process (PID=2514) to work on /home/airflow/.local/lib/python3.7/site-packages/airflow/example_dags/example_trigger_target_dag.py
[2023-07-10T01:39:14.744+0000] {processor.py:826} INFO - Processing file /home/airflow/.local/lib/python3.7/site-packages/airflow/example_dags/example_trigger_target_dag.py for tasks to queue
[2023-07-10T01:39:14.745+0000] {logging_mixin.py:149} INFO - [2023-07-10T01:39:14.745+0000] {dagbag.py:541} INFO - Filling up the DagBag from /home/airflow/.local/lib/python3.7/site-packages/airflow/example_dags/example_trigger_target_dag.py
[2023-07-10T01:39:14.749+0000] {processor.py:836} INFO - DAG(s) dict_keys(['example_trigger_target_dag']) retrieved from /home/airflow/.local/lib/python3.7/site-packages/airflow/example_dags/example_trigger_target_dag.py
[2023-07-10T01:39:14.769+0000] {logging_mixin.py:149} INFO - [2023-07-10T01:39:14.769+0000] {dag.py:2726} INFO - Sync 1 DAGs
[2023-07-10T01:39:14.789+0000] {logging_mixin.py:149} INFO - [2023-07-10T01:39:14.789+0000] {dag.py:3490} INFO - Setting next_dagrun for example_trigger_target_dag to None, run_after=None
[2023-07-10T01:39:14.805+0000] {processor.py:179} INFO - Processing /home/airflow/.local/lib/python3.7/site-packages/airflow/example_dags/example_trigger_target_dag.py took 0.065 seconds
[2023-07-10T01:39:45.922+0000] {processor.py:157} INFO - Started process (PID=2765) to work on /home/airflow/.local/lib/python3.7/site-packages/airflow/example_dags/example_trigger_target_dag.py
[2023-07-10T01:39:45.922+0000] {processor.py:826} INFO - Processing file /home/airflow/.local/lib/python3.7/site-packages/airflow/example_dags/example_trigger_target_dag.py for tasks to queue
[2023-07-10T01:39:45.923+0000] {logging_mixin.py:149} INFO - [2023-07-10T01:39:45.923+0000] {dagbag.py:541} INFO - Filling up the DagBag from /home/airflow/.local/lib/python3.7/site-packages/airflow/example_dags/example_trigger_target_dag.py
[2023-07-10T01:39:45.928+0000] {processor.py:836} INFO - DAG(s) dict_keys(['example_trigger_target_dag']) retrieved from /home/airflow/.local/lib/python3.7/site-packages/airflow/example_dags/example_trigger_target_dag.py
[2023-07-10T01:39:45.947+0000] {logging_mixin.py:149} INFO - [2023-07-10T01:39:45.947+0000] {dag.py:2726} INFO - Sync 1 DAGs
[2023-07-10T01:39:45.970+0000] {logging_mixin.py:149} INFO - [2023-07-10T01:39:45.970+0000] {dag.py:3490} INFO - Setting next_dagrun for example_trigger_target_dag to None, run_after=None
[2023-07-10T01:39:45.988+0000] {processor.py:179} INFO - Processing /home/airflow/.local/lib/python3.7/site-packages/airflow/example_dags/example_trigger_target_dag.py took 0.069 seconds
[2023-07-10T01:40:17.031+0000] {processor.py:157} INFO - Started process (PID=3014) to work on /home/airflow/.local/lib/python3.7/site-packages/airflow/example_dags/example_trigger_target_dag.py
[2023-07-10T01:40:17.031+0000] {processor.py:826} INFO - Processing file /home/airflow/.local/lib/python3.7/site-packages/airflow/example_dags/example_trigger_target_dag.py for tasks to queue
[2023-07-10T01:40:17.032+0000] {logging_mixin.py:149} INFO - [2023-07-10T01:40:17.032+0000] {dagbag.py:541} INFO - Filling up the DagBag from /home/airflow/.local/lib/python3.7/site-packages/airflow/example_dags/example_trigger_target_dag.py
[2023-07-10T01:40:17.036+0000] {processor.py:836} INFO - DAG(s) dict_keys(['example_trigger_target_dag']) retrieved from /home/airflow/.local/lib/python3.7/site-packages/airflow/example_dags/example_trigger_target_dag.py
[2023-07-10T01:40:17.055+0000] {logging_mixin.py:149} INFO - [2023-07-10T01:40:17.055+0000] {dag.py:2726} INFO - Sync 1 DAGs
[2023-07-10T01:40:17.076+0000] {logging_mixin.py:149} INFO - [2023-07-10T01:40:17.076+0000] {dag.py:3490} INFO - Setting next_dagrun for example_trigger_target_dag to None, run_after=None
[2023-07-10T01:40:17.094+0000] {processor.py:179} INFO - Processing /home/airflow/.local/lib/python3.7/site-packages/airflow/example_dags/example_trigger_target_dag.py took 0.066 seconds
[2023-07-10T01:40:47.549+0000] {processor.py:157} INFO - Started process (PID=3263) to work on /home/airflow/.local/lib/python3.7/site-packages/airflow/example_dags/example_trigger_target_dag.py
[2023-07-10T01:40:47.550+0000] {processor.py:826} INFO - Processing file /home/airflow/.local/lib/python3.7/site-packages/airflow/example_dags/example_trigger_target_dag.py for tasks to queue
[2023-07-10T01:40:47.551+0000] {logging_mixin.py:149} INFO - [2023-07-10T01:40:47.551+0000] {dagbag.py:541} INFO - Filling up the DagBag from /home/airflow/.local/lib/python3.7/site-packages/airflow/example_dags/example_trigger_target_dag.py
[2023-07-10T01:40:47.556+0000] {processor.py:836} INFO - DAG(s) dict_keys(['example_trigger_target_dag']) retrieved from /home/airflow/.local/lib/python3.7/site-packages/airflow/example_dags/example_trigger_target_dag.py
[2023-07-10T01:40:47.576+0000] {logging_mixin.py:149} INFO - [2023-07-10T01:40:47.576+0000] {dag.py:2726} INFO - Sync 1 DAGs
[2023-07-10T01:40:47.598+0000] {logging_mixin.py:149} INFO - [2023-07-10T01:40:47.598+0000] {dag.py:3490} INFO - Setting next_dagrun for example_trigger_target_dag to None, run_after=None
[2023-07-10T01:40:47.617+0000] {processor.py:179} INFO - Processing /home/airflow/.local/lib/python3.7/site-packages/airflow/example_dags/example_trigger_target_dag.py took 0.071 seconds
[2023-07-10T01:41:18.208+0000] {processor.py:157} INFO - Started process (PID=3510) to work on /home/airflow/.local/lib/python3.7/site-packages/airflow/example_dags/example_trigger_target_dag.py
[2023-07-10T01:41:18.209+0000] {processor.py:826} INFO - Processing file /home/airflow/.local/lib/python3.7/site-packages/airflow/example_dags/example_trigger_target_dag.py for tasks to queue
[2023-07-10T01:41:18.210+0000] {logging_mixin.py:149} INFO - [2023-07-10T01:41:18.210+0000] {dagbag.py:541} INFO - Filling up the DagBag from /home/airflow/.local/lib/python3.7/site-packages/airflow/example_dags/example_trigger_target_dag.py
[2023-07-10T01:41:18.215+0000] {processor.py:836} INFO - DAG(s) dict_keys(['example_trigger_target_dag']) retrieved from /home/airflow/.local/lib/python3.7/site-packages/airflow/example_dags/example_trigger_target_dag.py
[2023-07-10T01:41:18.233+0000] {logging_mixin.py:149} INFO - [2023-07-10T01:41:18.233+0000] {dag.py:2726} INFO - Sync 1 DAGs
[2023-07-10T01:41:18.254+0000] {logging_mixin.py:149} INFO - [2023-07-10T01:41:18.254+0000] {dag.py:3490} INFO - Setting next_dagrun for example_trigger_target_dag to None, run_after=None
[2023-07-10T01:41:18.272+0000] {processor.py:179} INFO - Processing /home/airflow/.local/lib/python3.7/site-packages/airflow/example_dags/example_trigger_target_dag.py took 0.067 seconds
[2023-07-10T01:41:48.953+0000] {processor.py:157} INFO - Started process (PID=3760) to work on /home/airflow/.local/lib/python3.7/site-packages/airflow/example_dags/example_trigger_target_dag.py
[2023-07-10T01:41:48.954+0000] {processor.py:826} INFO - Processing file /home/airflow/.local/lib/python3.7/site-packages/airflow/example_dags/example_trigger_target_dag.py for tasks to queue
[2023-07-10T01:41:48.955+0000] {logging_mixin.py:149} INFO - [2023-07-10T01:41:48.955+0000] {dagbag.py:541} INFO - Filling up the DagBag from /home/airflow/.local/lib/python3.7/site-packages/airflow/example_dags/example_trigger_target_dag.py
[2023-07-10T01:41:48.960+0000] {processor.py:836} INFO - DAG(s) dict_keys(['example_trigger_target_dag']) retrieved from /home/airflow/.local/lib/python3.7/site-packages/airflow/example_dags/example_trigger_target_dag.py
[2023-07-10T01:41:48.980+0000] {logging_mixin.py:149} INFO - [2023-07-10T01:41:48.980+0000] {dag.py:2726} INFO - Sync 1 DAGs
[2023-07-10T01:41:49.001+0000] {logging_mixin.py:149} INFO - [2023-07-10T01:41:49.001+0000] {dag.py:3490} INFO - Setting next_dagrun for example_trigger_target_dag to None, run_after=None
[2023-07-10T01:41:49.017+0000] {processor.py:179} INFO - Processing /home/airflow/.local/lib/python3.7/site-packages/airflow/example_dags/example_trigger_target_dag.py took 0.067 seconds
[2023-07-10T01:42:19.530+0000] {processor.py:157} INFO - Started process (PID=4008) to work on /home/airflow/.local/lib/python3.7/site-packages/airflow/example_dags/example_trigger_target_dag.py
[2023-07-10T01:42:19.531+0000] {processor.py:826} INFO - Processing file /home/airflow/.local/lib/python3.7/site-packages/airflow/example_dags/example_trigger_target_dag.py for tasks to queue
[2023-07-10T01:42:19.532+0000] {logging_mixin.py:149} INFO - [2023-07-10T01:42:19.532+0000] {dagbag.py:541} INFO - Filling up the DagBag from /home/airflow/.local/lib/python3.7/site-packages/airflow/example_dags/example_trigger_target_dag.py
[2023-07-10T01:42:19.536+0000] {processor.py:836} INFO - DAG(s) dict_keys(['example_trigger_target_dag']) retrieved from /home/airflow/.local/lib/python3.7/site-packages/airflow/example_dags/example_trigger_target_dag.py
[2023-07-10T01:42:19.557+0000] {logging_mixin.py:149} INFO - [2023-07-10T01:42:19.557+0000] {dag.py:2726} INFO - Sync 1 DAGs
[2023-07-10T01:42:19.577+0000] {logging_mixin.py:149} INFO - [2023-07-10T01:42:19.577+0000] {dag.py:3490} INFO - Setting next_dagrun for example_trigger_target_dag to None, run_after=None
[2023-07-10T01:42:19.594+0000] {processor.py:179} INFO - Processing /home/airflow/.local/lib/python3.7/site-packages/airflow/example_dags/example_trigger_target_dag.py took 0.067 seconds
[2023-07-10T01:42:50.117+0000] {processor.py:157} INFO - Started process (PID=4257) to work on /home/airflow/.local/lib/python3.7/site-packages/airflow/example_dags/example_trigger_target_dag.py
[2023-07-10T01:42:50.118+0000] {processor.py:826} INFO - Processing file /home/airflow/.local/lib/python3.7/site-packages/airflow/example_dags/example_trigger_target_dag.py for tasks to queue
[2023-07-10T01:42:50.119+0000] {logging_mixin.py:149} INFO - [2023-07-10T01:42:50.118+0000] {dagbag.py:541} INFO - Filling up the DagBag from /home/airflow/.local/lib/python3.7/site-packages/airflow/example_dags/example_trigger_target_dag.py
[2023-07-10T01:42:50.123+0000] {processor.py:836} INFO - DAG(s) dict_keys(['example_trigger_target_dag']) retrieved from /home/airflow/.local/lib/python3.7/site-packages/airflow/example_dags/example_trigger_target_dag.py
[2023-07-10T01:42:50.142+0000] {logging_mixin.py:149} INFO - [2023-07-10T01:42:50.142+0000] {dag.py:2726} INFO - Sync 1 DAGs
[2023-07-10T01:42:50.162+0000] {logging_mixin.py:149} INFO - [2023-07-10T01:42:50.162+0000] {dag.py:3490} INFO - Setting next_dagrun for example_trigger_target_dag to None, run_after=None
[2023-07-10T01:42:50.180+0000] {processor.py:179} INFO - Processing /home/airflow/.local/lib/python3.7/site-packages/airflow/example_dags/example_trigger_target_dag.py took 0.066 seconds
[2023-07-10T01:43:20.679+0000] {processor.py:157} INFO - Started process (PID=4506) to work on /home/airflow/.local/lib/python3.7/site-packages/airflow/example_dags/example_trigger_target_dag.py
[2023-07-10T01:43:20.680+0000] {processor.py:826} INFO - Processing file /home/airflow/.local/lib/python3.7/site-packages/airflow/example_dags/example_trigger_target_dag.py for tasks to queue
[2023-07-10T01:43:20.681+0000] {logging_mixin.py:149} INFO - [2023-07-10T01:43:20.681+0000] {dagbag.py:541} INFO - Filling up the DagBag from /home/airflow/.local/lib/python3.7/site-packages/airflow/example_dags/example_trigger_target_dag.py
[2023-07-10T01:43:20.686+0000] {processor.py:836} INFO - DAG(s) dict_keys(['example_trigger_target_dag']) retrieved from /home/airflow/.local/lib/python3.7/site-packages/airflow/example_dags/example_trigger_target_dag.py
[2023-07-10T01:43:20.705+0000] {logging_mixin.py:149} INFO - [2023-07-10T01:43:20.705+0000] {dag.py:2726} INFO - Sync 1 DAGs
[2023-07-10T01:43:20.726+0000] {logging_mixin.py:149} INFO - [2023-07-10T01:43:20.726+0000] {dag.py:3490} INFO - Setting next_dagrun for example_trigger_target_dag to None, run_after=None
[2023-07-10T01:43:20.743+0000] {processor.py:179} INFO - Processing /home/airflow/.local/lib/python3.7/site-packages/airflow/example_dags/example_trigger_target_dag.py took 0.066 seconds
[2023-07-10T01:43:51.194+0000] {processor.py:157} INFO - Started process (PID=4756) to work on /home/airflow/.local/lib/python3.7/site-packages/airflow/example_dags/example_trigger_target_dag.py
[2023-07-10T01:43:51.195+0000] {processor.py:826} INFO - Processing file /home/airflow/.local/lib/python3.7/site-packages/airflow/example_dags/example_trigger_target_dag.py for tasks to queue
[2023-07-10T01:43:51.196+0000] {logging_mixin.py:149} INFO - [2023-07-10T01:43:51.196+0000] {dagbag.py:541} INFO - Filling up the DagBag from /home/airflow/.local/lib/python3.7/site-packages/airflow/example_dags/example_trigger_target_dag.py
[2023-07-10T01:43:51.200+0000] {processor.py:836} INFO - DAG(s) dict_keys(['example_trigger_target_dag']) retrieved from /home/airflow/.local/lib/python3.7/site-packages/airflow/example_dags/example_trigger_target_dag.py
[2023-07-10T01:43:51.220+0000] {logging_mixin.py:149} INFO - [2023-07-10T01:43:51.220+0000] {dag.py:2726} INFO - Sync 1 DAGs
[2023-07-10T01:43:51.242+0000] {logging_mixin.py:149} INFO - [2023-07-10T01:43:51.242+0000] {dag.py:3490} INFO - Setting next_dagrun for example_trigger_target_dag to None, run_after=None
[2023-07-10T01:43:51.259+0000] {processor.py:179} INFO - Processing /home/airflow/.local/lib/python3.7/site-packages/airflow/example_dags/example_trigger_target_dag.py took 0.068 seconds
[2023-07-10T01:44:21.919+0000] {processor.py:157} INFO - Started process (PID=5005) to work on /home/airflow/.local/lib/python3.7/site-packages/airflow/example_dags/example_trigger_target_dag.py
[2023-07-10T01:44:21.920+0000] {processor.py:826} INFO - Processing file /home/airflow/.local/lib/python3.7/site-packages/airflow/example_dags/example_trigger_target_dag.py for tasks to queue
[2023-07-10T01:44:21.921+0000] {logging_mixin.py:149} INFO - [2023-07-10T01:44:21.921+0000] {dagbag.py:541} INFO - Filling up the DagBag from /home/airflow/.local/lib/python3.7/site-packages/airflow/example_dags/example_trigger_target_dag.py
[2023-07-10T01:44:21.926+0000] {processor.py:836} INFO - DAG(s) dict_keys(['example_trigger_target_dag']) retrieved from /home/airflow/.local/lib/python3.7/site-packages/airflow/example_dags/example_trigger_target_dag.py
[2023-07-10T01:44:21.945+0000] {logging_mixin.py:149} INFO - [2023-07-10T01:44:21.945+0000] {dag.py:2726} INFO - Sync 1 DAGs
[2023-07-10T01:44:21.967+0000] {logging_mixin.py:149} INFO - [2023-07-10T01:44:21.967+0000] {dag.py:3490} INFO - Setting next_dagrun for example_trigger_target_dag to None, run_after=None
[2023-07-10T01:44:21.984+0000] {processor.py:179} INFO - Processing /home/airflow/.local/lib/python3.7/site-packages/airflow/example_dags/example_trigger_target_dag.py took 0.067 seconds
[2023-07-10T01:44:52.565+0000] {processor.py:157} INFO - Started process (PID=5254) to work on /home/airflow/.local/lib/python3.7/site-packages/airflow/example_dags/example_trigger_target_dag.py
[2023-07-10T01:44:52.566+0000] {processor.py:826} INFO - Processing file /home/airflow/.local/lib/python3.7/site-packages/airflow/example_dags/example_trigger_target_dag.py for tasks to queue
[2023-07-10T01:44:52.567+0000] {logging_mixin.py:149} INFO - [2023-07-10T01:44:52.567+0000] {dagbag.py:541} INFO - Filling up the DagBag from /home/airflow/.local/lib/python3.7/site-packages/airflow/example_dags/example_trigger_target_dag.py
[2023-07-10T01:44:52.572+0000] {processor.py:836} INFO - DAG(s) dict_keys(['example_trigger_target_dag']) retrieved from /home/airflow/.local/lib/python3.7/site-packages/airflow/example_dags/example_trigger_target_dag.py
[2023-07-10T01:44:52.591+0000] {logging_mixin.py:149} INFO - [2023-07-10T01:44:52.591+0000] {dag.py:2726} INFO - Sync 1 DAGs
[2023-07-10T01:44:52.611+0000] {logging_mixin.py:149} INFO - [2023-07-10T01:44:52.611+0000] {dag.py:3490} INFO - Setting next_dagrun for example_trigger_target_dag to None, run_after=None
[2023-07-10T01:44:52.627+0000] {processor.py:179} INFO - Processing /home/airflow/.local/lib/python3.7/site-packages/airflow/example_dags/example_trigger_target_dag.py took 0.065 seconds
[2023-07-10T01:45:23.138+0000] {processor.py:157} INFO - Started process (PID=5503) to work on /home/airflow/.local/lib/python3.7/site-packages/airflow/example_dags/example_trigger_target_dag.py
[2023-07-10T01:45:23.139+0000] {processor.py:826} INFO - Processing file /home/airflow/.local/lib/python3.7/site-packages/airflow/example_dags/example_trigger_target_dag.py for tasks to queue
[2023-07-10T01:45:23.140+0000] {logging_mixin.py:149} INFO - [2023-07-10T01:45:23.140+0000] {dagbag.py:541} INFO - Filling up the DagBag from /home/airflow/.local/lib/python3.7/site-packages/airflow/example_dags/example_trigger_target_dag.py
[2023-07-10T01:45:23.145+0000] {processor.py:836} INFO - DAG(s) dict_keys(['example_trigger_target_dag']) retrieved from /home/airflow/.local/lib/python3.7/site-packages/airflow/example_dags/example_trigger_target_dag.py
[2023-07-10T01:45:23.167+0000] {logging_mixin.py:149} INFO - [2023-07-10T01:45:23.166+0000] {dag.py:2726} INFO - Sync 1 DAGs
[2023-07-10T01:45:23.188+0000] {logging_mixin.py:149} INFO - [2023-07-10T01:45:23.188+0000] {dag.py:3490} INFO - Setting next_dagrun for example_trigger_target_dag to None, run_after=None
[2023-07-10T01:45:23.205+0000] {processor.py:179} INFO - Processing /home/airflow/.local/lib/python3.7/site-packages/airflow/example_dags/example_trigger_target_dag.py took 0.070 seconds
[2023-07-10T01:45:53.685+0000] {processor.py:157} INFO - Started process (PID=5752) to work on /home/airflow/.local/lib/python3.7/site-packages/airflow/example_dags/example_trigger_target_dag.py
[2023-07-10T01:45:53.686+0000] {processor.py:826} INFO - Processing file /home/airflow/.local/lib/python3.7/site-packages/airflow/example_dags/example_trigger_target_dag.py for tasks to queue
[2023-07-10T01:45:53.686+0000] {logging_mixin.py:149} INFO - [2023-07-10T01:45:53.686+0000] {dagbag.py:541} INFO - Filling up the DagBag from /home/airflow/.local/lib/python3.7/site-packages/airflow/example_dags/example_trigger_target_dag.py
[2023-07-10T01:45:53.692+0000] {processor.py:836} INFO - DAG(s) dict_keys(['example_trigger_target_dag']) retrieved from /home/airflow/.local/lib/python3.7/site-packages/airflow/example_dags/example_trigger_target_dag.py
[2023-07-10T01:45:53.711+0000] {logging_mixin.py:149} INFO - [2023-07-10T01:45:53.711+0000] {dag.py:2726} INFO - Sync 1 DAGs
[2023-07-10T01:45:53.733+0000] {logging_mixin.py:149} INFO - [2023-07-10T01:45:53.733+0000] {dag.py:3490} INFO - Setting next_dagrun for example_trigger_target_dag to None, run_after=None
[2023-07-10T01:45:53.750+0000] {processor.py:179} INFO - Processing /home/airflow/.local/lib/python3.7/site-packages/airflow/example_dags/example_trigger_target_dag.py took 0.068 seconds
[2023-07-10T01:46:24.366+0000] {processor.py:157} INFO - Started process (PID=6003) to work on /home/airflow/.local/lib/python3.7/site-packages/airflow/example_dags/example_trigger_target_dag.py
[2023-07-10T01:46:24.367+0000] {processor.py:826} INFO - Processing file /home/airflow/.local/lib/python3.7/site-packages/airflow/example_dags/example_trigger_target_dag.py for tasks to queue
[2023-07-10T01:46:24.368+0000] {logging_mixin.py:149} INFO - [2023-07-10T01:46:24.367+0000] {dagbag.py:541} INFO - Filling up the DagBag from /home/airflow/.local/lib/python3.7/site-packages/airflow/example_dags/example_trigger_target_dag.py
[2023-07-10T01:46:24.372+0000] {processor.py:836} INFO - DAG(s) dict_keys(['example_trigger_target_dag']) retrieved from /home/airflow/.local/lib/python3.7/site-packages/airflow/example_dags/example_trigger_target_dag.py
[2023-07-10T01:46:24.391+0000] {logging_mixin.py:149} INFO - [2023-07-10T01:46:24.391+0000] {dag.py:2726} INFO - Sync 1 DAGs
[2023-07-10T01:46:24.413+0000] {logging_mixin.py:149} INFO - [2023-07-10T01:46:24.412+0000] {dag.py:3490} INFO - Setting next_dagrun for example_trigger_target_dag to None, run_after=None
[2023-07-10T01:46:24.430+0000] {processor.py:179} INFO - Processing /home/airflow/.local/lib/python3.7/site-packages/airflow/example_dags/example_trigger_target_dag.py took 0.067 seconds
[2023-07-10T01:46:55.120+0000] {processor.py:157} INFO - Started process (PID=6250) to work on /home/airflow/.local/lib/python3.7/site-packages/airflow/example_dags/example_trigger_target_dag.py
[2023-07-10T01:46:55.121+0000] {processor.py:826} INFO - Processing file /home/airflow/.local/lib/python3.7/site-packages/airflow/example_dags/example_trigger_target_dag.py for tasks to queue
[2023-07-10T01:46:55.122+0000] {logging_mixin.py:149} INFO - [2023-07-10T01:46:55.122+0000] {dagbag.py:541} INFO - Filling up the DagBag from /home/airflow/.local/lib/python3.7/site-packages/airflow/example_dags/example_trigger_target_dag.py
[2023-07-10T01:46:55.126+0000] {processor.py:836} INFO - DAG(s) dict_keys(['example_trigger_target_dag']) retrieved from /home/airflow/.local/lib/python3.7/site-packages/airflow/example_dags/example_trigger_target_dag.py
[2023-07-10T01:46:55.145+0000] {logging_mixin.py:149} INFO - [2023-07-10T01:46:55.145+0000] {dag.py:2726} INFO - Sync 1 DAGs
[2023-07-10T01:46:55.166+0000] {logging_mixin.py:149} INFO - [2023-07-10T01:46:55.166+0000] {dag.py:3490} INFO - Setting next_dagrun for example_trigger_target_dag to None, run_after=None
[2023-07-10T01:46:55.183+0000] {processor.py:179} INFO - Processing /home/airflow/.local/lib/python3.7/site-packages/airflow/example_dags/example_trigger_target_dag.py took 0.065 seconds
[2023-07-10T01:47:25.620+0000] {processor.py:157} INFO - Started process (PID=6501) to work on /home/airflow/.local/lib/python3.7/site-packages/airflow/example_dags/example_trigger_target_dag.py
[2023-07-10T01:47:25.621+0000] {processor.py:826} INFO - Processing file /home/airflow/.local/lib/python3.7/site-packages/airflow/example_dags/example_trigger_target_dag.py for tasks to queue
[2023-07-10T01:47:25.622+0000] {logging_mixin.py:149} INFO - [2023-07-10T01:47:25.622+0000] {dagbag.py:541} INFO - Filling up the DagBag from /home/airflow/.local/lib/python3.7/site-packages/airflow/example_dags/example_trigger_target_dag.py
[2023-07-10T01:47:25.627+0000] {processor.py:836} INFO - DAG(s) dict_keys(['example_trigger_target_dag']) retrieved from /home/airflow/.local/lib/python3.7/site-packages/airflow/example_dags/example_trigger_target_dag.py
[2023-07-10T01:47:25.647+0000] {logging_mixin.py:149} INFO - [2023-07-10T01:47:25.647+0000] {dag.py:2726} INFO - Sync 1 DAGs
[2023-07-10T01:47:25.669+0000] {logging_mixin.py:149} INFO - [2023-07-10T01:47:25.669+0000] {dag.py:3490} INFO - Setting next_dagrun for example_trigger_target_dag to None, run_after=None
[2023-07-10T01:47:25.686+0000] {processor.py:179} INFO - Processing /home/airflow/.local/lib/python3.7/site-packages/airflow/example_dags/example_trigger_target_dag.py took 0.068 seconds
[2023-07-10T01:47:56.130+0000] {processor.py:157} INFO - Started process (PID=6750) to work on /home/airflow/.local/lib/python3.7/site-packages/airflow/example_dags/example_trigger_target_dag.py
[2023-07-10T01:47:56.131+0000] {processor.py:826} INFO - Processing file /home/airflow/.local/lib/python3.7/site-packages/airflow/example_dags/example_trigger_target_dag.py for tasks to queue
[2023-07-10T01:47:56.131+0000] {logging_mixin.py:149} INFO - [2023-07-10T01:47:56.131+0000] {dagbag.py:541} INFO - Filling up the DagBag from /home/airflow/.local/lib/python3.7/site-packages/airflow/example_dags/example_trigger_target_dag.py
[2023-07-10T01:47:56.137+0000] {processor.py:836} INFO - DAG(s) dict_keys(['example_trigger_target_dag']) retrieved from /home/airflow/.local/lib/python3.7/site-packages/airflow/example_dags/example_trigger_target_dag.py
[2023-07-10T01:47:56.158+0000] {logging_mixin.py:149} INFO - [2023-07-10T01:47:56.158+0000] {dag.py:2726} INFO - Sync 1 DAGs
[2023-07-10T01:47:56.181+0000] {logging_mixin.py:149} INFO - [2023-07-10T01:47:56.181+0000] {dag.py:3490} INFO - Setting next_dagrun for example_trigger_target_dag to None, run_after=None
[2023-07-10T01:47:56.197+0000] {processor.py:179} INFO - Processing /home/airflow/.local/lib/python3.7/site-packages/airflow/example_dags/example_trigger_target_dag.py took 0.071 seconds
[2023-07-10T01:48:26.658+0000] {processor.py:157} INFO - Started process (PID=6999) to work on /home/airflow/.local/lib/python3.7/site-packages/airflow/example_dags/example_trigger_target_dag.py
[2023-07-10T01:48:26.659+0000] {processor.py:826} INFO - Processing file /home/airflow/.local/lib/python3.7/site-packages/airflow/example_dags/example_trigger_target_dag.py for tasks to queue
[2023-07-10T01:48:26.660+0000] {logging_mixin.py:149} INFO - [2023-07-10T01:48:26.660+0000] {dagbag.py:541} INFO - Filling up the DagBag from /home/airflow/.local/lib/python3.7/site-packages/airflow/example_dags/example_trigger_target_dag.py
[2023-07-10T01:48:26.664+0000] {processor.py:836} INFO - DAG(s) dict_keys(['example_trigger_target_dag']) retrieved from /home/airflow/.local/lib/python3.7/site-packages/airflow/example_dags/example_trigger_target_dag.py
[2023-07-10T01:48:26.682+0000] {logging_mixin.py:149} INFO - [2023-07-10T01:48:26.682+0000] {dag.py:2726} INFO - Sync 1 DAGs
[2023-07-10T01:48:26.702+0000] {logging_mixin.py:149} INFO - [2023-07-10T01:48:26.702+0000] {dag.py:3490} INFO - Setting next_dagrun for example_trigger_target_dag to None, run_after=None
[2023-07-10T01:48:26.721+0000] {processor.py:179} INFO - Processing /home/airflow/.local/lib/python3.7/site-packages/airflow/example_dags/example_trigger_target_dag.py took 0.065 seconds
[2023-07-10T01:48:57.302+0000] {processor.py:157} INFO - Started process (PID=7246) to work on /home/airflow/.local/lib/python3.7/site-packages/airflow/example_dags/example_trigger_target_dag.py
[2023-07-10T01:48:57.303+0000] {processor.py:826} INFO - Processing file /home/airflow/.local/lib/python3.7/site-packages/airflow/example_dags/example_trigger_target_dag.py for tasks to queue
[2023-07-10T01:48:57.304+0000] {logging_mixin.py:149} INFO - [2023-07-10T01:48:57.304+0000] {dagbag.py:541} INFO - Filling up the DagBag from /home/airflow/.local/lib/python3.7/site-packages/airflow/example_dags/example_trigger_target_dag.py
[2023-07-10T01:48:57.308+0000] {processor.py:836} INFO - DAG(s) dict_keys(['example_trigger_target_dag']) retrieved from /home/airflow/.local/lib/python3.7/site-packages/airflow/example_dags/example_trigger_target_dag.py
[2023-07-10T01:48:57.328+0000] {logging_mixin.py:149} INFO - [2023-07-10T01:48:57.328+0000] {dag.py:2726} INFO - Sync 1 DAGs
[2023-07-10T01:48:57.349+0000] {logging_mixin.py:149} INFO - [2023-07-10T01:48:57.349+0000] {dag.py:3490} INFO - Setting next_dagrun for example_trigger_target_dag to None, run_after=None
[2023-07-10T01:48:57.367+0000] {processor.py:179} INFO - Processing /home/airflow/.local/lib/python3.7/site-packages/airflow/example_dags/example_trigger_target_dag.py took 0.067 seconds
[2023-07-10T01:49:27.746+0000] {processor.py:157} INFO - Started process (PID=7495) to work on /home/airflow/.local/lib/python3.7/site-packages/airflow/example_dags/example_trigger_target_dag.py
[2023-07-10T01:49:27.747+0000] {processor.py:826} INFO - Processing file /home/airflow/.local/lib/python3.7/site-packages/airflow/example_dags/example_trigger_target_dag.py for tasks to queue
[2023-07-10T01:49:27.748+0000] {logging_mixin.py:149} INFO - [2023-07-10T01:49:27.748+0000] {dagbag.py:541} INFO - Filling up the DagBag from /home/airflow/.local/lib/python3.7/site-packages/airflow/example_dags/example_trigger_target_dag.py
[2023-07-10T01:49:27.752+0000] {processor.py:836} INFO - DAG(s) dict_keys(['example_trigger_target_dag']) retrieved from /home/airflow/.local/lib/python3.7/site-packages/airflow/example_dags/example_trigger_target_dag.py
[2023-07-10T01:49:27.771+0000] {logging_mixin.py:149} INFO - [2023-07-10T01:49:27.771+0000] {dag.py:2726} INFO - Sync 1 DAGs
[2023-07-10T01:49:27.791+0000] {logging_mixin.py:149} INFO - [2023-07-10T01:49:27.791+0000] {dag.py:3490} INFO - Setting next_dagrun for example_trigger_target_dag to None, run_after=None
[2023-07-10T01:49:27.808+0000] {processor.py:179} INFO - Processing /home/airflow/.local/lib/python3.7/site-packages/airflow/example_dags/example_trigger_target_dag.py took 0.064 seconds
[2023-07-10T01:49:58.361+0000] {processor.py:157} INFO - Started process (PID=7751) to work on /home/airflow/.local/lib/python3.7/site-packages/airflow/example_dags/example_trigger_target_dag.py
[2023-07-10T01:49:58.362+0000] {processor.py:826} INFO - Processing file /home/airflow/.local/lib/python3.7/site-packages/airflow/example_dags/example_trigger_target_dag.py for tasks to queue
[2023-07-10T01:49:58.363+0000] {logging_mixin.py:149} INFO - [2023-07-10T01:49:58.363+0000] {dagbag.py:541} INFO - Filling up the DagBag from /home/airflow/.local/lib/python3.7/site-packages/airflow/example_dags/example_trigger_target_dag.py
[2023-07-10T01:49:58.367+0000] {processor.py:836} INFO - DAG(s) dict_keys(['example_trigger_target_dag']) retrieved from /home/airflow/.local/lib/python3.7/site-packages/airflow/example_dags/example_trigger_target_dag.py
[2023-07-10T01:49:58.385+0000] {logging_mixin.py:149} INFO - [2023-07-10T01:49:58.385+0000] {dag.py:2726} INFO - Sync 1 DAGs
[2023-07-10T01:49:58.404+0000] {logging_mixin.py:149} INFO - [2023-07-10T01:49:58.404+0000] {dag.py:3490} INFO - Setting next_dagrun for example_trigger_target_dag to None, run_after=None
[2023-07-10T01:49:58.422+0000] {processor.py:179} INFO - Processing /home/airflow/.local/lib/python3.7/site-packages/airflow/example_dags/example_trigger_target_dag.py took 0.063 seconds
[2023-07-10T01:50:29.024+0000] {processor.py:157} INFO - Started process (PID=8005) to work on /home/airflow/.local/lib/python3.7/site-packages/airflow/example_dags/example_trigger_target_dag.py
[2023-07-10T01:50:29.025+0000] {processor.py:826} INFO - Processing file /home/airflow/.local/lib/python3.7/site-packages/airflow/example_dags/example_trigger_target_dag.py for tasks to queue
[2023-07-10T01:50:29.025+0000] {logging_mixin.py:149} INFO - [2023-07-10T01:50:29.025+0000] {dagbag.py:541} INFO - Filling up the DagBag from /home/airflow/.local/lib/python3.7/site-packages/airflow/example_dags/example_trigger_target_dag.py
[2023-07-10T01:50:29.030+0000] {processor.py:836} INFO - DAG(s) dict_keys(['example_trigger_target_dag']) retrieved from /home/airflow/.local/lib/python3.7/site-packages/airflow/example_dags/example_trigger_target_dag.py
[2023-07-10T01:50:29.050+0000] {logging_mixin.py:149} INFO - [2023-07-10T01:50:29.050+0000] {dag.py:2726} INFO - Sync 1 DAGs
[2023-07-10T01:50:29.071+0000] {logging_mixin.py:149} INFO - [2023-07-10T01:50:29.071+0000] {dag.py:3490} INFO - Setting next_dagrun for example_trigger_target_dag to None, run_after=None
[2023-07-10T01:50:29.088+0000] {processor.py:179} INFO - Processing /home/airflow/.local/lib/python3.7/site-packages/airflow/example_dags/example_trigger_target_dag.py took 0.067 seconds
[2023-07-10T01:50:59.626+0000] {processor.py:157} INFO - Started process (PID=8257) to work on /home/airflow/.local/lib/python3.7/site-packages/airflow/example_dags/example_trigger_target_dag.py
[2023-07-10T01:50:59.627+0000] {processor.py:826} INFO - Processing file /home/airflow/.local/lib/python3.7/site-packages/airflow/example_dags/example_trigger_target_dag.py for tasks to queue
[2023-07-10T01:50:59.628+0000] {logging_mixin.py:149} INFO - [2023-07-10T01:50:59.628+0000] {dagbag.py:541} INFO - Filling up the DagBag from /home/airflow/.local/lib/python3.7/site-packages/airflow/example_dags/example_trigger_target_dag.py
[2023-07-10T01:50:59.633+0000] {processor.py:836} INFO - DAG(s) dict_keys(['example_trigger_target_dag']) retrieved from /home/airflow/.local/lib/python3.7/site-packages/airflow/example_dags/example_trigger_target_dag.py
[2023-07-10T01:50:59.652+0000] {logging_mixin.py:149} INFO - [2023-07-10T01:50:59.652+0000] {dag.py:2726} INFO - Sync 1 DAGs
[2023-07-10T01:50:59.673+0000] {logging_mixin.py:149} INFO - [2023-07-10T01:50:59.673+0000] {dag.py:3490} INFO - Setting next_dagrun for example_trigger_target_dag to None, run_after=None
[2023-07-10T01:50:59.689+0000] {processor.py:179} INFO - Processing /home/airflow/.local/lib/python3.7/site-packages/airflow/example_dags/example_trigger_target_dag.py took 0.066 seconds
[2023-07-10T01:51:30.330+0000] {processor.py:157} INFO - Started process (PID=8511) to work on /home/airflow/.local/lib/python3.7/site-packages/airflow/example_dags/example_trigger_target_dag.py
[2023-07-10T01:51:30.331+0000] {processor.py:826} INFO - Processing file /home/airflow/.local/lib/python3.7/site-packages/airflow/example_dags/example_trigger_target_dag.py for tasks to queue
[2023-07-10T01:51:30.332+0000] {logging_mixin.py:149} INFO - [2023-07-10T01:51:30.332+0000] {dagbag.py:541} INFO - Filling up the DagBag from /home/airflow/.local/lib/python3.7/site-packages/airflow/example_dags/example_trigger_target_dag.py
[2023-07-10T01:51:30.337+0000] {processor.py:836} INFO - DAG(s) dict_keys(['example_trigger_target_dag']) retrieved from /home/airflow/.local/lib/python3.7/site-packages/airflow/example_dags/example_trigger_target_dag.py
[2023-07-10T01:51:30.358+0000] {logging_mixin.py:149} INFO - [2023-07-10T01:51:30.358+0000] {dag.py:2726} INFO - Sync 1 DAGs
[2023-07-10T01:51:30.380+0000] {logging_mixin.py:149} INFO - [2023-07-10T01:51:30.380+0000] {dag.py:3490} INFO - Setting next_dagrun for example_trigger_target_dag to None, run_after=None
[2023-07-10T01:51:30.397+0000] {processor.py:179} INFO - Processing /home/airflow/.local/lib/python3.7/site-packages/airflow/example_dags/example_trigger_target_dag.py took 0.070 seconds
[2023-07-10T01:52:00.979+0000] {processor.py:157} INFO - Started process (PID=8765) to work on /home/airflow/.local/lib/python3.7/site-packages/airflow/example_dags/example_trigger_target_dag.py
[2023-07-10T01:52:00.980+0000] {processor.py:826} INFO - Processing file /home/airflow/.local/lib/python3.7/site-packages/airflow/example_dags/example_trigger_target_dag.py for tasks to queue
[2023-07-10T01:52:00.981+0000] {logging_mixin.py:149} INFO - [2023-07-10T01:52:00.981+0000] {dagbag.py:541} INFO - Filling up the DagBag from /home/airflow/.local/lib/python3.7/site-packages/airflow/example_dags/example_trigger_target_dag.py
[2023-07-10T01:52:00.985+0000] {processor.py:836} INFO - DAG(s) dict_keys(['example_trigger_target_dag']) retrieved from /home/airflow/.local/lib/python3.7/site-packages/airflow/example_dags/example_trigger_target_dag.py
[2023-07-10T01:52:01.004+0000] {logging_mixin.py:149} INFO - [2023-07-10T01:52:01.004+0000] {dag.py:2726} INFO - Sync 1 DAGs
[2023-07-10T01:52:01.026+0000] {logging_mixin.py:149} INFO - [2023-07-10T01:52:01.026+0000] {dag.py:3490} INFO - Setting next_dagrun for example_trigger_target_dag to None, run_after=None
[2023-07-10T01:52:01.044+0000] {processor.py:179} INFO - Processing /home/airflow/.local/lib/python3.7/site-packages/airflow/example_dags/example_trigger_target_dag.py took 0.067 seconds
[2023-07-10T01:52:31.740+0000] {processor.py:157} INFO - Started process (PID=9019) to work on /home/airflow/.local/lib/python3.7/site-packages/airflow/example_dags/example_trigger_target_dag.py
[2023-07-10T01:52:31.741+0000] {processor.py:826} INFO - Processing file /home/airflow/.local/lib/python3.7/site-packages/airflow/example_dags/example_trigger_target_dag.py for tasks to queue
[2023-07-10T01:52:31.742+0000] {logging_mixin.py:149} INFO - [2023-07-10T01:52:31.742+0000] {dagbag.py:541} INFO - Filling up the DagBag from /home/airflow/.local/lib/python3.7/site-packages/airflow/example_dags/example_trigger_target_dag.py
[2023-07-10T01:52:31.746+0000] {processor.py:836} INFO - DAG(s) dict_keys(['example_trigger_target_dag']) retrieved from /home/airflow/.local/lib/python3.7/site-packages/airflow/example_dags/example_trigger_target_dag.py
[2023-07-10T01:52:31.766+0000] {logging_mixin.py:149} INFO - [2023-07-10T01:52:31.766+0000] {dag.py:2726} INFO - Sync 1 DAGs
[2023-07-10T01:52:31.788+0000] {logging_mixin.py:149} INFO - [2023-07-10T01:52:31.788+0000] {dag.py:3490} INFO - Setting next_dagrun for example_trigger_target_dag to None, run_after=None
[2023-07-10T01:52:31.806+0000] {processor.py:179} INFO - Processing /home/airflow/.local/lib/python3.7/site-packages/airflow/example_dags/example_trigger_target_dag.py took 0.069 seconds
[2023-07-10T01:53:01.966+0000] {processor.py:157} INFO - Started process (PID=9273) to work on /home/airflow/.local/lib/python3.7/site-packages/airflow/example_dags/example_trigger_target_dag.py
[2023-07-10T01:53:01.967+0000] {processor.py:826} INFO - Processing file /home/airflow/.local/lib/python3.7/site-packages/airflow/example_dags/example_trigger_target_dag.py for tasks to queue
[2023-07-10T01:53:01.968+0000] {logging_mixin.py:149} INFO - [2023-07-10T01:53:01.968+0000] {dagbag.py:541} INFO - Filling up the DagBag from /home/airflow/.local/lib/python3.7/site-packages/airflow/example_dags/example_trigger_target_dag.py
[2023-07-10T01:53:01.972+0000] {processor.py:836} INFO - DAG(s) dict_keys(['example_trigger_target_dag']) retrieved from /home/airflow/.local/lib/python3.7/site-packages/airflow/example_dags/example_trigger_target_dag.py
[2023-07-10T01:53:01.991+0000] {logging_mixin.py:149} INFO - [2023-07-10T01:53:01.991+0000] {dag.py:2726} INFO - Sync 1 DAGs
[2023-07-10T01:53:02.012+0000] {logging_mixin.py:149} INFO - [2023-07-10T01:53:02.011+0000] {dag.py:3490} INFO - Setting next_dagrun for example_trigger_target_dag to None, run_after=None
[2023-07-10T01:53:02.028+0000] {processor.py:179} INFO - Processing /home/airflow/.local/lib/python3.7/site-packages/airflow/example_dags/example_trigger_target_dag.py took 0.065 seconds
[2023-07-10T01:53:32.256+0000] {processor.py:157} INFO - Started process (PID=9528) to work on /home/airflow/.local/lib/python3.7/site-packages/airflow/example_dags/example_trigger_target_dag.py
[2023-07-10T01:53:32.257+0000] {processor.py:826} INFO - Processing file /home/airflow/.local/lib/python3.7/site-packages/airflow/example_dags/example_trigger_target_dag.py for tasks to queue
[2023-07-10T01:53:32.258+0000] {logging_mixin.py:149} INFO - [2023-07-10T01:53:32.258+0000] {dagbag.py:541} INFO - Filling up the DagBag from /home/airflow/.local/lib/python3.7/site-packages/airflow/example_dags/example_trigger_target_dag.py
[2023-07-10T01:53:32.262+0000] {processor.py:836} INFO - DAG(s) dict_keys(['example_trigger_target_dag']) retrieved from /home/airflow/.local/lib/python3.7/site-packages/airflow/example_dags/example_trigger_target_dag.py
[2023-07-10T01:53:32.281+0000] {logging_mixin.py:149} INFO - [2023-07-10T01:53:32.281+0000] {dag.py:2726} INFO - Sync 1 DAGs
[2023-07-10T01:53:32.302+0000] {logging_mixin.py:149} INFO - [2023-07-10T01:53:32.302+0000] {dag.py:3490} INFO - Setting next_dagrun for example_trigger_target_dag to None, run_after=None
[2023-07-10T01:53:32.317+0000] {processor.py:179} INFO - Processing /home/airflow/.local/lib/python3.7/site-packages/airflow/example_dags/example_trigger_target_dag.py took 0.063 seconds
[2023-07-10T01:54:02.511+0000] {processor.py:157} INFO - Started process (PID=9782) to work on /home/airflow/.local/lib/python3.7/site-packages/airflow/example_dags/example_trigger_target_dag.py
[2023-07-10T01:54:02.512+0000] {processor.py:826} INFO - Processing file /home/airflow/.local/lib/python3.7/site-packages/airflow/example_dags/example_trigger_target_dag.py for tasks to queue
[2023-07-10T01:54:02.513+0000] {logging_mixin.py:149} INFO - [2023-07-10T01:54:02.513+0000] {dagbag.py:541} INFO - Filling up the DagBag from /home/airflow/.local/lib/python3.7/site-packages/airflow/example_dags/example_trigger_target_dag.py
[2023-07-10T01:54:02.517+0000] {processor.py:836} INFO - DAG(s) dict_keys(['example_trigger_target_dag']) retrieved from /home/airflow/.local/lib/python3.7/site-packages/airflow/example_dags/example_trigger_target_dag.py
[2023-07-10T01:54:02.536+0000] {logging_mixin.py:149} INFO - [2023-07-10T01:54:02.536+0000] {dag.py:2726} INFO - Sync 1 DAGs
[2023-07-10T01:54:02.556+0000] {logging_mixin.py:149} INFO - [2023-07-10T01:54:02.556+0000] {dag.py:3490} INFO - Setting next_dagrun for example_trigger_target_dag to None, run_after=None
[2023-07-10T01:54:02.573+0000] {processor.py:179} INFO - Processing /home/airflow/.local/lib/python3.7/site-packages/airflow/example_dags/example_trigger_target_dag.py took 0.065 seconds
[2023-07-10T01:54:32.641+0000] {processor.py:157} INFO - Started process (PID=10031) to work on /home/airflow/.local/lib/python3.7/site-packages/airflow/example_dags/example_trigger_target_dag.py
[2023-07-10T01:54:32.642+0000] {processor.py:826} INFO - Processing file /home/airflow/.local/lib/python3.7/site-packages/airflow/example_dags/example_trigger_target_dag.py for tasks to queue
[2023-07-10T01:54:32.642+0000] {logging_mixin.py:149} INFO - [2023-07-10T01:54:32.642+0000] {dagbag.py:541} INFO - Filling up the DagBag from /home/airflow/.local/lib/python3.7/site-packages/airflow/example_dags/example_trigger_target_dag.py
[2023-07-10T01:54:32.647+0000] {processor.py:836} INFO - DAG(s) dict_keys(['example_trigger_target_dag']) retrieved from /home/airflow/.local/lib/python3.7/site-packages/airflow/example_dags/example_trigger_target_dag.py
[2023-07-10T01:54:32.666+0000] {logging_mixin.py:149} INFO - [2023-07-10T01:54:32.666+0000] {dag.py:2726} INFO - Sync 1 DAGs
[2023-07-10T01:54:32.686+0000] {logging_mixin.py:149} INFO - [2023-07-10T01:54:32.686+0000] {dag.py:3490} INFO - Setting next_dagrun for example_trigger_target_dag to None, run_after=None
[2023-07-10T01:54:32.704+0000] {processor.py:179} INFO - Processing /home/airflow/.local/lib/python3.7/site-packages/airflow/example_dags/example_trigger_target_dag.py took 0.066 seconds
[2023-07-10T01:55:02.862+0000] {processor.py:157} INFO - Started process (PID=10285) to work on /home/airflow/.local/lib/python3.7/site-packages/airflow/example_dags/example_trigger_target_dag.py
[2023-07-10T01:55:02.862+0000] {processor.py:826} INFO - Processing file /home/airflow/.local/lib/python3.7/site-packages/airflow/example_dags/example_trigger_target_dag.py for tasks to queue
[2023-07-10T01:55:02.863+0000] {logging_mixin.py:149} INFO - [2023-07-10T01:55:02.863+0000] {dagbag.py:541} INFO - Filling up the DagBag from /home/airflow/.local/lib/python3.7/site-packages/airflow/example_dags/example_trigger_target_dag.py
[2023-07-10T01:55:02.868+0000] {processor.py:836} INFO - DAG(s) dict_keys(['example_trigger_target_dag']) retrieved from /home/airflow/.local/lib/python3.7/site-packages/airflow/example_dags/example_trigger_target_dag.py
[2023-07-10T01:55:02.888+0000] {logging_mixin.py:149} INFO - [2023-07-10T01:55:02.888+0000] {dag.py:2726} INFO - Sync 1 DAGs
[2023-07-10T01:55:02.910+0000] {logging_mixin.py:149} INFO - [2023-07-10T01:55:02.910+0000] {dag.py:3490} INFO - Setting next_dagrun for example_trigger_target_dag to None, run_after=None
[2023-07-10T01:55:02.927+0000] {processor.py:179} INFO - Processing /home/airflow/.local/lib/python3.7/site-packages/airflow/example_dags/example_trigger_target_dag.py took 0.068 seconds
[2023-07-10T01:55:33.785+0000] {processor.py:157} INFO - Started process (PID=10539) to work on /home/airflow/.local/lib/python3.7/site-packages/airflow/example_dags/example_trigger_target_dag.py
[2023-07-10T01:55:33.786+0000] {processor.py:826} INFO - Processing file /home/airflow/.local/lib/python3.7/site-packages/airflow/example_dags/example_trigger_target_dag.py for tasks to queue
[2023-07-10T01:55:33.787+0000] {logging_mixin.py:149} INFO - [2023-07-10T01:55:33.787+0000] {dagbag.py:541} INFO - Filling up the DagBag from /home/airflow/.local/lib/python3.7/site-packages/airflow/example_dags/example_trigger_target_dag.py
[2023-07-10T01:55:33.792+0000] {processor.py:836} INFO - DAG(s) dict_keys(['example_trigger_target_dag']) retrieved from /home/airflow/.local/lib/python3.7/site-packages/airflow/example_dags/example_trigger_target_dag.py
[2023-07-10T01:55:33.810+0000] {logging_mixin.py:149} INFO - [2023-07-10T01:55:33.810+0000] {dag.py:2726} INFO - Sync 1 DAGs
[2023-07-10T01:55:33.831+0000] {logging_mixin.py:149} INFO - [2023-07-10T01:55:33.831+0000] {dag.py:3490} INFO - Setting next_dagrun for example_trigger_target_dag to None, run_after=None
[2023-07-10T01:55:33.849+0000] {processor.py:179} INFO - Processing /home/airflow/.local/lib/python3.7/site-packages/airflow/example_dags/example_trigger_target_dag.py took 0.067 seconds
[2023-07-10T01:56:04.438+0000] {processor.py:157} INFO - Started process (PID=10793) to work on /home/airflow/.local/lib/python3.7/site-packages/airflow/example_dags/example_trigger_target_dag.py
[2023-07-10T01:56:04.439+0000] {processor.py:826} INFO - Processing file /home/airflow/.local/lib/python3.7/site-packages/airflow/example_dags/example_trigger_target_dag.py for tasks to queue
[2023-07-10T01:56:04.440+0000] {logging_mixin.py:149} INFO - [2023-07-10T01:56:04.440+0000] {dagbag.py:541} INFO - Filling up the DagBag from /home/airflow/.local/lib/python3.7/site-packages/airflow/example_dags/example_trigger_target_dag.py
[2023-07-10T01:56:04.445+0000] {processor.py:836} INFO - DAG(s) dict_keys(['example_trigger_target_dag']) retrieved from /home/airflow/.local/lib/python3.7/site-packages/airflow/example_dags/example_trigger_target_dag.py
[2023-07-10T01:56:04.464+0000] {logging_mixin.py:149} INFO - [2023-07-10T01:56:04.464+0000] {dag.py:2726} INFO - Sync 1 DAGs
[2023-07-10T01:56:04.485+0000] {logging_mixin.py:149} INFO - [2023-07-10T01:56:04.484+0000] {dag.py:3490} INFO - Setting next_dagrun for example_trigger_target_dag to None, run_after=None
[2023-07-10T01:56:04.502+0000] {processor.py:179} INFO - Processing /home/airflow/.local/lib/python3.7/site-packages/airflow/example_dags/example_trigger_target_dag.py took 0.068 seconds
[2023-07-10T01:56:35.124+0000] {processor.py:157} INFO - Started process (PID=11052) to work on /home/airflow/.local/lib/python3.7/site-packages/airflow/example_dags/example_trigger_target_dag.py
[2023-07-10T01:56:35.125+0000] {processor.py:826} INFO - Processing file /home/airflow/.local/lib/python3.7/site-packages/airflow/example_dags/example_trigger_target_dag.py for tasks to queue
[2023-07-10T01:56:35.126+0000] {logging_mixin.py:149} INFO - [2023-07-10T01:56:35.126+0000] {dagbag.py:541} INFO - Filling up the DagBag from /home/airflow/.local/lib/python3.7/site-packages/airflow/example_dags/example_trigger_target_dag.py
[2023-07-10T01:56:35.131+0000] {processor.py:836} INFO - DAG(s) dict_keys(['example_trigger_target_dag']) retrieved from /home/airflow/.local/lib/python3.7/site-packages/airflow/example_dags/example_trigger_target_dag.py
[2023-07-10T01:56:35.150+0000] {logging_mixin.py:149} INFO - [2023-07-10T01:56:35.150+0000] {dag.py:2726} INFO - Sync 1 DAGs
[2023-07-10T01:56:35.170+0000] {logging_mixin.py:149} INFO - [2023-07-10T01:56:35.170+0000] {dag.py:3490} INFO - Setting next_dagrun for example_trigger_target_dag to None, run_after=None
[2023-07-10T01:56:35.187+0000] {processor.py:179} INFO - Processing /home/airflow/.local/lib/python3.7/site-packages/airflow/example_dags/example_trigger_target_dag.py took 0.066 seconds
[2023-07-10T01:57:05.782+0000] {processor.py:157} INFO - Started process (PID=11306) to work on /home/airflow/.local/lib/python3.7/site-packages/airflow/example_dags/example_trigger_target_dag.py
[2023-07-10T01:57:05.783+0000] {processor.py:826} INFO - Processing file /home/airflow/.local/lib/python3.7/site-packages/airflow/example_dags/example_trigger_target_dag.py for tasks to queue
[2023-07-10T01:57:05.784+0000] {logging_mixin.py:149} INFO - [2023-07-10T01:57:05.784+0000] {dagbag.py:541} INFO - Filling up the DagBag from /home/airflow/.local/lib/python3.7/site-packages/airflow/example_dags/example_trigger_target_dag.py
[2023-07-10T01:57:05.789+0000] {processor.py:836} INFO - DAG(s) dict_keys(['example_trigger_target_dag']) retrieved from /home/airflow/.local/lib/python3.7/site-packages/airflow/example_dags/example_trigger_target_dag.py
[2023-07-10T01:57:05.809+0000] {logging_mixin.py:149} INFO - [2023-07-10T01:57:05.809+0000] {dag.py:2726} INFO - Sync 1 DAGs
[2023-07-10T01:57:05.828+0000] {logging_mixin.py:149} INFO - [2023-07-10T01:57:05.828+0000] {dag.py:3490} INFO - Setting next_dagrun for example_trigger_target_dag to None, run_after=None
[2023-07-10T01:57:05.847+0000] {processor.py:179} INFO - Processing /home/airflow/.local/lib/python3.7/site-packages/airflow/example_dags/example_trigger_target_dag.py took 0.067 seconds
[2023-07-10T01:57:35.953+0000] {processor.py:157} INFO - Started process (PID=11560) to work on /home/airflow/.local/lib/python3.7/site-packages/airflow/example_dags/example_trigger_target_dag.py
[2023-07-10T01:57:35.954+0000] {processor.py:826} INFO - Processing file /home/airflow/.local/lib/python3.7/site-packages/airflow/example_dags/example_trigger_target_dag.py for tasks to queue
[2023-07-10T01:57:35.955+0000] {logging_mixin.py:149} INFO - [2023-07-10T01:57:35.955+0000] {dagbag.py:541} INFO - Filling up the DagBag from /home/airflow/.local/lib/python3.7/site-packages/airflow/example_dags/example_trigger_target_dag.py
[2023-07-10T01:57:35.960+0000] {processor.py:836} INFO - DAG(s) dict_keys(['example_trigger_target_dag']) retrieved from /home/airflow/.local/lib/python3.7/site-packages/airflow/example_dags/example_trigger_target_dag.py
[2023-07-10T01:57:35.979+0000] {logging_mixin.py:149} INFO - [2023-07-10T01:57:35.979+0000] {dag.py:2726} INFO - Sync 1 DAGs
[2023-07-10T01:57:35.998+0000] {logging_mixin.py:149} INFO - [2023-07-10T01:57:35.998+0000] {dag.py:3490} INFO - Setting next_dagrun for example_trigger_target_dag to None, run_after=None
[2023-07-10T01:57:36.015+0000] {processor.py:179} INFO - Processing /home/airflow/.local/lib/python3.7/site-packages/airflow/example_dags/example_trigger_target_dag.py took 0.064 seconds
[2023-07-10T01:58:06.097+0000] {processor.py:157} INFO - Started process (PID=11809) to work on /home/airflow/.local/lib/python3.7/site-packages/airflow/example_dags/example_trigger_target_dag.py
[2023-07-10T01:58:06.098+0000] {processor.py:826} INFO - Processing file /home/airflow/.local/lib/python3.7/site-packages/airflow/example_dags/example_trigger_target_dag.py for tasks to queue
[2023-07-10T01:58:06.099+0000] {logging_mixin.py:149} INFO - [2023-07-10T01:58:06.099+0000] {dagbag.py:541} INFO - Filling up the DagBag from /home/airflow/.local/lib/python3.7/site-packages/airflow/example_dags/example_trigger_target_dag.py
[2023-07-10T01:58:06.103+0000] {processor.py:836} INFO - DAG(s) dict_keys(['example_trigger_target_dag']) retrieved from /home/airflow/.local/lib/python3.7/site-packages/airflow/example_dags/example_trigger_target_dag.py
[2023-07-10T01:58:06.123+0000] {logging_mixin.py:149} INFO - [2023-07-10T01:58:06.123+0000] {dag.py:2726} INFO - Sync 1 DAGs
[2023-07-10T01:58:06.142+0000] {logging_mixin.py:149} INFO - [2023-07-10T01:58:06.142+0000] {dag.py:3490} INFO - Setting next_dagrun for example_trigger_target_dag to None, run_after=None
[2023-07-10T01:58:06.169+0000] {processor.py:179} INFO - Processing /home/airflow/.local/lib/python3.7/site-packages/airflow/example_dags/example_trigger_target_dag.py took 0.074 seconds
[2023-07-10T01:58:36.925+0000] {processor.py:157} INFO - Started process (PID=12068) to work on /home/airflow/.local/lib/python3.7/site-packages/airflow/example_dags/example_trigger_target_dag.py
[2023-07-10T01:58:36.926+0000] {processor.py:826} INFO - Processing file /home/airflow/.local/lib/python3.7/site-packages/airflow/example_dags/example_trigger_target_dag.py for tasks to queue
[2023-07-10T01:58:36.927+0000] {logging_mixin.py:149} INFO - [2023-07-10T01:58:36.926+0000] {dagbag.py:541} INFO - Filling up the DagBag from /home/airflow/.local/lib/python3.7/site-packages/airflow/example_dags/example_trigger_target_dag.py
[2023-07-10T01:58:36.932+0000] {processor.py:836} INFO - DAG(s) dict_keys(['example_trigger_target_dag']) retrieved from /home/airflow/.local/lib/python3.7/site-packages/airflow/example_dags/example_trigger_target_dag.py
[2023-07-10T01:58:36.951+0000] {logging_mixin.py:149} INFO - [2023-07-10T01:58:36.951+0000] {dag.py:2726} INFO - Sync 1 DAGs
[2023-07-10T01:58:36.974+0000] {logging_mixin.py:149} INFO - [2023-07-10T01:58:36.974+0000] {dag.py:3490} INFO - Setting next_dagrun for example_trigger_target_dag to None, run_after=None
[2023-07-10T01:58:36.991+0000] {processor.py:179} INFO - Processing /home/airflow/.local/lib/python3.7/site-packages/airflow/example_dags/example_trigger_target_dag.py took 0.069 seconds
