[2023-07-10T01:34:36.520+0000] {processor.py:157} INFO - Started process (PID=167) to work on /home/airflow/.local/lib/python3.7/site-packages/airflow/example_dags/example_complex.py
[2023-07-10T01:34:36.521+0000] {processor.py:826} INFO - Processing file /home/airflow/.local/lib/python3.7/site-packages/airflow/example_dags/example_complex.py for tasks to queue
[2023-07-10T01:34:36.522+0000] {logging_mixin.py:149} INFO - [2023-07-10T01:34:36.522+0000] {dagbag.py:541} INFO - Filling up the DagBag from /home/airflow/.local/lib/python3.7/site-packages/airflow/example_dags/example_complex.py
[2023-07-10T01:34:36.536+0000] {processor.py:836} INFO - DAG(s) dict_keys(['example_complex']) retrieved from /home/airflow/.local/lib/python3.7/site-packages/airflow/example_dags/example_complex.py
[2023-07-10T01:34:36.579+0000] {logging_mixin.py:149} INFO - [2023-07-10T01:34:36.578+0000] {dag.py:2726} INFO - Sync 1 DAGs
[2023-07-10T01:34:36.601+0000] {logging_mixin.py:149} INFO - [2023-07-10T01:34:36.601+0000] {dag.py:3490} INFO - Setting next_dagrun for example_complex to None, run_after=None
[2023-07-10T01:34:36.620+0000] {processor.py:179} INFO - Processing /home/airflow/.local/lib/python3.7/site-packages/airflow/example_dags/example_complex.py took 0.102 seconds
[2023-07-10T01:35:06.734+0000] {processor.py:157} INFO - Started process (PID=419) to work on /home/airflow/.local/lib/python3.7/site-packages/airflow/example_dags/example_complex.py
[2023-07-10T01:35:06.735+0000] {processor.py:826} INFO - Processing file /home/airflow/.local/lib/python3.7/site-packages/airflow/example_dags/example_complex.py for tasks to queue
[2023-07-10T01:35:06.736+0000] {logging_mixin.py:149} INFO - [2023-07-10T01:35:06.736+0000] {dagbag.py:541} INFO - Filling up the DagBag from /home/airflow/.local/lib/python3.7/site-packages/airflow/example_dags/example_complex.py
[2023-07-10T01:35:06.745+0000] {processor.py:836} INFO - DAG(s) dict_keys(['example_complex']) retrieved from /home/airflow/.local/lib/python3.7/site-packages/airflow/example_dags/example_complex.py
[2023-07-10T01:35:06.773+0000] {logging_mixin.py:149} INFO - [2023-07-10T01:35:06.773+0000] {dag.py:2726} INFO - Sync 1 DAGs
[2023-07-10T01:35:06.794+0000] {logging_mixin.py:149} INFO - [2023-07-10T01:35:06.794+0000] {dag.py:3490} INFO - Setting next_dagrun for example_complex to None, run_after=None
[2023-07-10T01:35:06.812+0000] {processor.py:179} INFO - Processing /home/airflow/.local/lib/python3.7/site-packages/airflow/example_dags/example_complex.py took 0.080 seconds
[2023-07-10T01:35:36.872+0000] {processor.py:157} INFO - Started process (PID=666) to work on /home/airflow/.local/lib/python3.7/site-packages/airflow/example_dags/example_complex.py
[2023-07-10T01:35:36.873+0000] {processor.py:826} INFO - Processing file /home/airflow/.local/lib/python3.7/site-packages/airflow/example_dags/example_complex.py for tasks to queue
[2023-07-10T01:35:36.874+0000] {logging_mixin.py:149} INFO - [2023-07-10T01:35:36.874+0000] {dagbag.py:541} INFO - Filling up the DagBag from /home/airflow/.local/lib/python3.7/site-packages/airflow/example_dags/example_complex.py
[2023-07-10T01:35:36.883+0000] {processor.py:836} INFO - DAG(s) dict_keys(['example_complex']) retrieved from /home/airflow/.local/lib/python3.7/site-packages/airflow/example_dags/example_complex.py
[2023-07-10T01:35:36.914+0000] {logging_mixin.py:149} INFO - [2023-07-10T01:35:36.914+0000] {dag.py:2726} INFO - Sync 1 DAGs
[2023-07-10T01:35:36.934+0000] {logging_mixin.py:149} INFO - [2023-07-10T01:35:36.934+0000] {dag.py:3490} INFO - Setting next_dagrun for example_complex to None, run_after=None
[2023-07-10T01:35:36.952+0000] {processor.py:179} INFO - Processing /home/airflow/.local/lib/python3.7/site-packages/airflow/example_dags/example_complex.py took 0.083 seconds
[2023-07-10T01:36:07.558+0000] {processor.py:157} INFO - Started process (PID=915) to work on /home/airflow/.local/lib/python3.7/site-packages/airflow/example_dags/example_complex.py
[2023-07-10T01:36:07.559+0000] {processor.py:826} INFO - Processing file /home/airflow/.local/lib/python3.7/site-packages/airflow/example_dags/example_complex.py for tasks to queue
[2023-07-10T01:36:07.560+0000] {logging_mixin.py:149} INFO - [2023-07-10T01:36:07.560+0000] {dagbag.py:541} INFO - Filling up the DagBag from /home/airflow/.local/lib/python3.7/site-packages/airflow/example_dags/example_complex.py
[2023-07-10T01:36:07.572+0000] {processor.py:836} INFO - DAG(s) dict_keys(['example_complex']) retrieved from /home/airflow/.local/lib/python3.7/site-packages/airflow/example_dags/example_complex.py
[2023-07-10T01:36:07.613+0000] {logging_mixin.py:149} INFO - [2023-07-10T01:36:07.612+0000] {dag.py:2726} INFO - Sync 1 DAGs
[2023-07-10T01:36:07.727+0000] {logging_mixin.py:149} INFO - [2023-07-10T01:36:07.727+0000] {dag.py:3490} INFO - Setting next_dagrun for example_complex to None, run_after=None
[2023-07-10T01:36:07.744+0000] {processor.py:179} INFO - Processing /home/airflow/.local/lib/python3.7/site-packages/airflow/example_dags/example_complex.py took 0.189 seconds
[2023-07-10T01:36:38.180+0000] {processor.py:157} INFO - Started process (PID=1164) to work on /home/airflow/.local/lib/python3.7/site-packages/airflow/example_dags/example_complex.py
[2023-07-10T01:36:38.181+0000] {processor.py:826} INFO - Processing file /home/airflow/.local/lib/python3.7/site-packages/airflow/example_dags/example_complex.py for tasks to queue
[2023-07-10T01:36:38.182+0000] {logging_mixin.py:149} INFO - [2023-07-10T01:36:38.182+0000] {dagbag.py:541} INFO - Filling up the DagBag from /home/airflow/.local/lib/python3.7/site-packages/airflow/example_dags/example_complex.py
[2023-07-10T01:36:38.192+0000] {processor.py:836} INFO - DAG(s) dict_keys(['example_complex']) retrieved from /home/airflow/.local/lib/python3.7/site-packages/airflow/example_dags/example_complex.py
[2023-07-10T01:36:38.221+0000] {logging_mixin.py:149} INFO - [2023-07-10T01:36:38.221+0000] {dag.py:2726} INFO - Sync 1 DAGs
[2023-07-10T01:36:38.243+0000] {logging_mixin.py:149} INFO - [2023-07-10T01:36:38.243+0000] {dag.py:3490} INFO - Setting next_dagrun for example_complex to None, run_after=None
[2023-07-10T01:36:38.266+0000] {processor.py:179} INFO - Processing /home/airflow/.local/lib/python3.7/site-packages/airflow/example_dags/example_complex.py took 0.088 seconds
[2023-07-10T01:37:08.386+0000] {processor.py:157} INFO - Started process (PID=1415) to work on /home/airflow/.local/lib/python3.7/site-packages/airflow/example_dags/example_complex.py
[2023-07-10T01:37:08.387+0000] {processor.py:826} INFO - Processing file /home/airflow/.local/lib/python3.7/site-packages/airflow/example_dags/example_complex.py for tasks to queue
[2023-07-10T01:37:08.387+0000] {logging_mixin.py:149} INFO - [2023-07-10T01:37:08.387+0000] {dagbag.py:541} INFO - Filling up the DagBag from /home/airflow/.local/lib/python3.7/site-packages/airflow/example_dags/example_complex.py
[2023-07-10T01:37:08.397+0000] {processor.py:836} INFO - DAG(s) dict_keys(['example_complex']) retrieved from /home/airflow/.local/lib/python3.7/site-packages/airflow/example_dags/example_complex.py
[2023-07-10T01:37:08.427+0000] {logging_mixin.py:149} INFO - [2023-07-10T01:37:08.427+0000] {dag.py:2726} INFO - Sync 1 DAGs
[2023-07-10T01:37:08.448+0000] {logging_mixin.py:149} INFO - [2023-07-10T01:37:08.447+0000] {dag.py:3490} INFO - Setting next_dagrun for example_complex to None, run_after=None
[2023-07-10T01:37:08.466+0000] {processor.py:179} INFO - Processing /home/airflow/.local/lib/python3.7/site-packages/airflow/example_dags/example_complex.py took 0.083 seconds
[2023-07-10T01:37:38.559+0000] {processor.py:157} INFO - Started process (PID=1664) to work on /home/airflow/.local/lib/python3.7/site-packages/airflow/example_dags/example_complex.py
[2023-07-10T01:37:38.560+0000] {processor.py:826} INFO - Processing file /home/airflow/.local/lib/python3.7/site-packages/airflow/example_dags/example_complex.py for tasks to queue
[2023-07-10T01:37:38.561+0000] {logging_mixin.py:149} INFO - [2023-07-10T01:37:38.561+0000] {dagbag.py:541} INFO - Filling up the DagBag from /home/airflow/.local/lib/python3.7/site-packages/airflow/example_dags/example_complex.py
[2023-07-10T01:37:38.570+0000] {processor.py:836} INFO - DAG(s) dict_keys(['example_complex']) retrieved from /home/airflow/.local/lib/python3.7/site-packages/airflow/example_dags/example_complex.py
[2023-07-10T01:37:38.600+0000] {logging_mixin.py:149} INFO - [2023-07-10T01:37:38.600+0000] {dag.py:2726} INFO - Sync 1 DAGs
[2023-07-10T01:37:38.621+0000] {logging_mixin.py:149} INFO - [2023-07-10T01:37:38.621+0000] {dag.py:3490} INFO - Setting next_dagrun for example_complex to None, run_after=None
[2023-07-10T01:37:38.641+0000] {processor.py:179} INFO - Processing /home/airflow/.local/lib/python3.7/site-packages/airflow/example_dags/example_complex.py took 0.085 seconds
[2023-07-10T01:38:08.773+0000] {processor.py:157} INFO - Started process (PID=1911) to work on /home/airflow/.local/lib/python3.7/site-packages/airflow/example_dags/example_complex.py
[2023-07-10T01:38:08.774+0000] {processor.py:826} INFO - Processing file /home/airflow/.local/lib/python3.7/site-packages/airflow/example_dags/example_complex.py for tasks to queue
[2023-07-10T01:38:08.775+0000] {logging_mixin.py:149} INFO - [2023-07-10T01:38:08.775+0000] {dagbag.py:541} INFO - Filling up the DagBag from /home/airflow/.local/lib/python3.7/site-packages/airflow/example_dags/example_complex.py
[2023-07-10T01:38:08.785+0000] {processor.py:836} INFO - DAG(s) dict_keys(['example_complex']) retrieved from /home/airflow/.local/lib/python3.7/site-packages/airflow/example_dags/example_complex.py
[2023-07-10T01:38:08.814+0000] {logging_mixin.py:149} INFO - [2023-07-10T01:38:08.813+0000] {dag.py:2726} INFO - Sync 1 DAGs
[2023-07-10T01:38:08.835+0000] {logging_mixin.py:149} INFO - [2023-07-10T01:38:08.835+0000] {dag.py:3490} INFO - Setting next_dagrun for example_complex to None, run_after=None
[2023-07-10T01:38:08.854+0000] {processor.py:179} INFO - Processing /home/airflow/.local/lib/python3.7/site-packages/airflow/example_dags/example_complex.py took 0.083 seconds
[2023-07-10T01:38:39.060+0000] {processor.py:157} INFO - Started process (PID=2160) to work on /home/airflow/.local/lib/python3.7/site-packages/airflow/example_dags/example_complex.py
[2023-07-10T01:38:39.061+0000] {processor.py:826} INFO - Processing file /home/airflow/.local/lib/python3.7/site-packages/airflow/example_dags/example_complex.py for tasks to queue
[2023-07-10T01:38:39.062+0000] {logging_mixin.py:149} INFO - [2023-07-10T01:38:39.062+0000] {dagbag.py:541} INFO - Filling up the DagBag from /home/airflow/.local/lib/python3.7/site-packages/airflow/example_dags/example_complex.py
[2023-07-10T01:38:39.072+0000] {processor.py:836} INFO - DAG(s) dict_keys(['example_complex']) retrieved from /home/airflow/.local/lib/python3.7/site-packages/airflow/example_dags/example_complex.py
[2023-07-10T01:38:39.083+0000] {logging_mixin.py:149} INFO - [2023-07-10T01:38:39.083+0000] {dag.py:2726} INFO - Sync 1 DAGs
[2023-07-10T01:38:39.104+0000] {logging_mixin.py:149} INFO - [2023-07-10T01:38:39.104+0000] {dag.py:3490} INFO - Setting next_dagrun for example_complex to None, run_after=None
[2023-07-10T01:38:39.122+0000] {processor.py:179} INFO - Processing /home/airflow/.local/lib/python3.7/site-packages/airflow/example_dags/example_complex.py took 0.066 seconds
[2023-07-10T01:39:09.392+0000] {processor.py:157} INFO - Started process (PID=2409) to work on /home/airflow/.local/lib/python3.7/site-packages/airflow/example_dags/example_complex.py
[2023-07-10T01:39:09.392+0000] {processor.py:826} INFO - Processing file /home/airflow/.local/lib/python3.7/site-packages/airflow/example_dags/example_complex.py for tasks to queue
[2023-07-10T01:39:09.393+0000] {logging_mixin.py:149} INFO - [2023-07-10T01:39:09.393+0000] {dagbag.py:541} INFO - Filling up the DagBag from /home/airflow/.local/lib/python3.7/site-packages/airflow/example_dags/example_complex.py
[2023-07-10T01:39:09.403+0000] {processor.py:836} INFO - DAG(s) dict_keys(['example_complex']) retrieved from /home/airflow/.local/lib/python3.7/site-packages/airflow/example_dags/example_complex.py
[2023-07-10T01:39:09.431+0000] {logging_mixin.py:149} INFO - [2023-07-10T01:39:09.431+0000] {dag.py:2726} INFO - Sync 1 DAGs
[2023-07-10T01:39:09.451+0000] {logging_mixin.py:149} INFO - [2023-07-10T01:39:09.451+0000] {dag.py:3490} INFO - Setting next_dagrun for example_complex to None, run_after=None
[2023-07-10T01:39:09.468+0000] {processor.py:179} INFO - Processing /home/airflow/.local/lib/python3.7/site-packages/airflow/example_dags/example_complex.py took 0.079 seconds
[2023-07-10T01:39:39.590+0000] {processor.py:157} INFO - Started process (PID=2658) to work on /home/airflow/.local/lib/python3.7/site-packages/airflow/example_dags/example_complex.py
[2023-07-10T01:39:39.591+0000] {processor.py:826} INFO - Processing file /home/airflow/.local/lib/python3.7/site-packages/airflow/example_dags/example_complex.py for tasks to queue
[2023-07-10T01:39:39.592+0000] {logging_mixin.py:149} INFO - [2023-07-10T01:39:39.592+0000] {dagbag.py:541} INFO - Filling up the DagBag from /home/airflow/.local/lib/python3.7/site-packages/airflow/example_dags/example_complex.py
[2023-07-10T01:39:39.602+0000] {processor.py:836} INFO - DAG(s) dict_keys(['example_complex']) retrieved from /home/airflow/.local/lib/python3.7/site-packages/airflow/example_dags/example_complex.py
[2023-07-10T01:39:39.630+0000] {logging_mixin.py:149} INFO - [2023-07-10T01:39:39.629+0000] {dag.py:2726} INFO - Sync 1 DAGs
[2023-07-10T01:39:39.649+0000] {logging_mixin.py:149} INFO - [2023-07-10T01:39:39.649+0000] {dag.py:3490} INFO - Setting next_dagrun for example_complex to None, run_after=None
[2023-07-10T01:39:39.667+0000] {processor.py:179} INFO - Processing /home/airflow/.local/lib/python3.7/site-packages/airflow/example_dags/example_complex.py took 0.079 seconds
[2023-07-10T01:40:09.748+0000] {processor.py:157} INFO - Started process (PID=2907) to work on /home/airflow/.local/lib/python3.7/site-packages/airflow/example_dags/example_complex.py
[2023-07-10T01:40:09.749+0000] {processor.py:826} INFO - Processing file /home/airflow/.local/lib/python3.7/site-packages/airflow/example_dags/example_complex.py for tasks to queue
[2023-07-10T01:40:09.750+0000] {logging_mixin.py:149} INFO - [2023-07-10T01:40:09.750+0000] {dagbag.py:541} INFO - Filling up the DagBag from /home/airflow/.local/lib/python3.7/site-packages/airflow/example_dags/example_complex.py
[2023-07-10T01:40:09.760+0000] {processor.py:836} INFO - DAG(s) dict_keys(['example_complex']) retrieved from /home/airflow/.local/lib/python3.7/site-packages/airflow/example_dags/example_complex.py
[2023-07-10T01:40:09.787+0000] {logging_mixin.py:149} INFO - [2023-07-10T01:40:09.787+0000] {dag.py:2726} INFO - Sync 1 DAGs
[2023-07-10T01:40:09.808+0000] {logging_mixin.py:149} INFO - [2023-07-10T01:40:09.808+0000] {dag.py:3490} INFO - Setting next_dagrun for example_complex to None, run_after=None
[2023-07-10T01:40:09.825+0000] {processor.py:179} INFO - Processing /home/airflow/.local/lib/python3.7/site-packages/airflow/example_dags/example_complex.py took 0.080 seconds
[2023-07-10T01:40:40.305+0000] {processor.py:157} INFO - Started process (PID=3156) to work on /home/airflow/.local/lib/python3.7/site-packages/airflow/example_dags/example_complex.py
[2023-07-10T01:40:40.306+0000] {processor.py:826} INFO - Processing file /home/airflow/.local/lib/python3.7/site-packages/airflow/example_dags/example_complex.py for tasks to queue
[2023-07-10T01:40:40.307+0000] {logging_mixin.py:149} INFO - [2023-07-10T01:40:40.307+0000] {dagbag.py:541} INFO - Filling up the DagBag from /home/airflow/.local/lib/python3.7/site-packages/airflow/example_dags/example_complex.py
[2023-07-10T01:40:40.317+0000] {processor.py:836} INFO - DAG(s) dict_keys(['example_complex']) retrieved from /home/airflow/.local/lib/python3.7/site-packages/airflow/example_dags/example_complex.py
[2023-07-10T01:40:40.348+0000] {logging_mixin.py:149} INFO - [2023-07-10T01:40:40.348+0000] {dag.py:2726} INFO - Sync 1 DAGs
[2023-07-10T01:40:40.370+0000] {logging_mixin.py:149} INFO - [2023-07-10T01:40:40.370+0000] {dag.py:3490} INFO - Setting next_dagrun for example_complex to None, run_after=None
[2023-07-10T01:40:40.401+0000] {processor.py:179} INFO - Processing /home/airflow/.local/lib/python3.7/site-packages/airflow/example_dags/example_complex.py took 0.099 seconds
[2023-07-10T01:41:10.889+0000] {processor.py:157} INFO - Started process (PID=3405) to work on /home/airflow/.local/lib/python3.7/site-packages/airflow/example_dags/example_complex.py
[2023-07-10T01:41:10.890+0000] {processor.py:826} INFO - Processing file /home/airflow/.local/lib/python3.7/site-packages/airflow/example_dags/example_complex.py for tasks to queue
[2023-07-10T01:41:10.891+0000] {logging_mixin.py:149} INFO - [2023-07-10T01:41:10.891+0000] {dagbag.py:541} INFO - Filling up the DagBag from /home/airflow/.local/lib/python3.7/site-packages/airflow/example_dags/example_complex.py
[2023-07-10T01:41:10.901+0000] {processor.py:836} INFO - DAG(s) dict_keys(['example_complex']) retrieved from /home/airflow/.local/lib/python3.7/site-packages/airflow/example_dags/example_complex.py
[2023-07-10T01:41:10.932+0000] {logging_mixin.py:149} INFO - [2023-07-10T01:41:10.932+0000] {dag.py:2726} INFO - Sync 1 DAGs
[2023-07-10T01:41:10.953+0000] {logging_mixin.py:149} INFO - [2023-07-10T01:41:10.953+0000] {dag.py:3490} INFO - Setting next_dagrun for example_complex to None, run_after=None
[2023-07-10T01:41:10.971+0000] {processor.py:179} INFO - Processing /home/airflow/.local/lib/python3.7/site-packages/airflow/example_dags/example_complex.py took 0.085 seconds
[2023-07-10T01:41:41.640+0000] {processor.py:157} INFO - Started process (PID=3654) to work on /home/airflow/.local/lib/python3.7/site-packages/airflow/example_dags/example_complex.py
[2023-07-10T01:41:41.641+0000] {processor.py:826} INFO - Processing file /home/airflow/.local/lib/python3.7/site-packages/airflow/example_dags/example_complex.py for tasks to queue
[2023-07-10T01:41:41.642+0000] {logging_mixin.py:149} INFO - [2023-07-10T01:41:41.642+0000] {dagbag.py:541} INFO - Filling up the DagBag from /home/airflow/.local/lib/python3.7/site-packages/airflow/example_dags/example_complex.py
[2023-07-10T01:41:41.653+0000] {processor.py:836} INFO - DAG(s) dict_keys(['example_complex']) retrieved from /home/airflow/.local/lib/python3.7/site-packages/airflow/example_dags/example_complex.py
[2023-07-10T01:41:41.684+0000] {logging_mixin.py:149} INFO - [2023-07-10T01:41:41.684+0000] {dag.py:2726} INFO - Sync 1 DAGs
[2023-07-10T01:41:41.706+0000] {logging_mixin.py:149} INFO - [2023-07-10T01:41:41.706+0000] {dag.py:3490} INFO - Setting next_dagrun for example_complex to None, run_after=None
[2023-07-10T01:41:41.724+0000] {processor.py:179} INFO - Processing /home/airflow/.local/lib/python3.7/site-packages/airflow/example_dags/example_complex.py took 0.087 seconds
[2023-07-10T01:42:12.363+0000] {processor.py:157} INFO - Started process (PID=3903) to work on /home/airflow/.local/lib/python3.7/site-packages/airflow/example_dags/example_complex.py
[2023-07-10T01:42:12.364+0000] {processor.py:826} INFO - Processing file /home/airflow/.local/lib/python3.7/site-packages/airflow/example_dags/example_complex.py for tasks to queue
[2023-07-10T01:42:12.365+0000] {logging_mixin.py:149} INFO - [2023-07-10T01:42:12.364+0000] {dagbag.py:541} INFO - Filling up the DagBag from /home/airflow/.local/lib/python3.7/site-packages/airflow/example_dags/example_complex.py
[2023-07-10T01:42:12.374+0000] {processor.py:836} INFO - DAG(s) dict_keys(['example_complex']) retrieved from /home/airflow/.local/lib/python3.7/site-packages/airflow/example_dags/example_complex.py
[2023-07-10T01:42:12.403+0000] {logging_mixin.py:149} INFO - [2023-07-10T01:42:12.403+0000] {dag.py:2726} INFO - Sync 1 DAGs
[2023-07-10T01:42:12.423+0000] {logging_mixin.py:149} INFO - [2023-07-10T01:42:12.423+0000] {dag.py:3490} INFO - Setting next_dagrun for example_complex to None, run_after=None
[2023-07-10T01:42:12.442+0000] {processor.py:179} INFO - Processing /home/airflow/.local/lib/python3.7/site-packages/airflow/example_dags/example_complex.py took 0.082 seconds
[2023-07-10T01:42:42.873+0000] {processor.py:157} INFO - Started process (PID=4152) to work on /home/airflow/.local/lib/python3.7/site-packages/airflow/example_dags/example_complex.py
[2023-07-10T01:42:42.874+0000] {processor.py:826} INFO - Processing file /home/airflow/.local/lib/python3.7/site-packages/airflow/example_dags/example_complex.py for tasks to queue
[2023-07-10T01:42:42.875+0000] {logging_mixin.py:149} INFO - [2023-07-10T01:42:42.875+0000] {dagbag.py:541} INFO - Filling up the DagBag from /home/airflow/.local/lib/python3.7/site-packages/airflow/example_dags/example_complex.py
[2023-07-10T01:42:42.884+0000] {processor.py:836} INFO - DAG(s) dict_keys(['example_complex']) retrieved from /home/airflow/.local/lib/python3.7/site-packages/airflow/example_dags/example_complex.py
[2023-07-10T01:42:42.912+0000] {logging_mixin.py:149} INFO - [2023-07-10T01:42:42.912+0000] {dag.py:2726} INFO - Sync 1 DAGs
[2023-07-10T01:42:42.933+0000] {logging_mixin.py:149} INFO - [2023-07-10T01:42:42.933+0000] {dag.py:3490} INFO - Setting next_dagrun for example_complex to None, run_after=None
[2023-07-10T01:42:42.952+0000] {processor.py:179} INFO - Processing /home/airflow/.local/lib/python3.7/site-packages/airflow/example_dags/example_complex.py took 0.082 seconds
[2023-07-10T01:43:13.539+0000] {processor.py:157} INFO - Started process (PID=4401) to work on /home/airflow/.local/lib/python3.7/site-packages/airflow/example_dags/example_complex.py
[2023-07-10T01:43:13.540+0000] {processor.py:826} INFO - Processing file /home/airflow/.local/lib/python3.7/site-packages/airflow/example_dags/example_complex.py for tasks to queue
[2023-07-10T01:43:13.541+0000] {logging_mixin.py:149} INFO - [2023-07-10T01:43:13.541+0000] {dagbag.py:541} INFO - Filling up the DagBag from /home/airflow/.local/lib/python3.7/site-packages/airflow/example_dags/example_complex.py
[2023-07-10T01:43:13.551+0000] {processor.py:836} INFO - DAG(s) dict_keys(['example_complex']) retrieved from /home/airflow/.local/lib/python3.7/site-packages/airflow/example_dags/example_complex.py
[2023-07-10T01:43:13.580+0000] {logging_mixin.py:149} INFO - [2023-07-10T01:43:13.580+0000] {dag.py:2726} INFO - Sync 1 DAGs
[2023-07-10T01:43:13.602+0000] {logging_mixin.py:149} INFO - [2023-07-10T01:43:13.602+0000] {dag.py:3490} INFO - Setting next_dagrun for example_complex to None, run_after=None
[2023-07-10T01:43:13.620+0000] {processor.py:179} INFO - Processing /home/airflow/.local/lib/python3.7/site-packages/airflow/example_dags/example_complex.py took 0.084 seconds
[2023-07-10T01:43:43.995+0000] {processor.py:157} INFO - Started process (PID=4651) to work on /home/airflow/.local/lib/python3.7/site-packages/airflow/example_dags/example_complex.py
[2023-07-10T01:43:43.996+0000] {processor.py:826} INFO - Processing file /home/airflow/.local/lib/python3.7/site-packages/airflow/example_dags/example_complex.py for tasks to queue
[2023-07-10T01:43:43.997+0000] {logging_mixin.py:149} INFO - [2023-07-10T01:43:43.997+0000] {dagbag.py:541} INFO - Filling up the DagBag from /home/airflow/.local/lib/python3.7/site-packages/airflow/example_dags/example_complex.py
[2023-07-10T01:43:44.007+0000] {processor.py:836} INFO - DAG(s) dict_keys(['example_complex']) retrieved from /home/airflow/.local/lib/python3.7/site-packages/airflow/example_dags/example_complex.py
[2023-07-10T01:43:44.036+0000] {logging_mixin.py:149} INFO - [2023-07-10T01:43:44.035+0000] {dag.py:2726} INFO - Sync 1 DAGs
[2023-07-10T01:43:44.057+0000] {logging_mixin.py:149} INFO - [2023-07-10T01:43:44.057+0000] {dag.py:3490} INFO - Setting next_dagrun for example_complex to None, run_after=None
[2023-07-10T01:43:44.076+0000] {processor.py:179} INFO - Processing /home/airflow/.local/lib/python3.7/site-packages/airflow/example_dags/example_complex.py took 0.083 seconds
[2023-07-10T01:44:14.553+0000] {processor.py:157} INFO - Started process (PID=4900) to work on /home/airflow/.local/lib/python3.7/site-packages/airflow/example_dags/example_complex.py
[2023-07-10T01:44:14.554+0000] {processor.py:826} INFO - Processing file /home/airflow/.local/lib/python3.7/site-packages/airflow/example_dags/example_complex.py for tasks to queue
[2023-07-10T01:44:14.554+0000] {logging_mixin.py:149} INFO - [2023-07-10T01:44:14.554+0000] {dagbag.py:541} INFO - Filling up the DagBag from /home/airflow/.local/lib/python3.7/site-packages/airflow/example_dags/example_complex.py
[2023-07-10T01:44:14.565+0000] {processor.py:836} INFO - DAG(s) dict_keys(['example_complex']) retrieved from /home/airflow/.local/lib/python3.7/site-packages/airflow/example_dags/example_complex.py
[2023-07-10T01:44:14.596+0000] {logging_mixin.py:149} INFO - [2023-07-10T01:44:14.596+0000] {dag.py:2726} INFO - Sync 1 DAGs
[2023-07-10T01:44:14.616+0000] {logging_mixin.py:149} INFO - [2023-07-10T01:44:14.615+0000] {dag.py:3490} INFO - Setting next_dagrun for example_complex to None, run_after=None
[2023-07-10T01:44:14.632+0000] {processor.py:179} INFO - Processing /home/airflow/.local/lib/python3.7/site-packages/airflow/example_dags/example_complex.py took 0.082 seconds
[2023-07-10T01:44:45.373+0000] {processor.py:157} INFO - Started process (PID=5149) to work on /home/airflow/.local/lib/python3.7/site-packages/airflow/example_dags/example_complex.py
[2023-07-10T01:44:45.374+0000] {processor.py:826} INFO - Processing file /home/airflow/.local/lib/python3.7/site-packages/airflow/example_dags/example_complex.py for tasks to queue
[2023-07-10T01:44:45.375+0000] {logging_mixin.py:149} INFO - [2023-07-10T01:44:45.375+0000] {dagbag.py:541} INFO - Filling up the DagBag from /home/airflow/.local/lib/python3.7/site-packages/airflow/example_dags/example_complex.py
[2023-07-10T01:44:45.387+0000] {processor.py:836} INFO - DAG(s) dict_keys(['example_complex']) retrieved from /home/airflow/.local/lib/python3.7/site-packages/airflow/example_dags/example_complex.py
[2023-07-10T01:44:45.416+0000] {logging_mixin.py:149} INFO - [2023-07-10T01:44:45.416+0000] {dag.py:2726} INFO - Sync 1 DAGs
[2023-07-10T01:44:45.436+0000] {logging_mixin.py:149} INFO - [2023-07-10T01:44:45.436+0000] {dag.py:3490} INFO - Setting next_dagrun for example_complex to None, run_after=None
[2023-07-10T01:44:45.454+0000] {processor.py:179} INFO - Processing /home/airflow/.local/lib/python3.7/site-packages/airflow/example_dags/example_complex.py took 0.083 seconds
[2023-07-10T01:45:15.855+0000] {processor.py:157} INFO - Started process (PID=5398) to work on /home/airflow/.local/lib/python3.7/site-packages/airflow/example_dags/example_complex.py
[2023-07-10T01:45:15.856+0000] {processor.py:826} INFO - Processing file /home/airflow/.local/lib/python3.7/site-packages/airflow/example_dags/example_complex.py for tasks to queue
[2023-07-10T01:45:15.857+0000] {logging_mixin.py:149} INFO - [2023-07-10T01:45:15.856+0000] {dagbag.py:541} INFO - Filling up the DagBag from /home/airflow/.local/lib/python3.7/site-packages/airflow/example_dags/example_complex.py
[2023-07-10T01:45:15.866+0000] {processor.py:836} INFO - DAG(s) dict_keys(['example_complex']) retrieved from /home/airflow/.local/lib/python3.7/site-packages/airflow/example_dags/example_complex.py
[2023-07-10T01:45:15.896+0000] {logging_mixin.py:149} INFO - [2023-07-10T01:45:15.896+0000] {dag.py:2726} INFO - Sync 1 DAGs
[2023-07-10T01:45:15.918+0000] {logging_mixin.py:149} INFO - [2023-07-10T01:45:15.918+0000] {dag.py:3490} INFO - Setting next_dagrun for example_complex to None, run_after=None
[2023-07-10T01:45:15.947+0000] {processor.py:179} INFO - Processing /home/airflow/.local/lib/python3.7/site-packages/airflow/example_dags/example_complex.py took 0.094 seconds
[2023-07-10T01:45:46.468+0000] {processor.py:157} INFO - Started process (PID=5647) to work on /home/airflow/.local/lib/python3.7/site-packages/airflow/example_dags/example_complex.py
[2023-07-10T01:45:46.469+0000] {processor.py:826} INFO - Processing file /home/airflow/.local/lib/python3.7/site-packages/airflow/example_dags/example_complex.py for tasks to queue
[2023-07-10T01:45:46.469+0000] {logging_mixin.py:149} INFO - [2023-07-10T01:45:46.469+0000] {dagbag.py:541} INFO - Filling up the DagBag from /home/airflow/.local/lib/python3.7/site-packages/airflow/example_dags/example_complex.py
[2023-07-10T01:45:46.479+0000] {processor.py:836} INFO - DAG(s) dict_keys(['example_complex']) retrieved from /home/airflow/.local/lib/python3.7/site-packages/airflow/example_dags/example_complex.py
[2023-07-10T01:45:46.508+0000] {logging_mixin.py:149} INFO - [2023-07-10T01:45:46.508+0000] {dag.py:2726} INFO - Sync 1 DAGs
[2023-07-10T01:45:46.528+0000] {logging_mixin.py:149} INFO - [2023-07-10T01:45:46.528+0000] {dag.py:3490} INFO - Setting next_dagrun for example_complex to None, run_after=None
[2023-07-10T01:45:46.558+0000] {processor.py:179} INFO - Processing /home/airflow/.local/lib/python3.7/site-packages/airflow/example_dags/example_complex.py took 0.093 seconds
[2023-07-10T01:46:17.100+0000] {processor.py:157} INFO - Started process (PID=5896) to work on /home/airflow/.local/lib/python3.7/site-packages/airflow/example_dags/example_complex.py
[2023-07-10T01:46:17.101+0000] {processor.py:826} INFO - Processing file /home/airflow/.local/lib/python3.7/site-packages/airflow/example_dags/example_complex.py for tasks to queue
[2023-07-10T01:46:17.101+0000] {logging_mixin.py:149} INFO - [2023-07-10T01:46:17.101+0000] {dagbag.py:541} INFO - Filling up the DagBag from /home/airflow/.local/lib/python3.7/site-packages/airflow/example_dags/example_complex.py
[2023-07-10T01:46:17.111+0000] {processor.py:836} INFO - DAG(s) dict_keys(['example_complex']) retrieved from /home/airflow/.local/lib/python3.7/site-packages/airflow/example_dags/example_complex.py
[2023-07-10T01:46:17.140+0000] {logging_mixin.py:149} INFO - [2023-07-10T01:46:17.140+0000] {dag.py:2726} INFO - Sync 1 DAGs
[2023-07-10T01:46:17.162+0000] {logging_mixin.py:149} INFO - [2023-07-10T01:46:17.161+0000] {dag.py:3490} INFO - Setting next_dagrun for example_complex to None, run_after=None
[2023-07-10T01:46:17.179+0000] {processor.py:179} INFO - Processing /home/airflow/.local/lib/python3.7/site-packages/airflow/example_dags/example_complex.py took 0.082 seconds
[2023-07-10T01:46:47.909+0000] {processor.py:157} INFO - Started process (PID=6145) to work on /home/airflow/.local/lib/python3.7/site-packages/airflow/example_dags/example_complex.py
[2023-07-10T01:46:47.910+0000] {processor.py:826} INFO - Processing file /home/airflow/.local/lib/python3.7/site-packages/airflow/example_dags/example_complex.py for tasks to queue
[2023-07-10T01:46:47.910+0000] {logging_mixin.py:149} INFO - [2023-07-10T01:46:47.910+0000] {dagbag.py:541} INFO - Filling up the DagBag from /home/airflow/.local/lib/python3.7/site-packages/airflow/example_dags/example_complex.py
[2023-07-10T01:46:47.920+0000] {processor.py:836} INFO - DAG(s) dict_keys(['example_complex']) retrieved from /home/airflow/.local/lib/python3.7/site-packages/airflow/example_dags/example_complex.py
[2023-07-10T01:46:47.949+0000] {logging_mixin.py:149} INFO - [2023-07-10T01:46:47.949+0000] {dag.py:2726} INFO - Sync 1 DAGs
[2023-07-10T01:46:47.969+0000] {logging_mixin.py:149} INFO - [2023-07-10T01:46:47.969+0000] {dag.py:3490} INFO - Setting next_dagrun for example_complex to None, run_after=None
[2023-07-10T01:46:47.987+0000] {processor.py:179} INFO - Processing /home/airflow/.local/lib/python3.7/site-packages/airflow/example_dags/example_complex.py took 0.081 seconds
[2023-07-10T01:47:18.468+0000] {processor.py:157} INFO - Started process (PID=6394) to work on /home/airflow/.local/lib/python3.7/site-packages/airflow/example_dags/example_complex.py
[2023-07-10T01:47:18.469+0000] {processor.py:826} INFO - Processing file /home/airflow/.local/lib/python3.7/site-packages/airflow/example_dags/example_complex.py for tasks to queue
[2023-07-10T01:47:18.470+0000] {logging_mixin.py:149} INFO - [2023-07-10T01:47:18.470+0000] {dagbag.py:541} INFO - Filling up the DagBag from /home/airflow/.local/lib/python3.7/site-packages/airflow/example_dags/example_complex.py
[2023-07-10T01:47:18.480+0000] {processor.py:836} INFO - DAG(s) dict_keys(['example_complex']) retrieved from /home/airflow/.local/lib/python3.7/site-packages/airflow/example_dags/example_complex.py
[2023-07-10T01:47:18.508+0000] {logging_mixin.py:149} INFO - [2023-07-10T01:47:18.508+0000] {dag.py:2726} INFO - Sync 1 DAGs
[2023-07-10T01:47:18.527+0000] {logging_mixin.py:149} INFO - [2023-07-10T01:47:18.526+0000] {dag.py:3490} INFO - Setting next_dagrun for example_complex to None, run_after=None
[2023-07-10T01:47:18.545+0000] {processor.py:179} INFO - Processing /home/airflow/.local/lib/python3.7/site-packages/airflow/example_dags/example_complex.py took 0.079 seconds
[2023-07-10T01:47:49.064+0000] {processor.py:157} INFO - Started process (PID=6643) to work on /home/airflow/.local/lib/python3.7/site-packages/airflow/example_dags/example_complex.py
[2023-07-10T01:47:49.064+0000] {processor.py:826} INFO - Processing file /home/airflow/.local/lib/python3.7/site-packages/airflow/example_dags/example_complex.py for tasks to queue
[2023-07-10T01:47:49.065+0000] {logging_mixin.py:149} INFO - [2023-07-10T01:47:49.065+0000] {dagbag.py:541} INFO - Filling up the DagBag from /home/airflow/.local/lib/python3.7/site-packages/airflow/example_dags/example_complex.py
[2023-07-10T01:47:49.075+0000] {processor.py:836} INFO - DAG(s) dict_keys(['example_complex']) retrieved from /home/airflow/.local/lib/python3.7/site-packages/airflow/example_dags/example_complex.py
[2023-07-10T01:47:49.102+0000] {logging_mixin.py:149} INFO - [2023-07-10T01:47:49.102+0000] {dag.py:2726} INFO - Sync 1 DAGs
[2023-07-10T01:47:49.122+0000] {logging_mixin.py:149} INFO - [2023-07-10T01:47:49.122+0000] {dag.py:3490} INFO - Setting next_dagrun for example_complex to None, run_after=None
[2023-07-10T01:47:49.158+0000] {processor.py:179} INFO - Processing /home/airflow/.local/lib/python3.7/site-packages/airflow/example_dags/example_complex.py took 0.097 seconds
[2023-07-10T01:48:19.545+0000] {processor.py:157} INFO - Started process (PID=6892) to work on /home/airflow/.local/lib/python3.7/site-packages/airflow/example_dags/example_complex.py
[2023-07-10T01:48:19.546+0000] {processor.py:826} INFO - Processing file /home/airflow/.local/lib/python3.7/site-packages/airflow/example_dags/example_complex.py for tasks to queue
[2023-07-10T01:48:19.547+0000] {logging_mixin.py:149} INFO - [2023-07-10T01:48:19.547+0000] {dagbag.py:541} INFO - Filling up the DagBag from /home/airflow/.local/lib/python3.7/site-packages/airflow/example_dags/example_complex.py
[2023-07-10T01:48:19.556+0000] {processor.py:836} INFO - DAG(s) dict_keys(['example_complex']) retrieved from /home/airflow/.local/lib/python3.7/site-packages/airflow/example_dags/example_complex.py
[2023-07-10T01:48:19.584+0000] {logging_mixin.py:149} INFO - [2023-07-10T01:48:19.584+0000] {dag.py:2726} INFO - Sync 1 DAGs
[2023-07-10T01:48:19.604+0000] {logging_mixin.py:149} INFO - [2023-07-10T01:48:19.603+0000] {dag.py:3490} INFO - Setting next_dagrun for example_complex to None, run_after=None
[2023-07-10T01:48:19.622+0000] {processor.py:179} INFO - Processing /home/airflow/.local/lib/python3.7/site-packages/airflow/example_dags/example_complex.py took 0.080 seconds
[2023-07-10T01:48:50.084+0000] {processor.py:157} INFO - Started process (PID=7141) to work on /home/airflow/.local/lib/python3.7/site-packages/airflow/example_dags/example_complex.py
[2023-07-10T01:48:50.085+0000] {processor.py:826} INFO - Processing file /home/airflow/.local/lib/python3.7/site-packages/airflow/example_dags/example_complex.py for tasks to queue
[2023-07-10T01:48:50.086+0000] {logging_mixin.py:149} INFO - [2023-07-10T01:48:50.085+0000] {dagbag.py:541} INFO - Filling up the DagBag from /home/airflow/.local/lib/python3.7/site-packages/airflow/example_dags/example_complex.py
[2023-07-10T01:48:50.095+0000] {processor.py:836} INFO - DAG(s) dict_keys(['example_complex']) retrieved from /home/airflow/.local/lib/python3.7/site-packages/airflow/example_dags/example_complex.py
[2023-07-10T01:48:50.125+0000] {logging_mixin.py:149} INFO - [2023-07-10T01:48:50.125+0000] {dag.py:2726} INFO - Sync 1 DAGs
[2023-07-10T01:48:50.146+0000] {logging_mixin.py:149} INFO - [2023-07-10T01:48:50.146+0000] {dag.py:3490} INFO - Setting next_dagrun for example_complex to None, run_after=None
[2023-07-10T01:48:50.175+0000] {processor.py:179} INFO - Processing /home/airflow/.local/lib/python3.7/site-packages/airflow/example_dags/example_complex.py took 0.094 seconds
[2023-07-10T01:49:20.707+0000] {processor.py:157} INFO - Started process (PID=7390) to work on /home/airflow/.local/lib/python3.7/site-packages/airflow/example_dags/example_complex.py
[2023-07-10T01:49:20.708+0000] {processor.py:826} INFO - Processing file /home/airflow/.local/lib/python3.7/site-packages/airflow/example_dags/example_complex.py for tasks to queue
[2023-07-10T01:49:20.708+0000] {logging_mixin.py:149} INFO - [2023-07-10T01:49:20.708+0000] {dagbag.py:541} INFO - Filling up the DagBag from /home/airflow/.local/lib/python3.7/site-packages/airflow/example_dags/example_complex.py
[2023-07-10T01:49:20.718+0000] {processor.py:836} INFO - DAG(s) dict_keys(['example_complex']) retrieved from /home/airflow/.local/lib/python3.7/site-packages/airflow/example_dags/example_complex.py
[2023-07-10T01:49:20.747+0000] {logging_mixin.py:149} INFO - [2023-07-10T01:49:20.747+0000] {dag.py:2726} INFO - Sync 1 DAGs
[2023-07-10T01:49:20.768+0000] {logging_mixin.py:149} INFO - [2023-07-10T01:49:20.768+0000] {dag.py:3490} INFO - Setting next_dagrun for example_complex to None, run_after=None
[2023-07-10T01:49:20.796+0000] {processor.py:179} INFO - Processing /home/airflow/.local/lib/python3.7/site-packages/airflow/example_dags/example_complex.py took 0.092 seconds
[2023-07-10T01:49:51.209+0000] {processor.py:157} INFO - Started process (PID=7644) to work on /home/airflow/.local/lib/python3.7/site-packages/airflow/example_dags/example_complex.py
[2023-07-10T01:49:51.210+0000] {processor.py:826} INFO - Processing file /home/airflow/.local/lib/python3.7/site-packages/airflow/example_dags/example_complex.py for tasks to queue
[2023-07-10T01:49:51.211+0000] {logging_mixin.py:149} INFO - [2023-07-10T01:49:51.210+0000] {dagbag.py:541} INFO - Filling up the DagBag from /home/airflow/.local/lib/python3.7/site-packages/airflow/example_dags/example_complex.py
[2023-07-10T01:49:51.220+0000] {processor.py:836} INFO - DAG(s) dict_keys(['example_complex']) retrieved from /home/airflow/.local/lib/python3.7/site-packages/airflow/example_dags/example_complex.py
[2023-07-10T01:49:51.248+0000] {logging_mixin.py:149} INFO - [2023-07-10T01:49:51.248+0000] {dag.py:2726} INFO - Sync 1 DAGs
[2023-07-10T01:49:51.268+0000] {logging_mixin.py:149} INFO - [2023-07-10T01:49:51.267+0000] {dag.py:3490} INFO - Setting next_dagrun for example_complex to None, run_after=None
[2023-07-10T01:49:51.287+0000] {processor.py:179} INFO - Processing /home/airflow/.local/lib/python3.7/site-packages/airflow/example_dags/example_complex.py took 0.081 seconds
[2023-07-10T01:50:21.865+0000] {processor.py:157} INFO - Started process (PID=7898) to work on /home/airflow/.local/lib/python3.7/site-packages/airflow/example_dags/example_complex.py
[2023-07-10T01:50:21.866+0000] {processor.py:826} INFO - Processing file /home/airflow/.local/lib/python3.7/site-packages/airflow/example_dags/example_complex.py for tasks to queue
[2023-07-10T01:50:21.867+0000] {logging_mixin.py:149} INFO - [2023-07-10T01:50:21.866+0000] {dagbag.py:541} INFO - Filling up the DagBag from /home/airflow/.local/lib/python3.7/site-packages/airflow/example_dags/example_complex.py
[2023-07-10T01:50:21.876+0000] {processor.py:836} INFO - DAG(s) dict_keys(['example_complex']) retrieved from /home/airflow/.local/lib/python3.7/site-packages/airflow/example_dags/example_complex.py
[2023-07-10T01:50:21.905+0000] {logging_mixin.py:149} INFO - [2023-07-10T01:50:21.904+0000] {dag.py:2726} INFO - Sync 1 DAGs
[2023-07-10T01:50:21.926+0000] {logging_mixin.py:149} INFO - [2023-07-10T01:50:21.926+0000] {dag.py:3490} INFO - Setting next_dagrun for example_complex to None, run_after=None
[2023-07-10T01:50:21.959+0000] {processor.py:179} INFO - Processing /home/airflow/.local/lib/python3.7/site-packages/airflow/example_dags/example_complex.py took 0.098 seconds
[2023-07-10T01:50:52.457+0000] {processor.py:157} INFO - Started process (PID=8152) to work on /home/airflow/.local/lib/python3.7/site-packages/airflow/example_dags/example_complex.py
[2023-07-10T01:50:52.457+0000] {processor.py:826} INFO - Processing file /home/airflow/.local/lib/python3.7/site-packages/airflow/example_dags/example_complex.py for tasks to queue
[2023-07-10T01:50:52.458+0000] {logging_mixin.py:149} INFO - [2023-07-10T01:50:52.458+0000] {dagbag.py:541} INFO - Filling up the DagBag from /home/airflow/.local/lib/python3.7/site-packages/airflow/example_dags/example_complex.py
[2023-07-10T01:50:52.468+0000] {processor.py:836} INFO - DAG(s) dict_keys(['example_complex']) retrieved from /home/airflow/.local/lib/python3.7/site-packages/airflow/example_dags/example_complex.py
[2023-07-10T01:50:52.496+0000] {logging_mixin.py:149} INFO - [2023-07-10T01:50:52.496+0000] {dag.py:2726} INFO - Sync 1 DAGs
[2023-07-10T01:50:52.517+0000] {logging_mixin.py:149} INFO - [2023-07-10T01:50:52.516+0000] {dag.py:3490} INFO - Setting next_dagrun for example_complex to None, run_after=None
[2023-07-10T01:50:52.535+0000] {processor.py:179} INFO - Processing /home/airflow/.local/lib/python3.7/site-packages/airflow/example_dags/example_complex.py took 0.082 seconds
[2023-07-10T01:51:23.092+0000] {processor.py:157} INFO - Started process (PID=8406) to work on /home/airflow/.local/lib/python3.7/site-packages/airflow/example_dags/example_complex.py
[2023-07-10T01:51:23.093+0000] {processor.py:826} INFO - Processing file /home/airflow/.local/lib/python3.7/site-packages/airflow/example_dags/example_complex.py for tasks to queue
[2023-07-10T01:51:23.094+0000] {logging_mixin.py:149} INFO - [2023-07-10T01:51:23.094+0000] {dagbag.py:541} INFO - Filling up the DagBag from /home/airflow/.local/lib/python3.7/site-packages/airflow/example_dags/example_complex.py
[2023-07-10T01:51:23.104+0000] {processor.py:836} INFO - DAG(s) dict_keys(['example_complex']) retrieved from /home/airflow/.local/lib/python3.7/site-packages/airflow/example_dags/example_complex.py
[2023-07-10T01:51:23.131+0000] {logging_mixin.py:149} INFO - [2023-07-10T01:51:23.131+0000] {dag.py:2726} INFO - Sync 1 DAGs
[2023-07-10T01:51:23.153+0000] {logging_mixin.py:149} INFO - [2023-07-10T01:51:23.153+0000] {dag.py:3490} INFO - Setting next_dagrun for example_complex to None, run_after=None
[2023-07-10T01:51:23.169+0000] {processor.py:179} INFO - Processing /home/airflow/.local/lib/python3.7/site-packages/airflow/example_dags/example_complex.py took 0.079 seconds
[2023-07-10T01:51:53.813+0000] {processor.py:157} INFO - Started process (PID=8660) to work on /home/airflow/.local/lib/python3.7/site-packages/airflow/example_dags/example_complex.py
[2023-07-10T01:51:53.814+0000] {processor.py:826} INFO - Processing file /home/airflow/.local/lib/python3.7/site-packages/airflow/example_dags/example_complex.py for tasks to queue
[2023-07-10T01:51:53.814+0000] {logging_mixin.py:149} INFO - [2023-07-10T01:51:53.814+0000] {dagbag.py:541} INFO - Filling up the DagBag from /home/airflow/.local/lib/python3.7/site-packages/airflow/example_dags/example_complex.py
[2023-07-10T01:51:53.824+0000] {processor.py:836} INFO - DAG(s) dict_keys(['example_complex']) retrieved from /home/airflow/.local/lib/python3.7/site-packages/airflow/example_dags/example_complex.py
[2023-07-10T01:51:53.854+0000] {logging_mixin.py:149} INFO - [2023-07-10T01:51:53.854+0000] {dag.py:2726} INFO - Sync 1 DAGs
[2023-07-10T01:51:53.876+0000] {logging_mixin.py:149} INFO - [2023-07-10T01:51:53.876+0000] {dag.py:3490} INFO - Setting next_dagrun for example_complex to None, run_after=None
[2023-07-10T01:51:53.895+0000] {processor.py:179} INFO - Processing /home/airflow/.local/lib/python3.7/site-packages/airflow/example_dags/example_complex.py took 0.085 seconds
[2023-07-10T01:52:24.452+0000] {processor.py:157} INFO - Started process (PID=8914) to work on /home/airflow/.local/lib/python3.7/site-packages/airflow/example_dags/example_complex.py
[2023-07-10T01:52:24.453+0000] {processor.py:826} INFO - Processing file /home/airflow/.local/lib/python3.7/site-packages/airflow/example_dags/example_complex.py for tasks to queue
[2023-07-10T01:52:24.453+0000] {logging_mixin.py:149} INFO - [2023-07-10T01:52:24.453+0000] {dagbag.py:541} INFO - Filling up the DagBag from /home/airflow/.local/lib/python3.7/site-packages/airflow/example_dags/example_complex.py
[2023-07-10T01:52:24.464+0000] {processor.py:836} INFO - DAG(s) dict_keys(['example_complex']) retrieved from /home/airflow/.local/lib/python3.7/site-packages/airflow/example_dags/example_complex.py
[2023-07-10T01:52:24.494+0000] {logging_mixin.py:149} INFO - [2023-07-10T01:52:24.494+0000] {dag.py:2726} INFO - Sync 1 DAGs
[2023-07-10T01:52:24.518+0000] {logging_mixin.py:149} INFO - [2023-07-10T01:52:24.518+0000] {dag.py:3490} INFO - Setting next_dagrun for example_complex to None, run_after=None
[2023-07-10T01:52:24.536+0000] {processor.py:179} INFO - Processing /home/airflow/.local/lib/python3.7/site-packages/airflow/example_dags/example_complex.py took 0.087 seconds
[2023-07-10T01:52:54.660+0000] {processor.py:157} INFO - Started process (PID=9170) to work on /home/airflow/.local/lib/python3.7/site-packages/airflow/example_dags/example_complex.py
[2023-07-10T01:52:54.661+0000] {processor.py:826} INFO - Processing file /home/airflow/.local/lib/python3.7/site-packages/airflow/example_dags/example_complex.py for tasks to queue
[2023-07-10T01:52:54.662+0000] {logging_mixin.py:149} INFO - [2023-07-10T01:52:54.662+0000] {dagbag.py:541} INFO - Filling up the DagBag from /home/airflow/.local/lib/python3.7/site-packages/airflow/example_dags/example_complex.py
[2023-07-10T01:52:54.672+0000] {processor.py:836} INFO - DAG(s) dict_keys(['example_complex']) retrieved from /home/airflow/.local/lib/python3.7/site-packages/airflow/example_dags/example_complex.py
[2023-07-10T01:52:54.700+0000] {logging_mixin.py:149} INFO - [2023-07-10T01:52:54.700+0000] {dag.py:2726} INFO - Sync 1 DAGs
[2023-07-10T01:52:54.722+0000] {logging_mixin.py:149} INFO - [2023-07-10T01:52:54.722+0000] {dag.py:3490} INFO - Setting next_dagrun for example_complex to None, run_after=None
[2023-07-10T01:52:54.738+0000] {processor.py:179} INFO - Processing /home/airflow/.local/lib/python3.7/site-packages/airflow/example_dags/example_complex.py took 0.082 seconds
[2023-07-10T01:53:24.916+0000] {processor.py:157} INFO - Started process (PID=9422) to work on /home/airflow/.local/lib/python3.7/site-packages/airflow/example_dags/example_complex.py
[2023-07-10T01:53:24.917+0000] {processor.py:826} INFO - Processing file /home/airflow/.local/lib/python3.7/site-packages/airflow/example_dags/example_complex.py for tasks to queue
[2023-07-10T01:53:24.918+0000] {logging_mixin.py:149} INFO - [2023-07-10T01:53:24.918+0000] {dagbag.py:541} INFO - Filling up the DagBag from /home/airflow/.local/lib/python3.7/site-packages/airflow/example_dags/example_complex.py
[2023-07-10T01:53:24.929+0000] {processor.py:836} INFO - DAG(s) dict_keys(['example_complex']) retrieved from /home/airflow/.local/lib/python3.7/site-packages/airflow/example_dags/example_complex.py
[2023-07-10T01:53:24.957+0000] {logging_mixin.py:149} INFO - [2023-07-10T01:53:24.957+0000] {dag.py:2726} INFO - Sync 1 DAGs
[2023-07-10T01:53:24.977+0000] {logging_mixin.py:149} INFO - [2023-07-10T01:53:24.977+0000] {dag.py:3490} INFO - Setting next_dagrun for example_complex to None, run_after=None
[2023-07-10T01:53:24.996+0000] {processor.py:179} INFO - Processing /home/airflow/.local/lib/python3.7/site-packages/airflow/example_dags/example_complex.py took 0.083 seconds
[2023-07-10T01:53:55.153+0000] {processor.py:157} INFO - Started process (PID=9677) to work on /home/airflow/.local/lib/python3.7/site-packages/airflow/example_dags/example_complex.py
[2023-07-10T01:53:55.154+0000] {processor.py:826} INFO - Processing file /home/airflow/.local/lib/python3.7/site-packages/airflow/example_dags/example_complex.py for tasks to queue
[2023-07-10T01:53:55.155+0000] {logging_mixin.py:149} INFO - [2023-07-10T01:53:55.155+0000] {dagbag.py:541} INFO - Filling up the DagBag from /home/airflow/.local/lib/python3.7/site-packages/airflow/example_dags/example_complex.py
[2023-07-10T01:53:55.165+0000] {processor.py:836} INFO - DAG(s) dict_keys(['example_complex']) retrieved from /home/airflow/.local/lib/python3.7/site-packages/airflow/example_dags/example_complex.py
[2023-07-10T01:53:55.195+0000] {logging_mixin.py:149} INFO - [2023-07-10T01:53:55.195+0000] {dag.py:2726} INFO - Sync 1 DAGs
[2023-07-10T01:53:55.216+0000] {logging_mixin.py:149} INFO - [2023-07-10T01:53:55.216+0000] {dag.py:3490} INFO - Setting next_dagrun for example_complex to None, run_after=None
[2023-07-10T01:53:55.234+0000] {processor.py:179} INFO - Processing /home/airflow/.local/lib/python3.7/site-packages/airflow/example_dags/example_complex.py took 0.084 seconds
[2023-07-10T01:54:25.287+0000] {processor.py:157} INFO - Started process (PID=9931) to work on /home/airflow/.local/lib/python3.7/site-packages/airflow/example_dags/example_complex.py
[2023-07-10T01:54:25.288+0000] {processor.py:826} INFO - Processing file /home/airflow/.local/lib/python3.7/site-packages/airflow/example_dags/example_complex.py for tasks to queue
[2023-07-10T01:54:25.289+0000] {logging_mixin.py:149} INFO - [2023-07-10T01:54:25.289+0000] {dagbag.py:541} INFO - Filling up the DagBag from /home/airflow/.local/lib/python3.7/site-packages/airflow/example_dags/example_complex.py
[2023-07-10T01:54:25.299+0000] {processor.py:836} INFO - DAG(s) dict_keys(['example_complex']) retrieved from /home/airflow/.local/lib/python3.7/site-packages/airflow/example_dags/example_complex.py
[2023-07-10T01:54:25.329+0000] {logging_mixin.py:149} INFO - [2023-07-10T01:54:25.328+0000] {dag.py:2726} INFO - Sync 1 DAGs
[2023-07-10T01:54:25.352+0000] {logging_mixin.py:149} INFO - [2023-07-10T01:54:25.351+0000] {dag.py:3490} INFO - Setting next_dagrun for example_complex to None, run_after=None
[2023-07-10T01:54:25.370+0000] {processor.py:179} INFO - Processing /home/airflow/.local/lib/python3.7/site-packages/airflow/example_dags/example_complex.py took 0.085 seconds
[2023-07-10T01:54:55.452+0000] {processor.py:157} INFO - Started process (PID=10185) to work on /home/airflow/.local/lib/python3.7/site-packages/airflow/example_dags/example_complex.py
[2023-07-10T01:54:55.453+0000] {processor.py:826} INFO - Processing file /home/airflow/.local/lib/python3.7/site-packages/airflow/example_dags/example_complex.py for tasks to queue
[2023-07-10T01:54:55.454+0000] {logging_mixin.py:149} INFO - [2023-07-10T01:54:55.454+0000] {dagbag.py:541} INFO - Filling up the DagBag from /home/airflow/.local/lib/python3.7/site-packages/airflow/example_dags/example_complex.py
[2023-07-10T01:54:55.464+0000] {processor.py:836} INFO - DAG(s) dict_keys(['example_complex']) retrieved from /home/airflow/.local/lib/python3.7/site-packages/airflow/example_dags/example_complex.py
[2023-07-10T01:54:55.493+0000] {logging_mixin.py:149} INFO - [2023-07-10T01:54:55.493+0000] {dag.py:2726} INFO - Sync 1 DAGs
[2023-07-10T01:54:55.515+0000] {logging_mixin.py:149} INFO - [2023-07-10T01:54:55.515+0000] {dag.py:3490} INFO - Setting next_dagrun for example_complex to None, run_after=None
[2023-07-10T01:54:55.531+0000] {processor.py:179} INFO - Processing /home/airflow/.local/lib/python3.7/site-packages/airflow/example_dags/example_complex.py took 0.081 seconds
[2023-07-10T01:55:25.741+0000] {processor.py:157} INFO - Started process (PID=10439) to work on /home/airflow/.local/lib/python3.7/site-packages/airflow/example_dags/example_complex.py
[2023-07-10T01:55:25.742+0000] {processor.py:826} INFO - Processing file /home/airflow/.local/lib/python3.7/site-packages/airflow/example_dags/example_complex.py for tasks to queue
[2023-07-10T01:55:25.743+0000] {logging_mixin.py:149} INFO - [2023-07-10T01:55:25.742+0000] {dagbag.py:541} INFO - Filling up the DagBag from /home/airflow/.local/lib/python3.7/site-packages/airflow/example_dags/example_complex.py
[2023-07-10T01:55:25.755+0000] {processor.py:836} INFO - DAG(s) dict_keys(['example_complex']) retrieved from /home/airflow/.local/lib/python3.7/site-packages/airflow/example_dags/example_complex.py
[2023-07-10T01:55:25.785+0000] {logging_mixin.py:149} INFO - [2023-07-10T01:55:25.785+0000] {dag.py:2726} INFO - Sync 1 DAGs
[2023-07-10T01:55:25.807+0000] {logging_mixin.py:149} INFO - [2023-07-10T01:55:25.807+0000] {dag.py:3490} INFO - Setting next_dagrun for example_complex to None, run_after=None
[2023-07-10T01:55:25.826+0000] {processor.py:179} INFO - Processing /home/airflow/.local/lib/python3.7/site-packages/airflow/example_dags/example_complex.py took 0.088 seconds
[2023-07-10T01:55:56.436+0000] {processor.py:157} INFO - Started process (PID=10693) to work on /home/airflow/.local/lib/python3.7/site-packages/airflow/example_dags/example_complex.py
[2023-07-10T01:55:56.437+0000] {processor.py:826} INFO - Processing file /home/airflow/.local/lib/python3.7/site-packages/airflow/example_dags/example_complex.py for tasks to queue
[2023-07-10T01:55:56.438+0000] {logging_mixin.py:149} INFO - [2023-07-10T01:55:56.438+0000] {dagbag.py:541} INFO - Filling up the DagBag from /home/airflow/.local/lib/python3.7/site-packages/airflow/example_dags/example_complex.py
[2023-07-10T01:55:56.448+0000] {processor.py:836} INFO - DAG(s) dict_keys(['example_complex']) retrieved from /home/airflow/.local/lib/python3.7/site-packages/airflow/example_dags/example_complex.py
[2023-07-10T01:55:56.480+0000] {logging_mixin.py:149} INFO - [2023-07-10T01:55:56.480+0000] {dag.py:2726} INFO - Sync 1 DAGs
[2023-07-10T01:55:56.500+0000] {logging_mixin.py:149} INFO - [2023-07-10T01:55:56.500+0000] {dag.py:3490} INFO - Setting next_dagrun for example_complex to None, run_after=None
[2023-07-10T01:55:56.534+0000] {processor.py:179} INFO - Processing /home/airflow/.local/lib/python3.7/site-packages/airflow/example_dags/example_complex.py took 0.101 seconds
[2023-07-10T01:56:27.044+0000] {processor.py:157} INFO - Started process (PID=10952) to work on /home/airflow/.local/lib/python3.7/site-packages/airflow/example_dags/example_complex.py
[2023-07-10T01:56:27.045+0000] {processor.py:826} INFO - Processing file /home/airflow/.local/lib/python3.7/site-packages/airflow/example_dags/example_complex.py for tasks to queue
[2023-07-10T01:56:27.046+0000] {logging_mixin.py:149} INFO - [2023-07-10T01:56:27.046+0000] {dagbag.py:541} INFO - Filling up the DagBag from /home/airflow/.local/lib/python3.7/site-packages/airflow/example_dags/example_complex.py
[2023-07-10T01:56:27.056+0000] {processor.py:836} INFO - DAG(s) dict_keys(['example_complex']) retrieved from /home/airflow/.local/lib/python3.7/site-packages/airflow/example_dags/example_complex.py
[2023-07-10T01:56:27.084+0000] {logging_mixin.py:149} INFO - [2023-07-10T01:56:27.084+0000] {dag.py:2726} INFO - Sync 1 DAGs
[2023-07-10T01:56:27.105+0000] {logging_mixin.py:149} INFO - [2023-07-10T01:56:27.104+0000] {dag.py:3490} INFO - Setting next_dagrun for example_complex to None, run_after=None
[2023-07-10T01:56:27.122+0000] {processor.py:179} INFO - Processing /home/airflow/.local/lib/python3.7/site-packages/airflow/example_dags/example_complex.py took 0.081 seconds
[2023-07-10T01:56:57.705+0000] {processor.py:157} INFO - Started process (PID=11206) to work on /home/airflow/.local/lib/python3.7/site-packages/airflow/example_dags/example_complex.py
[2023-07-10T01:56:57.706+0000] {processor.py:826} INFO - Processing file /home/airflow/.local/lib/python3.7/site-packages/airflow/example_dags/example_complex.py for tasks to queue
[2023-07-10T01:56:57.707+0000] {logging_mixin.py:149} INFO - [2023-07-10T01:56:57.706+0000] {dagbag.py:541} INFO - Filling up the DagBag from /home/airflow/.local/lib/python3.7/site-packages/airflow/example_dags/example_complex.py
[2023-07-10T01:56:57.716+0000] {processor.py:836} INFO - DAG(s) dict_keys(['example_complex']) retrieved from /home/airflow/.local/lib/python3.7/site-packages/airflow/example_dags/example_complex.py
[2023-07-10T01:56:57.746+0000] {logging_mixin.py:149} INFO - [2023-07-10T01:56:57.746+0000] {dag.py:2726} INFO - Sync 1 DAGs
[2023-07-10T01:56:57.766+0000] {logging_mixin.py:149} INFO - [2023-07-10T01:56:57.766+0000] {dag.py:3490} INFO - Setting next_dagrun for example_complex to None, run_after=None
[2023-07-10T01:56:57.801+0000] {processor.py:179} INFO - Processing /home/airflow/.local/lib/python3.7/site-packages/airflow/example_dags/example_complex.py took 0.099 seconds
[2023-07-10T01:57:27.903+0000] {processor.py:157} INFO - Started process (PID=11460) to work on /home/airflow/.local/lib/python3.7/site-packages/airflow/example_dags/example_complex.py
[2023-07-10T01:57:27.904+0000] {processor.py:826} INFO - Processing file /home/airflow/.local/lib/python3.7/site-packages/airflow/example_dags/example_complex.py for tasks to queue
[2023-07-10T01:57:27.906+0000] {logging_mixin.py:149} INFO - [2023-07-10T01:57:27.905+0000] {dagbag.py:541} INFO - Filling up the DagBag from /home/airflow/.local/lib/python3.7/site-packages/airflow/example_dags/example_complex.py
[2023-07-10T01:57:27.916+0000] {processor.py:836} INFO - DAG(s) dict_keys(['example_complex']) retrieved from /home/airflow/.local/lib/python3.7/site-packages/airflow/example_dags/example_complex.py
[2023-07-10T01:57:27.945+0000] {logging_mixin.py:149} INFO - [2023-07-10T01:57:27.945+0000] {dag.py:2726} INFO - Sync 1 DAGs
[2023-07-10T01:57:27.965+0000] {logging_mixin.py:149} INFO - [2023-07-10T01:57:27.965+0000] {dag.py:3490} INFO - Setting next_dagrun for example_complex to None, run_after=None
[2023-07-10T01:57:27.983+0000] {processor.py:179} INFO - Processing /home/airflow/.local/lib/python3.7/site-packages/airflow/example_dags/example_complex.py took 0.082 seconds
[2023-07-10T01:57:58.116+0000] {processor.py:157} INFO - Started process (PID=11714) to work on /home/airflow/.local/lib/python3.7/site-packages/airflow/example_dags/example_complex.py
[2023-07-10T01:57:58.117+0000] {processor.py:826} INFO - Processing file /home/airflow/.local/lib/python3.7/site-packages/airflow/example_dags/example_complex.py for tasks to queue
[2023-07-10T01:57:58.118+0000] {logging_mixin.py:149} INFO - [2023-07-10T01:57:58.118+0000] {dagbag.py:541} INFO - Filling up the DagBag from /home/airflow/.local/lib/python3.7/site-packages/airflow/example_dags/example_complex.py
[2023-07-10T01:57:58.129+0000] {processor.py:836} INFO - DAG(s) dict_keys(['example_complex']) retrieved from /home/airflow/.local/lib/python3.7/site-packages/airflow/example_dags/example_complex.py
[2023-07-10T01:57:58.161+0000] {logging_mixin.py:149} INFO - [2023-07-10T01:57:58.161+0000] {dag.py:2726} INFO - Sync 1 DAGs
[2023-07-10T01:57:58.191+0000] {logging_mixin.py:149} INFO - [2023-07-10T01:57:58.191+0000] {dag.py:3490} INFO - Setting next_dagrun for example_complex to None, run_after=None
[2023-07-10T01:57:58.209+0000] {processor.py:179} INFO - Processing /home/airflow/.local/lib/python3.7/site-packages/airflow/example_dags/example_complex.py took 0.096 seconds
[2023-07-10T01:58:28.785+0000] {processor.py:157} INFO - Started process (PID=11968) to work on /home/airflow/.local/lib/python3.7/site-packages/airflow/example_dags/example_complex.py
[2023-07-10T01:58:28.786+0000] {processor.py:826} INFO - Processing file /home/airflow/.local/lib/python3.7/site-packages/airflow/example_dags/example_complex.py for tasks to queue
[2023-07-10T01:58:28.787+0000] {logging_mixin.py:149} INFO - [2023-07-10T01:58:28.787+0000] {dagbag.py:541} INFO - Filling up the DagBag from /home/airflow/.local/lib/python3.7/site-packages/airflow/example_dags/example_complex.py
[2023-07-10T01:58:28.797+0000] {processor.py:836} INFO - DAG(s) dict_keys(['example_complex']) retrieved from /home/airflow/.local/lib/python3.7/site-packages/airflow/example_dags/example_complex.py
[2023-07-10T01:58:28.827+0000] {logging_mixin.py:149} INFO - [2023-07-10T01:58:28.827+0000] {dag.py:2726} INFO - Sync 1 DAGs
[2023-07-10T01:58:28.848+0000] {logging_mixin.py:149} INFO - [2023-07-10T01:58:28.848+0000] {dag.py:3490} INFO - Setting next_dagrun for example_complex to None, run_after=None
[2023-07-10T01:58:28.867+0000] {processor.py:179} INFO - Processing /home/airflow/.local/lib/python3.7/site-packages/airflow/example_dags/example_complex.py took 0.084 seconds
[2023-07-10T01:58:59.575+0000] {processor.py:157} INFO - Started process (PID=12222) to work on /home/airflow/.local/lib/python3.7/site-packages/airflow/example_dags/example_complex.py
[2023-07-10T01:58:59.576+0000] {processor.py:826} INFO - Processing file /home/airflow/.local/lib/python3.7/site-packages/airflow/example_dags/example_complex.py for tasks to queue
[2023-07-10T01:58:59.576+0000] {logging_mixin.py:149} INFO - [2023-07-10T01:58:59.576+0000] {dagbag.py:541} INFO - Filling up the DagBag from /home/airflow/.local/lib/python3.7/site-packages/airflow/example_dags/example_complex.py
[2023-07-10T01:58:59.586+0000] {processor.py:836} INFO - DAG(s) dict_keys(['example_complex']) retrieved from /home/airflow/.local/lib/python3.7/site-packages/airflow/example_dags/example_complex.py
[2023-07-10T01:58:59.614+0000] {logging_mixin.py:149} INFO - [2023-07-10T01:58:59.614+0000] {dag.py:2726} INFO - Sync 1 DAGs
[2023-07-10T01:58:59.634+0000] {logging_mixin.py:149} INFO - [2023-07-10T01:58:59.634+0000] {dag.py:3490} INFO - Setting next_dagrun for example_complex to None, run_after=None
[2023-07-10T01:58:59.653+0000] {processor.py:179} INFO - Processing /home/airflow/.local/lib/python3.7/site-packages/airflow/example_dags/example_complex.py took 0.081 seconds
