[2023-07-10T01:34:38.883+0000] {processor.py:157} INFO - Started process (PID=322) to work on /home/airflow/.local/lib/python3.7/site-packages/airflow/example_dags/example_dynamic_task_mapping_with_no_taskflow_operators.py
[2023-07-10T01:34:38.884+0000] {processor.py:826} INFO - Processing file /home/airflow/.local/lib/python3.7/site-packages/airflow/example_dags/example_dynamic_task_mapping_with_no_taskflow_operators.py for tasks to queue
[2023-07-10T01:34:38.885+0000] {logging_mixin.py:149} INFO - [2023-07-10T01:34:38.885+0000] {dagbag.py:541} INFO - Filling up the DagBag from /home/airflow/.local/lib/python3.7/site-packages/airflow/example_dags/example_dynamic_task_mapping_with_no_taskflow_operators.py
[2023-07-10T01:34:38.893+0000] {processor.py:836} INFO - DAG(s) dict_keys(['example_dynamic_task_mapping_with_no_taskflow_operators']) retrieved from /home/airflow/.local/lib/python3.7/site-packages/airflow/example_dags/example_dynamic_task_mapping_with_no_taskflow_operators.py
[2023-07-10T01:34:38.913+0000] {logging_mixin.py:149} INFO - [2023-07-10T01:34:38.912+0000] {dag.py:2726} INFO - Sync 1 DAGs
[2023-07-10T01:34:38.933+0000] {logging_mixin.py:149} INFO - [2023-07-10T01:34:38.933+0000] {dag.py:3490} INFO - Setting next_dagrun for example_dynamic_task_mapping_with_no_taskflow_operators to 2023-07-09T01:34:38.933551+00:00, run_after=2023-07-10T01:34:38.933551+00:00
[2023-07-10T01:34:38.949+0000] {processor.py:179} INFO - Processing /home/airflow/.local/lib/python3.7/site-packages/airflow/example_dags/example_dynamic_task_mapping_with_no_taskflow_operators.py took 0.069 seconds
[2023-07-10T01:35:09.688+0000] {processor.py:157} INFO - Started process (PID=572) to work on /home/airflow/.local/lib/python3.7/site-packages/airflow/example_dags/example_dynamic_task_mapping_with_no_taskflow_operators.py
[2023-07-10T01:35:09.689+0000] {processor.py:826} INFO - Processing file /home/airflow/.local/lib/python3.7/site-packages/airflow/example_dags/example_dynamic_task_mapping_with_no_taskflow_operators.py for tasks to queue
[2023-07-10T01:35:09.690+0000] {logging_mixin.py:149} INFO - [2023-07-10T01:35:09.689+0000] {dagbag.py:541} INFO - Filling up the DagBag from /home/airflow/.local/lib/python3.7/site-packages/airflow/example_dags/example_dynamic_task_mapping_with_no_taskflow_operators.py
[2023-07-10T01:35:09.695+0000] {processor.py:836} INFO - DAG(s) dict_keys(['example_dynamic_task_mapping_with_no_taskflow_operators']) retrieved from /home/airflow/.local/lib/python3.7/site-packages/airflow/example_dags/example_dynamic_task_mapping_with_no_taskflow_operators.py
[2023-07-10T01:35:09.715+0000] {logging_mixin.py:149} INFO - [2023-07-10T01:35:09.715+0000] {dag.py:2726} INFO - Sync 1 DAGs
[2023-07-10T01:35:09.738+0000] {logging_mixin.py:149} INFO - [2023-07-10T01:35:09.738+0000] {dag.py:3490} INFO - Setting next_dagrun for example_dynamic_task_mapping_with_no_taskflow_operators to 2023-07-09T01:35:09.738085+00:00, run_after=2023-07-10T01:35:09.738085+00:00
[2023-07-10T01:35:09.754+0000] {processor.py:179} INFO - Processing /home/airflow/.local/lib/python3.7/site-packages/airflow/example_dags/example_dynamic_task_mapping_with_no_taskflow_operators.py took 0.069 seconds
[2023-07-10T01:35:41.198+0000] {processor.py:157} INFO - Started process (PID=821) to work on /home/airflow/.local/lib/python3.7/site-packages/airflow/example_dags/example_dynamic_task_mapping_with_no_taskflow_operators.py
[2023-07-10T01:35:41.199+0000] {processor.py:826} INFO - Processing file /home/airflow/.local/lib/python3.7/site-packages/airflow/example_dags/example_dynamic_task_mapping_with_no_taskflow_operators.py for tasks to queue
[2023-07-10T01:35:41.200+0000] {logging_mixin.py:149} INFO - [2023-07-10T01:35:41.200+0000] {dagbag.py:541} INFO - Filling up the DagBag from /home/airflow/.local/lib/python3.7/site-packages/airflow/example_dags/example_dynamic_task_mapping_with_no_taskflow_operators.py
[2023-07-10T01:35:41.205+0000] {processor.py:836} INFO - DAG(s) dict_keys(['example_dynamic_task_mapping_with_no_taskflow_operators']) retrieved from /home/airflow/.local/lib/python3.7/site-packages/airflow/example_dags/example_dynamic_task_mapping_with_no_taskflow_operators.py
[2023-07-10T01:35:41.225+0000] {logging_mixin.py:149} INFO - [2023-07-10T01:35:41.224+0000] {dag.py:2726} INFO - Sync 1 DAGs
[2023-07-10T01:35:41.318+0000] {logging_mixin.py:149} INFO - [2023-07-10T01:35:41.247+0000] {dag.py:3490} INFO - Setting next_dagrun for example_dynamic_task_mapping_with_no_taskflow_operators to 2023-07-09T01:35:41.247582+00:00, run_after=2023-07-10T01:35:41.247582+00:00
[2023-07-10T01:35:41.333+0000] {processor.py:179} INFO - Processing /home/airflow/.local/lib/python3.7/site-packages/airflow/example_dags/example_dynamic_task_mapping_with_no_taskflow_operators.py took 0.138 seconds
[2023-07-10T01:36:12.809+0000] {processor.py:157} INFO - Started process (PID=1072) to work on /home/airflow/.local/lib/python3.7/site-packages/airflow/example_dags/example_dynamic_task_mapping_with_no_taskflow_operators.py
[2023-07-10T01:36:12.810+0000] {processor.py:826} INFO - Processing file /home/airflow/.local/lib/python3.7/site-packages/airflow/example_dags/example_dynamic_task_mapping_with_no_taskflow_operators.py for tasks to queue
[2023-07-10T01:36:12.811+0000] {logging_mixin.py:149} INFO - [2023-07-10T01:36:12.811+0000] {dagbag.py:541} INFO - Filling up the DagBag from /home/airflow/.local/lib/python3.7/site-packages/airflow/example_dags/example_dynamic_task_mapping_with_no_taskflow_operators.py
[2023-07-10T01:36:12.886+0000] {processor.py:836} INFO - DAG(s) dict_keys(['example_dynamic_task_mapping_with_no_taskflow_operators']) retrieved from /home/airflow/.local/lib/python3.7/site-packages/airflow/example_dags/example_dynamic_task_mapping_with_no_taskflow_operators.py
[2023-07-10T01:36:12.901+0000] {logging_mixin.py:149} INFO - [2023-07-10T01:36:12.901+0000] {dag.py:2726} INFO - Sync 1 DAGs
[2023-07-10T01:36:12.922+0000] {logging_mixin.py:149} INFO - [2023-07-10T01:36:12.922+0000] {dag.py:3490} INFO - Setting next_dagrun for example_dynamic_task_mapping_with_no_taskflow_operators to 2023-07-09T01:36:12.922585+00:00, run_after=2023-07-10T01:36:12.922585+00:00
[2023-07-10T01:36:12.938+0000] {processor.py:179} INFO - Processing /home/airflow/.local/lib/python3.7/site-packages/airflow/example_dags/example_dynamic_task_mapping_with_no_taskflow_operators.py took 0.132 seconds
[2023-07-10T01:36:43.171+0000] {processor.py:157} INFO - Started process (PID=1321) to work on /home/airflow/.local/lib/python3.7/site-packages/airflow/example_dags/example_dynamic_task_mapping_with_no_taskflow_operators.py
[2023-07-10T01:36:43.172+0000] {processor.py:826} INFO - Processing file /home/airflow/.local/lib/python3.7/site-packages/airflow/example_dags/example_dynamic_task_mapping_with_no_taskflow_operators.py for tasks to queue
[2023-07-10T01:36:43.173+0000] {logging_mixin.py:149} INFO - [2023-07-10T01:36:43.172+0000] {dagbag.py:541} INFO - Filling up the DagBag from /home/airflow/.local/lib/python3.7/site-packages/airflow/example_dags/example_dynamic_task_mapping_with_no_taskflow_operators.py
[2023-07-10T01:36:43.178+0000] {processor.py:836} INFO - DAG(s) dict_keys(['example_dynamic_task_mapping_with_no_taskflow_operators']) retrieved from /home/airflow/.local/lib/python3.7/site-packages/airflow/example_dags/example_dynamic_task_mapping_with_no_taskflow_operators.py
[2023-07-10T01:36:43.197+0000] {logging_mixin.py:149} INFO - [2023-07-10T01:36:43.197+0000] {dag.py:2726} INFO - Sync 1 DAGs
[2023-07-10T01:36:43.219+0000] {logging_mixin.py:149} INFO - [2023-07-10T01:36:43.219+0000] {dag.py:3490} INFO - Setting next_dagrun for example_dynamic_task_mapping_with_no_taskflow_operators to 2023-07-09T01:36:43.219232+00:00, run_after=2023-07-10T01:36:43.219232+00:00
[2023-07-10T01:36:43.235+0000] {processor.py:179} INFO - Processing /home/airflow/.local/lib/python3.7/site-packages/airflow/example_dags/example_dynamic_task_mapping_with_no_taskflow_operators.py took 0.068 seconds
[2023-07-10T01:37:13.287+0000] {processor.py:157} INFO - Started process (PID=1570) to work on /home/airflow/.local/lib/python3.7/site-packages/airflow/example_dags/example_dynamic_task_mapping_with_no_taskflow_operators.py
[2023-07-10T01:37:13.288+0000] {processor.py:826} INFO - Processing file /home/airflow/.local/lib/python3.7/site-packages/airflow/example_dags/example_dynamic_task_mapping_with_no_taskflow_operators.py for tasks to queue
[2023-07-10T01:37:13.290+0000] {logging_mixin.py:149} INFO - [2023-07-10T01:37:13.289+0000] {dagbag.py:541} INFO - Filling up the DagBag from /home/airflow/.local/lib/python3.7/site-packages/airflow/example_dags/example_dynamic_task_mapping_with_no_taskflow_operators.py
[2023-07-10T01:37:13.299+0000] {processor.py:836} INFO - DAG(s) dict_keys(['example_dynamic_task_mapping_with_no_taskflow_operators']) retrieved from /home/airflow/.local/lib/python3.7/site-packages/airflow/example_dags/example_dynamic_task_mapping_with_no_taskflow_operators.py
[2023-07-10T01:37:13.324+0000] {logging_mixin.py:149} INFO - [2023-07-10T01:37:13.324+0000] {dag.py:2726} INFO - Sync 1 DAGs
[2023-07-10T01:37:13.353+0000] {logging_mixin.py:149} INFO - [2023-07-10T01:37:13.353+0000] {dag.py:3490} INFO - Setting next_dagrun for example_dynamic_task_mapping_with_no_taskflow_operators to 2023-07-09T01:37:13.353278+00:00, run_after=2023-07-10T01:37:13.353278+00:00
[2023-07-10T01:37:13.372+0000] {processor.py:179} INFO - Processing /home/airflow/.local/lib/python3.7/site-packages/airflow/example_dags/example_dynamic_task_mapping_with_no_taskflow_operators.py took 0.088 seconds
[2023-07-10T01:37:43.576+0000] {processor.py:157} INFO - Started process (PID=1817) to work on /home/airflow/.local/lib/python3.7/site-packages/airflow/example_dags/example_dynamic_task_mapping_with_no_taskflow_operators.py
[2023-07-10T01:37:43.577+0000] {processor.py:826} INFO - Processing file /home/airflow/.local/lib/python3.7/site-packages/airflow/example_dags/example_dynamic_task_mapping_with_no_taskflow_operators.py for tasks to queue
[2023-07-10T01:37:43.578+0000] {logging_mixin.py:149} INFO - [2023-07-10T01:37:43.577+0000] {dagbag.py:541} INFO - Filling up the DagBag from /home/airflow/.local/lib/python3.7/site-packages/airflow/example_dags/example_dynamic_task_mapping_with_no_taskflow_operators.py
[2023-07-10T01:37:43.584+0000] {processor.py:836} INFO - DAG(s) dict_keys(['example_dynamic_task_mapping_with_no_taskflow_operators']) retrieved from /home/airflow/.local/lib/python3.7/site-packages/airflow/example_dags/example_dynamic_task_mapping_with_no_taskflow_operators.py
[2023-07-10T01:37:43.604+0000] {logging_mixin.py:149} INFO - [2023-07-10T01:37:43.604+0000] {dag.py:2726} INFO - Sync 1 DAGs
[2023-07-10T01:37:43.627+0000] {logging_mixin.py:149} INFO - [2023-07-10T01:37:43.626+0000] {dag.py:3490} INFO - Setting next_dagrun for example_dynamic_task_mapping_with_no_taskflow_operators to 2023-07-09T01:37:43.626686+00:00, run_after=2023-07-10T01:37:43.626686+00:00
[2023-07-10T01:37:43.644+0000] {processor.py:179} INFO - Processing /home/airflow/.local/lib/python3.7/site-packages/airflow/example_dags/example_dynamic_task_mapping_with_no_taskflow_operators.py took 0.071 seconds
[2023-07-10T01:38:13.918+0000] {processor.py:157} INFO - Started process (PID=2066) to work on /home/airflow/.local/lib/python3.7/site-packages/airflow/example_dags/example_dynamic_task_mapping_with_no_taskflow_operators.py
[2023-07-10T01:38:13.919+0000] {processor.py:826} INFO - Processing file /home/airflow/.local/lib/python3.7/site-packages/airflow/example_dags/example_dynamic_task_mapping_with_no_taskflow_operators.py for tasks to queue
[2023-07-10T01:38:13.920+0000] {logging_mixin.py:149} INFO - [2023-07-10T01:38:13.920+0000] {dagbag.py:541} INFO - Filling up the DagBag from /home/airflow/.local/lib/python3.7/site-packages/airflow/example_dags/example_dynamic_task_mapping_with_no_taskflow_operators.py
[2023-07-10T01:38:13.926+0000] {processor.py:836} INFO - DAG(s) dict_keys(['example_dynamic_task_mapping_with_no_taskflow_operators']) retrieved from /home/airflow/.local/lib/python3.7/site-packages/airflow/example_dags/example_dynamic_task_mapping_with_no_taskflow_operators.py
[2023-07-10T01:38:13.946+0000] {logging_mixin.py:149} INFO - [2023-07-10T01:38:13.946+0000] {dag.py:2726} INFO - Sync 1 DAGs
[2023-07-10T01:38:13.969+0000] {logging_mixin.py:149} INFO - [2023-07-10T01:38:13.969+0000] {dag.py:3490} INFO - Setting next_dagrun for example_dynamic_task_mapping_with_no_taskflow_operators to 2023-07-09T01:38:13.968793+00:00, run_after=2023-07-10T01:38:13.968793+00:00
[2023-07-10T01:38:13.986+0000] {processor.py:179} INFO - Processing /home/airflow/.local/lib/python3.7/site-packages/airflow/example_dags/example_dynamic_task_mapping_with_no_taskflow_operators.py took 0.070 seconds
[2023-07-10T01:38:44.645+0000] {processor.py:157} INFO - Started process (PID=2315) to work on /home/airflow/.local/lib/python3.7/site-packages/airflow/example_dags/example_dynamic_task_mapping_with_no_taskflow_operators.py
[2023-07-10T01:38:44.646+0000] {processor.py:826} INFO - Processing file /home/airflow/.local/lib/python3.7/site-packages/airflow/example_dags/example_dynamic_task_mapping_with_no_taskflow_operators.py for tasks to queue
[2023-07-10T01:38:44.647+0000] {logging_mixin.py:149} INFO - [2023-07-10T01:38:44.647+0000] {dagbag.py:541} INFO - Filling up the DagBag from /home/airflow/.local/lib/python3.7/site-packages/airflow/example_dags/example_dynamic_task_mapping_with_no_taskflow_operators.py
[2023-07-10T01:38:44.653+0000] {processor.py:836} INFO - DAG(s) dict_keys(['example_dynamic_task_mapping_with_no_taskflow_operators']) retrieved from /home/airflow/.local/lib/python3.7/site-packages/airflow/example_dags/example_dynamic_task_mapping_with_no_taskflow_operators.py
[2023-07-10T01:38:44.664+0000] {logging_mixin.py:149} INFO - [2023-07-10T01:38:44.663+0000] {dag.py:2726} INFO - Sync 1 DAGs
[2023-07-10T01:38:44.686+0000] {logging_mixin.py:149} INFO - [2023-07-10T01:38:44.686+0000] {dag.py:3490} INFO - Setting next_dagrun for example_dynamic_task_mapping_with_no_taskflow_operators to 2023-07-09T01:38:44.686090+00:00, run_after=2023-07-10T01:38:44.686090+00:00
[2023-07-10T01:38:44.704+0000] {processor.py:179} INFO - Processing /home/airflow/.local/lib/python3.7/site-packages/airflow/example_dags/example_dynamic_task_mapping_with_no_taskflow_operators.py took 0.062 seconds
[2023-07-10T01:39:15.319+0000] {processor.py:157} INFO - Started process (PID=2564) to work on /home/airflow/.local/lib/python3.7/site-packages/airflow/example_dags/example_dynamic_task_mapping_with_no_taskflow_operators.py
[2023-07-10T01:39:15.320+0000] {processor.py:826} INFO - Processing file /home/airflow/.local/lib/python3.7/site-packages/airflow/example_dags/example_dynamic_task_mapping_with_no_taskflow_operators.py for tasks to queue
[2023-07-10T01:39:15.321+0000] {logging_mixin.py:149} INFO - [2023-07-10T01:39:15.321+0000] {dagbag.py:541} INFO - Filling up the DagBag from /home/airflow/.local/lib/python3.7/site-packages/airflow/example_dags/example_dynamic_task_mapping_with_no_taskflow_operators.py
[2023-07-10T01:39:15.327+0000] {processor.py:836} INFO - DAG(s) dict_keys(['example_dynamic_task_mapping_with_no_taskflow_operators']) retrieved from /home/airflow/.local/lib/python3.7/site-packages/airflow/example_dags/example_dynamic_task_mapping_with_no_taskflow_operators.py
[2023-07-10T01:39:15.345+0000] {logging_mixin.py:149} INFO - [2023-07-10T01:39:15.344+0000] {dag.py:2726} INFO - Sync 1 DAGs
[2023-07-10T01:39:15.365+0000] {logging_mixin.py:149} INFO - [2023-07-10T01:39:15.365+0000] {dag.py:3490} INFO - Setting next_dagrun for example_dynamic_task_mapping_with_no_taskflow_operators to 2023-07-09T01:39:15.364765+00:00, run_after=2023-07-10T01:39:15.364765+00:00
[2023-07-10T01:39:15.381+0000] {processor.py:179} INFO - Processing /home/airflow/.local/lib/python3.7/site-packages/airflow/example_dags/example_dynamic_task_mapping_with_no_taskflow_operators.py took 0.064 seconds
[2023-07-10T01:39:46.478+0000] {processor.py:157} INFO - Started process (PID=2813) to work on /home/airflow/.local/lib/python3.7/site-packages/airflow/example_dags/example_dynamic_task_mapping_with_no_taskflow_operators.py
[2023-07-10T01:39:46.479+0000] {processor.py:826} INFO - Processing file /home/airflow/.local/lib/python3.7/site-packages/airflow/example_dags/example_dynamic_task_mapping_with_no_taskflow_operators.py for tasks to queue
[2023-07-10T01:39:46.480+0000] {logging_mixin.py:149} INFO - [2023-07-10T01:39:46.480+0000] {dagbag.py:541} INFO - Filling up the DagBag from /home/airflow/.local/lib/python3.7/site-packages/airflow/example_dags/example_dynamic_task_mapping_with_no_taskflow_operators.py
[2023-07-10T01:39:46.486+0000] {processor.py:836} INFO - DAG(s) dict_keys(['example_dynamic_task_mapping_with_no_taskflow_operators']) retrieved from /home/airflow/.local/lib/python3.7/site-packages/airflow/example_dags/example_dynamic_task_mapping_with_no_taskflow_operators.py
[2023-07-10T01:39:46.505+0000] {logging_mixin.py:149} INFO - [2023-07-10T01:39:46.505+0000] {dag.py:2726} INFO - Sync 1 DAGs
[2023-07-10T01:39:46.526+0000] {logging_mixin.py:149} INFO - [2023-07-10T01:39:46.526+0000] {dag.py:3490} INFO - Setting next_dagrun for example_dynamic_task_mapping_with_no_taskflow_operators to 2023-07-09T01:39:46.526411+00:00, run_after=2023-07-10T01:39:46.526411+00:00
[2023-07-10T01:39:46.542+0000] {processor.py:179} INFO - Processing /home/airflow/.local/lib/python3.7/site-packages/airflow/example_dags/example_dynamic_task_mapping_with_no_taskflow_operators.py took 0.067 seconds
[2023-07-10T01:40:17.526+0000] {processor.py:157} INFO - Started process (PID=3062) to work on /home/airflow/.local/lib/python3.7/site-packages/airflow/example_dags/example_dynamic_task_mapping_with_no_taskflow_operators.py
[2023-07-10T01:40:17.526+0000] {processor.py:826} INFO - Processing file /home/airflow/.local/lib/python3.7/site-packages/airflow/example_dags/example_dynamic_task_mapping_with_no_taskflow_operators.py for tasks to queue
[2023-07-10T01:40:17.527+0000] {logging_mixin.py:149} INFO - [2023-07-10T01:40:17.527+0000] {dagbag.py:541} INFO - Filling up the DagBag from /home/airflow/.local/lib/python3.7/site-packages/airflow/example_dags/example_dynamic_task_mapping_with_no_taskflow_operators.py
[2023-07-10T01:40:17.533+0000] {processor.py:836} INFO - DAG(s) dict_keys(['example_dynamic_task_mapping_with_no_taskflow_operators']) retrieved from /home/airflow/.local/lib/python3.7/site-packages/airflow/example_dags/example_dynamic_task_mapping_with_no_taskflow_operators.py
[2023-07-10T01:40:17.551+0000] {logging_mixin.py:149} INFO - [2023-07-10T01:40:17.551+0000] {dag.py:2726} INFO - Sync 1 DAGs
[2023-07-10T01:40:17.573+0000] {logging_mixin.py:149} INFO - [2023-07-10T01:40:17.573+0000] {dag.py:3490} INFO - Setting next_dagrun for example_dynamic_task_mapping_with_no_taskflow_operators to 2023-07-09T01:40:17.573030+00:00, run_after=2023-07-10T01:40:17.573030+00:00
[2023-07-10T01:40:17.589+0000] {processor.py:179} INFO - Processing /home/airflow/.local/lib/python3.7/site-packages/airflow/example_dags/example_dynamic_task_mapping_with_no_taskflow_operators.py took 0.066 seconds
[2023-07-10T01:40:48.076+0000] {processor.py:157} INFO - Started process (PID=3311) to work on /home/airflow/.local/lib/python3.7/site-packages/airflow/example_dags/example_dynamic_task_mapping_with_no_taskflow_operators.py
[2023-07-10T01:40:48.076+0000] {processor.py:826} INFO - Processing file /home/airflow/.local/lib/python3.7/site-packages/airflow/example_dags/example_dynamic_task_mapping_with_no_taskflow_operators.py for tasks to queue
[2023-07-10T01:40:48.077+0000] {logging_mixin.py:149} INFO - [2023-07-10T01:40:48.077+0000] {dagbag.py:541} INFO - Filling up the DagBag from /home/airflow/.local/lib/python3.7/site-packages/airflow/example_dags/example_dynamic_task_mapping_with_no_taskflow_operators.py
[2023-07-10T01:40:48.083+0000] {processor.py:836} INFO - DAG(s) dict_keys(['example_dynamic_task_mapping_with_no_taskflow_operators']) retrieved from /home/airflow/.local/lib/python3.7/site-packages/airflow/example_dags/example_dynamic_task_mapping_with_no_taskflow_operators.py
[2023-07-10T01:40:48.103+0000] {logging_mixin.py:149} INFO - [2023-07-10T01:40:48.103+0000] {dag.py:2726} INFO - Sync 1 DAGs
[2023-07-10T01:40:48.125+0000] {logging_mixin.py:149} INFO - [2023-07-10T01:40:48.125+0000] {dag.py:3490} INFO - Setting next_dagrun for example_dynamic_task_mapping_with_no_taskflow_operators to 2023-07-09T01:40:48.124798+00:00, run_after=2023-07-10T01:40:48.124798+00:00
[2023-07-10T01:40:48.143+0000] {processor.py:179} INFO - Processing /home/airflow/.local/lib/python3.7/site-packages/airflow/example_dags/example_dynamic_task_mapping_with_no_taskflow_operators.py took 0.070 seconds
[2023-07-10T01:41:18.787+0000] {processor.py:157} INFO - Started process (PID=3560) to work on /home/airflow/.local/lib/python3.7/site-packages/airflow/example_dags/example_dynamic_task_mapping_with_no_taskflow_operators.py
[2023-07-10T01:41:18.788+0000] {processor.py:826} INFO - Processing file /home/airflow/.local/lib/python3.7/site-packages/airflow/example_dags/example_dynamic_task_mapping_with_no_taskflow_operators.py for tasks to queue
[2023-07-10T01:41:18.789+0000] {logging_mixin.py:149} INFO - [2023-07-10T01:41:18.789+0000] {dagbag.py:541} INFO - Filling up the DagBag from /home/airflow/.local/lib/python3.7/site-packages/airflow/example_dags/example_dynamic_task_mapping_with_no_taskflow_operators.py
[2023-07-10T01:41:18.795+0000] {processor.py:836} INFO - DAG(s) dict_keys(['example_dynamic_task_mapping_with_no_taskflow_operators']) retrieved from /home/airflow/.local/lib/python3.7/site-packages/airflow/example_dags/example_dynamic_task_mapping_with_no_taskflow_operators.py
[2023-07-10T01:41:18.816+0000] {logging_mixin.py:149} INFO - [2023-07-10T01:41:18.816+0000] {dag.py:2726} INFO - Sync 1 DAGs
[2023-07-10T01:41:18.837+0000] {logging_mixin.py:149} INFO - [2023-07-10T01:41:18.837+0000] {dag.py:3490} INFO - Setting next_dagrun for example_dynamic_task_mapping_with_no_taskflow_operators to 2023-07-09T01:41:18.837369+00:00, run_after=2023-07-10T01:41:18.837369+00:00
[2023-07-10T01:41:18.852+0000] {processor.py:179} INFO - Processing /home/airflow/.local/lib/python3.7/site-packages/airflow/example_dags/example_dynamic_task_mapping_with_no_taskflow_operators.py took 0.068 seconds
[2023-07-10T01:41:49.535+0000] {processor.py:157} INFO - Started process (PID=3809) to work on /home/airflow/.local/lib/python3.7/site-packages/airflow/example_dags/example_dynamic_task_mapping_with_no_taskflow_operators.py
[2023-07-10T01:41:49.536+0000] {processor.py:826} INFO - Processing file /home/airflow/.local/lib/python3.7/site-packages/airflow/example_dags/example_dynamic_task_mapping_with_no_taskflow_operators.py for tasks to queue
[2023-07-10T01:41:49.536+0000] {logging_mixin.py:149} INFO - [2023-07-10T01:41:49.536+0000] {dagbag.py:541} INFO - Filling up the DagBag from /home/airflow/.local/lib/python3.7/site-packages/airflow/example_dags/example_dynamic_task_mapping_with_no_taskflow_operators.py
[2023-07-10T01:41:49.542+0000] {processor.py:836} INFO - DAG(s) dict_keys(['example_dynamic_task_mapping_with_no_taskflow_operators']) retrieved from /home/airflow/.local/lib/python3.7/site-packages/airflow/example_dags/example_dynamic_task_mapping_with_no_taskflow_operators.py
[2023-07-10T01:41:49.564+0000] {logging_mixin.py:149} INFO - [2023-07-10T01:41:49.564+0000] {dag.py:2726} INFO - Sync 1 DAGs
[2023-07-10T01:41:49.587+0000] {logging_mixin.py:149} INFO - [2023-07-10T01:41:49.587+0000] {dag.py:3490} INFO - Setting next_dagrun for example_dynamic_task_mapping_with_no_taskflow_operators to 2023-07-09T01:41:49.586786+00:00, run_after=2023-07-10T01:41:49.586786+00:00
[2023-07-10T01:41:49.605+0000] {processor.py:179} INFO - Processing /home/airflow/.local/lib/python3.7/site-packages/airflow/example_dags/example_dynamic_task_mapping_with_no_taskflow_operators.py took 0.074 seconds
[2023-07-10T01:42:20.046+0000] {processor.py:157} INFO - Started process (PID=4058) to work on /home/airflow/.local/lib/python3.7/site-packages/airflow/example_dags/example_dynamic_task_mapping_with_no_taskflow_operators.py
[2023-07-10T01:42:20.047+0000] {processor.py:826} INFO - Processing file /home/airflow/.local/lib/python3.7/site-packages/airflow/example_dags/example_dynamic_task_mapping_with_no_taskflow_operators.py for tasks to queue
[2023-07-10T01:42:20.048+0000] {logging_mixin.py:149} INFO - [2023-07-10T01:42:20.048+0000] {dagbag.py:541} INFO - Filling up the DagBag from /home/airflow/.local/lib/python3.7/site-packages/airflow/example_dags/example_dynamic_task_mapping_with_no_taskflow_operators.py
[2023-07-10T01:42:20.055+0000] {processor.py:836} INFO - DAG(s) dict_keys(['example_dynamic_task_mapping_with_no_taskflow_operators']) retrieved from /home/airflow/.local/lib/python3.7/site-packages/airflow/example_dags/example_dynamic_task_mapping_with_no_taskflow_operators.py
[2023-07-10T01:42:20.076+0000] {logging_mixin.py:149} INFO - [2023-07-10T01:42:20.076+0000] {dag.py:2726} INFO - Sync 1 DAGs
[2023-07-10T01:42:20.099+0000] {logging_mixin.py:149} INFO - [2023-07-10T01:42:20.099+0000] {dag.py:3490} INFO - Setting next_dagrun for example_dynamic_task_mapping_with_no_taskflow_operators to 2023-07-09T01:42:20.099442+00:00, run_after=2023-07-10T01:42:20.099442+00:00
[2023-07-10T01:42:20.116+0000] {processor.py:179} INFO - Processing /home/airflow/.local/lib/python3.7/site-packages/airflow/example_dags/example_dynamic_task_mapping_with_no_taskflow_operators.py took 0.074 seconds
[2023-07-10T01:42:50.686+0000] {processor.py:157} INFO - Started process (PID=4307) to work on /home/airflow/.local/lib/python3.7/site-packages/airflow/example_dags/example_dynamic_task_mapping_with_no_taskflow_operators.py
[2023-07-10T01:42:50.687+0000] {processor.py:826} INFO - Processing file /home/airflow/.local/lib/python3.7/site-packages/airflow/example_dags/example_dynamic_task_mapping_with_no_taskflow_operators.py for tasks to queue
[2023-07-10T01:42:50.688+0000] {logging_mixin.py:149} INFO - [2023-07-10T01:42:50.688+0000] {dagbag.py:541} INFO - Filling up the DagBag from /home/airflow/.local/lib/python3.7/site-packages/airflow/example_dags/example_dynamic_task_mapping_with_no_taskflow_operators.py
[2023-07-10T01:42:50.694+0000] {processor.py:836} INFO - DAG(s) dict_keys(['example_dynamic_task_mapping_with_no_taskflow_operators']) retrieved from /home/airflow/.local/lib/python3.7/site-packages/airflow/example_dags/example_dynamic_task_mapping_with_no_taskflow_operators.py
[2023-07-10T01:42:50.713+0000] {logging_mixin.py:149} INFO - [2023-07-10T01:42:50.713+0000] {dag.py:2726} INFO - Sync 1 DAGs
[2023-07-10T01:42:50.734+0000] {logging_mixin.py:149} INFO - [2023-07-10T01:42:50.734+0000] {dag.py:3490} INFO - Setting next_dagrun for example_dynamic_task_mapping_with_no_taskflow_operators to 2023-07-09T01:42:50.734528+00:00, run_after=2023-07-10T01:42:50.734528+00:00
[2023-07-10T01:42:50.751+0000] {processor.py:179} INFO - Processing /home/airflow/.local/lib/python3.7/site-packages/airflow/example_dags/example_dynamic_task_mapping_with_no_taskflow_operators.py took 0.068 seconds
[2023-07-10T01:43:21.242+0000] {processor.py:157} INFO - Started process (PID=4556) to work on /home/airflow/.local/lib/python3.7/site-packages/airflow/example_dags/example_dynamic_task_mapping_with_no_taskflow_operators.py
[2023-07-10T01:43:21.243+0000] {processor.py:826} INFO - Processing file /home/airflow/.local/lib/python3.7/site-packages/airflow/example_dags/example_dynamic_task_mapping_with_no_taskflow_operators.py for tasks to queue
[2023-07-10T01:43:21.244+0000] {logging_mixin.py:149} INFO - [2023-07-10T01:43:21.244+0000] {dagbag.py:541} INFO - Filling up the DagBag from /home/airflow/.local/lib/python3.7/site-packages/airflow/example_dags/example_dynamic_task_mapping_with_no_taskflow_operators.py
[2023-07-10T01:43:21.250+0000] {processor.py:836} INFO - DAG(s) dict_keys(['example_dynamic_task_mapping_with_no_taskflow_operators']) retrieved from /home/airflow/.local/lib/python3.7/site-packages/airflow/example_dags/example_dynamic_task_mapping_with_no_taskflow_operators.py
[2023-07-10T01:43:21.268+0000] {logging_mixin.py:149} INFO - [2023-07-10T01:43:21.268+0000] {dag.py:2726} INFO - Sync 1 DAGs
[2023-07-10T01:43:21.290+0000] {logging_mixin.py:149} INFO - [2023-07-10T01:43:21.290+0000] {dag.py:3490} INFO - Setting next_dagrun for example_dynamic_task_mapping_with_no_taskflow_operators to 2023-07-09T01:43:21.290182+00:00, run_after=2023-07-10T01:43:21.290182+00:00
[2023-07-10T01:43:21.305+0000] {processor.py:179} INFO - Processing /home/airflow/.local/lib/python3.7/site-packages/airflow/example_dags/example_dynamic_task_mapping_with_no_taskflow_operators.py took 0.066 seconds
[2023-07-10T01:43:51.767+0000] {processor.py:157} INFO - Started process (PID=4806) to work on /home/airflow/.local/lib/python3.7/site-packages/airflow/example_dags/example_dynamic_task_mapping_with_no_taskflow_operators.py
[2023-07-10T01:43:51.768+0000] {processor.py:826} INFO - Processing file /home/airflow/.local/lib/python3.7/site-packages/airflow/example_dags/example_dynamic_task_mapping_with_no_taskflow_operators.py for tasks to queue
[2023-07-10T01:43:51.769+0000] {logging_mixin.py:149} INFO - [2023-07-10T01:43:51.769+0000] {dagbag.py:541} INFO - Filling up the DagBag from /home/airflow/.local/lib/python3.7/site-packages/airflow/example_dags/example_dynamic_task_mapping_with_no_taskflow_operators.py
[2023-07-10T01:43:51.775+0000] {processor.py:836} INFO - DAG(s) dict_keys(['example_dynamic_task_mapping_with_no_taskflow_operators']) retrieved from /home/airflow/.local/lib/python3.7/site-packages/airflow/example_dags/example_dynamic_task_mapping_with_no_taskflow_operators.py
[2023-07-10T01:43:51.794+0000] {logging_mixin.py:149} INFO - [2023-07-10T01:43:51.794+0000] {dag.py:2726} INFO - Sync 1 DAGs
[2023-07-10T01:43:51.816+0000] {logging_mixin.py:149} INFO - [2023-07-10T01:43:51.816+0000] {dag.py:3490} INFO - Setting next_dagrun for example_dynamic_task_mapping_with_no_taskflow_operators to 2023-07-09T01:43:51.816507+00:00, run_after=2023-07-10T01:43:51.816507+00:00
[2023-07-10T01:43:51.833+0000] {processor.py:179} INFO - Processing /home/airflow/.local/lib/python3.7/site-packages/airflow/example_dags/example_dynamic_task_mapping_with_no_taskflow_operators.py took 0.069 seconds
[2023-07-10T01:44:22.451+0000] {processor.py:157} INFO - Started process (PID=5055) to work on /home/airflow/.local/lib/python3.7/site-packages/airflow/example_dags/example_dynamic_task_mapping_with_no_taskflow_operators.py
[2023-07-10T01:44:22.452+0000] {processor.py:826} INFO - Processing file /home/airflow/.local/lib/python3.7/site-packages/airflow/example_dags/example_dynamic_task_mapping_with_no_taskflow_operators.py for tasks to queue
[2023-07-10T01:44:22.452+0000] {logging_mixin.py:149} INFO - [2023-07-10T01:44:22.452+0000] {dagbag.py:541} INFO - Filling up the DagBag from /home/airflow/.local/lib/python3.7/site-packages/airflow/example_dags/example_dynamic_task_mapping_with_no_taskflow_operators.py
[2023-07-10T01:44:22.458+0000] {processor.py:836} INFO - DAG(s) dict_keys(['example_dynamic_task_mapping_with_no_taskflow_operators']) retrieved from /home/airflow/.local/lib/python3.7/site-packages/airflow/example_dags/example_dynamic_task_mapping_with_no_taskflow_operators.py
[2023-07-10T01:44:22.477+0000] {logging_mixin.py:149} INFO - [2023-07-10T01:44:22.477+0000] {dag.py:2726} INFO - Sync 1 DAGs
[2023-07-10T01:44:22.499+0000] {logging_mixin.py:149} INFO - [2023-07-10T01:44:22.499+0000] {dag.py:3490} INFO - Setting next_dagrun for example_dynamic_task_mapping_with_no_taskflow_operators to 2023-07-09T01:44:22.499315+00:00, run_after=2023-07-10T01:44:22.499315+00:00
[2023-07-10T01:44:22.516+0000] {processor.py:179} INFO - Processing /home/airflow/.local/lib/python3.7/site-packages/airflow/example_dags/example_dynamic_task_mapping_with_no_taskflow_operators.py took 0.068 seconds
[2023-07-10T01:44:53.084+0000] {processor.py:157} INFO - Started process (PID=5304) to work on /home/airflow/.local/lib/python3.7/site-packages/airflow/example_dags/example_dynamic_task_mapping_with_no_taskflow_operators.py
[2023-07-10T01:44:53.085+0000] {processor.py:826} INFO - Processing file /home/airflow/.local/lib/python3.7/site-packages/airflow/example_dags/example_dynamic_task_mapping_with_no_taskflow_operators.py for tasks to queue
[2023-07-10T01:44:53.086+0000] {logging_mixin.py:149} INFO - [2023-07-10T01:44:53.086+0000] {dagbag.py:541} INFO - Filling up the DagBag from /home/airflow/.local/lib/python3.7/site-packages/airflow/example_dags/example_dynamic_task_mapping_with_no_taskflow_operators.py
[2023-07-10T01:44:53.092+0000] {processor.py:836} INFO - DAG(s) dict_keys(['example_dynamic_task_mapping_with_no_taskflow_operators']) retrieved from /home/airflow/.local/lib/python3.7/site-packages/airflow/example_dags/example_dynamic_task_mapping_with_no_taskflow_operators.py
[2023-07-10T01:44:53.111+0000] {logging_mixin.py:149} INFO - [2023-07-10T01:44:53.111+0000] {dag.py:2726} INFO - Sync 1 DAGs
[2023-07-10T01:44:53.133+0000] {logging_mixin.py:149} INFO - [2023-07-10T01:44:53.133+0000] {dag.py:3490} INFO - Setting next_dagrun for example_dynamic_task_mapping_with_no_taskflow_operators to 2023-07-09T01:44:53.133649+00:00, run_after=2023-07-10T01:44:53.133649+00:00
[2023-07-10T01:44:53.150+0000] {processor.py:179} INFO - Processing /home/airflow/.local/lib/python3.7/site-packages/airflow/example_dags/example_dynamic_task_mapping_with_no_taskflow_operators.py took 0.069 seconds
[2023-07-10T01:45:23.674+0000] {processor.py:157} INFO - Started process (PID=5553) to work on /home/airflow/.local/lib/python3.7/site-packages/airflow/example_dags/example_dynamic_task_mapping_with_no_taskflow_operators.py
[2023-07-10T01:45:23.675+0000] {processor.py:826} INFO - Processing file /home/airflow/.local/lib/python3.7/site-packages/airflow/example_dags/example_dynamic_task_mapping_with_no_taskflow_operators.py for tasks to queue
[2023-07-10T01:45:23.676+0000] {logging_mixin.py:149} INFO - [2023-07-10T01:45:23.675+0000] {dagbag.py:541} INFO - Filling up the DagBag from /home/airflow/.local/lib/python3.7/site-packages/airflow/example_dags/example_dynamic_task_mapping_with_no_taskflow_operators.py
[2023-07-10T01:45:23.682+0000] {processor.py:836} INFO - DAG(s) dict_keys(['example_dynamic_task_mapping_with_no_taskflow_operators']) retrieved from /home/airflow/.local/lib/python3.7/site-packages/airflow/example_dags/example_dynamic_task_mapping_with_no_taskflow_operators.py
[2023-07-10T01:45:23.703+0000] {logging_mixin.py:149} INFO - [2023-07-10T01:45:23.703+0000] {dag.py:2726} INFO - Sync 1 DAGs
[2023-07-10T01:45:23.725+0000] {logging_mixin.py:149} INFO - [2023-07-10T01:45:23.725+0000] {dag.py:3490} INFO - Setting next_dagrun for example_dynamic_task_mapping_with_no_taskflow_operators to 2023-07-09T01:45:23.725640+00:00, run_after=2023-07-10T01:45:23.725640+00:00
[2023-07-10T01:45:23.744+0000] {processor.py:179} INFO - Processing /home/airflow/.local/lib/python3.7/site-packages/airflow/example_dags/example_dynamic_task_mapping_with_no_taskflow_operators.py took 0.073 seconds
[2023-07-10T01:45:54.271+0000] {processor.py:157} INFO - Started process (PID=5802) to work on /home/airflow/.local/lib/python3.7/site-packages/airflow/example_dags/example_dynamic_task_mapping_with_no_taskflow_operators.py
[2023-07-10T01:45:54.272+0000] {processor.py:826} INFO - Processing file /home/airflow/.local/lib/python3.7/site-packages/airflow/example_dags/example_dynamic_task_mapping_with_no_taskflow_operators.py for tasks to queue
[2023-07-10T01:45:54.273+0000] {logging_mixin.py:149} INFO - [2023-07-10T01:45:54.273+0000] {dagbag.py:541} INFO - Filling up the DagBag from /home/airflow/.local/lib/python3.7/site-packages/airflow/example_dags/example_dynamic_task_mapping_with_no_taskflow_operators.py
[2023-07-10T01:45:54.279+0000] {processor.py:836} INFO - DAG(s) dict_keys(['example_dynamic_task_mapping_with_no_taskflow_operators']) retrieved from /home/airflow/.local/lib/python3.7/site-packages/airflow/example_dags/example_dynamic_task_mapping_with_no_taskflow_operators.py
[2023-07-10T01:45:54.298+0000] {logging_mixin.py:149} INFO - [2023-07-10T01:45:54.298+0000] {dag.py:2726} INFO - Sync 1 DAGs
[2023-07-10T01:45:54.319+0000] {logging_mixin.py:149} INFO - [2023-07-10T01:45:54.319+0000] {dag.py:3490} INFO - Setting next_dagrun for example_dynamic_task_mapping_with_no_taskflow_operators to 2023-07-09T01:45:54.319456+00:00, run_after=2023-07-10T01:45:54.319456+00:00
[2023-07-10T01:45:54.336+0000] {processor.py:179} INFO - Processing /home/airflow/.local/lib/python3.7/site-packages/airflow/example_dags/example_dynamic_task_mapping_with_no_taskflow_operators.py took 0.068 seconds
[2023-07-10T01:46:24.959+0000] {processor.py:157} INFO - Started process (PID=6053) to work on /home/airflow/.local/lib/python3.7/site-packages/airflow/example_dags/example_dynamic_task_mapping_with_no_taskflow_operators.py
[2023-07-10T01:46:24.960+0000] {processor.py:826} INFO - Processing file /home/airflow/.local/lib/python3.7/site-packages/airflow/example_dags/example_dynamic_task_mapping_with_no_taskflow_operators.py for tasks to queue
[2023-07-10T01:46:24.960+0000] {logging_mixin.py:149} INFO - [2023-07-10T01:46:24.960+0000] {dagbag.py:541} INFO - Filling up the DagBag from /home/airflow/.local/lib/python3.7/site-packages/airflow/example_dags/example_dynamic_task_mapping_with_no_taskflow_operators.py
[2023-07-10T01:46:24.966+0000] {processor.py:836} INFO - DAG(s) dict_keys(['example_dynamic_task_mapping_with_no_taskflow_operators']) retrieved from /home/airflow/.local/lib/python3.7/site-packages/airflow/example_dags/example_dynamic_task_mapping_with_no_taskflow_operators.py
[2023-07-10T01:46:24.986+0000] {logging_mixin.py:149} INFO - [2023-07-10T01:46:24.986+0000] {dag.py:2726} INFO - Sync 1 DAGs
[2023-07-10T01:46:25.006+0000] {logging_mixin.py:149} INFO - [2023-07-10T01:46:25.006+0000] {dag.py:3490} INFO - Setting next_dagrun for example_dynamic_task_mapping_with_no_taskflow_operators to 2023-07-09T01:46:25.006524+00:00, run_after=2023-07-10T01:46:25.006524+00:00
[2023-07-10T01:46:25.023+0000] {processor.py:179} INFO - Processing /home/airflow/.local/lib/python3.7/site-packages/airflow/example_dags/example_dynamic_task_mapping_with_no_taskflow_operators.py took 0.067 seconds
[2023-07-10T01:46:55.693+0000] {processor.py:157} INFO - Started process (PID=6300) to work on /home/airflow/.local/lib/python3.7/site-packages/airflow/example_dags/example_dynamic_task_mapping_with_no_taskflow_operators.py
[2023-07-10T01:46:55.694+0000] {processor.py:826} INFO - Processing file /home/airflow/.local/lib/python3.7/site-packages/airflow/example_dags/example_dynamic_task_mapping_with_no_taskflow_operators.py for tasks to queue
[2023-07-10T01:46:55.695+0000] {logging_mixin.py:149} INFO - [2023-07-10T01:46:55.695+0000] {dagbag.py:541} INFO - Filling up the DagBag from /home/airflow/.local/lib/python3.7/site-packages/airflow/example_dags/example_dynamic_task_mapping_with_no_taskflow_operators.py
[2023-07-10T01:46:55.701+0000] {processor.py:836} INFO - DAG(s) dict_keys(['example_dynamic_task_mapping_with_no_taskflow_operators']) retrieved from /home/airflow/.local/lib/python3.7/site-packages/airflow/example_dags/example_dynamic_task_mapping_with_no_taskflow_operators.py
[2023-07-10T01:46:55.720+0000] {logging_mixin.py:149} INFO - [2023-07-10T01:46:55.720+0000] {dag.py:2726} INFO - Sync 1 DAGs
[2023-07-10T01:46:55.742+0000] {logging_mixin.py:149} INFO - [2023-07-10T01:46:55.742+0000] {dag.py:3490} INFO - Setting next_dagrun for example_dynamic_task_mapping_with_no_taskflow_operators to 2023-07-09T01:46:55.742006+00:00, run_after=2023-07-10T01:46:55.742006+00:00
[2023-07-10T01:46:55.758+0000] {processor.py:179} INFO - Processing /home/airflow/.local/lib/python3.7/site-packages/airflow/example_dags/example_dynamic_task_mapping_with_no_taskflow_operators.py took 0.068 seconds
[2023-07-10T01:47:26.235+0000] {processor.py:157} INFO - Started process (PID=6549) to work on /home/airflow/.local/lib/python3.7/site-packages/airflow/example_dags/example_dynamic_task_mapping_with_no_taskflow_operators.py
[2023-07-10T01:47:26.236+0000] {processor.py:826} INFO - Processing file /home/airflow/.local/lib/python3.7/site-packages/airflow/example_dags/example_dynamic_task_mapping_with_no_taskflow_operators.py for tasks to queue
[2023-07-10T01:47:26.237+0000] {logging_mixin.py:149} INFO - [2023-07-10T01:47:26.237+0000] {dagbag.py:541} INFO - Filling up the DagBag from /home/airflow/.local/lib/python3.7/site-packages/airflow/example_dags/example_dynamic_task_mapping_with_no_taskflow_operators.py
[2023-07-10T01:47:26.243+0000] {processor.py:836} INFO - DAG(s) dict_keys(['example_dynamic_task_mapping_with_no_taskflow_operators']) retrieved from /home/airflow/.local/lib/python3.7/site-packages/airflow/example_dags/example_dynamic_task_mapping_with_no_taskflow_operators.py
[2023-07-10T01:47:26.261+0000] {logging_mixin.py:149} INFO - [2023-07-10T01:47:26.261+0000] {dag.py:2726} INFO - Sync 1 DAGs
[2023-07-10T01:47:26.283+0000] {logging_mixin.py:149} INFO - [2023-07-10T01:47:26.282+0000] {dag.py:3490} INFO - Setting next_dagrun for example_dynamic_task_mapping_with_no_taskflow_operators to 2023-07-09T01:47:26.282786+00:00, run_after=2023-07-10T01:47:26.282786+00:00
[2023-07-10T01:47:26.298+0000] {processor.py:179} INFO - Processing /home/airflow/.local/lib/python3.7/site-packages/airflow/example_dags/example_dynamic_task_mapping_with_no_taskflow_operators.py took 0.066 seconds
[2023-07-10T01:47:56.701+0000] {processor.py:157} INFO - Started process (PID=6798) to work on /home/airflow/.local/lib/python3.7/site-packages/airflow/example_dags/example_dynamic_task_mapping_with_no_taskflow_operators.py
[2023-07-10T01:47:56.702+0000] {processor.py:826} INFO - Processing file /home/airflow/.local/lib/python3.7/site-packages/airflow/example_dags/example_dynamic_task_mapping_with_no_taskflow_operators.py for tasks to queue
[2023-07-10T01:47:56.704+0000] {logging_mixin.py:149} INFO - [2023-07-10T01:47:56.703+0000] {dagbag.py:541} INFO - Filling up the DagBag from /home/airflow/.local/lib/python3.7/site-packages/airflow/example_dags/example_dynamic_task_mapping_with_no_taskflow_operators.py
[2023-07-10T01:47:56.710+0000] {processor.py:836} INFO - DAG(s) dict_keys(['example_dynamic_task_mapping_with_no_taskflow_operators']) retrieved from /home/airflow/.local/lib/python3.7/site-packages/airflow/example_dags/example_dynamic_task_mapping_with_no_taskflow_operators.py
[2023-07-10T01:47:56.728+0000] {logging_mixin.py:149} INFO - [2023-07-10T01:47:56.727+0000] {dag.py:2726} INFO - Sync 1 DAGs
[2023-07-10T01:47:56.748+0000] {logging_mixin.py:149} INFO - [2023-07-10T01:47:56.748+0000] {dag.py:3490} INFO - Setting next_dagrun for example_dynamic_task_mapping_with_no_taskflow_operators to 2023-07-09T01:47:56.748125+00:00, run_after=2023-07-10T01:47:56.748125+00:00
[2023-07-10T01:47:56.766+0000] {processor.py:179} INFO - Processing /home/airflow/.local/lib/python3.7/site-packages/airflow/example_dags/example_dynamic_task_mapping_with_no_taskflow_operators.py took 0.068 seconds
[2023-07-10T01:48:27.230+0000] {processor.py:157} INFO - Started process (PID=7047) to work on /home/airflow/.local/lib/python3.7/site-packages/airflow/example_dags/example_dynamic_task_mapping_with_no_taskflow_operators.py
[2023-07-10T01:48:27.231+0000] {processor.py:826} INFO - Processing file /home/airflow/.local/lib/python3.7/site-packages/airflow/example_dags/example_dynamic_task_mapping_with_no_taskflow_operators.py for tasks to queue
[2023-07-10T01:48:27.232+0000] {logging_mixin.py:149} INFO - [2023-07-10T01:48:27.232+0000] {dagbag.py:541} INFO - Filling up the DagBag from /home/airflow/.local/lib/python3.7/site-packages/airflow/example_dags/example_dynamic_task_mapping_with_no_taskflow_operators.py
[2023-07-10T01:48:27.238+0000] {processor.py:836} INFO - DAG(s) dict_keys(['example_dynamic_task_mapping_with_no_taskflow_operators']) retrieved from /home/airflow/.local/lib/python3.7/site-packages/airflow/example_dags/example_dynamic_task_mapping_with_no_taskflow_operators.py
[2023-07-10T01:48:27.257+0000] {logging_mixin.py:149} INFO - [2023-07-10T01:48:27.257+0000] {dag.py:2726} INFO - Sync 1 DAGs
[2023-07-10T01:48:27.278+0000] {logging_mixin.py:149} INFO - [2023-07-10T01:48:27.277+0000] {dag.py:3490} INFO - Setting next_dagrun for example_dynamic_task_mapping_with_no_taskflow_operators to 2023-07-09T01:48:27.277688+00:00, run_after=2023-07-10T01:48:27.277688+00:00
[2023-07-10T01:48:27.294+0000] {processor.py:179} INFO - Processing /home/airflow/.local/lib/python3.7/site-packages/airflow/example_dags/example_dynamic_task_mapping_with_no_taskflow_operators.py took 0.066 seconds
[2023-07-10T01:48:57.882+0000] {processor.py:157} INFO - Started process (PID=7296) to work on /home/airflow/.local/lib/python3.7/site-packages/airflow/example_dags/example_dynamic_task_mapping_with_no_taskflow_operators.py
[2023-07-10T01:48:57.883+0000] {processor.py:826} INFO - Processing file /home/airflow/.local/lib/python3.7/site-packages/airflow/example_dags/example_dynamic_task_mapping_with_no_taskflow_operators.py for tasks to queue
[2023-07-10T01:48:57.884+0000] {logging_mixin.py:149} INFO - [2023-07-10T01:48:57.884+0000] {dagbag.py:541} INFO - Filling up the DagBag from /home/airflow/.local/lib/python3.7/site-packages/airflow/example_dags/example_dynamic_task_mapping_with_no_taskflow_operators.py
[2023-07-10T01:48:57.890+0000] {processor.py:836} INFO - DAG(s) dict_keys(['example_dynamic_task_mapping_with_no_taskflow_operators']) retrieved from /home/airflow/.local/lib/python3.7/site-packages/airflow/example_dags/example_dynamic_task_mapping_with_no_taskflow_operators.py
[2023-07-10T01:48:57.909+0000] {logging_mixin.py:149} INFO - [2023-07-10T01:48:57.909+0000] {dag.py:2726} INFO - Sync 1 DAGs
[2023-07-10T01:48:57.933+0000] {logging_mixin.py:149} INFO - [2023-07-10T01:48:57.933+0000] {dag.py:3490} INFO - Setting next_dagrun for example_dynamic_task_mapping_with_no_taskflow_operators to 2023-07-09T01:48:57.933185+00:00, run_after=2023-07-10T01:48:57.933185+00:00
[2023-07-10T01:48:57.950+0000] {processor.py:179} INFO - Processing /home/airflow/.local/lib/python3.7/site-packages/airflow/example_dags/example_dynamic_task_mapping_with_no_taskflow_operators.py took 0.071 seconds
[2023-07-10T01:49:28.312+0000] {processor.py:157} INFO - Started process (PID=7545) to work on /home/airflow/.local/lib/python3.7/site-packages/airflow/example_dags/example_dynamic_task_mapping_with_no_taskflow_operators.py
[2023-07-10T01:49:28.313+0000] {processor.py:826} INFO - Processing file /home/airflow/.local/lib/python3.7/site-packages/airflow/example_dags/example_dynamic_task_mapping_with_no_taskflow_operators.py for tasks to queue
[2023-07-10T01:49:28.314+0000] {logging_mixin.py:149} INFO - [2023-07-10T01:49:28.313+0000] {dagbag.py:541} INFO - Filling up the DagBag from /home/airflow/.local/lib/python3.7/site-packages/airflow/example_dags/example_dynamic_task_mapping_with_no_taskflow_operators.py
[2023-07-10T01:49:28.320+0000] {processor.py:836} INFO - DAG(s) dict_keys(['example_dynamic_task_mapping_with_no_taskflow_operators']) retrieved from /home/airflow/.local/lib/python3.7/site-packages/airflow/example_dags/example_dynamic_task_mapping_with_no_taskflow_operators.py
[2023-07-10T01:49:28.340+0000] {logging_mixin.py:149} INFO - [2023-07-10T01:49:28.340+0000] {dag.py:2726} INFO - Sync 1 DAGs
[2023-07-10T01:49:28.361+0000] {logging_mixin.py:149} INFO - [2023-07-10T01:49:28.361+0000] {dag.py:3490} INFO - Setting next_dagrun for example_dynamic_task_mapping_with_no_taskflow_operators to 2023-07-09T01:49:28.361428+00:00, run_after=2023-07-10T01:49:28.361428+00:00
[2023-07-10T01:49:28.378+0000] {processor.py:179} INFO - Processing /home/airflow/.local/lib/python3.7/site-packages/airflow/example_dags/example_dynamic_task_mapping_with_no_taskflow_operators.py took 0.069 seconds
[2023-07-10T01:49:58.928+0000] {processor.py:157} INFO - Started process (PID=7799) to work on /home/airflow/.local/lib/python3.7/site-packages/airflow/example_dags/example_dynamic_task_mapping_with_no_taskflow_operators.py
[2023-07-10T01:49:58.929+0000] {processor.py:826} INFO - Processing file /home/airflow/.local/lib/python3.7/site-packages/airflow/example_dags/example_dynamic_task_mapping_with_no_taskflow_operators.py for tasks to queue
[2023-07-10T01:49:58.930+0000] {logging_mixin.py:149} INFO - [2023-07-10T01:49:58.930+0000] {dagbag.py:541} INFO - Filling up the DagBag from /home/airflow/.local/lib/python3.7/site-packages/airflow/example_dags/example_dynamic_task_mapping_with_no_taskflow_operators.py
[2023-07-10T01:49:58.935+0000] {processor.py:836} INFO - DAG(s) dict_keys(['example_dynamic_task_mapping_with_no_taskflow_operators']) retrieved from /home/airflow/.local/lib/python3.7/site-packages/airflow/example_dags/example_dynamic_task_mapping_with_no_taskflow_operators.py
[2023-07-10T01:49:58.956+0000] {logging_mixin.py:149} INFO - [2023-07-10T01:49:58.956+0000] {dag.py:2726} INFO - Sync 1 DAGs
[2023-07-10T01:49:58.981+0000] {logging_mixin.py:149} INFO - [2023-07-10T01:49:58.981+0000] {dag.py:3490} INFO - Setting next_dagrun for example_dynamic_task_mapping_with_no_taskflow_operators to 2023-07-09T01:49:58.981365+00:00, run_after=2023-07-10T01:49:58.981365+00:00
[2023-07-10T01:49:59.002+0000] {processor.py:179} INFO - Processing /home/airflow/.local/lib/python3.7/site-packages/airflow/example_dags/example_dynamic_task_mapping_with_no_taskflow_operators.py took 0.077 seconds
[2023-07-10T01:50:29.599+0000] {processor.py:157} INFO - Started process (PID=8053) to work on /home/airflow/.local/lib/python3.7/site-packages/airflow/example_dags/example_dynamic_task_mapping_with_no_taskflow_operators.py
[2023-07-10T01:50:29.600+0000] {processor.py:826} INFO - Processing file /home/airflow/.local/lib/python3.7/site-packages/airflow/example_dags/example_dynamic_task_mapping_with_no_taskflow_operators.py for tasks to queue
[2023-07-10T01:50:29.601+0000] {logging_mixin.py:149} INFO - [2023-07-10T01:50:29.601+0000] {dagbag.py:541} INFO - Filling up the DagBag from /home/airflow/.local/lib/python3.7/site-packages/airflow/example_dags/example_dynamic_task_mapping_with_no_taskflow_operators.py
[2023-07-10T01:50:29.607+0000] {processor.py:836} INFO - DAG(s) dict_keys(['example_dynamic_task_mapping_with_no_taskflow_operators']) retrieved from /home/airflow/.local/lib/python3.7/site-packages/airflow/example_dags/example_dynamic_task_mapping_with_no_taskflow_operators.py
[2023-07-10T01:50:29.627+0000] {logging_mixin.py:149} INFO - [2023-07-10T01:50:29.627+0000] {dag.py:2726} INFO - Sync 1 DAGs
[2023-07-10T01:50:29.650+0000] {logging_mixin.py:149} INFO - [2023-07-10T01:50:29.650+0000] {dag.py:3490} INFO - Setting next_dagrun for example_dynamic_task_mapping_with_no_taskflow_operators to 2023-07-09T01:50:29.649912+00:00, run_after=2023-07-10T01:50:29.649912+00:00
[2023-07-10T01:50:29.668+0000] {processor.py:179} INFO - Processing /home/airflow/.local/lib/python3.7/site-packages/airflow/example_dags/example_dynamic_task_mapping_with_no_taskflow_operators.py took 0.072 seconds
[2023-07-10T01:51:00.192+0000] {processor.py:157} INFO - Started process (PID=8307) to work on /home/airflow/.local/lib/python3.7/site-packages/airflow/example_dags/example_dynamic_task_mapping_with_no_taskflow_operators.py
[2023-07-10T01:51:00.193+0000] {processor.py:826} INFO - Processing file /home/airflow/.local/lib/python3.7/site-packages/airflow/example_dags/example_dynamic_task_mapping_with_no_taskflow_operators.py for tasks to queue
[2023-07-10T01:51:00.194+0000] {logging_mixin.py:149} INFO - [2023-07-10T01:51:00.194+0000] {dagbag.py:541} INFO - Filling up the DagBag from /home/airflow/.local/lib/python3.7/site-packages/airflow/example_dags/example_dynamic_task_mapping_with_no_taskflow_operators.py
[2023-07-10T01:51:00.200+0000] {processor.py:836} INFO - DAG(s) dict_keys(['example_dynamic_task_mapping_with_no_taskflow_operators']) retrieved from /home/airflow/.local/lib/python3.7/site-packages/airflow/example_dags/example_dynamic_task_mapping_with_no_taskflow_operators.py
[2023-07-10T01:51:00.219+0000] {logging_mixin.py:149} INFO - [2023-07-10T01:51:00.219+0000] {dag.py:2726} INFO - Sync 1 DAGs
[2023-07-10T01:51:00.242+0000] {logging_mixin.py:149} INFO - [2023-07-10T01:51:00.241+0000] {dag.py:3490} INFO - Setting next_dagrun for example_dynamic_task_mapping_with_no_taskflow_operators to 2023-07-09T01:51:00.241776+00:00, run_after=2023-07-10T01:51:00.241776+00:00
[2023-07-10T01:51:00.257+0000] {processor.py:179} INFO - Processing /home/airflow/.local/lib/python3.7/site-packages/airflow/example_dags/example_dynamic_task_mapping_with_no_taskflow_operators.py took 0.067 seconds
[2023-07-10T01:51:30.856+0000] {processor.py:157} INFO - Started process (PID=8561) to work on /home/airflow/.local/lib/python3.7/site-packages/airflow/example_dags/example_dynamic_task_mapping_with_no_taskflow_operators.py
[2023-07-10T01:51:30.857+0000] {processor.py:826} INFO - Processing file /home/airflow/.local/lib/python3.7/site-packages/airflow/example_dags/example_dynamic_task_mapping_with_no_taskflow_operators.py for tasks to queue
[2023-07-10T01:51:30.858+0000] {logging_mixin.py:149} INFO - [2023-07-10T01:51:30.858+0000] {dagbag.py:541} INFO - Filling up the DagBag from /home/airflow/.local/lib/python3.7/site-packages/airflow/example_dags/example_dynamic_task_mapping_with_no_taskflow_operators.py
[2023-07-10T01:51:30.864+0000] {processor.py:836} INFO - DAG(s) dict_keys(['example_dynamic_task_mapping_with_no_taskflow_operators']) retrieved from /home/airflow/.local/lib/python3.7/site-packages/airflow/example_dags/example_dynamic_task_mapping_with_no_taskflow_operators.py
[2023-07-10T01:51:30.883+0000] {logging_mixin.py:149} INFO - [2023-07-10T01:51:30.883+0000] {dag.py:2726} INFO - Sync 1 DAGs
[2023-07-10T01:51:30.904+0000] {logging_mixin.py:149} INFO - [2023-07-10T01:51:30.904+0000] {dag.py:3490} INFO - Setting next_dagrun for example_dynamic_task_mapping_with_no_taskflow_operators to 2023-07-09T01:51:30.904062+00:00, run_after=2023-07-10T01:51:30.904062+00:00
[2023-07-10T01:51:30.923+0000] {processor.py:179} INFO - Processing /home/airflow/.local/lib/python3.7/site-packages/airflow/example_dags/example_dynamic_task_mapping_with_no_taskflow_operators.py took 0.069 seconds
[2023-07-10T01:52:01.535+0000] {processor.py:157} INFO - Started process (PID=8815) to work on /home/airflow/.local/lib/python3.7/site-packages/airflow/example_dags/example_dynamic_task_mapping_with_no_taskflow_operators.py
[2023-07-10T01:52:01.536+0000] {processor.py:826} INFO - Processing file /home/airflow/.local/lib/python3.7/site-packages/airflow/example_dags/example_dynamic_task_mapping_with_no_taskflow_operators.py for tasks to queue
[2023-07-10T01:52:01.537+0000] {logging_mixin.py:149} INFO - [2023-07-10T01:52:01.537+0000] {dagbag.py:541} INFO - Filling up the DagBag from /home/airflow/.local/lib/python3.7/site-packages/airflow/example_dags/example_dynamic_task_mapping_with_no_taskflow_operators.py
[2023-07-10T01:52:01.543+0000] {processor.py:836} INFO - DAG(s) dict_keys(['example_dynamic_task_mapping_with_no_taskflow_operators']) retrieved from /home/airflow/.local/lib/python3.7/site-packages/airflow/example_dags/example_dynamic_task_mapping_with_no_taskflow_operators.py
[2023-07-10T01:52:01.563+0000] {logging_mixin.py:149} INFO - [2023-07-10T01:52:01.563+0000] {dag.py:2726} INFO - Sync 1 DAGs
[2023-07-10T01:52:01.585+0000] {logging_mixin.py:149} INFO - [2023-07-10T01:52:01.585+0000] {dag.py:3490} INFO - Setting next_dagrun for example_dynamic_task_mapping_with_no_taskflow_operators to 2023-07-09T01:52:01.584821+00:00, run_after=2023-07-10T01:52:01.584821+00:00
[2023-07-10T01:52:01.601+0000] {processor.py:179} INFO - Processing /home/airflow/.local/lib/python3.7/site-packages/airflow/example_dags/example_dynamic_task_mapping_with_no_taskflow_operators.py took 0.069 seconds
[2023-07-10T01:52:32.316+0000] {processor.py:157} INFO - Started process (PID=9069) to work on /home/airflow/.local/lib/python3.7/site-packages/airflow/example_dags/example_dynamic_task_mapping_with_no_taskflow_operators.py
[2023-07-10T01:52:32.317+0000] {processor.py:826} INFO - Processing file /home/airflow/.local/lib/python3.7/site-packages/airflow/example_dags/example_dynamic_task_mapping_with_no_taskflow_operators.py for tasks to queue
[2023-07-10T01:52:32.318+0000] {logging_mixin.py:149} INFO - [2023-07-10T01:52:32.318+0000] {dagbag.py:541} INFO - Filling up the DagBag from /home/airflow/.local/lib/python3.7/site-packages/airflow/example_dags/example_dynamic_task_mapping_with_no_taskflow_operators.py
[2023-07-10T01:52:32.324+0000] {processor.py:836} INFO - DAG(s) dict_keys(['example_dynamic_task_mapping_with_no_taskflow_operators']) retrieved from /home/airflow/.local/lib/python3.7/site-packages/airflow/example_dags/example_dynamic_task_mapping_with_no_taskflow_operators.py
[2023-07-10T01:52:32.344+0000] {logging_mixin.py:149} INFO - [2023-07-10T01:52:32.344+0000] {dag.py:2726} INFO - Sync 1 DAGs
[2023-07-10T01:52:32.367+0000] {logging_mixin.py:149} INFO - [2023-07-10T01:52:32.367+0000] {dag.py:3490} INFO - Setting next_dagrun for example_dynamic_task_mapping_with_no_taskflow_operators to 2023-07-09T01:52:32.367028+00:00, run_after=2023-07-10T01:52:32.367028+00:00
[2023-07-10T01:52:32.384+0000] {processor.py:179} INFO - Processing /home/airflow/.local/lib/python3.7/site-packages/airflow/example_dags/example_dynamic_task_mapping_with_no_taskflow_operators.py took 0.070 seconds
[2023-07-10T01:53:02.670+0000] {processor.py:157} INFO - Started process (PID=9323) to work on /home/airflow/.local/lib/python3.7/site-packages/airflow/example_dags/example_dynamic_task_mapping_with_no_taskflow_operators.py
[2023-07-10T01:53:02.671+0000] {processor.py:826} INFO - Processing file /home/airflow/.local/lib/python3.7/site-packages/airflow/example_dags/example_dynamic_task_mapping_with_no_taskflow_operators.py for tasks to queue
[2023-07-10T01:53:02.672+0000] {logging_mixin.py:149} INFO - [2023-07-10T01:53:02.672+0000] {dagbag.py:541} INFO - Filling up the DagBag from /home/airflow/.local/lib/python3.7/site-packages/airflow/example_dags/example_dynamic_task_mapping_with_no_taskflow_operators.py
[2023-07-10T01:53:02.677+0000] {processor.py:836} INFO - DAG(s) dict_keys(['example_dynamic_task_mapping_with_no_taskflow_operators']) retrieved from /home/airflow/.local/lib/python3.7/site-packages/airflow/example_dags/example_dynamic_task_mapping_with_no_taskflow_operators.py
[2023-07-10T01:53:02.696+0000] {logging_mixin.py:149} INFO - [2023-07-10T01:53:02.696+0000] {dag.py:2726} INFO - Sync 1 DAGs
[2023-07-10T01:53:02.717+0000] {logging_mixin.py:149} INFO - [2023-07-10T01:53:02.716+0000] {dag.py:3490} INFO - Setting next_dagrun for example_dynamic_task_mapping_with_no_taskflow_operators to 2023-07-09T01:53:02.716725+00:00, run_after=2023-07-10T01:53:02.716725+00:00
[2023-07-10T01:53:02.733+0000] {processor.py:179} INFO - Processing /home/airflow/.local/lib/python3.7/site-packages/airflow/example_dags/example_dynamic_task_mapping_with_no_taskflow_operators.py took 0.066 seconds
[2023-07-10T01:53:32.854+0000] {processor.py:157} INFO - Started process (PID=9577) to work on /home/airflow/.local/lib/python3.7/site-packages/airflow/example_dags/example_dynamic_task_mapping_with_no_taskflow_operators.py
[2023-07-10T01:53:32.855+0000] {processor.py:826} INFO - Processing file /home/airflow/.local/lib/python3.7/site-packages/airflow/example_dags/example_dynamic_task_mapping_with_no_taskflow_operators.py for tasks to queue
[2023-07-10T01:53:32.856+0000] {logging_mixin.py:149} INFO - [2023-07-10T01:53:32.856+0000] {dagbag.py:541} INFO - Filling up the DagBag from /home/airflow/.local/lib/python3.7/site-packages/airflow/example_dags/example_dynamic_task_mapping_with_no_taskflow_operators.py
[2023-07-10T01:53:32.862+0000] {processor.py:836} INFO - DAG(s) dict_keys(['example_dynamic_task_mapping_with_no_taskflow_operators']) retrieved from /home/airflow/.local/lib/python3.7/site-packages/airflow/example_dags/example_dynamic_task_mapping_with_no_taskflow_operators.py
[2023-07-10T01:53:32.882+0000] {logging_mixin.py:149} INFO - [2023-07-10T01:53:32.882+0000] {dag.py:2726} INFO - Sync 1 DAGs
[2023-07-10T01:53:32.904+0000] {logging_mixin.py:149} INFO - [2023-07-10T01:53:32.904+0000] {dag.py:3490} INFO - Setting next_dagrun for example_dynamic_task_mapping_with_no_taskflow_operators to 2023-07-09T01:53:32.904564+00:00, run_after=2023-07-10T01:53:32.904564+00:00
[2023-07-10T01:53:32.921+0000] {processor.py:179} INFO - Processing /home/airflow/.local/lib/python3.7/site-packages/airflow/example_dags/example_dynamic_task_mapping_with_no_taskflow_operators.py took 0.069 seconds
[2023-07-10T01:54:03.077+0000] {processor.py:157} INFO - Started process (PID=9832) to work on /home/airflow/.local/lib/python3.7/site-packages/airflow/example_dags/example_dynamic_task_mapping_with_no_taskflow_operators.py
[2023-07-10T01:54:03.078+0000] {processor.py:826} INFO - Processing file /home/airflow/.local/lib/python3.7/site-packages/airflow/example_dags/example_dynamic_task_mapping_with_no_taskflow_operators.py for tasks to queue
[2023-07-10T01:54:03.079+0000] {logging_mixin.py:149} INFO - [2023-07-10T01:54:03.079+0000] {dagbag.py:541} INFO - Filling up the DagBag from /home/airflow/.local/lib/python3.7/site-packages/airflow/example_dags/example_dynamic_task_mapping_with_no_taskflow_operators.py
[2023-07-10T01:54:03.085+0000] {processor.py:836} INFO - DAG(s) dict_keys(['example_dynamic_task_mapping_with_no_taskflow_operators']) retrieved from /home/airflow/.local/lib/python3.7/site-packages/airflow/example_dags/example_dynamic_task_mapping_with_no_taskflow_operators.py
[2023-07-10T01:54:03.102+0000] {logging_mixin.py:149} INFO - [2023-07-10T01:54:03.102+0000] {dag.py:2726} INFO - Sync 1 DAGs
[2023-07-10T01:54:03.123+0000] {logging_mixin.py:149} INFO - [2023-07-10T01:54:03.123+0000] {dag.py:3490} INFO - Setting next_dagrun for example_dynamic_task_mapping_with_no_taskflow_operators to 2023-07-09T01:54:03.123411+00:00, run_after=2023-07-10T01:54:03.123411+00:00
[2023-07-10T01:54:03.142+0000] {processor.py:179} INFO - Processing /home/airflow/.local/lib/python3.7/site-packages/airflow/example_dags/example_dynamic_task_mapping_with_no_taskflow_operators.py took 0.067 seconds
[2023-07-10T01:54:33.568+0000] {processor.py:157} INFO - Started process (PID=10086) to work on /home/airflow/.local/lib/python3.7/site-packages/airflow/example_dags/example_dynamic_task_mapping_with_no_taskflow_operators.py
[2023-07-10T01:54:33.569+0000] {processor.py:826} INFO - Processing file /home/airflow/.local/lib/python3.7/site-packages/airflow/example_dags/example_dynamic_task_mapping_with_no_taskflow_operators.py for tasks to queue
[2023-07-10T01:54:33.570+0000] {logging_mixin.py:149} INFO - [2023-07-10T01:54:33.570+0000] {dagbag.py:541} INFO - Filling up the DagBag from /home/airflow/.local/lib/python3.7/site-packages/airflow/example_dags/example_dynamic_task_mapping_with_no_taskflow_operators.py
[2023-07-10T01:54:33.576+0000] {processor.py:836} INFO - DAG(s) dict_keys(['example_dynamic_task_mapping_with_no_taskflow_operators']) retrieved from /home/airflow/.local/lib/python3.7/site-packages/airflow/example_dags/example_dynamic_task_mapping_with_no_taskflow_operators.py
[2023-07-10T01:54:33.596+0000] {logging_mixin.py:149} INFO - [2023-07-10T01:54:33.596+0000] {dag.py:2726} INFO - Sync 1 DAGs
[2023-07-10T01:54:33.618+0000] {logging_mixin.py:149} INFO - [2023-07-10T01:54:33.618+0000] {dag.py:3490} INFO - Setting next_dagrun for example_dynamic_task_mapping_with_no_taskflow_operators to 2023-07-09T01:54:33.617989+00:00, run_after=2023-07-10T01:54:33.617989+00:00
[2023-07-10T01:54:33.636+0000] {processor.py:179} INFO - Processing /home/airflow/.local/lib/python3.7/site-packages/airflow/example_dags/example_dynamic_task_mapping_with_no_taskflow_operators.py took 0.070 seconds
[2023-07-10T01:55:04.557+0000] {processor.py:157} INFO - Started process (PID=10340) to work on /home/airflow/.local/lib/python3.7/site-packages/airflow/example_dags/example_dynamic_task_mapping_with_no_taskflow_operators.py
[2023-07-10T01:55:04.558+0000] {processor.py:826} INFO - Processing file /home/airflow/.local/lib/python3.7/site-packages/airflow/example_dags/example_dynamic_task_mapping_with_no_taskflow_operators.py for tasks to queue
[2023-07-10T01:55:04.559+0000] {logging_mixin.py:149} INFO - [2023-07-10T01:55:04.559+0000] {dagbag.py:541} INFO - Filling up the DagBag from /home/airflow/.local/lib/python3.7/site-packages/airflow/example_dags/example_dynamic_task_mapping_with_no_taskflow_operators.py
[2023-07-10T01:55:04.565+0000] {processor.py:836} INFO - DAG(s) dict_keys(['example_dynamic_task_mapping_with_no_taskflow_operators']) retrieved from /home/airflow/.local/lib/python3.7/site-packages/airflow/example_dags/example_dynamic_task_mapping_with_no_taskflow_operators.py
[2023-07-10T01:55:04.585+0000] {logging_mixin.py:149} INFO - [2023-07-10T01:55:04.585+0000] {dag.py:2726} INFO - Sync 1 DAGs
[2023-07-10T01:55:04.611+0000] {logging_mixin.py:149} INFO - [2023-07-10T01:55:04.611+0000] {dag.py:3490} INFO - Setting next_dagrun for example_dynamic_task_mapping_with_no_taskflow_operators to 2023-07-09T01:55:04.610975+00:00, run_after=2023-07-10T01:55:04.610975+00:00
[2023-07-10T01:55:04.626+0000] {processor.py:179} INFO - Processing /home/airflow/.local/lib/python3.7/site-packages/airflow/example_dags/example_dynamic_task_mapping_with_no_taskflow_operators.py took 0.072 seconds
[2023-07-10T01:55:35.498+0000] {processor.py:157} INFO - Started process (PID=10594) to work on /home/airflow/.local/lib/python3.7/site-packages/airflow/example_dags/example_dynamic_task_mapping_with_no_taskflow_operators.py
[2023-07-10T01:55:35.499+0000] {processor.py:826} INFO - Processing file /home/airflow/.local/lib/python3.7/site-packages/airflow/example_dags/example_dynamic_task_mapping_with_no_taskflow_operators.py for tasks to queue
[2023-07-10T01:55:35.499+0000] {logging_mixin.py:149} INFO - [2023-07-10T01:55:35.499+0000] {dagbag.py:541} INFO - Filling up the DagBag from /home/airflow/.local/lib/python3.7/site-packages/airflow/example_dags/example_dynamic_task_mapping_with_no_taskflow_operators.py
[2023-07-10T01:55:35.505+0000] {processor.py:836} INFO - DAG(s) dict_keys(['example_dynamic_task_mapping_with_no_taskflow_operators']) retrieved from /home/airflow/.local/lib/python3.7/site-packages/airflow/example_dags/example_dynamic_task_mapping_with_no_taskflow_operators.py
[2023-07-10T01:55:35.533+0000] {logging_mixin.py:149} INFO - [2023-07-10T01:55:35.532+0000] {dag.py:2726} INFO - Sync 1 DAGs
[2023-07-10T01:55:35.558+0000] {logging_mixin.py:149} INFO - [2023-07-10T01:55:35.558+0000] {dag.py:3490} INFO - Setting next_dagrun for example_dynamic_task_mapping_with_no_taskflow_operators to 2023-07-09T01:55:35.557894+00:00, run_after=2023-07-10T01:55:35.557894+00:00
[2023-07-10T01:55:35.574+0000] {processor.py:179} INFO - Processing /home/airflow/.local/lib/python3.7/site-packages/airflow/example_dags/example_dynamic_task_mapping_with_no_taskflow_operators.py took 0.079 seconds
[2023-07-10T01:56:06.128+0000] {processor.py:157} INFO - Started process (PID=10848) to work on /home/airflow/.local/lib/python3.7/site-packages/airflow/example_dags/example_dynamic_task_mapping_with_no_taskflow_operators.py
[2023-07-10T01:56:06.129+0000] {processor.py:826} INFO - Processing file /home/airflow/.local/lib/python3.7/site-packages/airflow/example_dags/example_dynamic_task_mapping_with_no_taskflow_operators.py for tasks to queue
[2023-07-10T01:56:06.130+0000] {logging_mixin.py:149} INFO - [2023-07-10T01:56:06.129+0000] {dagbag.py:541} INFO - Filling up the DagBag from /home/airflow/.local/lib/python3.7/site-packages/airflow/example_dags/example_dynamic_task_mapping_with_no_taskflow_operators.py
[2023-07-10T01:56:06.135+0000] {processor.py:836} INFO - DAG(s) dict_keys(['example_dynamic_task_mapping_with_no_taskflow_operators']) retrieved from /home/airflow/.local/lib/python3.7/site-packages/airflow/example_dags/example_dynamic_task_mapping_with_no_taskflow_operators.py
[2023-07-10T01:56:06.155+0000] {logging_mixin.py:149} INFO - [2023-07-10T01:56:06.155+0000] {dag.py:2726} INFO - Sync 1 DAGs
[2023-07-10T01:56:06.177+0000] {logging_mixin.py:149} INFO - [2023-07-10T01:56:06.177+0000] {dag.py:3490} INFO - Setting next_dagrun for example_dynamic_task_mapping_with_no_taskflow_operators to 2023-07-09T01:56:06.177280+00:00, run_after=2023-07-10T01:56:06.177280+00:00
[2023-07-10T01:56:06.193+0000] {processor.py:179} INFO - Processing /home/airflow/.local/lib/python3.7/site-packages/airflow/example_dags/example_dynamic_task_mapping_with_no_taskflow_operators.py took 0.069 seconds
[2023-07-10T01:56:36.859+0000] {processor.py:157} INFO - Started process (PID=11114) to work on /home/airflow/.local/lib/python3.7/site-packages/airflow/example_dags/example_dynamic_task_mapping_with_no_taskflow_operators.py
[2023-07-10T01:56:36.860+0000] {processor.py:826} INFO - Processing file /home/airflow/.local/lib/python3.7/site-packages/airflow/example_dags/example_dynamic_task_mapping_with_no_taskflow_operators.py for tasks to queue
[2023-07-10T01:56:36.861+0000] {logging_mixin.py:149} INFO - [2023-07-10T01:56:36.860+0000] {dagbag.py:541} INFO - Filling up the DagBag from /home/airflow/.local/lib/python3.7/site-packages/airflow/example_dags/example_dynamic_task_mapping_with_no_taskflow_operators.py
[2023-07-10T01:56:36.866+0000] {processor.py:836} INFO - DAG(s) dict_keys(['example_dynamic_task_mapping_with_no_taskflow_operators']) retrieved from /home/airflow/.local/lib/python3.7/site-packages/airflow/example_dags/example_dynamic_task_mapping_with_no_taskflow_operators.py
[2023-07-10T01:56:36.885+0000] {logging_mixin.py:149} INFO - [2023-07-10T01:56:36.885+0000] {dag.py:2726} INFO - Sync 1 DAGs
[2023-07-10T01:56:36.906+0000] {logging_mixin.py:149} INFO - [2023-07-10T01:56:36.906+0000] {dag.py:3490} INFO - Setting next_dagrun for example_dynamic_task_mapping_with_no_taskflow_operators to 2023-07-09T01:56:36.905793+00:00, run_after=2023-07-10T01:56:36.905793+00:00
[2023-07-10T01:56:36.923+0000] {processor.py:179} INFO - Processing /home/airflow/.local/lib/python3.7/site-packages/airflow/example_dags/example_dynamic_task_mapping_with_no_taskflow_operators.py took 0.068 seconds
[2023-07-10T01:57:07.618+0000] {processor.py:157} INFO - Started process (PID=11368) to work on /home/airflow/.local/lib/python3.7/site-packages/airflow/example_dags/example_dynamic_task_mapping_with_no_taskflow_operators.py
[2023-07-10T01:57:07.619+0000] {processor.py:826} INFO - Processing file /home/airflow/.local/lib/python3.7/site-packages/airflow/example_dags/example_dynamic_task_mapping_with_no_taskflow_operators.py for tasks to queue
[2023-07-10T01:57:07.621+0000] {logging_mixin.py:149} INFO - [2023-07-10T01:57:07.620+0000] {dagbag.py:541} INFO - Filling up the DagBag from /home/airflow/.local/lib/python3.7/site-packages/airflow/example_dags/example_dynamic_task_mapping_with_no_taskflow_operators.py
[2023-07-10T01:57:07.628+0000] {processor.py:836} INFO - DAG(s) dict_keys(['example_dynamic_task_mapping_with_no_taskflow_operators']) retrieved from /home/airflow/.local/lib/python3.7/site-packages/airflow/example_dags/example_dynamic_task_mapping_with_no_taskflow_operators.py
[2023-07-10T01:57:07.653+0000] {logging_mixin.py:149} INFO - [2023-07-10T01:57:07.652+0000] {dag.py:2726} INFO - Sync 1 DAGs
[2023-07-10T01:57:07.677+0000] {logging_mixin.py:149} INFO - [2023-07-10T01:57:07.677+0000] {dag.py:3490} INFO - Setting next_dagrun for example_dynamic_task_mapping_with_no_taskflow_operators to 2023-07-09T01:57:07.677279+00:00, run_after=2023-07-10T01:57:07.677279+00:00
[2023-07-10T01:57:07.695+0000] {processor.py:179} INFO - Processing /home/airflow/.local/lib/python3.7/site-packages/airflow/example_dags/example_dynamic_task_mapping_with_no_taskflow_operators.py took 0.079 seconds
[2023-07-10T01:57:37.876+0000] {processor.py:157} INFO - Started process (PID=11624) to work on /home/airflow/.local/lib/python3.7/site-packages/airflow/example_dags/example_dynamic_task_mapping_with_no_taskflow_operators.py
[2023-07-10T01:57:37.877+0000] {processor.py:826} INFO - Processing file /home/airflow/.local/lib/python3.7/site-packages/airflow/example_dags/example_dynamic_task_mapping_with_no_taskflow_operators.py for tasks to queue
[2023-07-10T01:57:37.878+0000] {logging_mixin.py:149} INFO - [2023-07-10T01:57:37.878+0000] {dagbag.py:541} INFO - Filling up the DagBag from /home/airflow/.local/lib/python3.7/site-packages/airflow/example_dags/example_dynamic_task_mapping_with_no_taskflow_operators.py
[2023-07-10T01:57:37.884+0000] {processor.py:836} INFO - DAG(s) dict_keys(['example_dynamic_task_mapping_with_no_taskflow_operators']) retrieved from /home/airflow/.local/lib/python3.7/site-packages/airflow/example_dags/example_dynamic_task_mapping_with_no_taskflow_operators.py
[2023-07-10T01:57:37.901+0000] {logging_mixin.py:149} INFO - [2023-07-10T01:57:37.901+0000] {dag.py:2726} INFO - Sync 1 DAGs
[2023-07-10T01:57:37.924+0000] {logging_mixin.py:149} INFO - [2023-07-10T01:57:37.924+0000] {dag.py:3490} INFO - Setting next_dagrun for example_dynamic_task_mapping_with_no_taskflow_operators to 2023-07-09T01:57:37.924151+00:00, run_after=2023-07-10T01:57:37.924151+00:00
[2023-07-10T01:57:37.941+0000] {processor.py:179} INFO - Processing /home/airflow/.local/lib/python3.7/site-packages/airflow/example_dags/example_dynamic_task_mapping_with_no_taskflow_operators.py took 0.067 seconds
[2023-07-10T01:58:08.880+0000] {processor.py:157} INFO - Started process (PID=11876) to work on /home/airflow/.local/lib/python3.7/site-packages/airflow/example_dags/example_dynamic_task_mapping_with_no_taskflow_operators.py
[2023-07-10T01:58:08.882+0000] {processor.py:826} INFO - Processing file /home/airflow/.local/lib/python3.7/site-packages/airflow/example_dags/example_dynamic_task_mapping_with_no_taskflow_operators.py for tasks to queue
[2023-07-10T01:58:08.883+0000] {logging_mixin.py:149} INFO - [2023-07-10T01:58:08.882+0000] {dagbag.py:541} INFO - Filling up the DagBag from /home/airflow/.local/lib/python3.7/site-packages/airflow/example_dags/example_dynamic_task_mapping_with_no_taskflow_operators.py
[2023-07-10T01:58:08.890+0000] {processor.py:836} INFO - DAG(s) dict_keys(['example_dynamic_task_mapping_with_no_taskflow_operators']) retrieved from /home/airflow/.local/lib/python3.7/site-packages/airflow/example_dags/example_dynamic_task_mapping_with_no_taskflow_operators.py
[2023-07-10T01:58:08.928+0000] {logging_mixin.py:149} INFO - [2023-07-10T01:58:08.927+0000] {dag.py:2726} INFO - Sync 1 DAGs
[2023-07-10T01:58:08.950+0000] {logging_mixin.py:149} INFO - [2023-07-10T01:58:08.950+0000] {dag.py:3490} INFO - Setting next_dagrun for example_dynamic_task_mapping_with_no_taskflow_operators to 2023-07-09T01:58:08.949890+00:00, run_after=2023-07-10T01:58:08.949890+00:00
[2023-07-10T01:58:08.966+0000] {processor.py:179} INFO - Processing /home/airflow/.local/lib/python3.7/site-packages/airflow/example_dags/example_dynamic_task_mapping_with_no_taskflow_operators.py took 0.089 seconds
[2023-07-10T01:58:39.668+0000] {processor.py:157} INFO - Started process (PID=12130) to work on /home/airflow/.local/lib/python3.7/site-packages/airflow/example_dags/example_dynamic_task_mapping_with_no_taskflow_operators.py
[2023-07-10T01:58:39.670+0000] {processor.py:826} INFO - Processing file /home/airflow/.local/lib/python3.7/site-packages/airflow/example_dags/example_dynamic_task_mapping_with_no_taskflow_operators.py for tasks to queue
[2023-07-10T01:58:39.670+0000] {logging_mixin.py:149} INFO - [2023-07-10T01:58:39.670+0000] {dagbag.py:541} INFO - Filling up the DagBag from /home/airflow/.local/lib/python3.7/site-packages/airflow/example_dags/example_dynamic_task_mapping_with_no_taskflow_operators.py
[2023-07-10T01:58:39.676+0000] {processor.py:836} INFO - DAG(s) dict_keys(['example_dynamic_task_mapping_with_no_taskflow_operators']) retrieved from /home/airflow/.local/lib/python3.7/site-packages/airflow/example_dags/example_dynamic_task_mapping_with_no_taskflow_operators.py
[2023-07-10T01:58:39.696+0000] {logging_mixin.py:149} INFO - [2023-07-10T01:58:39.696+0000] {dag.py:2726} INFO - Sync 1 DAGs
[2023-07-10T01:58:39.718+0000] {logging_mixin.py:149} INFO - [2023-07-10T01:58:39.718+0000] {dag.py:3490} INFO - Setting next_dagrun for example_dynamic_task_mapping_with_no_taskflow_operators to 2023-07-09T01:58:39.718267+00:00, run_after=2023-07-10T01:58:39.718267+00:00
[2023-07-10T01:58:39.734+0000] {processor.py:179} INFO - Processing /home/airflow/.local/lib/python3.7/site-packages/airflow/example_dags/example_dynamic_task_mapping_with_no_taskflow_operators.py took 0.068 seconds
