[2023-07-10T01:34:37.129+0000] {processor.py:157} INFO - Started process (PID=217) to work on /home/airflow/.local/lib/python3.7/site-packages/airflow/example_dags/example_bash_operator.py
[2023-07-10T01:34:37.130+0000] {processor.py:826} INFO - Processing file /home/airflow/.local/lib/python3.7/site-packages/airflow/example_dags/example_bash_operator.py for tasks to queue
[2023-07-10T01:34:37.130+0000] {logging_mixin.py:149} INFO - [2023-07-10T01:34:37.130+0000] {dagbag.py:541} INFO - Filling up the DagBag from /home/airflow/.local/lib/python3.7/site-packages/airflow/example_dags/example_bash_operator.py
[2023-07-10T01:34:37.147+0000] {processor.py:836} INFO - DAG(s) dict_keys(['example_bash_operator']) retrieved from /home/airflow/.local/lib/python3.7/site-packages/airflow/example_dags/example_bash_operator.py
[2023-07-10T01:34:37.185+0000] {logging_mixin.py:149} INFO - [2023-07-10T01:34:37.185+0000] {dag.py:2726} INFO - Sync 1 DAGs
[2023-07-10T01:34:37.213+0000] {logging_mixin.py:149} INFO - [2023-07-10T01:34:37.212+0000] {dag.py:3490} INFO - Setting next_dagrun for example_bash_operator to 2023-07-09T00:00:00+00:00, run_after=2023-07-10T00:00:00+00:00
[2023-07-10T01:34:37.231+0000] {processor.py:179} INFO - Processing /home/airflow/.local/lib/python3.7/site-packages/airflow/example_dags/example_bash_operator.py took 0.105 seconds
[2023-07-10T01:35:08.206+0000] {processor.py:157} INFO - Started process (PID=467) to work on /home/airflow/.local/lib/python3.7/site-packages/airflow/example_dags/example_bash_operator.py
[2023-07-10T01:35:08.206+0000] {processor.py:826} INFO - Processing file /home/airflow/.local/lib/python3.7/site-packages/airflow/example_dags/example_bash_operator.py for tasks to queue
[2023-07-10T01:35:08.207+0000] {logging_mixin.py:149} INFO - [2023-07-10T01:35:08.207+0000] {dagbag.py:541} INFO - Filling up the DagBag from /home/airflow/.local/lib/python3.7/site-packages/airflow/example_dags/example_bash_operator.py
[2023-07-10T01:35:08.219+0000] {processor.py:836} INFO - DAG(s) dict_keys(['example_bash_operator']) retrieved from /home/airflow/.local/lib/python3.7/site-packages/airflow/example_dags/example_bash_operator.py
[2023-07-10T01:35:08.249+0000] {logging_mixin.py:149} INFO - [2023-07-10T01:35:08.249+0000] {dag.py:2726} INFO - Sync 1 DAGs
[2023-07-10T01:35:08.269+0000] {logging_mixin.py:149} INFO - [2023-07-10T01:35:08.269+0000] {dag.py:3490} INFO - Setting next_dagrun for example_bash_operator to 2023-07-09T00:00:00+00:00, run_after=2023-07-10T00:00:00+00:00
[2023-07-10T01:35:08.285+0000] {processor.py:179} INFO - Processing /home/airflow/.local/lib/python3.7/site-packages/airflow/example_dags/example_bash_operator.py took 0.081 seconds
[2023-07-10T01:35:38.362+0000] {processor.py:157} INFO - Started process (PID=716) to work on /home/airflow/.local/lib/python3.7/site-packages/airflow/example_dags/example_bash_operator.py
[2023-07-10T01:35:38.362+0000] {processor.py:826} INFO - Processing file /home/airflow/.local/lib/python3.7/site-packages/airflow/example_dags/example_bash_operator.py for tasks to queue
[2023-07-10T01:35:38.363+0000] {logging_mixin.py:149} INFO - [2023-07-10T01:35:38.363+0000] {dagbag.py:541} INFO - Filling up the DagBag from /home/airflow/.local/lib/python3.7/site-packages/airflow/example_dags/example_bash_operator.py
[2023-07-10T01:35:38.377+0000] {processor.py:836} INFO - DAG(s) dict_keys(['example_bash_operator']) retrieved from /home/airflow/.local/lib/python3.7/site-packages/airflow/example_dags/example_bash_operator.py
[2023-07-10T01:35:38.410+0000] {logging_mixin.py:149} INFO - [2023-07-10T01:35:38.410+0000] {dag.py:2726} INFO - Sync 1 DAGs
[2023-07-10T01:35:38.431+0000] {logging_mixin.py:149} INFO - [2023-07-10T01:35:38.431+0000] {dag.py:3490} INFO - Setting next_dagrun for example_bash_operator to 2023-07-09T00:00:00+00:00, run_after=2023-07-10T00:00:00+00:00
[2023-07-10T01:35:38.529+0000] {processor.py:179} INFO - Processing /home/airflow/.local/lib/python3.7/site-packages/airflow/example_dags/example_bash_operator.py took 0.170 seconds
[2023-07-10T01:36:09.323+0000] {processor.py:157} INFO - Started process (PID=965) to work on /home/airflow/.local/lib/python3.7/site-packages/airflow/example_dags/example_bash_operator.py
[2023-07-10T01:36:09.324+0000] {processor.py:826} INFO - Processing file /home/airflow/.local/lib/python3.7/site-packages/airflow/example_dags/example_bash_operator.py for tasks to queue
[2023-07-10T01:36:09.325+0000] {logging_mixin.py:149} INFO - [2023-07-10T01:36:09.325+0000] {dagbag.py:541} INFO - Filling up the DagBag from /home/airflow/.local/lib/python3.7/site-packages/airflow/example_dags/example_bash_operator.py
[2023-07-10T01:36:09.337+0000] {processor.py:836} INFO - DAG(s) dict_keys(['example_bash_operator']) retrieved from /home/airflow/.local/lib/python3.7/site-packages/airflow/example_dags/example_bash_operator.py
[2023-07-10T01:36:09.437+0000] {logging_mixin.py:149} INFO - [2023-07-10T01:36:09.437+0000] {dag.py:2726} INFO - Sync 1 DAGs
[2023-07-10T01:36:09.457+0000] {logging_mixin.py:149} INFO - [2023-07-10T01:36:09.457+0000] {dag.py:3490} INFO - Setting next_dagrun for example_bash_operator to 2023-07-09T00:00:00+00:00, run_after=2023-07-10T00:00:00+00:00
[2023-07-10T01:36:09.474+0000] {processor.py:179} INFO - Processing /home/airflow/.local/lib/python3.7/site-packages/airflow/example_dags/example_bash_operator.py took 0.153 seconds
[2023-07-10T01:36:39.620+0000] {processor.py:157} INFO - Started process (PID=1214) to work on /home/airflow/.local/lib/python3.7/site-packages/airflow/example_dags/example_bash_operator.py
[2023-07-10T01:36:39.621+0000] {processor.py:826} INFO - Processing file /home/airflow/.local/lib/python3.7/site-packages/airflow/example_dags/example_bash_operator.py for tasks to queue
[2023-07-10T01:36:39.621+0000] {logging_mixin.py:149} INFO - [2023-07-10T01:36:39.621+0000] {dagbag.py:541} INFO - Filling up the DagBag from /home/airflow/.local/lib/python3.7/site-packages/airflow/example_dags/example_bash_operator.py
[2023-07-10T01:36:39.633+0000] {processor.py:836} INFO - DAG(s) dict_keys(['example_bash_operator']) retrieved from /home/airflow/.local/lib/python3.7/site-packages/airflow/example_dags/example_bash_operator.py
[2023-07-10T01:36:39.665+0000] {logging_mixin.py:149} INFO - [2023-07-10T01:36:39.665+0000] {dag.py:2726} INFO - Sync 1 DAGs
[2023-07-10T01:36:39.688+0000] {logging_mixin.py:149} INFO - [2023-07-10T01:36:39.688+0000] {dag.py:3490} INFO - Setting next_dagrun for example_bash_operator to 2023-07-09T00:00:00+00:00, run_after=2023-07-10T00:00:00+00:00
[2023-07-10T01:36:39.708+0000] {processor.py:179} INFO - Processing /home/airflow/.local/lib/python3.7/site-packages/airflow/example_dags/example_bash_operator.py took 0.091 seconds
[2023-07-10T01:37:09.933+0000] {processor.py:157} INFO - Started process (PID=1463) to work on /home/airflow/.local/lib/python3.7/site-packages/airflow/example_dags/example_bash_operator.py
[2023-07-10T01:37:09.935+0000] {processor.py:826} INFO - Processing file /home/airflow/.local/lib/python3.7/site-packages/airflow/example_dags/example_bash_operator.py for tasks to queue
[2023-07-10T01:37:09.936+0000] {logging_mixin.py:149} INFO - [2023-07-10T01:37:09.936+0000] {dagbag.py:541} INFO - Filling up the DagBag from /home/airflow/.local/lib/python3.7/site-packages/airflow/example_dags/example_bash_operator.py
[2023-07-10T01:37:09.951+0000] {processor.py:836} INFO - DAG(s) dict_keys(['example_bash_operator']) retrieved from /home/airflow/.local/lib/python3.7/site-packages/airflow/example_dags/example_bash_operator.py
[2023-07-10T01:37:09.984+0000] {logging_mixin.py:149} INFO - [2023-07-10T01:37:09.984+0000] {dag.py:2726} INFO - Sync 1 DAGs
[2023-07-10T01:37:10.008+0000] {logging_mixin.py:149} INFO - [2023-07-10T01:37:10.008+0000] {dag.py:3490} INFO - Setting next_dagrun for example_bash_operator to 2023-07-09T00:00:00+00:00, run_after=2023-07-10T00:00:00+00:00
[2023-07-10T01:37:10.027+0000] {processor.py:179} INFO - Processing /home/airflow/.local/lib/python3.7/site-packages/airflow/example_dags/example_bash_operator.py took 0.097 seconds
[2023-07-10T01:37:40.111+0000] {processor.py:157} INFO - Started process (PID=1712) to work on /home/airflow/.local/lib/python3.7/site-packages/airflow/example_dags/example_bash_operator.py
[2023-07-10T01:37:40.112+0000] {processor.py:826} INFO - Processing file /home/airflow/.local/lib/python3.7/site-packages/airflow/example_dags/example_bash_operator.py for tasks to queue
[2023-07-10T01:37:40.113+0000] {logging_mixin.py:149} INFO - [2023-07-10T01:37:40.112+0000] {dagbag.py:541} INFO - Filling up the DagBag from /home/airflow/.local/lib/python3.7/site-packages/airflow/example_dags/example_bash_operator.py
[2023-07-10T01:37:40.124+0000] {processor.py:836} INFO - DAG(s) dict_keys(['example_bash_operator']) retrieved from /home/airflow/.local/lib/python3.7/site-packages/airflow/example_dags/example_bash_operator.py
[2023-07-10T01:37:40.154+0000] {logging_mixin.py:149} INFO - [2023-07-10T01:37:40.154+0000] {dag.py:2726} INFO - Sync 1 DAGs
[2023-07-10T01:37:40.176+0000] {logging_mixin.py:149} INFO - [2023-07-10T01:37:40.176+0000] {dag.py:3490} INFO - Setting next_dagrun for example_bash_operator to 2023-07-09T00:00:00+00:00, run_after=2023-07-10T00:00:00+00:00
[2023-07-10T01:37:40.194+0000] {processor.py:179} INFO - Processing /home/airflow/.local/lib/python3.7/site-packages/airflow/example_dags/example_bash_operator.py took 0.086 seconds
[2023-07-10T01:38:10.265+0000] {processor.py:157} INFO - Started process (PID=1961) to work on /home/airflow/.local/lib/python3.7/site-packages/airflow/example_dags/example_bash_operator.py
[2023-07-10T01:38:10.266+0000] {processor.py:826} INFO - Processing file /home/airflow/.local/lib/python3.7/site-packages/airflow/example_dags/example_bash_operator.py for tasks to queue
[2023-07-10T01:38:10.267+0000] {logging_mixin.py:149} INFO - [2023-07-10T01:38:10.267+0000] {dagbag.py:541} INFO - Filling up the DagBag from /home/airflow/.local/lib/python3.7/site-packages/airflow/example_dags/example_bash_operator.py
[2023-07-10T01:38:10.279+0000] {processor.py:836} INFO - DAG(s) dict_keys(['example_bash_operator']) retrieved from /home/airflow/.local/lib/python3.7/site-packages/airflow/example_dags/example_bash_operator.py
[2023-07-10T01:38:10.309+0000] {logging_mixin.py:149} INFO - [2023-07-10T01:38:10.309+0000] {dag.py:2726} INFO - Sync 1 DAGs
[2023-07-10T01:38:10.330+0000] {logging_mixin.py:149} INFO - [2023-07-10T01:38:10.330+0000] {dag.py:3490} INFO - Setting next_dagrun for example_bash_operator to 2023-07-09T00:00:00+00:00, run_after=2023-07-10T00:00:00+00:00
[2023-07-10T01:38:10.348+0000] {processor.py:179} INFO - Processing /home/airflow/.local/lib/python3.7/site-packages/airflow/example_dags/example_bash_operator.py took 0.085 seconds
[2023-07-10T01:38:40.527+0000] {processor.py:157} INFO - Started process (PID=2210) to work on /home/airflow/.local/lib/python3.7/site-packages/airflow/example_dags/example_bash_operator.py
[2023-07-10T01:38:40.528+0000] {processor.py:826} INFO - Processing file /home/airflow/.local/lib/python3.7/site-packages/airflow/example_dags/example_bash_operator.py for tasks to queue
[2023-07-10T01:38:40.529+0000] {logging_mixin.py:149} INFO - [2023-07-10T01:38:40.529+0000] {dagbag.py:541} INFO - Filling up the DagBag from /home/airflow/.local/lib/python3.7/site-packages/airflow/example_dags/example_bash_operator.py
[2023-07-10T01:38:40.542+0000] {processor.py:836} INFO - DAG(s) dict_keys(['example_bash_operator']) retrieved from /home/airflow/.local/lib/python3.7/site-packages/airflow/example_dags/example_bash_operator.py
[2023-07-10T01:38:40.553+0000] {logging_mixin.py:149} INFO - [2023-07-10T01:38:40.553+0000] {dag.py:2726} INFO - Sync 1 DAGs
[2023-07-10T01:38:40.574+0000] {logging_mixin.py:149} INFO - [2023-07-10T01:38:40.574+0000] {dag.py:3490} INFO - Setting next_dagrun for example_bash_operator to 2023-07-09T00:00:00+00:00, run_after=2023-07-10T00:00:00+00:00
[2023-07-10T01:38:40.591+0000] {processor.py:179} INFO - Processing /home/airflow/.local/lib/python3.7/site-packages/airflow/example_dags/example_bash_operator.py took 0.067 seconds
[2023-07-10T01:39:10.895+0000] {processor.py:157} INFO - Started process (PID=2459) to work on /home/airflow/.local/lib/python3.7/site-packages/airflow/example_dags/example_bash_operator.py
[2023-07-10T01:39:10.896+0000] {processor.py:826} INFO - Processing file /home/airflow/.local/lib/python3.7/site-packages/airflow/example_dags/example_bash_operator.py for tasks to queue
[2023-07-10T01:39:10.897+0000] {logging_mixin.py:149} INFO - [2023-07-10T01:39:10.897+0000] {dagbag.py:541} INFO - Filling up the DagBag from /home/airflow/.local/lib/python3.7/site-packages/airflow/example_dags/example_bash_operator.py
[2023-07-10T01:39:10.909+0000] {processor.py:836} INFO - DAG(s) dict_keys(['example_bash_operator']) retrieved from /home/airflow/.local/lib/python3.7/site-packages/airflow/example_dags/example_bash_operator.py
[2023-07-10T01:39:10.940+0000] {logging_mixin.py:149} INFO - [2023-07-10T01:39:10.939+0000] {dag.py:2726} INFO - Sync 1 DAGs
[2023-07-10T01:39:10.961+0000] {logging_mixin.py:149} INFO - [2023-07-10T01:39:10.960+0000] {dag.py:3490} INFO - Setting next_dagrun for example_bash_operator to 2023-07-09T00:00:00+00:00, run_after=2023-07-10T00:00:00+00:00
[2023-07-10T01:39:10.988+0000] {processor.py:179} INFO - Processing /home/airflow/.local/lib/python3.7/site-packages/airflow/example_dags/example_bash_operator.py took 0.096 seconds
[2023-07-10T01:39:41.094+0000] {processor.py:157} INFO - Started process (PID=2708) to work on /home/airflow/.local/lib/python3.7/site-packages/airflow/example_dags/example_bash_operator.py
[2023-07-10T01:39:41.095+0000] {processor.py:826} INFO - Processing file /home/airflow/.local/lib/python3.7/site-packages/airflow/example_dags/example_bash_operator.py for tasks to queue
[2023-07-10T01:39:41.096+0000] {logging_mixin.py:149} INFO - [2023-07-10T01:39:41.096+0000] {dagbag.py:541} INFO - Filling up the DagBag from /home/airflow/.local/lib/python3.7/site-packages/airflow/example_dags/example_bash_operator.py
[2023-07-10T01:39:41.107+0000] {processor.py:836} INFO - DAG(s) dict_keys(['example_bash_operator']) retrieved from /home/airflow/.local/lib/python3.7/site-packages/airflow/example_dags/example_bash_operator.py
[2023-07-10T01:39:41.139+0000] {logging_mixin.py:149} INFO - [2023-07-10T01:39:41.138+0000] {dag.py:2726} INFO - Sync 1 DAGs
[2023-07-10T01:39:41.159+0000] {logging_mixin.py:149} INFO - [2023-07-10T01:39:41.159+0000] {dag.py:3490} INFO - Setting next_dagrun for example_bash_operator to 2023-07-09T00:00:00+00:00, run_after=2023-07-10T00:00:00+00:00
[2023-07-10T01:39:41.178+0000] {processor.py:179} INFO - Processing /home/airflow/.local/lib/python3.7/site-packages/airflow/example_dags/example_bash_operator.py took 0.087 seconds
[2023-07-10T01:40:11.231+0000] {processor.py:157} INFO - Started process (PID=2957) to work on /home/airflow/.local/lib/python3.7/site-packages/airflow/example_dags/example_bash_operator.py
[2023-07-10T01:40:11.232+0000] {processor.py:826} INFO - Processing file /home/airflow/.local/lib/python3.7/site-packages/airflow/example_dags/example_bash_operator.py for tasks to queue
[2023-07-10T01:40:11.233+0000] {logging_mixin.py:149} INFO - [2023-07-10T01:40:11.233+0000] {dagbag.py:541} INFO - Filling up the DagBag from /home/airflow/.local/lib/python3.7/site-packages/airflow/example_dags/example_bash_operator.py
[2023-07-10T01:40:11.245+0000] {processor.py:836} INFO - DAG(s) dict_keys(['example_bash_operator']) retrieved from /home/airflow/.local/lib/python3.7/site-packages/airflow/example_dags/example_bash_operator.py
[2023-07-10T01:40:11.275+0000] {logging_mixin.py:149} INFO - [2023-07-10T01:40:11.275+0000] {dag.py:2726} INFO - Sync 1 DAGs
[2023-07-10T01:40:11.295+0000] {logging_mixin.py:149} INFO - [2023-07-10T01:40:11.295+0000] {dag.py:3490} INFO - Setting next_dagrun for example_bash_operator to 2023-07-09T00:00:00+00:00, run_after=2023-07-10T00:00:00+00:00
[2023-07-10T01:40:11.313+0000] {processor.py:179} INFO - Processing /home/airflow/.local/lib/python3.7/site-packages/airflow/example_dags/example_bash_operator.py took 0.085 seconds
[2023-07-10T01:40:41.734+0000] {processor.py:157} INFO - Started process (PID=3206) to work on /home/airflow/.local/lib/python3.7/site-packages/airflow/example_dags/example_bash_operator.py
[2023-07-10T01:40:41.735+0000] {processor.py:826} INFO - Processing file /home/airflow/.local/lib/python3.7/site-packages/airflow/example_dags/example_bash_operator.py for tasks to queue
[2023-07-10T01:40:41.736+0000] {logging_mixin.py:149} INFO - [2023-07-10T01:40:41.736+0000] {dagbag.py:541} INFO - Filling up the DagBag from /home/airflow/.local/lib/python3.7/site-packages/airflow/example_dags/example_bash_operator.py
[2023-07-10T01:40:41.748+0000] {processor.py:836} INFO - DAG(s) dict_keys(['example_bash_operator']) retrieved from /home/airflow/.local/lib/python3.7/site-packages/airflow/example_dags/example_bash_operator.py
[2023-07-10T01:40:41.781+0000] {logging_mixin.py:149} INFO - [2023-07-10T01:40:41.781+0000] {dag.py:2726} INFO - Sync 1 DAGs
[2023-07-10T01:40:41.804+0000] {logging_mixin.py:149} INFO - [2023-07-10T01:40:41.804+0000] {dag.py:3490} INFO - Setting next_dagrun for example_bash_operator to 2023-07-09T00:00:00+00:00, run_after=2023-07-10T00:00:00+00:00
[2023-07-10T01:40:41.821+0000] {processor.py:179} INFO - Processing /home/airflow/.local/lib/python3.7/site-packages/airflow/example_dags/example_bash_operator.py took 0.089 seconds
[2023-07-10T01:41:12.406+0000] {processor.py:157} INFO - Started process (PID=3455) to work on /home/airflow/.local/lib/python3.7/site-packages/airflow/example_dags/example_bash_operator.py
[2023-07-10T01:41:12.407+0000] {processor.py:826} INFO - Processing file /home/airflow/.local/lib/python3.7/site-packages/airflow/example_dags/example_bash_operator.py for tasks to queue
[2023-07-10T01:41:12.408+0000] {logging_mixin.py:149} INFO - [2023-07-10T01:41:12.408+0000] {dagbag.py:541} INFO - Filling up the DagBag from /home/airflow/.local/lib/python3.7/site-packages/airflow/example_dags/example_bash_operator.py
[2023-07-10T01:41:12.420+0000] {processor.py:836} INFO - DAG(s) dict_keys(['example_bash_operator']) retrieved from /home/airflow/.local/lib/python3.7/site-packages/airflow/example_dags/example_bash_operator.py
[2023-07-10T01:41:12.450+0000] {logging_mixin.py:149} INFO - [2023-07-10T01:41:12.449+0000] {dag.py:2726} INFO - Sync 1 DAGs
[2023-07-10T01:41:12.471+0000] {logging_mixin.py:149} INFO - [2023-07-10T01:41:12.471+0000] {dag.py:3490} INFO - Setting next_dagrun for example_bash_operator to 2023-07-09T00:00:00+00:00, run_after=2023-07-10T00:00:00+00:00
[2023-07-10T01:41:12.489+0000] {processor.py:179} INFO - Processing /home/airflow/.local/lib/python3.7/site-packages/airflow/example_dags/example_bash_operator.py took 0.085 seconds
[2023-07-10T01:41:43.083+0000] {processor.py:157} INFO - Started process (PID=3704) to work on /home/airflow/.local/lib/python3.7/site-packages/airflow/example_dags/example_bash_operator.py
[2023-07-10T01:41:43.084+0000] {processor.py:826} INFO - Processing file /home/airflow/.local/lib/python3.7/site-packages/airflow/example_dags/example_bash_operator.py for tasks to queue
[2023-07-10T01:41:43.085+0000] {logging_mixin.py:149} INFO - [2023-07-10T01:41:43.085+0000] {dagbag.py:541} INFO - Filling up the DagBag from /home/airflow/.local/lib/python3.7/site-packages/airflow/example_dags/example_bash_operator.py
[2023-07-10T01:41:43.098+0000] {processor.py:836} INFO - DAG(s) dict_keys(['example_bash_operator']) retrieved from /home/airflow/.local/lib/python3.7/site-packages/airflow/example_dags/example_bash_operator.py
[2023-07-10T01:41:43.130+0000] {logging_mixin.py:149} INFO - [2023-07-10T01:41:43.130+0000] {dag.py:2726} INFO - Sync 1 DAGs
[2023-07-10T01:41:43.153+0000] {logging_mixin.py:149} INFO - [2023-07-10T01:41:43.153+0000] {dag.py:3490} INFO - Setting next_dagrun for example_bash_operator to 2023-07-09T00:00:00+00:00, run_after=2023-07-10T00:00:00+00:00
[2023-07-10T01:41:43.172+0000] {processor.py:179} INFO - Processing /home/airflow/.local/lib/python3.7/site-packages/airflow/example_dags/example_bash_operator.py took 0.090 seconds
[2023-07-10T01:42:13.840+0000] {processor.py:157} INFO - Started process (PID=3953) to work on /home/airflow/.local/lib/python3.7/site-packages/airflow/example_dags/example_bash_operator.py
[2023-07-10T01:42:13.841+0000] {processor.py:826} INFO - Processing file /home/airflow/.local/lib/python3.7/site-packages/airflow/example_dags/example_bash_operator.py for tasks to queue
[2023-07-10T01:42:13.841+0000] {logging_mixin.py:149} INFO - [2023-07-10T01:42:13.841+0000] {dagbag.py:541} INFO - Filling up the DagBag from /home/airflow/.local/lib/python3.7/site-packages/airflow/example_dags/example_bash_operator.py
[2023-07-10T01:42:13.854+0000] {processor.py:836} INFO - DAG(s) dict_keys(['example_bash_operator']) retrieved from /home/airflow/.local/lib/python3.7/site-packages/airflow/example_dags/example_bash_operator.py
[2023-07-10T01:42:13.884+0000] {logging_mixin.py:149} INFO - [2023-07-10T01:42:13.884+0000] {dag.py:2726} INFO - Sync 1 DAGs
[2023-07-10T01:42:13.906+0000] {logging_mixin.py:149} INFO - [2023-07-10T01:42:13.906+0000] {dag.py:3490} INFO - Setting next_dagrun for example_bash_operator to 2023-07-09T00:00:00+00:00, run_after=2023-07-10T00:00:00+00:00
[2023-07-10T01:42:13.922+0000] {processor.py:179} INFO - Processing /home/airflow/.local/lib/python3.7/site-packages/airflow/example_dags/example_bash_operator.py took 0.085 seconds
[2023-07-10T01:42:44.301+0000] {processor.py:157} INFO - Started process (PID=4202) to work on /home/airflow/.local/lib/python3.7/site-packages/airflow/example_dags/example_bash_operator.py
[2023-07-10T01:42:44.302+0000] {processor.py:826} INFO - Processing file /home/airflow/.local/lib/python3.7/site-packages/airflow/example_dags/example_bash_operator.py for tasks to queue
[2023-07-10T01:42:44.302+0000] {logging_mixin.py:149} INFO - [2023-07-10T01:42:44.302+0000] {dagbag.py:541} INFO - Filling up the DagBag from /home/airflow/.local/lib/python3.7/site-packages/airflow/example_dags/example_bash_operator.py
[2023-07-10T01:42:44.314+0000] {processor.py:836} INFO - DAG(s) dict_keys(['example_bash_operator']) retrieved from /home/airflow/.local/lib/python3.7/site-packages/airflow/example_dags/example_bash_operator.py
[2023-07-10T01:42:44.345+0000] {logging_mixin.py:149} INFO - [2023-07-10T01:42:44.345+0000] {dag.py:2726} INFO - Sync 1 DAGs
[2023-07-10T01:42:44.366+0000] {logging_mixin.py:149} INFO - [2023-07-10T01:42:44.366+0000] {dag.py:3490} INFO - Setting next_dagrun for example_bash_operator to 2023-07-09T00:00:00+00:00, run_after=2023-07-10T00:00:00+00:00
[2023-07-10T01:42:44.384+0000] {processor.py:179} INFO - Processing /home/airflow/.local/lib/python3.7/site-packages/airflow/example_dags/example_bash_operator.py took 0.086 seconds
[2023-07-10T01:43:14.950+0000] {processor.py:157} INFO - Started process (PID=4451) to work on /home/airflow/.local/lib/python3.7/site-packages/airflow/example_dags/example_bash_operator.py
[2023-07-10T01:43:14.950+0000] {processor.py:826} INFO - Processing file /home/airflow/.local/lib/python3.7/site-packages/airflow/example_dags/example_bash_operator.py for tasks to queue
[2023-07-10T01:43:14.951+0000] {logging_mixin.py:149} INFO - [2023-07-10T01:43:14.951+0000] {dagbag.py:541} INFO - Filling up the DagBag from /home/airflow/.local/lib/python3.7/site-packages/airflow/example_dags/example_bash_operator.py
[2023-07-10T01:43:14.963+0000] {processor.py:836} INFO - DAG(s) dict_keys(['example_bash_operator']) retrieved from /home/airflow/.local/lib/python3.7/site-packages/airflow/example_dags/example_bash_operator.py
[2023-07-10T01:43:14.995+0000] {logging_mixin.py:149} INFO - [2023-07-10T01:43:14.995+0000] {dag.py:2726} INFO - Sync 1 DAGs
[2023-07-10T01:43:15.020+0000] {logging_mixin.py:149} INFO - [2023-07-10T01:43:15.020+0000] {dag.py:3490} INFO - Setting next_dagrun for example_bash_operator to 2023-07-09T00:00:00+00:00, run_after=2023-07-10T00:00:00+00:00
[2023-07-10T01:43:15.037+0000] {processor.py:179} INFO - Processing /home/airflow/.local/lib/python3.7/site-packages/airflow/example_dags/example_bash_operator.py took 0.090 seconds
[2023-07-10T01:43:45.487+0000] {processor.py:157} INFO - Started process (PID=4701) to work on /home/airflow/.local/lib/python3.7/site-packages/airflow/example_dags/example_bash_operator.py
[2023-07-10T01:43:45.488+0000] {processor.py:826} INFO - Processing file /home/airflow/.local/lib/python3.7/site-packages/airflow/example_dags/example_bash_operator.py for tasks to queue
[2023-07-10T01:43:45.489+0000] {logging_mixin.py:149} INFO - [2023-07-10T01:43:45.489+0000] {dagbag.py:541} INFO - Filling up the DagBag from /home/airflow/.local/lib/python3.7/site-packages/airflow/example_dags/example_bash_operator.py
[2023-07-10T01:43:45.501+0000] {processor.py:836} INFO - DAG(s) dict_keys(['example_bash_operator']) retrieved from /home/airflow/.local/lib/python3.7/site-packages/airflow/example_dags/example_bash_operator.py
[2023-07-10T01:43:45.534+0000] {logging_mixin.py:149} INFO - [2023-07-10T01:43:45.534+0000] {dag.py:2726} INFO - Sync 1 DAGs
[2023-07-10T01:43:45.555+0000] {logging_mixin.py:149} INFO - [2023-07-10T01:43:45.555+0000] {dag.py:3490} INFO - Setting next_dagrun for example_bash_operator to 2023-07-09T00:00:00+00:00, run_after=2023-07-10T00:00:00+00:00
[2023-07-10T01:43:45.574+0000] {processor.py:179} INFO - Processing /home/airflow/.local/lib/python3.7/site-packages/airflow/example_dags/example_bash_operator.py took 0.089 seconds
[2023-07-10T01:44:16.088+0000] {processor.py:157} INFO - Started process (PID=4950) to work on /home/airflow/.local/lib/python3.7/site-packages/airflow/example_dags/example_bash_operator.py
[2023-07-10T01:44:16.089+0000] {processor.py:826} INFO - Processing file /home/airflow/.local/lib/python3.7/site-packages/airflow/example_dags/example_bash_operator.py for tasks to queue
[2023-07-10T01:44:16.090+0000] {logging_mixin.py:149} INFO - [2023-07-10T01:44:16.090+0000] {dagbag.py:541} INFO - Filling up the DagBag from /home/airflow/.local/lib/python3.7/site-packages/airflow/example_dags/example_bash_operator.py
[2023-07-10T01:44:16.102+0000] {processor.py:836} INFO - DAG(s) dict_keys(['example_bash_operator']) retrieved from /home/airflow/.local/lib/python3.7/site-packages/airflow/example_dags/example_bash_operator.py
[2023-07-10T01:44:16.134+0000] {logging_mixin.py:149} INFO - [2023-07-10T01:44:16.134+0000] {dag.py:2726} INFO - Sync 1 DAGs
[2023-07-10T01:44:16.155+0000] {logging_mixin.py:149} INFO - [2023-07-10T01:44:16.155+0000] {dag.py:3490} INFO - Setting next_dagrun for example_bash_operator to 2023-07-09T00:00:00+00:00, run_after=2023-07-10T00:00:00+00:00
[2023-07-10T01:44:16.179+0000] {processor.py:179} INFO - Processing /home/airflow/.local/lib/python3.7/site-packages/airflow/example_dags/example_bash_operator.py took 0.093 seconds
[2023-07-10T01:44:46.873+0000] {processor.py:157} INFO - Started process (PID=5199) to work on /home/airflow/.local/lib/python3.7/site-packages/airflow/example_dags/example_bash_operator.py
[2023-07-10T01:44:46.874+0000] {processor.py:826} INFO - Processing file /home/airflow/.local/lib/python3.7/site-packages/airflow/example_dags/example_bash_operator.py for tasks to queue
[2023-07-10T01:44:46.875+0000] {logging_mixin.py:149} INFO - [2023-07-10T01:44:46.875+0000] {dagbag.py:541} INFO - Filling up the DagBag from /home/airflow/.local/lib/python3.7/site-packages/airflow/example_dags/example_bash_operator.py
[2023-07-10T01:44:46.886+0000] {processor.py:836} INFO - DAG(s) dict_keys(['example_bash_operator']) retrieved from /home/airflow/.local/lib/python3.7/site-packages/airflow/example_dags/example_bash_operator.py
[2023-07-10T01:44:46.918+0000] {logging_mixin.py:149} INFO - [2023-07-10T01:44:46.918+0000] {dag.py:2726} INFO - Sync 1 DAGs
[2023-07-10T01:44:46.939+0000] {logging_mixin.py:149} INFO - [2023-07-10T01:44:46.939+0000] {dag.py:3490} INFO - Setting next_dagrun for example_bash_operator to 2023-07-09T00:00:00+00:00, run_after=2023-07-10T00:00:00+00:00
[2023-07-10T01:44:46.956+0000] {processor.py:179} INFO - Processing /home/airflow/.local/lib/python3.7/site-packages/airflow/example_dags/example_bash_operator.py took 0.086 seconds
[2023-07-10T01:45:17.410+0000] {processor.py:157} INFO - Started process (PID=5448) to work on /home/airflow/.local/lib/python3.7/site-packages/airflow/example_dags/example_bash_operator.py
[2023-07-10T01:45:17.411+0000] {processor.py:826} INFO - Processing file /home/airflow/.local/lib/python3.7/site-packages/airflow/example_dags/example_bash_operator.py for tasks to queue
[2023-07-10T01:45:17.412+0000] {logging_mixin.py:149} INFO - [2023-07-10T01:45:17.412+0000] {dagbag.py:541} INFO - Filling up the DagBag from /home/airflow/.local/lib/python3.7/site-packages/airflow/example_dags/example_bash_operator.py
[2023-07-10T01:45:17.427+0000] {processor.py:836} INFO - DAG(s) dict_keys(['example_bash_operator']) retrieved from /home/airflow/.local/lib/python3.7/site-packages/airflow/example_dags/example_bash_operator.py
[2023-07-10T01:45:17.464+0000] {logging_mixin.py:149} INFO - [2023-07-10T01:45:17.463+0000] {dag.py:2726} INFO - Sync 1 DAGs
[2023-07-10T01:45:17.496+0000] {logging_mixin.py:149} INFO - [2023-07-10T01:45:17.495+0000] {dag.py:3490} INFO - Setting next_dagrun for example_bash_operator to 2023-07-09T00:00:00+00:00, run_after=2023-07-10T00:00:00+00:00
[2023-07-10T01:45:17.514+0000] {processor.py:179} INFO - Processing /home/airflow/.local/lib/python3.7/site-packages/airflow/example_dags/example_bash_operator.py took 0.106 seconds
[2023-07-10T01:45:47.961+0000] {processor.py:157} INFO - Started process (PID=5697) to work on /home/airflow/.local/lib/python3.7/site-packages/airflow/example_dags/example_bash_operator.py
[2023-07-10T01:45:47.961+0000] {processor.py:826} INFO - Processing file /home/airflow/.local/lib/python3.7/site-packages/airflow/example_dags/example_bash_operator.py for tasks to queue
[2023-07-10T01:45:47.962+0000] {logging_mixin.py:149} INFO - [2023-07-10T01:45:47.962+0000] {dagbag.py:541} INFO - Filling up the DagBag from /home/airflow/.local/lib/python3.7/site-packages/airflow/example_dags/example_bash_operator.py
[2023-07-10T01:45:47.974+0000] {processor.py:836} INFO - DAG(s) dict_keys(['example_bash_operator']) retrieved from /home/airflow/.local/lib/python3.7/site-packages/airflow/example_dags/example_bash_operator.py
[2023-07-10T01:45:48.005+0000] {logging_mixin.py:149} INFO - [2023-07-10T01:45:48.005+0000] {dag.py:2726} INFO - Sync 1 DAGs
[2023-07-10T01:45:48.027+0000] {logging_mixin.py:149} INFO - [2023-07-10T01:45:48.027+0000] {dag.py:3490} INFO - Setting next_dagrun for example_bash_operator to 2023-07-09T00:00:00+00:00, run_after=2023-07-10T00:00:00+00:00
[2023-07-10T01:45:48.052+0000] {processor.py:179} INFO - Processing /home/airflow/.local/lib/python3.7/site-packages/airflow/example_dags/example_bash_operator.py took 0.094 seconds
[2023-07-10T01:46:18.607+0000] {processor.py:157} INFO - Started process (PID=5946) to work on /home/airflow/.local/lib/python3.7/site-packages/airflow/example_dags/example_bash_operator.py
[2023-07-10T01:46:18.608+0000] {processor.py:826} INFO - Processing file /home/airflow/.local/lib/python3.7/site-packages/airflow/example_dags/example_bash_operator.py for tasks to queue
[2023-07-10T01:46:18.608+0000] {logging_mixin.py:149} INFO - [2023-07-10T01:46:18.608+0000] {dagbag.py:541} INFO - Filling up the DagBag from /home/airflow/.local/lib/python3.7/site-packages/airflow/example_dags/example_bash_operator.py
[2023-07-10T01:46:18.620+0000] {processor.py:836} INFO - DAG(s) dict_keys(['example_bash_operator']) retrieved from /home/airflow/.local/lib/python3.7/site-packages/airflow/example_dags/example_bash_operator.py
[2023-07-10T01:46:18.653+0000] {logging_mixin.py:149} INFO - [2023-07-10T01:46:18.653+0000] {dag.py:2726} INFO - Sync 1 DAGs
[2023-07-10T01:46:18.674+0000] {logging_mixin.py:149} INFO - [2023-07-10T01:46:18.674+0000] {dag.py:3490} INFO - Setting next_dagrun for example_bash_operator to 2023-07-09T00:00:00+00:00, run_after=2023-07-10T00:00:00+00:00
[2023-07-10T01:46:18.701+0000] {processor.py:179} INFO - Processing /home/airflow/.local/lib/python3.7/site-packages/airflow/example_dags/example_bash_operator.py took 0.097 seconds
[2023-07-10T01:46:49.415+0000] {processor.py:157} INFO - Started process (PID=6195) to work on /home/airflow/.local/lib/python3.7/site-packages/airflow/example_dags/example_bash_operator.py
[2023-07-10T01:46:49.416+0000] {processor.py:826} INFO - Processing file /home/airflow/.local/lib/python3.7/site-packages/airflow/example_dags/example_bash_operator.py for tasks to queue
[2023-07-10T01:46:49.417+0000] {logging_mixin.py:149} INFO - [2023-07-10T01:46:49.417+0000] {dagbag.py:541} INFO - Filling up the DagBag from /home/airflow/.local/lib/python3.7/site-packages/airflow/example_dags/example_bash_operator.py
[2023-07-10T01:46:49.428+0000] {processor.py:836} INFO - DAG(s) dict_keys(['example_bash_operator']) retrieved from /home/airflow/.local/lib/python3.7/site-packages/airflow/example_dags/example_bash_operator.py
[2023-07-10T01:46:49.464+0000] {logging_mixin.py:149} INFO - [2023-07-10T01:46:49.464+0000] {dag.py:2726} INFO - Sync 1 DAGs
[2023-07-10T01:46:49.485+0000] {logging_mixin.py:149} INFO - [2023-07-10T01:46:49.485+0000] {dag.py:3490} INFO - Setting next_dagrun for example_bash_operator to 2023-07-09T00:00:00+00:00, run_after=2023-07-10T00:00:00+00:00
[2023-07-10T01:46:49.502+0000] {processor.py:179} INFO - Processing /home/airflow/.local/lib/python3.7/site-packages/airflow/example_dags/example_bash_operator.py took 0.090 seconds
[2023-07-10T01:47:19.897+0000] {processor.py:157} INFO - Started process (PID=6444) to work on /home/airflow/.local/lib/python3.7/site-packages/airflow/example_dags/example_bash_operator.py
[2023-07-10T01:47:19.898+0000] {processor.py:826} INFO - Processing file /home/airflow/.local/lib/python3.7/site-packages/airflow/example_dags/example_bash_operator.py for tasks to queue
[2023-07-10T01:47:19.899+0000] {logging_mixin.py:149} INFO - [2023-07-10T01:47:19.899+0000] {dagbag.py:541} INFO - Filling up the DagBag from /home/airflow/.local/lib/python3.7/site-packages/airflow/example_dags/example_bash_operator.py
[2023-07-10T01:47:19.910+0000] {processor.py:836} INFO - DAG(s) dict_keys(['example_bash_operator']) retrieved from /home/airflow/.local/lib/python3.7/site-packages/airflow/example_dags/example_bash_operator.py
[2023-07-10T01:47:19.940+0000] {logging_mixin.py:149} INFO - [2023-07-10T01:47:19.940+0000] {dag.py:2726} INFO - Sync 1 DAGs
[2023-07-10T01:47:19.964+0000] {logging_mixin.py:149} INFO - [2023-07-10T01:47:19.964+0000] {dag.py:3490} INFO - Setting next_dagrun for example_bash_operator to 2023-07-09T00:00:00+00:00, run_after=2023-07-10T00:00:00+00:00
[2023-07-10T01:47:19.993+0000] {processor.py:179} INFO - Processing /home/airflow/.local/lib/python3.7/site-packages/airflow/example_dags/example_bash_operator.py took 0.098 seconds
[2023-07-10T01:47:50.484+0000] {processor.py:157} INFO - Started process (PID=6693) to work on /home/airflow/.local/lib/python3.7/site-packages/airflow/example_dags/example_bash_operator.py
[2023-07-10T01:47:50.485+0000] {processor.py:826} INFO - Processing file /home/airflow/.local/lib/python3.7/site-packages/airflow/example_dags/example_bash_operator.py for tasks to queue
[2023-07-10T01:47:50.486+0000] {logging_mixin.py:149} INFO - [2023-07-10T01:47:50.486+0000] {dagbag.py:541} INFO - Filling up the DagBag from /home/airflow/.local/lib/python3.7/site-packages/airflow/example_dags/example_bash_operator.py
[2023-07-10T01:47:50.497+0000] {processor.py:836} INFO - DAG(s) dict_keys(['example_bash_operator']) retrieved from /home/airflow/.local/lib/python3.7/site-packages/airflow/example_dags/example_bash_operator.py
[2023-07-10T01:47:50.527+0000] {logging_mixin.py:149} INFO - [2023-07-10T01:47:50.527+0000] {dag.py:2726} INFO - Sync 1 DAGs
[2023-07-10T01:47:50.547+0000] {logging_mixin.py:149} INFO - [2023-07-10T01:47:50.547+0000] {dag.py:3490} INFO - Setting next_dagrun for example_bash_operator to 2023-07-09T00:00:00+00:00, run_after=2023-07-10T00:00:00+00:00
[2023-07-10T01:47:50.564+0000] {processor.py:179} INFO - Processing /home/airflow/.local/lib/python3.7/site-packages/airflow/example_dags/example_bash_operator.py took 0.082 seconds
[2023-07-10T01:48:20.963+0000] {processor.py:157} INFO - Started process (PID=6942) to work on /home/airflow/.local/lib/python3.7/site-packages/airflow/example_dags/example_bash_operator.py
[2023-07-10T01:48:20.964+0000] {processor.py:826} INFO - Processing file /home/airflow/.local/lib/python3.7/site-packages/airflow/example_dags/example_bash_operator.py for tasks to queue
[2023-07-10T01:48:20.965+0000] {logging_mixin.py:149} INFO - [2023-07-10T01:48:20.965+0000] {dagbag.py:541} INFO - Filling up the DagBag from /home/airflow/.local/lib/python3.7/site-packages/airflow/example_dags/example_bash_operator.py
[2023-07-10T01:48:20.978+0000] {processor.py:836} INFO - DAG(s) dict_keys(['example_bash_operator']) retrieved from /home/airflow/.local/lib/python3.7/site-packages/airflow/example_dags/example_bash_operator.py
[2023-07-10T01:48:21.013+0000] {logging_mixin.py:149} INFO - [2023-07-10T01:48:21.013+0000] {dag.py:2726} INFO - Sync 1 DAGs
[2023-07-10T01:48:21.034+0000] {logging_mixin.py:149} INFO - [2023-07-10T01:48:21.034+0000] {dag.py:3490} INFO - Setting next_dagrun for example_bash_operator to 2023-07-09T00:00:00+00:00, run_after=2023-07-10T00:00:00+00:00
[2023-07-10T01:48:21.053+0000] {processor.py:179} INFO - Processing /home/airflow/.local/lib/python3.7/site-packages/airflow/example_dags/example_bash_operator.py took 0.093 seconds
[2023-07-10T01:48:51.589+0000] {processor.py:157} INFO - Started process (PID=7191) to work on /home/airflow/.local/lib/python3.7/site-packages/airflow/example_dags/example_bash_operator.py
[2023-07-10T01:48:51.590+0000] {processor.py:826} INFO - Processing file /home/airflow/.local/lib/python3.7/site-packages/airflow/example_dags/example_bash_operator.py for tasks to queue
[2023-07-10T01:48:51.591+0000] {logging_mixin.py:149} INFO - [2023-07-10T01:48:51.591+0000] {dagbag.py:541} INFO - Filling up the DagBag from /home/airflow/.local/lib/python3.7/site-packages/airflow/example_dags/example_bash_operator.py
[2023-07-10T01:48:51.603+0000] {processor.py:836} INFO - DAG(s) dict_keys(['example_bash_operator']) retrieved from /home/airflow/.local/lib/python3.7/site-packages/airflow/example_dags/example_bash_operator.py
[2023-07-10T01:48:51.634+0000] {logging_mixin.py:149} INFO - [2023-07-10T01:48:51.634+0000] {dag.py:2726} INFO - Sync 1 DAGs
[2023-07-10T01:48:51.658+0000] {logging_mixin.py:149} INFO - [2023-07-10T01:48:51.658+0000] {dag.py:3490} INFO - Setting next_dagrun for example_bash_operator to 2023-07-09T00:00:00+00:00, run_after=2023-07-10T00:00:00+00:00
[2023-07-10T01:48:51.675+0000] {processor.py:179} INFO - Processing /home/airflow/.local/lib/python3.7/site-packages/airflow/example_dags/example_bash_operator.py took 0.088 seconds
[2023-07-10T01:49:22.128+0000] {processor.py:157} INFO - Started process (PID=7440) to work on /home/airflow/.local/lib/python3.7/site-packages/airflow/example_dags/example_bash_operator.py
[2023-07-10T01:49:22.129+0000] {processor.py:826} INFO - Processing file /home/airflow/.local/lib/python3.7/site-packages/airflow/example_dags/example_bash_operator.py for tasks to queue
[2023-07-10T01:49:22.130+0000] {logging_mixin.py:149} INFO - [2023-07-10T01:49:22.130+0000] {dagbag.py:541} INFO - Filling up the DagBag from /home/airflow/.local/lib/python3.7/site-packages/airflow/example_dags/example_bash_operator.py
[2023-07-10T01:49:22.142+0000] {processor.py:836} INFO - DAG(s) dict_keys(['example_bash_operator']) retrieved from /home/airflow/.local/lib/python3.7/site-packages/airflow/example_dags/example_bash_operator.py
[2023-07-10T01:49:22.172+0000] {logging_mixin.py:149} INFO - [2023-07-10T01:49:22.172+0000] {dag.py:2726} INFO - Sync 1 DAGs
[2023-07-10T01:49:22.194+0000] {logging_mixin.py:149} INFO - [2023-07-10T01:49:22.194+0000] {dag.py:3490} INFO - Setting next_dagrun for example_bash_operator to 2023-07-09T00:00:00+00:00, run_after=2023-07-10T00:00:00+00:00
[2023-07-10T01:49:22.212+0000] {processor.py:179} INFO - Processing /home/airflow/.local/lib/python3.7/site-packages/airflow/example_dags/example_bash_operator.py took 0.086 seconds
[2023-07-10T01:49:52.645+0000] {processor.py:157} INFO - Started process (PID=7694) to work on /home/airflow/.local/lib/python3.7/site-packages/airflow/example_dags/example_bash_operator.py
[2023-07-10T01:49:52.646+0000] {processor.py:826} INFO - Processing file /home/airflow/.local/lib/python3.7/site-packages/airflow/example_dags/example_bash_operator.py for tasks to queue
[2023-07-10T01:49:52.647+0000] {logging_mixin.py:149} INFO - [2023-07-10T01:49:52.647+0000] {dagbag.py:541} INFO - Filling up the DagBag from /home/airflow/.local/lib/python3.7/site-packages/airflow/example_dags/example_bash_operator.py
[2023-07-10T01:49:52.659+0000] {processor.py:836} INFO - DAG(s) dict_keys(['example_bash_operator']) retrieved from /home/airflow/.local/lib/python3.7/site-packages/airflow/example_dags/example_bash_operator.py
[2023-07-10T01:49:52.694+0000] {logging_mixin.py:149} INFO - [2023-07-10T01:49:52.694+0000] {dag.py:2726} INFO - Sync 1 DAGs
[2023-07-10T01:49:52.717+0000] {logging_mixin.py:149} INFO - [2023-07-10T01:49:52.717+0000] {dag.py:3490} INFO - Setting next_dagrun for example_bash_operator to 2023-07-09T00:00:00+00:00, run_after=2023-07-10T00:00:00+00:00
[2023-07-10T01:49:52.742+0000] {processor.py:179} INFO - Processing /home/airflow/.local/lib/python3.7/site-packages/airflow/example_dags/example_bash_operator.py took 0.100 seconds
[2023-07-10T01:50:23.307+0000] {processor.py:157} INFO - Started process (PID=7948) to work on /home/airflow/.local/lib/python3.7/site-packages/airflow/example_dags/example_bash_operator.py
[2023-07-10T01:50:23.308+0000] {processor.py:826} INFO - Processing file /home/airflow/.local/lib/python3.7/site-packages/airflow/example_dags/example_bash_operator.py for tasks to queue
[2023-07-10T01:50:23.309+0000] {logging_mixin.py:149} INFO - [2023-07-10T01:50:23.309+0000] {dagbag.py:541} INFO - Filling up the DagBag from /home/airflow/.local/lib/python3.7/site-packages/airflow/example_dags/example_bash_operator.py
[2023-07-10T01:50:23.323+0000] {processor.py:836} INFO - DAG(s) dict_keys(['example_bash_operator']) retrieved from /home/airflow/.local/lib/python3.7/site-packages/airflow/example_dags/example_bash_operator.py
[2023-07-10T01:50:23.354+0000] {logging_mixin.py:149} INFO - [2023-07-10T01:50:23.354+0000] {dag.py:2726} INFO - Sync 1 DAGs
[2023-07-10T01:50:23.379+0000] {logging_mixin.py:149} INFO - [2023-07-10T01:50:23.378+0000] {dag.py:3490} INFO - Setting next_dagrun for example_bash_operator to 2023-07-09T00:00:00+00:00, run_after=2023-07-10T00:00:00+00:00
[2023-07-10T01:50:23.397+0000] {processor.py:179} INFO - Processing /home/airflow/.local/lib/python3.7/site-packages/airflow/example_dags/example_bash_operator.py took 0.093 seconds
[2023-07-10T01:50:53.880+0000] {processor.py:157} INFO - Started process (PID=8202) to work on /home/airflow/.local/lib/python3.7/site-packages/airflow/example_dags/example_bash_operator.py
[2023-07-10T01:50:53.881+0000] {processor.py:826} INFO - Processing file /home/airflow/.local/lib/python3.7/site-packages/airflow/example_dags/example_bash_operator.py for tasks to queue
[2023-07-10T01:50:53.882+0000] {logging_mixin.py:149} INFO - [2023-07-10T01:50:53.882+0000] {dagbag.py:541} INFO - Filling up the DagBag from /home/airflow/.local/lib/python3.7/site-packages/airflow/example_dags/example_bash_operator.py
[2023-07-10T01:50:53.895+0000] {processor.py:836} INFO - DAG(s) dict_keys(['example_bash_operator']) retrieved from /home/airflow/.local/lib/python3.7/site-packages/airflow/example_dags/example_bash_operator.py
[2023-07-10T01:50:53.926+0000] {logging_mixin.py:149} INFO - [2023-07-10T01:50:53.926+0000] {dag.py:2726} INFO - Sync 1 DAGs
[2023-07-10T01:50:53.949+0000] {logging_mixin.py:149} INFO - [2023-07-10T01:50:53.948+0000] {dag.py:3490} INFO - Setting next_dagrun for example_bash_operator to 2023-07-09T00:00:00+00:00, run_after=2023-07-10T00:00:00+00:00
[2023-07-10T01:50:53.966+0000] {processor.py:179} INFO - Processing /home/airflow/.local/lib/python3.7/site-packages/airflow/example_dags/example_bash_operator.py took 0.089 seconds
[2023-07-10T01:51:24.598+0000] {processor.py:157} INFO - Started process (PID=8456) to work on /home/airflow/.local/lib/python3.7/site-packages/airflow/example_dags/example_bash_operator.py
[2023-07-10T01:51:24.599+0000] {processor.py:826} INFO - Processing file /home/airflow/.local/lib/python3.7/site-packages/airflow/example_dags/example_bash_operator.py for tasks to queue
[2023-07-10T01:51:24.600+0000] {logging_mixin.py:149} INFO - [2023-07-10T01:51:24.600+0000] {dagbag.py:541} INFO - Filling up the DagBag from /home/airflow/.local/lib/python3.7/site-packages/airflow/example_dags/example_bash_operator.py
[2023-07-10T01:51:24.614+0000] {processor.py:836} INFO - DAG(s) dict_keys(['example_bash_operator']) retrieved from /home/airflow/.local/lib/python3.7/site-packages/airflow/example_dags/example_bash_operator.py
[2023-07-10T01:51:24.645+0000] {logging_mixin.py:149} INFO - [2023-07-10T01:51:24.645+0000] {dag.py:2726} INFO - Sync 1 DAGs
[2023-07-10T01:51:24.673+0000] {logging_mixin.py:149} INFO - [2023-07-10T01:51:24.673+0000] {dag.py:3490} INFO - Setting next_dagrun for example_bash_operator to 2023-07-09T00:00:00+00:00, run_after=2023-07-10T00:00:00+00:00
[2023-07-10T01:51:24.708+0000] {processor.py:179} INFO - Processing /home/airflow/.local/lib/python3.7/site-packages/airflow/example_dags/example_bash_operator.py took 0.112 seconds
[2023-07-10T01:51:55.273+0000] {processor.py:157} INFO - Started process (PID=8710) to work on /home/airflow/.local/lib/python3.7/site-packages/airflow/example_dags/example_bash_operator.py
[2023-07-10T01:51:55.274+0000] {processor.py:826} INFO - Processing file /home/airflow/.local/lib/python3.7/site-packages/airflow/example_dags/example_bash_operator.py for tasks to queue
[2023-07-10T01:51:55.275+0000] {logging_mixin.py:149} INFO - [2023-07-10T01:51:55.275+0000] {dagbag.py:541} INFO - Filling up the DagBag from /home/airflow/.local/lib/python3.7/site-packages/airflow/example_dags/example_bash_operator.py
[2023-07-10T01:51:55.287+0000] {processor.py:836} INFO - DAG(s) dict_keys(['example_bash_operator']) retrieved from /home/airflow/.local/lib/python3.7/site-packages/airflow/example_dags/example_bash_operator.py
[2023-07-10T01:51:55.317+0000] {logging_mixin.py:149} INFO - [2023-07-10T01:51:55.317+0000] {dag.py:2726} INFO - Sync 1 DAGs
[2023-07-10T01:51:55.338+0000] {logging_mixin.py:149} INFO - [2023-07-10T01:51:55.338+0000] {dag.py:3490} INFO - Setting next_dagrun for example_bash_operator to 2023-07-09T00:00:00+00:00, run_after=2023-07-10T00:00:00+00:00
[2023-07-10T01:51:55.356+0000] {processor.py:179} INFO - Processing /home/airflow/.local/lib/python3.7/site-packages/airflow/example_dags/example_bash_operator.py took 0.086 seconds
[2023-07-10T01:52:26.027+0000] {processor.py:157} INFO - Started process (PID=8964) to work on /home/airflow/.local/lib/python3.7/site-packages/airflow/example_dags/example_bash_operator.py
[2023-07-10T01:52:26.028+0000] {processor.py:826} INFO - Processing file /home/airflow/.local/lib/python3.7/site-packages/airflow/example_dags/example_bash_operator.py for tasks to queue
[2023-07-10T01:52:26.029+0000] {logging_mixin.py:149} INFO - [2023-07-10T01:52:26.028+0000] {dagbag.py:541} INFO - Filling up the DagBag from /home/airflow/.local/lib/python3.7/site-packages/airflow/example_dags/example_bash_operator.py
[2023-07-10T01:52:26.040+0000] {processor.py:836} INFO - DAG(s) dict_keys(['example_bash_operator']) retrieved from /home/airflow/.local/lib/python3.7/site-packages/airflow/example_dags/example_bash_operator.py
[2023-07-10T01:52:26.071+0000] {logging_mixin.py:149} INFO - [2023-07-10T01:52:26.071+0000] {dag.py:2726} INFO - Sync 1 DAGs
[2023-07-10T01:52:26.091+0000] {logging_mixin.py:149} INFO - [2023-07-10T01:52:26.091+0000] {dag.py:3490} INFO - Setting next_dagrun for example_bash_operator to 2023-07-09T00:00:00+00:00, run_after=2023-07-10T00:00:00+00:00
[2023-07-10T01:52:26.132+0000] {processor.py:179} INFO - Processing /home/airflow/.local/lib/python3.7/site-packages/airflow/example_dags/example_bash_operator.py took 0.107 seconds
[2023-07-10T01:52:56.224+0000] {processor.py:157} INFO - Started process (PID=9218) to work on /home/airflow/.local/lib/python3.7/site-packages/airflow/example_dags/example_bash_operator.py
[2023-07-10T01:52:56.225+0000] {processor.py:826} INFO - Processing file /home/airflow/.local/lib/python3.7/site-packages/airflow/example_dags/example_bash_operator.py for tasks to queue
[2023-07-10T01:52:56.226+0000] {logging_mixin.py:149} INFO - [2023-07-10T01:52:56.226+0000] {dagbag.py:541} INFO - Filling up the DagBag from /home/airflow/.local/lib/python3.7/site-packages/airflow/example_dags/example_bash_operator.py
[2023-07-10T01:52:56.238+0000] {processor.py:836} INFO - DAG(s) dict_keys(['example_bash_operator']) retrieved from /home/airflow/.local/lib/python3.7/site-packages/airflow/example_dags/example_bash_operator.py
[2023-07-10T01:52:56.270+0000] {logging_mixin.py:149} INFO - [2023-07-10T01:52:56.270+0000] {dag.py:2726} INFO - Sync 1 DAGs
[2023-07-10T01:52:56.292+0000] {logging_mixin.py:149} INFO - [2023-07-10T01:52:56.292+0000] {dag.py:3490} INFO - Setting next_dagrun for example_bash_operator to 2023-07-09T00:00:00+00:00, run_after=2023-07-10T00:00:00+00:00
[2023-07-10T01:52:56.310+0000] {processor.py:179} INFO - Processing /home/airflow/.local/lib/python3.7/site-packages/airflow/example_dags/example_bash_operator.py took 0.088 seconds
[2023-07-10T01:53:26.451+0000] {processor.py:157} INFO - Started process (PID=9472) to work on /home/airflow/.local/lib/python3.7/site-packages/airflow/example_dags/example_bash_operator.py
[2023-07-10T01:53:26.452+0000] {processor.py:826} INFO - Processing file /home/airflow/.local/lib/python3.7/site-packages/airflow/example_dags/example_bash_operator.py for tasks to queue
[2023-07-10T01:53:26.453+0000] {logging_mixin.py:149} INFO - [2023-07-10T01:53:26.453+0000] {dagbag.py:541} INFO - Filling up the DagBag from /home/airflow/.local/lib/python3.7/site-packages/airflow/example_dags/example_bash_operator.py
[2023-07-10T01:53:26.465+0000] {processor.py:836} INFO - DAG(s) dict_keys(['example_bash_operator']) retrieved from /home/airflow/.local/lib/python3.7/site-packages/airflow/example_dags/example_bash_operator.py
[2023-07-10T01:53:26.498+0000] {logging_mixin.py:149} INFO - [2023-07-10T01:53:26.498+0000] {dag.py:2726} INFO - Sync 1 DAGs
[2023-07-10T01:53:26.521+0000] {logging_mixin.py:149} INFO - [2023-07-10T01:53:26.521+0000] {dag.py:3490} INFO - Setting next_dagrun for example_bash_operator to 2023-07-09T00:00:00+00:00, run_after=2023-07-10T00:00:00+00:00
[2023-07-10T01:53:26.538+0000] {processor.py:179} INFO - Processing /home/airflow/.local/lib/python3.7/site-packages/airflow/example_dags/example_bash_operator.py took 0.089 seconds
[2023-07-10T01:53:56.747+0000] {processor.py:157} INFO - Started process (PID=9727) to work on /home/airflow/.local/lib/python3.7/site-packages/airflow/example_dags/example_bash_operator.py
[2023-07-10T01:53:56.748+0000] {processor.py:826} INFO - Processing file /home/airflow/.local/lib/python3.7/site-packages/airflow/example_dags/example_bash_operator.py for tasks to queue
[2023-07-10T01:53:56.749+0000] {logging_mixin.py:149} INFO - [2023-07-10T01:53:56.748+0000] {dagbag.py:541} INFO - Filling up the DagBag from /home/airflow/.local/lib/python3.7/site-packages/airflow/example_dags/example_bash_operator.py
[2023-07-10T01:53:56.760+0000] {processor.py:836} INFO - DAG(s) dict_keys(['example_bash_operator']) retrieved from /home/airflow/.local/lib/python3.7/site-packages/airflow/example_dags/example_bash_operator.py
[2023-07-10T01:53:56.790+0000] {logging_mixin.py:149} INFO - [2023-07-10T01:53:56.790+0000] {dag.py:2726} INFO - Sync 1 DAGs
[2023-07-10T01:53:56.814+0000] {logging_mixin.py:149} INFO - [2023-07-10T01:53:56.813+0000] {dag.py:3490} INFO - Setting next_dagrun for example_bash_operator to 2023-07-09T00:00:00+00:00, run_after=2023-07-10T00:00:00+00:00
[2023-07-10T01:53:56.830+0000] {processor.py:179} INFO - Processing /home/airflow/.local/lib/python3.7/site-packages/airflow/example_dags/example_bash_operator.py took 0.086 seconds
[2023-07-10T01:54:27.785+0000] {processor.py:157} INFO - Started process (PID=9981) to work on /home/airflow/.local/lib/python3.7/site-packages/airflow/example_dags/example_bash_operator.py
[2023-07-10T01:54:27.786+0000] {processor.py:826} INFO - Processing file /home/airflow/.local/lib/python3.7/site-packages/airflow/example_dags/example_bash_operator.py for tasks to queue
[2023-07-10T01:54:27.788+0000] {logging_mixin.py:149} INFO - [2023-07-10T01:54:27.787+0000] {dagbag.py:541} INFO - Filling up the DagBag from /home/airflow/.local/lib/python3.7/site-packages/airflow/example_dags/example_bash_operator.py
[2023-07-10T01:54:27.801+0000] {processor.py:836} INFO - DAG(s) dict_keys(['example_bash_operator']) retrieved from /home/airflow/.local/lib/python3.7/site-packages/airflow/example_dags/example_bash_operator.py
[2023-07-10T01:54:27.834+0000] {logging_mixin.py:149} INFO - [2023-07-10T01:54:27.834+0000] {dag.py:2726} INFO - Sync 1 DAGs
[2023-07-10T01:54:27.857+0000] {logging_mixin.py:149} INFO - [2023-07-10T01:54:27.857+0000] {dag.py:3490} INFO - Setting next_dagrun for example_bash_operator to 2023-07-09T00:00:00+00:00, run_after=2023-07-10T00:00:00+00:00
[2023-07-10T01:54:27.877+0000] {processor.py:179} INFO - Processing /home/airflow/.local/lib/python3.7/site-packages/airflow/example_dags/example_bash_operator.py took 0.095 seconds
[2023-07-10T01:54:58.091+0000] {processor.py:157} INFO - Started process (PID=10235) to work on /home/airflow/.local/lib/python3.7/site-packages/airflow/example_dags/example_bash_operator.py
[2023-07-10T01:54:58.092+0000] {processor.py:826} INFO - Processing file /home/airflow/.local/lib/python3.7/site-packages/airflow/example_dags/example_bash_operator.py for tasks to queue
[2023-07-10T01:54:58.093+0000] {logging_mixin.py:149} INFO - [2023-07-10T01:54:58.092+0000] {dagbag.py:541} INFO - Filling up the DagBag from /home/airflow/.local/lib/python3.7/site-packages/airflow/example_dags/example_bash_operator.py
[2023-07-10T01:54:58.104+0000] {processor.py:836} INFO - DAG(s) dict_keys(['example_bash_operator']) retrieved from /home/airflow/.local/lib/python3.7/site-packages/airflow/example_dags/example_bash_operator.py
[2023-07-10T01:54:58.135+0000] {logging_mixin.py:149} INFO - [2023-07-10T01:54:58.135+0000] {dag.py:2726} INFO - Sync 1 DAGs
[2023-07-10T01:54:58.157+0000] {logging_mixin.py:149} INFO - [2023-07-10T01:54:58.157+0000] {dag.py:3490} INFO - Setting next_dagrun for example_bash_operator to 2023-07-09T00:00:00+00:00, run_after=2023-07-10T00:00:00+00:00
[2023-07-10T01:54:58.174+0000] {processor.py:179} INFO - Processing /home/airflow/.local/lib/python3.7/site-packages/airflow/example_dags/example_bash_operator.py took 0.086 seconds
[2023-07-10T01:55:28.230+0000] {processor.py:157} INFO - Started process (PID=10489) to work on /home/airflow/.local/lib/python3.7/site-packages/airflow/example_dags/example_bash_operator.py
[2023-07-10T01:55:28.231+0000] {processor.py:826} INFO - Processing file /home/airflow/.local/lib/python3.7/site-packages/airflow/example_dags/example_bash_operator.py for tasks to queue
[2023-07-10T01:55:28.232+0000] {logging_mixin.py:149} INFO - [2023-07-10T01:55:28.232+0000] {dagbag.py:541} INFO - Filling up the DagBag from /home/airflow/.local/lib/python3.7/site-packages/airflow/example_dags/example_bash_operator.py
[2023-07-10T01:55:28.246+0000] {processor.py:836} INFO - DAG(s) dict_keys(['example_bash_operator']) retrieved from /home/airflow/.local/lib/python3.7/site-packages/airflow/example_dags/example_bash_operator.py
[2023-07-10T01:55:28.280+0000] {logging_mixin.py:149} INFO - [2023-07-10T01:55:28.280+0000] {dag.py:2726} INFO - Sync 1 DAGs
[2023-07-10T01:55:28.306+0000] {logging_mixin.py:149} INFO - [2023-07-10T01:55:28.306+0000] {dag.py:3490} INFO - Setting next_dagrun for example_bash_operator to 2023-07-09T00:00:00+00:00, run_after=2023-07-10T00:00:00+00:00
[2023-07-10T01:55:28.324+0000] {processor.py:179} INFO - Processing /home/airflow/.local/lib/python3.7/site-packages/airflow/example_dags/example_bash_operator.py took 0.096 seconds
[2023-07-10T01:55:58.890+0000] {processor.py:157} INFO - Started process (PID=10743) to work on /home/airflow/.local/lib/python3.7/site-packages/airflow/example_dags/example_bash_operator.py
[2023-07-10T01:55:58.891+0000] {processor.py:826} INFO - Processing file /home/airflow/.local/lib/python3.7/site-packages/airflow/example_dags/example_bash_operator.py for tasks to queue
[2023-07-10T01:55:58.892+0000] {logging_mixin.py:149} INFO - [2023-07-10T01:55:58.892+0000] {dagbag.py:541} INFO - Filling up the DagBag from /home/airflow/.local/lib/python3.7/site-packages/airflow/example_dags/example_bash_operator.py
[2023-07-10T01:55:58.904+0000] {processor.py:836} INFO - DAG(s) dict_keys(['example_bash_operator']) retrieved from /home/airflow/.local/lib/python3.7/site-packages/airflow/example_dags/example_bash_operator.py
[2023-07-10T01:55:58.938+0000] {logging_mixin.py:149} INFO - [2023-07-10T01:55:58.938+0000] {dag.py:2726} INFO - Sync 1 DAGs
[2023-07-10T01:55:58.963+0000] {logging_mixin.py:149} INFO - [2023-07-10T01:55:58.962+0000] {dag.py:3490} INFO - Setting next_dagrun for example_bash_operator to 2023-07-09T00:00:00+00:00, run_after=2023-07-10T00:00:00+00:00
[2023-07-10T01:55:58.980+0000] {processor.py:179} INFO - Processing /home/airflow/.local/lib/python3.7/site-packages/airflow/example_dags/example_bash_operator.py took 0.092 seconds
[2023-07-10T01:56:29.547+0000] {processor.py:157} INFO - Started process (PID=11002) to work on /home/airflow/.local/lib/python3.7/site-packages/airflow/example_dags/example_bash_operator.py
[2023-07-10T01:56:29.548+0000] {processor.py:826} INFO - Processing file /home/airflow/.local/lib/python3.7/site-packages/airflow/example_dags/example_bash_operator.py for tasks to queue
[2023-07-10T01:56:29.549+0000] {logging_mixin.py:149} INFO - [2023-07-10T01:56:29.549+0000] {dagbag.py:541} INFO - Filling up the DagBag from /home/airflow/.local/lib/python3.7/site-packages/airflow/example_dags/example_bash_operator.py
[2023-07-10T01:56:29.560+0000] {processor.py:836} INFO - DAG(s) dict_keys(['example_bash_operator']) retrieved from /home/airflow/.local/lib/python3.7/site-packages/airflow/example_dags/example_bash_operator.py
[2023-07-10T01:56:29.591+0000] {logging_mixin.py:149} INFO - [2023-07-10T01:56:29.590+0000] {dag.py:2726} INFO - Sync 1 DAGs
[2023-07-10T01:56:29.611+0000] {logging_mixin.py:149} INFO - [2023-07-10T01:56:29.611+0000] {dag.py:3490} INFO - Setting next_dagrun for example_bash_operator to 2023-07-09T00:00:00+00:00, run_after=2023-07-10T00:00:00+00:00
[2023-07-10T01:56:29.631+0000] {processor.py:179} INFO - Processing /home/airflow/.local/lib/python3.7/site-packages/airflow/example_dags/example_bash_operator.py took 0.086 seconds
[2023-07-10T01:57:00.234+0000] {processor.py:157} INFO - Started process (PID=11256) to work on /home/airflow/.local/lib/python3.7/site-packages/airflow/example_dags/example_bash_operator.py
[2023-07-10T01:57:00.235+0000] {processor.py:826} INFO - Processing file /home/airflow/.local/lib/python3.7/site-packages/airflow/example_dags/example_bash_operator.py for tasks to queue
[2023-07-10T01:57:00.236+0000] {logging_mixin.py:149} INFO - [2023-07-10T01:57:00.235+0000] {dagbag.py:541} INFO - Filling up the DagBag from /home/airflow/.local/lib/python3.7/site-packages/airflow/example_dags/example_bash_operator.py
[2023-07-10T01:57:00.247+0000] {processor.py:836} INFO - DAG(s) dict_keys(['example_bash_operator']) retrieved from /home/airflow/.local/lib/python3.7/site-packages/airflow/example_dags/example_bash_operator.py
[2023-07-10T01:57:00.276+0000] {logging_mixin.py:149} INFO - [2023-07-10T01:57:00.276+0000] {dag.py:2726} INFO - Sync 1 DAGs
[2023-07-10T01:57:00.298+0000] {logging_mixin.py:149} INFO - [2023-07-10T01:57:00.298+0000] {dag.py:3490} INFO - Setting next_dagrun for example_bash_operator to 2023-07-09T00:00:00+00:00, run_after=2023-07-10T00:00:00+00:00
[2023-07-10T01:57:00.316+0000] {processor.py:179} INFO - Processing /home/airflow/.local/lib/python3.7/site-packages/airflow/example_dags/example_bash_operator.py took 0.084 seconds
[2023-07-10T01:57:30.372+0000] {processor.py:157} INFO - Started process (PID=11510) to work on /home/airflow/.local/lib/python3.7/site-packages/airflow/example_dags/example_bash_operator.py
[2023-07-10T01:57:30.373+0000] {processor.py:826} INFO - Processing file /home/airflow/.local/lib/python3.7/site-packages/airflow/example_dags/example_bash_operator.py for tasks to queue
[2023-07-10T01:57:30.374+0000] {logging_mixin.py:149} INFO - [2023-07-10T01:57:30.374+0000] {dagbag.py:541} INFO - Filling up the DagBag from /home/airflow/.local/lib/python3.7/site-packages/airflow/example_dags/example_bash_operator.py
[2023-07-10T01:57:30.385+0000] {processor.py:836} INFO - DAG(s) dict_keys(['example_bash_operator']) retrieved from /home/airflow/.local/lib/python3.7/site-packages/airflow/example_dags/example_bash_operator.py
[2023-07-10T01:57:30.418+0000] {logging_mixin.py:149} INFO - [2023-07-10T01:57:30.418+0000] {dag.py:2726} INFO - Sync 1 DAGs
[2023-07-10T01:57:30.442+0000] {logging_mixin.py:149} INFO - [2023-07-10T01:57:30.442+0000] {dag.py:3490} INFO - Setting next_dagrun for example_bash_operator to 2023-07-09T00:00:00+00:00, run_after=2023-07-10T00:00:00+00:00
[2023-07-10T01:57:30.460+0000] {processor.py:179} INFO - Processing /home/airflow/.local/lib/python3.7/site-packages/airflow/example_dags/example_bash_operator.py took 0.090 seconds
[2023-07-10T01:58:00.664+0000] {processor.py:157} INFO - Started process (PID=11764) to work on /home/airflow/.local/lib/python3.7/site-packages/airflow/example_dags/example_bash_operator.py
[2023-07-10T01:58:00.665+0000] {processor.py:826} INFO - Processing file /home/airflow/.local/lib/python3.7/site-packages/airflow/example_dags/example_bash_operator.py for tasks to queue
[2023-07-10T01:58:00.666+0000] {logging_mixin.py:149} INFO - [2023-07-10T01:58:00.666+0000] {dagbag.py:541} INFO - Filling up the DagBag from /home/airflow/.local/lib/python3.7/site-packages/airflow/example_dags/example_bash_operator.py
[2023-07-10T01:58:00.677+0000] {processor.py:836} INFO - DAG(s) dict_keys(['example_bash_operator']) retrieved from /home/airflow/.local/lib/python3.7/site-packages/airflow/example_dags/example_bash_operator.py
[2023-07-10T01:58:00.708+0000] {logging_mixin.py:149} INFO - [2023-07-10T01:58:00.708+0000] {dag.py:2726} INFO - Sync 1 DAGs
[2023-07-10T01:58:00.729+0000] {logging_mixin.py:149} INFO - [2023-07-10T01:58:00.729+0000] {dag.py:3490} INFO - Setting next_dagrun for example_bash_operator to 2023-07-09T00:00:00+00:00, run_after=2023-07-10T00:00:00+00:00
[2023-07-10T01:58:00.747+0000] {processor.py:179} INFO - Processing /home/airflow/.local/lib/python3.7/site-packages/airflow/example_dags/example_bash_operator.py took 0.085 seconds
[2023-07-10T01:58:31.367+0000] {processor.py:157} INFO - Started process (PID=12018) to work on /home/airflow/.local/lib/python3.7/site-packages/airflow/example_dags/example_bash_operator.py
[2023-07-10T01:58:31.368+0000] {processor.py:826} INFO - Processing file /home/airflow/.local/lib/python3.7/site-packages/airflow/example_dags/example_bash_operator.py for tasks to queue
[2023-07-10T01:58:31.368+0000] {logging_mixin.py:149} INFO - [2023-07-10T01:58:31.368+0000] {dagbag.py:541} INFO - Filling up the DagBag from /home/airflow/.local/lib/python3.7/site-packages/airflow/example_dags/example_bash_operator.py
[2023-07-10T01:58:31.381+0000] {processor.py:836} INFO - DAG(s) dict_keys(['example_bash_operator']) retrieved from /home/airflow/.local/lib/python3.7/site-packages/airflow/example_dags/example_bash_operator.py
[2023-07-10T01:58:31.412+0000] {logging_mixin.py:149} INFO - [2023-07-10T01:58:31.411+0000] {dag.py:2726} INFO - Sync 1 DAGs
[2023-07-10T01:58:31.433+0000] {logging_mixin.py:149} INFO - [2023-07-10T01:58:31.433+0000] {dag.py:3490} INFO - Setting next_dagrun for example_bash_operator to 2023-07-09T00:00:00+00:00, run_after=2023-07-10T00:00:00+00:00
[2023-07-10T01:58:31.450+0000] {processor.py:179} INFO - Processing /home/airflow/.local/lib/python3.7/site-packages/airflow/example_dags/example_bash_operator.py took 0.086 seconds
[2023-07-10T01:59:02.064+0000] {processor.py:157} INFO - Started process (PID=12272) to work on /home/airflow/.local/lib/python3.7/site-packages/airflow/example_dags/example_bash_operator.py
[2023-07-10T01:59:02.065+0000] {processor.py:826} INFO - Processing file /home/airflow/.local/lib/python3.7/site-packages/airflow/example_dags/example_bash_operator.py for tasks to queue
[2023-07-10T01:59:02.066+0000] {logging_mixin.py:149} INFO - [2023-07-10T01:59:02.066+0000] {dagbag.py:541} INFO - Filling up the DagBag from /home/airflow/.local/lib/python3.7/site-packages/airflow/example_dags/example_bash_operator.py
[2023-07-10T01:59:02.077+0000] {processor.py:836} INFO - DAG(s) dict_keys(['example_bash_operator']) retrieved from /home/airflow/.local/lib/python3.7/site-packages/airflow/example_dags/example_bash_operator.py
[2023-07-10T01:59:02.108+0000] {logging_mixin.py:149} INFO - [2023-07-10T01:59:02.108+0000] {dag.py:2726} INFO - Sync 1 DAGs
[2023-07-10T01:59:02.128+0000] {logging_mixin.py:149} INFO - [2023-07-10T01:59:02.128+0000] {dag.py:3490} INFO - Setting next_dagrun for example_bash_operator to 2023-07-09T00:00:00+00:00, run_after=2023-07-10T00:00:00+00:00
[2023-07-10T01:59:02.146+0000] {processor.py:179} INFO - Processing /home/airflow/.local/lib/python3.7/site-packages/airflow/example_dags/example_bash_operator.py took 0.085 seconds
