[2023-07-10T01:34:38.228+0000] {processor.py:157} INFO - Started process (PID=282) to work on /home/airflow/.local/lib/python3.7/site-packages/airflow/example_dags/example_task_group.py
[2023-07-10T01:34:38.229+0000] {processor.py:826} INFO - Processing file /home/airflow/.local/lib/python3.7/site-packages/airflow/example_dags/example_task_group.py for tasks to queue
[2023-07-10T01:34:38.229+0000] {logging_mixin.py:149} INFO - [2023-07-10T01:34:38.229+0000] {dagbag.py:541} INFO - Filling up the DagBag from /home/airflow/.local/lib/python3.7/site-packages/airflow/example_dags/example_task_group.py
[2023-07-10T01:34:38.237+0000] {processor.py:836} INFO - DAG(s) dict_keys(['example_task_group']) retrieved from /home/airflow/.local/lib/python3.7/site-packages/airflow/example_dags/example_task_group.py
[2023-07-10T01:34:38.260+0000] {logging_mixin.py:149} INFO - [2023-07-10T01:34:38.259+0000] {dag.py:2726} INFO - Sync 1 DAGs
[2023-07-10T01:34:38.281+0000] {logging_mixin.py:149} INFO - [2023-07-10T01:34:38.281+0000] {dag.py:3490} INFO - Setting next_dagrun for example_task_group to 2023-07-09T01:34:38.281391+00:00, run_after=2023-07-10T01:34:38.281391+00:00
[2023-07-10T01:34:38.298+0000] {processor.py:179} INFO - Processing /home/airflow/.local/lib/python3.7/site-packages/airflow/example_dags/example_task_group.py took 0.073 seconds
[2023-07-10T01:35:09.266+0000] {processor.py:157} INFO - Started process (PID=532) to work on /home/airflow/.local/lib/python3.7/site-packages/airflow/example_dags/example_task_group.py
[2023-07-10T01:35:09.267+0000] {processor.py:826} INFO - Processing file /home/airflow/.local/lib/python3.7/site-packages/airflow/example_dags/example_task_group.py for tasks to queue
[2023-07-10T01:35:09.267+0000] {logging_mixin.py:149} INFO - [2023-07-10T01:35:09.267+0000] {dagbag.py:541} INFO - Filling up the DagBag from /home/airflow/.local/lib/python3.7/site-packages/airflow/example_dags/example_task_group.py
[2023-07-10T01:35:09.274+0000] {processor.py:836} INFO - DAG(s) dict_keys(['example_task_group']) retrieved from /home/airflow/.local/lib/python3.7/site-packages/airflow/example_dags/example_task_group.py
[2023-07-10T01:35:09.294+0000] {logging_mixin.py:149} INFO - [2023-07-10T01:35:09.294+0000] {dag.py:2726} INFO - Sync 1 DAGs
[2023-07-10T01:35:09.317+0000] {logging_mixin.py:149} INFO - [2023-07-10T01:35:09.317+0000] {dag.py:3490} INFO - Setting next_dagrun for example_task_group to 2023-07-09T01:35:09.317460+00:00, run_after=2023-07-10T01:35:09.317460+00:00
[2023-07-10T01:35:09.333+0000] {processor.py:179} INFO - Processing /home/airflow/.local/lib/python3.7/site-packages/airflow/example_dags/example_task_group.py took 0.070 seconds
[2023-07-10T01:35:40.487+0000] {processor.py:157} INFO - Started process (PID=781) to work on /home/airflow/.local/lib/python3.7/site-packages/airflow/example_dags/example_task_group.py
[2023-07-10T01:35:40.488+0000] {processor.py:826} INFO - Processing file /home/airflow/.local/lib/python3.7/site-packages/airflow/example_dags/example_task_group.py for tasks to queue
[2023-07-10T01:35:40.489+0000] {logging_mixin.py:149} INFO - [2023-07-10T01:35:40.489+0000] {dagbag.py:541} INFO - Filling up the DagBag from /home/airflow/.local/lib/python3.7/site-packages/airflow/example_dags/example_task_group.py
[2023-07-10T01:35:40.496+0000] {processor.py:836} INFO - DAG(s) dict_keys(['example_task_group']) retrieved from /home/airflow/.local/lib/python3.7/site-packages/airflow/example_dags/example_task_group.py
[2023-07-10T01:35:40.518+0000] {logging_mixin.py:149} INFO - [2023-07-10T01:35:40.517+0000] {dag.py:2726} INFO - Sync 1 DAGs
[2023-07-10T01:35:40.540+0000] {logging_mixin.py:149} INFO - [2023-07-10T01:35:40.540+0000] {dag.py:3490} INFO - Setting next_dagrun for example_task_group to 2023-07-09T01:35:40.540101+00:00, run_after=2023-07-10T01:35:40.540101+00:00
[2023-07-10T01:35:40.626+0000] {processor.py:179} INFO - Processing /home/airflow/.local/lib/python3.7/site-packages/airflow/example_dags/example_task_group.py took 0.141 seconds
[2023-07-10T01:36:11.732+0000] {processor.py:157} INFO - Started process (PID=1030) to work on /home/airflow/.local/lib/python3.7/site-packages/airflow/example_dags/example_task_group.py
[2023-07-10T01:36:11.733+0000] {processor.py:826} INFO - Processing file /home/airflow/.local/lib/python3.7/site-packages/airflow/example_dags/example_task_group.py for tasks to queue
[2023-07-10T01:36:11.733+0000] {logging_mixin.py:149} INFO - [2023-07-10T01:36:11.733+0000] {dagbag.py:541} INFO - Filling up the DagBag from /home/airflow/.local/lib/python3.7/site-packages/airflow/example_dags/example_task_group.py
[2023-07-10T01:36:11.740+0000] {processor.py:836} INFO - DAG(s) dict_keys(['example_task_group']) retrieved from /home/airflow/.local/lib/python3.7/site-packages/airflow/example_dags/example_task_group.py
[2023-07-10T01:36:11.831+0000] {logging_mixin.py:149} INFO - [2023-07-10T01:36:11.831+0000] {dag.py:2726} INFO - Sync 1 DAGs
[2023-07-10T01:36:11.849+0000] {logging_mixin.py:149} INFO - [2023-07-10T01:36:11.849+0000] {dag.py:3490} INFO - Setting next_dagrun for example_task_group to 2023-07-09T01:36:11.849293+00:00, run_after=2023-07-10T01:36:11.849293+00:00
[2023-07-10T01:36:11.865+0000] {processor.py:179} INFO - Processing /home/airflow/.local/lib/python3.7/site-packages/airflow/example_dags/example_task_group.py took 0.136 seconds
[2023-07-10T01:36:42.538+0000] {processor.py:157} INFO - Started process (PID=1279) to work on /home/airflow/.local/lib/python3.7/site-packages/airflow/example_dags/example_task_group.py
[2023-07-10T01:36:42.538+0000] {processor.py:826} INFO - Processing file /home/airflow/.local/lib/python3.7/site-packages/airflow/example_dags/example_task_group.py for tasks to queue
[2023-07-10T01:36:42.539+0000] {logging_mixin.py:149} INFO - [2023-07-10T01:36:42.539+0000] {dagbag.py:541} INFO - Filling up the DagBag from /home/airflow/.local/lib/python3.7/site-packages/airflow/example_dags/example_task_group.py
[2023-07-10T01:36:42.546+0000] {processor.py:836} INFO - DAG(s) dict_keys(['example_task_group']) retrieved from /home/airflow/.local/lib/python3.7/site-packages/airflow/example_dags/example_task_group.py
[2023-07-10T01:36:42.565+0000] {logging_mixin.py:149} INFO - [2023-07-10T01:36:42.565+0000] {dag.py:2726} INFO - Sync 1 DAGs
[2023-07-10T01:36:42.587+0000] {logging_mixin.py:149} INFO - [2023-07-10T01:36:42.587+0000] {dag.py:3490} INFO - Setting next_dagrun for example_task_group to 2023-07-09T01:36:42.586988+00:00, run_after=2023-07-10T01:36:42.586988+00:00
[2023-07-10T01:36:42.603+0000] {processor.py:179} INFO - Processing /home/airflow/.local/lib/python3.7/site-packages/airflow/example_dags/example_task_group.py took 0.068 seconds
[2023-07-10T01:37:12.776+0000] {processor.py:157} INFO - Started process (PID=1528) to work on /home/airflow/.local/lib/python3.7/site-packages/airflow/example_dags/example_task_group.py
[2023-07-10T01:37:12.777+0000] {processor.py:826} INFO - Processing file /home/airflow/.local/lib/python3.7/site-packages/airflow/example_dags/example_task_group.py for tasks to queue
[2023-07-10T01:37:12.778+0000] {logging_mixin.py:149} INFO - [2023-07-10T01:37:12.778+0000] {dagbag.py:541} INFO - Filling up the DagBag from /home/airflow/.local/lib/python3.7/site-packages/airflow/example_dags/example_task_group.py
[2023-07-10T01:37:12.785+0000] {processor.py:836} INFO - DAG(s) dict_keys(['example_task_group']) retrieved from /home/airflow/.local/lib/python3.7/site-packages/airflow/example_dags/example_task_group.py
[2023-07-10T01:37:12.808+0000] {logging_mixin.py:149} INFO - [2023-07-10T01:37:12.808+0000] {dag.py:2726} INFO - Sync 1 DAGs
[2023-07-10T01:37:12.831+0000] {logging_mixin.py:149} INFO - [2023-07-10T01:37:12.831+0000] {dag.py:3490} INFO - Setting next_dagrun for example_task_group to 2023-07-09T01:37:12.830876+00:00, run_after=2023-07-10T01:37:12.830876+00:00
[2023-07-10T01:37:12.849+0000] {processor.py:179} INFO - Processing /home/airflow/.local/lib/python3.7/site-packages/airflow/example_dags/example_task_group.py took 0.075 seconds
[2023-07-10T01:37:43.036+0000] {processor.py:157} INFO - Started process (PID=1777) to work on /home/airflow/.local/lib/python3.7/site-packages/airflow/example_dags/example_task_group.py
[2023-07-10T01:37:43.037+0000] {processor.py:826} INFO - Processing file /home/airflow/.local/lib/python3.7/site-packages/airflow/example_dags/example_task_group.py for tasks to queue
[2023-07-10T01:37:43.037+0000] {logging_mixin.py:149} INFO - [2023-07-10T01:37:43.037+0000] {dagbag.py:541} INFO - Filling up the DagBag from /home/airflow/.local/lib/python3.7/site-packages/airflow/example_dags/example_task_group.py
[2023-07-10T01:37:43.044+0000] {processor.py:836} INFO - DAG(s) dict_keys(['example_task_group']) retrieved from /home/airflow/.local/lib/python3.7/site-packages/airflow/example_dags/example_task_group.py
[2023-07-10T01:37:43.065+0000] {logging_mixin.py:149} INFO - [2023-07-10T01:37:43.065+0000] {dag.py:2726} INFO - Sync 1 DAGs
[2023-07-10T01:37:43.089+0000] {logging_mixin.py:149} INFO - [2023-07-10T01:37:43.089+0000] {dag.py:3490} INFO - Setting next_dagrun for example_task_group to 2023-07-09T01:37:43.089190+00:00, run_after=2023-07-10T01:37:43.089190+00:00
[2023-07-10T01:37:43.108+0000] {processor.py:179} INFO - Processing /home/airflow/.local/lib/python3.7/site-packages/airflow/example_dags/example_task_group.py took 0.075 seconds
[2023-07-10T01:38:13.425+0000] {processor.py:157} INFO - Started process (PID=2026) to work on /home/airflow/.local/lib/python3.7/site-packages/airflow/example_dags/example_task_group.py
[2023-07-10T01:38:13.426+0000] {processor.py:826} INFO - Processing file /home/airflow/.local/lib/python3.7/site-packages/airflow/example_dags/example_task_group.py for tasks to queue
[2023-07-10T01:38:13.426+0000] {logging_mixin.py:149} INFO - [2023-07-10T01:38:13.426+0000] {dagbag.py:541} INFO - Filling up the DagBag from /home/airflow/.local/lib/python3.7/site-packages/airflow/example_dags/example_task_group.py
[2023-07-10T01:38:13.433+0000] {processor.py:836} INFO - DAG(s) dict_keys(['example_task_group']) retrieved from /home/airflow/.local/lib/python3.7/site-packages/airflow/example_dags/example_task_group.py
[2023-07-10T01:38:13.456+0000] {logging_mixin.py:149} INFO - [2023-07-10T01:38:13.456+0000] {dag.py:2726} INFO - Sync 1 DAGs
[2023-07-10T01:38:13.478+0000] {logging_mixin.py:149} INFO - [2023-07-10T01:38:13.478+0000] {dag.py:3490} INFO - Setting next_dagrun for example_task_group to 2023-07-09T01:38:13.478215+00:00, run_after=2023-07-10T01:38:13.478215+00:00
[2023-07-10T01:38:13.500+0000] {processor.py:179} INFO - Processing /home/airflow/.local/lib/python3.7/site-packages/airflow/example_dags/example_task_group.py took 0.078 seconds
[2023-07-10T01:38:44.209+0000] {processor.py:157} INFO - Started process (PID=2275) to work on /home/airflow/.local/lib/python3.7/site-packages/airflow/example_dags/example_task_group.py
[2023-07-10T01:38:44.210+0000] {processor.py:826} INFO - Processing file /home/airflow/.local/lib/python3.7/site-packages/airflow/example_dags/example_task_group.py for tasks to queue
[2023-07-10T01:38:44.210+0000] {logging_mixin.py:149} INFO - [2023-07-10T01:38:44.210+0000] {dagbag.py:541} INFO - Filling up the DagBag from /home/airflow/.local/lib/python3.7/site-packages/airflow/example_dags/example_task_group.py
[2023-07-10T01:38:44.217+0000] {processor.py:836} INFO - DAG(s) dict_keys(['example_task_group']) retrieved from /home/airflow/.local/lib/python3.7/site-packages/airflow/example_dags/example_task_group.py
[2023-07-10T01:38:44.227+0000] {logging_mixin.py:149} INFO - [2023-07-10T01:38:44.227+0000] {dag.py:2726} INFO - Sync 1 DAGs
[2023-07-10T01:38:44.251+0000] {logging_mixin.py:149} INFO - [2023-07-10T01:38:44.250+0000] {dag.py:3490} INFO - Setting next_dagrun for example_task_group to 2023-07-09T01:38:44.250488+00:00, run_after=2023-07-10T01:38:44.250488+00:00
[2023-07-10T01:38:44.270+0000] {processor.py:179} INFO - Processing /home/airflow/.local/lib/python3.7/site-packages/airflow/example_dags/example_task_group.py took 0.064 seconds
[2023-07-10T01:39:14.840+0000] {processor.py:157} INFO - Started process (PID=2524) to work on /home/airflow/.local/lib/python3.7/site-packages/airflow/example_dags/example_task_group.py
[2023-07-10T01:39:14.841+0000] {processor.py:826} INFO - Processing file /home/airflow/.local/lib/python3.7/site-packages/airflow/example_dags/example_task_group.py for tasks to queue
[2023-07-10T01:39:14.842+0000] {logging_mixin.py:149} INFO - [2023-07-10T01:39:14.842+0000] {dagbag.py:541} INFO - Filling up the DagBag from /home/airflow/.local/lib/python3.7/site-packages/airflow/example_dags/example_task_group.py
[2023-07-10T01:39:14.849+0000] {processor.py:836} INFO - DAG(s) dict_keys(['example_task_group']) retrieved from /home/airflow/.local/lib/python3.7/site-packages/airflow/example_dags/example_task_group.py
[2023-07-10T01:39:14.869+0000] {logging_mixin.py:149} INFO - [2023-07-10T01:39:14.869+0000] {dag.py:2726} INFO - Sync 1 DAGs
[2023-07-10T01:39:14.889+0000] {logging_mixin.py:149} INFO - [2023-07-10T01:39:14.889+0000] {dag.py:3490} INFO - Setting next_dagrun for example_task_group to 2023-07-09T01:39:14.889402+00:00, run_after=2023-07-10T01:39:14.889402+00:00
[2023-07-10T01:39:14.904+0000] {processor.py:179} INFO - Processing /home/airflow/.local/lib/python3.7/site-packages/airflow/example_dags/example_task_group.py took 0.067 seconds
[2023-07-10T01:39:46.018+0000] {processor.py:157} INFO - Started process (PID=2773) to work on /home/airflow/.local/lib/python3.7/site-packages/airflow/example_dags/example_task_group.py
[2023-07-10T01:39:46.019+0000] {processor.py:826} INFO - Processing file /home/airflow/.local/lib/python3.7/site-packages/airflow/example_dags/example_task_group.py for tasks to queue
[2023-07-10T01:39:46.020+0000] {logging_mixin.py:149} INFO - [2023-07-10T01:39:46.020+0000] {dagbag.py:541} INFO - Filling up the DagBag from /home/airflow/.local/lib/python3.7/site-packages/airflow/example_dags/example_task_group.py
[2023-07-10T01:39:46.026+0000] {processor.py:836} INFO - DAG(s) dict_keys(['example_task_group']) retrieved from /home/airflow/.local/lib/python3.7/site-packages/airflow/example_dags/example_task_group.py
[2023-07-10T01:39:46.047+0000] {logging_mixin.py:149} INFO - [2023-07-10T01:39:46.047+0000] {dag.py:2726} INFO - Sync 1 DAGs
[2023-07-10T01:39:46.068+0000] {logging_mixin.py:149} INFO - [2023-07-10T01:39:46.068+0000] {dag.py:3490} INFO - Setting next_dagrun for example_task_group to 2023-07-09T01:39:46.067843+00:00, run_after=2023-07-10T01:39:46.067843+00:00
[2023-07-10T01:39:46.084+0000] {processor.py:179} INFO - Processing /home/airflow/.local/lib/python3.7/site-packages/airflow/example_dags/example_task_group.py took 0.069 seconds
[2023-07-10T01:40:17.119+0000] {processor.py:157} INFO - Started process (PID=3022) to work on /home/airflow/.local/lib/python3.7/site-packages/airflow/example_dags/example_task_group.py
[2023-07-10T01:40:17.120+0000] {processor.py:826} INFO - Processing file /home/airflow/.local/lib/python3.7/site-packages/airflow/example_dags/example_task_group.py for tasks to queue
[2023-07-10T01:40:17.121+0000] {logging_mixin.py:149} INFO - [2023-07-10T01:40:17.120+0000] {dagbag.py:541} INFO - Filling up the DagBag from /home/airflow/.local/lib/python3.7/site-packages/airflow/example_dags/example_task_group.py
[2023-07-10T01:40:17.128+0000] {processor.py:836} INFO - DAG(s) dict_keys(['example_task_group']) retrieved from /home/airflow/.local/lib/python3.7/site-packages/airflow/example_dags/example_task_group.py
[2023-07-10T01:40:17.150+0000] {logging_mixin.py:149} INFO - [2023-07-10T01:40:17.150+0000] {dag.py:2726} INFO - Sync 1 DAGs
[2023-07-10T01:40:17.172+0000] {logging_mixin.py:149} INFO - [2023-07-10T01:40:17.171+0000] {dag.py:3490} INFO - Setting next_dagrun for example_task_group to 2023-07-09T01:40:17.171808+00:00, run_after=2023-07-10T01:40:17.171808+00:00
[2023-07-10T01:40:17.188+0000] {processor.py:179} INFO - Processing /home/airflow/.local/lib/python3.7/site-packages/airflow/example_dags/example_task_group.py took 0.073 seconds
[2023-07-10T01:40:47.647+0000] {processor.py:157} INFO - Started process (PID=3271) to work on /home/airflow/.local/lib/python3.7/site-packages/airflow/example_dags/example_task_group.py
[2023-07-10T01:40:47.648+0000] {processor.py:826} INFO - Processing file /home/airflow/.local/lib/python3.7/site-packages/airflow/example_dags/example_task_group.py for tasks to queue
[2023-07-10T01:40:47.650+0000] {logging_mixin.py:149} INFO - [2023-07-10T01:40:47.649+0000] {dagbag.py:541} INFO - Filling up the DagBag from /home/airflow/.local/lib/python3.7/site-packages/airflow/example_dags/example_task_group.py
[2023-07-10T01:40:47.658+0000] {processor.py:836} INFO - DAG(s) dict_keys(['example_task_group']) retrieved from /home/airflow/.local/lib/python3.7/site-packages/airflow/example_dags/example_task_group.py
[2023-07-10T01:40:47.680+0000] {logging_mixin.py:149} INFO - [2023-07-10T01:40:47.680+0000] {dag.py:2726} INFO - Sync 1 DAGs
[2023-07-10T01:40:47.702+0000] {logging_mixin.py:149} INFO - [2023-07-10T01:40:47.702+0000] {dag.py:3490} INFO - Setting next_dagrun for example_task_group to 2023-07-09T01:40:47.702338+00:00, run_after=2023-07-10T01:40:47.702338+00:00
[2023-07-10T01:40:47.720+0000] {processor.py:179} INFO - Processing /home/airflow/.local/lib/python3.7/site-packages/airflow/example_dags/example_task_group.py took 0.077 seconds
[2023-07-10T01:41:18.299+0000] {processor.py:157} INFO - Started process (PID=3520) to work on /home/airflow/.local/lib/python3.7/site-packages/airflow/example_dags/example_task_group.py
[2023-07-10T01:41:18.300+0000] {processor.py:826} INFO - Processing file /home/airflow/.local/lib/python3.7/site-packages/airflow/example_dags/example_task_group.py for tasks to queue
[2023-07-10T01:41:18.301+0000] {logging_mixin.py:149} INFO - [2023-07-10T01:41:18.301+0000] {dagbag.py:541} INFO - Filling up the DagBag from /home/airflow/.local/lib/python3.7/site-packages/airflow/example_dags/example_task_group.py
[2023-07-10T01:41:18.307+0000] {processor.py:836} INFO - DAG(s) dict_keys(['example_task_group']) retrieved from /home/airflow/.local/lib/python3.7/site-packages/airflow/example_dags/example_task_group.py
[2023-07-10T01:41:18.329+0000] {logging_mixin.py:149} INFO - [2023-07-10T01:41:18.329+0000] {dag.py:2726} INFO - Sync 1 DAGs
[2023-07-10T01:41:18.351+0000] {logging_mixin.py:149} INFO - [2023-07-10T01:41:18.351+0000] {dag.py:3490} INFO - Setting next_dagrun for example_task_group to 2023-07-09T01:41:18.351489+00:00, run_after=2023-07-10T01:41:18.351489+00:00
[2023-07-10T01:41:18.367+0000] {processor.py:179} INFO - Processing /home/airflow/.local/lib/python3.7/site-packages/airflow/example_dags/example_task_group.py took 0.071 seconds
[2023-07-10T01:41:49.043+0000] {processor.py:157} INFO - Started process (PID=3769) to work on /home/airflow/.local/lib/python3.7/site-packages/airflow/example_dags/example_task_group.py
[2023-07-10T01:41:49.044+0000] {processor.py:826} INFO - Processing file /home/airflow/.local/lib/python3.7/site-packages/airflow/example_dags/example_task_group.py for tasks to queue
[2023-07-10T01:41:49.045+0000] {logging_mixin.py:149} INFO - [2023-07-10T01:41:49.045+0000] {dagbag.py:541} INFO - Filling up the DagBag from /home/airflow/.local/lib/python3.7/site-packages/airflow/example_dags/example_task_group.py
[2023-07-10T01:41:49.052+0000] {processor.py:836} INFO - DAG(s) dict_keys(['example_task_group']) retrieved from /home/airflow/.local/lib/python3.7/site-packages/airflow/example_dags/example_task_group.py
[2023-07-10T01:41:49.075+0000] {logging_mixin.py:149} INFO - [2023-07-10T01:41:49.075+0000] {dag.py:2726} INFO - Sync 1 DAGs
[2023-07-10T01:41:49.097+0000] {logging_mixin.py:149} INFO - [2023-07-10T01:41:49.097+0000] {dag.py:3490} INFO - Setting next_dagrun for example_task_group to 2023-07-09T01:41:49.097089+00:00, run_after=2023-07-10T01:41:49.097089+00:00
[2023-07-10T01:41:49.113+0000] {processor.py:179} INFO - Processing /home/airflow/.local/lib/python3.7/site-packages/airflow/example_dags/example_task_group.py took 0.073 seconds
[2023-07-10T01:42:19.620+0000] {processor.py:157} INFO - Started process (PID=4018) to work on /home/airflow/.local/lib/python3.7/site-packages/airflow/example_dags/example_task_group.py
[2023-07-10T01:42:19.621+0000] {processor.py:826} INFO - Processing file /home/airflow/.local/lib/python3.7/site-packages/airflow/example_dags/example_task_group.py for tasks to queue
[2023-07-10T01:42:19.622+0000] {logging_mixin.py:149} INFO - [2023-07-10T01:42:19.622+0000] {dagbag.py:541} INFO - Filling up the DagBag from /home/airflow/.local/lib/python3.7/site-packages/airflow/example_dags/example_task_group.py
[2023-07-10T01:42:19.629+0000] {processor.py:836} INFO - DAG(s) dict_keys(['example_task_group']) retrieved from /home/airflow/.local/lib/python3.7/site-packages/airflow/example_dags/example_task_group.py
[2023-07-10T01:42:19.650+0000] {logging_mixin.py:149} INFO - [2023-07-10T01:42:19.650+0000] {dag.py:2726} INFO - Sync 1 DAGs
[2023-07-10T01:42:19.673+0000] {logging_mixin.py:149} INFO - [2023-07-10T01:42:19.673+0000] {dag.py:3490} INFO - Setting next_dagrun for example_task_group to 2023-07-09T01:42:19.673218+00:00, run_after=2023-07-10T01:42:19.673218+00:00
[2023-07-10T01:42:19.689+0000] {processor.py:179} INFO - Processing /home/airflow/.local/lib/python3.7/site-packages/airflow/example_dags/example_task_group.py took 0.072 seconds
[2023-07-10T01:42:50.205+0000] {processor.py:157} INFO - Started process (PID=4267) to work on /home/airflow/.local/lib/python3.7/site-packages/airflow/example_dags/example_task_group.py
[2023-07-10T01:42:50.206+0000] {processor.py:826} INFO - Processing file /home/airflow/.local/lib/python3.7/site-packages/airflow/example_dags/example_task_group.py for tasks to queue
[2023-07-10T01:42:50.207+0000] {logging_mixin.py:149} INFO - [2023-07-10T01:42:50.207+0000] {dagbag.py:541} INFO - Filling up the DagBag from /home/airflow/.local/lib/python3.7/site-packages/airflow/example_dags/example_task_group.py
[2023-07-10T01:42:50.214+0000] {processor.py:836} INFO - DAG(s) dict_keys(['example_task_group']) retrieved from /home/airflow/.local/lib/python3.7/site-packages/airflow/example_dags/example_task_group.py
[2023-07-10T01:42:50.236+0000] {logging_mixin.py:149} INFO - [2023-07-10T01:42:50.235+0000] {dag.py:2726} INFO - Sync 1 DAGs
[2023-07-10T01:42:50.257+0000] {logging_mixin.py:149} INFO - [2023-07-10T01:42:50.257+0000] {dag.py:3490} INFO - Setting next_dagrun for example_task_group to 2023-07-09T01:42:50.257117+00:00, run_after=2023-07-10T01:42:50.257117+00:00
[2023-07-10T01:42:50.274+0000] {processor.py:179} INFO - Processing /home/airflow/.local/lib/python3.7/site-packages/airflow/example_dags/example_task_group.py took 0.071 seconds
[2023-07-10T01:43:20.770+0000] {processor.py:157} INFO - Started process (PID=4516) to work on /home/airflow/.local/lib/python3.7/site-packages/airflow/example_dags/example_task_group.py
[2023-07-10T01:43:20.771+0000] {processor.py:826} INFO - Processing file /home/airflow/.local/lib/python3.7/site-packages/airflow/example_dags/example_task_group.py for tasks to queue
[2023-07-10T01:43:20.772+0000] {logging_mixin.py:149} INFO - [2023-07-10T01:43:20.772+0000] {dagbag.py:541} INFO - Filling up the DagBag from /home/airflow/.local/lib/python3.7/site-packages/airflow/example_dags/example_task_group.py
[2023-07-10T01:43:20.779+0000] {processor.py:836} INFO - DAG(s) dict_keys(['example_task_group']) retrieved from /home/airflow/.local/lib/python3.7/site-packages/airflow/example_dags/example_task_group.py
[2023-07-10T01:43:20.800+0000] {logging_mixin.py:149} INFO - [2023-07-10T01:43:20.800+0000] {dag.py:2726} INFO - Sync 1 DAGs
[2023-07-10T01:43:20.820+0000] {logging_mixin.py:149} INFO - [2023-07-10T01:43:20.820+0000] {dag.py:3490} INFO - Setting next_dagrun for example_task_group to 2023-07-09T01:43:20.820156+00:00, run_after=2023-07-10T01:43:20.820156+00:00
[2023-07-10T01:43:20.836+0000] {processor.py:179} INFO - Processing /home/airflow/.local/lib/python3.7/site-packages/airflow/example_dags/example_task_group.py took 0.070 seconds
[2023-07-10T01:43:51.285+0000] {processor.py:157} INFO - Started process (PID=4766) to work on /home/airflow/.local/lib/python3.7/site-packages/airflow/example_dags/example_task_group.py
[2023-07-10T01:43:51.286+0000] {processor.py:826} INFO - Processing file /home/airflow/.local/lib/python3.7/site-packages/airflow/example_dags/example_task_group.py for tasks to queue
[2023-07-10T01:43:51.287+0000] {logging_mixin.py:149} INFO - [2023-07-10T01:43:51.287+0000] {dagbag.py:541} INFO - Filling up the DagBag from /home/airflow/.local/lib/python3.7/site-packages/airflow/example_dags/example_task_group.py
[2023-07-10T01:43:51.294+0000] {processor.py:836} INFO - DAG(s) dict_keys(['example_task_group']) retrieved from /home/airflow/.local/lib/python3.7/site-packages/airflow/example_dags/example_task_group.py
[2023-07-10T01:43:51.317+0000] {logging_mixin.py:149} INFO - [2023-07-10T01:43:51.317+0000] {dag.py:2726} INFO - Sync 1 DAGs
[2023-07-10T01:43:51.339+0000] {logging_mixin.py:149} INFO - [2023-07-10T01:43:51.339+0000] {dag.py:3490} INFO - Setting next_dagrun for example_task_group to 2023-07-09T01:43:51.339579+00:00, run_after=2023-07-10T01:43:51.339579+00:00
[2023-07-10T01:43:51.356+0000] {processor.py:179} INFO - Processing /home/airflow/.local/lib/python3.7/site-packages/airflow/example_dags/example_task_group.py took 0.074 seconds
[2023-07-10T01:44:22.008+0000] {processor.py:157} INFO - Started process (PID=5015) to work on /home/airflow/.local/lib/python3.7/site-packages/airflow/example_dags/example_task_group.py
[2023-07-10T01:44:22.009+0000] {processor.py:826} INFO - Processing file /home/airflow/.local/lib/python3.7/site-packages/airflow/example_dags/example_task_group.py for tasks to queue
[2023-07-10T01:44:22.010+0000] {logging_mixin.py:149} INFO - [2023-07-10T01:44:22.010+0000] {dagbag.py:541} INFO - Filling up the DagBag from /home/airflow/.local/lib/python3.7/site-packages/airflow/example_dags/example_task_group.py
[2023-07-10T01:44:22.017+0000] {processor.py:836} INFO - DAG(s) dict_keys(['example_task_group']) retrieved from /home/airflow/.local/lib/python3.7/site-packages/airflow/example_dags/example_task_group.py
[2023-07-10T01:44:22.039+0000] {logging_mixin.py:149} INFO - [2023-07-10T01:44:22.039+0000] {dag.py:2726} INFO - Sync 1 DAGs
[2023-07-10T01:44:22.061+0000] {logging_mixin.py:149} INFO - [2023-07-10T01:44:22.061+0000] {dag.py:3490} INFO - Setting next_dagrun for example_task_group to 2023-07-09T01:44:22.060954+00:00, run_after=2023-07-10T01:44:22.060954+00:00
[2023-07-10T01:44:22.080+0000] {processor.py:179} INFO - Processing /home/airflow/.local/lib/python3.7/site-packages/airflow/example_dags/example_task_group.py took 0.074 seconds
[2023-07-10T01:44:52.652+0000] {processor.py:157} INFO - Started process (PID=5264) to work on /home/airflow/.local/lib/python3.7/site-packages/airflow/example_dags/example_task_group.py
[2023-07-10T01:44:52.653+0000] {processor.py:826} INFO - Processing file /home/airflow/.local/lib/python3.7/site-packages/airflow/example_dags/example_task_group.py for tasks to queue
[2023-07-10T01:44:52.653+0000] {logging_mixin.py:149} INFO - [2023-07-10T01:44:52.653+0000] {dagbag.py:541} INFO - Filling up the DagBag from /home/airflow/.local/lib/python3.7/site-packages/airflow/example_dags/example_task_group.py
[2023-07-10T01:44:52.661+0000] {processor.py:836} INFO - DAG(s) dict_keys(['example_task_group']) retrieved from /home/airflow/.local/lib/python3.7/site-packages/airflow/example_dags/example_task_group.py
[2023-07-10T01:44:52.682+0000] {logging_mixin.py:149} INFO - [2023-07-10T01:44:52.682+0000] {dag.py:2726} INFO - Sync 1 DAGs
[2023-07-10T01:44:52.704+0000] {logging_mixin.py:149} INFO - [2023-07-10T01:44:52.704+0000] {dag.py:3490} INFO - Setting next_dagrun for example_task_group to 2023-07-09T01:44:52.703964+00:00, run_after=2023-07-10T01:44:52.703964+00:00
[2023-07-10T01:44:52.719+0000] {processor.py:179} INFO - Processing /home/airflow/.local/lib/python3.7/site-packages/airflow/example_dags/example_task_group.py took 0.070 seconds
[2023-07-10T01:45:23.231+0000] {processor.py:157} INFO - Started process (PID=5513) to work on /home/airflow/.local/lib/python3.7/site-packages/airflow/example_dags/example_task_group.py
[2023-07-10T01:45:23.232+0000] {processor.py:826} INFO - Processing file /home/airflow/.local/lib/python3.7/site-packages/airflow/example_dags/example_task_group.py for tasks to queue
[2023-07-10T01:45:23.233+0000] {logging_mixin.py:149} INFO - [2023-07-10T01:45:23.233+0000] {dagbag.py:541} INFO - Filling up the DagBag from /home/airflow/.local/lib/python3.7/site-packages/airflow/example_dags/example_task_group.py
[2023-07-10T01:45:23.240+0000] {processor.py:836} INFO - DAG(s) dict_keys(['example_task_group']) retrieved from /home/airflow/.local/lib/python3.7/site-packages/airflow/example_dags/example_task_group.py
[2023-07-10T01:45:23.261+0000] {logging_mixin.py:149} INFO - [2023-07-10T01:45:23.261+0000] {dag.py:2726} INFO - Sync 1 DAGs
[2023-07-10T01:45:23.283+0000] {logging_mixin.py:149} INFO - [2023-07-10T01:45:23.283+0000] {dag.py:3490} INFO - Setting next_dagrun for example_task_group to 2023-07-09T01:45:23.283369+00:00, run_after=2023-07-10T01:45:23.283369+00:00
[2023-07-10T01:45:23.300+0000] {processor.py:179} INFO - Processing /home/airflow/.local/lib/python3.7/site-packages/airflow/example_dags/example_task_group.py took 0.072 seconds
[2023-07-10T01:45:53.774+0000] {processor.py:157} INFO - Started process (PID=5762) to work on /home/airflow/.local/lib/python3.7/site-packages/airflow/example_dags/example_task_group.py
[2023-07-10T01:45:53.775+0000] {processor.py:826} INFO - Processing file /home/airflow/.local/lib/python3.7/site-packages/airflow/example_dags/example_task_group.py for tasks to queue
[2023-07-10T01:45:53.776+0000] {logging_mixin.py:149} INFO - [2023-07-10T01:45:53.776+0000] {dagbag.py:541} INFO - Filling up the DagBag from /home/airflow/.local/lib/python3.7/site-packages/airflow/example_dags/example_task_group.py
[2023-07-10T01:45:53.783+0000] {processor.py:836} INFO - DAG(s) dict_keys(['example_task_group']) retrieved from /home/airflow/.local/lib/python3.7/site-packages/airflow/example_dags/example_task_group.py
[2023-07-10T01:45:53.805+0000] {logging_mixin.py:149} INFO - [2023-07-10T01:45:53.804+0000] {dag.py:2726} INFO - Sync 1 DAGs
[2023-07-10T01:45:53.826+0000] {logging_mixin.py:149} INFO - [2023-07-10T01:45:53.826+0000] {dag.py:3490} INFO - Setting next_dagrun for example_task_group to 2023-07-09T01:45:53.826494+00:00, run_after=2023-07-10T01:45:53.826494+00:00
[2023-07-10T01:45:53.843+0000] {processor.py:179} INFO - Processing /home/airflow/.local/lib/python3.7/site-packages/airflow/example_dags/example_task_group.py took 0.072 seconds
[2023-07-10T01:46:24.458+0000] {processor.py:157} INFO - Started process (PID=6011) to work on /home/airflow/.local/lib/python3.7/site-packages/airflow/example_dags/example_task_group.py
[2023-07-10T01:46:24.459+0000] {processor.py:826} INFO - Processing file /home/airflow/.local/lib/python3.7/site-packages/airflow/example_dags/example_task_group.py for tasks to queue
[2023-07-10T01:46:24.460+0000] {logging_mixin.py:149} INFO - [2023-07-10T01:46:24.460+0000] {dagbag.py:541} INFO - Filling up the DagBag from /home/airflow/.local/lib/python3.7/site-packages/airflow/example_dags/example_task_group.py
[2023-07-10T01:46:24.468+0000] {processor.py:836} INFO - DAG(s) dict_keys(['example_task_group']) retrieved from /home/airflow/.local/lib/python3.7/site-packages/airflow/example_dags/example_task_group.py
[2023-07-10T01:46:24.489+0000] {logging_mixin.py:149} INFO - [2023-07-10T01:46:24.489+0000] {dag.py:2726} INFO - Sync 1 DAGs
[2023-07-10T01:46:24.510+0000] {logging_mixin.py:149} INFO - [2023-07-10T01:46:24.509+0000] {dag.py:3490} INFO - Setting next_dagrun for example_task_group to 2023-07-09T01:46:24.509792+00:00, run_after=2023-07-10T01:46:24.509792+00:00
[2023-07-10T01:46:24.527+0000] {processor.py:179} INFO - Processing /home/airflow/.local/lib/python3.7/site-packages/airflow/example_dags/example_task_group.py took 0.071 seconds
[2023-07-10T01:46:55.208+0000] {processor.py:157} INFO - Started process (PID=6260) to work on /home/airflow/.local/lib/python3.7/site-packages/airflow/example_dags/example_task_group.py
[2023-07-10T01:46:55.209+0000] {processor.py:826} INFO - Processing file /home/airflow/.local/lib/python3.7/site-packages/airflow/example_dags/example_task_group.py for tasks to queue
[2023-07-10T01:46:55.210+0000] {logging_mixin.py:149} INFO - [2023-07-10T01:46:55.210+0000] {dagbag.py:541} INFO - Filling up the DagBag from /home/airflow/.local/lib/python3.7/site-packages/airflow/example_dags/example_task_group.py
[2023-07-10T01:46:55.217+0000] {processor.py:836} INFO - DAG(s) dict_keys(['example_task_group']) retrieved from /home/airflow/.local/lib/python3.7/site-packages/airflow/example_dags/example_task_group.py
[2023-07-10T01:46:55.239+0000] {logging_mixin.py:149} INFO - [2023-07-10T01:46:55.239+0000] {dag.py:2726} INFO - Sync 1 DAGs
[2023-07-10T01:46:55.261+0000] {logging_mixin.py:149} INFO - [2023-07-10T01:46:55.261+0000] {dag.py:3490} INFO - Setting next_dagrun for example_task_group to 2023-07-09T01:46:55.260975+00:00, run_after=2023-07-10T01:46:55.260975+00:00
[2023-07-10T01:46:55.277+0000] {processor.py:179} INFO - Processing /home/airflow/.local/lib/python3.7/site-packages/airflow/example_dags/example_task_group.py took 0.072 seconds
[2023-07-10T01:47:25.828+0000] {processor.py:157} INFO - Started process (PID=6511) to work on /home/airflow/.local/lib/python3.7/site-packages/airflow/example_dags/example_task_group.py
[2023-07-10T01:47:25.829+0000] {processor.py:826} INFO - Processing file /home/airflow/.local/lib/python3.7/site-packages/airflow/example_dags/example_task_group.py for tasks to queue
[2023-07-10T01:47:25.830+0000] {logging_mixin.py:149} INFO - [2023-07-10T01:47:25.830+0000] {dagbag.py:541} INFO - Filling up the DagBag from /home/airflow/.local/lib/python3.7/site-packages/airflow/example_dags/example_task_group.py
[2023-07-10T01:47:25.836+0000] {processor.py:836} INFO - DAG(s) dict_keys(['example_task_group']) retrieved from /home/airflow/.local/lib/python3.7/site-packages/airflow/example_dags/example_task_group.py
[2023-07-10T01:47:25.856+0000] {logging_mixin.py:149} INFO - [2023-07-10T01:47:25.856+0000] {dag.py:2726} INFO - Sync 1 DAGs
[2023-07-10T01:47:25.877+0000] {logging_mixin.py:149} INFO - [2023-07-10T01:47:25.877+0000] {dag.py:3490} INFO - Setting next_dagrun for example_task_group to 2023-07-09T01:47:25.877401+00:00, run_after=2023-07-10T01:47:25.877401+00:00
[2023-07-10T01:47:25.894+0000] {processor.py:179} INFO - Processing /home/airflow/.local/lib/python3.7/site-packages/airflow/example_dags/example_task_group.py took 0.068 seconds
[2023-07-10T01:47:56.227+0000] {processor.py:157} INFO - Started process (PID=6758) to work on /home/airflow/.local/lib/python3.7/site-packages/airflow/example_dags/example_task_group.py
[2023-07-10T01:47:56.228+0000] {processor.py:826} INFO - Processing file /home/airflow/.local/lib/python3.7/site-packages/airflow/example_dags/example_task_group.py for tasks to queue
[2023-07-10T01:47:56.229+0000] {logging_mixin.py:149} INFO - [2023-07-10T01:47:56.229+0000] {dagbag.py:541} INFO - Filling up the DagBag from /home/airflow/.local/lib/python3.7/site-packages/airflow/example_dags/example_task_group.py
[2023-07-10T01:47:56.236+0000] {processor.py:836} INFO - DAG(s) dict_keys(['example_task_group']) retrieved from /home/airflow/.local/lib/python3.7/site-packages/airflow/example_dags/example_task_group.py
[2023-07-10T01:47:56.259+0000] {logging_mixin.py:149} INFO - [2023-07-10T01:47:56.259+0000] {dag.py:2726} INFO - Sync 1 DAGs
[2023-07-10T01:47:56.281+0000] {logging_mixin.py:149} INFO - [2023-07-10T01:47:56.281+0000] {dag.py:3490} INFO - Setting next_dagrun for example_task_group to 2023-07-09T01:47:56.281301+00:00, run_after=2023-07-10T01:47:56.281301+00:00
[2023-07-10T01:47:56.298+0000] {processor.py:179} INFO - Processing /home/airflow/.local/lib/python3.7/site-packages/airflow/example_dags/example_task_group.py took 0.073 seconds
[2023-07-10T01:48:26.746+0000] {processor.py:157} INFO - Started process (PID=7007) to work on /home/airflow/.local/lib/python3.7/site-packages/airflow/example_dags/example_task_group.py
[2023-07-10T01:48:26.747+0000] {processor.py:826} INFO - Processing file /home/airflow/.local/lib/python3.7/site-packages/airflow/example_dags/example_task_group.py for tasks to queue
[2023-07-10T01:48:26.748+0000] {logging_mixin.py:149} INFO - [2023-07-10T01:48:26.748+0000] {dagbag.py:541} INFO - Filling up the DagBag from /home/airflow/.local/lib/python3.7/site-packages/airflow/example_dags/example_task_group.py
[2023-07-10T01:48:26.755+0000] {processor.py:836} INFO - DAG(s) dict_keys(['example_task_group']) retrieved from /home/airflow/.local/lib/python3.7/site-packages/airflow/example_dags/example_task_group.py
[2023-07-10T01:48:26.775+0000] {logging_mixin.py:149} INFO - [2023-07-10T01:48:26.775+0000] {dag.py:2726} INFO - Sync 1 DAGs
[2023-07-10T01:48:26.794+0000] {logging_mixin.py:149} INFO - [2023-07-10T01:48:26.794+0000] {dag.py:3490} INFO - Setting next_dagrun for example_task_group to 2023-07-09T01:48:26.794504+00:00, run_after=2023-07-10T01:48:26.794504+00:00
[2023-07-10T01:48:26.811+0000] {processor.py:179} INFO - Processing /home/airflow/.local/lib/python3.7/site-packages/airflow/example_dags/example_task_group.py took 0.068 seconds
[2023-07-10T01:48:57.391+0000] {processor.py:157} INFO - Started process (PID=7256) to work on /home/airflow/.local/lib/python3.7/site-packages/airflow/example_dags/example_task_group.py
[2023-07-10T01:48:57.392+0000] {processor.py:826} INFO - Processing file /home/airflow/.local/lib/python3.7/site-packages/airflow/example_dags/example_task_group.py for tasks to queue
[2023-07-10T01:48:57.393+0000] {logging_mixin.py:149} INFO - [2023-07-10T01:48:57.393+0000] {dagbag.py:541} INFO - Filling up the DagBag from /home/airflow/.local/lib/python3.7/site-packages/airflow/example_dags/example_task_group.py
[2023-07-10T01:48:57.400+0000] {processor.py:836} INFO - DAG(s) dict_keys(['example_task_group']) retrieved from /home/airflow/.local/lib/python3.7/site-packages/airflow/example_dags/example_task_group.py
[2023-07-10T01:48:57.423+0000] {logging_mixin.py:149} INFO - [2023-07-10T01:48:57.423+0000] {dag.py:2726} INFO - Sync 1 DAGs
[2023-07-10T01:48:57.444+0000] {logging_mixin.py:149} INFO - [2023-07-10T01:48:57.444+0000] {dag.py:3490} INFO - Setting next_dagrun for example_task_group to 2023-07-09T01:48:57.444255+00:00, run_after=2023-07-10T01:48:57.444255+00:00
[2023-07-10T01:48:57.460+0000] {processor.py:179} INFO - Processing /home/airflow/.local/lib/python3.7/site-packages/airflow/example_dags/example_task_group.py took 0.071 seconds
[2023-07-10T01:49:27.834+0000] {processor.py:157} INFO - Started process (PID=7505) to work on /home/airflow/.local/lib/python3.7/site-packages/airflow/example_dags/example_task_group.py
[2023-07-10T01:49:27.835+0000] {processor.py:826} INFO - Processing file /home/airflow/.local/lib/python3.7/site-packages/airflow/example_dags/example_task_group.py for tasks to queue
[2023-07-10T01:49:27.836+0000] {logging_mixin.py:149} INFO - [2023-07-10T01:49:27.836+0000] {dagbag.py:541} INFO - Filling up the DagBag from /home/airflow/.local/lib/python3.7/site-packages/airflow/example_dags/example_task_group.py
[2023-07-10T01:49:27.842+0000] {processor.py:836} INFO - DAG(s) dict_keys(['example_task_group']) retrieved from /home/airflow/.local/lib/python3.7/site-packages/airflow/example_dags/example_task_group.py
[2023-07-10T01:49:27.864+0000] {logging_mixin.py:149} INFO - [2023-07-10T01:49:27.863+0000] {dag.py:2726} INFO - Sync 1 DAGs
[2023-07-10T01:49:27.884+0000] {logging_mixin.py:149} INFO - [2023-07-10T01:49:27.884+0000] {dag.py:3490} INFO - Setting next_dagrun for example_task_group to 2023-07-09T01:49:27.884550+00:00, run_after=2023-07-10T01:49:27.884550+00:00
[2023-07-10T01:49:27.900+0000] {processor.py:179} INFO - Processing /home/airflow/.local/lib/python3.7/site-packages/airflow/example_dags/example_task_group.py took 0.069 seconds
[2023-07-10T01:49:58.448+0000] {processor.py:157} INFO - Started process (PID=7759) to work on /home/airflow/.local/lib/python3.7/site-packages/airflow/example_dags/example_task_group.py
[2023-07-10T01:49:58.449+0000] {processor.py:826} INFO - Processing file /home/airflow/.local/lib/python3.7/site-packages/airflow/example_dags/example_task_group.py for tasks to queue
[2023-07-10T01:49:58.450+0000] {logging_mixin.py:149} INFO - [2023-07-10T01:49:58.450+0000] {dagbag.py:541} INFO - Filling up the DagBag from /home/airflow/.local/lib/python3.7/site-packages/airflow/example_dags/example_task_group.py
[2023-07-10T01:49:58.457+0000] {processor.py:836} INFO - DAG(s) dict_keys(['example_task_group']) retrieved from /home/airflow/.local/lib/python3.7/site-packages/airflow/example_dags/example_task_group.py
[2023-07-10T01:49:58.479+0000] {logging_mixin.py:149} INFO - [2023-07-10T01:49:58.479+0000] {dag.py:2726} INFO - Sync 1 DAGs
[2023-07-10T01:49:58.500+0000] {logging_mixin.py:149} INFO - [2023-07-10T01:49:58.500+0000] {dag.py:3490} INFO - Setting next_dagrun for example_task_group to 2023-07-09T01:49:58.499847+00:00, run_after=2023-07-10T01:49:58.499847+00:00
[2023-07-10T01:49:58.516+0000] {processor.py:179} INFO - Processing /home/airflow/.local/lib/python3.7/site-packages/airflow/example_dags/example_task_group.py took 0.071 seconds
[2023-07-10T01:50:29.116+0000] {processor.py:157} INFO - Started process (PID=8013) to work on /home/airflow/.local/lib/python3.7/site-packages/airflow/example_dags/example_task_group.py
[2023-07-10T01:50:29.117+0000] {processor.py:826} INFO - Processing file /home/airflow/.local/lib/python3.7/site-packages/airflow/example_dags/example_task_group.py for tasks to queue
[2023-07-10T01:50:29.117+0000] {logging_mixin.py:149} INFO - [2023-07-10T01:50:29.117+0000] {dagbag.py:541} INFO - Filling up the DagBag from /home/airflow/.local/lib/python3.7/site-packages/airflow/example_dags/example_task_group.py
[2023-07-10T01:50:29.124+0000] {processor.py:836} INFO - DAG(s) dict_keys(['example_task_group']) retrieved from /home/airflow/.local/lib/python3.7/site-packages/airflow/example_dags/example_task_group.py
[2023-07-10T01:50:29.146+0000] {logging_mixin.py:149} INFO - [2023-07-10T01:50:29.146+0000] {dag.py:2726} INFO - Sync 1 DAGs
[2023-07-10T01:50:29.168+0000] {logging_mixin.py:149} INFO - [2023-07-10T01:50:29.168+0000] {dag.py:3490} INFO - Setting next_dagrun for example_task_group to 2023-07-09T01:50:29.168135+00:00, run_after=2023-07-10T01:50:29.168135+00:00
[2023-07-10T01:50:29.186+0000] {processor.py:179} INFO - Processing /home/airflow/.local/lib/python3.7/site-packages/airflow/example_dags/example_task_group.py took 0.072 seconds
[2023-07-10T01:50:59.715+0000] {processor.py:157} INFO - Started process (PID=8267) to work on /home/airflow/.local/lib/python3.7/site-packages/airflow/example_dags/example_task_group.py
[2023-07-10T01:50:59.716+0000] {processor.py:826} INFO - Processing file /home/airflow/.local/lib/python3.7/site-packages/airflow/example_dags/example_task_group.py for tasks to queue
[2023-07-10T01:50:59.717+0000] {logging_mixin.py:149} INFO - [2023-07-10T01:50:59.717+0000] {dagbag.py:541} INFO - Filling up the DagBag from /home/airflow/.local/lib/python3.7/site-packages/airflow/example_dags/example_task_group.py
[2023-07-10T01:50:59.724+0000] {processor.py:836} INFO - DAG(s) dict_keys(['example_task_group']) retrieved from /home/airflow/.local/lib/python3.7/site-packages/airflow/example_dags/example_task_group.py
[2023-07-10T01:50:59.745+0000] {logging_mixin.py:149} INFO - [2023-07-10T01:50:59.745+0000] {dag.py:2726} INFO - Sync 1 DAGs
[2023-07-10T01:50:59.768+0000] {logging_mixin.py:149} INFO - [2023-07-10T01:50:59.767+0000] {dag.py:3490} INFO - Setting next_dagrun for example_task_group to 2023-07-09T01:50:59.767809+00:00, run_after=2023-07-10T01:50:59.767809+00:00
[2023-07-10T01:50:59.785+0000] {processor.py:179} INFO - Processing /home/airflow/.local/lib/python3.7/site-packages/airflow/example_dags/example_task_group.py took 0.073 seconds
[2023-07-10T01:51:30.424+0000] {processor.py:157} INFO - Started process (PID=8521) to work on /home/airflow/.local/lib/python3.7/site-packages/airflow/example_dags/example_task_group.py
[2023-07-10T01:51:30.425+0000] {processor.py:826} INFO - Processing file /home/airflow/.local/lib/python3.7/site-packages/airflow/example_dags/example_task_group.py for tasks to queue
[2023-07-10T01:51:30.426+0000] {logging_mixin.py:149} INFO - [2023-07-10T01:51:30.426+0000] {dagbag.py:541} INFO - Filling up the DagBag from /home/airflow/.local/lib/python3.7/site-packages/airflow/example_dags/example_task_group.py
[2023-07-10T01:51:30.433+0000] {processor.py:836} INFO - DAG(s) dict_keys(['example_task_group']) retrieved from /home/airflow/.local/lib/python3.7/site-packages/airflow/example_dags/example_task_group.py
[2023-07-10T01:51:30.455+0000] {logging_mixin.py:149} INFO - [2023-07-10T01:51:30.455+0000] {dag.py:2726} INFO - Sync 1 DAGs
[2023-07-10T01:51:30.478+0000] {logging_mixin.py:149} INFO - [2023-07-10T01:51:30.478+0000] {dag.py:3490} INFO - Setting next_dagrun for example_task_group to 2023-07-09T01:51:30.478104+00:00, run_after=2023-07-10T01:51:30.478104+00:00
[2023-07-10T01:51:30.497+0000] {processor.py:179} INFO - Processing /home/airflow/.local/lib/python3.7/site-packages/airflow/example_dags/example_task_group.py took 0.075 seconds
[2023-07-10T01:52:01.067+0000] {processor.py:157} INFO - Started process (PID=8775) to work on /home/airflow/.local/lib/python3.7/site-packages/airflow/example_dags/example_task_group.py
[2023-07-10T01:52:01.068+0000] {processor.py:826} INFO - Processing file /home/airflow/.local/lib/python3.7/site-packages/airflow/example_dags/example_task_group.py for tasks to queue
[2023-07-10T01:52:01.069+0000] {logging_mixin.py:149} INFO - [2023-07-10T01:52:01.069+0000] {dagbag.py:541} INFO - Filling up the DagBag from /home/airflow/.local/lib/python3.7/site-packages/airflow/example_dags/example_task_group.py
[2023-07-10T01:52:01.076+0000] {processor.py:836} INFO - DAG(s) dict_keys(['example_task_group']) retrieved from /home/airflow/.local/lib/python3.7/site-packages/airflow/example_dags/example_task_group.py
[2023-07-10T01:52:01.098+0000] {logging_mixin.py:149} INFO - [2023-07-10T01:52:01.097+0000] {dag.py:2726} INFO - Sync 1 DAGs
[2023-07-10T01:52:01.123+0000] {logging_mixin.py:149} INFO - [2023-07-10T01:52:01.122+0000] {dag.py:3490} INFO - Setting next_dagrun for example_task_group to 2023-07-09T01:52:01.122659+00:00, run_after=2023-07-10T01:52:01.122659+00:00
[2023-07-10T01:52:01.139+0000] {processor.py:179} INFO - Processing /home/airflow/.local/lib/python3.7/site-packages/airflow/example_dags/example_task_group.py took 0.074 seconds
[2023-07-10T01:52:31.828+0000] {processor.py:157} INFO - Started process (PID=9029) to work on /home/airflow/.local/lib/python3.7/site-packages/airflow/example_dags/example_task_group.py
[2023-07-10T01:52:31.829+0000] {processor.py:826} INFO - Processing file /home/airflow/.local/lib/python3.7/site-packages/airflow/example_dags/example_task_group.py for tasks to queue
[2023-07-10T01:52:31.830+0000] {logging_mixin.py:149} INFO - [2023-07-10T01:52:31.830+0000] {dagbag.py:541} INFO - Filling up the DagBag from /home/airflow/.local/lib/python3.7/site-packages/airflow/example_dags/example_task_group.py
[2023-07-10T01:52:31.836+0000] {processor.py:836} INFO - DAG(s) dict_keys(['example_task_group']) retrieved from /home/airflow/.local/lib/python3.7/site-packages/airflow/example_dags/example_task_group.py
[2023-07-10T01:52:31.856+0000] {logging_mixin.py:149} INFO - [2023-07-10T01:52:31.856+0000] {dag.py:2726} INFO - Sync 1 DAGs
[2023-07-10T01:52:31.878+0000] {logging_mixin.py:149} INFO - [2023-07-10T01:52:31.878+0000] {dag.py:3490} INFO - Setting next_dagrun for example_task_group to 2023-07-09T01:52:31.877904+00:00, run_after=2023-07-10T01:52:31.877904+00:00
[2023-07-10T01:52:31.895+0000] {processor.py:179} INFO - Processing /home/airflow/.local/lib/python3.7/site-packages/airflow/example_dags/example_task_group.py took 0.070 seconds
[2023-07-10T01:53:02.177+0000] {processor.py:157} INFO - Started process (PID=9285) to work on /home/airflow/.local/lib/python3.7/site-packages/airflow/example_dags/example_task_group.py
[2023-07-10T01:53:02.178+0000] {processor.py:826} INFO - Processing file /home/airflow/.local/lib/python3.7/site-packages/airflow/example_dags/example_task_group.py for tasks to queue
[2023-07-10T01:53:02.178+0000] {logging_mixin.py:149} INFO - [2023-07-10T01:53:02.178+0000] {dagbag.py:541} INFO - Filling up the DagBag from /home/airflow/.local/lib/python3.7/site-packages/airflow/example_dags/example_task_group.py
[2023-07-10T01:53:02.185+0000] {processor.py:836} INFO - DAG(s) dict_keys(['example_task_group']) retrieved from /home/airflow/.local/lib/python3.7/site-packages/airflow/example_dags/example_task_group.py
[2023-07-10T01:53:02.205+0000] {logging_mixin.py:149} INFO - [2023-07-10T01:53:02.205+0000] {dag.py:2726} INFO - Sync 1 DAGs
[2023-07-10T01:53:02.224+0000] {logging_mixin.py:149} INFO - [2023-07-10T01:53:02.224+0000] {dag.py:3490} INFO - Setting next_dagrun for example_task_group to 2023-07-09T01:53:02.224083+00:00, run_after=2023-07-10T01:53:02.224083+00:00
[2023-07-10T01:53:02.240+0000] {processor.py:179} INFO - Processing /home/airflow/.local/lib/python3.7/site-packages/airflow/example_dags/example_task_group.py took 0.065 seconds
[2023-07-10T01:53:32.341+0000] {processor.py:157} INFO - Started process (PID=9537) to work on /home/airflow/.local/lib/python3.7/site-packages/airflow/example_dags/example_task_group.py
[2023-07-10T01:53:32.342+0000] {processor.py:826} INFO - Processing file /home/airflow/.local/lib/python3.7/site-packages/airflow/example_dags/example_task_group.py for tasks to queue
[2023-07-10T01:53:32.343+0000] {logging_mixin.py:149} INFO - [2023-07-10T01:53:32.343+0000] {dagbag.py:541} INFO - Filling up the DagBag from /home/airflow/.local/lib/python3.7/site-packages/airflow/example_dags/example_task_group.py
[2023-07-10T01:53:32.350+0000] {processor.py:836} INFO - DAG(s) dict_keys(['example_task_group']) retrieved from /home/airflow/.local/lib/python3.7/site-packages/airflow/example_dags/example_task_group.py
[2023-07-10T01:53:32.370+0000] {logging_mixin.py:149} INFO - [2023-07-10T01:53:32.370+0000] {dag.py:2726} INFO - Sync 1 DAGs
[2023-07-10T01:53:32.390+0000] {logging_mixin.py:149} INFO - [2023-07-10T01:53:32.390+0000] {dag.py:3490} INFO - Setting next_dagrun for example_task_group to 2023-07-09T01:53:32.390385+00:00, run_after=2023-07-10T01:53:32.390385+00:00
[2023-07-10T01:53:32.405+0000] {processor.py:179} INFO - Processing /home/airflow/.local/lib/python3.7/site-packages/airflow/example_dags/example_task_group.py took 0.067 seconds
[2023-07-10T01:54:02.676+0000] {processor.py:157} INFO - Started process (PID=9792) to work on /home/airflow/.local/lib/python3.7/site-packages/airflow/example_dags/example_task_group.py
[2023-07-10T01:54:02.677+0000] {processor.py:826} INFO - Processing file /home/airflow/.local/lib/python3.7/site-packages/airflow/example_dags/example_task_group.py for tasks to queue
[2023-07-10T01:54:02.678+0000] {logging_mixin.py:149} INFO - [2023-07-10T01:54:02.678+0000] {dagbag.py:541} INFO - Filling up the DagBag from /home/airflow/.local/lib/python3.7/site-packages/airflow/example_dags/example_task_group.py
[2023-07-10T01:54:02.685+0000] {processor.py:836} INFO - DAG(s) dict_keys(['example_task_group']) retrieved from /home/airflow/.local/lib/python3.7/site-packages/airflow/example_dags/example_task_group.py
[2023-07-10T01:54:02.705+0000] {logging_mixin.py:149} INFO - [2023-07-10T01:54:02.705+0000] {dag.py:2726} INFO - Sync 1 DAGs
[2023-07-10T01:54:02.724+0000] {logging_mixin.py:149} INFO - [2023-07-10T01:54:02.724+0000] {dag.py:3490} INFO - Setting next_dagrun for example_task_group to 2023-07-09T01:54:02.724552+00:00, run_after=2023-07-10T01:54:02.724552+00:00
[2023-07-10T01:54:02.741+0000] {processor.py:179} INFO - Processing /home/airflow/.local/lib/python3.7/site-packages/airflow/example_dags/example_task_group.py took 0.067 seconds
[2023-07-10T01:54:33.130+0000] {processor.py:157} INFO - Started process (PID=10048) to work on /home/airflow/.local/lib/python3.7/site-packages/airflow/example_dags/example_task_group.py
[2023-07-10T01:54:33.130+0000] {processor.py:826} INFO - Processing file /home/airflow/.local/lib/python3.7/site-packages/airflow/example_dags/example_task_group.py for tasks to queue
[2023-07-10T01:54:33.131+0000] {logging_mixin.py:149} INFO - [2023-07-10T01:54:33.131+0000] {dagbag.py:541} INFO - Filling up the DagBag from /home/airflow/.local/lib/python3.7/site-packages/airflow/example_dags/example_task_group.py
[2023-07-10T01:54:33.148+0000] {processor.py:836} INFO - DAG(s) dict_keys(['example_task_group']) retrieved from /home/airflow/.local/lib/python3.7/site-packages/airflow/example_dags/example_task_group.py
[2023-07-10T01:54:33.170+0000] {logging_mixin.py:149} INFO - [2023-07-10T01:54:33.170+0000] {dag.py:2726} INFO - Sync 1 DAGs
[2023-07-10T01:54:33.197+0000] {logging_mixin.py:149} INFO - [2023-07-10T01:54:33.196+0000] {dag.py:3490} INFO - Setting next_dagrun for example_task_group to 2023-07-09T01:54:33.196759+00:00, run_after=2023-07-10T01:54:33.196759+00:00
[2023-07-10T01:54:33.213+0000] {processor.py:179} INFO - Processing /home/airflow/.local/lib/python3.7/site-packages/airflow/example_dags/example_task_group.py took 0.087 seconds
[2023-07-10T01:55:04.083+0000] {processor.py:157} INFO - Started process (PID=10300) to work on /home/airflow/.local/lib/python3.7/site-packages/airflow/example_dags/example_task_group.py
[2023-07-10T01:55:04.084+0000] {processor.py:826} INFO - Processing file /home/airflow/.local/lib/python3.7/site-packages/airflow/example_dags/example_task_group.py for tasks to queue
[2023-07-10T01:55:04.085+0000] {logging_mixin.py:149} INFO - [2023-07-10T01:55:04.085+0000] {dagbag.py:541} INFO - Filling up the DagBag from /home/airflow/.local/lib/python3.7/site-packages/airflow/example_dags/example_task_group.py
[2023-07-10T01:55:04.091+0000] {processor.py:836} INFO - DAG(s) dict_keys(['example_task_group']) retrieved from /home/airflow/.local/lib/python3.7/site-packages/airflow/example_dags/example_task_group.py
[2023-07-10T01:55:04.112+0000] {logging_mixin.py:149} INFO - [2023-07-10T01:55:04.112+0000] {dag.py:2726} INFO - Sync 1 DAGs
[2023-07-10T01:55:04.135+0000] {logging_mixin.py:149} INFO - [2023-07-10T01:55:04.135+0000] {dag.py:3490} INFO - Setting next_dagrun for example_task_group to 2023-07-09T01:55:04.134961+00:00, run_after=2023-07-10T01:55:04.134961+00:00
[2023-07-10T01:55:04.153+0000] {processor.py:179} INFO - Processing /home/airflow/.local/lib/python3.7/site-packages/airflow/example_dags/example_task_group.py took 0.073 seconds
[2023-07-10T01:55:35.014+0000] {processor.py:157} INFO - Started process (PID=10554) to work on /home/airflow/.local/lib/python3.7/site-packages/airflow/example_dags/example_task_group.py
[2023-07-10T01:55:35.015+0000] {processor.py:826} INFO - Processing file /home/airflow/.local/lib/python3.7/site-packages/airflow/example_dags/example_task_group.py for tasks to queue
[2023-07-10T01:55:35.016+0000] {logging_mixin.py:149} INFO - [2023-07-10T01:55:35.016+0000] {dagbag.py:541} INFO - Filling up the DagBag from /home/airflow/.local/lib/python3.7/site-packages/airflow/example_dags/example_task_group.py
[2023-07-10T01:55:35.022+0000] {processor.py:836} INFO - DAG(s) dict_keys(['example_task_group']) retrieved from /home/airflow/.local/lib/python3.7/site-packages/airflow/example_dags/example_task_group.py
[2023-07-10T01:55:35.047+0000] {logging_mixin.py:149} INFO - [2023-07-10T01:55:35.047+0000] {dag.py:2726} INFO - Sync 1 DAGs
[2023-07-10T01:55:35.069+0000] {logging_mixin.py:149} INFO - [2023-07-10T01:55:35.068+0000] {dag.py:3490} INFO - Setting next_dagrun for example_task_group to 2023-07-09T01:55:35.068762+00:00, run_after=2023-07-10T01:55:35.068762+00:00
[2023-07-10T01:55:35.086+0000] {processor.py:179} INFO - Processing /home/airflow/.local/lib/python3.7/site-packages/airflow/example_dags/example_task_group.py took 0.075 seconds
[2023-07-10T01:56:05.647+0000] {processor.py:157} INFO - Started process (PID=10808) to work on /home/airflow/.local/lib/python3.7/site-packages/airflow/example_dags/example_task_group.py
[2023-07-10T01:56:05.648+0000] {processor.py:826} INFO - Processing file /home/airflow/.local/lib/python3.7/site-packages/airflow/example_dags/example_task_group.py for tasks to queue
[2023-07-10T01:56:05.649+0000] {logging_mixin.py:149} INFO - [2023-07-10T01:56:05.649+0000] {dagbag.py:541} INFO - Filling up the DagBag from /home/airflow/.local/lib/python3.7/site-packages/airflow/example_dags/example_task_group.py
[2023-07-10T01:56:05.656+0000] {processor.py:836} INFO - DAG(s) dict_keys(['example_task_group']) retrieved from /home/airflow/.local/lib/python3.7/site-packages/airflow/example_dags/example_task_group.py
[2023-07-10T01:56:05.679+0000] {logging_mixin.py:149} INFO - [2023-07-10T01:56:05.679+0000] {dag.py:2726} INFO - Sync 1 DAGs
[2023-07-10T01:56:05.699+0000] {logging_mixin.py:149} INFO - [2023-07-10T01:56:05.699+0000] {dag.py:3490} INFO - Setting next_dagrun for example_task_group to 2023-07-09T01:56:05.699555+00:00, run_after=2023-07-10T01:56:05.699555+00:00
[2023-07-10T01:56:05.717+0000] {processor.py:179} INFO - Processing /home/airflow/.local/lib/python3.7/site-packages/airflow/example_dags/example_task_group.py took 0.073 seconds
[2023-07-10T01:56:36.323+0000] {processor.py:157} INFO - Started process (PID=11067) to work on /home/airflow/.local/lib/python3.7/site-packages/airflow/example_dags/example_task_group.py
[2023-07-10T01:56:36.324+0000] {processor.py:826} INFO - Processing file /home/airflow/.local/lib/python3.7/site-packages/airflow/example_dags/example_task_group.py for tasks to queue
[2023-07-10T01:56:36.325+0000] {logging_mixin.py:149} INFO - [2023-07-10T01:56:36.325+0000] {dagbag.py:541} INFO - Filling up the DagBag from /home/airflow/.local/lib/python3.7/site-packages/airflow/example_dags/example_task_group.py
[2023-07-10T01:56:36.331+0000] {processor.py:836} INFO - DAG(s) dict_keys(['example_task_group']) retrieved from /home/airflow/.local/lib/python3.7/site-packages/airflow/example_dags/example_task_group.py
[2023-07-10T01:56:36.355+0000] {logging_mixin.py:149} INFO - [2023-07-10T01:56:36.355+0000] {dag.py:2726} INFO - Sync 1 DAGs
[2023-07-10T01:56:36.376+0000] {logging_mixin.py:149} INFO - [2023-07-10T01:56:36.376+0000] {dag.py:3490} INFO - Setting next_dagrun for example_task_group to 2023-07-09T01:56:36.376310+00:00, run_after=2023-07-10T01:56:36.376310+00:00
[2023-07-10T01:56:36.394+0000] {processor.py:179} INFO - Processing /home/airflow/.local/lib/python3.7/site-packages/airflow/example_dags/example_task_group.py took 0.074 seconds
[2023-07-10T01:57:07.008+0000] {processor.py:157} INFO - Started process (PID=11328) to work on /home/airflow/.local/lib/python3.7/site-packages/airflow/example_dags/example_task_group.py
[2023-07-10T01:57:07.009+0000] {processor.py:826} INFO - Processing file /home/airflow/.local/lib/python3.7/site-packages/airflow/example_dags/example_task_group.py for tasks to queue
[2023-07-10T01:57:07.011+0000] {logging_mixin.py:149} INFO - [2023-07-10T01:57:07.010+0000] {dagbag.py:541} INFO - Filling up the DagBag from /home/airflow/.local/lib/python3.7/site-packages/airflow/example_dags/example_task_group.py
[2023-07-10T01:57:07.018+0000] {processor.py:836} INFO - DAG(s) dict_keys(['example_task_group']) retrieved from /home/airflow/.local/lib/python3.7/site-packages/airflow/example_dags/example_task_group.py
[2023-07-10T01:57:07.040+0000] {logging_mixin.py:149} INFO - [2023-07-10T01:57:07.040+0000] {dag.py:2726} INFO - Sync 1 DAGs
[2023-07-10T01:57:07.063+0000] {logging_mixin.py:149} INFO - [2023-07-10T01:57:07.063+0000] {dag.py:3490} INFO - Setting next_dagrun for example_task_group to 2023-07-09T01:57:07.063486+00:00, run_after=2023-07-10T01:57:07.063486+00:00
[2023-07-10T01:57:07.083+0000] {processor.py:179} INFO - Processing /home/airflow/.local/lib/python3.7/site-packages/airflow/example_dags/example_task_group.py took 0.079 seconds
[2023-07-10T01:57:37.124+0000] {processor.py:157} INFO - Started process (PID=11577) to work on /home/airflow/.local/lib/python3.7/site-packages/airflow/example_dags/example_task_group.py
[2023-07-10T01:57:37.125+0000] {processor.py:826} INFO - Processing file /home/airflow/.local/lib/python3.7/site-packages/airflow/example_dags/example_task_group.py for tasks to queue
[2023-07-10T01:57:37.126+0000] {logging_mixin.py:149} INFO - [2023-07-10T01:57:37.126+0000] {dagbag.py:541} INFO - Filling up the DagBag from /home/airflow/.local/lib/python3.7/site-packages/airflow/example_dags/example_task_group.py
[2023-07-10T01:57:37.133+0000] {processor.py:836} INFO - DAG(s) dict_keys(['example_task_group']) retrieved from /home/airflow/.local/lib/python3.7/site-packages/airflow/example_dags/example_task_group.py
[2023-07-10T01:57:37.154+0000] {logging_mixin.py:149} INFO - [2023-07-10T01:57:37.154+0000] {dag.py:2726} INFO - Sync 1 DAGs
[2023-07-10T01:57:37.173+0000] {logging_mixin.py:149} INFO - [2023-07-10T01:57:37.173+0000] {dag.py:3490} INFO - Setting next_dagrun for example_task_group to 2023-07-09T01:57:37.173679+00:00, run_after=2023-07-10T01:57:37.173679+00:00
[2023-07-10T01:57:37.189+0000] {processor.py:179} INFO - Processing /home/airflow/.local/lib/python3.7/site-packages/airflow/example_dags/example_task_group.py took 0.067 seconds
[2023-07-10T01:58:07.322+0000] {processor.py:157} INFO - Started process (PID=11833) to work on /home/airflow/.local/lib/python3.7/site-packages/airflow/example_dags/example_task_group.py
[2023-07-10T01:58:07.323+0000] {processor.py:826} INFO - Processing file /home/airflow/.local/lib/python3.7/site-packages/airflow/example_dags/example_task_group.py for tasks to queue
[2023-07-10T01:58:07.324+0000] {logging_mixin.py:149} INFO - [2023-07-10T01:58:07.324+0000] {dagbag.py:541} INFO - Filling up the DagBag from /home/airflow/.local/lib/python3.7/site-packages/airflow/example_dags/example_task_group.py
[2023-07-10T01:58:07.332+0000] {processor.py:836} INFO - DAG(s) dict_keys(['example_task_group']) retrieved from /home/airflow/.local/lib/python3.7/site-packages/airflow/example_dags/example_task_group.py
[2023-07-10T01:58:07.354+0000] {logging_mixin.py:149} INFO - [2023-07-10T01:58:07.354+0000] {dag.py:2726} INFO - Sync 1 DAGs
[2023-07-10T01:58:07.375+0000] {logging_mixin.py:149} INFO - [2023-07-10T01:58:07.375+0000] {dag.py:3490} INFO - Setting next_dagrun for example_task_group to 2023-07-09T01:58:07.375068+00:00, run_after=2023-07-10T01:58:07.375068+00:00
[2023-07-10T01:58:07.391+0000] {processor.py:179} INFO - Processing /home/airflow/.local/lib/python3.7/site-packages/airflow/example_dags/example_task_group.py took 0.072 seconds
[2023-07-10T01:58:38.032+0000] {processor.py:157} INFO - Started process (PID=12085) to work on /home/airflow/.local/lib/python3.7/site-packages/airflow/example_dags/example_task_group.py
[2023-07-10T01:58:38.033+0000] {processor.py:826} INFO - Processing file /home/airflow/.local/lib/python3.7/site-packages/airflow/example_dags/example_task_group.py for tasks to queue
[2023-07-10T01:58:38.034+0000] {logging_mixin.py:149} INFO - [2023-07-10T01:58:38.034+0000] {dagbag.py:541} INFO - Filling up the DagBag from /home/airflow/.local/lib/python3.7/site-packages/airflow/example_dags/example_task_group.py
[2023-07-10T01:58:38.040+0000] {processor.py:836} INFO - DAG(s) dict_keys(['example_task_group']) retrieved from /home/airflow/.local/lib/python3.7/site-packages/airflow/example_dags/example_task_group.py
[2023-07-10T01:58:38.061+0000] {logging_mixin.py:149} INFO - [2023-07-10T01:58:38.061+0000] {dag.py:2726} INFO - Sync 1 DAGs
[2023-07-10T01:58:38.083+0000] {logging_mixin.py:149} INFO - [2023-07-10T01:58:38.083+0000] {dag.py:3490} INFO - Setting next_dagrun for example_task_group to 2023-07-09T01:58:38.083526+00:00, run_after=2023-07-10T01:58:38.083526+00:00
[2023-07-10T01:58:38.110+0000] {processor.py:179} INFO - Processing /home/airflow/.local/lib/python3.7/site-packages/airflow/example_dags/example_task_group.py took 0.081 seconds
