[2023-07-10T01:34:39.168+0000] {processor.py:157} INFO - Started process (PID=352) to work on /home/airflow/.local/lib/python3.7/site-packages/airflow/example_dags/example_local_kubernetes_executor.py
[2023-07-10T01:34:39.168+0000] {processor.py:826} INFO - Processing file /home/airflow/.local/lib/python3.7/site-packages/airflow/example_dags/example_local_kubernetes_executor.py for tasks to queue
[2023-07-10T01:34:39.169+0000] {logging_mixin.py:149} INFO - [2023-07-10T01:34:39.169+0000] {dagbag.py:541} INFO - Filling up the DagBag from /home/airflow/.local/lib/python3.7/site-packages/airflow/example_dags/example_local_kubernetes_executor.py
[2023-07-10T01:34:39.412+0000] {processor.py:836} INFO - DAG(s) dict_keys(['example_local_kubernetes_executor']) retrieved from /home/airflow/.local/lib/python3.7/site-packages/airflow/example_dags/example_local_kubernetes_executor.py
[2023-07-10T01:34:39.438+0000] {logging_mixin.py:149} INFO - [2023-07-10T01:34:39.438+0000] {dag.py:2726} INFO - Sync 1 DAGs
[2023-07-10T01:34:39.459+0000] {logging_mixin.py:149} INFO - [2023-07-10T01:34:39.459+0000] {dag.py:3490} INFO - Setting next_dagrun for example_local_kubernetes_executor to None, run_after=None
[2023-07-10T01:34:39.476+0000] {processor.py:179} INFO - Processing /home/airflow/.local/lib/python3.7/site-packages/airflow/example_dags/example_local_kubernetes_executor.py took 0.311 seconds
[2023-07-10T01:35:09.959+0000] {processor.py:157} INFO - Started process (PID=602) to work on /home/airflow/.local/lib/python3.7/site-packages/airflow/example_dags/example_local_kubernetes_executor.py
[2023-07-10T01:35:09.960+0000] {processor.py:826} INFO - Processing file /home/airflow/.local/lib/python3.7/site-packages/airflow/example_dags/example_local_kubernetes_executor.py for tasks to queue
[2023-07-10T01:35:09.961+0000] {logging_mixin.py:149} INFO - [2023-07-10T01:35:09.961+0000] {dagbag.py:541} INFO - Filling up the DagBag from /home/airflow/.local/lib/python3.7/site-packages/airflow/example_dags/example_local_kubernetes_executor.py
[2023-07-10T01:35:10.186+0000] {processor.py:836} INFO - DAG(s) dict_keys(['example_local_kubernetes_executor']) retrieved from /home/airflow/.local/lib/python3.7/site-packages/airflow/example_dags/example_local_kubernetes_executor.py
[2023-07-10T01:35:10.215+0000] {logging_mixin.py:149} INFO - [2023-07-10T01:35:10.214+0000] {dag.py:2726} INFO - Sync 1 DAGs
[2023-07-10T01:35:10.232+0000] {logging_mixin.py:149} INFO - [2023-07-10T01:35:10.232+0000] {dag.py:3490} INFO - Setting next_dagrun for example_local_kubernetes_executor to None, run_after=None
[2023-07-10T01:35:10.247+0000] {processor.py:179} INFO - Processing /home/airflow/.local/lib/python3.7/site-packages/airflow/example_dags/example_local_kubernetes_executor.py took 0.290 seconds
[2023-07-10T01:35:41.683+0000] {processor.py:157} INFO - Started process (PID=851) to work on /home/airflow/.local/lib/python3.7/site-packages/airflow/example_dags/example_local_kubernetes_executor.py
[2023-07-10T01:35:41.684+0000] {processor.py:826} INFO - Processing file /home/airflow/.local/lib/python3.7/site-packages/airflow/example_dags/example_local_kubernetes_executor.py for tasks to queue
[2023-07-10T01:35:41.685+0000] {logging_mixin.py:149} INFO - [2023-07-10T01:35:41.685+0000] {dagbag.py:541} INFO - Filling up the DagBag from /home/airflow/.local/lib/python3.7/site-packages/airflow/example_dags/example_local_kubernetes_executor.py
[2023-07-10T01:35:41.909+0000] {processor.py:836} INFO - DAG(s) dict_keys(['example_local_kubernetes_executor']) retrieved from /home/airflow/.local/lib/python3.7/site-packages/airflow/example_dags/example_local_kubernetes_executor.py
[2023-07-10T01:35:41.941+0000] {logging_mixin.py:149} INFO - [2023-07-10T01:35:41.941+0000] {dag.py:2726} INFO - Sync 1 DAGs
[2023-07-10T01:35:41.963+0000] {logging_mixin.py:149} INFO - [2023-07-10T01:35:41.963+0000] {dag.py:3490} INFO - Setting next_dagrun for example_local_kubernetes_executor to None, run_after=None
[2023-07-10T01:35:41.978+0000] {processor.py:179} INFO - Processing /home/airflow/.local/lib/python3.7/site-packages/airflow/example_dags/example_local_kubernetes_executor.py took 0.297 seconds
[2023-07-10T01:36:13.479+0000] {processor.py:157} INFO - Started process (PID=1102) to work on /home/airflow/.local/lib/python3.7/site-packages/airflow/example_dags/example_local_kubernetes_executor.py
[2023-07-10T01:36:13.479+0000] {processor.py:826} INFO - Processing file /home/airflow/.local/lib/python3.7/site-packages/airflow/example_dags/example_local_kubernetes_executor.py for tasks to queue
[2023-07-10T01:36:13.480+0000] {logging_mixin.py:149} INFO - [2023-07-10T01:36:13.480+0000] {dagbag.py:541} INFO - Filling up the DagBag from /home/airflow/.local/lib/python3.7/site-packages/airflow/example_dags/example_local_kubernetes_executor.py
[2023-07-10T01:36:13.702+0000] {processor.py:836} INFO - DAG(s) dict_keys(['example_local_kubernetes_executor']) retrieved from /home/airflow/.local/lib/python3.7/site-packages/airflow/example_dags/example_local_kubernetes_executor.py
[2023-07-10T01:36:13.728+0000] {logging_mixin.py:149} INFO - [2023-07-10T01:36:13.728+0000] {dag.py:2726} INFO - Sync 1 DAGs
[2023-07-10T01:36:13.747+0000] {logging_mixin.py:149} INFO - [2023-07-10T01:36:13.747+0000] {dag.py:3490} INFO - Setting next_dagrun for example_local_kubernetes_executor to None, run_after=None
[2023-07-10T01:36:13.763+0000] {processor.py:179} INFO - Processing /home/airflow/.local/lib/python3.7/site-packages/airflow/example_dags/example_local_kubernetes_executor.py took 0.287 seconds
[2023-07-10T01:36:44.377+0000] {processor.py:157} INFO - Started process (PID=1349) to work on /home/airflow/.local/lib/python3.7/site-packages/airflow/example_dags/example_local_kubernetes_executor.py
[2023-07-10T01:36:44.378+0000] {processor.py:826} INFO - Processing file /home/airflow/.local/lib/python3.7/site-packages/airflow/example_dags/example_local_kubernetes_executor.py for tasks to queue
[2023-07-10T01:36:44.380+0000] {logging_mixin.py:149} INFO - [2023-07-10T01:36:44.380+0000] {dagbag.py:541} INFO - Filling up the DagBag from /home/airflow/.local/lib/python3.7/site-packages/airflow/example_dags/example_local_kubernetes_executor.py
[2023-07-10T01:36:44.551+0000] {processor.py:836} INFO - DAG(s) dict_keys(['example_local_kubernetes_executor']) retrieved from /home/airflow/.local/lib/python3.7/site-packages/airflow/example_dags/example_local_kubernetes_executor.py
[2023-07-10T01:36:44.582+0000] {logging_mixin.py:149} INFO - [2023-07-10T01:36:44.582+0000] {dag.py:2726} INFO - Sync 1 DAGs
[2023-07-10T01:36:44.607+0000] {logging_mixin.py:149} INFO - [2023-07-10T01:36:44.607+0000] {dag.py:3490} INFO - Setting next_dagrun for example_local_kubernetes_executor to None, run_after=None
[2023-07-10T01:36:44.628+0000] {processor.py:179} INFO - Processing /home/airflow/.local/lib/python3.7/site-packages/airflow/example_dags/example_local_kubernetes_executor.py took 0.254 seconds
[2023-07-10T01:37:15.616+0000] {processor.py:157} INFO - Started process (PID=1600) to work on /home/airflow/.local/lib/python3.7/site-packages/airflow/example_dags/example_local_kubernetes_executor.py
[2023-07-10T01:37:15.617+0000] {processor.py:826} INFO - Processing file /home/airflow/.local/lib/python3.7/site-packages/airflow/example_dags/example_local_kubernetes_executor.py for tasks to queue
[2023-07-10T01:37:15.618+0000] {logging_mixin.py:149} INFO - [2023-07-10T01:37:15.618+0000] {dagbag.py:541} INFO - Filling up the DagBag from /home/airflow/.local/lib/python3.7/site-packages/airflow/example_dags/example_local_kubernetes_executor.py
[2023-07-10T01:37:15.777+0000] {processor.py:836} INFO - DAG(s) dict_keys(['example_local_kubernetes_executor']) retrieved from /home/airflow/.local/lib/python3.7/site-packages/airflow/example_dags/example_local_kubernetes_executor.py
[2023-07-10T01:37:15.807+0000] {logging_mixin.py:149} INFO - [2023-07-10T01:37:15.807+0000] {dag.py:2726} INFO - Sync 1 DAGs
[2023-07-10T01:37:15.832+0000] {logging_mixin.py:149} INFO - [2023-07-10T01:37:15.832+0000] {dag.py:3490} INFO - Setting next_dagrun for example_local_kubernetes_executor to None, run_after=None
[2023-07-10T01:37:15.851+0000] {processor.py:179} INFO - Processing /home/airflow/.local/lib/python3.7/site-packages/airflow/example_dags/example_local_kubernetes_executor.py took 0.237 seconds
[2023-07-10T01:37:45.939+0000] {processor.py:157} INFO - Started process (PID=1849) to work on /home/airflow/.local/lib/python3.7/site-packages/airflow/example_dags/example_local_kubernetes_executor.py
[2023-07-10T01:37:45.940+0000] {processor.py:826} INFO - Processing file /home/airflow/.local/lib/python3.7/site-packages/airflow/example_dags/example_local_kubernetes_executor.py for tasks to queue
[2023-07-10T01:37:45.941+0000] {logging_mixin.py:149} INFO - [2023-07-10T01:37:45.941+0000] {dagbag.py:541} INFO - Filling up the DagBag from /home/airflow/.local/lib/python3.7/site-packages/airflow/example_dags/example_local_kubernetes_executor.py
[2023-07-10T01:37:46.096+0000] {processor.py:836} INFO - DAG(s) dict_keys(['example_local_kubernetes_executor']) retrieved from /home/airflow/.local/lib/python3.7/site-packages/airflow/example_dags/example_local_kubernetes_executor.py
[2023-07-10T01:37:46.126+0000] {logging_mixin.py:149} INFO - [2023-07-10T01:37:46.126+0000] {dag.py:2726} INFO - Sync 1 DAGs
[2023-07-10T01:37:46.148+0000] {logging_mixin.py:149} INFO - [2023-07-10T01:37:46.148+0000] {dag.py:3490} INFO - Setting next_dagrun for example_local_kubernetes_executor to None, run_after=None
[2023-07-10T01:37:46.165+0000] {processor.py:179} INFO - Processing /home/airflow/.local/lib/python3.7/site-packages/airflow/example_dags/example_local_kubernetes_executor.py took 0.228 seconds
[2023-07-10T01:38:16.261+0000] {processor.py:157} INFO - Started process (PID=2098) to work on /home/airflow/.local/lib/python3.7/site-packages/airflow/example_dags/example_local_kubernetes_executor.py
[2023-07-10T01:38:16.262+0000] {processor.py:826} INFO - Processing file /home/airflow/.local/lib/python3.7/site-packages/airflow/example_dags/example_local_kubernetes_executor.py for tasks to queue
[2023-07-10T01:38:16.262+0000] {logging_mixin.py:149} INFO - [2023-07-10T01:38:16.262+0000] {dagbag.py:541} INFO - Filling up the DagBag from /home/airflow/.local/lib/python3.7/site-packages/airflow/example_dags/example_local_kubernetes_executor.py
[2023-07-10T01:38:16.425+0000] {processor.py:836} INFO - DAG(s) dict_keys(['example_local_kubernetes_executor']) retrieved from /home/airflow/.local/lib/python3.7/site-packages/airflow/example_dags/example_local_kubernetes_executor.py
[2023-07-10T01:38:16.456+0000] {logging_mixin.py:149} INFO - [2023-07-10T01:38:16.456+0000] {dag.py:2726} INFO - Sync 1 DAGs
[2023-07-10T01:38:16.478+0000] {logging_mixin.py:149} INFO - [2023-07-10T01:38:16.478+0000] {dag.py:3490} INFO - Setting next_dagrun for example_local_kubernetes_executor to None, run_after=None
[2023-07-10T01:38:16.497+0000] {processor.py:179} INFO - Processing /home/airflow/.local/lib/python3.7/site-packages/airflow/example_dags/example_local_kubernetes_executor.py took 0.239 seconds
[2023-07-10T01:38:46.916+0000] {processor.py:157} INFO - Started process (PID=2347) to work on /home/airflow/.local/lib/python3.7/site-packages/airflow/example_dags/example_local_kubernetes_executor.py
[2023-07-10T01:38:46.917+0000] {processor.py:826} INFO - Processing file /home/airflow/.local/lib/python3.7/site-packages/airflow/example_dags/example_local_kubernetes_executor.py for tasks to queue
[2023-07-10T01:38:46.918+0000] {logging_mixin.py:149} INFO - [2023-07-10T01:38:46.918+0000] {dagbag.py:541} INFO - Filling up the DagBag from /home/airflow/.local/lib/python3.7/site-packages/airflow/example_dags/example_local_kubernetes_executor.py
[2023-07-10T01:38:47.081+0000] {processor.py:836} INFO - DAG(s) dict_keys(['example_local_kubernetes_executor']) retrieved from /home/airflow/.local/lib/python3.7/site-packages/airflow/example_dags/example_local_kubernetes_executor.py
[2023-07-10T01:38:47.091+0000] {logging_mixin.py:149} INFO - [2023-07-10T01:38:47.091+0000] {dag.py:2726} INFO - Sync 1 DAGs
[2023-07-10T01:38:47.112+0000] {logging_mixin.py:149} INFO - [2023-07-10T01:38:47.112+0000] {dag.py:3490} INFO - Setting next_dagrun for example_local_kubernetes_executor to None, run_after=None
[2023-07-10T01:38:47.129+0000] {processor.py:179} INFO - Processing /home/airflow/.local/lib/python3.7/site-packages/airflow/example_dags/example_local_kubernetes_executor.py took 0.216 seconds
[2023-07-10T01:39:17.714+0000] {processor.py:157} INFO - Started process (PID=2596) to work on /home/airflow/.local/lib/python3.7/site-packages/airflow/example_dags/example_local_kubernetes_executor.py
[2023-07-10T01:39:17.715+0000] {processor.py:826} INFO - Processing file /home/airflow/.local/lib/python3.7/site-packages/airflow/example_dags/example_local_kubernetes_executor.py for tasks to queue
[2023-07-10T01:39:17.716+0000] {logging_mixin.py:149} INFO - [2023-07-10T01:39:17.716+0000] {dagbag.py:541} INFO - Filling up the DagBag from /home/airflow/.local/lib/python3.7/site-packages/airflow/example_dags/example_local_kubernetes_executor.py
[2023-07-10T01:39:17.869+0000] {processor.py:836} INFO - DAG(s) dict_keys(['example_local_kubernetes_executor']) retrieved from /home/airflow/.local/lib/python3.7/site-packages/airflow/example_dags/example_local_kubernetes_executor.py
[2023-07-10T01:39:17.899+0000] {logging_mixin.py:149} INFO - [2023-07-10T01:39:17.899+0000] {dag.py:2726} INFO - Sync 1 DAGs
[2023-07-10T01:39:17.923+0000] {logging_mixin.py:149} INFO - [2023-07-10T01:39:17.923+0000] {dag.py:3490} INFO - Setting next_dagrun for example_local_kubernetes_executor to None, run_after=None
[2023-07-10T01:39:17.941+0000] {processor.py:179} INFO - Processing /home/airflow/.local/lib/python3.7/site-packages/airflow/example_dags/example_local_kubernetes_executor.py took 0.229 seconds
[2023-07-10T01:39:47.981+0000] {processor.py:157} INFO - Started process (PID=2850) to work on /home/airflow/.local/lib/python3.7/site-packages/airflow/example_dags/example_local_kubernetes_executor.py
[2023-07-10T01:39:47.982+0000] {processor.py:826} INFO - Processing file /home/airflow/.local/lib/python3.7/site-packages/airflow/example_dags/example_local_kubernetes_executor.py for tasks to queue
[2023-07-10T01:39:47.983+0000] {logging_mixin.py:149} INFO - [2023-07-10T01:39:47.983+0000] {dagbag.py:541} INFO - Filling up the DagBag from /home/airflow/.local/lib/python3.7/site-packages/airflow/example_dags/example_local_kubernetes_executor.py
[2023-07-10T01:39:48.134+0000] {processor.py:836} INFO - DAG(s) dict_keys(['example_local_kubernetes_executor']) retrieved from /home/airflow/.local/lib/python3.7/site-packages/airflow/example_dags/example_local_kubernetes_executor.py
[2023-07-10T01:39:48.165+0000] {logging_mixin.py:149} INFO - [2023-07-10T01:39:48.165+0000] {dag.py:2726} INFO - Sync 1 DAGs
[2023-07-10T01:39:48.186+0000] {logging_mixin.py:149} INFO - [2023-07-10T01:39:48.186+0000] {dag.py:3490} INFO - Setting next_dagrun for example_local_kubernetes_executor to None, run_after=None
[2023-07-10T01:39:48.204+0000] {processor.py:179} INFO - Processing /home/airflow/.local/lib/python3.7/site-packages/airflow/example_dags/example_local_kubernetes_executor.py took 0.226 seconds
[2023-07-10T01:40:18.808+0000] {processor.py:157} INFO - Started process (PID=3094) to work on /home/airflow/.local/lib/python3.7/site-packages/airflow/example_dags/example_local_kubernetes_executor.py
[2023-07-10T01:40:18.809+0000] {processor.py:826} INFO - Processing file /home/airflow/.local/lib/python3.7/site-packages/airflow/example_dags/example_local_kubernetes_executor.py for tasks to queue
[2023-07-10T01:40:18.810+0000] {logging_mixin.py:149} INFO - [2023-07-10T01:40:18.810+0000] {dagbag.py:541} INFO - Filling up the DagBag from /home/airflow/.local/lib/python3.7/site-packages/airflow/example_dags/example_local_kubernetes_executor.py
[2023-07-10T01:40:18.960+0000] {processor.py:836} INFO - DAG(s) dict_keys(['example_local_kubernetes_executor']) retrieved from /home/airflow/.local/lib/python3.7/site-packages/airflow/example_dags/example_local_kubernetes_executor.py
[2023-07-10T01:40:18.988+0000] {logging_mixin.py:149} INFO - [2023-07-10T01:40:18.987+0000] {dag.py:2726} INFO - Sync 1 DAGs
[2023-07-10T01:40:19.008+0000] {logging_mixin.py:149} INFO - [2023-07-10T01:40:19.008+0000] {dag.py:3490} INFO - Setting next_dagrun for example_local_kubernetes_executor to None, run_after=None
[2023-07-10T01:40:19.025+0000] {processor.py:179} INFO - Processing /home/airflow/.local/lib/python3.7/site-packages/airflow/example_dags/example_local_kubernetes_executor.py took 0.219 seconds
[2023-07-10T01:40:49.372+0000] {processor.py:157} INFO - Started process (PID=3343) to work on /home/airflow/.local/lib/python3.7/site-packages/airflow/example_dags/example_local_kubernetes_executor.py
[2023-07-10T01:40:49.373+0000] {processor.py:826} INFO - Processing file /home/airflow/.local/lib/python3.7/site-packages/airflow/example_dags/example_local_kubernetes_executor.py for tasks to queue
[2023-07-10T01:40:49.374+0000] {logging_mixin.py:149} INFO - [2023-07-10T01:40:49.374+0000] {dagbag.py:541} INFO - Filling up the DagBag from /home/airflow/.local/lib/python3.7/site-packages/airflow/example_dags/example_local_kubernetes_executor.py
[2023-07-10T01:40:49.547+0000] {processor.py:836} INFO - DAG(s) dict_keys(['example_local_kubernetes_executor']) retrieved from /home/airflow/.local/lib/python3.7/site-packages/airflow/example_dags/example_local_kubernetes_executor.py
[2023-07-10T01:40:49.586+0000] {logging_mixin.py:149} INFO - [2023-07-10T01:40:49.586+0000] {dag.py:2726} INFO - Sync 1 DAGs
[2023-07-10T01:40:49.624+0000] {logging_mixin.py:149} INFO - [2023-07-10T01:40:49.624+0000] {dag.py:3490} INFO - Setting next_dagrun for example_local_kubernetes_executor to None, run_after=None
[2023-07-10T01:40:49.654+0000] {processor.py:179} INFO - Processing /home/airflow/.local/lib/python3.7/site-packages/airflow/example_dags/example_local_kubernetes_executor.py took 0.285 seconds
[2023-07-10T01:41:20.076+0000] {processor.py:157} INFO - Started process (PID=3592) to work on /home/airflow/.local/lib/python3.7/site-packages/airflow/example_dags/example_local_kubernetes_executor.py
[2023-07-10T01:41:20.077+0000] {processor.py:826} INFO - Processing file /home/airflow/.local/lib/python3.7/site-packages/airflow/example_dags/example_local_kubernetes_executor.py for tasks to queue
[2023-07-10T01:41:20.078+0000] {logging_mixin.py:149} INFO - [2023-07-10T01:41:20.077+0000] {dagbag.py:541} INFO - Filling up the DagBag from /home/airflow/.local/lib/python3.7/site-packages/airflow/example_dags/example_local_kubernetes_executor.py
[2023-07-10T01:41:20.233+0000] {processor.py:836} INFO - DAG(s) dict_keys(['example_local_kubernetes_executor']) retrieved from /home/airflow/.local/lib/python3.7/site-packages/airflow/example_dags/example_local_kubernetes_executor.py
[2023-07-10T01:41:20.266+0000] {logging_mixin.py:149} INFO - [2023-07-10T01:41:20.265+0000] {dag.py:2726} INFO - Sync 1 DAGs
[2023-07-10T01:41:20.287+0000] {logging_mixin.py:149} INFO - [2023-07-10T01:41:20.287+0000] {dag.py:3490} INFO - Setting next_dagrun for example_local_kubernetes_executor to None, run_after=None
[2023-07-10T01:41:20.303+0000] {processor.py:179} INFO - Processing /home/airflow/.local/lib/python3.7/site-packages/airflow/example_dags/example_local_kubernetes_executor.py took 0.230 seconds
[2023-07-10T01:41:50.846+0000] {processor.py:157} INFO - Started process (PID=3841) to work on /home/airflow/.local/lib/python3.7/site-packages/airflow/example_dags/example_local_kubernetes_executor.py
[2023-07-10T01:41:50.847+0000] {processor.py:826} INFO - Processing file /home/airflow/.local/lib/python3.7/site-packages/airflow/example_dags/example_local_kubernetes_executor.py for tasks to queue
[2023-07-10T01:41:50.848+0000] {logging_mixin.py:149} INFO - [2023-07-10T01:41:50.848+0000] {dagbag.py:541} INFO - Filling up the DagBag from /home/airflow/.local/lib/python3.7/site-packages/airflow/example_dags/example_local_kubernetes_executor.py
[2023-07-10T01:41:50.998+0000] {processor.py:836} INFO - DAG(s) dict_keys(['example_local_kubernetes_executor']) retrieved from /home/airflow/.local/lib/python3.7/site-packages/airflow/example_dags/example_local_kubernetes_executor.py
[2023-07-10T01:41:51.027+0000] {logging_mixin.py:149} INFO - [2023-07-10T01:41:51.027+0000] {dag.py:2726} INFO - Sync 1 DAGs
[2023-07-10T01:41:51.053+0000] {logging_mixin.py:149} INFO - [2023-07-10T01:41:51.053+0000] {dag.py:3490} INFO - Setting next_dagrun for example_local_kubernetes_executor to None, run_after=None
[2023-07-10T01:41:51.071+0000] {processor.py:179} INFO - Processing /home/airflow/.local/lib/python3.7/site-packages/airflow/example_dags/example_local_kubernetes_executor.py took 0.228 seconds
[2023-07-10T01:42:21.334+0000] {processor.py:157} INFO - Started process (PID=4090) to work on /home/airflow/.local/lib/python3.7/site-packages/airflow/example_dags/example_local_kubernetes_executor.py
[2023-07-10T01:42:21.335+0000] {processor.py:826} INFO - Processing file /home/airflow/.local/lib/python3.7/site-packages/airflow/example_dags/example_local_kubernetes_executor.py for tasks to queue
[2023-07-10T01:42:21.336+0000] {logging_mixin.py:149} INFO - [2023-07-10T01:42:21.336+0000] {dagbag.py:541} INFO - Filling up the DagBag from /home/airflow/.local/lib/python3.7/site-packages/airflow/example_dags/example_local_kubernetes_executor.py
[2023-07-10T01:42:21.492+0000] {processor.py:836} INFO - DAG(s) dict_keys(['example_local_kubernetes_executor']) retrieved from /home/airflow/.local/lib/python3.7/site-packages/airflow/example_dags/example_local_kubernetes_executor.py
[2023-07-10T01:42:21.523+0000] {logging_mixin.py:149} INFO - [2023-07-10T01:42:21.522+0000] {dag.py:2726} INFO - Sync 1 DAGs
[2023-07-10T01:42:21.545+0000] {logging_mixin.py:149} INFO - [2023-07-10T01:42:21.545+0000] {dag.py:3490} INFO - Setting next_dagrun for example_local_kubernetes_executor to None, run_after=None
[2023-07-10T01:42:21.562+0000] {processor.py:179} INFO - Processing /home/airflow/.local/lib/python3.7/site-packages/airflow/example_dags/example_local_kubernetes_executor.py took 0.231 seconds
[2023-07-10T01:42:51.994+0000] {processor.py:157} INFO - Started process (PID=4339) to work on /home/airflow/.local/lib/python3.7/site-packages/airflow/example_dags/example_local_kubernetes_executor.py
[2023-07-10T01:42:51.995+0000] {processor.py:826} INFO - Processing file /home/airflow/.local/lib/python3.7/site-packages/airflow/example_dags/example_local_kubernetes_executor.py for tasks to queue
[2023-07-10T01:42:51.996+0000] {logging_mixin.py:149} INFO - [2023-07-10T01:42:51.996+0000] {dagbag.py:541} INFO - Filling up the DagBag from /home/airflow/.local/lib/python3.7/site-packages/airflow/example_dags/example_local_kubernetes_executor.py
[2023-07-10T01:42:52.163+0000] {processor.py:836} INFO - DAG(s) dict_keys(['example_local_kubernetes_executor']) retrieved from /home/airflow/.local/lib/python3.7/site-packages/airflow/example_dags/example_local_kubernetes_executor.py
[2023-07-10T01:42:52.193+0000] {logging_mixin.py:149} INFO - [2023-07-10T01:42:52.192+0000] {dag.py:2726} INFO - Sync 1 DAGs
[2023-07-10T01:42:52.214+0000] {logging_mixin.py:149} INFO - [2023-07-10T01:42:52.214+0000] {dag.py:3490} INFO - Setting next_dagrun for example_local_kubernetes_executor to None, run_after=None
[2023-07-10T01:42:52.233+0000] {processor.py:179} INFO - Processing /home/airflow/.local/lib/python3.7/site-packages/airflow/example_dags/example_local_kubernetes_executor.py took 0.241 seconds
[2023-07-10T01:43:22.519+0000] {processor.py:157} INFO - Started process (PID=4588) to work on /home/airflow/.local/lib/python3.7/site-packages/airflow/example_dags/example_local_kubernetes_executor.py
[2023-07-10T01:43:22.520+0000] {processor.py:826} INFO - Processing file /home/airflow/.local/lib/python3.7/site-packages/airflow/example_dags/example_local_kubernetes_executor.py for tasks to queue
[2023-07-10T01:43:22.521+0000] {logging_mixin.py:149} INFO - [2023-07-10T01:43:22.521+0000] {dagbag.py:541} INFO - Filling up the DagBag from /home/airflow/.local/lib/python3.7/site-packages/airflow/example_dags/example_local_kubernetes_executor.py
[2023-07-10T01:43:22.681+0000] {processor.py:836} INFO - DAG(s) dict_keys(['example_local_kubernetes_executor']) retrieved from /home/airflow/.local/lib/python3.7/site-packages/airflow/example_dags/example_local_kubernetes_executor.py
[2023-07-10T01:43:22.710+0000] {logging_mixin.py:149} INFO - [2023-07-10T01:43:22.710+0000] {dag.py:2726} INFO - Sync 1 DAGs
[2023-07-10T01:43:22.734+0000] {logging_mixin.py:149} INFO - [2023-07-10T01:43:22.733+0000] {dag.py:3490} INFO - Setting next_dagrun for example_local_kubernetes_executor to None, run_after=None
[2023-07-10T01:43:22.751+0000] {processor.py:179} INFO - Processing /home/airflow/.local/lib/python3.7/site-packages/airflow/example_dags/example_local_kubernetes_executor.py took 0.235 seconds
[2023-07-10T01:43:53.066+0000] {processor.py:157} INFO - Started process (PID=4838) to work on /home/airflow/.local/lib/python3.7/site-packages/airflow/example_dags/example_local_kubernetes_executor.py
[2023-07-10T01:43:53.067+0000] {processor.py:826} INFO - Processing file /home/airflow/.local/lib/python3.7/site-packages/airflow/example_dags/example_local_kubernetes_executor.py for tasks to queue
[2023-07-10T01:43:53.068+0000] {logging_mixin.py:149} INFO - [2023-07-10T01:43:53.068+0000] {dagbag.py:541} INFO - Filling up the DagBag from /home/airflow/.local/lib/python3.7/site-packages/airflow/example_dags/example_local_kubernetes_executor.py
[2023-07-10T01:43:53.217+0000] {processor.py:836} INFO - DAG(s) dict_keys(['example_local_kubernetes_executor']) retrieved from /home/airflow/.local/lib/python3.7/site-packages/airflow/example_dags/example_local_kubernetes_executor.py
[2023-07-10T01:43:53.245+0000] {logging_mixin.py:149} INFO - [2023-07-10T01:43:53.245+0000] {dag.py:2726} INFO - Sync 1 DAGs
[2023-07-10T01:43:53.267+0000] {logging_mixin.py:149} INFO - [2023-07-10T01:43:53.267+0000] {dag.py:3490} INFO - Setting next_dagrun for example_local_kubernetes_executor to None, run_after=None
[2023-07-10T01:43:53.284+0000] {processor.py:179} INFO - Processing /home/airflow/.local/lib/python3.7/site-packages/airflow/example_dags/example_local_kubernetes_executor.py took 0.220 seconds
[2023-07-10T01:44:23.740+0000] {processor.py:157} INFO - Started process (PID=5087) to work on /home/airflow/.local/lib/python3.7/site-packages/airflow/example_dags/example_local_kubernetes_executor.py
[2023-07-10T01:44:23.741+0000] {processor.py:826} INFO - Processing file /home/airflow/.local/lib/python3.7/site-packages/airflow/example_dags/example_local_kubernetes_executor.py for tasks to queue
[2023-07-10T01:44:23.742+0000] {logging_mixin.py:149} INFO - [2023-07-10T01:44:23.742+0000] {dagbag.py:541} INFO - Filling up the DagBag from /home/airflow/.local/lib/python3.7/site-packages/airflow/example_dags/example_local_kubernetes_executor.py
[2023-07-10T01:44:23.891+0000] {processor.py:836} INFO - DAG(s) dict_keys(['example_local_kubernetes_executor']) retrieved from /home/airflow/.local/lib/python3.7/site-packages/airflow/example_dags/example_local_kubernetes_executor.py
[2023-07-10T01:44:23.920+0000] {logging_mixin.py:149} INFO - [2023-07-10T01:44:23.920+0000] {dag.py:2726} INFO - Sync 1 DAGs
[2023-07-10T01:44:23.941+0000] {logging_mixin.py:149} INFO - [2023-07-10T01:44:23.941+0000] {dag.py:3490} INFO - Setting next_dagrun for example_local_kubernetes_executor to None, run_after=None
[2023-07-10T01:44:23.964+0000] {processor.py:179} INFO - Processing /home/airflow/.local/lib/python3.7/site-packages/airflow/example_dags/example_local_kubernetes_executor.py took 0.227 seconds
[2023-07-10T01:44:54.362+0000] {processor.py:157} INFO - Started process (PID=5336) to work on /home/airflow/.local/lib/python3.7/site-packages/airflow/example_dags/example_local_kubernetes_executor.py
[2023-07-10T01:44:54.363+0000] {processor.py:826} INFO - Processing file /home/airflow/.local/lib/python3.7/site-packages/airflow/example_dags/example_local_kubernetes_executor.py for tasks to queue
[2023-07-10T01:44:54.364+0000] {logging_mixin.py:149} INFO - [2023-07-10T01:44:54.364+0000] {dagbag.py:541} INFO - Filling up the DagBag from /home/airflow/.local/lib/python3.7/site-packages/airflow/example_dags/example_local_kubernetes_executor.py
[2023-07-10T01:44:54.521+0000] {processor.py:836} INFO - DAG(s) dict_keys(['example_local_kubernetes_executor']) retrieved from /home/airflow/.local/lib/python3.7/site-packages/airflow/example_dags/example_local_kubernetes_executor.py
[2023-07-10T01:44:54.554+0000] {logging_mixin.py:149} INFO - [2023-07-10T01:44:54.553+0000] {dag.py:2726} INFO - Sync 1 DAGs
[2023-07-10T01:44:54.578+0000] {logging_mixin.py:149} INFO - [2023-07-10T01:44:54.578+0000] {dag.py:3490} INFO - Setting next_dagrun for example_local_kubernetes_executor to None, run_after=None
[2023-07-10T01:44:54.598+0000] {processor.py:179} INFO - Processing /home/airflow/.local/lib/python3.7/site-packages/airflow/example_dags/example_local_kubernetes_executor.py took 0.238 seconds
[2023-07-10T01:45:24.969+0000] {processor.py:157} INFO - Started process (PID=5585) to work on /home/airflow/.local/lib/python3.7/site-packages/airflow/example_dags/example_local_kubernetes_executor.py
[2023-07-10T01:45:24.970+0000] {processor.py:826} INFO - Processing file /home/airflow/.local/lib/python3.7/site-packages/airflow/example_dags/example_local_kubernetes_executor.py for tasks to queue
[2023-07-10T01:45:24.971+0000] {logging_mixin.py:149} INFO - [2023-07-10T01:45:24.971+0000] {dagbag.py:541} INFO - Filling up the DagBag from /home/airflow/.local/lib/python3.7/site-packages/airflow/example_dags/example_local_kubernetes_executor.py
[2023-07-10T01:45:25.126+0000] {processor.py:836} INFO - DAG(s) dict_keys(['example_local_kubernetes_executor']) retrieved from /home/airflow/.local/lib/python3.7/site-packages/airflow/example_dags/example_local_kubernetes_executor.py
[2023-07-10T01:45:25.156+0000] {logging_mixin.py:149} INFO - [2023-07-10T01:45:25.156+0000] {dag.py:2726} INFO - Sync 1 DAGs
[2023-07-10T01:45:25.178+0000] {logging_mixin.py:149} INFO - [2023-07-10T01:45:25.178+0000] {dag.py:3490} INFO - Setting next_dagrun for example_local_kubernetes_executor to None, run_after=None
[2023-07-10T01:45:25.196+0000] {processor.py:179} INFO - Processing /home/airflow/.local/lib/python3.7/site-packages/airflow/example_dags/example_local_kubernetes_executor.py took 0.229 seconds
[2023-07-10T01:45:55.566+0000] {processor.py:157} INFO - Started process (PID=5834) to work on /home/airflow/.local/lib/python3.7/site-packages/airflow/example_dags/example_local_kubernetes_executor.py
[2023-07-10T01:45:55.568+0000] {processor.py:826} INFO - Processing file /home/airflow/.local/lib/python3.7/site-packages/airflow/example_dags/example_local_kubernetes_executor.py for tasks to queue
[2023-07-10T01:45:55.569+0000] {logging_mixin.py:149} INFO - [2023-07-10T01:45:55.568+0000] {dagbag.py:541} INFO - Filling up the DagBag from /home/airflow/.local/lib/python3.7/site-packages/airflow/example_dags/example_local_kubernetes_executor.py
[2023-07-10T01:45:55.722+0000] {processor.py:836} INFO - DAG(s) dict_keys(['example_local_kubernetes_executor']) retrieved from /home/airflow/.local/lib/python3.7/site-packages/airflow/example_dags/example_local_kubernetes_executor.py
[2023-07-10T01:45:55.750+0000] {logging_mixin.py:149} INFO - [2023-07-10T01:45:55.750+0000] {dag.py:2726} INFO - Sync 1 DAGs
[2023-07-10T01:45:55.772+0000] {logging_mixin.py:149} INFO - [2023-07-10T01:45:55.772+0000] {dag.py:3490} INFO - Setting next_dagrun for example_local_kubernetes_executor to None, run_after=None
[2023-07-10T01:45:55.790+0000] {processor.py:179} INFO - Processing /home/airflow/.local/lib/python3.7/site-packages/airflow/example_dags/example_local_kubernetes_executor.py took 0.226 seconds
[2023-07-10T01:46:26.369+0000] {processor.py:157} INFO - Started process (PID=6083) to work on /home/airflow/.local/lib/python3.7/site-packages/airflow/example_dags/example_local_kubernetes_executor.py
[2023-07-10T01:46:26.370+0000] {processor.py:826} INFO - Processing file /home/airflow/.local/lib/python3.7/site-packages/airflow/example_dags/example_local_kubernetes_executor.py for tasks to queue
[2023-07-10T01:46:26.371+0000] {logging_mixin.py:149} INFO - [2023-07-10T01:46:26.371+0000] {dagbag.py:541} INFO - Filling up the DagBag from /home/airflow/.local/lib/python3.7/site-packages/airflow/example_dags/example_local_kubernetes_executor.py
[2023-07-10T01:46:26.532+0000] {processor.py:836} INFO - DAG(s) dict_keys(['example_local_kubernetes_executor']) retrieved from /home/airflow/.local/lib/python3.7/site-packages/airflow/example_dags/example_local_kubernetes_executor.py
[2023-07-10T01:46:26.564+0000] {logging_mixin.py:149} INFO - [2023-07-10T01:46:26.564+0000] {dag.py:2726} INFO - Sync 1 DAGs
[2023-07-10T01:46:26.585+0000] {logging_mixin.py:149} INFO - [2023-07-10T01:46:26.585+0000] {dag.py:3490} INFO - Setting next_dagrun for example_local_kubernetes_executor to None, run_after=None
[2023-07-10T01:46:26.602+0000] {processor.py:179} INFO - Processing /home/airflow/.local/lib/python3.7/site-packages/airflow/example_dags/example_local_kubernetes_executor.py took 0.236 seconds
[2023-07-10T01:46:56.976+0000] {processor.py:157} INFO - Started process (PID=6332) to work on /home/airflow/.local/lib/python3.7/site-packages/airflow/example_dags/example_local_kubernetes_executor.py
[2023-07-10T01:46:56.977+0000] {processor.py:826} INFO - Processing file /home/airflow/.local/lib/python3.7/site-packages/airflow/example_dags/example_local_kubernetes_executor.py for tasks to queue
[2023-07-10T01:46:56.977+0000] {logging_mixin.py:149} INFO - [2023-07-10T01:46:56.977+0000] {dagbag.py:541} INFO - Filling up the DagBag from /home/airflow/.local/lib/python3.7/site-packages/airflow/example_dags/example_local_kubernetes_executor.py
[2023-07-10T01:46:57.130+0000] {processor.py:836} INFO - DAG(s) dict_keys(['example_local_kubernetes_executor']) retrieved from /home/airflow/.local/lib/python3.7/site-packages/airflow/example_dags/example_local_kubernetes_executor.py
[2023-07-10T01:46:57.159+0000] {logging_mixin.py:149} INFO - [2023-07-10T01:46:57.159+0000] {dag.py:2726} INFO - Sync 1 DAGs
[2023-07-10T01:46:57.183+0000] {logging_mixin.py:149} INFO - [2023-07-10T01:46:57.183+0000] {dag.py:3490} INFO - Setting next_dagrun for example_local_kubernetes_executor to None, run_after=None
[2023-07-10T01:46:57.199+0000] {processor.py:179} INFO - Processing /home/airflow/.local/lib/python3.7/site-packages/airflow/example_dags/example_local_kubernetes_executor.py took 0.226 seconds
[2023-07-10T01:47:27.511+0000] {processor.py:157} INFO - Started process (PID=6581) to work on /home/airflow/.local/lib/python3.7/site-packages/airflow/example_dags/example_local_kubernetes_executor.py
[2023-07-10T01:47:27.512+0000] {processor.py:826} INFO - Processing file /home/airflow/.local/lib/python3.7/site-packages/airflow/example_dags/example_local_kubernetes_executor.py for tasks to queue
[2023-07-10T01:47:27.512+0000] {logging_mixin.py:149} INFO - [2023-07-10T01:47:27.512+0000] {dagbag.py:541} INFO - Filling up the DagBag from /home/airflow/.local/lib/python3.7/site-packages/airflow/example_dags/example_local_kubernetes_executor.py
[2023-07-10T01:47:27.671+0000] {processor.py:836} INFO - DAG(s) dict_keys(['example_local_kubernetes_executor']) retrieved from /home/airflow/.local/lib/python3.7/site-packages/airflow/example_dags/example_local_kubernetes_executor.py
[2023-07-10T01:47:27.701+0000] {logging_mixin.py:149} INFO - [2023-07-10T01:47:27.700+0000] {dag.py:2726} INFO - Sync 1 DAGs
[2023-07-10T01:47:27.723+0000] {logging_mixin.py:149} INFO - [2023-07-10T01:47:27.722+0000] {dag.py:3490} INFO - Setting next_dagrun for example_local_kubernetes_executor to None, run_after=None
[2023-07-10T01:47:27.739+0000] {processor.py:179} INFO - Processing /home/airflow/.local/lib/python3.7/site-packages/airflow/example_dags/example_local_kubernetes_executor.py took 0.231 seconds
[2023-07-10T01:47:57.989+0000] {processor.py:157} INFO - Started process (PID=6830) to work on /home/airflow/.local/lib/python3.7/site-packages/airflow/example_dags/example_local_kubernetes_executor.py
[2023-07-10T01:47:57.990+0000] {processor.py:826} INFO - Processing file /home/airflow/.local/lib/python3.7/site-packages/airflow/example_dags/example_local_kubernetes_executor.py for tasks to queue
[2023-07-10T01:47:57.991+0000] {logging_mixin.py:149} INFO - [2023-07-10T01:47:57.991+0000] {dagbag.py:541} INFO - Filling up the DagBag from /home/airflow/.local/lib/python3.7/site-packages/airflow/example_dags/example_local_kubernetes_executor.py
[2023-07-10T01:47:58.143+0000] {processor.py:836} INFO - DAG(s) dict_keys(['example_local_kubernetes_executor']) retrieved from /home/airflow/.local/lib/python3.7/site-packages/airflow/example_dags/example_local_kubernetes_executor.py
[2023-07-10T01:47:58.174+0000] {logging_mixin.py:149} INFO - [2023-07-10T01:47:58.174+0000] {dag.py:2726} INFO - Sync 1 DAGs
[2023-07-10T01:47:58.196+0000] {logging_mixin.py:149} INFO - [2023-07-10T01:47:58.196+0000] {dag.py:3490} INFO - Setting next_dagrun for example_local_kubernetes_executor to None, run_after=None
[2023-07-10T01:47:58.212+0000] {processor.py:179} INFO - Processing /home/airflow/.local/lib/python3.7/site-packages/airflow/example_dags/example_local_kubernetes_executor.py took 0.225 seconds
[2023-07-10T01:48:28.522+0000] {processor.py:157} INFO - Started process (PID=7079) to work on /home/airflow/.local/lib/python3.7/site-packages/airflow/example_dags/example_local_kubernetes_executor.py
[2023-07-10T01:48:28.523+0000] {processor.py:826} INFO - Processing file /home/airflow/.local/lib/python3.7/site-packages/airflow/example_dags/example_local_kubernetes_executor.py for tasks to queue
[2023-07-10T01:48:28.524+0000] {logging_mixin.py:149} INFO - [2023-07-10T01:48:28.523+0000] {dagbag.py:541} INFO - Filling up the DagBag from /home/airflow/.local/lib/python3.7/site-packages/airflow/example_dags/example_local_kubernetes_executor.py
[2023-07-10T01:48:28.675+0000] {processor.py:836} INFO - DAG(s) dict_keys(['example_local_kubernetes_executor']) retrieved from /home/airflow/.local/lib/python3.7/site-packages/airflow/example_dags/example_local_kubernetes_executor.py
[2023-07-10T01:48:28.704+0000] {logging_mixin.py:149} INFO - [2023-07-10T01:48:28.703+0000] {dag.py:2726} INFO - Sync 1 DAGs
[2023-07-10T01:48:28.723+0000] {logging_mixin.py:149} INFO - [2023-07-10T01:48:28.723+0000] {dag.py:3490} INFO - Setting next_dagrun for example_local_kubernetes_executor to None, run_after=None
[2023-07-10T01:48:28.740+0000] {processor.py:179} INFO - Processing /home/airflow/.local/lib/python3.7/site-packages/airflow/example_dags/example_local_kubernetes_executor.py took 0.221 seconds
[2023-07-10T01:48:59.170+0000] {processor.py:157} INFO - Started process (PID=7328) to work on /home/airflow/.local/lib/python3.7/site-packages/airflow/example_dags/example_local_kubernetes_executor.py
[2023-07-10T01:48:59.171+0000] {processor.py:826} INFO - Processing file /home/airflow/.local/lib/python3.7/site-packages/airflow/example_dags/example_local_kubernetes_executor.py for tasks to queue
[2023-07-10T01:48:59.172+0000] {logging_mixin.py:149} INFO - [2023-07-10T01:48:59.172+0000] {dagbag.py:541} INFO - Filling up the DagBag from /home/airflow/.local/lib/python3.7/site-packages/airflow/example_dags/example_local_kubernetes_executor.py
[2023-07-10T01:48:59.332+0000] {processor.py:836} INFO - DAG(s) dict_keys(['example_local_kubernetes_executor']) retrieved from /home/airflow/.local/lib/python3.7/site-packages/airflow/example_dags/example_local_kubernetes_executor.py
[2023-07-10T01:48:59.363+0000] {logging_mixin.py:149} INFO - [2023-07-10T01:48:59.362+0000] {dag.py:2726} INFO - Sync 1 DAGs
[2023-07-10T01:48:59.383+0000] {logging_mixin.py:149} INFO - [2023-07-10T01:48:59.383+0000] {dag.py:3490} INFO - Setting next_dagrun for example_local_kubernetes_executor to None, run_after=None
[2023-07-10T01:48:59.401+0000] {processor.py:179} INFO - Processing /home/airflow/.local/lib/python3.7/site-packages/airflow/example_dags/example_local_kubernetes_executor.py took 0.233 seconds
[2023-07-10T01:49:29.602+0000] {processor.py:157} INFO - Started process (PID=7577) to work on /home/airflow/.local/lib/python3.7/site-packages/airflow/example_dags/example_local_kubernetes_executor.py
[2023-07-10T01:49:29.603+0000] {processor.py:826} INFO - Processing file /home/airflow/.local/lib/python3.7/site-packages/airflow/example_dags/example_local_kubernetes_executor.py for tasks to queue
[2023-07-10T01:49:29.604+0000] {logging_mixin.py:149} INFO - [2023-07-10T01:49:29.604+0000] {dagbag.py:541} INFO - Filling up the DagBag from /home/airflow/.local/lib/python3.7/site-packages/airflow/example_dags/example_local_kubernetes_executor.py
[2023-07-10T01:49:29.767+0000] {processor.py:836} INFO - DAG(s) dict_keys(['example_local_kubernetes_executor']) retrieved from /home/airflow/.local/lib/python3.7/site-packages/airflow/example_dags/example_local_kubernetes_executor.py
[2023-07-10T01:49:29.796+0000] {logging_mixin.py:149} INFO - [2023-07-10T01:49:29.796+0000] {dag.py:2726} INFO - Sync 1 DAGs
[2023-07-10T01:49:29.819+0000] {logging_mixin.py:149} INFO - [2023-07-10T01:49:29.819+0000] {dag.py:3490} INFO - Setting next_dagrun for example_local_kubernetes_executor to None, run_after=None
[2023-07-10T01:49:29.835+0000] {processor.py:179} INFO - Processing /home/airflow/.local/lib/python3.7/site-packages/airflow/example_dags/example_local_kubernetes_executor.py took 0.236 seconds
[2023-07-10T01:50:00.238+0000] {processor.py:157} INFO - Started process (PID=7831) to work on /home/airflow/.local/lib/python3.7/site-packages/airflow/example_dags/example_local_kubernetes_executor.py
[2023-07-10T01:50:00.239+0000] {processor.py:826} INFO - Processing file /home/airflow/.local/lib/python3.7/site-packages/airflow/example_dags/example_local_kubernetes_executor.py for tasks to queue
[2023-07-10T01:50:00.239+0000] {logging_mixin.py:149} INFO - [2023-07-10T01:50:00.239+0000] {dagbag.py:541} INFO - Filling up the DagBag from /home/airflow/.local/lib/python3.7/site-packages/airflow/example_dags/example_local_kubernetes_executor.py
[2023-07-10T01:50:00.399+0000] {processor.py:836} INFO - DAG(s) dict_keys(['example_local_kubernetes_executor']) retrieved from /home/airflow/.local/lib/python3.7/site-packages/airflow/example_dags/example_local_kubernetes_executor.py
[2023-07-10T01:50:00.428+0000] {logging_mixin.py:149} INFO - [2023-07-10T01:50:00.428+0000] {dag.py:2726} INFO - Sync 1 DAGs
[2023-07-10T01:50:00.449+0000] {logging_mixin.py:149} INFO - [2023-07-10T01:50:00.449+0000] {dag.py:3490} INFO - Setting next_dagrun for example_local_kubernetes_executor to None, run_after=None
[2023-07-10T01:50:00.465+0000] {processor.py:179} INFO - Processing /home/airflow/.local/lib/python3.7/site-packages/airflow/example_dags/example_local_kubernetes_executor.py took 0.230 seconds
[2023-07-10T01:50:30.897+0000] {processor.py:157} INFO - Started process (PID=8085) to work on /home/airflow/.local/lib/python3.7/site-packages/airflow/example_dags/example_local_kubernetes_executor.py
[2023-07-10T01:50:30.898+0000] {processor.py:826} INFO - Processing file /home/airflow/.local/lib/python3.7/site-packages/airflow/example_dags/example_local_kubernetes_executor.py for tasks to queue
[2023-07-10T01:50:30.899+0000] {logging_mixin.py:149} INFO - [2023-07-10T01:50:30.898+0000] {dagbag.py:541} INFO - Filling up the DagBag from /home/airflow/.local/lib/python3.7/site-packages/airflow/example_dags/example_local_kubernetes_executor.py
[2023-07-10T01:50:31.057+0000] {processor.py:836} INFO - DAG(s) dict_keys(['example_local_kubernetes_executor']) retrieved from /home/airflow/.local/lib/python3.7/site-packages/airflow/example_dags/example_local_kubernetes_executor.py
[2023-07-10T01:50:31.085+0000] {logging_mixin.py:149} INFO - [2023-07-10T01:50:31.084+0000] {dag.py:2726} INFO - Sync 1 DAGs
[2023-07-10T01:50:31.109+0000] {logging_mixin.py:149} INFO - [2023-07-10T01:50:31.109+0000] {dag.py:3490} INFO - Setting next_dagrun for example_local_kubernetes_executor to None, run_after=None
[2023-07-10T01:50:31.127+0000] {processor.py:179} INFO - Processing /home/airflow/.local/lib/python3.7/site-packages/airflow/example_dags/example_local_kubernetes_executor.py took 0.233 seconds
[2023-07-10T01:51:01.477+0000] {processor.py:157} INFO - Started process (PID=8339) to work on /home/airflow/.local/lib/python3.7/site-packages/airflow/example_dags/example_local_kubernetes_executor.py
[2023-07-10T01:51:01.478+0000] {processor.py:826} INFO - Processing file /home/airflow/.local/lib/python3.7/site-packages/airflow/example_dags/example_local_kubernetes_executor.py for tasks to queue
[2023-07-10T01:51:01.479+0000] {logging_mixin.py:149} INFO - [2023-07-10T01:51:01.479+0000] {dagbag.py:541} INFO - Filling up the DagBag from /home/airflow/.local/lib/python3.7/site-packages/airflow/example_dags/example_local_kubernetes_executor.py
[2023-07-10T01:51:01.641+0000] {processor.py:836} INFO - DAG(s) dict_keys(['example_local_kubernetes_executor']) retrieved from /home/airflow/.local/lib/python3.7/site-packages/airflow/example_dags/example_local_kubernetes_executor.py
[2023-07-10T01:51:01.668+0000] {logging_mixin.py:149} INFO - [2023-07-10T01:51:01.668+0000] {dag.py:2726} INFO - Sync 1 DAGs
[2023-07-10T01:51:01.689+0000] {logging_mixin.py:149} INFO - [2023-07-10T01:51:01.689+0000] {dag.py:3490} INFO - Setting next_dagrun for example_local_kubernetes_executor to None, run_after=None
[2023-07-10T01:51:01.708+0000] {processor.py:179} INFO - Processing /home/airflow/.local/lib/python3.7/site-packages/airflow/example_dags/example_local_kubernetes_executor.py took 0.233 seconds
[2023-07-10T01:51:32.145+0000] {processor.py:157} INFO - Started process (PID=8593) to work on /home/airflow/.local/lib/python3.7/site-packages/airflow/example_dags/example_local_kubernetes_executor.py
[2023-07-10T01:51:32.146+0000] {processor.py:826} INFO - Processing file /home/airflow/.local/lib/python3.7/site-packages/airflow/example_dags/example_local_kubernetes_executor.py for tasks to queue
[2023-07-10T01:51:32.146+0000] {logging_mixin.py:149} INFO - [2023-07-10T01:51:32.146+0000] {dagbag.py:541} INFO - Filling up the DagBag from /home/airflow/.local/lib/python3.7/site-packages/airflow/example_dags/example_local_kubernetes_executor.py
[2023-07-10T01:51:32.304+0000] {processor.py:836} INFO - DAG(s) dict_keys(['example_local_kubernetes_executor']) retrieved from /home/airflow/.local/lib/python3.7/site-packages/airflow/example_dags/example_local_kubernetes_executor.py
[2023-07-10T01:51:32.333+0000] {logging_mixin.py:149} INFO - [2023-07-10T01:51:32.332+0000] {dag.py:2726} INFO - Sync 1 DAGs
[2023-07-10T01:51:32.354+0000] {logging_mixin.py:149} INFO - [2023-07-10T01:51:32.354+0000] {dag.py:3490} INFO - Setting next_dagrun for example_local_kubernetes_executor to None, run_after=None
[2023-07-10T01:51:32.371+0000] {processor.py:179} INFO - Processing /home/airflow/.local/lib/python3.7/site-packages/airflow/example_dags/example_local_kubernetes_executor.py took 0.229 seconds
[2023-07-10T01:52:02.850+0000] {processor.py:157} INFO - Started process (PID=8847) to work on /home/airflow/.local/lib/python3.7/site-packages/airflow/example_dags/example_local_kubernetes_executor.py
[2023-07-10T01:52:02.851+0000] {processor.py:826} INFO - Processing file /home/airflow/.local/lib/python3.7/site-packages/airflow/example_dags/example_local_kubernetes_executor.py for tasks to queue
[2023-07-10T01:52:02.852+0000] {logging_mixin.py:149} INFO - [2023-07-10T01:52:02.852+0000] {dagbag.py:541} INFO - Filling up the DagBag from /home/airflow/.local/lib/python3.7/site-packages/airflow/example_dags/example_local_kubernetes_executor.py
[2023-07-10T01:52:03.009+0000] {processor.py:836} INFO - DAG(s) dict_keys(['example_local_kubernetes_executor']) retrieved from /home/airflow/.local/lib/python3.7/site-packages/airflow/example_dags/example_local_kubernetes_executor.py
[2023-07-10T01:52:03.037+0000] {logging_mixin.py:149} INFO - [2023-07-10T01:52:03.037+0000] {dag.py:2726} INFO - Sync 1 DAGs
[2023-07-10T01:52:03.061+0000] {logging_mixin.py:149} INFO - [2023-07-10T01:52:03.061+0000] {dag.py:3490} INFO - Setting next_dagrun for example_local_kubernetes_executor to None, run_after=None
[2023-07-10T01:52:03.079+0000] {processor.py:179} INFO - Processing /home/airflow/.local/lib/python3.7/site-packages/airflow/example_dags/example_local_kubernetes_executor.py took 0.232 seconds
[2023-07-10T01:52:33.613+0000] {processor.py:157} INFO - Started process (PID=9101) to work on /home/airflow/.local/lib/python3.7/site-packages/airflow/example_dags/example_local_kubernetes_executor.py
[2023-07-10T01:52:33.614+0000] {processor.py:826} INFO - Processing file /home/airflow/.local/lib/python3.7/site-packages/airflow/example_dags/example_local_kubernetes_executor.py for tasks to queue
[2023-07-10T01:52:33.614+0000] {logging_mixin.py:149} INFO - [2023-07-10T01:52:33.614+0000] {dagbag.py:541} INFO - Filling up the DagBag from /home/airflow/.local/lib/python3.7/site-packages/airflow/example_dags/example_local_kubernetes_executor.py
[2023-07-10T01:52:33.777+0000] {processor.py:836} INFO - DAG(s) dict_keys(['example_local_kubernetes_executor']) retrieved from /home/airflow/.local/lib/python3.7/site-packages/airflow/example_dags/example_local_kubernetes_executor.py
[2023-07-10T01:52:33.809+0000] {logging_mixin.py:149} INFO - [2023-07-10T01:52:33.809+0000] {dag.py:2726} INFO - Sync 1 DAGs
[2023-07-10T01:52:33.831+0000] {logging_mixin.py:149} INFO - [2023-07-10T01:52:33.831+0000] {dag.py:3490} INFO - Setting next_dagrun for example_local_kubernetes_executor to None, run_after=None
[2023-07-10T01:52:33.849+0000] {processor.py:179} INFO - Processing /home/airflow/.local/lib/python3.7/site-packages/airflow/example_dags/example_local_kubernetes_executor.py took 0.238 seconds
[2023-07-10T01:53:03.985+0000] {processor.py:157} INFO - Started process (PID=9355) to work on /home/airflow/.local/lib/python3.7/site-packages/airflow/example_dags/example_local_kubernetes_executor.py
[2023-07-10T01:53:03.986+0000] {processor.py:826} INFO - Processing file /home/airflow/.local/lib/python3.7/site-packages/airflow/example_dags/example_local_kubernetes_executor.py for tasks to queue
[2023-07-10T01:53:03.987+0000] {logging_mixin.py:149} INFO - [2023-07-10T01:53:03.987+0000] {dagbag.py:541} INFO - Filling up the DagBag from /home/airflow/.local/lib/python3.7/site-packages/airflow/example_dags/example_local_kubernetes_executor.py
[2023-07-10T01:53:04.151+0000] {processor.py:836} INFO - DAG(s) dict_keys(['example_local_kubernetes_executor']) retrieved from /home/airflow/.local/lib/python3.7/site-packages/airflow/example_dags/example_local_kubernetes_executor.py
[2023-07-10T01:53:04.182+0000] {logging_mixin.py:149} INFO - [2023-07-10T01:53:04.182+0000] {dag.py:2726} INFO - Sync 1 DAGs
[2023-07-10T01:53:04.204+0000] {logging_mixin.py:149} INFO - [2023-07-10T01:53:04.204+0000] {dag.py:3490} INFO - Setting next_dagrun for example_local_kubernetes_executor to None, run_after=None
[2023-07-10T01:53:04.222+0000] {processor.py:179} INFO - Processing /home/airflow/.local/lib/python3.7/site-packages/airflow/example_dags/example_local_kubernetes_executor.py took 0.239 seconds
[2023-07-10T01:53:34.310+0000] {processor.py:157} INFO - Started process (PID=9614) to work on /home/airflow/.local/lib/python3.7/site-packages/airflow/example_dags/example_local_kubernetes_executor.py
[2023-07-10T01:53:34.311+0000] {processor.py:826} INFO - Processing file /home/airflow/.local/lib/python3.7/site-packages/airflow/example_dags/example_local_kubernetes_executor.py for tasks to queue
[2023-07-10T01:53:34.312+0000] {logging_mixin.py:149} INFO - [2023-07-10T01:53:34.312+0000] {dagbag.py:541} INFO - Filling up the DagBag from /home/airflow/.local/lib/python3.7/site-packages/airflow/example_dags/example_local_kubernetes_executor.py
[2023-07-10T01:53:34.478+0000] {processor.py:836} INFO - DAG(s) dict_keys(['example_local_kubernetes_executor']) retrieved from /home/airflow/.local/lib/python3.7/site-packages/airflow/example_dags/example_local_kubernetes_executor.py
[2023-07-10T01:53:34.509+0000] {logging_mixin.py:149} INFO - [2023-07-10T01:53:34.509+0000] {dag.py:2726} INFO - Sync 1 DAGs
[2023-07-10T01:53:34.534+0000] {logging_mixin.py:149} INFO - [2023-07-10T01:53:34.534+0000] {dag.py:3490} INFO - Setting next_dagrun for example_local_kubernetes_executor to None, run_after=None
[2023-07-10T01:53:34.552+0000] {processor.py:179} INFO - Processing /home/airflow/.local/lib/python3.7/site-packages/airflow/example_dags/example_local_kubernetes_executor.py took 0.245 seconds
[2023-07-10T01:54:04.600+0000] {processor.py:157} INFO - Started process (PID=9879) to work on /home/airflow/.local/lib/python3.7/site-packages/airflow/example_dags/example_local_kubernetes_executor.py
[2023-07-10T01:54:04.601+0000] {processor.py:826} INFO - Processing file /home/airflow/.local/lib/python3.7/site-packages/airflow/example_dags/example_local_kubernetes_executor.py for tasks to queue
[2023-07-10T01:54:04.602+0000] {logging_mixin.py:149} INFO - [2023-07-10T01:54:04.602+0000] {dagbag.py:541} INFO - Filling up the DagBag from /home/airflow/.local/lib/python3.7/site-packages/airflow/example_dags/example_local_kubernetes_executor.py
[2023-07-10T01:54:04.756+0000] {processor.py:836} INFO - DAG(s) dict_keys(['example_local_kubernetes_executor']) retrieved from /home/airflow/.local/lib/python3.7/site-packages/airflow/example_dags/example_local_kubernetes_executor.py
[2023-07-10T01:54:04.782+0000] {logging_mixin.py:149} INFO - [2023-07-10T01:54:04.782+0000] {dag.py:2726} INFO - Sync 1 DAGs
[2023-07-10T01:54:04.801+0000] {logging_mixin.py:149} INFO - [2023-07-10T01:54:04.800+0000] {dag.py:3490} INFO - Setting next_dagrun for example_local_kubernetes_executor to None, run_after=None
[2023-07-10T01:54:04.816+0000] {processor.py:179} INFO - Processing /home/airflow/.local/lib/python3.7/site-packages/airflow/example_dags/example_local_kubernetes_executor.py took 0.218 seconds
[2023-07-10T01:54:34.871+0000] {processor.py:157} INFO - Started process (PID=10118) to work on /home/airflow/.local/lib/python3.7/site-packages/airflow/example_dags/example_local_kubernetes_executor.py
[2023-07-10T01:54:34.872+0000] {processor.py:826} INFO - Processing file /home/airflow/.local/lib/python3.7/site-packages/airflow/example_dags/example_local_kubernetes_executor.py for tasks to queue
[2023-07-10T01:54:34.873+0000] {logging_mixin.py:149} INFO - [2023-07-10T01:54:34.873+0000] {dagbag.py:541} INFO - Filling up the DagBag from /home/airflow/.local/lib/python3.7/site-packages/airflow/example_dags/example_local_kubernetes_executor.py
[2023-07-10T01:54:35.033+0000] {processor.py:836} INFO - DAG(s) dict_keys(['example_local_kubernetes_executor']) retrieved from /home/airflow/.local/lib/python3.7/site-packages/airflow/example_dags/example_local_kubernetes_executor.py
[2023-07-10T01:54:35.063+0000] {logging_mixin.py:149} INFO - [2023-07-10T01:54:35.063+0000] {dag.py:2726} INFO - Sync 1 DAGs
[2023-07-10T01:54:35.085+0000] {logging_mixin.py:149} INFO - [2023-07-10T01:54:35.085+0000] {dag.py:3490} INFO - Setting next_dagrun for example_local_kubernetes_executor to None, run_after=None
[2023-07-10T01:54:35.102+0000] {processor.py:179} INFO - Processing /home/airflow/.local/lib/python3.7/site-packages/airflow/example_dags/example_local_kubernetes_executor.py took 0.233 seconds
[2023-07-10T01:55:05.844+0000] {processor.py:157} INFO - Started process (PID=10372) to work on /home/airflow/.local/lib/python3.7/site-packages/airflow/example_dags/example_local_kubernetes_executor.py
[2023-07-10T01:55:05.845+0000] {processor.py:826} INFO - Processing file /home/airflow/.local/lib/python3.7/site-packages/airflow/example_dags/example_local_kubernetes_executor.py for tasks to queue
[2023-07-10T01:55:05.846+0000] {logging_mixin.py:149} INFO - [2023-07-10T01:55:05.846+0000] {dagbag.py:541} INFO - Filling up the DagBag from /home/airflow/.local/lib/python3.7/site-packages/airflow/example_dags/example_local_kubernetes_executor.py
[2023-07-10T01:55:06.008+0000] {processor.py:836} INFO - DAG(s) dict_keys(['example_local_kubernetes_executor']) retrieved from /home/airflow/.local/lib/python3.7/site-packages/airflow/example_dags/example_local_kubernetes_executor.py
[2023-07-10T01:55:06.038+0000] {logging_mixin.py:149} INFO - [2023-07-10T01:55:06.037+0000] {dag.py:2726} INFO - Sync 1 DAGs
[2023-07-10T01:55:06.061+0000] {logging_mixin.py:149} INFO - [2023-07-10T01:55:06.061+0000] {dag.py:3490} INFO - Setting next_dagrun for example_local_kubernetes_executor to None, run_after=None
[2023-07-10T01:55:06.078+0000] {processor.py:179} INFO - Processing /home/airflow/.local/lib/python3.7/site-packages/airflow/example_dags/example_local_kubernetes_executor.py took 0.236 seconds
[2023-07-10T01:55:36.797+0000] {processor.py:157} INFO - Started process (PID=10633) to work on /home/airflow/.local/lib/python3.7/site-packages/airflow/example_dags/example_local_kubernetes_executor.py
[2023-07-10T01:55:36.798+0000] {processor.py:826} INFO - Processing file /home/airflow/.local/lib/python3.7/site-packages/airflow/example_dags/example_local_kubernetes_executor.py for tasks to queue
[2023-07-10T01:55:36.799+0000] {logging_mixin.py:149} INFO - [2023-07-10T01:55:36.798+0000] {dagbag.py:541} INFO - Filling up the DagBag from /home/airflow/.local/lib/python3.7/site-packages/airflow/example_dags/example_local_kubernetes_executor.py
[2023-07-10T01:55:36.949+0000] {processor.py:836} INFO - DAG(s) dict_keys(['example_local_kubernetes_executor']) retrieved from /home/airflow/.local/lib/python3.7/site-packages/airflow/example_dags/example_local_kubernetes_executor.py
[2023-07-10T01:55:36.981+0000] {logging_mixin.py:149} INFO - [2023-07-10T01:55:36.981+0000] {dag.py:2726} INFO - Sync 1 DAGs
[2023-07-10T01:55:37.000+0000] {logging_mixin.py:149} INFO - [2023-07-10T01:55:37.000+0000] {dag.py:3490} INFO - Setting next_dagrun for example_local_kubernetes_executor to None, run_after=None
[2023-07-10T01:55:37.017+0000] {processor.py:179} INFO - Processing /home/airflow/.local/lib/python3.7/site-packages/airflow/example_dags/example_local_kubernetes_executor.py took 0.223 seconds
[2023-07-10T01:56:07.423+0000] {processor.py:157} INFO - Started process (PID=10887) to work on /home/airflow/.local/lib/python3.7/site-packages/airflow/example_dags/example_local_kubernetes_executor.py
[2023-07-10T01:56:07.424+0000] {processor.py:826} INFO - Processing file /home/airflow/.local/lib/python3.7/site-packages/airflow/example_dags/example_local_kubernetes_executor.py for tasks to queue
[2023-07-10T01:56:07.425+0000] {logging_mixin.py:149} INFO - [2023-07-10T01:56:07.425+0000] {dagbag.py:541} INFO - Filling up the DagBag from /home/airflow/.local/lib/python3.7/site-packages/airflow/example_dags/example_local_kubernetes_executor.py
[2023-07-10T01:56:07.581+0000] {processor.py:836} INFO - DAG(s) dict_keys(['example_local_kubernetes_executor']) retrieved from /home/airflow/.local/lib/python3.7/site-packages/airflow/example_dags/example_local_kubernetes_executor.py
[2023-07-10T01:56:07.611+0000] {logging_mixin.py:149} INFO - [2023-07-10T01:56:07.611+0000] {dag.py:2726} INFO - Sync 1 DAGs
[2023-07-10T01:56:07.632+0000] {logging_mixin.py:149} INFO - [2023-07-10T01:56:07.632+0000] {dag.py:3490} INFO - Setting next_dagrun for example_local_kubernetes_executor to None, run_after=None
[2023-07-10T01:56:07.649+0000] {processor.py:179} INFO - Processing /home/airflow/.local/lib/python3.7/site-packages/airflow/example_dags/example_local_kubernetes_executor.py took 0.228 seconds
[2023-07-10T01:56:38.150+0000] {processor.py:157} INFO - Started process (PID=11146) to work on /home/airflow/.local/lib/python3.7/site-packages/airflow/example_dags/example_local_kubernetes_executor.py
[2023-07-10T01:56:38.151+0000] {processor.py:826} INFO - Processing file /home/airflow/.local/lib/python3.7/site-packages/airflow/example_dags/example_local_kubernetes_executor.py for tasks to queue
[2023-07-10T01:56:38.152+0000] {logging_mixin.py:149} INFO - [2023-07-10T01:56:38.152+0000] {dagbag.py:541} INFO - Filling up the DagBag from /home/airflow/.local/lib/python3.7/site-packages/airflow/example_dags/example_local_kubernetes_executor.py
[2023-07-10T01:56:38.310+0000] {processor.py:836} INFO - DAG(s) dict_keys(['example_local_kubernetes_executor']) retrieved from /home/airflow/.local/lib/python3.7/site-packages/airflow/example_dags/example_local_kubernetes_executor.py
[2023-07-10T01:56:38.344+0000] {logging_mixin.py:149} INFO - [2023-07-10T01:56:38.344+0000] {dag.py:2726} INFO - Sync 1 DAGs
[2023-07-10T01:56:38.366+0000] {logging_mixin.py:149} INFO - [2023-07-10T01:56:38.366+0000] {dag.py:3490} INFO - Setting next_dagrun for example_local_kubernetes_executor to None, run_after=None
[2023-07-10T01:56:38.383+0000] {processor.py:179} INFO - Processing /home/airflow/.local/lib/python3.7/site-packages/airflow/example_dags/example_local_kubernetes_executor.py took 0.235 seconds
[2023-07-10T01:57:08.960+0000] {processor.py:157} INFO - Started process (PID=11400) to work on /home/airflow/.local/lib/python3.7/site-packages/airflow/example_dags/example_local_kubernetes_executor.py
[2023-07-10T01:57:08.961+0000] {processor.py:826} INFO - Processing file /home/airflow/.local/lib/python3.7/site-packages/airflow/example_dags/example_local_kubernetes_executor.py for tasks to queue
[2023-07-10T01:57:08.962+0000] {logging_mixin.py:149} INFO - [2023-07-10T01:57:08.962+0000] {dagbag.py:541} INFO - Filling up the DagBag from /home/airflow/.local/lib/python3.7/site-packages/airflow/example_dags/example_local_kubernetes_executor.py
[2023-07-10T01:57:09.132+0000] {processor.py:836} INFO - DAG(s) dict_keys(['example_local_kubernetes_executor']) retrieved from /home/airflow/.local/lib/python3.7/site-packages/airflow/example_dags/example_local_kubernetes_executor.py
[2023-07-10T01:57:09.162+0000] {logging_mixin.py:149} INFO - [2023-07-10T01:57:09.162+0000] {dag.py:2726} INFO - Sync 1 DAGs
[2023-07-10T01:57:09.184+0000] {logging_mixin.py:149} INFO - [2023-07-10T01:57:09.184+0000] {dag.py:3490} INFO - Setting next_dagrun for example_local_kubernetes_executor to None, run_after=None
[2023-07-10T01:57:09.202+0000] {processor.py:179} INFO - Processing /home/airflow/.local/lib/python3.7/site-packages/airflow/example_dags/example_local_kubernetes_executor.py took 0.245 seconds
[2023-07-10T01:57:39.316+0000] {processor.py:157} INFO - Started process (PID=11664) to work on /home/airflow/.local/lib/python3.7/site-packages/airflow/example_dags/example_local_kubernetes_executor.py
[2023-07-10T01:57:39.317+0000] {processor.py:826} INFO - Processing file /home/airflow/.local/lib/python3.7/site-packages/airflow/example_dags/example_local_kubernetes_executor.py for tasks to queue
[2023-07-10T01:57:39.318+0000] {logging_mixin.py:149} INFO - [2023-07-10T01:57:39.317+0000] {dagbag.py:541} INFO - Filling up the DagBag from /home/airflow/.local/lib/python3.7/site-packages/airflow/example_dags/example_local_kubernetes_executor.py
[2023-07-10T01:57:39.470+0000] {processor.py:836} INFO - DAG(s) dict_keys(['example_local_kubernetes_executor']) retrieved from /home/airflow/.local/lib/python3.7/site-packages/airflow/example_dags/example_local_kubernetes_executor.py
[2023-07-10T01:57:39.499+0000] {logging_mixin.py:149} INFO - [2023-07-10T01:57:39.499+0000] {dag.py:2726} INFO - Sync 1 DAGs
[2023-07-10T01:57:39.519+0000] {logging_mixin.py:149} INFO - [2023-07-10T01:57:39.519+0000] {dag.py:3490} INFO - Setting next_dagrun for example_local_kubernetes_executor to None, run_after=None
[2023-07-10T01:57:39.536+0000] {processor.py:179} INFO - Processing /home/airflow/.local/lib/python3.7/site-packages/airflow/example_dags/example_local_kubernetes_executor.py took 0.222 seconds
[2023-07-10T01:58:10.192+0000] {processor.py:157} INFO - Started process (PID=11908) to work on /home/airflow/.local/lib/python3.7/site-packages/airflow/example_dags/example_local_kubernetes_executor.py
[2023-07-10T01:58:10.193+0000] {processor.py:826} INFO - Processing file /home/airflow/.local/lib/python3.7/site-packages/airflow/example_dags/example_local_kubernetes_executor.py for tasks to queue
[2023-07-10T01:58:10.194+0000] {logging_mixin.py:149} INFO - [2023-07-10T01:58:10.193+0000] {dagbag.py:541} INFO - Filling up the DagBag from /home/airflow/.local/lib/python3.7/site-packages/airflow/example_dags/example_local_kubernetes_executor.py
[2023-07-10T01:58:10.353+0000] {processor.py:836} INFO - DAG(s) dict_keys(['example_local_kubernetes_executor']) retrieved from /home/airflow/.local/lib/python3.7/site-packages/airflow/example_dags/example_local_kubernetes_executor.py
[2023-07-10T01:58:10.384+0000] {logging_mixin.py:149} INFO - [2023-07-10T01:58:10.384+0000] {dag.py:2726} INFO - Sync 1 DAGs
[2023-07-10T01:58:10.404+0000] {logging_mixin.py:149} INFO - [2023-07-10T01:58:10.404+0000] {dag.py:3490} INFO - Setting next_dagrun for example_local_kubernetes_executor to None, run_after=None
[2023-07-10T01:58:10.422+0000] {processor.py:179} INFO - Processing /home/airflow/.local/lib/python3.7/site-packages/airflow/example_dags/example_local_kubernetes_executor.py took 0.233 seconds
[2023-07-10T01:58:40.961+0000] {processor.py:157} INFO - Started process (PID=12162) to work on /home/airflow/.local/lib/python3.7/site-packages/airflow/example_dags/example_local_kubernetes_executor.py
[2023-07-10T01:58:40.962+0000] {processor.py:826} INFO - Processing file /home/airflow/.local/lib/python3.7/site-packages/airflow/example_dags/example_local_kubernetes_executor.py for tasks to queue
[2023-07-10T01:58:40.963+0000] {logging_mixin.py:149} INFO - [2023-07-10T01:58:40.963+0000] {dagbag.py:541} INFO - Filling up the DagBag from /home/airflow/.local/lib/python3.7/site-packages/airflow/example_dags/example_local_kubernetes_executor.py
[2023-07-10T01:58:41.122+0000] {processor.py:836} INFO - DAG(s) dict_keys(['example_local_kubernetes_executor']) retrieved from /home/airflow/.local/lib/python3.7/site-packages/airflow/example_dags/example_local_kubernetes_executor.py
[2023-07-10T01:58:41.150+0000] {logging_mixin.py:149} INFO - [2023-07-10T01:58:41.150+0000] {dag.py:2726} INFO - Sync 1 DAGs
[2023-07-10T01:58:41.175+0000] {logging_mixin.py:149} INFO - [2023-07-10T01:58:41.174+0000] {dag.py:3490} INFO - Setting next_dagrun for example_local_kubernetes_executor to None, run_after=None
[2023-07-10T01:58:41.191+0000] {processor.py:179} INFO - Processing /home/airflow/.local/lib/python3.7/site-packages/airflow/example_dags/example_local_kubernetes_executor.py took 0.233 seconds
