[2023-07-10T01:34:37.054+0000] {processor.py:157} INFO - Started process (PID=207) to work on /home/airflow/.local/lib/python3.7/site-packages/airflow/example_dags/example_python_operator.py
[2023-07-10T01:34:37.055+0000] {processor.py:826} INFO - Processing file /home/airflow/.local/lib/python3.7/site-packages/airflow/example_dags/example_python_operator.py for tasks to queue
[2023-07-10T01:34:37.056+0000] {logging_mixin.py:149} INFO - [2023-07-10T01:34:37.056+0000] {dagbag.py:541} INFO - Filling up the DagBag from /home/airflow/.local/lib/python3.7/site-packages/airflow/example_dags/example_python_operator.py
[2023-07-10T01:34:37.068+0000] {processor.py:836} INFO - DAG(s) dict_keys(['example_python_operator']) retrieved from /home/airflow/.local/lib/python3.7/site-packages/airflow/example_dags/example_python_operator.py
[2023-07-10T01:34:37.204+0000] {logging_mixin.py:149} INFO - [2023-07-10T01:34:37.204+0000] {dag.py:2726} INFO - Sync 1 DAGs
[2023-07-10T01:34:37.225+0000] {logging_mixin.py:149} INFO - [2023-07-10T01:34:37.224+0000] {dag.py:3490} INFO - Setting next_dagrun for example_python_operator to None, run_after=None
[2023-07-10T01:34:37.245+0000] {processor.py:179} INFO - Processing /home/airflow/.local/lib/python3.7/site-packages/airflow/example_dags/example_python_operator.py took 0.193 seconds
[2023-07-10T01:35:08.205+0000] {processor.py:157} INFO - Started process (PID=464) to work on /home/airflow/.local/lib/python3.7/site-packages/airflow/example_dags/example_python_operator.py
[2023-07-10T01:35:08.206+0000] {processor.py:826} INFO - Processing file /home/airflow/.local/lib/python3.7/site-packages/airflow/example_dags/example_python_operator.py for tasks to queue
[2023-07-10T01:35:08.207+0000] {logging_mixin.py:149} INFO - [2023-07-10T01:35:08.207+0000] {dagbag.py:541} INFO - Filling up the DagBag from /home/airflow/.local/lib/python3.7/site-packages/airflow/example_dags/example_python_operator.py
[2023-07-10T01:35:08.215+0000] {processor.py:836} INFO - DAG(s) dict_keys(['example_python_operator']) retrieved from /home/airflow/.local/lib/python3.7/site-packages/airflow/example_dags/example_python_operator.py
[2023-07-10T01:35:08.237+0000] {logging_mixin.py:149} INFO - [2023-07-10T01:35:08.237+0000] {dag.py:2726} INFO - Sync 1 DAGs
[2023-07-10T01:35:08.257+0000] {logging_mixin.py:149} INFO - [2023-07-10T01:35:08.257+0000] {dag.py:3490} INFO - Setting next_dagrun for example_python_operator to None, run_after=None
[2023-07-10T01:35:08.284+0000] {processor.py:179} INFO - Processing /home/airflow/.local/lib/python3.7/site-packages/airflow/example_dags/example_python_operator.py took 0.081 seconds
[2023-07-10T01:35:38.361+0000] {processor.py:157} INFO - Started process (PID=713) to work on /home/airflow/.local/lib/python3.7/site-packages/airflow/example_dags/example_python_operator.py
[2023-07-10T01:35:38.362+0000] {processor.py:826} INFO - Processing file /home/airflow/.local/lib/python3.7/site-packages/airflow/example_dags/example_python_operator.py for tasks to queue
[2023-07-10T01:35:38.363+0000] {logging_mixin.py:149} INFO - [2023-07-10T01:35:38.363+0000] {dagbag.py:541} INFO - Filling up the DagBag from /home/airflow/.local/lib/python3.7/site-packages/airflow/example_dags/example_python_operator.py
[2023-07-10T01:35:38.371+0000] {processor.py:836} INFO - DAG(s) dict_keys(['example_python_operator']) retrieved from /home/airflow/.local/lib/python3.7/site-packages/airflow/example_dags/example_python_operator.py
[2023-07-10T01:35:38.394+0000] {logging_mixin.py:149} INFO - [2023-07-10T01:35:38.394+0000] {dag.py:2726} INFO - Sync 1 DAGs
[2023-07-10T01:35:38.415+0000] {logging_mixin.py:149} INFO - [2023-07-10T01:35:38.414+0000] {dag.py:3490} INFO - Setting next_dagrun for example_python_operator to None, run_after=None
[2023-07-10T01:35:38.442+0000] {processor.py:179} INFO - Processing /home/airflow/.local/lib/python3.7/site-packages/airflow/example_dags/example_python_operator.py took 0.083 seconds
[2023-07-10T01:36:09.323+0000] {processor.py:157} INFO - Started process (PID=962) to work on /home/airflow/.local/lib/python3.7/site-packages/airflow/example_dags/example_python_operator.py
[2023-07-10T01:36:09.324+0000] {processor.py:826} INFO - Processing file /home/airflow/.local/lib/python3.7/site-packages/airflow/example_dags/example_python_operator.py for tasks to queue
[2023-07-10T01:36:09.325+0000] {logging_mixin.py:149} INFO - [2023-07-10T01:36:09.325+0000] {dagbag.py:541} INFO - Filling up the DagBag from /home/airflow/.local/lib/python3.7/site-packages/airflow/example_dags/example_python_operator.py
[2023-07-10T01:36:09.334+0000] {processor.py:836} INFO - DAG(s) dict_keys(['example_python_operator']) retrieved from /home/airflow/.local/lib/python3.7/site-packages/airflow/example_dags/example_python_operator.py
[2023-07-10T01:36:09.426+0000] {logging_mixin.py:149} INFO - [2023-07-10T01:36:09.426+0000] {dag.py:2726} INFO - Sync 1 DAGs
[2023-07-10T01:36:09.444+0000] {logging_mixin.py:149} INFO - [2023-07-10T01:36:09.444+0000] {dag.py:3490} INFO - Setting next_dagrun for example_python_operator to None, run_after=None
[2023-07-10T01:36:09.461+0000] {processor.py:179} INFO - Processing /home/airflow/.local/lib/python3.7/site-packages/airflow/example_dags/example_python_operator.py took 0.140 seconds
[2023-07-10T01:36:39.620+0000] {processor.py:157} INFO - Started process (PID=1211) to work on /home/airflow/.local/lib/python3.7/site-packages/airflow/example_dags/example_python_operator.py
[2023-07-10T01:36:39.621+0000] {processor.py:826} INFO - Processing file /home/airflow/.local/lib/python3.7/site-packages/airflow/example_dags/example_python_operator.py for tasks to queue
[2023-07-10T01:36:39.621+0000] {logging_mixin.py:149} INFO - [2023-07-10T01:36:39.621+0000] {dagbag.py:541} INFO - Filling up the DagBag from /home/airflow/.local/lib/python3.7/site-packages/airflow/example_dags/example_python_operator.py
[2023-07-10T01:36:39.630+0000] {processor.py:836} INFO - DAG(s) dict_keys(['example_python_operator']) retrieved from /home/airflow/.local/lib/python3.7/site-packages/airflow/example_dags/example_python_operator.py
[2023-07-10T01:36:39.653+0000] {logging_mixin.py:149} INFO - [2023-07-10T01:36:39.653+0000] {dag.py:2726} INFO - Sync 1 DAGs
[2023-07-10T01:36:39.674+0000] {logging_mixin.py:149} INFO - [2023-07-10T01:36:39.674+0000] {dag.py:3490} INFO - Setting next_dagrun for example_python_operator to None, run_after=None
[2023-07-10T01:36:39.692+0000] {processor.py:179} INFO - Processing /home/airflow/.local/lib/python3.7/site-packages/airflow/example_dags/example_python_operator.py took 0.075 seconds
[2023-07-10T01:37:09.933+0000] {processor.py:157} INFO - Started process (PID=1460) to work on /home/airflow/.local/lib/python3.7/site-packages/airflow/example_dags/example_python_operator.py
[2023-07-10T01:37:09.937+0000] {processor.py:826} INFO - Processing file /home/airflow/.local/lib/python3.7/site-packages/airflow/example_dags/example_python_operator.py for tasks to queue
[2023-07-10T01:37:09.939+0000] {logging_mixin.py:149} INFO - [2023-07-10T01:37:09.939+0000] {dagbag.py:541} INFO - Filling up the DagBag from /home/airflow/.local/lib/python3.7/site-packages/airflow/example_dags/example_python_operator.py
[2023-07-10T01:37:09.949+0000] {processor.py:836} INFO - DAG(s) dict_keys(['example_python_operator']) retrieved from /home/airflow/.local/lib/python3.7/site-packages/airflow/example_dags/example_python_operator.py
[2023-07-10T01:37:09.974+0000] {logging_mixin.py:149} INFO - [2023-07-10T01:37:09.974+0000] {dag.py:2726} INFO - Sync 1 DAGs
[2023-07-10T01:37:09.997+0000] {logging_mixin.py:149} INFO - [2023-07-10T01:37:09.996+0000] {dag.py:3490} INFO - Setting next_dagrun for example_python_operator to None, run_after=None
[2023-07-10T01:37:10.024+0000] {processor.py:179} INFO - Processing /home/airflow/.local/lib/python3.7/site-packages/airflow/example_dags/example_python_operator.py took 0.094 seconds
[2023-07-10T01:37:40.110+0000] {processor.py:157} INFO - Started process (PID=1709) to work on /home/airflow/.local/lib/python3.7/site-packages/airflow/example_dags/example_python_operator.py
[2023-07-10T01:37:40.111+0000] {processor.py:826} INFO - Processing file /home/airflow/.local/lib/python3.7/site-packages/airflow/example_dags/example_python_operator.py for tasks to queue
[2023-07-10T01:37:40.112+0000] {logging_mixin.py:149} INFO - [2023-07-10T01:37:40.112+0000] {dagbag.py:541} INFO - Filling up the DagBag from /home/airflow/.local/lib/python3.7/site-packages/airflow/example_dags/example_python_operator.py
[2023-07-10T01:37:40.121+0000] {processor.py:836} INFO - DAG(s) dict_keys(['example_python_operator']) retrieved from /home/airflow/.local/lib/python3.7/site-packages/airflow/example_dags/example_python_operator.py
[2023-07-10T01:37:40.144+0000] {logging_mixin.py:149} INFO - [2023-07-10T01:37:40.144+0000] {dag.py:2726} INFO - Sync 1 DAGs
[2023-07-10T01:37:40.163+0000] {logging_mixin.py:149} INFO - [2023-07-10T01:37:40.163+0000] {dag.py:3490} INFO - Setting next_dagrun for example_python_operator to None, run_after=None
[2023-07-10T01:37:40.180+0000] {processor.py:179} INFO - Processing /home/airflow/.local/lib/python3.7/site-packages/airflow/example_dags/example_python_operator.py took 0.072 seconds
[2023-07-10T01:38:10.265+0000] {processor.py:157} INFO - Started process (PID=1958) to work on /home/airflow/.local/lib/python3.7/site-packages/airflow/example_dags/example_python_operator.py
[2023-07-10T01:38:10.266+0000] {processor.py:826} INFO - Processing file /home/airflow/.local/lib/python3.7/site-packages/airflow/example_dags/example_python_operator.py for tasks to queue
[2023-07-10T01:38:10.267+0000] {logging_mixin.py:149} INFO - [2023-07-10T01:38:10.267+0000] {dagbag.py:541} INFO - Filling up the DagBag from /home/airflow/.local/lib/python3.7/site-packages/airflow/example_dags/example_python_operator.py
[2023-07-10T01:38:10.276+0000] {processor.py:836} INFO - DAG(s) dict_keys(['example_python_operator']) retrieved from /home/airflow/.local/lib/python3.7/site-packages/airflow/example_dags/example_python_operator.py
[2023-07-10T01:38:10.298+0000] {logging_mixin.py:149} INFO - [2023-07-10T01:38:10.298+0000] {dag.py:2726} INFO - Sync 1 DAGs
[2023-07-10T01:38:10.319+0000] {logging_mixin.py:149} INFO - [2023-07-10T01:38:10.319+0000] {dag.py:3490} INFO - Setting next_dagrun for example_python_operator to None, run_after=None
[2023-07-10T01:38:10.336+0000] {processor.py:179} INFO - Processing /home/airflow/.local/lib/python3.7/site-packages/airflow/example_dags/example_python_operator.py took 0.074 seconds
[2023-07-10T01:38:40.527+0000] {processor.py:157} INFO - Started process (PID=2207) to work on /home/airflow/.local/lib/python3.7/site-packages/airflow/example_dags/example_python_operator.py
[2023-07-10T01:38:40.528+0000] {processor.py:826} INFO - Processing file /home/airflow/.local/lib/python3.7/site-packages/airflow/example_dags/example_python_operator.py for tasks to queue
[2023-07-10T01:38:40.529+0000] {logging_mixin.py:149} INFO - [2023-07-10T01:38:40.529+0000] {dagbag.py:541} INFO - Filling up the DagBag from /home/airflow/.local/lib/python3.7/site-packages/airflow/example_dags/example_python_operator.py
[2023-07-10T01:38:40.537+0000] {processor.py:836} INFO - DAG(s) dict_keys(['example_python_operator']) retrieved from /home/airflow/.local/lib/python3.7/site-packages/airflow/example_dags/example_python_operator.py
[2023-07-10T01:38:40.550+0000] {logging_mixin.py:149} INFO - [2023-07-10T01:38:40.550+0000] {dag.py:2726} INFO - Sync 1 DAGs
[2023-07-10T01:38:40.572+0000] {logging_mixin.py:149} INFO - [2023-07-10T01:38:40.571+0000] {dag.py:3490} INFO - Setting next_dagrun for example_python_operator to None, run_after=None
[2023-07-10T01:38:40.589+0000] {processor.py:179} INFO - Processing /home/airflow/.local/lib/python3.7/site-packages/airflow/example_dags/example_python_operator.py took 0.065 seconds
[2023-07-10T01:39:10.895+0000] {processor.py:157} INFO - Started process (PID=2456) to work on /home/airflow/.local/lib/python3.7/site-packages/airflow/example_dags/example_python_operator.py
[2023-07-10T01:39:10.896+0000] {processor.py:826} INFO - Processing file /home/airflow/.local/lib/python3.7/site-packages/airflow/example_dags/example_python_operator.py for tasks to queue
[2023-07-10T01:39:10.897+0000] {logging_mixin.py:149} INFO - [2023-07-10T01:39:10.897+0000] {dagbag.py:541} INFO - Filling up the DagBag from /home/airflow/.local/lib/python3.7/site-packages/airflow/example_dags/example_python_operator.py
[2023-07-10T01:39:10.905+0000] {processor.py:836} INFO - DAG(s) dict_keys(['example_python_operator']) retrieved from /home/airflow/.local/lib/python3.7/site-packages/airflow/example_dags/example_python_operator.py
[2023-07-10T01:39:11.004+0000] {logging_mixin.py:149} INFO - [2023-07-10T01:39:11.004+0000] {dag.py:2726} INFO - Sync 1 DAGs
[2023-07-10T01:39:11.022+0000] {logging_mixin.py:149} INFO - [2023-07-10T01:39:11.022+0000] {dag.py:3490} INFO - Setting next_dagrun for example_python_operator to None, run_after=None
[2023-07-10T01:39:11.047+0000] {processor.py:179} INFO - Processing /home/airflow/.local/lib/python3.7/site-packages/airflow/example_dags/example_python_operator.py took 0.155 seconds
[2023-07-10T01:39:41.094+0000] {processor.py:157} INFO - Started process (PID=2705) to work on /home/airflow/.local/lib/python3.7/site-packages/airflow/example_dags/example_python_operator.py
[2023-07-10T01:39:41.095+0000] {processor.py:826} INFO - Processing file /home/airflow/.local/lib/python3.7/site-packages/airflow/example_dags/example_python_operator.py for tasks to queue
[2023-07-10T01:39:41.096+0000] {logging_mixin.py:149} INFO - [2023-07-10T01:39:41.096+0000] {dagbag.py:541} INFO - Filling up the DagBag from /home/airflow/.local/lib/python3.7/site-packages/airflow/example_dags/example_python_operator.py
[2023-07-10T01:39:41.104+0000] {processor.py:836} INFO - DAG(s) dict_keys(['example_python_operator']) retrieved from /home/airflow/.local/lib/python3.7/site-packages/airflow/example_dags/example_python_operator.py
[2023-07-10T01:39:41.125+0000] {logging_mixin.py:149} INFO - [2023-07-10T01:39:41.125+0000] {dag.py:2726} INFO - Sync 1 DAGs
[2023-07-10T01:39:41.145+0000] {logging_mixin.py:149} INFO - [2023-07-10T01:39:41.145+0000] {dag.py:3490} INFO - Setting next_dagrun for example_python_operator to None, run_after=None
[2023-07-10T01:39:41.178+0000] {processor.py:179} INFO - Processing /home/airflow/.local/lib/python3.7/site-packages/airflow/example_dags/example_python_operator.py took 0.086 seconds
[2023-07-10T01:40:11.230+0000] {processor.py:157} INFO - Started process (PID=2954) to work on /home/airflow/.local/lib/python3.7/site-packages/airflow/example_dags/example_python_operator.py
[2023-07-10T01:40:11.231+0000] {processor.py:826} INFO - Processing file /home/airflow/.local/lib/python3.7/site-packages/airflow/example_dags/example_python_operator.py for tasks to queue
[2023-07-10T01:40:11.232+0000] {logging_mixin.py:149} INFO - [2023-07-10T01:40:11.232+0000] {dagbag.py:541} INFO - Filling up the DagBag from /home/airflow/.local/lib/python3.7/site-packages/airflow/example_dags/example_python_operator.py
[2023-07-10T01:40:11.241+0000] {processor.py:836} INFO - DAG(s) dict_keys(['example_python_operator']) retrieved from /home/airflow/.local/lib/python3.7/site-packages/airflow/example_dags/example_python_operator.py
[2023-07-10T01:40:11.264+0000] {logging_mixin.py:149} INFO - [2023-07-10T01:40:11.263+0000] {dag.py:2726} INFO - Sync 1 DAGs
[2023-07-10T01:40:11.283+0000] {logging_mixin.py:149} INFO - [2023-07-10T01:40:11.283+0000] {dag.py:3490} INFO - Setting next_dagrun for example_python_operator to None, run_after=None
[2023-07-10T01:40:11.300+0000] {processor.py:179} INFO - Processing /home/airflow/.local/lib/python3.7/site-packages/airflow/example_dags/example_python_operator.py took 0.072 seconds
[2023-07-10T01:40:41.734+0000] {processor.py:157} INFO - Started process (PID=3203) to work on /home/airflow/.local/lib/python3.7/site-packages/airflow/example_dags/example_python_operator.py
[2023-07-10T01:40:41.735+0000] {processor.py:826} INFO - Processing file /home/airflow/.local/lib/python3.7/site-packages/airflow/example_dags/example_python_operator.py for tasks to queue
[2023-07-10T01:40:41.736+0000] {logging_mixin.py:149} INFO - [2023-07-10T01:40:41.736+0000] {dagbag.py:541} INFO - Filling up the DagBag from /home/airflow/.local/lib/python3.7/site-packages/airflow/example_dags/example_python_operator.py
[2023-07-10T01:40:41.744+0000] {processor.py:836} INFO - DAG(s) dict_keys(['example_python_operator']) retrieved from /home/airflow/.local/lib/python3.7/site-packages/airflow/example_dags/example_python_operator.py
[2023-07-10T01:40:41.769+0000] {logging_mixin.py:149} INFO - [2023-07-10T01:40:41.768+0000] {dag.py:2726} INFO - Sync 1 DAGs
[2023-07-10T01:40:41.790+0000] {logging_mixin.py:149} INFO - [2023-07-10T01:40:41.790+0000] {dag.py:3490} INFO - Setting next_dagrun for example_python_operator to None, run_after=None
[2023-07-10T01:40:41.819+0000] {processor.py:179} INFO - Processing /home/airflow/.local/lib/python3.7/site-packages/airflow/example_dags/example_python_operator.py took 0.088 seconds
[2023-07-10T01:41:12.406+0000] {processor.py:157} INFO - Started process (PID=3452) to work on /home/airflow/.local/lib/python3.7/site-packages/airflow/example_dags/example_python_operator.py
[2023-07-10T01:41:12.407+0000] {processor.py:826} INFO - Processing file /home/airflow/.local/lib/python3.7/site-packages/airflow/example_dags/example_python_operator.py for tasks to queue
[2023-07-10T01:41:12.408+0000] {logging_mixin.py:149} INFO - [2023-07-10T01:41:12.408+0000] {dagbag.py:541} INFO - Filling up the DagBag from /home/airflow/.local/lib/python3.7/site-packages/airflow/example_dags/example_python_operator.py
[2023-07-10T01:41:12.416+0000] {processor.py:836} INFO - DAG(s) dict_keys(['example_python_operator']) retrieved from /home/airflow/.local/lib/python3.7/site-packages/airflow/example_dags/example_python_operator.py
[2023-07-10T01:41:12.438+0000] {logging_mixin.py:149} INFO - [2023-07-10T01:41:12.438+0000] {dag.py:2726} INFO - Sync 1 DAGs
[2023-07-10T01:41:12.459+0000] {logging_mixin.py:149} INFO - [2023-07-10T01:41:12.459+0000] {dag.py:3490} INFO - Setting next_dagrun for example_python_operator to None, run_after=None
[2023-07-10T01:41:12.487+0000] {processor.py:179} INFO - Processing /home/airflow/.local/lib/python3.7/site-packages/airflow/example_dags/example_python_operator.py took 0.083 seconds
[2023-07-10T01:41:43.083+0000] {processor.py:157} INFO - Started process (PID=3701) to work on /home/airflow/.local/lib/python3.7/site-packages/airflow/example_dags/example_python_operator.py
[2023-07-10T01:41:43.084+0000] {processor.py:826} INFO - Processing file /home/airflow/.local/lib/python3.7/site-packages/airflow/example_dags/example_python_operator.py for tasks to queue
[2023-07-10T01:41:43.085+0000] {logging_mixin.py:149} INFO - [2023-07-10T01:41:43.085+0000] {dagbag.py:541} INFO - Filling up the DagBag from /home/airflow/.local/lib/python3.7/site-packages/airflow/example_dags/example_python_operator.py
[2023-07-10T01:41:43.094+0000] {processor.py:836} INFO - DAG(s) dict_keys(['example_python_operator']) retrieved from /home/airflow/.local/lib/python3.7/site-packages/airflow/example_dags/example_python_operator.py
[2023-07-10T01:41:43.119+0000] {logging_mixin.py:149} INFO - [2023-07-10T01:41:43.119+0000] {dag.py:2726} INFO - Sync 1 DAGs
[2023-07-10T01:41:43.143+0000] {logging_mixin.py:149} INFO - [2023-07-10T01:41:43.143+0000] {dag.py:3490} INFO - Setting next_dagrun for example_python_operator to None, run_after=None
[2023-07-10T01:41:43.163+0000] {processor.py:179} INFO - Processing /home/airflow/.local/lib/python3.7/site-packages/airflow/example_dags/example_python_operator.py took 0.082 seconds
[2023-07-10T01:42:13.840+0000] {processor.py:157} INFO - Started process (PID=3950) to work on /home/airflow/.local/lib/python3.7/site-packages/airflow/example_dags/example_python_operator.py
[2023-07-10T01:42:13.841+0000] {processor.py:826} INFO - Processing file /home/airflow/.local/lib/python3.7/site-packages/airflow/example_dags/example_python_operator.py for tasks to queue
[2023-07-10T01:42:13.841+0000] {logging_mixin.py:149} INFO - [2023-07-10T01:42:13.841+0000] {dagbag.py:541} INFO - Filling up the DagBag from /home/airflow/.local/lib/python3.7/site-packages/airflow/example_dags/example_python_operator.py
[2023-07-10T01:42:13.851+0000] {processor.py:836} INFO - DAG(s) dict_keys(['example_python_operator']) retrieved from /home/airflow/.local/lib/python3.7/site-packages/airflow/example_dags/example_python_operator.py
[2023-07-10T01:42:13.873+0000] {logging_mixin.py:149} INFO - [2023-07-10T01:42:13.873+0000] {dag.py:2726} INFO - Sync 1 DAGs
[2023-07-10T01:42:13.894+0000] {logging_mixin.py:149} INFO - [2023-07-10T01:42:13.894+0000] {dag.py:3490} INFO - Setting next_dagrun for example_python_operator to None, run_after=None
[2023-07-10T01:42:13.922+0000] {processor.py:179} INFO - Processing /home/airflow/.local/lib/python3.7/site-packages/airflow/example_dags/example_python_operator.py took 0.084 seconds
[2023-07-10T01:42:44.300+0000] {processor.py:157} INFO - Started process (PID=4199) to work on /home/airflow/.local/lib/python3.7/site-packages/airflow/example_dags/example_python_operator.py
[2023-07-10T01:42:44.301+0000] {processor.py:826} INFO - Processing file /home/airflow/.local/lib/python3.7/site-packages/airflow/example_dags/example_python_operator.py for tasks to queue
[2023-07-10T01:42:44.302+0000] {logging_mixin.py:149} INFO - [2023-07-10T01:42:44.302+0000] {dagbag.py:541} INFO - Filling up the DagBag from /home/airflow/.local/lib/python3.7/site-packages/airflow/example_dags/example_python_operator.py
[2023-07-10T01:42:44.310+0000] {processor.py:836} INFO - DAG(s) dict_keys(['example_python_operator']) retrieved from /home/airflow/.local/lib/python3.7/site-packages/airflow/example_dags/example_python_operator.py
[2023-07-10T01:42:44.332+0000] {logging_mixin.py:149} INFO - [2023-07-10T01:42:44.332+0000] {dag.py:2726} INFO - Sync 1 DAGs
[2023-07-10T01:42:44.352+0000] {logging_mixin.py:149} INFO - [2023-07-10T01:42:44.352+0000] {dag.py:3490} INFO - Setting next_dagrun for example_python_operator to None, run_after=None
[2023-07-10T01:42:44.379+0000] {processor.py:179} INFO - Processing /home/airflow/.local/lib/python3.7/site-packages/airflow/example_dags/example_python_operator.py took 0.082 seconds
[2023-07-10T01:43:14.949+0000] {processor.py:157} INFO - Started process (PID=4448) to work on /home/airflow/.local/lib/python3.7/site-packages/airflow/example_dags/example_python_operator.py
[2023-07-10T01:43:14.950+0000] {processor.py:826} INFO - Processing file /home/airflow/.local/lib/python3.7/site-packages/airflow/example_dags/example_python_operator.py for tasks to queue
[2023-07-10T01:43:14.951+0000] {logging_mixin.py:149} INFO - [2023-07-10T01:43:14.951+0000] {dagbag.py:541} INFO - Filling up the DagBag from /home/airflow/.local/lib/python3.7/site-packages/airflow/example_dags/example_python_operator.py
[2023-07-10T01:43:14.959+0000] {processor.py:836} INFO - DAG(s) dict_keys(['example_python_operator']) retrieved from /home/airflow/.local/lib/python3.7/site-packages/airflow/example_dags/example_python_operator.py
[2023-07-10T01:43:14.984+0000] {logging_mixin.py:149} INFO - [2023-07-10T01:43:14.983+0000] {dag.py:2726} INFO - Sync 1 DAGs
[2023-07-10T01:43:15.007+0000] {logging_mixin.py:149} INFO - [2023-07-10T01:43:15.007+0000] {dag.py:3490} INFO - Setting next_dagrun for example_python_operator to None, run_after=None
[2023-07-10T01:43:15.025+0000] {processor.py:179} INFO - Processing /home/airflow/.local/lib/python3.7/site-packages/airflow/example_dags/example_python_operator.py took 0.079 seconds
[2023-07-10T01:43:45.487+0000] {processor.py:157} INFO - Started process (PID=4698) to work on /home/airflow/.local/lib/python3.7/site-packages/airflow/example_dags/example_python_operator.py
[2023-07-10T01:43:45.488+0000] {processor.py:826} INFO - Processing file /home/airflow/.local/lib/python3.7/site-packages/airflow/example_dags/example_python_operator.py for tasks to queue
[2023-07-10T01:43:45.489+0000] {logging_mixin.py:149} INFO - [2023-07-10T01:43:45.489+0000] {dagbag.py:541} INFO - Filling up the DagBag from /home/airflow/.local/lib/python3.7/site-packages/airflow/example_dags/example_python_operator.py
[2023-07-10T01:43:45.499+0000] {processor.py:836} INFO - DAG(s) dict_keys(['example_python_operator']) retrieved from /home/airflow/.local/lib/python3.7/site-packages/airflow/example_dags/example_python_operator.py
[2023-07-10T01:43:45.521+0000] {logging_mixin.py:149} INFO - [2023-07-10T01:43:45.521+0000] {dag.py:2726} INFO - Sync 1 DAGs
[2023-07-10T01:43:45.544+0000] {logging_mixin.py:149} INFO - [2023-07-10T01:43:45.544+0000] {dag.py:3490} INFO - Setting next_dagrun for example_python_operator to None, run_after=None
[2023-07-10T01:43:45.573+0000] {processor.py:179} INFO - Processing /home/airflow/.local/lib/python3.7/site-packages/airflow/example_dags/example_python_operator.py took 0.088 seconds
[2023-07-10T01:44:16.088+0000] {processor.py:157} INFO - Started process (PID=4947) to work on /home/airflow/.local/lib/python3.7/site-packages/airflow/example_dags/example_python_operator.py
[2023-07-10T01:44:16.089+0000] {processor.py:826} INFO - Processing file /home/airflow/.local/lib/python3.7/site-packages/airflow/example_dags/example_python_operator.py for tasks to queue
[2023-07-10T01:44:16.090+0000] {logging_mixin.py:149} INFO - [2023-07-10T01:44:16.090+0000] {dagbag.py:541} INFO - Filling up the DagBag from /home/airflow/.local/lib/python3.7/site-packages/airflow/example_dags/example_python_operator.py
[2023-07-10T01:44:16.098+0000] {processor.py:836} INFO - DAG(s) dict_keys(['example_python_operator']) retrieved from /home/airflow/.local/lib/python3.7/site-packages/airflow/example_dags/example_python_operator.py
[2023-07-10T01:44:16.122+0000] {logging_mixin.py:149} INFO - [2023-07-10T01:44:16.122+0000] {dag.py:2726} INFO - Sync 1 DAGs
[2023-07-10T01:44:16.143+0000] {logging_mixin.py:149} INFO - [2023-07-10T01:44:16.143+0000] {dag.py:3490} INFO - Setting next_dagrun for example_python_operator to None, run_after=None
[2023-07-10T01:44:16.170+0000] {processor.py:179} INFO - Processing /home/airflow/.local/lib/python3.7/site-packages/airflow/example_dags/example_python_operator.py took 0.084 seconds
[2023-07-10T01:44:46.873+0000] {processor.py:157} INFO - Started process (PID=5196) to work on /home/airflow/.local/lib/python3.7/site-packages/airflow/example_dags/example_python_operator.py
[2023-07-10T01:44:46.874+0000] {processor.py:826} INFO - Processing file /home/airflow/.local/lib/python3.7/site-packages/airflow/example_dags/example_python_operator.py for tasks to queue
[2023-07-10T01:44:46.875+0000] {logging_mixin.py:149} INFO - [2023-07-10T01:44:46.875+0000] {dagbag.py:541} INFO - Filling up the DagBag from /home/airflow/.local/lib/python3.7/site-packages/airflow/example_dags/example_python_operator.py
[2023-07-10T01:44:46.882+0000] {processor.py:836} INFO - DAG(s) dict_keys(['example_python_operator']) retrieved from /home/airflow/.local/lib/python3.7/site-packages/airflow/example_dags/example_python_operator.py
[2023-07-10T01:44:46.905+0000] {logging_mixin.py:149} INFO - [2023-07-10T01:44:46.905+0000] {dag.py:2726} INFO - Sync 1 DAGs
[2023-07-10T01:44:46.926+0000] {logging_mixin.py:149} INFO - [2023-07-10T01:44:46.926+0000] {dag.py:3490} INFO - Setting next_dagrun for example_python_operator to None, run_after=None
[2023-07-10T01:44:46.942+0000] {processor.py:179} INFO - Processing /home/airflow/.local/lib/python3.7/site-packages/airflow/example_dags/example_python_operator.py took 0.072 seconds
[2023-07-10T01:45:17.410+0000] {processor.py:157} INFO - Started process (PID=5445) to work on /home/airflow/.local/lib/python3.7/site-packages/airflow/example_dags/example_python_operator.py
[2023-07-10T01:45:17.411+0000] {processor.py:826} INFO - Processing file /home/airflow/.local/lib/python3.7/site-packages/airflow/example_dags/example_python_operator.py for tasks to queue
[2023-07-10T01:45:17.412+0000] {logging_mixin.py:149} INFO - [2023-07-10T01:45:17.412+0000] {dagbag.py:541} INFO - Filling up the DagBag from /home/airflow/.local/lib/python3.7/site-packages/airflow/example_dags/example_python_operator.py
[2023-07-10T01:45:17.423+0000] {processor.py:836} INFO - DAG(s) dict_keys(['example_python_operator']) retrieved from /home/airflow/.local/lib/python3.7/site-packages/airflow/example_dags/example_python_operator.py
[2023-07-10T01:45:17.448+0000] {logging_mixin.py:149} INFO - [2023-07-10T01:45:17.448+0000] {dag.py:2726} INFO - Sync 1 DAGs
[2023-07-10T01:45:17.477+0000] {logging_mixin.py:149} INFO - [2023-07-10T01:45:17.477+0000] {dag.py:3490} INFO - Setting next_dagrun for example_python_operator to None, run_after=None
[2023-07-10T01:45:17.508+0000] {processor.py:179} INFO - Processing /home/airflow/.local/lib/python3.7/site-packages/airflow/example_dags/example_python_operator.py took 0.100 seconds
[2023-07-10T01:45:47.961+0000] {processor.py:157} INFO - Started process (PID=5694) to work on /home/airflow/.local/lib/python3.7/site-packages/airflow/example_dags/example_python_operator.py
[2023-07-10T01:45:47.962+0000] {processor.py:826} INFO - Processing file /home/airflow/.local/lib/python3.7/site-packages/airflow/example_dags/example_python_operator.py for tasks to queue
[2023-07-10T01:45:47.963+0000] {logging_mixin.py:149} INFO - [2023-07-10T01:45:47.963+0000] {dagbag.py:541} INFO - Filling up the DagBag from /home/airflow/.local/lib/python3.7/site-packages/airflow/example_dags/example_python_operator.py
[2023-07-10T01:45:47.971+0000] {processor.py:836} INFO - DAG(s) dict_keys(['example_python_operator']) retrieved from /home/airflow/.local/lib/python3.7/site-packages/airflow/example_dags/example_python_operator.py
[2023-07-10T01:45:47.994+0000] {logging_mixin.py:149} INFO - [2023-07-10T01:45:47.994+0000] {dag.py:2726} INFO - Sync 1 DAGs
[2023-07-10T01:45:48.014+0000] {logging_mixin.py:149} INFO - [2023-07-10T01:45:48.014+0000] {dag.py:3490} INFO - Setting next_dagrun for example_python_operator to None, run_after=None
[2023-07-10T01:45:48.042+0000] {processor.py:179} INFO - Processing /home/airflow/.local/lib/python3.7/site-packages/airflow/example_dags/example_python_operator.py took 0.085 seconds
[2023-07-10T01:46:18.606+0000] {processor.py:157} INFO - Started process (PID=5943) to work on /home/airflow/.local/lib/python3.7/site-packages/airflow/example_dags/example_python_operator.py
[2023-07-10T01:46:18.607+0000] {processor.py:826} INFO - Processing file /home/airflow/.local/lib/python3.7/site-packages/airflow/example_dags/example_python_operator.py for tasks to queue
[2023-07-10T01:46:18.608+0000] {logging_mixin.py:149} INFO - [2023-07-10T01:46:18.608+0000] {dagbag.py:541} INFO - Filling up the DagBag from /home/airflow/.local/lib/python3.7/site-packages/airflow/example_dags/example_python_operator.py
[2023-07-10T01:46:18.616+0000] {processor.py:836} INFO - DAG(s) dict_keys(['example_python_operator']) retrieved from /home/airflow/.local/lib/python3.7/site-packages/airflow/example_dags/example_python_operator.py
[2023-07-10T01:46:18.639+0000] {logging_mixin.py:149} INFO - [2023-07-10T01:46:18.639+0000] {dag.py:2726} INFO - Sync 1 DAGs
[2023-07-10T01:46:18.660+0000] {logging_mixin.py:149} INFO - [2023-07-10T01:46:18.660+0000] {dag.py:3490} INFO - Setting next_dagrun for example_python_operator to None, run_after=None
[2023-07-10T01:46:18.687+0000] {processor.py:179} INFO - Processing /home/airflow/.local/lib/python3.7/site-packages/airflow/example_dags/example_python_operator.py took 0.083 seconds
[2023-07-10T01:46:49.415+0000] {processor.py:157} INFO - Started process (PID=6192) to work on /home/airflow/.local/lib/python3.7/site-packages/airflow/example_dags/example_python_operator.py
[2023-07-10T01:46:49.416+0000] {processor.py:826} INFO - Processing file /home/airflow/.local/lib/python3.7/site-packages/airflow/example_dags/example_python_operator.py for tasks to queue
[2023-07-10T01:46:49.417+0000] {logging_mixin.py:149} INFO - [2023-07-10T01:46:49.417+0000] {dagbag.py:541} INFO - Filling up the DagBag from /home/airflow/.local/lib/python3.7/site-packages/airflow/example_dags/example_python_operator.py
[2023-07-10T01:46:49.425+0000] {processor.py:836} INFO - DAG(s) dict_keys(['example_python_operator']) retrieved from /home/airflow/.local/lib/python3.7/site-packages/airflow/example_dags/example_python_operator.py
[2023-07-10T01:46:49.449+0000] {logging_mixin.py:149} INFO - [2023-07-10T01:46:49.448+0000] {dag.py:2726} INFO - Sync 1 DAGs
[2023-07-10T01:46:49.474+0000] {logging_mixin.py:149} INFO - [2023-07-10T01:46:49.473+0000] {dag.py:3490} INFO - Setting next_dagrun for example_python_operator to None, run_after=None
[2023-07-10T01:46:49.490+0000] {processor.py:179} INFO - Processing /home/airflow/.local/lib/python3.7/site-packages/airflow/example_dags/example_python_operator.py took 0.078 seconds
[2023-07-10T01:47:19.897+0000] {processor.py:157} INFO - Started process (PID=6441) to work on /home/airflow/.local/lib/python3.7/site-packages/airflow/example_dags/example_python_operator.py
[2023-07-10T01:47:19.898+0000] {processor.py:826} INFO - Processing file /home/airflow/.local/lib/python3.7/site-packages/airflow/example_dags/example_python_operator.py for tasks to queue
[2023-07-10T01:47:19.899+0000] {logging_mixin.py:149} INFO - [2023-07-10T01:47:19.899+0000] {dagbag.py:541} INFO - Filling up the DagBag from /home/airflow/.local/lib/python3.7/site-packages/airflow/example_dags/example_python_operator.py
[2023-07-10T01:47:19.907+0000] {processor.py:836} INFO - DAG(s) dict_keys(['example_python_operator']) retrieved from /home/airflow/.local/lib/python3.7/site-packages/airflow/example_dags/example_python_operator.py
[2023-07-10T01:47:19.929+0000] {logging_mixin.py:149} INFO - [2023-07-10T01:47:19.929+0000] {dag.py:2726} INFO - Sync 1 DAGs
[2023-07-10T01:47:19.949+0000] {logging_mixin.py:149} INFO - [2023-07-10T01:47:19.949+0000] {dag.py:3490} INFO - Setting next_dagrun for example_python_operator to None, run_after=None
[2023-07-10T01:47:19.977+0000] {processor.py:179} INFO - Processing /home/airflow/.local/lib/python3.7/site-packages/airflow/example_dags/example_python_operator.py took 0.083 seconds
[2023-07-10T01:47:50.484+0000] {processor.py:157} INFO - Started process (PID=6690) to work on /home/airflow/.local/lib/python3.7/site-packages/airflow/example_dags/example_python_operator.py
[2023-07-10T01:47:50.485+0000] {processor.py:826} INFO - Processing file /home/airflow/.local/lib/python3.7/site-packages/airflow/example_dags/example_python_operator.py for tasks to queue
[2023-07-10T01:47:50.486+0000] {logging_mixin.py:149} INFO - [2023-07-10T01:47:50.486+0000] {dagbag.py:541} INFO - Filling up the DagBag from /home/airflow/.local/lib/python3.7/site-packages/airflow/example_dags/example_python_operator.py
[2023-07-10T01:47:50.494+0000] {processor.py:836} INFO - DAG(s) dict_keys(['example_python_operator']) retrieved from /home/airflow/.local/lib/python3.7/site-packages/airflow/example_dags/example_python_operator.py
[2023-07-10T01:47:50.516+0000] {logging_mixin.py:149} INFO - [2023-07-10T01:47:50.516+0000] {dag.py:2726} INFO - Sync 1 DAGs
[2023-07-10T01:47:50.536+0000] {logging_mixin.py:149} INFO - [2023-07-10T01:47:50.535+0000] {dag.py:3490} INFO - Setting next_dagrun for example_python_operator to None, run_after=None
[2023-07-10T01:47:50.552+0000] {processor.py:179} INFO - Processing /home/airflow/.local/lib/python3.7/site-packages/airflow/example_dags/example_python_operator.py took 0.071 seconds
[2023-07-10T01:48:20.963+0000] {processor.py:157} INFO - Started process (PID=6939) to work on /home/airflow/.local/lib/python3.7/site-packages/airflow/example_dags/example_python_operator.py
[2023-07-10T01:48:20.964+0000] {processor.py:826} INFO - Processing file /home/airflow/.local/lib/python3.7/site-packages/airflow/example_dags/example_python_operator.py for tasks to queue
[2023-07-10T01:48:20.964+0000] {logging_mixin.py:149} INFO - [2023-07-10T01:48:20.964+0000] {dagbag.py:541} INFO - Filling up the DagBag from /home/airflow/.local/lib/python3.7/site-packages/airflow/example_dags/example_python_operator.py
[2023-07-10T01:48:20.972+0000] {processor.py:836} INFO - DAG(s) dict_keys(['example_python_operator']) retrieved from /home/airflow/.local/lib/python3.7/site-packages/airflow/example_dags/example_python_operator.py
[2023-07-10T01:48:20.996+0000] {logging_mixin.py:149} INFO - [2023-07-10T01:48:20.996+0000] {dag.py:2726} INFO - Sync 1 DAGs
[2023-07-10T01:48:21.019+0000] {logging_mixin.py:149} INFO - [2023-07-10T01:48:21.019+0000] {dag.py:3490} INFO - Setting next_dagrun for example_python_operator to None, run_after=None
[2023-07-10T01:48:21.036+0000] {processor.py:179} INFO - Processing /home/airflow/.local/lib/python3.7/site-packages/airflow/example_dags/example_python_operator.py took 0.076 seconds
[2023-07-10T01:48:51.589+0000] {processor.py:157} INFO - Started process (PID=7188) to work on /home/airflow/.local/lib/python3.7/site-packages/airflow/example_dags/example_python_operator.py
[2023-07-10T01:48:51.590+0000] {processor.py:826} INFO - Processing file /home/airflow/.local/lib/python3.7/site-packages/airflow/example_dags/example_python_operator.py for tasks to queue
[2023-07-10T01:48:51.591+0000] {logging_mixin.py:149} INFO - [2023-07-10T01:48:51.591+0000] {dagbag.py:541} INFO - Filling up the DagBag from /home/airflow/.local/lib/python3.7/site-packages/airflow/example_dags/example_python_operator.py
[2023-07-10T01:48:51.599+0000] {processor.py:836} INFO - DAG(s) dict_keys(['example_python_operator']) retrieved from /home/airflow/.local/lib/python3.7/site-packages/airflow/example_dags/example_python_operator.py
[2023-07-10T01:48:51.623+0000] {logging_mixin.py:149} INFO - [2023-07-10T01:48:51.623+0000] {dag.py:2726} INFO - Sync 1 DAGs
[2023-07-10T01:48:51.643+0000] {logging_mixin.py:149} INFO - [2023-07-10T01:48:51.643+0000] {dag.py:3490} INFO - Setting next_dagrun for example_python_operator to None, run_after=None
[2023-07-10T01:48:51.672+0000] {processor.py:179} INFO - Processing /home/airflow/.local/lib/python3.7/site-packages/airflow/example_dags/example_python_operator.py took 0.085 seconds
[2023-07-10T01:49:22.128+0000] {processor.py:157} INFO - Started process (PID=7437) to work on /home/airflow/.local/lib/python3.7/site-packages/airflow/example_dags/example_python_operator.py
[2023-07-10T01:49:22.129+0000] {processor.py:826} INFO - Processing file /home/airflow/.local/lib/python3.7/site-packages/airflow/example_dags/example_python_operator.py for tasks to queue
[2023-07-10T01:49:22.130+0000] {logging_mixin.py:149} INFO - [2023-07-10T01:49:22.130+0000] {dagbag.py:541} INFO - Filling up the DagBag from /home/airflow/.local/lib/python3.7/site-packages/airflow/example_dags/example_python_operator.py
[2023-07-10T01:49:22.139+0000] {processor.py:836} INFO - DAG(s) dict_keys(['example_python_operator']) retrieved from /home/airflow/.local/lib/python3.7/site-packages/airflow/example_dags/example_python_operator.py
[2023-07-10T01:49:22.161+0000] {logging_mixin.py:149} INFO - [2023-07-10T01:49:22.161+0000] {dag.py:2726} INFO - Sync 1 DAGs
[2023-07-10T01:49:22.181+0000] {logging_mixin.py:149} INFO - [2023-07-10T01:49:22.181+0000] {dag.py:3490} INFO - Setting next_dagrun for example_python_operator to None, run_after=None
[2023-07-10T01:49:22.199+0000] {processor.py:179} INFO - Processing /home/airflow/.local/lib/python3.7/site-packages/airflow/example_dags/example_python_operator.py took 0.073 seconds
[2023-07-10T01:49:52.645+0000] {processor.py:157} INFO - Started process (PID=7691) to work on /home/airflow/.local/lib/python3.7/site-packages/airflow/example_dags/example_python_operator.py
[2023-07-10T01:49:52.646+0000] {processor.py:826} INFO - Processing file /home/airflow/.local/lib/python3.7/site-packages/airflow/example_dags/example_python_operator.py for tasks to queue
[2023-07-10T01:49:52.647+0000] {logging_mixin.py:149} INFO - [2023-07-10T01:49:52.647+0000] {dagbag.py:541} INFO - Filling up the DagBag from /home/airflow/.local/lib/python3.7/site-packages/airflow/example_dags/example_python_operator.py
[2023-07-10T01:49:52.655+0000] {processor.py:836} INFO - DAG(s) dict_keys(['example_python_operator']) retrieved from /home/airflow/.local/lib/python3.7/site-packages/airflow/example_dags/example_python_operator.py
[2023-07-10T01:49:52.682+0000] {logging_mixin.py:149} INFO - [2023-07-10T01:49:52.682+0000] {dag.py:2726} INFO - Sync 1 DAGs
[2023-07-10T01:49:52.702+0000] {logging_mixin.py:149} INFO - [2023-07-10T01:49:52.702+0000] {dag.py:3490} INFO - Setting next_dagrun for example_python_operator to None, run_after=None
[2023-07-10T01:49:52.720+0000] {processor.py:179} INFO - Processing /home/airflow/.local/lib/python3.7/site-packages/airflow/example_dags/example_python_operator.py took 0.078 seconds
[2023-07-10T01:50:23.307+0000] {processor.py:157} INFO - Started process (PID=7945) to work on /home/airflow/.local/lib/python3.7/site-packages/airflow/example_dags/example_python_operator.py
[2023-07-10T01:50:23.308+0000] {processor.py:826} INFO - Processing file /home/airflow/.local/lib/python3.7/site-packages/airflow/example_dags/example_python_operator.py for tasks to queue
[2023-07-10T01:50:23.309+0000] {logging_mixin.py:149} INFO - [2023-07-10T01:50:23.308+0000] {dagbag.py:541} INFO - Filling up the DagBag from /home/airflow/.local/lib/python3.7/site-packages/airflow/example_dags/example_python_operator.py
[2023-07-10T01:50:23.320+0000] {processor.py:836} INFO - DAG(s) dict_keys(['example_python_operator']) retrieved from /home/airflow/.local/lib/python3.7/site-packages/airflow/example_dags/example_python_operator.py
[2023-07-10T01:50:23.342+0000] {logging_mixin.py:149} INFO - [2023-07-10T01:50:23.342+0000] {dag.py:2726} INFO - Sync 1 DAGs
[2023-07-10T01:50:23.364+0000] {logging_mixin.py:149} INFO - [2023-07-10T01:50:23.364+0000] {dag.py:3490} INFO - Setting next_dagrun for example_python_operator to None, run_after=None
[2023-07-10T01:50:23.382+0000] {processor.py:179} INFO - Processing /home/airflow/.local/lib/python3.7/site-packages/airflow/example_dags/example_python_operator.py took 0.078 seconds
[2023-07-10T01:50:53.880+0000] {processor.py:157} INFO - Started process (PID=8199) to work on /home/airflow/.local/lib/python3.7/site-packages/airflow/example_dags/example_python_operator.py
[2023-07-10T01:50:53.881+0000] {processor.py:826} INFO - Processing file /home/airflow/.local/lib/python3.7/site-packages/airflow/example_dags/example_python_operator.py for tasks to queue
[2023-07-10T01:50:53.882+0000] {logging_mixin.py:149} INFO - [2023-07-10T01:50:53.882+0000] {dagbag.py:541} INFO - Filling up the DagBag from /home/airflow/.local/lib/python3.7/site-packages/airflow/example_dags/example_python_operator.py
[2023-07-10T01:50:53.891+0000] {processor.py:836} INFO - DAG(s) dict_keys(['example_python_operator']) retrieved from /home/airflow/.local/lib/python3.7/site-packages/airflow/example_dags/example_python_operator.py
[2023-07-10T01:50:53.915+0000] {logging_mixin.py:149} INFO - [2023-07-10T01:50:53.914+0000] {dag.py:2726} INFO - Sync 1 DAGs
[2023-07-10T01:50:53.934+0000] {logging_mixin.py:149} INFO - [2023-07-10T01:50:53.934+0000] {dag.py:3490} INFO - Setting next_dagrun for example_python_operator to None, run_after=None
[2023-07-10T01:50:53.952+0000] {processor.py:179} INFO - Processing /home/airflow/.local/lib/python3.7/site-packages/airflow/example_dags/example_python_operator.py took 0.075 seconds
[2023-07-10T01:51:24.598+0000] {processor.py:157} INFO - Started process (PID=8453) to work on /home/airflow/.local/lib/python3.7/site-packages/airflow/example_dags/example_python_operator.py
[2023-07-10T01:51:24.599+0000] {processor.py:826} INFO - Processing file /home/airflow/.local/lib/python3.7/site-packages/airflow/example_dags/example_python_operator.py for tasks to queue
[2023-07-10T01:51:24.600+0000] {logging_mixin.py:149} INFO - [2023-07-10T01:51:24.600+0000] {dagbag.py:541} INFO - Filling up the DagBag from /home/airflow/.local/lib/python3.7/site-packages/airflow/example_dags/example_python_operator.py
[2023-07-10T01:51:24.609+0000] {processor.py:836} INFO - DAG(s) dict_keys(['example_python_operator']) retrieved from /home/airflow/.local/lib/python3.7/site-packages/airflow/example_dags/example_python_operator.py
[2023-07-10T01:51:24.632+0000] {logging_mixin.py:149} INFO - [2023-07-10T01:51:24.632+0000] {dag.py:2726} INFO - Sync 1 DAGs
[2023-07-10T01:51:24.654+0000] {logging_mixin.py:149} INFO - [2023-07-10T01:51:24.653+0000] {dag.py:3490} INFO - Setting next_dagrun for example_python_operator to None, run_after=None
[2023-07-10T01:51:24.678+0000] {processor.py:179} INFO - Processing /home/airflow/.local/lib/python3.7/site-packages/airflow/example_dags/example_python_operator.py took 0.083 seconds
[2023-07-10T01:51:55.273+0000] {processor.py:157} INFO - Started process (PID=8707) to work on /home/airflow/.local/lib/python3.7/site-packages/airflow/example_dags/example_python_operator.py
[2023-07-10T01:51:55.274+0000] {processor.py:826} INFO - Processing file /home/airflow/.local/lib/python3.7/site-packages/airflow/example_dags/example_python_operator.py for tasks to queue
[2023-07-10T01:51:55.275+0000] {logging_mixin.py:149} INFO - [2023-07-10T01:51:55.275+0000] {dagbag.py:541} INFO - Filling up the DagBag from /home/airflow/.local/lib/python3.7/site-packages/airflow/example_dags/example_python_operator.py
[2023-07-10T01:51:55.284+0000] {processor.py:836} INFO - DAG(s) dict_keys(['example_python_operator']) retrieved from /home/airflow/.local/lib/python3.7/site-packages/airflow/example_dags/example_python_operator.py
[2023-07-10T01:51:55.307+0000] {logging_mixin.py:149} INFO - [2023-07-10T01:51:55.307+0000] {dag.py:2726} INFO - Sync 1 DAGs
[2023-07-10T01:51:55.327+0000] {logging_mixin.py:149} INFO - [2023-07-10T01:51:55.327+0000] {dag.py:3490} INFO - Setting next_dagrun for example_python_operator to None, run_after=None
[2023-07-10T01:51:55.344+0000] {processor.py:179} INFO - Processing /home/airflow/.local/lib/python3.7/site-packages/airflow/example_dags/example_python_operator.py took 0.073 seconds
[2023-07-10T01:52:26.026+0000] {processor.py:157} INFO - Started process (PID=8961) to work on /home/airflow/.local/lib/python3.7/site-packages/airflow/example_dags/example_python_operator.py
[2023-07-10T01:52:26.028+0000] {processor.py:826} INFO - Processing file /home/airflow/.local/lib/python3.7/site-packages/airflow/example_dags/example_python_operator.py for tasks to queue
[2023-07-10T01:52:26.028+0000] {logging_mixin.py:149} INFO - [2023-07-10T01:52:26.028+0000] {dagbag.py:541} INFO - Filling up the DagBag from /home/airflow/.local/lib/python3.7/site-packages/airflow/example_dags/example_python_operator.py
[2023-07-10T01:52:26.037+0000] {processor.py:836} INFO - DAG(s) dict_keys(['example_python_operator']) retrieved from /home/airflow/.local/lib/python3.7/site-packages/airflow/example_dags/example_python_operator.py
[2023-07-10T01:52:26.059+0000] {logging_mixin.py:149} INFO - [2023-07-10T01:52:26.059+0000] {dag.py:2726} INFO - Sync 1 DAGs
[2023-07-10T01:52:26.079+0000] {logging_mixin.py:149} INFO - [2023-07-10T01:52:26.079+0000] {dag.py:3490} INFO - Setting next_dagrun for example_python_operator to None, run_after=None
[2023-07-10T01:52:26.107+0000] {processor.py:179} INFO - Processing /home/airflow/.local/lib/python3.7/site-packages/airflow/example_dags/example_python_operator.py took 0.083 seconds
[2023-07-10T01:52:56.224+0000] {processor.py:157} INFO - Started process (PID=9215) to work on /home/airflow/.local/lib/python3.7/site-packages/airflow/example_dags/example_python_operator.py
[2023-07-10T01:52:56.225+0000] {processor.py:826} INFO - Processing file /home/airflow/.local/lib/python3.7/site-packages/airflow/example_dags/example_python_operator.py for tasks to queue
[2023-07-10T01:52:56.226+0000] {logging_mixin.py:149} INFO - [2023-07-10T01:52:56.226+0000] {dagbag.py:541} INFO - Filling up the DagBag from /home/airflow/.local/lib/python3.7/site-packages/airflow/example_dags/example_python_operator.py
[2023-07-10T01:52:56.235+0000] {processor.py:836} INFO - DAG(s) dict_keys(['example_python_operator']) retrieved from /home/airflow/.local/lib/python3.7/site-packages/airflow/example_dags/example_python_operator.py
[2023-07-10T01:52:56.258+0000] {logging_mixin.py:149} INFO - [2023-07-10T01:52:56.258+0000] {dag.py:2726} INFO - Sync 1 DAGs
[2023-07-10T01:52:56.279+0000] {logging_mixin.py:149} INFO - [2023-07-10T01:52:56.279+0000] {dag.py:3490} INFO - Setting next_dagrun for example_python_operator to None, run_after=None
[2023-07-10T01:52:56.297+0000] {processor.py:179} INFO - Processing /home/airflow/.local/lib/python3.7/site-packages/airflow/example_dags/example_python_operator.py took 0.075 seconds
[2023-07-10T01:53:26.451+0000] {processor.py:157} INFO - Started process (PID=9469) to work on /home/airflow/.local/lib/python3.7/site-packages/airflow/example_dags/example_python_operator.py
[2023-07-10T01:53:26.452+0000] {processor.py:826} INFO - Processing file /home/airflow/.local/lib/python3.7/site-packages/airflow/example_dags/example_python_operator.py for tasks to queue
[2023-07-10T01:53:26.453+0000] {logging_mixin.py:149} INFO - [2023-07-10T01:53:26.453+0000] {dagbag.py:541} INFO - Filling up the DagBag from /home/airflow/.local/lib/python3.7/site-packages/airflow/example_dags/example_python_operator.py
[2023-07-10T01:53:26.461+0000] {processor.py:836} INFO - DAG(s) dict_keys(['example_python_operator']) retrieved from /home/airflow/.local/lib/python3.7/site-packages/airflow/example_dags/example_python_operator.py
[2023-07-10T01:53:26.484+0000] {logging_mixin.py:149} INFO - [2023-07-10T01:53:26.483+0000] {dag.py:2726} INFO - Sync 1 DAGs
[2023-07-10T01:53:26.506+0000] {logging_mixin.py:149} INFO - [2023-07-10T01:53:26.506+0000] {dag.py:3490} INFO - Setting next_dagrun for example_python_operator to None, run_after=None
[2023-07-10T01:53:26.532+0000] {processor.py:179} INFO - Processing /home/airflow/.local/lib/python3.7/site-packages/airflow/example_dags/example_python_operator.py took 0.084 seconds
[2023-07-10T01:53:56.747+0000] {processor.py:157} INFO - Started process (PID=9724) to work on /home/airflow/.local/lib/python3.7/site-packages/airflow/example_dags/example_python_operator.py
[2023-07-10T01:53:56.748+0000] {processor.py:826} INFO - Processing file /home/airflow/.local/lib/python3.7/site-packages/airflow/example_dags/example_python_operator.py for tasks to queue
[2023-07-10T01:53:56.749+0000] {logging_mixin.py:149} INFO - [2023-07-10T01:53:56.748+0000] {dagbag.py:541} INFO - Filling up the DagBag from /home/airflow/.local/lib/python3.7/site-packages/airflow/example_dags/example_python_operator.py
[2023-07-10T01:53:56.757+0000] {processor.py:836} INFO - DAG(s) dict_keys(['example_python_operator']) retrieved from /home/airflow/.local/lib/python3.7/site-packages/airflow/example_dags/example_python_operator.py
[2023-07-10T01:53:56.780+0000] {logging_mixin.py:149} INFO - [2023-07-10T01:53:56.779+0000] {dag.py:2726} INFO - Sync 1 DAGs
[2023-07-10T01:53:56.800+0000] {logging_mixin.py:149} INFO - [2023-07-10T01:53:56.800+0000] {dag.py:3490} INFO - Setting next_dagrun for example_python_operator to None, run_after=None
[2023-07-10T01:53:56.828+0000] {processor.py:179} INFO - Processing /home/airflow/.local/lib/python3.7/site-packages/airflow/example_dags/example_python_operator.py took 0.084 seconds
[2023-07-10T01:54:27.784+0000] {processor.py:157} INFO - Started process (PID=9978) to work on /home/airflow/.local/lib/python3.7/site-packages/airflow/example_dags/example_python_operator.py
[2023-07-10T01:54:27.785+0000] {processor.py:826} INFO - Processing file /home/airflow/.local/lib/python3.7/site-packages/airflow/example_dags/example_python_operator.py for tasks to queue
[2023-07-10T01:54:27.786+0000] {logging_mixin.py:149} INFO - [2023-07-10T01:54:27.785+0000] {dagbag.py:541} INFO - Filling up the DagBag from /home/airflow/.local/lib/python3.7/site-packages/airflow/example_dags/example_python_operator.py
[2023-07-10T01:54:27.794+0000] {processor.py:836} INFO - DAG(s) dict_keys(['example_python_operator']) retrieved from /home/airflow/.local/lib/python3.7/site-packages/airflow/example_dags/example_python_operator.py
[2023-07-10T01:54:27.819+0000] {logging_mixin.py:149} INFO - [2023-07-10T01:54:27.819+0000] {dag.py:2726} INFO - Sync 1 DAGs
[2023-07-10T01:54:27.843+0000] {logging_mixin.py:149} INFO - [2023-07-10T01:54:27.842+0000] {dag.py:3490} INFO - Setting next_dagrun for example_python_operator to None, run_after=None
[2023-07-10T01:54:27.863+0000] {processor.py:179} INFO - Processing /home/airflow/.local/lib/python3.7/site-packages/airflow/example_dags/example_python_operator.py took 0.082 seconds
[2023-07-10T01:54:58.091+0000] {processor.py:157} INFO - Started process (PID=10232) to work on /home/airflow/.local/lib/python3.7/site-packages/airflow/example_dags/example_python_operator.py
[2023-07-10T01:54:58.092+0000] {processor.py:826} INFO - Processing file /home/airflow/.local/lib/python3.7/site-packages/airflow/example_dags/example_python_operator.py for tasks to queue
[2023-07-10T01:54:58.093+0000] {logging_mixin.py:149} INFO - [2023-07-10T01:54:58.092+0000] {dagbag.py:541} INFO - Filling up the DagBag from /home/airflow/.local/lib/python3.7/site-packages/airflow/example_dags/example_python_operator.py
[2023-07-10T01:54:58.101+0000] {processor.py:836} INFO - DAG(s) dict_keys(['example_python_operator']) retrieved from /home/airflow/.local/lib/python3.7/site-packages/airflow/example_dags/example_python_operator.py
[2023-07-10T01:54:58.125+0000] {logging_mixin.py:149} INFO - [2023-07-10T01:54:58.125+0000] {dag.py:2726} INFO - Sync 1 DAGs
[2023-07-10T01:54:58.146+0000] {logging_mixin.py:149} INFO - [2023-07-10T01:54:58.146+0000] {dag.py:3490} INFO - Setting next_dagrun for example_python_operator to None, run_after=None
[2023-07-10T01:54:58.164+0000] {processor.py:179} INFO - Processing /home/airflow/.local/lib/python3.7/site-packages/airflow/example_dags/example_python_operator.py took 0.075 seconds
[2023-07-10T01:55:28.230+0000] {processor.py:157} INFO - Started process (PID=10486) to work on /home/airflow/.local/lib/python3.7/site-packages/airflow/example_dags/example_python_operator.py
[2023-07-10T01:55:28.231+0000] {processor.py:826} INFO - Processing file /home/airflow/.local/lib/python3.7/site-packages/airflow/example_dags/example_python_operator.py for tasks to queue
[2023-07-10T01:55:28.232+0000] {logging_mixin.py:149} INFO - [2023-07-10T01:55:28.232+0000] {dagbag.py:541} INFO - Filling up the DagBag from /home/airflow/.local/lib/python3.7/site-packages/airflow/example_dags/example_python_operator.py
[2023-07-10T01:55:28.241+0000] {processor.py:836} INFO - DAG(s) dict_keys(['example_python_operator']) retrieved from /home/airflow/.local/lib/python3.7/site-packages/airflow/example_dags/example_python_operator.py
[2023-07-10T01:55:28.275+0000] {logging_mixin.py:149} INFO - [2023-07-10T01:55:28.275+0000] {dag.py:2726} INFO - Sync 1 DAGs
[2023-07-10T01:55:28.298+0000] {logging_mixin.py:149} INFO - [2023-07-10T01:55:28.298+0000] {dag.py:3490} INFO - Setting next_dagrun for example_python_operator to None, run_after=None
[2023-07-10T01:55:28.315+0000] {processor.py:179} INFO - Processing /home/airflow/.local/lib/python3.7/site-packages/airflow/example_dags/example_python_operator.py took 0.087 seconds
[2023-07-10T01:55:58.890+0000] {processor.py:157} INFO - Started process (PID=10740) to work on /home/airflow/.local/lib/python3.7/site-packages/airflow/example_dags/example_python_operator.py
[2023-07-10T01:55:58.891+0000] {processor.py:826} INFO - Processing file /home/airflow/.local/lib/python3.7/site-packages/airflow/example_dags/example_python_operator.py for tasks to queue
[2023-07-10T01:55:58.892+0000] {logging_mixin.py:149} INFO - [2023-07-10T01:55:58.892+0000] {dagbag.py:541} INFO - Filling up the DagBag from /home/airflow/.local/lib/python3.7/site-packages/airflow/example_dags/example_python_operator.py
[2023-07-10T01:55:58.901+0000] {processor.py:836} INFO - DAG(s) dict_keys(['example_python_operator']) retrieved from /home/airflow/.local/lib/python3.7/site-packages/airflow/example_dags/example_python_operator.py
[2023-07-10T01:55:58.925+0000] {logging_mixin.py:149} INFO - [2023-07-10T01:55:58.925+0000] {dag.py:2726} INFO - Sync 1 DAGs
[2023-07-10T01:55:58.951+0000] {logging_mixin.py:149} INFO - [2023-07-10T01:55:58.951+0000] {dag.py:3490} INFO - Setting next_dagrun for example_python_operator to None, run_after=None
[2023-07-10T01:55:58.970+0000] {processor.py:179} INFO - Processing /home/airflow/.local/lib/python3.7/site-packages/airflow/example_dags/example_python_operator.py took 0.082 seconds
[2023-07-10T01:56:29.547+0000] {processor.py:157} INFO - Started process (PID=10999) to work on /home/airflow/.local/lib/python3.7/site-packages/airflow/example_dags/example_python_operator.py
[2023-07-10T01:56:29.548+0000] {processor.py:826} INFO - Processing file /home/airflow/.local/lib/python3.7/site-packages/airflow/example_dags/example_python_operator.py for tasks to queue
[2023-07-10T01:56:29.549+0000] {logging_mixin.py:149} INFO - [2023-07-10T01:56:29.549+0000] {dagbag.py:541} INFO - Filling up the DagBag from /home/airflow/.local/lib/python3.7/site-packages/airflow/example_dags/example_python_operator.py
[2023-07-10T01:56:29.557+0000] {processor.py:836} INFO - DAG(s) dict_keys(['example_python_operator']) retrieved from /home/airflow/.local/lib/python3.7/site-packages/airflow/example_dags/example_python_operator.py
[2023-07-10T01:56:29.579+0000] {logging_mixin.py:149} INFO - [2023-07-10T01:56:29.579+0000] {dag.py:2726} INFO - Sync 1 DAGs
[2023-07-10T01:56:29.599+0000] {logging_mixin.py:149} INFO - [2023-07-10T01:56:29.599+0000] {dag.py:3490} INFO - Setting next_dagrun for example_python_operator to None, run_after=None
[2023-07-10T01:56:29.626+0000] {processor.py:179} INFO - Processing /home/airflow/.local/lib/python3.7/site-packages/airflow/example_dags/example_python_operator.py took 0.081 seconds
[2023-07-10T01:57:00.234+0000] {processor.py:157} INFO - Started process (PID=11253) to work on /home/airflow/.local/lib/python3.7/site-packages/airflow/example_dags/example_python_operator.py
[2023-07-10T01:57:00.235+0000] {processor.py:826} INFO - Processing file /home/airflow/.local/lib/python3.7/site-packages/airflow/example_dags/example_python_operator.py for tasks to queue
[2023-07-10T01:57:00.236+0000] {logging_mixin.py:149} INFO - [2023-07-10T01:57:00.235+0000] {dagbag.py:541} INFO - Filling up the DagBag from /home/airflow/.local/lib/python3.7/site-packages/airflow/example_dags/example_python_operator.py
[2023-07-10T01:57:00.244+0000] {processor.py:836} INFO - DAG(s) dict_keys(['example_python_operator']) retrieved from /home/airflow/.local/lib/python3.7/site-packages/airflow/example_dags/example_python_operator.py
[2023-07-10T01:57:00.265+0000] {logging_mixin.py:149} INFO - [2023-07-10T01:57:00.265+0000] {dag.py:2726} INFO - Sync 1 DAGs
[2023-07-10T01:57:00.285+0000] {logging_mixin.py:149} INFO - [2023-07-10T01:57:00.285+0000] {dag.py:3490} INFO - Setting next_dagrun for example_python_operator to None, run_after=None
[2023-07-10T01:57:00.303+0000] {processor.py:179} INFO - Processing /home/airflow/.local/lib/python3.7/site-packages/airflow/example_dags/example_python_operator.py took 0.072 seconds
[2023-07-10T01:57:30.373+0000] {processor.py:157} INFO - Started process (PID=11507) to work on /home/airflow/.local/lib/python3.7/site-packages/airflow/example_dags/example_python_operator.py
[2023-07-10T01:57:30.374+0000] {processor.py:826} INFO - Processing file /home/airflow/.local/lib/python3.7/site-packages/airflow/example_dags/example_python_operator.py for tasks to queue
[2023-07-10T01:57:30.375+0000] {logging_mixin.py:149} INFO - [2023-07-10T01:57:30.375+0000] {dagbag.py:541} INFO - Filling up the DagBag from /home/airflow/.local/lib/python3.7/site-packages/airflow/example_dags/example_python_operator.py
[2023-07-10T01:57:30.384+0000] {processor.py:836} INFO - DAG(s) dict_keys(['example_python_operator']) retrieved from /home/airflow/.local/lib/python3.7/site-packages/airflow/example_dags/example_python_operator.py
[2023-07-10T01:57:30.408+0000] {logging_mixin.py:149} INFO - [2023-07-10T01:57:30.408+0000] {dag.py:2726} INFO - Sync 1 DAGs
[2023-07-10T01:57:30.430+0000] {logging_mixin.py:149} INFO - [2023-07-10T01:57:30.429+0000] {dag.py:3490} INFO - Setting next_dagrun for example_python_operator to None, run_after=None
[2023-07-10T01:57:30.446+0000] {processor.py:179} INFO - Processing /home/airflow/.local/lib/python3.7/site-packages/airflow/example_dags/example_python_operator.py took 0.077 seconds
[2023-07-10T01:58:00.664+0000] {processor.py:157} INFO - Started process (PID=11761) to work on /home/airflow/.local/lib/python3.7/site-packages/airflow/example_dags/example_python_operator.py
[2023-07-10T01:58:00.665+0000] {processor.py:826} INFO - Processing file /home/airflow/.local/lib/python3.7/site-packages/airflow/example_dags/example_python_operator.py for tasks to queue
[2023-07-10T01:58:00.666+0000] {logging_mixin.py:149} INFO - [2023-07-10T01:58:00.666+0000] {dagbag.py:541} INFO - Filling up the DagBag from /home/airflow/.local/lib/python3.7/site-packages/airflow/example_dags/example_python_operator.py
[2023-07-10T01:58:00.674+0000] {processor.py:836} INFO - DAG(s) dict_keys(['example_python_operator']) retrieved from /home/airflow/.local/lib/python3.7/site-packages/airflow/example_dags/example_python_operator.py
[2023-07-10T01:58:00.696+0000] {logging_mixin.py:149} INFO - [2023-07-10T01:58:00.696+0000] {dag.py:2726} INFO - Sync 1 DAGs
[2023-07-10T01:58:00.715+0000] {logging_mixin.py:149} INFO - [2023-07-10T01:58:00.715+0000] {dag.py:3490} INFO - Setting next_dagrun for example_python_operator to None, run_after=None
[2023-07-10T01:58:00.731+0000] {processor.py:179} INFO - Processing /home/airflow/.local/lib/python3.7/site-packages/airflow/example_dags/example_python_operator.py took 0.070 seconds
[2023-07-10T01:58:31.367+0000] {processor.py:157} INFO - Started process (PID=12015) to work on /home/airflow/.local/lib/python3.7/site-packages/airflow/example_dags/example_python_operator.py
[2023-07-10T01:58:31.368+0000] {processor.py:826} INFO - Processing file /home/airflow/.local/lib/python3.7/site-packages/airflow/example_dags/example_python_operator.py for tasks to queue
[2023-07-10T01:58:31.369+0000] {logging_mixin.py:149} INFO - [2023-07-10T01:58:31.368+0000] {dagbag.py:541} INFO - Filling up the DagBag from /home/airflow/.local/lib/python3.7/site-packages/airflow/example_dags/example_python_operator.py
[2023-07-10T01:58:31.377+0000] {processor.py:836} INFO - DAG(s) dict_keys(['example_python_operator']) retrieved from /home/airflow/.local/lib/python3.7/site-packages/airflow/example_dags/example_python_operator.py
[2023-07-10T01:58:31.399+0000] {logging_mixin.py:149} INFO - [2023-07-10T01:58:31.399+0000] {dag.py:2726} INFO - Sync 1 DAGs
[2023-07-10T01:58:31.419+0000] {logging_mixin.py:149} INFO - [2023-07-10T01:58:31.419+0000] {dag.py:3490} INFO - Setting next_dagrun for example_python_operator to None, run_after=None
[2023-07-10T01:58:31.447+0000] {processor.py:179} INFO - Processing /home/airflow/.local/lib/python3.7/site-packages/airflow/example_dags/example_python_operator.py took 0.083 seconds
[2023-07-10T01:59:02.064+0000] {processor.py:157} INFO - Started process (PID=12269) to work on /home/airflow/.local/lib/python3.7/site-packages/airflow/example_dags/example_python_operator.py
[2023-07-10T01:59:02.065+0000] {processor.py:826} INFO - Processing file /home/airflow/.local/lib/python3.7/site-packages/airflow/example_dags/example_python_operator.py for tasks to queue
[2023-07-10T01:59:02.065+0000] {logging_mixin.py:149} INFO - [2023-07-10T01:59:02.065+0000] {dagbag.py:541} INFO - Filling up the DagBag from /home/airflow/.local/lib/python3.7/site-packages/airflow/example_dags/example_python_operator.py
[2023-07-10T01:59:02.074+0000] {processor.py:836} INFO - DAG(s) dict_keys(['example_python_operator']) retrieved from /home/airflow/.local/lib/python3.7/site-packages/airflow/example_dags/example_python_operator.py
[2023-07-10T01:59:02.096+0000] {logging_mixin.py:149} INFO - [2023-07-10T01:59:02.096+0000] {dag.py:2726} INFO - Sync 1 DAGs
[2023-07-10T01:59:02.116+0000] {logging_mixin.py:149} INFO - [2023-07-10T01:59:02.116+0000] {dag.py:3490} INFO - Setting next_dagrun for example_python_operator to None, run_after=None
[2023-07-10T01:59:02.137+0000] {processor.py:179} INFO - Processing /home/airflow/.local/lib/python3.7/site-packages/airflow/example_dags/example_python_operator.py took 0.075 seconds
