[2023-07-10T01:34:37.951+0000] {processor.py:157} INFO - Started process (PID=262) to work on /home/airflow/.local/lib/python3.7/site-packages/airflow/example_dags/example_dag_decorator.py
[2023-07-10T01:34:37.952+0000] {processor.py:826} INFO - Processing file /home/airflow/.local/lib/python3.7/site-packages/airflow/example_dags/example_dag_decorator.py for tasks to queue
[2023-07-10T01:34:37.953+0000] {logging_mixin.py:149} INFO - [2023-07-10T01:34:37.953+0000] {dagbag.py:541} INFO - Filling up the DagBag from /home/airflow/.local/lib/python3.7/site-packages/airflow/example_dags/example_dag_decorator.py
[2023-07-10T01:34:37.965+0000] {processor.py:836} INFO - DAG(s) dict_keys(['example_dag_decorator']) retrieved from /home/airflow/.local/lib/python3.7/site-packages/airflow/example_dags/example_dag_decorator.py
[2023-07-10T01:34:38.075+0000] {logging_mixin.py:149} INFO - [2023-07-10T01:34:38.074+0000] {dag.py:2726} INFO - Sync 1 DAGs
[2023-07-10T01:34:38.094+0000] {logging_mixin.py:149} INFO - [2023-07-10T01:34:38.094+0000] {dag.py:3490} INFO - Setting next_dagrun for example_dag_decorator to None, run_after=None
[2023-07-10T01:34:38.112+0000] {processor.py:179} INFO - Processing /home/airflow/.local/lib/python3.7/site-packages/airflow/example_dags/example_dag_decorator.py took 0.164 seconds
[2023-07-10T01:35:08.947+0000] {processor.py:157} INFO - Started process (PID=512) to work on /home/airflow/.local/lib/python3.7/site-packages/airflow/example_dags/example_dag_decorator.py
[2023-07-10T01:35:08.948+0000] {processor.py:826} INFO - Processing file /home/airflow/.local/lib/python3.7/site-packages/airflow/example_dags/example_dag_decorator.py for tasks to queue
[2023-07-10T01:35:08.949+0000] {logging_mixin.py:149} INFO - [2023-07-10T01:35:08.949+0000] {dagbag.py:541} INFO - Filling up the DagBag from /home/airflow/.local/lib/python3.7/site-packages/airflow/example_dags/example_dag_decorator.py
[2023-07-10T01:35:08.959+0000] {processor.py:836} INFO - DAG(s) dict_keys(['example_dag_decorator']) retrieved from /home/airflow/.local/lib/python3.7/site-packages/airflow/example_dags/example_dag_decorator.py
[2023-07-10T01:35:09.143+0000] {logging_mixin.py:149} INFO - [2023-07-10T01:35:09.142+0000] {dag.py:2726} INFO - Sync 1 DAGs
[2023-07-10T01:35:09.160+0000] {logging_mixin.py:149} INFO - [2023-07-10T01:35:09.160+0000] {dag.py:3490} INFO - Setting next_dagrun for example_dag_decorator to None, run_after=None
[2023-07-10T01:35:09.177+0000] {processor.py:179} INFO - Processing /home/airflow/.local/lib/python3.7/site-packages/airflow/example_dags/example_dag_decorator.py took 0.232 seconds
[2023-07-10T01:35:40.058+0000] {processor.py:157} INFO - Started process (PID=761) to work on /home/airflow/.local/lib/python3.7/site-packages/airflow/example_dags/example_dag_decorator.py
[2023-07-10T01:35:40.059+0000] {processor.py:826} INFO - Processing file /home/airflow/.local/lib/python3.7/site-packages/airflow/example_dags/example_dag_decorator.py for tasks to queue
[2023-07-10T01:35:40.060+0000] {logging_mixin.py:149} INFO - [2023-07-10T01:35:40.059+0000] {dagbag.py:541} INFO - Filling up the DagBag from /home/airflow/.local/lib/python3.7/site-packages/airflow/example_dags/example_dag_decorator.py
[2023-07-10T01:35:40.071+0000] {processor.py:836} INFO - DAG(s) dict_keys(['example_dag_decorator']) retrieved from /home/airflow/.local/lib/python3.7/site-packages/airflow/example_dags/example_dag_decorator.py
[2023-07-10T01:35:40.263+0000] {logging_mixin.py:149} INFO - [2023-07-10T01:35:40.263+0000] {dag.py:2726} INFO - Sync 1 DAGs
[2023-07-10T01:35:40.281+0000] {logging_mixin.py:149} INFO - [2023-07-10T01:35:40.281+0000] {dag.py:3490} INFO - Setting next_dagrun for example_dag_decorator to None, run_after=None
[2023-07-10T01:35:40.297+0000] {processor.py:179} INFO - Processing /home/airflow/.local/lib/python3.7/site-packages/airflow/example_dags/example_dag_decorator.py took 0.243 seconds
[2023-07-10T01:36:11.333+0000] {processor.py:157} INFO - Started process (PID=1010) to work on /home/airflow/.local/lib/python3.7/site-packages/airflow/example_dags/example_dag_decorator.py
[2023-07-10T01:36:11.334+0000] {processor.py:826} INFO - Processing file /home/airflow/.local/lib/python3.7/site-packages/airflow/example_dags/example_dag_decorator.py for tasks to queue
[2023-07-10T01:36:11.335+0000] {logging_mixin.py:149} INFO - [2023-07-10T01:36:11.334+0000] {dagbag.py:541} INFO - Filling up the DagBag from /home/airflow/.local/lib/python3.7/site-packages/airflow/example_dags/example_dag_decorator.py
[2023-07-10T01:36:11.417+0000] {processor.py:836} INFO - DAG(s) dict_keys(['example_dag_decorator']) retrieved from /home/airflow/.local/lib/python3.7/site-packages/airflow/example_dags/example_dag_decorator.py
[2023-07-10T01:36:11.510+0000] {logging_mixin.py:149} INFO - [2023-07-10T01:36:11.510+0000] {dag.py:2726} INFO - Sync 1 DAGs
[2023-07-10T01:36:11.528+0000] {logging_mixin.py:149} INFO - [2023-07-10T01:36:11.528+0000] {dag.py:3490} INFO - Setting next_dagrun for example_dag_decorator to None, run_after=None
[2023-07-10T01:36:11.546+0000] {processor.py:179} INFO - Processing /home/airflow/.local/lib/python3.7/site-packages/airflow/example_dags/example_dag_decorator.py took 0.215 seconds
[2023-07-10T01:36:42.353+0000] {processor.py:157} INFO - Started process (PID=1261) to work on /home/airflow/.local/lib/python3.7/site-packages/airflow/example_dags/example_dag_decorator.py
[2023-07-10T01:36:42.354+0000] {processor.py:826} INFO - Processing file /home/airflow/.local/lib/python3.7/site-packages/airflow/example_dags/example_dag_decorator.py for tasks to queue
[2023-07-10T01:36:42.355+0000] {logging_mixin.py:149} INFO - [2023-07-10T01:36:42.355+0000] {dagbag.py:541} INFO - Filling up the DagBag from /home/airflow/.local/lib/python3.7/site-packages/airflow/example_dags/example_dag_decorator.py
[2023-07-10T01:36:42.367+0000] {processor.py:836} INFO - DAG(s) dict_keys(['example_dag_decorator']) retrieved from /home/airflow/.local/lib/python3.7/site-packages/airflow/example_dags/example_dag_decorator.py
[2023-07-10T01:36:42.468+0000] {logging_mixin.py:149} INFO - [2023-07-10T01:36:42.467+0000] {dag.py:2726} INFO - Sync 1 DAGs
[2023-07-10T01:36:42.487+0000] {logging_mixin.py:149} INFO - [2023-07-10T01:36:42.487+0000] {dag.py:3490} INFO - Setting next_dagrun for example_dag_decorator to None, run_after=None
[2023-07-10T01:36:42.503+0000] {processor.py:179} INFO - Processing /home/airflow/.local/lib/python3.7/site-packages/airflow/example_dags/example_dag_decorator.py took 0.152 seconds
[2023-07-10T01:37:12.592+0000] {processor.py:157} INFO - Started process (PID=1513) to work on /home/airflow/.local/lib/python3.7/site-packages/airflow/example_dags/example_dag_decorator.py
[2023-07-10T01:37:12.593+0000] {processor.py:826} INFO - Processing file /home/airflow/.local/lib/python3.7/site-packages/airflow/example_dags/example_dag_decorator.py for tasks to queue
[2023-07-10T01:37:12.594+0000] {logging_mixin.py:149} INFO - [2023-07-10T01:37:12.594+0000] {dagbag.py:541} INFO - Filling up the DagBag from /home/airflow/.local/lib/python3.7/site-packages/airflow/example_dags/example_dag_decorator.py
[2023-07-10T01:37:12.606+0000] {processor.py:836} INFO - DAG(s) dict_keys(['example_dag_decorator']) retrieved from /home/airflow/.local/lib/python3.7/site-packages/airflow/example_dags/example_dag_decorator.py
[2023-07-10T01:37:12.710+0000] {logging_mixin.py:149} INFO - [2023-07-10T01:37:12.710+0000] {dag.py:2726} INFO - Sync 1 DAGs
[2023-07-10T01:37:12.730+0000] {logging_mixin.py:149} INFO - [2023-07-10T01:37:12.730+0000] {dag.py:3490} INFO - Setting next_dagrun for example_dag_decorator to None, run_after=None
[2023-07-10T01:37:12.750+0000] {processor.py:179} INFO - Processing /home/airflow/.local/lib/python3.7/site-packages/airflow/example_dags/example_dag_decorator.py took 0.161 seconds
[2023-07-10T01:37:42.885+0000] {processor.py:157} INFO - Started process (PID=1767) to work on /home/airflow/.local/lib/python3.7/site-packages/airflow/example_dags/example_dag_decorator.py
[2023-07-10T01:37:42.887+0000] {processor.py:826} INFO - Processing file /home/airflow/.local/lib/python3.7/site-packages/airflow/example_dags/example_dag_decorator.py for tasks to queue
[2023-07-10T01:37:42.888+0000] {logging_mixin.py:149} INFO - [2023-07-10T01:37:42.887+0000] {dagbag.py:541} INFO - Filling up the DagBag from /home/airflow/.local/lib/python3.7/site-packages/airflow/example_dags/example_dag_decorator.py
[2023-07-10T01:37:42.900+0000] {processor.py:836} INFO - DAG(s) dict_keys(['example_dag_decorator']) retrieved from /home/airflow/.local/lib/python3.7/site-packages/airflow/example_dags/example_dag_decorator.py
[2023-07-10T01:37:43.007+0000] {logging_mixin.py:149} INFO - [2023-07-10T01:37:43.007+0000] {dag.py:2726} INFO - Sync 1 DAGs
[2023-07-10T01:37:43.027+0000] {logging_mixin.py:149} INFO - [2023-07-10T01:37:43.027+0000] {dag.py:3490} INFO - Setting next_dagrun for example_dag_decorator to None, run_after=None
[2023-07-10T01:37:43.045+0000] {processor.py:179} INFO - Processing /home/airflow/.local/lib/python3.7/site-packages/airflow/example_dags/example_dag_decorator.py took 0.163 seconds
[2023-07-10T01:38:13.227+0000] {processor.py:157} INFO - Started process (PID=2013) to work on /home/airflow/.local/lib/python3.7/site-packages/airflow/example_dags/example_dag_decorator.py
[2023-07-10T01:38:13.228+0000] {processor.py:826} INFO - Processing file /home/airflow/.local/lib/python3.7/site-packages/airflow/example_dags/example_dag_decorator.py for tasks to queue
[2023-07-10T01:38:13.229+0000] {logging_mixin.py:149} INFO - [2023-07-10T01:38:13.229+0000] {dagbag.py:541} INFO - Filling up the DagBag from /home/airflow/.local/lib/python3.7/site-packages/airflow/example_dags/example_dag_decorator.py
[2023-07-10T01:38:13.248+0000] {processor.py:836} INFO - DAG(s) dict_keys(['example_dag_decorator']) retrieved from /home/airflow/.local/lib/python3.7/site-packages/airflow/example_dags/example_dag_decorator.py
[2023-07-10T01:38:13.361+0000] {logging_mixin.py:149} INFO - [2023-07-10T01:38:13.361+0000] {dag.py:2726} INFO - Sync 1 DAGs
[2023-07-10T01:38:13.381+0000] {logging_mixin.py:149} INFO - [2023-07-10T01:38:13.381+0000] {dag.py:3490} INFO - Setting next_dagrun for example_dag_decorator to None, run_after=None
[2023-07-10T01:38:13.399+0000] {processor.py:179} INFO - Processing /home/airflow/.local/lib/python3.7/site-packages/airflow/example_dags/example_dag_decorator.py took 0.175 seconds
[2023-07-10T01:38:44.030+0000] {processor.py:157} INFO - Started process (PID=2255) to work on /home/airflow/.local/lib/python3.7/site-packages/airflow/example_dags/example_dag_decorator.py
[2023-07-10T01:38:44.031+0000] {processor.py:826} INFO - Processing file /home/airflow/.local/lib/python3.7/site-packages/airflow/example_dags/example_dag_decorator.py for tasks to queue
[2023-07-10T01:38:44.032+0000] {logging_mixin.py:149} INFO - [2023-07-10T01:38:44.032+0000] {dagbag.py:541} INFO - Filling up the DagBag from /home/airflow/.local/lib/python3.7/site-packages/airflow/example_dags/example_dag_decorator.py
[2023-07-10T01:38:44.043+0000] {processor.py:836} INFO - DAG(s) dict_keys(['example_dag_decorator']) retrieved from /home/airflow/.local/lib/python3.7/site-packages/airflow/example_dags/example_dag_decorator.py
[2023-07-10T01:38:44.055+0000] {logging_mixin.py:149} INFO - [2023-07-10T01:38:44.055+0000] {dag.py:2726} INFO - Sync 1 DAGs
[2023-07-10T01:38:44.078+0000] {logging_mixin.py:149} INFO - [2023-07-10T01:38:44.078+0000] {dag.py:3490} INFO - Setting next_dagrun for example_dag_decorator to None, run_after=None
[2023-07-10T01:38:44.097+0000] {processor.py:179} INFO - Processing /home/airflow/.local/lib/python3.7/site-packages/airflow/example_dags/example_dag_decorator.py took 0.070 seconds
[2023-07-10T01:39:14.564+0000] {processor.py:157} INFO - Started process (PID=2506) to work on /home/airflow/.local/lib/python3.7/site-packages/airflow/example_dags/example_dag_decorator.py
[2023-07-10T01:39:14.564+0000] {processor.py:826} INFO - Processing file /home/airflow/.local/lib/python3.7/site-packages/airflow/example_dags/example_dag_decorator.py for tasks to queue
[2023-07-10T01:39:14.565+0000] {logging_mixin.py:149} INFO - [2023-07-10T01:39:14.565+0000] {dagbag.py:541} INFO - Filling up the DagBag from /home/airflow/.local/lib/python3.7/site-packages/airflow/example_dags/example_dag_decorator.py
[2023-07-10T01:39:14.576+0000] {processor.py:836} INFO - DAG(s) dict_keys(['example_dag_decorator']) retrieved from /home/airflow/.local/lib/python3.7/site-packages/airflow/example_dags/example_dag_decorator.py
[2023-07-10T01:39:14.677+0000] {logging_mixin.py:149} INFO - [2023-07-10T01:39:14.677+0000] {dag.py:2726} INFO - Sync 1 DAGs
[2023-07-10T01:39:14.697+0000] {logging_mixin.py:149} INFO - [2023-07-10T01:39:14.696+0000] {dag.py:3490} INFO - Setting next_dagrun for example_dag_decorator to None, run_after=None
[2023-07-10T01:39:14.715+0000] {processor.py:179} INFO - Processing /home/airflow/.local/lib/python3.7/site-packages/airflow/example_dags/example_dag_decorator.py took 0.154 seconds
[2023-07-10T01:39:45.740+0000] {processor.py:157} INFO - Started process (PID=2753) to work on /home/airflow/.local/lib/python3.7/site-packages/airflow/example_dags/example_dag_decorator.py
[2023-07-10T01:39:45.741+0000] {processor.py:826} INFO - Processing file /home/airflow/.local/lib/python3.7/site-packages/airflow/example_dags/example_dag_decorator.py for tasks to queue
[2023-07-10T01:39:45.742+0000] {logging_mixin.py:149} INFO - [2023-07-10T01:39:45.741+0000] {dagbag.py:541} INFO - Filling up the DagBag from /home/airflow/.local/lib/python3.7/site-packages/airflow/example_dags/example_dag_decorator.py
[2023-07-10T01:39:45.753+0000] {processor.py:836} INFO - DAG(s) dict_keys(['example_dag_decorator']) retrieved from /home/airflow/.local/lib/python3.7/site-packages/airflow/example_dags/example_dag_decorator.py
[2023-07-10T01:39:45.851+0000] {logging_mixin.py:149} INFO - [2023-07-10T01:39:45.851+0000] {dag.py:2726} INFO - Sync 1 DAGs
[2023-07-10T01:39:45.869+0000] {logging_mixin.py:149} INFO - [2023-07-10T01:39:45.869+0000] {dag.py:3490} INFO - Setting next_dagrun for example_dag_decorator to None, run_after=None
[2023-07-10T01:39:45.886+0000] {processor.py:179} INFO - Processing /home/airflow/.local/lib/python3.7/site-packages/airflow/example_dags/example_dag_decorator.py took 0.149 seconds
[2023-07-10T01:40:16.842+0000] {processor.py:157} INFO - Started process (PID=3002) to work on /home/airflow/.local/lib/python3.7/site-packages/airflow/example_dags/example_dag_decorator.py
[2023-07-10T01:40:16.843+0000] {processor.py:826} INFO - Processing file /home/airflow/.local/lib/python3.7/site-packages/airflow/example_dags/example_dag_decorator.py for tasks to queue
[2023-07-10T01:40:16.844+0000] {logging_mixin.py:149} INFO - [2023-07-10T01:40:16.844+0000] {dagbag.py:541} INFO - Filling up the DagBag from /home/airflow/.local/lib/python3.7/site-packages/airflow/example_dags/example_dag_decorator.py
[2023-07-10T01:40:16.855+0000] {processor.py:836} INFO - DAG(s) dict_keys(['example_dag_decorator']) retrieved from /home/airflow/.local/lib/python3.7/site-packages/airflow/example_dags/example_dag_decorator.py
[2023-07-10T01:40:16.957+0000] {logging_mixin.py:149} INFO - [2023-07-10T01:40:16.957+0000] {dag.py:2726} INFO - Sync 1 DAGs
[2023-07-10T01:40:16.977+0000] {logging_mixin.py:149} INFO - [2023-07-10T01:40:16.977+0000] {dag.py:3490} INFO - Setting next_dagrun for example_dag_decorator to None, run_after=None
[2023-07-10T01:40:16.995+0000] {processor.py:179} INFO - Processing /home/airflow/.local/lib/python3.7/site-packages/airflow/example_dags/example_dag_decorator.py took 0.156 seconds
[2023-07-10T01:40:47.320+0000] {processor.py:157} INFO - Started process (PID=3251) to work on /home/airflow/.local/lib/python3.7/site-packages/airflow/example_dags/example_dag_decorator.py
[2023-07-10T01:40:47.321+0000] {processor.py:826} INFO - Processing file /home/airflow/.local/lib/python3.7/site-packages/airflow/example_dags/example_dag_decorator.py for tasks to queue
[2023-07-10T01:40:47.322+0000] {logging_mixin.py:149} INFO - [2023-07-10T01:40:47.322+0000] {dagbag.py:541} INFO - Filling up the DagBag from /home/airflow/.local/lib/python3.7/site-packages/airflow/example_dags/example_dag_decorator.py
[2023-07-10T01:40:47.336+0000] {processor.py:836} INFO - DAG(s) dict_keys(['example_dag_decorator']) retrieved from /home/airflow/.local/lib/python3.7/site-packages/airflow/example_dags/example_dag_decorator.py
[2023-07-10T01:40:47.453+0000] {logging_mixin.py:149} INFO - [2023-07-10T01:40:47.453+0000] {dag.py:2726} INFO - Sync 1 DAGs
[2023-07-10T01:40:47.479+0000] {logging_mixin.py:149} INFO - [2023-07-10T01:40:47.478+0000] {dag.py:3490} INFO - Setting next_dagrun for example_dag_decorator to None, run_after=None
[2023-07-10T01:40:47.510+0000] {processor.py:179} INFO - Processing /home/airflow/.local/lib/python3.7/site-packages/airflow/example_dags/example_dag_decorator.py took 0.194 seconds
[2023-07-10T01:41:18.030+0000] {processor.py:157} INFO - Started process (PID=3500) to work on /home/airflow/.local/lib/python3.7/site-packages/airflow/example_dags/example_dag_decorator.py
[2023-07-10T01:41:18.031+0000] {processor.py:826} INFO - Processing file /home/airflow/.local/lib/python3.7/site-packages/airflow/example_dags/example_dag_decorator.py for tasks to queue
[2023-07-10T01:41:18.032+0000] {logging_mixin.py:149} INFO - [2023-07-10T01:41:18.032+0000] {dagbag.py:541} INFO - Filling up the DagBag from /home/airflow/.local/lib/python3.7/site-packages/airflow/example_dags/example_dag_decorator.py
[2023-07-10T01:41:18.043+0000] {processor.py:836} INFO - DAG(s) dict_keys(['example_dag_decorator']) retrieved from /home/airflow/.local/lib/python3.7/site-packages/airflow/example_dags/example_dag_decorator.py
[2023-07-10T01:41:18.146+0000] {logging_mixin.py:149} INFO - [2023-07-10T01:41:18.146+0000] {dag.py:2726} INFO - Sync 1 DAGs
[2023-07-10T01:41:18.165+0000] {logging_mixin.py:149} INFO - [2023-07-10T01:41:18.165+0000] {dag.py:3490} INFO - Setting next_dagrun for example_dag_decorator to None, run_after=None
[2023-07-10T01:41:18.183+0000] {processor.py:179} INFO - Processing /home/airflow/.local/lib/python3.7/site-packages/airflow/example_dags/example_dag_decorator.py took 0.156 seconds
[2023-07-10T01:41:48.769+0000] {processor.py:157} INFO - Started process (PID=3749) to work on /home/airflow/.local/lib/python3.7/site-packages/airflow/example_dags/example_dag_decorator.py
[2023-07-10T01:41:48.770+0000] {processor.py:826} INFO - Processing file /home/airflow/.local/lib/python3.7/site-packages/airflow/example_dags/example_dag_decorator.py for tasks to queue
[2023-07-10T01:41:48.770+0000] {logging_mixin.py:149} INFO - [2023-07-10T01:41:48.770+0000] {dagbag.py:541} INFO - Filling up the DagBag from /home/airflow/.local/lib/python3.7/site-packages/airflow/example_dags/example_dag_decorator.py
[2023-07-10T01:41:48.782+0000] {processor.py:836} INFO - DAG(s) dict_keys(['example_dag_decorator']) retrieved from /home/airflow/.local/lib/python3.7/site-packages/airflow/example_dags/example_dag_decorator.py
[2023-07-10T01:41:48.883+0000] {logging_mixin.py:149} INFO - [2023-07-10T01:41:48.883+0000] {dag.py:2726} INFO - Sync 1 DAGs
[2023-07-10T01:41:48.902+0000] {logging_mixin.py:149} INFO - [2023-07-10T01:41:48.901+0000] {dag.py:3490} INFO - Setting next_dagrun for example_dag_decorator to None, run_after=None
[2023-07-10T01:41:48.921+0000] {processor.py:179} INFO - Processing /home/airflow/.local/lib/python3.7/site-packages/airflow/example_dags/example_dag_decorator.py took 0.155 seconds
[2023-07-10T01:42:19.352+0000] {processor.py:157} INFO - Started process (PID=3998) to work on /home/airflow/.local/lib/python3.7/site-packages/airflow/example_dags/example_dag_decorator.py
[2023-07-10T01:42:19.353+0000] {processor.py:826} INFO - Processing file /home/airflow/.local/lib/python3.7/site-packages/airflow/example_dags/example_dag_decorator.py for tasks to queue
[2023-07-10T01:42:19.353+0000] {logging_mixin.py:149} INFO - [2023-07-10T01:42:19.353+0000] {dagbag.py:541} INFO - Filling up the DagBag from /home/airflow/.local/lib/python3.7/site-packages/airflow/example_dags/example_dag_decorator.py
[2023-07-10T01:42:19.365+0000] {processor.py:836} INFO - DAG(s) dict_keys(['example_dag_decorator']) retrieved from /home/airflow/.local/lib/python3.7/site-packages/airflow/example_dags/example_dag_decorator.py
[2023-07-10T01:42:19.466+0000] {logging_mixin.py:149} INFO - [2023-07-10T01:42:19.466+0000] {dag.py:2726} INFO - Sync 1 DAGs
[2023-07-10T01:42:19.486+0000] {logging_mixin.py:149} INFO - [2023-07-10T01:42:19.486+0000] {dag.py:3490} INFO - Setting next_dagrun for example_dag_decorator to None, run_after=None
[2023-07-10T01:42:19.504+0000] {processor.py:179} INFO - Processing /home/airflow/.local/lib/python3.7/site-packages/airflow/example_dags/example_dag_decorator.py took 0.155 seconds
[2023-07-10T01:42:49.943+0000] {processor.py:157} INFO - Started process (PID=4247) to work on /home/airflow/.local/lib/python3.7/site-packages/airflow/example_dags/example_dag_decorator.py
[2023-07-10T01:42:49.944+0000] {processor.py:826} INFO - Processing file /home/airflow/.local/lib/python3.7/site-packages/airflow/example_dags/example_dag_decorator.py for tasks to queue
[2023-07-10T01:42:49.945+0000] {logging_mixin.py:149} INFO - [2023-07-10T01:42:49.945+0000] {dagbag.py:541} INFO - Filling up the DagBag from /home/airflow/.local/lib/python3.7/site-packages/airflow/example_dags/example_dag_decorator.py
[2023-07-10T01:42:49.956+0000] {processor.py:836} INFO - DAG(s) dict_keys(['example_dag_decorator']) retrieved from /home/airflow/.local/lib/python3.7/site-packages/airflow/example_dags/example_dag_decorator.py
[2023-07-10T01:42:50.056+0000] {logging_mixin.py:149} INFO - [2023-07-10T01:42:50.056+0000] {dag.py:2726} INFO - Sync 1 DAGs
[2023-07-10T01:42:50.075+0000] {logging_mixin.py:149} INFO - [2023-07-10T01:42:50.075+0000] {dag.py:3490} INFO - Setting next_dagrun for example_dag_decorator to None, run_after=None
[2023-07-10T01:42:50.092+0000] {processor.py:179} INFO - Processing /home/airflow/.local/lib/python3.7/site-packages/airflow/example_dags/example_dag_decorator.py took 0.152 seconds
[2023-07-10T01:43:20.511+0000] {processor.py:157} INFO - Started process (PID=4496) to work on /home/airflow/.local/lib/python3.7/site-packages/airflow/example_dags/example_dag_decorator.py
[2023-07-10T01:43:20.511+0000] {processor.py:826} INFO - Processing file /home/airflow/.local/lib/python3.7/site-packages/airflow/example_dags/example_dag_decorator.py for tasks to queue
[2023-07-10T01:43:20.512+0000] {logging_mixin.py:149} INFO - [2023-07-10T01:43:20.512+0000] {dagbag.py:541} INFO - Filling up the DagBag from /home/airflow/.local/lib/python3.7/site-packages/airflow/example_dags/example_dag_decorator.py
[2023-07-10T01:43:20.523+0000] {processor.py:836} INFO - DAG(s) dict_keys(['example_dag_decorator']) retrieved from /home/airflow/.local/lib/python3.7/site-packages/airflow/example_dags/example_dag_decorator.py
[2023-07-10T01:43:20.620+0000] {logging_mixin.py:149} INFO - [2023-07-10T01:43:20.620+0000] {dag.py:2726} INFO - Sync 1 DAGs
[2023-07-10T01:43:20.637+0000] {logging_mixin.py:149} INFO - [2023-07-10T01:43:20.637+0000] {dag.py:3490} INFO - Setting next_dagrun for example_dag_decorator to None, run_after=None
[2023-07-10T01:43:20.653+0000] {processor.py:179} INFO - Processing /home/airflow/.local/lib/python3.7/site-packages/airflow/example_dags/example_dag_decorator.py took 0.145 seconds
[2023-07-10T01:43:51.010+0000] {processor.py:157} INFO - Started process (PID=4746) to work on /home/airflow/.local/lib/python3.7/site-packages/airflow/example_dags/example_dag_decorator.py
[2023-07-10T01:43:51.011+0000] {processor.py:826} INFO - Processing file /home/airflow/.local/lib/python3.7/site-packages/airflow/example_dags/example_dag_decorator.py for tasks to queue
[2023-07-10T01:43:51.012+0000] {logging_mixin.py:149} INFO - [2023-07-10T01:43:51.012+0000] {dagbag.py:541} INFO - Filling up the DagBag from /home/airflow/.local/lib/python3.7/site-packages/airflow/example_dags/example_dag_decorator.py
[2023-07-10T01:43:51.024+0000] {processor.py:836} INFO - DAG(s) dict_keys(['example_dag_decorator']) retrieved from /home/airflow/.local/lib/python3.7/site-packages/airflow/example_dags/example_dag_decorator.py
[2023-07-10T01:43:51.132+0000] {logging_mixin.py:149} INFO - [2023-07-10T01:43:51.132+0000] {dag.py:2726} INFO - Sync 1 DAGs
[2023-07-10T01:43:51.151+0000] {logging_mixin.py:149} INFO - [2023-07-10T01:43:51.151+0000] {dag.py:3490} INFO - Setting next_dagrun for example_dag_decorator to None, run_after=None
[2023-07-10T01:43:51.169+0000] {processor.py:179} INFO - Processing /home/airflow/.local/lib/python3.7/site-packages/airflow/example_dags/example_dag_decorator.py took 0.161 seconds
[2023-07-10T01:44:21.741+0000] {processor.py:157} INFO - Started process (PID=4995) to work on /home/airflow/.local/lib/python3.7/site-packages/airflow/example_dags/example_dag_decorator.py
[2023-07-10T01:44:21.742+0000] {processor.py:826} INFO - Processing file /home/airflow/.local/lib/python3.7/site-packages/airflow/example_dags/example_dag_decorator.py for tasks to queue
[2023-07-10T01:44:21.743+0000] {logging_mixin.py:149} INFO - [2023-07-10T01:44:21.743+0000] {dagbag.py:541} INFO - Filling up the DagBag from /home/airflow/.local/lib/python3.7/site-packages/airflow/example_dags/example_dag_decorator.py
[2023-07-10T01:44:21.754+0000] {processor.py:836} INFO - DAG(s) dict_keys(['example_dag_decorator']) retrieved from /home/airflow/.local/lib/python3.7/site-packages/airflow/example_dags/example_dag_decorator.py
[2023-07-10T01:44:21.856+0000] {logging_mixin.py:149} INFO - [2023-07-10T01:44:21.856+0000] {dag.py:2726} INFO - Sync 1 DAGs
[2023-07-10T01:44:21.876+0000] {logging_mixin.py:149} INFO - [2023-07-10T01:44:21.876+0000] {dag.py:3490} INFO - Setting next_dagrun for example_dag_decorator to None, run_after=None
[2023-07-10T01:44:21.894+0000] {processor.py:179} INFO - Processing /home/airflow/.local/lib/python3.7/site-packages/airflow/example_dags/example_dag_decorator.py took 0.155 seconds
[2023-07-10T01:44:52.391+0000] {processor.py:157} INFO - Started process (PID=5244) to work on /home/airflow/.local/lib/python3.7/site-packages/airflow/example_dags/example_dag_decorator.py
[2023-07-10T01:44:52.392+0000] {processor.py:826} INFO - Processing file /home/airflow/.local/lib/python3.7/site-packages/airflow/example_dags/example_dag_decorator.py for tasks to queue
[2023-07-10T01:44:52.393+0000] {logging_mixin.py:149} INFO - [2023-07-10T01:44:52.393+0000] {dagbag.py:541} INFO - Filling up the DagBag from /home/airflow/.local/lib/python3.7/site-packages/airflow/example_dags/example_dag_decorator.py
[2023-07-10T01:44:52.404+0000] {processor.py:836} INFO - DAG(s) dict_keys(['example_dag_decorator']) retrieved from /home/airflow/.local/lib/python3.7/site-packages/airflow/example_dags/example_dag_decorator.py
[2023-07-10T01:44:52.504+0000] {logging_mixin.py:149} INFO - [2023-07-10T01:44:52.503+0000] {dag.py:2726} INFO - Sync 1 DAGs
[2023-07-10T01:44:52.522+0000] {logging_mixin.py:149} INFO - [2023-07-10T01:44:52.522+0000] {dag.py:3490} INFO - Setting next_dagrun for example_dag_decorator to None, run_after=None
[2023-07-10T01:44:52.539+0000] {processor.py:179} INFO - Processing /home/airflow/.local/lib/python3.7/site-packages/airflow/example_dags/example_dag_decorator.py took 0.150 seconds
[2023-07-10T01:45:22.954+0000] {processor.py:157} INFO - Started process (PID=5493) to work on /home/airflow/.local/lib/python3.7/site-packages/airflow/example_dags/example_dag_decorator.py
[2023-07-10T01:45:22.955+0000] {processor.py:826} INFO - Processing file /home/airflow/.local/lib/python3.7/site-packages/airflow/example_dags/example_dag_decorator.py for tasks to queue
[2023-07-10T01:45:22.956+0000] {logging_mixin.py:149} INFO - [2023-07-10T01:45:22.955+0000] {dagbag.py:541} INFO - Filling up the DagBag from /home/airflow/.local/lib/python3.7/site-packages/airflow/example_dags/example_dag_decorator.py
[2023-07-10T01:45:22.967+0000] {processor.py:836} INFO - DAG(s) dict_keys(['example_dag_decorator']) retrieved from /home/airflow/.local/lib/python3.7/site-packages/airflow/example_dags/example_dag_decorator.py
[2023-07-10T01:45:23.076+0000] {logging_mixin.py:149} INFO - [2023-07-10T01:45:23.076+0000] {dag.py:2726} INFO - Sync 1 DAGs
[2023-07-10T01:45:23.094+0000] {logging_mixin.py:149} INFO - [2023-07-10T01:45:23.094+0000] {dag.py:3490} INFO - Setting next_dagrun for example_dag_decorator to None, run_after=None
[2023-07-10T01:45:23.112+0000] {processor.py:179} INFO - Processing /home/airflow/.local/lib/python3.7/site-packages/airflow/example_dags/example_dag_decorator.py took 0.161 seconds
[2023-07-10T01:45:53.504+0000] {processor.py:157} INFO - Started process (PID=5742) to work on /home/airflow/.local/lib/python3.7/site-packages/airflow/example_dags/example_dag_decorator.py
[2023-07-10T01:45:53.505+0000] {processor.py:826} INFO - Processing file /home/airflow/.local/lib/python3.7/site-packages/airflow/example_dags/example_dag_decorator.py for tasks to queue
[2023-07-10T01:45:53.506+0000] {logging_mixin.py:149} INFO - [2023-07-10T01:45:53.506+0000] {dagbag.py:541} INFO - Filling up the DagBag from /home/airflow/.local/lib/python3.7/site-packages/airflow/example_dags/example_dag_decorator.py
[2023-07-10T01:45:53.518+0000] {processor.py:836} INFO - DAG(s) dict_keys(['example_dag_decorator']) retrieved from /home/airflow/.local/lib/python3.7/site-packages/airflow/example_dags/example_dag_decorator.py
[2023-07-10T01:45:53.620+0000] {logging_mixin.py:149} INFO - [2023-07-10T01:45:53.620+0000] {dag.py:2726} INFO - Sync 1 DAGs
[2023-07-10T01:45:53.640+0000] {logging_mixin.py:149} INFO - [2023-07-10T01:45:53.640+0000] {dag.py:3490} INFO - Setting next_dagrun for example_dag_decorator to None, run_after=None
[2023-07-10T01:45:53.658+0000] {processor.py:179} INFO - Processing /home/airflow/.local/lib/python3.7/site-packages/airflow/example_dags/example_dag_decorator.py took 0.157 seconds
[2023-07-10T01:46:24.148+0000] {processor.py:157} INFO - Started process (PID=5991) to work on /home/airflow/.local/lib/python3.7/site-packages/airflow/example_dags/example_dag_decorator.py
[2023-07-10T01:46:24.149+0000] {processor.py:826} INFO - Processing file /home/airflow/.local/lib/python3.7/site-packages/airflow/example_dags/example_dag_decorator.py for tasks to queue
[2023-07-10T01:46:24.150+0000] {logging_mixin.py:149} INFO - [2023-07-10T01:46:24.150+0000] {dagbag.py:541} INFO - Filling up the DagBag from /home/airflow/.local/lib/python3.7/site-packages/airflow/example_dags/example_dag_decorator.py
[2023-07-10T01:46:24.165+0000] {processor.py:836} INFO - DAG(s) dict_keys(['example_dag_decorator']) retrieved from /home/airflow/.local/lib/python3.7/site-packages/airflow/example_dags/example_dag_decorator.py
[2023-07-10T01:46:24.295+0000] {logging_mixin.py:149} INFO - [2023-07-10T01:46:24.295+0000] {dag.py:2726} INFO - Sync 1 DAGs
[2023-07-10T01:46:24.315+0000] {logging_mixin.py:149} INFO - [2023-07-10T01:46:24.314+0000] {dag.py:3490} INFO - Setting next_dagrun for example_dag_decorator to None, run_after=None
[2023-07-10T01:46:24.333+0000] {processor.py:179} INFO - Processing /home/airflow/.local/lib/python3.7/site-packages/airflow/example_dags/example_dag_decorator.py took 0.189 seconds
[2023-07-10T01:46:54.938+0000] {processor.py:157} INFO - Started process (PID=6240) to work on /home/airflow/.local/lib/python3.7/site-packages/airflow/example_dags/example_dag_decorator.py
[2023-07-10T01:46:54.939+0000] {processor.py:826} INFO - Processing file /home/airflow/.local/lib/python3.7/site-packages/airflow/example_dags/example_dag_decorator.py for tasks to queue
[2023-07-10T01:46:54.940+0000] {logging_mixin.py:149} INFO - [2023-07-10T01:46:54.940+0000] {dagbag.py:541} INFO - Filling up the DagBag from /home/airflow/.local/lib/python3.7/site-packages/airflow/example_dags/example_dag_decorator.py
[2023-07-10T01:46:54.951+0000] {processor.py:836} INFO - DAG(s) dict_keys(['example_dag_decorator']) retrieved from /home/airflow/.local/lib/python3.7/site-packages/airflow/example_dags/example_dag_decorator.py
[2023-07-10T01:46:55.062+0000] {logging_mixin.py:149} INFO - [2023-07-10T01:46:55.061+0000] {dag.py:2726} INFO - Sync 1 DAGs
[2023-07-10T01:46:55.081+0000] {logging_mixin.py:149} INFO - [2023-07-10T01:46:55.081+0000] {dag.py:3490} INFO - Setting next_dagrun for example_dag_decorator to None, run_after=None
[2023-07-10T01:46:55.098+0000] {processor.py:179} INFO - Processing /home/airflow/.local/lib/python3.7/site-packages/airflow/example_dags/example_dag_decorator.py took 0.162 seconds
[2023-07-10T01:47:25.433+0000] {processor.py:157} INFO - Started process (PID=6489) to work on /home/airflow/.local/lib/python3.7/site-packages/airflow/example_dags/example_dag_decorator.py
[2023-07-10T01:47:25.434+0000] {processor.py:826} INFO - Processing file /home/airflow/.local/lib/python3.7/site-packages/airflow/example_dags/example_dag_decorator.py for tasks to queue
[2023-07-10T01:47:25.435+0000] {logging_mixin.py:149} INFO - [2023-07-10T01:47:25.435+0000] {dagbag.py:541} INFO - Filling up the DagBag from /home/airflow/.local/lib/python3.7/site-packages/airflow/example_dags/example_dag_decorator.py
[2023-07-10T01:47:25.446+0000] {processor.py:836} INFO - DAG(s) dict_keys(['example_dag_decorator']) retrieved from /home/airflow/.local/lib/python3.7/site-packages/airflow/example_dags/example_dag_decorator.py
[2023-07-10T01:47:25.548+0000] {logging_mixin.py:149} INFO - [2023-07-10T01:47:25.548+0000] {dag.py:2726} INFO - Sync 1 DAGs
[2023-07-10T01:47:25.566+0000] {logging_mixin.py:149} INFO - [2023-07-10T01:47:25.566+0000] {dag.py:3490} INFO - Setting next_dagrun for example_dag_decorator to None, run_after=None
[2023-07-10T01:47:25.586+0000] {processor.py:179} INFO - Processing /home/airflow/.local/lib/python3.7/site-packages/airflow/example_dags/example_dag_decorator.py took 0.155 seconds
[2023-07-10T01:47:55.938+0000] {processor.py:157} INFO - Started process (PID=6738) to work on /home/airflow/.local/lib/python3.7/site-packages/airflow/example_dags/example_dag_decorator.py
[2023-07-10T01:47:55.939+0000] {processor.py:826} INFO - Processing file /home/airflow/.local/lib/python3.7/site-packages/airflow/example_dags/example_dag_decorator.py for tasks to queue
[2023-07-10T01:47:55.940+0000] {logging_mixin.py:149} INFO - [2023-07-10T01:47:55.940+0000] {dagbag.py:541} INFO - Filling up the DagBag from /home/airflow/.local/lib/python3.7/site-packages/airflow/example_dags/example_dag_decorator.py
[2023-07-10T01:47:55.951+0000] {processor.py:836} INFO - DAG(s) dict_keys(['example_dag_decorator']) retrieved from /home/airflow/.local/lib/python3.7/site-packages/airflow/example_dags/example_dag_decorator.py
[2023-07-10T01:47:56.055+0000] {logging_mixin.py:149} INFO - [2023-07-10T01:47:56.055+0000] {dag.py:2726} INFO - Sync 1 DAGs
[2023-07-10T01:47:56.078+0000] {logging_mixin.py:149} INFO - [2023-07-10T01:47:56.078+0000] {dag.py:3490} INFO - Setting next_dagrun for example_dag_decorator to None, run_after=None
[2023-07-10T01:47:56.096+0000] {processor.py:179} INFO - Processing /home/airflow/.local/lib/python3.7/site-packages/airflow/example_dags/example_dag_decorator.py took 0.160 seconds
[2023-07-10T01:48:26.472+0000] {processor.py:157} INFO - Started process (PID=6987) to work on /home/airflow/.local/lib/python3.7/site-packages/airflow/example_dags/example_dag_decorator.py
[2023-07-10T01:48:26.473+0000] {processor.py:826} INFO - Processing file /home/airflow/.local/lib/python3.7/site-packages/airflow/example_dags/example_dag_decorator.py for tasks to queue
[2023-07-10T01:48:26.474+0000] {logging_mixin.py:149} INFO - [2023-07-10T01:48:26.474+0000] {dagbag.py:541} INFO - Filling up the DagBag from /home/airflow/.local/lib/python3.7/site-packages/airflow/example_dags/example_dag_decorator.py
[2023-07-10T01:48:26.485+0000] {processor.py:836} INFO - DAG(s) dict_keys(['example_dag_decorator']) retrieved from /home/airflow/.local/lib/python3.7/site-packages/airflow/example_dags/example_dag_decorator.py
[2023-07-10T01:48:26.586+0000] {logging_mixin.py:149} INFO - [2023-07-10T01:48:26.585+0000] {dag.py:2726} INFO - Sync 1 DAGs
[2023-07-10T01:48:26.604+0000] {logging_mixin.py:149} INFO - [2023-07-10T01:48:26.604+0000] {dag.py:3490} INFO - Setting next_dagrun for example_dag_decorator to None, run_after=None
[2023-07-10T01:48:26.624+0000] {processor.py:179} INFO - Processing /home/airflow/.local/lib/python3.7/site-packages/airflow/example_dags/example_dag_decorator.py took 0.154 seconds
[2023-07-10T01:48:57.124+0000] {processor.py:157} INFO - Started process (PID=7236) to work on /home/airflow/.local/lib/python3.7/site-packages/airflow/example_dags/example_dag_decorator.py
[2023-07-10T01:48:57.125+0000] {processor.py:826} INFO - Processing file /home/airflow/.local/lib/python3.7/site-packages/airflow/example_dags/example_dag_decorator.py for tasks to queue
[2023-07-10T01:48:57.126+0000] {logging_mixin.py:149} INFO - [2023-07-10T01:48:57.126+0000] {dagbag.py:541} INFO - Filling up the DagBag from /home/airflow/.local/lib/python3.7/site-packages/airflow/example_dags/example_dag_decorator.py
[2023-07-10T01:48:57.138+0000] {processor.py:836} INFO - DAG(s) dict_keys(['example_dag_decorator']) retrieved from /home/airflow/.local/lib/python3.7/site-packages/airflow/example_dags/example_dag_decorator.py
[2023-07-10T01:48:57.240+0000] {logging_mixin.py:149} INFO - [2023-07-10T01:48:57.240+0000] {dag.py:2726} INFO - Sync 1 DAGs
[2023-07-10T01:48:57.259+0000] {logging_mixin.py:149} INFO - [2023-07-10T01:48:57.259+0000] {dag.py:3490} INFO - Setting next_dagrun for example_dag_decorator to None, run_after=None
[2023-07-10T01:48:57.277+0000] {processor.py:179} INFO - Processing /home/airflow/.local/lib/python3.7/site-packages/airflow/example_dags/example_dag_decorator.py took 0.156 seconds
[2023-07-10T01:49:27.573+0000] {processor.py:157} INFO - Started process (PID=7485) to work on /home/airflow/.local/lib/python3.7/site-packages/airflow/example_dags/example_dag_decorator.py
[2023-07-10T01:49:27.574+0000] {processor.py:826} INFO - Processing file /home/airflow/.local/lib/python3.7/site-packages/airflow/example_dags/example_dag_decorator.py for tasks to queue
[2023-07-10T01:49:27.575+0000] {logging_mixin.py:149} INFO - [2023-07-10T01:49:27.575+0000] {dagbag.py:541} INFO - Filling up the DagBag from /home/airflow/.local/lib/python3.7/site-packages/airflow/example_dags/example_dag_decorator.py
[2023-07-10T01:49:27.586+0000] {processor.py:836} INFO - DAG(s) dict_keys(['example_dag_decorator']) retrieved from /home/airflow/.local/lib/python3.7/site-packages/airflow/example_dags/example_dag_decorator.py
[2023-07-10T01:49:27.686+0000] {logging_mixin.py:149} INFO - [2023-07-10T01:49:27.686+0000] {dag.py:2726} INFO - Sync 1 DAGs
[2023-07-10T01:49:27.704+0000] {logging_mixin.py:149} INFO - [2023-07-10T01:49:27.704+0000] {dag.py:3490} INFO - Setting next_dagrun for example_dag_decorator to None, run_after=None
[2023-07-10T01:49:27.721+0000] {processor.py:179} INFO - Processing /home/airflow/.local/lib/python3.7/site-packages/airflow/example_dags/example_dag_decorator.py took 0.151 seconds
[2023-07-10T01:49:58.175+0000] {processor.py:157} INFO - Started process (PID=7739) to work on /home/airflow/.local/lib/python3.7/site-packages/airflow/example_dags/example_dag_decorator.py
[2023-07-10T01:49:58.176+0000] {processor.py:826} INFO - Processing file /home/airflow/.local/lib/python3.7/site-packages/airflow/example_dags/example_dag_decorator.py for tasks to queue
[2023-07-10T01:49:58.177+0000] {logging_mixin.py:149} INFO - [2023-07-10T01:49:58.177+0000] {dagbag.py:541} INFO - Filling up the DagBag from /home/airflow/.local/lib/python3.7/site-packages/airflow/example_dags/example_dag_decorator.py
[2023-07-10T01:49:58.189+0000] {processor.py:836} INFO - DAG(s) dict_keys(['example_dag_decorator']) retrieved from /home/airflow/.local/lib/python3.7/site-packages/airflow/example_dags/example_dag_decorator.py
[2023-07-10T01:49:58.288+0000] {logging_mixin.py:149} INFO - [2023-07-10T01:49:58.288+0000] {dag.py:2726} INFO - Sync 1 DAGs
[2023-07-10T01:49:58.307+0000] {logging_mixin.py:149} INFO - [2023-07-10T01:49:58.307+0000] {dag.py:3490} INFO - Setting next_dagrun for example_dag_decorator to None, run_after=None
[2023-07-10T01:49:58.326+0000] {processor.py:179} INFO - Processing /home/airflow/.local/lib/python3.7/site-packages/airflow/example_dags/example_dag_decorator.py took 0.153 seconds
[2023-07-10T01:50:28.839+0000] {processor.py:157} INFO - Started process (PID=7993) to work on /home/airflow/.local/lib/python3.7/site-packages/airflow/example_dags/example_dag_decorator.py
[2023-07-10T01:50:28.840+0000] {processor.py:826} INFO - Processing file /home/airflow/.local/lib/python3.7/site-packages/airflow/example_dags/example_dag_decorator.py for tasks to queue
[2023-07-10T01:50:28.841+0000] {logging_mixin.py:149} INFO - [2023-07-10T01:50:28.841+0000] {dagbag.py:541} INFO - Filling up the DagBag from /home/airflow/.local/lib/python3.7/site-packages/airflow/example_dags/example_dag_decorator.py
[2023-07-10T01:50:28.852+0000] {processor.py:836} INFO - DAG(s) dict_keys(['example_dag_decorator']) retrieved from /home/airflow/.local/lib/python3.7/site-packages/airflow/example_dags/example_dag_decorator.py
[2023-07-10T01:50:28.958+0000] {logging_mixin.py:149} INFO - [2023-07-10T01:50:28.958+0000] {dag.py:2726} INFO - Sync 1 DAGs
[2023-07-10T01:50:28.978+0000] {logging_mixin.py:149} INFO - [2023-07-10T01:50:28.977+0000] {dag.py:3490} INFO - Setting next_dagrun for example_dag_decorator to None, run_after=None
[2023-07-10T01:50:28.995+0000] {processor.py:179} INFO - Processing /home/airflow/.local/lib/python3.7/site-packages/airflow/example_dags/example_dag_decorator.py took 0.159 seconds
[2023-07-10T01:50:59.452+0000] {processor.py:157} INFO - Started process (PID=8247) to work on /home/airflow/.local/lib/python3.7/site-packages/airflow/example_dags/example_dag_decorator.py
[2023-07-10T01:50:59.453+0000] {processor.py:826} INFO - Processing file /home/airflow/.local/lib/python3.7/site-packages/airflow/example_dags/example_dag_decorator.py for tasks to queue
[2023-07-10T01:50:59.454+0000] {logging_mixin.py:149} INFO - [2023-07-10T01:50:59.454+0000] {dagbag.py:541} INFO - Filling up the DagBag from /home/airflow/.local/lib/python3.7/site-packages/airflow/example_dags/example_dag_decorator.py
[2023-07-10T01:50:59.465+0000] {processor.py:836} INFO - DAG(s) dict_keys(['example_dag_decorator']) retrieved from /home/airflow/.local/lib/python3.7/site-packages/airflow/example_dags/example_dag_decorator.py
[2023-07-10T01:50:59.563+0000] {logging_mixin.py:149} INFO - [2023-07-10T01:50:59.563+0000] {dag.py:2726} INFO - Sync 1 DAGs
[2023-07-10T01:50:59.583+0000] {logging_mixin.py:149} INFO - [2023-07-10T01:50:59.583+0000] {dag.py:3490} INFO - Setting next_dagrun for example_dag_decorator to None, run_after=None
[2023-07-10T01:50:59.599+0000] {processor.py:179} INFO - Processing /home/airflow/.local/lib/python3.7/site-packages/airflow/example_dags/example_dag_decorator.py took 0.150 seconds
[2023-07-10T01:51:30.145+0000] {processor.py:157} INFO - Started process (PID=8501) to work on /home/airflow/.local/lib/python3.7/site-packages/airflow/example_dags/example_dag_decorator.py
[2023-07-10T01:51:30.146+0000] {processor.py:826} INFO - Processing file /home/airflow/.local/lib/python3.7/site-packages/airflow/example_dags/example_dag_decorator.py for tasks to queue
[2023-07-10T01:51:30.147+0000] {logging_mixin.py:149} INFO - [2023-07-10T01:51:30.146+0000] {dagbag.py:541} INFO - Filling up the DagBag from /home/airflow/.local/lib/python3.7/site-packages/airflow/example_dags/example_dag_decorator.py
[2023-07-10T01:51:30.158+0000] {processor.py:836} INFO - DAG(s) dict_keys(['example_dag_decorator']) retrieved from /home/airflow/.local/lib/python3.7/site-packages/airflow/example_dags/example_dag_decorator.py
[2023-07-10T01:51:30.263+0000] {logging_mixin.py:149} INFO - [2023-07-10T01:51:30.263+0000] {dag.py:2726} INFO - Sync 1 DAGs
[2023-07-10T01:51:30.282+0000] {logging_mixin.py:149} INFO - [2023-07-10T01:51:30.282+0000] {dag.py:3490} INFO - Setting next_dagrun for example_dag_decorator to None, run_after=None
[2023-07-10T01:51:30.302+0000] {processor.py:179} INFO - Processing /home/airflow/.local/lib/python3.7/site-packages/airflow/example_dags/example_dag_decorator.py took 0.161 seconds
[2023-07-10T01:52:00.797+0000] {processor.py:157} INFO - Started process (PID=8755) to work on /home/airflow/.local/lib/python3.7/site-packages/airflow/example_dags/example_dag_decorator.py
[2023-07-10T01:52:00.798+0000] {processor.py:826} INFO - Processing file /home/airflow/.local/lib/python3.7/site-packages/airflow/example_dags/example_dag_decorator.py for tasks to queue
[2023-07-10T01:52:00.799+0000] {logging_mixin.py:149} INFO - [2023-07-10T01:52:00.799+0000] {dagbag.py:541} INFO - Filling up the DagBag from /home/airflow/.local/lib/python3.7/site-packages/airflow/example_dags/example_dag_decorator.py
[2023-07-10T01:52:00.814+0000] {processor.py:836} INFO - DAG(s) dict_keys(['example_dag_decorator']) retrieved from /home/airflow/.local/lib/python3.7/site-packages/airflow/example_dags/example_dag_decorator.py
[2023-07-10T01:52:00.919+0000] {logging_mixin.py:149} INFO - [2023-07-10T01:52:00.919+0000] {dag.py:2726} INFO - Sync 1 DAGs
[2023-07-10T01:52:00.938+0000] {logging_mixin.py:149} INFO - [2023-07-10T01:52:00.938+0000] {dag.py:3490} INFO - Setting next_dagrun for example_dag_decorator to None, run_after=None
[2023-07-10T01:52:00.956+0000] {processor.py:179} INFO - Processing /home/airflow/.local/lib/python3.7/site-packages/airflow/example_dags/example_dag_decorator.py took 0.162 seconds
[2023-07-10T01:52:31.560+0000] {processor.py:157} INFO - Started process (PID=9009) to work on /home/airflow/.local/lib/python3.7/site-packages/airflow/example_dags/example_dag_decorator.py
[2023-07-10T01:52:31.561+0000] {processor.py:826} INFO - Processing file /home/airflow/.local/lib/python3.7/site-packages/airflow/example_dags/example_dag_decorator.py for tasks to queue
[2023-07-10T01:52:31.562+0000] {logging_mixin.py:149} INFO - [2023-07-10T01:52:31.562+0000] {dagbag.py:541} INFO - Filling up the DagBag from /home/airflow/.local/lib/python3.7/site-packages/airflow/example_dags/example_dag_decorator.py
[2023-07-10T01:52:31.576+0000] {processor.py:836} INFO - DAG(s) dict_keys(['example_dag_decorator']) retrieved from /home/airflow/.local/lib/python3.7/site-packages/airflow/example_dags/example_dag_decorator.py
[2023-07-10T01:52:31.679+0000] {logging_mixin.py:149} INFO - [2023-07-10T01:52:31.679+0000] {dag.py:2726} INFO - Sync 1 DAGs
[2023-07-10T01:52:31.700+0000] {logging_mixin.py:149} INFO - [2023-07-10T01:52:31.700+0000] {dag.py:3490} INFO - Setting next_dagrun for example_dag_decorator to None, run_after=None
[2023-07-10T01:52:31.717+0000] {processor.py:179} INFO - Processing /home/airflow/.local/lib/python3.7/site-packages/airflow/example_dags/example_dag_decorator.py took 0.160 seconds
[2023-07-10T01:53:01.776+0000] {processor.py:157} INFO - Started process (PID=9263) to work on /home/airflow/.local/lib/python3.7/site-packages/airflow/example_dags/example_dag_decorator.py
[2023-07-10T01:53:01.777+0000] {processor.py:826} INFO - Processing file /home/airflow/.local/lib/python3.7/site-packages/airflow/example_dags/example_dag_decorator.py for tasks to queue
[2023-07-10T01:53:01.778+0000] {logging_mixin.py:149} INFO - [2023-07-10T01:53:01.777+0000] {dagbag.py:541} INFO - Filling up the DagBag from /home/airflow/.local/lib/python3.7/site-packages/airflow/example_dags/example_dag_decorator.py
[2023-07-10T01:53:01.789+0000] {processor.py:836} INFO - DAG(s) dict_keys(['example_dag_decorator']) retrieved from /home/airflow/.local/lib/python3.7/site-packages/airflow/example_dags/example_dag_decorator.py
[2023-07-10T01:53:01.896+0000] {logging_mixin.py:149} INFO - [2023-07-10T01:53:01.896+0000] {dag.py:2726} INFO - Sync 1 DAGs
[2023-07-10T01:53:01.920+0000] {logging_mixin.py:149} INFO - [2023-07-10T01:53:01.920+0000] {dag.py:3490} INFO - Setting next_dagrun for example_dag_decorator to None, run_after=None
[2023-07-10T01:53:01.938+0000] {processor.py:179} INFO - Processing /home/airflow/.local/lib/python3.7/site-packages/airflow/example_dags/example_dag_decorator.py took 0.165 seconds
[2023-07-10T01:53:31.998+0000] {processor.py:157} INFO - Started process (PID=9517) to work on /home/airflow/.local/lib/python3.7/site-packages/airflow/example_dags/example_dag_decorator.py
[2023-07-10T01:53:31.999+0000] {processor.py:826} INFO - Processing file /home/airflow/.local/lib/python3.7/site-packages/airflow/example_dags/example_dag_decorator.py for tasks to queue
[2023-07-10T01:53:31.999+0000] {logging_mixin.py:149} INFO - [2023-07-10T01:53:31.999+0000] {dagbag.py:541} INFO - Filling up the DagBag from /home/airflow/.local/lib/python3.7/site-packages/airflow/example_dags/example_dag_decorator.py
[2023-07-10T01:53:32.010+0000] {processor.py:836} INFO - DAG(s) dict_keys(['example_dag_decorator']) retrieved from /home/airflow/.local/lib/python3.7/site-packages/airflow/example_dags/example_dag_decorator.py
[2023-07-10T01:53:32.103+0000] {logging_mixin.py:149} INFO - [2023-07-10T01:53:32.103+0000] {dag.py:2726} INFO - Sync 1 DAGs
[2023-07-10T01:53:32.121+0000] {logging_mixin.py:149} INFO - [2023-07-10T01:53:32.121+0000] {dag.py:3490} INFO - Setting next_dagrun for example_dag_decorator to None, run_after=None
[2023-07-10T01:53:32.138+0000] {processor.py:179} INFO - Processing /home/airflow/.local/lib/python3.7/site-packages/airflow/example_dags/example_dag_decorator.py took 0.143 seconds
[2023-07-10T01:54:02.243+0000] {processor.py:157} INFO - Started process (PID=9769) to work on /home/airflow/.local/lib/python3.7/site-packages/airflow/example_dags/example_dag_decorator.py
[2023-07-10T01:54:02.244+0000] {processor.py:826} INFO - Processing file /home/airflow/.local/lib/python3.7/site-packages/airflow/example_dags/example_dag_decorator.py for tasks to queue
[2023-07-10T01:54:02.244+0000] {logging_mixin.py:149} INFO - [2023-07-10T01:54:02.244+0000] {dagbag.py:541} INFO - Filling up the DagBag from /home/airflow/.local/lib/python3.7/site-packages/airflow/example_dags/example_dag_decorator.py
[2023-07-10T01:54:02.255+0000] {processor.py:836} INFO - DAG(s) dict_keys(['example_dag_decorator']) retrieved from /home/airflow/.local/lib/python3.7/site-packages/airflow/example_dags/example_dag_decorator.py
[2023-07-10T01:54:02.346+0000] {logging_mixin.py:149} INFO - [2023-07-10T01:54:02.346+0000] {dag.py:2726} INFO - Sync 1 DAGs
[2023-07-10T01:54:02.363+0000] {logging_mixin.py:149} INFO - [2023-07-10T01:54:02.363+0000] {dag.py:3490} INFO - Setting next_dagrun for example_dag_decorator to None, run_after=None
[2023-07-10T01:54:02.380+0000] {processor.py:179} INFO - Processing /home/airflow/.local/lib/python3.7/site-packages/airflow/example_dags/example_dag_decorator.py took 0.140 seconds
[2023-07-10T01:54:32.457+0000] {processor.py:157} INFO - Started process (PID=10023) to work on /home/airflow/.local/lib/python3.7/site-packages/airflow/example_dags/example_dag_decorator.py
[2023-07-10T01:54:32.458+0000] {processor.py:826} INFO - Processing file /home/airflow/.local/lib/python3.7/site-packages/airflow/example_dags/example_dag_decorator.py for tasks to queue
[2023-07-10T01:54:32.459+0000] {logging_mixin.py:149} INFO - [2023-07-10T01:54:32.459+0000] {dagbag.py:541} INFO - Filling up the DagBag from /home/airflow/.local/lib/python3.7/site-packages/airflow/example_dags/example_dag_decorator.py
[2023-07-10T01:54:32.471+0000] {processor.py:836} INFO - DAG(s) dict_keys(['example_dag_decorator']) retrieved from /home/airflow/.local/lib/python3.7/site-packages/airflow/example_dags/example_dag_decorator.py
[2023-07-10T01:54:32.570+0000] {logging_mixin.py:149} INFO - [2023-07-10T01:54:32.570+0000] {dag.py:2726} INFO - Sync 1 DAGs
[2023-07-10T01:54:32.589+0000] {logging_mixin.py:149} INFO - [2023-07-10T01:54:32.589+0000] {dag.py:3490} INFO - Setting next_dagrun for example_dag_decorator to None, run_after=None
[2023-07-10T01:54:32.607+0000] {processor.py:179} INFO - Processing /home/airflow/.local/lib/python3.7/site-packages/airflow/example_dags/example_dag_decorator.py took 0.153 seconds
[2023-07-10T01:55:02.685+0000] {processor.py:157} INFO - Started process (PID=10277) to work on /home/airflow/.local/lib/python3.7/site-packages/airflow/example_dags/example_dag_decorator.py
[2023-07-10T01:55:02.686+0000] {processor.py:826} INFO - Processing file /home/airflow/.local/lib/python3.7/site-packages/airflow/example_dags/example_dag_decorator.py for tasks to queue
[2023-07-10T01:55:02.686+0000] {logging_mixin.py:149} INFO - [2023-07-10T01:55:02.686+0000] {dagbag.py:541} INFO - Filling up the DagBag from /home/airflow/.local/lib/python3.7/site-packages/airflow/example_dags/example_dag_decorator.py
[2023-07-10T01:55:02.698+0000] {processor.py:836} INFO - DAG(s) dict_keys(['example_dag_decorator']) retrieved from /home/airflow/.local/lib/python3.7/site-packages/airflow/example_dags/example_dag_decorator.py
[2023-07-10T01:55:02.795+0000] {logging_mixin.py:149} INFO - [2023-07-10T01:55:02.795+0000] {dag.py:2726} INFO - Sync 1 DAGs
[2023-07-10T01:55:02.813+0000] {logging_mixin.py:149} INFO - [2023-07-10T01:55:02.812+0000] {dag.py:3490} INFO - Setting next_dagrun for example_dag_decorator to None, run_after=None
[2023-07-10T01:55:02.829+0000] {processor.py:179} INFO - Processing /home/airflow/.local/lib/python3.7/site-packages/airflow/example_dags/example_dag_decorator.py took 0.147 seconds
[2023-07-10T01:55:33.691+0000] {processor.py:157} INFO - Started process (PID=10531) to work on /home/airflow/.local/lib/python3.7/site-packages/airflow/example_dags/example_dag_decorator.py
[2023-07-10T01:55:33.692+0000] {processor.py:826} INFO - Processing file /home/airflow/.local/lib/python3.7/site-packages/airflow/example_dags/example_dag_decorator.py for tasks to queue
[2023-07-10T01:55:33.693+0000] {logging_mixin.py:149} INFO - [2023-07-10T01:55:33.692+0000] {dagbag.py:541} INFO - Filling up the DagBag from /home/airflow/.local/lib/python3.7/site-packages/airflow/example_dags/example_dag_decorator.py
[2023-07-10T01:55:33.703+0000] {processor.py:836} INFO - DAG(s) dict_keys(['example_dag_decorator']) retrieved from /home/airflow/.local/lib/python3.7/site-packages/airflow/example_dags/example_dag_decorator.py
[2023-07-10T01:55:33.803+0000] {logging_mixin.py:149} INFO - [2023-07-10T01:55:33.803+0000] {dag.py:2726} INFO - Sync 1 DAGs
[2023-07-10T01:55:33.823+0000] {logging_mixin.py:149} INFO - [2023-07-10T01:55:33.823+0000] {dag.py:3490} INFO - Setting next_dagrun for example_dag_decorator to None, run_after=None
[2023-07-10T01:55:33.840+0000] {processor.py:179} INFO - Processing /home/airflow/.local/lib/python3.7/site-packages/airflow/example_dags/example_dag_decorator.py took 0.152 seconds
[2023-07-10T01:56:04.329+0000] {processor.py:157} INFO - Started process (PID=10785) to work on /home/airflow/.local/lib/python3.7/site-packages/airflow/example_dags/example_dag_decorator.py
[2023-07-10T01:56:04.330+0000] {processor.py:826} INFO - Processing file /home/airflow/.local/lib/python3.7/site-packages/airflow/example_dags/example_dag_decorator.py for tasks to queue
[2023-07-10T01:56:04.331+0000] {logging_mixin.py:149} INFO - [2023-07-10T01:56:04.331+0000] {dagbag.py:541} INFO - Filling up the DagBag from /home/airflow/.local/lib/python3.7/site-packages/airflow/example_dags/example_dag_decorator.py
[2023-07-10T01:56:04.343+0000] {processor.py:836} INFO - DAG(s) dict_keys(['example_dag_decorator']) retrieved from /home/airflow/.local/lib/python3.7/site-packages/airflow/example_dags/example_dag_decorator.py
[2023-07-10T01:56:04.447+0000] {logging_mixin.py:149} INFO - [2023-07-10T01:56:04.447+0000] {dag.py:2726} INFO - Sync 1 DAGs
[2023-07-10T01:56:04.466+0000] {logging_mixin.py:149} INFO - [2023-07-10T01:56:04.466+0000] {dag.py:3490} INFO - Setting next_dagrun for example_dag_decorator to None, run_after=None
[2023-07-10T01:56:04.483+0000] {processor.py:179} INFO - Processing /home/airflow/.local/lib/python3.7/site-packages/airflow/example_dags/example_dag_decorator.py took 0.156 seconds
[2023-07-10T01:56:35.017+0000] {processor.py:157} INFO - Started process (PID=11044) to work on /home/airflow/.local/lib/python3.7/site-packages/airflow/example_dags/example_dag_decorator.py
[2023-07-10T01:56:35.018+0000] {processor.py:826} INFO - Processing file /home/airflow/.local/lib/python3.7/site-packages/airflow/example_dags/example_dag_decorator.py for tasks to queue
[2023-07-10T01:56:35.019+0000] {logging_mixin.py:149} INFO - [2023-07-10T01:56:35.019+0000] {dagbag.py:541} INFO - Filling up the DagBag from /home/airflow/.local/lib/python3.7/site-packages/airflow/example_dags/example_dag_decorator.py
[2023-07-10T01:56:35.030+0000] {processor.py:836} INFO - DAG(s) dict_keys(['example_dag_decorator']) retrieved from /home/airflow/.local/lib/python3.7/site-packages/airflow/example_dags/example_dag_decorator.py
[2023-07-10T01:56:35.133+0000] {logging_mixin.py:149} INFO - [2023-07-10T01:56:35.133+0000] {dag.py:2726} INFO - Sync 1 DAGs
[2023-07-10T01:56:35.152+0000] {logging_mixin.py:149} INFO - [2023-07-10T01:56:35.152+0000] {dag.py:3490} INFO - Setting next_dagrun for example_dag_decorator to None, run_after=None
[2023-07-10T01:56:35.169+0000] {processor.py:179} INFO - Processing /home/airflow/.local/lib/python3.7/site-packages/airflow/example_dags/example_dag_decorator.py took 0.155 seconds
[2023-07-10T01:57:05.683+0000] {processor.py:157} INFO - Started process (PID=11298) to work on /home/airflow/.local/lib/python3.7/site-packages/airflow/example_dags/example_dag_decorator.py
[2023-07-10T01:57:05.684+0000] {processor.py:826} INFO - Processing file /home/airflow/.local/lib/python3.7/site-packages/airflow/example_dags/example_dag_decorator.py for tasks to queue
[2023-07-10T01:57:05.684+0000] {logging_mixin.py:149} INFO - [2023-07-10T01:57:05.684+0000] {dagbag.py:541} INFO - Filling up the DagBag from /home/airflow/.local/lib/python3.7/site-packages/airflow/example_dags/example_dag_decorator.py
[2023-07-10T01:57:05.696+0000] {processor.py:836} INFO - DAG(s) dict_keys(['example_dag_decorator']) retrieved from /home/airflow/.local/lib/python3.7/site-packages/airflow/example_dags/example_dag_decorator.py
[2023-07-10T01:57:05.800+0000] {logging_mixin.py:149} INFO - [2023-07-10T01:57:05.800+0000] {dag.py:2726} INFO - Sync 1 DAGs
[2023-07-10T01:57:05.819+0000] {logging_mixin.py:149} INFO - [2023-07-10T01:57:05.819+0000] {dag.py:3490} INFO - Setting next_dagrun for example_dag_decorator to None, run_after=None
[2023-07-10T01:57:05.836+0000] {processor.py:179} INFO - Processing /home/airflow/.local/lib/python3.7/site-packages/airflow/example_dags/example_dag_decorator.py took 0.156 seconds
[2023-07-10T01:57:35.953+0000] {processor.py:157} INFO - Started process (PID=11557) to work on /home/airflow/.local/lib/python3.7/site-packages/airflow/example_dags/example_dag_decorator.py
[2023-07-10T01:57:35.954+0000] {processor.py:826} INFO - Processing file /home/airflow/.local/lib/python3.7/site-packages/airflow/example_dags/example_dag_decorator.py for tasks to queue
[2023-07-10T01:57:35.955+0000] {logging_mixin.py:149} INFO - [2023-07-10T01:57:35.955+0000] {dagbag.py:541} INFO - Filling up the DagBag from /home/airflow/.local/lib/python3.7/site-packages/airflow/example_dags/example_dag_decorator.py
[2023-07-10T01:57:35.966+0000] {processor.py:836} INFO - DAG(s) dict_keys(['example_dag_decorator']) retrieved from /home/airflow/.local/lib/python3.7/site-packages/airflow/example_dags/example_dag_decorator.py
[2023-07-10T01:57:36.059+0000] {logging_mixin.py:149} INFO - [2023-07-10T01:57:36.059+0000] {dag.py:2726} INFO - Sync 1 DAGs
[2023-07-10T01:57:36.076+0000] {logging_mixin.py:149} INFO - [2023-07-10T01:57:36.075+0000] {dag.py:3490} INFO - Setting next_dagrun for example_dag_decorator to None, run_after=None
[2023-07-10T01:57:36.092+0000] {processor.py:179} INFO - Processing /home/airflow/.local/lib/python3.7/site-packages/airflow/example_dags/example_dag_decorator.py took 0.141 seconds
[2023-07-10T01:58:06.202+0000] {processor.py:157} INFO - Started process (PID=11816) to work on /home/airflow/.local/lib/python3.7/site-packages/airflow/example_dags/example_dag_decorator.py
[2023-07-10T01:58:06.203+0000] {processor.py:826} INFO - Processing file /home/airflow/.local/lib/python3.7/site-packages/airflow/example_dags/example_dag_decorator.py for tasks to queue
[2023-07-10T01:58:06.204+0000] {logging_mixin.py:149} INFO - [2023-07-10T01:58:06.204+0000] {dagbag.py:541} INFO - Filling up the DagBag from /home/airflow/.local/lib/python3.7/site-packages/airflow/example_dags/example_dag_decorator.py
[2023-07-10T01:58:06.215+0000] {processor.py:836} INFO - DAG(s) dict_keys(['example_dag_decorator']) retrieved from /home/airflow/.local/lib/python3.7/site-packages/airflow/example_dags/example_dag_decorator.py
[2023-07-10T01:58:06.308+0000] {logging_mixin.py:149} INFO - [2023-07-10T01:58:06.308+0000] {dag.py:2726} INFO - Sync 1 DAGs
[2023-07-10T01:58:06.325+0000] {logging_mixin.py:149} INFO - [2023-07-10T01:58:06.325+0000] {dag.py:3490} INFO - Setting next_dagrun for example_dag_decorator to None, run_after=None
[2023-07-10T01:58:06.341+0000] {processor.py:179} INFO - Processing /home/airflow/.local/lib/python3.7/site-packages/airflow/example_dags/example_dag_decorator.py took 0.141 seconds
[2023-07-10T01:58:36.827+0000] {processor.py:157} INFO - Started process (PID=12060) to work on /home/airflow/.local/lib/python3.7/site-packages/airflow/example_dags/example_dag_decorator.py
[2023-07-10T01:58:36.828+0000] {processor.py:826} INFO - Processing file /home/airflow/.local/lib/python3.7/site-packages/airflow/example_dags/example_dag_decorator.py for tasks to queue
[2023-07-10T01:58:36.829+0000] {logging_mixin.py:149} INFO - [2023-07-10T01:58:36.829+0000] {dagbag.py:541} INFO - Filling up the DagBag from /home/airflow/.local/lib/python3.7/site-packages/airflow/example_dags/example_dag_decorator.py
[2023-07-10T01:58:36.841+0000] {processor.py:836} INFO - DAG(s) dict_keys(['example_dag_decorator']) retrieved from /home/airflow/.local/lib/python3.7/site-packages/airflow/example_dags/example_dag_decorator.py
[2023-07-10T01:58:36.946+0000] {logging_mixin.py:149} INFO - [2023-07-10T01:58:36.946+0000] {dag.py:2726} INFO - Sync 1 DAGs
[2023-07-10T01:58:36.967+0000] {logging_mixin.py:149} INFO - [2023-07-10T01:58:36.966+0000] {dag.py:3490} INFO - Setting next_dagrun for example_dag_decorator to None, run_after=None
[2023-07-10T01:58:36.985+0000] {processor.py:179} INFO - Processing /home/airflow/.local/lib/python3.7/site-packages/airflow/example_dags/example_dag_decorator.py took 0.161 seconds
