[2023-07-10T01:34:39.068+0000] {processor.py:157} INFO - Started process (PID=342) to work on /home/airflow/.local/lib/python3.7/site-packages/airflow/example_dags/example_sla_dag.py
[2023-07-10T01:34:39.069+0000] {processor.py:826} INFO - Processing file /home/airflow/.local/lib/python3.7/site-packages/airflow/example_dags/example_sla_dag.py for tasks to queue
[2023-07-10T01:34:39.070+0000] {logging_mixin.py:149} INFO - [2023-07-10T01:34:39.070+0000] {dagbag.py:541} INFO - Filling up the DagBag from /home/airflow/.local/lib/python3.7/site-packages/airflow/example_dags/example_sla_dag.py
[2023-07-10T01:34:39.078+0000] {processor.py:836} INFO - DAG(s) dict_keys(['example_sla_dag']) retrieved from /home/airflow/.local/lib/python3.7/site-packages/airflow/example_dags/example_sla_dag.py
[2023-07-10T01:34:39.099+0000] {logging_mixin.py:149} INFO - [2023-07-10T01:34:39.099+0000] {dag.py:2726} INFO - Sync 1 DAGs
[2023-07-10T01:34:39.122+0000] {logging_mixin.py:149} INFO - [2023-07-10T01:34:39.122+0000] {dag.py:3490} INFO - Setting next_dagrun for example_sla_dag to 2023-07-10T01:32:00+00:00, run_after=2023-07-10T01:34:00+00:00
[2023-07-10T01:34:39.141+0000] {processor.py:179} INFO - Processing /home/airflow/.local/lib/python3.7/site-packages/airflow/example_dags/example_sla_dag.py took 0.075 seconds
[2023-07-10T01:35:09.865+0000] {processor.py:157} INFO - Started process (PID=592) to work on /home/airflow/.local/lib/python3.7/site-packages/airflow/example_dags/example_sla_dag.py
[2023-07-10T01:35:09.866+0000] {processor.py:826} INFO - Processing file /home/airflow/.local/lib/python3.7/site-packages/airflow/example_dags/example_sla_dag.py for tasks to queue
[2023-07-10T01:35:09.866+0000] {logging_mixin.py:149} INFO - [2023-07-10T01:35:09.866+0000] {dagbag.py:541} INFO - Filling up the DagBag from /home/airflow/.local/lib/python3.7/site-packages/airflow/example_dags/example_sla_dag.py
[2023-07-10T01:35:09.873+0000] {processor.py:836} INFO - DAG(s) dict_keys(['example_sla_dag']) retrieved from /home/airflow/.local/lib/python3.7/site-packages/airflow/example_dags/example_sla_dag.py
[2023-07-10T01:35:09.893+0000] {logging_mixin.py:149} INFO - [2023-07-10T01:35:09.893+0000] {dag.py:2726} INFO - Sync 1 DAGs
[2023-07-10T01:35:09.918+0000] {logging_mixin.py:149} INFO - [2023-07-10T01:35:09.918+0000] {dag.py:3490} INFO - Setting next_dagrun for example_sla_dag to 2023-07-10T01:32:00+00:00, run_after=2023-07-10T01:34:00+00:00
[2023-07-10T01:35:09.935+0000] {processor.py:179} INFO - Processing /home/airflow/.local/lib/python3.7/site-packages/airflow/example_dags/example_sla_dag.py took 0.073 seconds
[2023-07-10T01:35:41.521+0000] {processor.py:157} INFO - Started process (PID=841) to work on /home/airflow/.local/lib/python3.7/site-packages/airflow/example_dags/example_sla_dag.py
[2023-07-10T01:35:41.522+0000] {processor.py:826} INFO - Processing file /home/airflow/.local/lib/python3.7/site-packages/airflow/example_dags/example_sla_dag.py for tasks to queue
[2023-07-10T01:35:41.523+0000] {logging_mixin.py:149} INFO - [2023-07-10T01:35:41.523+0000] {dagbag.py:541} INFO - Filling up the DagBag from /home/airflow/.local/lib/python3.7/site-packages/airflow/example_dags/example_sla_dag.py
[2023-07-10T01:35:41.530+0000] {processor.py:836} INFO - DAG(s) dict_keys(['example_sla_dag']) retrieved from /home/airflow/.local/lib/python3.7/site-packages/airflow/example_dags/example_sla_dag.py
[2023-07-10T01:35:41.549+0000] {logging_mixin.py:149} INFO - [2023-07-10T01:35:41.548+0000] {dag.py:2726} INFO - Sync 1 DAGs
[2023-07-10T01:35:41.574+0000] {logging_mixin.py:149} INFO - [2023-07-10T01:35:41.573+0000] {dag.py:3490} INFO - Setting next_dagrun for example_sla_dag to 2023-07-10T01:32:00+00:00, run_after=2023-07-10T01:34:00+00:00
[2023-07-10T01:35:41.658+0000] {processor.py:179} INFO - Processing /home/airflow/.local/lib/python3.7/site-packages/airflow/example_dags/example_sla_dag.py took 0.140 seconds
[2023-07-10T01:36:13.132+0000] {processor.py:157} INFO - Started process (PID=1090) to work on /home/airflow/.local/lib/python3.7/site-packages/airflow/example_dags/example_sla_dag.py
[2023-07-10T01:36:13.133+0000] {processor.py:826} INFO - Processing file /home/airflow/.local/lib/python3.7/site-packages/airflow/example_dags/example_sla_dag.py for tasks to queue
[2023-07-10T01:36:13.134+0000] {logging_mixin.py:149} INFO - [2023-07-10T01:36:13.134+0000] {dagbag.py:541} INFO - Filling up the DagBag from /home/airflow/.local/lib/python3.7/site-packages/airflow/example_dags/example_sla_dag.py
[2023-07-10T01:36:13.230+0000] {processor.py:836} INFO - DAG(s) dict_keys(['example_sla_dag']) retrieved from /home/airflow/.local/lib/python3.7/site-packages/airflow/example_dags/example_sla_dag.py
[2023-07-10T01:36:13.247+0000] {logging_mixin.py:149} INFO - [2023-07-10T01:36:13.247+0000] {dag.py:2726} INFO - Sync 1 DAGs
[2023-07-10T01:36:13.267+0000] {logging_mixin.py:149} INFO - [2023-07-10T01:36:13.267+0000] {dag.py:3490} INFO - Setting next_dagrun for example_sla_dag to 2023-07-10T01:34:00+00:00, run_after=2023-07-10T01:36:00+00:00
[2023-07-10T01:36:13.283+0000] {processor.py:179} INFO - Processing /home/airflow/.local/lib/python3.7/site-packages/airflow/example_dags/example_sla_dag.py took 0.154 seconds
[2023-07-10T01:36:43.363+0000] {processor.py:157} INFO - Started process (PID=1339) to work on /home/airflow/.local/lib/python3.7/site-packages/airflow/example_dags/example_sla_dag.py
[2023-07-10T01:36:43.364+0000] {processor.py:826} INFO - Processing file /home/airflow/.local/lib/python3.7/site-packages/airflow/example_dags/example_sla_dag.py for tasks to queue
[2023-07-10T01:36:43.365+0000] {logging_mixin.py:149} INFO - [2023-07-10T01:36:43.365+0000] {dagbag.py:541} INFO - Filling up the DagBag from /home/airflow/.local/lib/python3.7/site-packages/airflow/example_dags/example_sla_dag.py
[2023-07-10T01:36:43.374+0000] {processor.py:836} INFO - DAG(s) dict_keys(['example_sla_dag']) retrieved from /home/airflow/.local/lib/python3.7/site-packages/airflow/example_dags/example_sla_dag.py
[2023-07-10T01:36:43.400+0000] {logging_mixin.py:149} INFO - [2023-07-10T01:36:43.400+0000] {dag.py:2726} INFO - Sync 1 DAGs
[2023-07-10T01:36:43.426+0000] {logging_mixin.py:149} INFO - [2023-07-10T01:36:43.425+0000] {dag.py:3490} INFO - Setting next_dagrun for example_sla_dag to 2023-07-10T01:34:00+00:00, run_after=2023-07-10T01:36:00+00:00
[2023-07-10T01:36:43.443+0000] {processor.py:179} INFO - Processing /home/airflow/.local/lib/python3.7/site-packages/airflow/example_dags/example_sla_dag.py took 0.083 seconds
[2023-07-10T01:37:13.509+0000] {processor.py:157} INFO - Started process (PID=1588) to work on /home/airflow/.local/lib/python3.7/site-packages/airflow/example_dags/example_sla_dag.py
[2023-07-10T01:37:13.510+0000] {processor.py:826} INFO - Processing file /home/airflow/.local/lib/python3.7/site-packages/airflow/example_dags/example_sla_dag.py for tasks to queue
[2023-07-10T01:37:13.510+0000] {logging_mixin.py:149} INFO - [2023-07-10T01:37:13.510+0000] {dagbag.py:541} INFO - Filling up the DagBag from /home/airflow/.local/lib/python3.7/site-packages/airflow/example_dags/example_sla_dag.py
[2023-07-10T01:37:13.517+0000] {processor.py:836} INFO - DAG(s) dict_keys(['example_sla_dag']) retrieved from /home/airflow/.local/lib/python3.7/site-packages/airflow/example_dags/example_sla_dag.py
[2023-07-10T01:37:13.538+0000] {logging_mixin.py:149} INFO - [2023-07-10T01:37:13.538+0000] {dag.py:2726} INFO - Sync 1 DAGs
[2023-07-10T01:37:13.564+0000] {logging_mixin.py:149} INFO - [2023-07-10T01:37:13.564+0000] {dag.py:3490} INFO - Setting next_dagrun for example_sla_dag to 2023-07-10T01:34:00+00:00, run_after=2023-07-10T01:36:00+00:00
[2023-07-10T01:37:13.582+0000] {processor.py:179} INFO - Processing /home/airflow/.local/lib/python3.7/site-packages/airflow/example_dags/example_sla_dag.py took 0.076 seconds
[2023-07-10T01:37:43.826+0000] {processor.py:157} INFO - Started process (PID=1837) to work on /home/airflow/.local/lib/python3.7/site-packages/airflow/example_dags/example_sla_dag.py
[2023-07-10T01:37:43.827+0000] {processor.py:826} INFO - Processing file /home/airflow/.local/lib/python3.7/site-packages/airflow/example_dags/example_sla_dag.py for tasks to queue
[2023-07-10T01:37:43.827+0000] {logging_mixin.py:149} INFO - [2023-07-10T01:37:43.827+0000] {dagbag.py:541} INFO - Filling up the DagBag from /home/airflow/.local/lib/python3.7/site-packages/airflow/example_dags/example_sla_dag.py
[2023-07-10T01:37:43.836+0000] {processor.py:836} INFO - DAG(s) dict_keys(['example_sla_dag']) retrieved from /home/airflow/.local/lib/python3.7/site-packages/airflow/example_dags/example_sla_dag.py
[2023-07-10T01:37:43.854+0000] {logging_mixin.py:149} INFO - [2023-07-10T01:37:43.854+0000] {dag.py:2726} INFO - Sync 1 DAGs
[2023-07-10T01:37:43.877+0000] {logging_mixin.py:149} INFO - [2023-07-10T01:37:43.877+0000] {dag.py:3490} INFO - Setting next_dagrun for example_sla_dag to 2023-07-10T01:34:00+00:00, run_after=2023-07-10T01:36:00+00:00
[2023-07-10T01:37:43.895+0000] {processor.py:179} INFO - Processing /home/airflow/.local/lib/python3.7/site-packages/airflow/example_dags/example_sla_dag.py took 0.071 seconds
[2023-07-10T01:38:14.156+0000] {processor.py:157} INFO - Started process (PID=2086) to work on /home/airflow/.local/lib/python3.7/site-packages/airflow/example_dags/example_sla_dag.py
[2023-07-10T01:38:14.157+0000] {processor.py:826} INFO - Processing file /home/airflow/.local/lib/python3.7/site-packages/airflow/example_dags/example_sla_dag.py for tasks to queue
[2023-07-10T01:38:14.159+0000] {logging_mixin.py:149} INFO - [2023-07-10T01:38:14.158+0000] {dagbag.py:541} INFO - Filling up the DagBag from /home/airflow/.local/lib/python3.7/site-packages/airflow/example_dags/example_sla_dag.py
[2023-07-10T01:38:14.166+0000] {processor.py:836} INFO - DAG(s) dict_keys(['example_sla_dag']) retrieved from /home/airflow/.local/lib/python3.7/site-packages/airflow/example_dags/example_sla_dag.py
[2023-07-10T01:38:14.186+0000] {logging_mixin.py:149} INFO - [2023-07-10T01:38:14.186+0000] {dag.py:2726} INFO - Sync 1 DAGs
[2023-07-10T01:38:14.209+0000] {logging_mixin.py:149} INFO - [2023-07-10T01:38:14.209+0000] {dag.py:3490} INFO - Setting next_dagrun for example_sla_dag to 2023-07-10T01:36:00+00:00, run_after=2023-07-10T01:38:00+00:00
[2023-07-10T01:38:14.225+0000] {processor.py:179} INFO - Processing /home/airflow/.local/lib/python3.7/site-packages/airflow/example_dags/example_sla_dag.py took 0.072 seconds
[2023-07-10T01:38:44.817+0000] {processor.py:157} INFO - Started process (PID=2335) to work on /home/airflow/.local/lib/python3.7/site-packages/airflow/example_dags/example_sla_dag.py
[2023-07-10T01:38:44.818+0000] {processor.py:826} INFO - Processing file /home/airflow/.local/lib/python3.7/site-packages/airflow/example_dags/example_sla_dag.py for tasks to queue
[2023-07-10T01:38:44.819+0000] {logging_mixin.py:149} INFO - [2023-07-10T01:38:44.819+0000] {dagbag.py:541} INFO - Filling up the DagBag from /home/airflow/.local/lib/python3.7/site-packages/airflow/example_dags/example_sla_dag.py
[2023-07-10T01:38:44.826+0000] {processor.py:836} INFO - DAG(s) dict_keys(['example_sla_dag']) retrieved from /home/airflow/.local/lib/python3.7/site-packages/airflow/example_dags/example_sla_dag.py
[2023-07-10T01:38:44.837+0000] {logging_mixin.py:149} INFO - [2023-07-10T01:38:44.837+0000] {dag.py:2726} INFO - Sync 1 DAGs
[2023-07-10T01:38:44.862+0000] {logging_mixin.py:149} INFO - [2023-07-10T01:38:44.861+0000] {dag.py:3490} INFO - Setting next_dagrun for example_sla_dag to 2023-07-10T01:36:00+00:00, run_after=2023-07-10T01:38:00+00:00
[2023-07-10T01:38:44.877+0000] {processor.py:179} INFO - Processing /home/airflow/.local/lib/python3.7/site-packages/airflow/example_dags/example_sla_dag.py took 0.062 seconds
[2023-07-10T01:39:15.608+0000] {processor.py:157} INFO - Started process (PID=2584) to work on /home/airflow/.local/lib/python3.7/site-packages/airflow/example_dags/example_sla_dag.py
[2023-07-10T01:39:15.609+0000] {processor.py:826} INFO - Processing file /home/airflow/.local/lib/python3.7/site-packages/airflow/example_dags/example_sla_dag.py for tasks to queue
[2023-07-10T01:39:15.610+0000] {logging_mixin.py:149} INFO - [2023-07-10T01:39:15.610+0000] {dagbag.py:541} INFO - Filling up the DagBag from /home/airflow/.local/lib/python3.7/site-packages/airflow/example_dags/example_sla_dag.py
[2023-07-10T01:39:15.617+0000] {processor.py:836} INFO - DAG(s) dict_keys(['example_sla_dag']) retrieved from /home/airflow/.local/lib/python3.7/site-packages/airflow/example_dags/example_sla_dag.py
[2023-07-10T01:39:15.636+0000] {logging_mixin.py:149} INFO - [2023-07-10T01:39:15.636+0000] {dag.py:2726} INFO - Sync 1 DAGs
[2023-07-10T01:39:15.661+0000] {logging_mixin.py:149} INFO - [2023-07-10T01:39:15.661+0000] {dag.py:3490} INFO - Setting next_dagrun for example_sla_dag to 2023-07-10T01:36:00+00:00, run_after=2023-07-10T01:38:00+00:00
[2023-07-10T01:39:15.677+0000] {processor.py:179} INFO - Processing /home/airflow/.local/lib/python3.7/site-packages/airflow/example_dags/example_sla_dag.py took 0.071 seconds
[2023-07-10T01:39:46.655+0000] {processor.py:157} INFO - Started process (PID=2833) to work on /home/airflow/.local/lib/python3.7/site-packages/airflow/example_dags/example_sla_dag.py
[2023-07-10T01:39:46.656+0000] {processor.py:826} INFO - Processing file /home/airflow/.local/lib/python3.7/site-packages/airflow/example_dags/example_sla_dag.py for tasks to queue
[2023-07-10T01:39:46.657+0000] {logging_mixin.py:149} INFO - [2023-07-10T01:39:46.657+0000] {dagbag.py:541} INFO - Filling up the DagBag from /home/airflow/.local/lib/python3.7/site-packages/airflow/example_dags/example_sla_dag.py
[2023-07-10T01:39:46.664+0000] {processor.py:836} INFO - DAG(s) dict_keys(['example_sla_dag']) retrieved from /home/airflow/.local/lib/python3.7/site-packages/airflow/example_dags/example_sla_dag.py
[2023-07-10T01:39:46.683+0000] {logging_mixin.py:149} INFO - [2023-07-10T01:39:46.683+0000] {dag.py:2726} INFO - Sync 1 DAGs
[2023-07-10T01:39:46.706+0000] {logging_mixin.py:149} INFO - [2023-07-10T01:39:46.706+0000] {dag.py:3490} INFO - Setting next_dagrun for example_sla_dag to 2023-07-10T01:36:00+00:00, run_after=2023-07-10T01:38:00+00:00
[2023-07-10T01:39:46.721+0000] {processor.py:179} INFO - Processing /home/airflow/.local/lib/python3.7/site-packages/airflow/example_dags/example_sla_dag.py took 0.069 seconds
[2023-07-10T01:40:17.705+0000] {processor.py:157} INFO - Started process (PID=3082) to work on /home/airflow/.local/lib/python3.7/site-packages/airflow/example_dags/example_sla_dag.py
[2023-07-10T01:40:17.706+0000] {processor.py:826} INFO - Processing file /home/airflow/.local/lib/python3.7/site-packages/airflow/example_dags/example_sla_dag.py for tasks to queue
[2023-07-10T01:40:17.707+0000] {logging_mixin.py:149} INFO - [2023-07-10T01:40:17.707+0000] {dagbag.py:541} INFO - Filling up the DagBag from /home/airflow/.local/lib/python3.7/site-packages/airflow/example_dags/example_sla_dag.py
[2023-07-10T01:40:17.715+0000] {processor.py:836} INFO - DAG(s) dict_keys(['example_sla_dag']) retrieved from /home/airflow/.local/lib/python3.7/site-packages/airflow/example_dags/example_sla_dag.py
[2023-07-10T01:40:17.735+0000] {logging_mixin.py:149} INFO - [2023-07-10T01:40:17.735+0000] {dag.py:2726} INFO - Sync 1 DAGs
[2023-07-10T01:40:17.760+0000] {logging_mixin.py:149} INFO - [2023-07-10T01:40:17.759+0000] {dag.py:3490} INFO - Setting next_dagrun for example_sla_dag to 2023-07-10T01:38:00+00:00, run_after=2023-07-10T01:40:00+00:00
[2023-07-10T01:40:17.776+0000] {processor.py:179} INFO - Processing /home/airflow/.local/lib/python3.7/site-packages/airflow/example_dags/example_sla_dag.py took 0.074 seconds
[2023-07-10T01:40:48.263+0000] {processor.py:157} INFO - Started process (PID=3331) to work on /home/airflow/.local/lib/python3.7/site-packages/airflow/example_dags/example_sla_dag.py
[2023-07-10T01:40:48.264+0000] {processor.py:826} INFO - Processing file /home/airflow/.local/lib/python3.7/site-packages/airflow/example_dags/example_sla_dag.py for tasks to queue
[2023-07-10T01:40:48.265+0000] {logging_mixin.py:149} INFO - [2023-07-10T01:40:48.265+0000] {dagbag.py:541} INFO - Filling up the DagBag from /home/airflow/.local/lib/python3.7/site-packages/airflow/example_dags/example_sla_dag.py
[2023-07-10T01:40:48.273+0000] {processor.py:836} INFO - DAG(s) dict_keys(['example_sla_dag']) retrieved from /home/airflow/.local/lib/python3.7/site-packages/airflow/example_dags/example_sla_dag.py
[2023-07-10T01:40:48.292+0000] {logging_mixin.py:149} INFO - [2023-07-10T01:40:48.292+0000] {dag.py:2726} INFO - Sync 1 DAGs
[2023-07-10T01:40:48.317+0000] {logging_mixin.py:149} INFO - [2023-07-10T01:40:48.317+0000] {dag.py:3490} INFO - Setting next_dagrun for example_sla_dag to 2023-07-10T01:38:00+00:00, run_after=2023-07-10T01:40:00+00:00
[2023-07-10T01:40:48.336+0000] {processor.py:179} INFO - Processing /home/airflow/.local/lib/python3.7/site-packages/airflow/example_dags/example_sla_dag.py took 0.076 seconds
[2023-07-10T01:41:18.967+0000] {processor.py:157} INFO - Started process (PID=3580) to work on /home/airflow/.local/lib/python3.7/site-packages/airflow/example_dags/example_sla_dag.py
[2023-07-10T01:41:18.968+0000] {processor.py:826} INFO - Processing file /home/airflow/.local/lib/python3.7/site-packages/airflow/example_dags/example_sla_dag.py for tasks to queue
[2023-07-10T01:41:18.969+0000] {logging_mixin.py:149} INFO - [2023-07-10T01:41:18.969+0000] {dagbag.py:541} INFO - Filling up the DagBag from /home/airflow/.local/lib/python3.7/site-packages/airflow/example_dags/example_sla_dag.py
[2023-07-10T01:41:18.976+0000] {processor.py:836} INFO - DAG(s) dict_keys(['example_sla_dag']) retrieved from /home/airflow/.local/lib/python3.7/site-packages/airflow/example_dags/example_sla_dag.py
[2023-07-10T01:41:18.996+0000] {logging_mixin.py:149} INFO - [2023-07-10T01:41:18.996+0000] {dag.py:2726} INFO - Sync 1 DAGs
[2023-07-10T01:41:19.023+0000] {logging_mixin.py:149} INFO - [2023-07-10T01:41:19.022+0000] {dag.py:3490} INFO - Setting next_dagrun for example_sla_dag to 2023-07-10T01:38:00+00:00, run_after=2023-07-10T01:40:00+00:00
[2023-07-10T01:41:19.041+0000] {processor.py:179} INFO - Processing /home/airflow/.local/lib/python3.7/site-packages/airflow/example_dags/example_sla_dag.py took 0.076 seconds
[2023-07-10T01:41:49.729+0000] {processor.py:157} INFO - Started process (PID=3829) to work on /home/airflow/.local/lib/python3.7/site-packages/airflow/example_dags/example_sla_dag.py
[2023-07-10T01:41:49.731+0000] {processor.py:826} INFO - Processing file /home/airflow/.local/lib/python3.7/site-packages/airflow/example_dags/example_sla_dag.py for tasks to queue
[2023-07-10T01:41:49.732+0000] {logging_mixin.py:149} INFO - [2023-07-10T01:41:49.732+0000] {dagbag.py:541} INFO - Filling up the DagBag from /home/airflow/.local/lib/python3.7/site-packages/airflow/example_dags/example_sla_dag.py
[2023-07-10T01:41:49.740+0000] {processor.py:836} INFO - DAG(s) dict_keys(['example_sla_dag']) retrieved from /home/airflow/.local/lib/python3.7/site-packages/airflow/example_dags/example_sla_dag.py
[2023-07-10T01:41:49.761+0000] {logging_mixin.py:149} INFO - [2023-07-10T01:41:49.761+0000] {dag.py:2726} INFO - Sync 1 DAGs
[2023-07-10T01:41:49.784+0000] {logging_mixin.py:149} INFO - [2023-07-10T01:41:49.784+0000] {dag.py:3490} INFO - Setting next_dagrun for example_sla_dag to 2023-07-10T01:38:00+00:00, run_after=2023-07-10T01:40:00+00:00
[2023-07-10T01:41:49.804+0000] {processor.py:179} INFO - Processing /home/airflow/.local/lib/python3.7/site-packages/airflow/example_dags/example_sla_dag.py took 0.078 seconds
[2023-07-10T01:42:20.229+0000] {processor.py:157} INFO - Started process (PID=4078) to work on /home/airflow/.local/lib/python3.7/site-packages/airflow/example_dags/example_sla_dag.py
[2023-07-10T01:42:20.230+0000] {processor.py:826} INFO - Processing file /home/airflow/.local/lib/python3.7/site-packages/airflow/example_dags/example_sla_dag.py for tasks to queue
[2023-07-10T01:42:20.231+0000] {logging_mixin.py:149} INFO - [2023-07-10T01:42:20.231+0000] {dagbag.py:541} INFO - Filling up the DagBag from /home/airflow/.local/lib/python3.7/site-packages/airflow/example_dags/example_sla_dag.py
[2023-07-10T01:42:20.239+0000] {processor.py:836} INFO - DAG(s) dict_keys(['example_sla_dag']) retrieved from /home/airflow/.local/lib/python3.7/site-packages/airflow/example_dags/example_sla_dag.py
[2023-07-10T01:42:20.260+0000] {logging_mixin.py:149} INFO - [2023-07-10T01:42:20.260+0000] {dag.py:2726} INFO - Sync 1 DAGs
[2023-07-10T01:42:20.286+0000] {logging_mixin.py:149} INFO - [2023-07-10T01:42:20.286+0000] {dag.py:3490} INFO - Setting next_dagrun for example_sla_dag to 2023-07-10T01:40:00+00:00, run_after=2023-07-10T01:42:00+00:00
[2023-07-10T01:42:20.302+0000] {processor.py:179} INFO - Processing /home/airflow/.local/lib/python3.7/site-packages/airflow/example_dags/example_sla_dag.py took 0.075 seconds
[2023-07-10T01:42:50.870+0000] {processor.py:157} INFO - Started process (PID=4327) to work on /home/airflow/.local/lib/python3.7/site-packages/airflow/example_dags/example_sla_dag.py
[2023-07-10T01:42:50.871+0000] {processor.py:826} INFO - Processing file /home/airflow/.local/lib/python3.7/site-packages/airflow/example_dags/example_sla_dag.py for tasks to queue
[2023-07-10T01:42:50.872+0000] {logging_mixin.py:149} INFO - [2023-07-10T01:42:50.872+0000] {dagbag.py:541} INFO - Filling up the DagBag from /home/airflow/.local/lib/python3.7/site-packages/airflow/example_dags/example_sla_dag.py
[2023-07-10T01:42:50.879+0000] {processor.py:836} INFO - DAG(s) dict_keys(['example_sla_dag']) retrieved from /home/airflow/.local/lib/python3.7/site-packages/airflow/example_dags/example_sla_dag.py
[2023-07-10T01:42:50.903+0000] {logging_mixin.py:149} INFO - [2023-07-10T01:42:50.903+0000] {dag.py:2726} INFO - Sync 1 DAGs
[2023-07-10T01:42:50.935+0000] {logging_mixin.py:149} INFO - [2023-07-10T01:42:50.935+0000] {dag.py:3490} INFO - Setting next_dagrun for example_sla_dag to 2023-07-10T01:40:00+00:00, run_after=2023-07-10T01:42:00+00:00
[2023-07-10T01:42:50.956+0000] {processor.py:179} INFO - Processing /home/airflow/.local/lib/python3.7/site-packages/airflow/example_dags/example_sla_dag.py took 0.089 seconds
[2023-07-10T01:43:21.417+0000] {processor.py:157} INFO - Started process (PID=4576) to work on /home/airflow/.local/lib/python3.7/site-packages/airflow/example_dags/example_sla_dag.py
[2023-07-10T01:43:21.418+0000] {processor.py:826} INFO - Processing file /home/airflow/.local/lib/python3.7/site-packages/airflow/example_dags/example_sla_dag.py for tasks to queue
[2023-07-10T01:43:21.419+0000] {logging_mixin.py:149} INFO - [2023-07-10T01:43:21.419+0000] {dagbag.py:541} INFO - Filling up the DagBag from /home/airflow/.local/lib/python3.7/site-packages/airflow/example_dags/example_sla_dag.py
[2023-07-10T01:43:21.426+0000] {processor.py:836} INFO - DAG(s) dict_keys(['example_sla_dag']) retrieved from /home/airflow/.local/lib/python3.7/site-packages/airflow/example_dags/example_sla_dag.py
[2023-07-10T01:43:21.445+0000] {logging_mixin.py:149} INFO - [2023-07-10T01:43:21.445+0000] {dag.py:2726} INFO - Sync 1 DAGs
[2023-07-10T01:43:21.469+0000] {logging_mixin.py:149} INFO - [2023-07-10T01:43:21.469+0000] {dag.py:3490} INFO - Setting next_dagrun for example_sla_dag to 2023-07-10T01:40:00+00:00, run_after=2023-07-10T01:42:00+00:00
[2023-07-10T01:43:21.485+0000] {processor.py:179} INFO - Processing /home/airflow/.local/lib/python3.7/site-packages/airflow/example_dags/example_sla_dag.py took 0.071 seconds
[2023-07-10T01:43:51.953+0000] {processor.py:157} INFO - Started process (PID=4826) to work on /home/airflow/.local/lib/python3.7/site-packages/airflow/example_dags/example_sla_dag.py
[2023-07-10T01:43:51.954+0000] {processor.py:826} INFO - Processing file /home/airflow/.local/lib/python3.7/site-packages/airflow/example_dags/example_sla_dag.py for tasks to queue
[2023-07-10T01:43:51.955+0000] {logging_mixin.py:149} INFO - [2023-07-10T01:43:51.955+0000] {dagbag.py:541} INFO - Filling up the DagBag from /home/airflow/.local/lib/python3.7/site-packages/airflow/example_dags/example_sla_dag.py
[2023-07-10T01:43:51.962+0000] {processor.py:836} INFO - DAG(s) dict_keys(['example_sla_dag']) retrieved from /home/airflow/.local/lib/python3.7/site-packages/airflow/example_dags/example_sla_dag.py
[2023-07-10T01:43:51.980+0000] {logging_mixin.py:149} INFO - [2023-07-10T01:43:51.980+0000] {dag.py:2726} INFO - Sync 1 DAGs
[2023-07-10T01:43:52.005+0000] {logging_mixin.py:149} INFO - [2023-07-10T01:43:52.005+0000] {dag.py:3490} INFO - Setting next_dagrun for example_sla_dag to 2023-07-10T01:40:00+00:00, run_after=2023-07-10T01:42:00+00:00
[2023-07-10T01:43:52.023+0000] {processor.py:179} INFO - Processing /home/airflow/.local/lib/python3.7/site-packages/airflow/example_dags/example_sla_dag.py took 0.072 seconds
[2023-07-10T01:44:22.631+0000] {processor.py:157} INFO - Started process (PID=5075) to work on /home/airflow/.local/lib/python3.7/site-packages/airflow/example_dags/example_sla_dag.py
[2023-07-10T01:44:22.632+0000] {processor.py:826} INFO - Processing file /home/airflow/.local/lib/python3.7/site-packages/airflow/example_dags/example_sla_dag.py for tasks to queue
[2023-07-10T01:44:22.632+0000] {logging_mixin.py:149} INFO - [2023-07-10T01:44:22.632+0000] {dagbag.py:541} INFO - Filling up the DagBag from /home/airflow/.local/lib/python3.7/site-packages/airflow/example_dags/example_sla_dag.py
[2023-07-10T01:44:22.639+0000] {processor.py:836} INFO - DAG(s) dict_keys(['example_sla_dag']) retrieved from /home/airflow/.local/lib/python3.7/site-packages/airflow/example_dags/example_sla_dag.py
[2023-07-10T01:44:22.659+0000] {logging_mixin.py:149} INFO - [2023-07-10T01:44:22.659+0000] {dag.py:2726} INFO - Sync 1 DAGs
[2023-07-10T01:44:22.685+0000] {logging_mixin.py:149} INFO - [2023-07-10T01:44:22.684+0000] {dag.py:3490} INFO - Setting next_dagrun for example_sla_dag to 2023-07-10T01:42:00+00:00, run_after=2023-07-10T01:44:00+00:00
[2023-07-10T01:44:22.704+0000] {processor.py:179} INFO - Processing /home/airflow/.local/lib/python3.7/site-packages/airflow/example_dags/example_sla_dag.py took 0.076 seconds
[2023-07-10T01:44:53.261+0000] {processor.py:157} INFO - Started process (PID=5324) to work on /home/airflow/.local/lib/python3.7/site-packages/airflow/example_dags/example_sla_dag.py
[2023-07-10T01:44:53.262+0000] {processor.py:826} INFO - Processing file /home/airflow/.local/lib/python3.7/site-packages/airflow/example_dags/example_sla_dag.py for tasks to queue
[2023-07-10T01:44:53.263+0000] {logging_mixin.py:149} INFO - [2023-07-10T01:44:53.262+0000] {dagbag.py:541} INFO - Filling up the DagBag from /home/airflow/.local/lib/python3.7/site-packages/airflow/example_dags/example_sla_dag.py
[2023-07-10T01:44:53.269+0000] {processor.py:836} INFO - DAG(s) dict_keys(['example_sla_dag']) retrieved from /home/airflow/.local/lib/python3.7/site-packages/airflow/example_dags/example_sla_dag.py
[2023-07-10T01:44:53.289+0000] {logging_mixin.py:149} INFO - [2023-07-10T01:44:53.289+0000] {dag.py:2726} INFO - Sync 1 DAGs
[2023-07-10T01:44:53.314+0000] {logging_mixin.py:149} INFO - [2023-07-10T01:44:53.314+0000] {dag.py:3490} INFO - Setting next_dagrun for example_sla_dag to 2023-07-10T01:42:00+00:00, run_after=2023-07-10T01:44:00+00:00
[2023-07-10T01:44:53.329+0000] {processor.py:179} INFO - Processing /home/airflow/.local/lib/python3.7/site-packages/airflow/example_dags/example_sla_dag.py took 0.070 seconds
[2023-07-10T01:45:23.864+0000] {processor.py:157} INFO - Started process (PID=5573) to work on /home/airflow/.local/lib/python3.7/site-packages/airflow/example_dags/example_sla_dag.py
[2023-07-10T01:45:23.865+0000] {processor.py:826} INFO - Processing file /home/airflow/.local/lib/python3.7/site-packages/airflow/example_dags/example_sla_dag.py for tasks to queue
[2023-07-10T01:45:23.866+0000] {logging_mixin.py:149} INFO - [2023-07-10T01:45:23.866+0000] {dagbag.py:541} INFO - Filling up the DagBag from /home/airflow/.local/lib/python3.7/site-packages/airflow/example_dags/example_sla_dag.py
[2023-07-10T01:45:23.873+0000] {processor.py:836} INFO - DAG(s) dict_keys(['example_sla_dag']) retrieved from /home/airflow/.local/lib/python3.7/site-packages/airflow/example_dags/example_sla_dag.py
[2023-07-10T01:45:23.892+0000] {logging_mixin.py:149} INFO - [2023-07-10T01:45:23.892+0000] {dag.py:2726} INFO - Sync 1 DAGs
[2023-07-10T01:45:23.919+0000] {logging_mixin.py:149} INFO - [2023-07-10T01:45:23.919+0000] {dag.py:3490} INFO - Setting next_dagrun for example_sla_dag to 2023-07-10T01:42:00+00:00, run_after=2023-07-10T01:44:00+00:00
[2023-07-10T01:45:23.937+0000] {processor.py:179} INFO - Processing /home/airflow/.local/lib/python3.7/site-packages/airflow/example_dags/example_sla_dag.py took 0.076 seconds
[2023-07-10T01:45:54.453+0000] {processor.py:157} INFO - Started process (PID=5822) to work on /home/airflow/.local/lib/python3.7/site-packages/airflow/example_dags/example_sla_dag.py
[2023-07-10T01:45:54.454+0000] {processor.py:826} INFO - Processing file /home/airflow/.local/lib/python3.7/site-packages/airflow/example_dags/example_sla_dag.py for tasks to queue
[2023-07-10T01:45:54.455+0000] {logging_mixin.py:149} INFO - [2023-07-10T01:45:54.455+0000] {dagbag.py:541} INFO - Filling up the DagBag from /home/airflow/.local/lib/python3.7/site-packages/airflow/example_dags/example_sla_dag.py
[2023-07-10T01:45:54.462+0000] {processor.py:836} INFO - DAG(s) dict_keys(['example_sla_dag']) retrieved from /home/airflow/.local/lib/python3.7/site-packages/airflow/example_dags/example_sla_dag.py
[2023-07-10T01:45:54.482+0000] {logging_mixin.py:149} INFO - [2023-07-10T01:45:54.482+0000] {dag.py:2726} INFO - Sync 1 DAGs
[2023-07-10T01:45:54.508+0000] {logging_mixin.py:149} INFO - [2023-07-10T01:45:54.508+0000] {dag.py:3490} INFO - Setting next_dagrun for example_sla_dag to 2023-07-10T01:42:00+00:00, run_after=2023-07-10T01:44:00+00:00
[2023-07-10T01:45:54.526+0000] {processor.py:179} INFO - Processing /home/airflow/.local/lib/python3.7/site-packages/airflow/example_dags/example_sla_dag.py took 0.076 seconds
[2023-07-10T01:46:25.259+0000] {processor.py:157} INFO - Started process (PID=6073) to work on /home/airflow/.local/lib/python3.7/site-packages/airflow/example_dags/example_sla_dag.py
[2023-07-10T01:46:25.260+0000] {processor.py:826} INFO - Processing file /home/airflow/.local/lib/python3.7/site-packages/airflow/example_dags/example_sla_dag.py for tasks to queue
[2023-07-10T01:46:25.261+0000] {logging_mixin.py:149} INFO - [2023-07-10T01:46:25.260+0000] {dagbag.py:541} INFO - Filling up the DagBag from /home/airflow/.local/lib/python3.7/site-packages/airflow/example_dags/example_sla_dag.py
[2023-07-10T01:46:25.268+0000] {processor.py:836} INFO - DAG(s) dict_keys(['example_sla_dag']) retrieved from /home/airflow/.local/lib/python3.7/site-packages/airflow/example_dags/example_sla_dag.py
[2023-07-10T01:46:25.286+0000] {logging_mixin.py:149} INFO - [2023-07-10T01:46:25.286+0000] {dag.py:2726} INFO - Sync 1 DAGs
[2023-07-10T01:46:25.310+0000] {logging_mixin.py:149} INFO - [2023-07-10T01:46:25.310+0000] {dag.py:3490} INFO - Setting next_dagrun for example_sla_dag to 2023-07-10T01:44:00+00:00, run_after=2023-07-10T01:46:00+00:00
[2023-07-10T01:46:25.326+0000] {processor.py:179} INFO - Processing /home/airflow/.local/lib/python3.7/site-packages/airflow/example_dags/example_sla_dag.py took 0.070 seconds
[2023-07-10T01:46:55.871+0000] {processor.py:157} INFO - Started process (PID=6320) to work on /home/airflow/.local/lib/python3.7/site-packages/airflow/example_dags/example_sla_dag.py
[2023-07-10T01:46:55.872+0000] {processor.py:826} INFO - Processing file /home/airflow/.local/lib/python3.7/site-packages/airflow/example_dags/example_sla_dag.py for tasks to queue
[2023-07-10T01:46:55.873+0000] {logging_mixin.py:149} INFO - [2023-07-10T01:46:55.873+0000] {dagbag.py:541} INFO - Filling up the DagBag from /home/airflow/.local/lib/python3.7/site-packages/airflow/example_dags/example_sla_dag.py
[2023-07-10T01:46:55.880+0000] {processor.py:836} INFO - DAG(s) dict_keys(['example_sla_dag']) retrieved from /home/airflow/.local/lib/python3.7/site-packages/airflow/example_dags/example_sla_dag.py
[2023-07-10T01:46:55.900+0000] {logging_mixin.py:149} INFO - [2023-07-10T01:46:55.900+0000] {dag.py:2726} INFO - Sync 1 DAGs
[2023-07-10T01:46:55.925+0000] {logging_mixin.py:149} INFO - [2023-07-10T01:46:55.925+0000] {dag.py:3490} INFO - Setting next_dagrun for example_sla_dag to 2023-07-10T01:44:00+00:00, run_after=2023-07-10T01:46:00+00:00
[2023-07-10T01:46:55.941+0000] {processor.py:179} INFO - Processing /home/airflow/.local/lib/python3.7/site-packages/airflow/example_dags/example_sla_dag.py took 0.072 seconds
[2023-07-10T01:47:26.408+0000] {processor.py:157} INFO - Started process (PID=6569) to work on /home/airflow/.local/lib/python3.7/site-packages/airflow/example_dags/example_sla_dag.py
[2023-07-10T01:47:26.409+0000] {processor.py:826} INFO - Processing file /home/airflow/.local/lib/python3.7/site-packages/airflow/example_dags/example_sla_dag.py for tasks to queue
[2023-07-10T01:47:26.410+0000] {logging_mixin.py:149} INFO - [2023-07-10T01:47:26.410+0000] {dagbag.py:541} INFO - Filling up the DagBag from /home/airflow/.local/lib/python3.7/site-packages/airflow/example_dags/example_sla_dag.py
[2023-07-10T01:47:26.417+0000] {processor.py:836} INFO - DAG(s) dict_keys(['example_sla_dag']) retrieved from /home/airflow/.local/lib/python3.7/site-packages/airflow/example_dags/example_sla_dag.py
[2023-07-10T01:47:26.438+0000] {logging_mixin.py:149} INFO - [2023-07-10T01:47:26.438+0000] {dag.py:2726} INFO - Sync 1 DAGs
[2023-07-10T01:47:26.461+0000] {logging_mixin.py:149} INFO - [2023-07-10T01:47:26.461+0000] {dag.py:3490} INFO - Setting next_dagrun for example_sla_dag to 2023-07-10T01:44:00+00:00, run_after=2023-07-10T01:46:00+00:00
[2023-07-10T01:47:26.477+0000] {processor.py:179} INFO - Processing /home/airflow/.local/lib/python3.7/site-packages/airflow/example_dags/example_sla_dag.py took 0.071 seconds
[2023-07-10T01:47:56.888+0000] {processor.py:157} INFO - Started process (PID=6818) to work on /home/airflow/.local/lib/python3.7/site-packages/airflow/example_dags/example_sla_dag.py
[2023-07-10T01:47:56.889+0000] {processor.py:826} INFO - Processing file /home/airflow/.local/lib/python3.7/site-packages/airflow/example_dags/example_sla_dag.py for tasks to queue
[2023-07-10T01:47:56.890+0000] {logging_mixin.py:149} INFO - [2023-07-10T01:47:56.890+0000] {dagbag.py:541} INFO - Filling up the DagBag from /home/airflow/.local/lib/python3.7/site-packages/airflow/example_dags/example_sla_dag.py
[2023-07-10T01:47:56.897+0000] {processor.py:836} INFO - DAG(s) dict_keys(['example_sla_dag']) retrieved from /home/airflow/.local/lib/python3.7/site-packages/airflow/example_dags/example_sla_dag.py
[2023-07-10T01:47:56.916+0000] {logging_mixin.py:149} INFO - [2023-07-10T01:47:56.916+0000] {dag.py:2726} INFO - Sync 1 DAGs
[2023-07-10T01:47:56.941+0000] {logging_mixin.py:149} INFO - [2023-07-10T01:47:56.941+0000] {dag.py:3490} INFO - Setting next_dagrun for example_sla_dag to 2023-07-10T01:44:00+00:00, run_after=2023-07-10T01:46:00+00:00
[2023-07-10T01:47:56.957+0000] {processor.py:179} INFO - Processing /home/airflow/.local/lib/python3.7/site-packages/airflow/example_dags/example_sla_dag.py took 0.072 seconds
[2023-07-10T01:48:27.407+0000] {processor.py:157} INFO - Started process (PID=7067) to work on /home/airflow/.local/lib/python3.7/site-packages/airflow/example_dags/example_sla_dag.py
[2023-07-10T01:48:27.408+0000] {processor.py:826} INFO - Processing file /home/airflow/.local/lib/python3.7/site-packages/airflow/example_dags/example_sla_dag.py for tasks to queue
[2023-07-10T01:48:27.409+0000] {logging_mixin.py:149} INFO - [2023-07-10T01:48:27.409+0000] {dagbag.py:541} INFO - Filling up the DagBag from /home/airflow/.local/lib/python3.7/site-packages/airflow/example_dags/example_sla_dag.py
[2023-07-10T01:48:27.416+0000] {processor.py:836} INFO - DAG(s) dict_keys(['example_sla_dag']) retrieved from /home/airflow/.local/lib/python3.7/site-packages/airflow/example_dags/example_sla_dag.py
[2023-07-10T01:48:27.435+0000] {logging_mixin.py:149} INFO - [2023-07-10T01:48:27.435+0000] {dag.py:2726} INFO - Sync 1 DAGs
[2023-07-10T01:48:27.458+0000] {logging_mixin.py:149} INFO - [2023-07-10T01:48:27.458+0000] {dag.py:3490} INFO - Setting next_dagrun for example_sla_dag to 2023-07-10T01:46:00+00:00, run_after=2023-07-10T01:48:00+00:00
[2023-07-10T01:48:27.475+0000] {processor.py:179} INFO - Processing /home/airflow/.local/lib/python3.7/site-packages/airflow/example_dags/example_sla_dag.py took 0.071 seconds
[2023-07-10T01:48:58.067+0000] {processor.py:157} INFO - Started process (PID=7316) to work on /home/airflow/.local/lib/python3.7/site-packages/airflow/example_dags/example_sla_dag.py
[2023-07-10T01:48:58.068+0000] {processor.py:826} INFO - Processing file /home/airflow/.local/lib/python3.7/site-packages/airflow/example_dags/example_sla_dag.py for tasks to queue
[2023-07-10T01:48:58.069+0000] {logging_mixin.py:149} INFO - [2023-07-10T01:48:58.069+0000] {dagbag.py:541} INFO - Filling up the DagBag from /home/airflow/.local/lib/python3.7/site-packages/airflow/example_dags/example_sla_dag.py
[2023-07-10T01:48:58.076+0000] {processor.py:836} INFO - DAG(s) dict_keys(['example_sla_dag']) retrieved from /home/airflow/.local/lib/python3.7/site-packages/airflow/example_dags/example_sla_dag.py
[2023-07-10T01:48:58.095+0000] {logging_mixin.py:149} INFO - [2023-07-10T01:48:58.095+0000] {dag.py:2726} INFO - Sync 1 DAGs
[2023-07-10T01:48:58.120+0000] {logging_mixin.py:149} INFO - [2023-07-10T01:48:58.119+0000] {dag.py:3490} INFO - Setting next_dagrun for example_sla_dag to 2023-07-10T01:46:00+00:00, run_after=2023-07-10T01:48:00+00:00
[2023-07-10T01:48:58.137+0000] {processor.py:179} INFO - Processing /home/airflow/.local/lib/python3.7/site-packages/airflow/example_dags/example_sla_dag.py took 0.073 seconds
[2023-07-10T01:49:28.492+0000] {processor.py:157} INFO - Started process (PID=7565) to work on /home/airflow/.local/lib/python3.7/site-packages/airflow/example_dags/example_sla_dag.py
[2023-07-10T01:49:28.493+0000] {processor.py:826} INFO - Processing file /home/airflow/.local/lib/python3.7/site-packages/airflow/example_dags/example_sla_dag.py for tasks to queue
[2023-07-10T01:49:28.494+0000] {logging_mixin.py:149} INFO - [2023-07-10T01:49:28.494+0000] {dagbag.py:541} INFO - Filling up the DagBag from /home/airflow/.local/lib/python3.7/site-packages/airflow/example_dags/example_sla_dag.py
[2023-07-10T01:49:28.501+0000] {processor.py:836} INFO - DAG(s) dict_keys(['example_sla_dag']) retrieved from /home/airflow/.local/lib/python3.7/site-packages/airflow/example_dags/example_sla_dag.py
[2023-07-10T01:49:28.520+0000] {logging_mixin.py:149} INFO - [2023-07-10T01:49:28.520+0000] {dag.py:2726} INFO - Sync 1 DAGs
[2023-07-10T01:49:28.544+0000] {logging_mixin.py:149} INFO - [2023-07-10T01:49:28.544+0000] {dag.py:3490} INFO - Setting next_dagrun for example_sla_dag to 2023-07-10T01:46:00+00:00, run_after=2023-07-10T01:48:00+00:00
[2023-07-10T01:49:28.559+0000] {processor.py:179} INFO - Processing /home/airflow/.local/lib/python3.7/site-packages/airflow/example_dags/example_sla_dag.py took 0.070 seconds
[2023-07-10T01:49:59.121+0000] {processor.py:157} INFO - Started process (PID=7819) to work on /home/airflow/.local/lib/python3.7/site-packages/airflow/example_dags/example_sla_dag.py
[2023-07-10T01:49:59.121+0000] {processor.py:826} INFO - Processing file /home/airflow/.local/lib/python3.7/site-packages/airflow/example_dags/example_sla_dag.py for tasks to queue
[2023-07-10T01:49:59.122+0000] {logging_mixin.py:149} INFO - [2023-07-10T01:49:59.122+0000] {dagbag.py:541} INFO - Filling up the DagBag from /home/airflow/.local/lib/python3.7/site-packages/airflow/example_dags/example_sla_dag.py
[2023-07-10T01:49:59.129+0000] {processor.py:836} INFO - DAG(s) dict_keys(['example_sla_dag']) retrieved from /home/airflow/.local/lib/python3.7/site-packages/airflow/example_dags/example_sla_dag.py
[2023-07-10T01:49:59.151+0000] {logging_mixin.py:149} INFO - [2023-07-10T01:49:59.151+0000] {dag.py:2726} INFO - Sync 1 DAGs
[2023-07-10T01:49:59.177+0000] {logging_mixin.py:149} INFO - [2023-07-10T01:49:59.176+0000] {dag.py:3490} INFO - Setting next_dagrun for example_sla_dag to 2023-07-10T01:46:00+00:00, run_after=2023-07-10T01:48:00+00:00
[2023-07-10T01:49:59.194+0000] {processor.py:179} INFO - Processing /home/airflow/.local/lib/python3.7/site-packages/airflow/example_dags/example_sla_dag.py took 0.076 seconds
[2023-07-10T01:50:29.789+0000] {processor.py:157} INFO - Started process (PID=8073) to work on /home/airflow/.local/lib/python3.7/site-packages/airflow/example_dags/example_sla_dag.py
[2023-07-10T01:50:29.790+0000] {processor.py:826} INFO - Processing file /home/airflow/.local/lib/python3.7/site-packages/airflow/example_dags/example_sla_dag.py for tasks to queue
[2023-07-10T01:50:29.791+0000] {logging_mixin.py:149} INFO - [2023-07-10T01:50:29.791+0000] {dagbag.py:541} INFO - Filling up the DagBag from /home/airflow/.local/lib/python3.7/site-packages/airflow/example_dags/example_sla_dag.py
[2023-07-10T01:50:29.798+0000] {processor.py:836} INFO - DAG(s) dict_keys(['example_sla_dag']) retrieved from /home/airflow/.local/lib/python3.7/site-packages/airflow/example_dags/example_sla_dag.py
[2023-07-10T01:50:29.818+0000] {logging_mixin.py:149} INFO - [2023-07-10T01:50:29.818+0000] {dag.py:2726} INFO - Sync 1 DAGs
[2023-07-10T01:50:29.843+0000] {logging_mixin.py:149} INFO - [2023-07-10T01:50:29.843+0000] {dag.py:3490} INFO - Setting next_dagrun for example_sla_dag to 2023-07-10T01:48:00+00:00, run_after=2023-07-10T01:50:00+00:00
[2023-07-10T01:50:29.861+0000] {processor.py:179} INFO - Processing /home/airflow/.local/lib/python3.7/site-packages/airflow/example_dags/example_sla_dag.py took 0.075 seconds
[2023-07-10T01:51:00.372+0000] {processor.py:157} INFO - Started process (PID=8327) to work on /home/airflow/.local/lib/python3.7/site-packages/airflow/example_dags/example_sla_dag.py
[2023-07-10T01:51:00.373+0000] {processor.py:826} INFO - Processing file /home/airflow/.local/lib/python3.7/site-packages/airflow/example_dags/example_sla_dag.py for tasks to queue
[2023-07-10T01:51:00.374+0000] {logging_mixin.py:149} INFO - [2023-07-10T01:51:00.374+0000] {dagbag.py:541} INFO - Filling up the DagBag from /home/airflow/.local/lib/python3.7/site-packages/airflow/example_dags/example_sla_dag.py
[2023-07-10T01:51:00.381+0000] {processor.py:836} INFO - DAG(s) dict_keys(['example_sla_dag']) retrieved from /home/airflow/.local/lib/python3.7/site-packages/airflow/example_dags/example_sla_dag.py
[2023-07-10T01:51:00.401+0000] {logging_mixin.py:149} INFO - [2023-07-10T01:51:00.400+0000] {dag.py:2726} INFO - Sync 1 DAGs
[2023-07-10T01:51:00.425+0000] {logging_mixin.py:149} INFO - [2023-07-10T01:51:00.425+0000] {dag.py:3490} INFO - Setting next_dagrun for example_sla_dag to 2023-07-10T01:48:00+00:00, run_after=2023-07-10T01:50:00+00:00
[2023-07-10T01:51:00.443+0000] {processor.py:179} INFO - Processing /home/airflow/.local/lib/python3.7/site-packages/airflow/example_dags/example_sla_dag.py took 0.074 seconds
[2023-07-10T01:51:31.040+0000] {processor.py:157} INFO - Started process (PID=8581) to work on /home/airflow/.local/lib/python3.7/site-packages/airflow/example_dags/example_sla_dag.py
[2023-07-10T01:51:31.041+0000] {processor.py:826} INFO - Processing file /home/airflow/.local/lib/python3.7/site-packages/airflow/example_dags/example_sla_dag.py for tasks to queue
[2023-07-10T01:51:31.042+0000] {logging_mixin.py:149} INFO - [2023-07-10T01:51:31.042+0000] {dagbag.py:541} INFO - Filling up the DagBag from /home/airflow/.local/lib/python3.7/site-packages/airflow/example_dags/example_sla_dag.py
[2023-07-10T01:51:31.049+0000] {processor.py:836} INFO - DAG(s) dict_keys(['example_sla_dag']) retrieved from /home/airflow/.local/lib/python3.7/site-packages/airflow/example_dags/example_sla_dag.py
[2023-07-10T01:51:31.068+0000] {logging_mixin.py:149} INFO - [2023-07-10T01:51:31.068+0000] {dag.py:2726} INFO - Sync 1 DAGs
[2023-07-10T01:51:31.092+0000] {logging_mixin.py:149} INFO - [2023-07-10T01:51:31.091+0000] {dag.py:3490} INFO - Setting next_dagrun for example_sla_dag to 2023-07-10T01:48:00+00:00, run_after=2023-07-10T01:50:00+00:00
[2023-07-10T01:51:31.109+0000] {processor.py:179} INFO - Processing /home/airflow/.local/lib/python3.7/site-packages/airflow/example_dags/example_sla_dag.py took 0.071 seconds
[2023-07-10T01:52:01.729+0000] {processor.py:157} INFO - Started process (PID=8835) to work on /home/airflow/.local/lib/python3.7/site-packages/airflow/example_dags/example_sla_dag.py
[2023-07-10T01:52:01.730+0000] {processor.py:826} INFO - Processing file /home/airflow/.local/lib/python3.7/site-packages/airflow/example_dags/example_sla_dag.py for tasks to queue
[2023-07-10T01:52:01.731+0000] {logging_mixin.py:149} INFO - [2023-07-10T01:52:01.731+0000] {dagbag.py:541} INFO - Filling up the DagBag from /home/airflow/.local/lib/python3.7/site-packages/airflow/example_dags/example_sla_dag.py
[2023-07-10T01:52:01.738+0000] {processor.py:836} INFO - DAG(s) dict_keys(['example_sla_dag']) retrieved from /home/airflow/.local/lib/python3.7/site-packages/airflow/example_dags/example_sla_dag.py
[2023-07-10T01:52:01.758+0000] {logging_mixin.py:149} INFO - [2023-07-10T01:52:01.758+0000] {dag.py:2726} INFO - Sync 1 DAGs
[2023-07-10T01:52:01.782+0000] {logging_mixin.py:149} INFO - [2023-07-10T01:52:01.781+0000] {dag.py:3490} INFO - Setting next_dagrun for example_sla_dag to 2023-07-10T01:50:00+00:00, run_after=2023-07-10T01:52:00+00:00
[2023-07-10T01:52:01.797+0000] {processor.py:179} INFO - Processing /home/airflow/.local/lib/python3.7/site-packages/airflow/example_dags/example_sla_dag.py took 0.071 seconds
[2023-07-10T01:52:32.501+0000] {processor.py:157} INFO - Started process (PID=9089) to work on /home/airflow/.local/lib/python3.7/site-packages/airflow/example_dags/example_sla_dag.py
[2023-07-10T01:52:32.502+0000] {processor.py:826} INFO - Processing file /home/airflow/.local/lib/python3.7/site-packages/airflow/example_dags/example_sla_dag.py for tasks to queue
[2023-07-10T01:52:32.503+0000] {logging_mixin.py:149} INFO - [2023-07-10T01:52:32.503+0000] {dagbag.py:541} INFO - Filling up the DagBag from /home/airflow/.local/lib/python3.7/site-packages/airflow/example_dags/example_sla_dag.py
[2023-07-10T01:52:32.512+0000] {processor.py:836} INFO - DAG(s) dict_keys(['example_sla_dag']) retrieved from /home/airflow/.local/lib/python3.7/site-packages/airflow/example_dags/example_sla_dag.py
[2023-07-10T01:52:32.533+0000] {logging_mixin.py:149} INFO - [2023-07-10T01:52:32.533+0000] {dag.py:2726} INFO - Sync 1 DAGs
[2023-07-10T01:52:32.557+0000] {logging_mixin.py:149} INFO - [2023-07-10T01:52:32.557+0000] {dag.py:3490} INFO - Setting next_dagrun for example_sla_dag to 2023-07-10T01:50:00+00:00, run_after=2023-07-10T01:52:00+00:00
[2023-07-10T01:52:32.575+0000] {processor.py:179} INFO - Processing /home/airflow/.local/lib/python3.7/site-packages/airflow/example_dags/example_sla_dag.py took 0.077 seconds
[2023-07-10T01:53:02.969+0000] {processor.py:157} INFO - Started process (PID=9345) to work on /home/airflow/.local/lib/python3.7/site-packages/airflow/example_dags/example_sla_dag.py
[2023-07-10T01:53:02.970+0000] {processor.py:826} INFO - Processing file /home/airflow/.local/lib/python3.7/site-packages/airflow/example_dags/example_sla_dag.py for tasks to queue
[2023-07-10T01:53:02.971+0000] {logging_mixin.py:149} INFO - [2023-07-10T01:53:02.971+0000] {dagbag.py:541} INFO - Filling up the DagBag from /home/airflow/.local/lib/python3.7/site-packages/airflow/example_dags/example_sla_dag.py
[2023-07-10T01:53:02.978+0000] {processor.py:836} INFO - DAG(s) dict_keys(['example_sla_dag']) retrieved from /home/airflow/.local/lib/python3.7/site-packages/airflow/example_dags/example_sla_dag.py
[2023-07-10T01:53:02.996+0000] {logging_mixin.py:149} INFO - [2023-07-10T01:53:02.996+0000] {dag.py:2726} INFO - Sync 1 DAGs
[2023-07-10T01:53:03.018+0000] {logging_mixin.py:149} INFO - [2023-07-10T01:53:03.018+0000] {dag.py:3490} INFO - Setting next_dagrun for example_sla_dag to 2023-07-10T01:50:00+00:00, run_after=2023-07-10T01:52:00+00:00
[2023-07-10T01:53:03.034+0000] {processor.py:179} INFO - Processing /home/airflow/.local/lib/python3.7/site-packages/airflow/example_dags/example_sla_dag.py took 0.068 seconds
[2023-07-10T01:53:33.083+0000] {processor.py:157} INFO - Started process (PID=9599) to work on /home/airflow/.local/lib/python3.7/site-packages/airflow/example_dags/example_sla_dag.py
[2023-07-10T01:53:33.085+0000] {processor.py:826} INFO - Processing file /home/airflow/.local/lib/python3.7/site-packages/airflow/example_dags/example_sla_dag.py for tasks to queue
[2023-07-10T01:53:33.085+0000] {logging_mixin.py:149} INFO - [2023-07-10T01:53:33.085+0000] {dagbag.py:541} INFO - Filling up the DagBag from /home/airflow/.local/lib/python3.7/site-packages/airflow/example_dags/example_sla_dag.py
[2023-07-10T01:53:33.093+0000] {processor.py:836} INFO - DAG(s) dict_keys(['example_sla_dag']) retrieved from /home/airflow/.local/lib/python3.7/site-packages/airflow/example_dags/example_sla_dag.py
[2023-07-10T01:53:33.114+0000] {logging_mixin.py:149} INFO - [2023-07-10T01:53:33.114+0000] {dag.py:2726} INFO - Sync 1 DAGs
[2023-07-10T01:53:33.137+0000] {logging_mixin.py:149} INFO - [2023-07-10T01:53:33.137+0000] {dag.py:3490} INFO - Setting next_dagrun for example_sla_dag to 2023-07-10T01:50:00+00:00, run_after=2023-07-10T01:52:00+00:00
[2023-07-10T01:53:33.154+0000] {processor.py:179} INFO - Processing /home/airflow/.local/lib/python3.7/site-packages/airflow/example_dags/example_sla_dag.py took 0.073 seconds
[2023-07-10T01:54:03.259+0000] {processor.py:157} INFO - Started process (PID=9852) to work on /home/airflow/.local/lib/python3.7/site-packages/airflow/example_dags/example_sla_dag.py
[2023-07-10T01:54:03.260+0000] {processor.py:826} INFO - Processing file /home/airflow/.local/lib/python3.7/site-packages/airflow/example_dags/example_sla_dag.py for tasks to queue
[2023-07-10T01:54:03.261+0000] {logging_mixin.py:149} INFO - [2023-07-10T01:54:03.261+0000] {dagbag.py:541} INFO - Filling up the DagBag from /home/airflow/.local/lib/python3.7/site-packages/airflow/example_dags/example_sla_dag.py
[2023-07-10T01:54:03.268+0000] {processor.py:836} INFO - DAG(s) dict_keys(['example_sla_dag']) retrieved from /home/airflow/.local/lib/python3.7/site-packages/airflow/example_dags/example_sla_dag.py
[2023-07-10T01:54:03.288+0000] {logging_mixin.py:149} INFO - [2023-07-10T01:54:03.288+0000] {dag.py:2726} INFO - Sync 1 DAGs
[2023-07-10T01:54:03.313+0000] {logging_mixin.py:149} INFO - [2023-07-10T01:54:03.313+0000] {dag.py:3490} INFO - Setting next_dagrun for example_sla_dag to 2023-07-10T01:52:00+00:00, run_after=2023-07-10T01:54:00+00:00
[2023-07-10T01:54:03.334+0000] {processor.py:179} INFO - Processing /home/airflow/.local/lib/python3.7/site-packages/airflow/example_dags/example_sla_dag.py took 0.077 seconds
[2023-07-10T01:54:33.757+0000] {processor.py:157} INFO - Started process (PID=10106) to work on /home/airflow/.local/lib/python3.7/site-packages/airflow/example_dags/example_sla_dag.py
[2023-07-10T01:54:33.759+0000] {processor.py:826} INFO - Processing file /home/airflow/.local/lib/python3.7/site-packages/airflow/example_dags/example_sla_dag.py for tasks to queue
[2023-07-10T01:54:33.760+0000] {logging_mixin.py:149} INFO - [2023-07-10T01:54:33.760+0000] {dagbag.py:541} INFO - Filling up the DagBag from /home/airflow/.local/lib/python3.7/site-packages/airflow/example_dags/example_sla_dag.py
[2023-07-10T01:54:33.767+0000] {processor.py:836} INFO - DAG(s) dict_keys(['example_sla_dag']) retrieved from /home/airflow/.local/lib/python3.7/site-packages/airflow/example_dags/example_sla_dag.py
[2023-07-10T01:54:33.788+0000] {logging_mixin.py:149} INFO - [2023-07-10T01:54:33.788+0000] {dag.py:2726} INFO - Sync 1 DAGs
[2023-07-10T01:54:33.812+0000] {logging_mixin.py:149} INFO - [2023-07-10T01:54:33.812+0000] {dag.py:3490} INFO - Setting next_dagrun for example_sla_dag to 2023-07-10T01:52:00+00:00, run_after=2023-07-10T01:54:00+00:00
[2023-07-10T01:54:33.829+0000] {processor.py:179} INFO - Processing /home/airflow/.local/lib/python3.7/site-packages/airflow/example_dags/example_sla_dag.py took 0.075 seconds
[2023-07-10T01:55:04.738+0000] {processor.py:157} INFO - Started process (PID=10360) to work on /home/airflow/.local/lib/python3.7/site-packages/airflow/example_dags/example_sla_dag.py
[2023-07-10T01:55:04.739+0000] {processor.py:826} INFO - Processing file /home/airflow/.local/lib/python3.7/site-packages/airflow/example_dags/example_sla_dag.py for tasks to queue
[2023-07-10T01:55:04.740+0000] {logging_mixin.py:149} INFO - [2023-07-10T01:55:04.740+0000] {dagbag.py:541} INFO - Filling up the DagBag from /home/airflow/.local/lib/python3.7/site-packages/airflow/example_dags/example_sla_dag.py
[2023-07-10T01:55:04.747+0000] {processor.py:836} INFO - DAG(s) dict_keys(['example_sla_dag']) retrieved from /home/airflow/.local/lib/python3.7/site-packages/airflow/example_dags/example_sla_dag.py
[2023-07-10T01:55:04.765+0000] {logging_mixin.py:149} INFO - [2023-07-10T01:55:04.765+0000] {dag.py:2726} INFO - Sync 1 DAGs
[2023-07-10T01:55:04.790+0000] {logging_mixin.py:149} INFO - [2023-07-10T01:55:04.790+0000] {dag.py:3490} INFO - Setting next_dagrun for example_sla_dag to 2023-07-10T01:52:00+00:00, run_after=2023-07-10T01:54:00+00:00
[2023-07-10T01:55:04.806+0000] {processor.py:179} INFO - Processing /home/airflow/.local/lib/python3.7/site-packages/airflow/example_dags/example_sla_dag.py took 0.070 seconds
[2023-07-10T01:55:35.689+0000] {processor.py:157} INFO - Started process (PID=10614) to work on /home/airflow/.local/lib/python3.7/site-packages/airflow/example_dags/example_sla_dag.py
[2023-07-10T01:55:35.690+0000] {processor.py:826} INFO - Processing file /home/airflow/.local/lib/python3.7/site-packages/airflow/example_dags/example_sla_dag.py for tasks to queue
[2023-07-10T01:55:35.691+0000] {logging_mixin.py:149} INFO - [2023-07-10T01:55:35.691+0000] {dagbag.py:541} INFO - Filling up the DagBag from /home/airflow/.local/lib/python3.7/site-packages/airflow/example_dags/example_sla_dag.py
[2023-07-10T01:55:35.698+0000] {processor.py:836} INFO - DAG(s) dict_keys(['example_sla_dag']) retrieved from /home/airflow/.local/lib/python3.7/site-packages/airflow/example_dags/example_sla_dag.py
[2023-07-10T01:55:35.717+0000] {logging_mixin.py:149} INFO - [2023-07-10T01:55:35.717+0000] {dag.py:2726} INFO - Sync 1 DAGs
[2023-07-10T01:55:35.742+0000] {logging_mixin.py:149} INFO - [2023-07-10T01:55:35.742+0000] {dag.py:3490} INFO - Setting next_dagrun for example_sla_dag to 2023-07-10T01:52:00+00:00, run_after=2023-07-10T01:54:00+00:00
[2023-07-10T01:55:35.760+0000] {processor.py:179} INFO - Processing /home/airflow/.local/lib/python3.7/site-packages/airflow/example_dags/example_sla_dag.py took 0.074 seconds
[2023-07-10T01:56:06.315+0000] {processor.py:157} INFO - Started process (PID=10868) to work on /home/airflow/.local/lib/python3.7/site-packages/airflow/example_dags/example_sla_dag.py
[2023-07-10T01:56:06.316+0000] {processor.py:826} INFO - Processing file /home/airflow/.local/lib/python3.7/site-packages/airflow/example_dags/example_sla_dag.py for tasks to queue
[2023-07-10T01:56:06.317+0000] {logging_mixin.py:149} INFO - [2023-07-10T01:56:06.317+0000] {dagbag.py:541} INFO - Filling up the DagBag from /home/airflow/.local/lib/python3.7/site-packages/airflow/example_dags/example_sla_dag.py
[2023-07-10T01:56:06.324+0000] {processor.py:836} INFO - DAG(s) dict_keys(['example_sla_dag']) retrieved from /home/airflow/.local/lib/python3.7/site-packages/airflow/example_dags/example_sla_dag.py
[2023-07-10T01:56:06.345+0000] {logging_mixin.py:149} INFO - [2023-07-10T01:56:06.344+0000] {dag.py:2726} INFO - Sync 1 DAGs
[2023-07-10T01:56:06.368+0000] {logging_mixin.py:149} INFO - [2023-07-10T01:56:06.368+0000] {dag.py:3490} INFO - Setting next_dagrun for example_sla_dag to 2023-07-10T01:54:00+00:00, run_after=2023-07-10T01:56:00+00:00
[2023-07-10T01:56:06.385+0000] {processor.py:179} INFO - Processing /home/airflow/.local/lib/python3.7/site-packages/airflow/example_dags/example_sla_dag.py took 0.072 seconds
[2023-07-10T01:56:37.042+0000] {processor.py:157} INFO - Started process (PID=11134) to work on /home/airflow/.local/lib/python3.7/site-packages/airflow/example_dags/example_sla_dag.py
[2023-07-10T01:56:37.044+0000] {processor.py:826} INFO - Processing file /home/airflow/.local/lib/python3.7/site-packages/airflow/example_dags/example_sla_dag.py for tasks to queue
[2023-07-10T01:56:37.045+0000] {logging_mixin.py:149} INFO - [2023-07-10T01:56:37.045+0000] {dagbag.py:541} INFO - Filling up the DagBag from /home/airflow/.local/lib/python3.7/site-packages/airflow/example_dags/example_sla_dag.py
[2023-07-10T01:56:37.051+0000] {processor.py:836} INFO - DAG(s) dict_keys(['example_sla_dag']) retrieved from /home/airflow/.local/lib/python3.7/site-packages/airflow/example_dags/example_sla_dag.py
[2023-07-10T01:56:37.070+0000] {logging_mixin.py:149} INFO - [2023-07-10T01:56:37.070+0000] {dag.py:2726} INFO - Sync 1 DAGs
[2023-07-10T01:56:37.093+0000] {logging_mixin.py:149} INFO - [2023-07-10T01:56:37.093+0000] {dag.py:3490} INFO - Setting next_dagrun for example_sla_dag to 2023-07-10T01:54:00+00:00, run_after=2023-07-10T01:56:00+00:00
[2023-07-10T01:56:37.110+0000] {processor.py:179} INFO - Processing /home/airflow/.local/lib/python3.7/site-packages/airflow/example_dags/example_sla_dag.py took 0.070 seconds
[2023-07-10T01:57:07.819+0000] {processor.py:157} INFO - Started process (PID=11388) to work on /home/airflow/.local/lib/python3.7/site-packages/airflow/example_dags/example_sla_dag.py
[2023-07-10T01:57:07.820+0000] {processor.py:826} INFO - Processing file /home/airflow/.local/lib/python3.7/site-packages/airflow/example_dags/example_sla_dag.py for tasks to queue
[2023-07-10T01:57:07.821+0000] {logging_mixin.py:149} INFO - [2023-07-10T01:57:07.821+0000] {dagbag.py:541} INFO - Filling up the DagBag from /home/airflow/.local/lib/python3.7/site-packages/airflow/example_dags/example_sla_dag.py
[2023-07-10T01:57:07.831+0000] {processor.py:836} INFO - DAG(s) dict_keys(['example_sla_dag']) retrieved from /home/airflow/.local/lib/python3.7/site-packages/airflow/example_dags/example_sla_dag.py
[2023-07-10T01:57:07.852+0000] {logging_mixin.py:149} INFO - [2023-07-10T01:57:07.852+0000] {dag.py:2726} INFO - Sync 1 DAGs
[2023-07-10T01:57:07.894+0000] {logging_mixin.py:149} INFO - [2023-07-10T01:57:07.894+0000] {dag.py:3490} INFO - Setting next_dagrun for example_sla_dag to 2023-07-10T01:54:00+00:00, run_after=2023-07-10T01:56:00+00:00
[2023-07-10T01:57:07.924+0000] {processor.py:179} INFO - Processing /home/airflow/.local/lib/python3.7/site-packages/airflow/example_dags/example_sla_dag.py took 0.107 seconds
[2023-07-10T01:57:38.070+0000] {processor.py:157} INFO - Started process (PID=11642) to work on /home/airflow/.local/lib/python3.7/site-packages/airflow/example_dags/example_sla_dag.py
[2023-07-10T01:57:38.071+0000] {processor.py:826} INFO - Processing file /home/airflow/.local/lib/python3.7/site-packages/airflow/example_dags/example_sla_dag.py for tasks to queue
[2023-07-10T01:57:38.072+0000] {logging_mixin.py:149} INFO - [2023-07-10T01:57:38.072+0000] {dagbag.py:541} INFO - Filling up the DagBag from /home/airflow/.local/lib/python3.7/site-packages/airflow/example_dags/example_sla_dag.py
[2023-07-10T01:57:38.079+0000] {processor.py:836} INFO - DAG(s) dict_keys(['example_sla_dag']) retrieved from /home/airflow/.local/lib/python3.7/site-packages/airflow/example_dags/example_sla_dag.py
[2023-07-10T01:57:38.097+0000] {logging_mixin.py:149} INFO - [2023-07-10T01:57:38.097+0000] {dag.py:2726} INFO - Sync 1 DAGs
[2023-07-10T01:57:38.119+0000] {logging_mixin.py:149} INFO - [2023-07-10T01:57:38.119+0000] {dag.py:3490} INFO - Setting next_dagrun for example_sla_dag to 2023-07-10T01:54:00+00:00, run_after=2023-07-10T01:56:00+00:00
[2023-07-10T01:57:38.134+0000] {processor.py:179} INFO - Processing /home/airflow/.local/lib/python3.7/site-packages/airflow/example_dags/example_sla_dag.py took 0.066 seconds
[2023-07-10T01:58:09.081+0000] {processor.py:157} INFO - Started process (PID=11896) to work on /home/airflow/.local/lib/python3.7/site-packages/airflow/example_dags/example_sla_dag.py
[2023-07-10T01:58:09.082+0000] {processor.py:826} INFO - Processing file /home/airflow/.local/lib/python3.7/site-packages/airflow/example_dags/example_sla_dag.py for tasks to queue
[2023-07-10T01:58:09.083+0000] {logging_mixin.py:149} INFO - [2023-07-10T01:58:09.083+0000] {dagbag.py:541} INFO - Filling up the DagBag from /home/airflow/.local/lib/python3.7/site-packages/airflow/example_dags/example_sla_dag.py
[2023-07-10T01:58:09.090+0000] {processor.py:836} INFO - DAG(s) dict_keys(['example_sla_dag']) retrieved from /home/airflow/.local/lib/python3.7/site-packages/airflow/example_dags/example_sla_dag.py
[2023-07-10T01:58:09.111+0000] {logging_mixin.py:149} INFO - [2023-07-10T01:58:09.111+0000] {dag.py:2726} INFO - Sync 1 DAGs
[2023-07-10T01:58:09.135+0000] {logging_mixin.py:149} INFO - [2023-07-10T01:58:09.135+0000] {dag.py:3490} INFO - Setting next_dagrun for example_sla_dag to 2023-07-10T01:56:00+00:00, run_after=2023-07-10T01:58:00+00:00
[2023-07-10T01:58:09.154+0000] {processor.py:179} INFO - Processing /home/airflow/.local/lib/python3.7/site-packages/airflow/example_dags/example_sla_dag.py took 0.075 seconds
[2023-07-10T01:58:39.853+0000] {processor.py:157} INFO - Started process (PID=12150) to work on /home/airflow/.local/lib/python3.7/site-packages/airflow/example_dags/example_sla_dag.py
[2023-07-10T01:58:39.854+0000] {processor.py:826} INFO - Processing file /home/airflow/.local/lib/python3.7/site-packages/airflow/example_dags/example_sla_dag.py for tasks to queue
[2023-07-10T01:58:39.855+0000] {logging_mixin.py:149} INFO - [2023-07-10T01:58:39.855+0000] {dagbag.py:541} INFO - Filling up the DagBag from /home/airflow/.local/lib/python3.7/site-packages/airflow/example_dags/example_sla_dag.py
[2023-07-10T01:58:39.862+0000] {processor.py:836} INFO - DAG(s) dict_keys(['example_sla_dag']) retrieved from /home/airflow/.local/lib/python3.7/site-packages/airflow/example_dags/example_sla_dag.py
[2023-07-10T01:58:39.884+0000] {logging_mixin.py:149} INFO - [2023-07-10T01:58:39.884+0000] {dag.py:2726} INFO - Sync 1 DAGs
[2023-07-10T01:58:39.908+0000] {logging_mixin.py:149} INFO - [2023-07-10T01:58:39.908+0000] {dag.py:3490} INFO - Setting next_dagrun for example_sla_dag to 2023-07-10T01:56:00+00:00, run_after=2023-07-10T01:58:00+00:00
[2023-07-10T01:58:39.926+0000] {processor.py:179} INFO - Processing /home/airflow/.local/lib/python3.7/site-packages/airflow/example_dags/example_sla_dag.py took 0.075 seconds
