[2023-07-10T01:34:37.258+0000] {processor.py:157} INFO - Started process (PID=222) to work on /home/airflow/.local/lib/python3.7/site-packages/airflow/example_dags/example_kubernetes_executor.py
[2023-07-10T01:34:37.259+0000] {processor.py:826} INFO - Processing file /home/airflow/.local/lib/python3.7/site-packages/airflow/example_dags/example_kubernetes_executor.py for tasks to queue
[2023-07-10T01:34:37.259+0000] {logging_mixin.py:149} INFO - [2023-07-10T01:34:37.259+0000] {dagbag.py:541} INFO - Filling up the DagBag from /home/airflow/.local/lib/python3.7/site-packages/airflow/example_dags/example_kubernetes_executor.py
[2023-07-10T01:34:37.750+0000] {processor.py:836} INFO - DAG(s) dict_keys(['example_kubernetes_executor']) retrieved from /home/airflow/.local/lib/python3.7/site-packages/airflow/example_dags/example_kubernetes_executor.py
[2023-07-10T01:34:37.784+0000] {logging_mixin.py:149} INFO - [2023-07-10T01:34:37.784+0000] {dag.py:2726} INFO - Sync 1 DAGs
[2023-07-10T01:34:37.804+0000] {logging_mixin.py:149} INFO - [2023-07-10T01:34:37.804+0000] {dag.py:3490} INFO - Setting next_dagrun for example_kubernetes_executor to None, run_after=None
[2023-07-10T01:34:37.823+0000] {processor.py:179} INFO - Processing /home/airflow/.local/lib/python3.7/site-packages/airflow/example_dags/example_kubernetes_executor.py took 0.568 seconds
[2023-07-10T01:35:08.315+0000] {processor.py:157} INFO - Started process (PID=474) to work on /home/airflow/.local/lib/python3.7/site-packages/airflow/example_dags/example_kubernetes_executor.py
[2023-07-10T01:35:08.316+0000] {processor.py:826} INFO - Processing file /home/airflow/.local/lib/python3.7/site-packages/airflow/example_dags/example_kubernetes_executor.py for tasks to queue
[2023-07-10T01:35:08.317+0000] {logging_mixin.py:149} INFO - [2023-07-10T01:35:08.317+0000] {dagbag.py:541} INFO - Filling up the DagBag from /home/airflow/.local/lib/python3.7/site-packages/airflow/example_dags/example_kubernetes_executor.py
[2023-07-10T01:35:08.546+0000] {processor.py:836} INFO - DAG(s) dict_keys(['example_kubernetes_executor']) retrieved from /home/airflow/.local/lib/python3.7/site-packages/airflow/example_dags/example_kubernetes_executor.py
[2023-07-10T01:35:08.577+0000] {logging_mixin.py:149} INFO - [2023-07-10T01:35:08.577+0000] {dag.py:2726} INFO - Sync 1 DAGs
[2023-07-10T01:35:08.595+0000] {logging_mixin.py:149} INFO - [2023-07-10T01:35:08.595+0000] {dag.py:3490} INFO - Setting next_dagrun for example_kubernetes_executor to None, run_after=None
[2023-07-10T01:35:08.621+0000] {processor.py:179} INFO - Processing /home/airflow/.local/lib/python3.7/site-packages/airflow/example_dags/example_kubernetes_executor.py took 0.308 seconds
[2023-07-10T01:35:39.488+0000] {processor.py:157} INFO - Started process (PID=723) to work on /home/airflow/.local/lib/python3.7/site-packages/airflow/example_dags/example_kubernetes_executor.py
[2023-07-10T01:35:39.489+0000] {processor.py:826} INFO - Processing file /home/airflow/.local/lib/python3.7/site-packages/airflow/example_dags/example_kubernetes_executor.py for tasks to queue
[2023-07-10T01:35:39.489+0000] {logging_mixin.py:149} INFO - [2023-07-10T01:35:39.489+0000] {dagbag.py:541} INFO - Filling up the DagBag from /home/airflow/.local/lib/python3.7/site-packages/airflow/example_dags/example_kubernetes_executor.py
[2023-07-10T01:35:39.766+0000] {processor.py:836} INFO - DAG(s) dict_keys(['example_kubernetes_executor']) retrieved from /home/airflow/.local/lib/python3.7/site-packages/airflow/example_dags/example_kubernetes_executor.py
[2023-07-10T01:35:39.802+0000] {logging_mixin.py:149} INFO - [2023-07-10T01:35:39.802+0000] {dag.py:2726} INFO - Sync 1 DAGs
[2023-07-10T01:35:39.823+0000] {logging_mixin.py:149} INFO - [2023-07-10T01:35:39.823+0000] {dag.py:3490} INFO - Setting next_dagrun for example_kubernetes_executor to None, run_after=None
[2023-07-10T01:35:39.840+0000] {processor.py:179} INFO - Processing /home/airflow/.local/lib/python3.7/site-packages/airflow/example_dags/example_kubernetes_executor.py took 0.355 seconds
[2023-07-10T01:36:10.497+0000] {processor.py:157} INFO - Started process (PID=972) to work on /home/airflow/.local/lib/python3.7/site-packages/airflow/example_dags/example_kubernetes_executor.py
[2023-07-10T01:36:10.498+0000] {processor.py:826} INFO - Processing file /home/airflow/.local/lib/python3.7/site-packages/airflow/example_dags/example_kubernetes_executor.py for tasks to queue
[2023-07-10T01:36:10.498+0000] {logging_mixin.py:149} INFO - [2023-07-10T01:36:10.498+0000] {dagbag.py:541} INFO - Filling up the DagBag from /home/airflow/.local/lib/python3.7/site-packages/airflow/example_dags/example_kubernetes_executor.py
[2023-07-10T01:36:10.734+0000] {processor.py:836} INFO - DAG(s) dict_keys(['example_kubernetes_executor']) retrieved from /home/airflow/.local/lib/python3.7/site-packages/airflow/example_dags/example_kubernetes_executor.py
[2023-07-10T01:36:10.764+0000] {logging_mixin.py:149} INFO - [2023-07-10T01:36:10.764+0000] {dag.py:2726} INFO - Sync 1 DAGs
[2023-07-10T01:36:10.783+0000] {logging_mixin.py:149} INFO - [2023-07-10T01:36:10.783+0000] {dag.py:3490} INFO - Setting next_dagrun for example_kubernetes_executor to None, run_after=None
[2023-07-10T01:36:10.803+0000] {processor.py:179} INFO - Processing /home/airflow/.local/lib/python3.7/site-packages/airflow/example_dags/example_kubernetes_executor.py took 0.309 seconds
[2023-07-10T01:36:41.746+0000] {processor.py:157} INFO - Started process (PID=1226) to work on /home/airflow/.local/lib/python3.7/site-packages/airflow/example_dags/example_kubernetes_executor.py
[2023-07-10T01:36:41.747+0000] {processor.py:826} INFO - Processing file /home/airflow/.local/lib/python3.7/site-packages/airflow/example_dags/example_kubernetes_executor.py for tasks to queue
[2023-07-10T01:36:41.748+0000] {logging_mixin.py:149} INFO - [2023-07-10T01:36:41.748+0000] {dagbag.py:541} INFO - Filling up the DagBag from /home/airflow/.local/lib/python3.7/site-packages/airflow/example_dags/example_kubernetes_executor.py
[2023-07-10T01:36:41.905+0000] {processor.py:836} INFO - DAG(s) dict_keys(['example_kubernetes_executor']) retrieved from /home/airflow/.local/lib/python3.7/site-packages/airflow/example_dags/example_kubernetes_executor.py
[2023-07-10T01:36:41.934+0000] {logging_mixin.py:149} INFO - [2023-07-10T01:36:41.934+0000] {dag.py:2726} INFO - Sync 1 DAGs
[2023-07-10T01:36:41.955+0000] {logging_mixin.py:149} INFO - [2023-07-10T01:36:41.954+0000] {dag.py:3490} INFO - Setting next_dagrun for example_kubernetes_executor to None, run_after=None
[2023-07-10T01:36:41.971+0000] {processor.py:179} INFO - Processing /home/airflow/.local/lib/python3.7/site-packages/airflow/example_dags/example_kubernetes_executor.py took 0.227 seconds
[2023-07-10T01:37:12.072+0000] {processor.py:157} INFO - Started process (PID=1475) to work on /home/airflow/.local/lib/python3.7/site-packages/airflow/example_dags/example_kubernetes_executor.py
[2023-07-10T01:37:12.073+0000] {processor.py:826} INFO - Processing file /home/airflow/.local/lib/python3.7/site-packages/airflow/example_dags/example_kubernetes_executor.py for tasks to queue
[2023-07-10T01:37:12.073+0000] {logging_mixin.py:149} INFO - [2023-07-10T01:37:12.073+0000] {dagbag.py:541} INFO - Filling up the DagBag from /home/airflow/.local/lib/python3.7/site-packages/airflow/example_dags/example_kubernetes_executor.py
[2023-07-10T01:37:12.238+0000] {processor.py:836} INFO - DAG(s) dict_keys(['example_kubernetes_executor']) retrieved from /home/airflow/.local/lib/python3.7/site-packages/airflow/example_dags/example_kubernetes_executor.py
[2023-07-10T01:37:12.273+0000] {logging_mixin.py:149} INFO - [2023-07-10T01:37:12.273+0000] {dag.py:2726} INFO - Sync 1 DAGs
[2023-07-10T01:37:12.295+0000] {logging_mixin.py:149} INFO - [2023-07-10T01:37:12.295+0000] {dag.py:3490} INFO - Setting next_dagrun for example_kubernetes_executor to None, run_after=None
[2023-07-10T01:37:12.315+0000] {processor.py:179} INFO - Processing /home/airflow/.local/lib/python3.7/site-packages/airflow/example_dags/example_kubernetes_executor.py took 0.246 seconds
[2023-07-10T01:37:42.438+0000] {processor.py:157} INFO - Started process (PID=1734) to work on /home/airflow/.local/lib/python3.7/site-packages/airflow/example_dags/example_kubernetes_executor.py
[2023-07-10T01:37:42.439+0000] {processor.py:826} INFO - Processing file /home/airflow/.local/lib/python3.7/site-packages/airflow/example_dags/example_kubernetes_executor.py for tasks to queue
[2023-07-10T01:37:42.440+0000] {logging_mixin.py:149} INFO - [2023-07-10T01:37:42.440+0000] {dagbag.py:541} INFO - Filling up the DagBag from /home/airflow/.local/lib/python3.7/site-packages/airflow/example_dags/example_kubernetes_executor.py
[2023-07-10T01:37:42.608+0000] {processor.py:836} INFO - DAG(s) dict_keys(['example_kubernetes_executor']) retrieved from /home/airflow/.local/lib/python3.7/site-packages/airflow/example_dags/example_kubernetes_executor.py
[2023-07-10T01:37:42.646+0000] {logging_mixin.py:149} INFO - [2023-07-10T01:37:42.646+0000] {dag.py:2726} INFO - Sync 1 DAGs
[2023-07-10T01:37:42.669+0000] {logging_mixin.py:149} INFO - [2023-07-10T01:37:42.669+0000] {dag.py:3490} INFO - Setting next_dagrun for example_kubernetes_executor to None, run_after=None
[2023-07-10T01:37:42.689+0000] {processor.py:179} INFO - Processing /home/airflow/.local/lib/python3.7/site-packages/airflow/example_dags/example_kubernetes_executor.py took 0.253 seconds
[2023-07-10T01:38:12.822+0000] {processor.py:157} INFO - Started process (PID=1993) to work on /home/airflow/.local/lib/python3.7/site-packages/airflow/example_dags/example_kubernetes_executor.py
[2023-07-10T01:38:12.823+0000] {processor.py:826} INFO - Processing file /home/airflow/.local/lib/python3.7/site-packages/airflow/example_dags/example_kubernetes_executor.py for tasks to queue
[2023-07-10T01:38:12.824+0000] {logging_mixin.py:149} INFO - [2023-07-10T01:38:12.824+0000] {dagbag.py:541} INFO - Filling up the DagBag from /home/airflow/.local/lib/python3.7/site-packages/airflow/example_dags/example_kubernetes_executor.py
[2023-07-10T01:38:12.990+0000] {processor.py:836} INFO - DAG(s) dict_keys(['example_kubernetes_executor']) retrieved from /home/airflow/.local/lib/python3.7/site-packages/airflow/example_dags/example_kubernetes_executor.py
[2023-07-10T01:38:13.021+0000] {logging_mixin.py:149} INFO - [2023-07-10T01:38:13.021+0000] {dag.py:2726} INFO - Sync 1 DAGs
[2023-07-10T01:38:13.043+0000] {logging_mixin.py:149} INFO - [2023-07-10T01:38:13.043+0000] {dag.py:3490} INFO - Setting next_dagrun for example_kubernetes_executor to None, run_after=None
[2023-07-10T01:38:13.061+0000] {processor.py:179} INFO - Processing /home/airflow/.local/lib/python3.7/site-packages/airflow/example_dags/example_kubernetes_executor.py took 0.242 seconds
[2023-07-10T01:38:43.829+0000] {processor.py:157} INFO - Started process (PID=2242) to work on /home/airflow/.local/lib/python3.7/site-packages/airflow/example_dags/example_kubernetes_executor.py
[2023-07-10T01:38:43.830+0000] {processor.py:826} INFO - Processing file /home/airflow/.local/lib/python3.7/site-packages/airflow/example_dags/example_kubernetes_executor.py for tasks to queue
[2023-07-10T01:38:43.831+0000] {logging_mixin.py:149} INFO - [2023-07-10T01:38:43.831+0000] {dagbag.py:541} INFO - Filling up the DagBag from /home/airflow/.local/lib/python3.7/site-packages/airflow/example_dags/example_kubernetes_executor.py
[2023-07-10T01:38:44.008+0000] {processor.py:836} INFO - DAG(s) dict_keys(['example_kubernetes_executor']) retrieved from /home/airflow/.local/lib/python3.7/site-packages/airflow/example_dags/example_kubernetes_executor.py
[2023-07-10T01:38:44.021+0000] {logging_mixin.py:149} INFO - [2023-07-10T01:38:44.020+0000] {dag.py:2726} INFO - Sync 1 DAGs
[2023-07-10T01:38:44.044+0000] {logging_mixin.py:149} INFO - [2023-07-10T01:38:44.044+0000] {dag.py:3490} INFO - Setting next_dagrun for example_kubernetes_executor to None, run_after=None
[2023-07-10T01:38:44.063+0000] {processor.py:179} INFO - Processing /home/airflow/.local/lib/python3.7/site-packages/airflow/example_dags/example_kubernetes_executor.py took 0.238 seconds
[2023-07-10T01:39:14.311+0000] {processor.py:157} INFO - Started process (PID=2491) to work on /home/airflow/.local/lib/python3.7/site-packages/airflow/example_dags/example_kubernetes_executor.py
[2023-07-10T01:39:14.312+0000] {processor.py:826} INFO - Processing file /home/airflow/.local/lib/python3.7/site-packages/airflow/example_dags/example_kubernetes_executor.py for tasks to queue
[2023-07-10T01:39:14.312+0000] {logging_mixin.py:149} INFO - [2023-07-10T01:39:14.312+0000] {dagbag.py:541} INFO - Filling up the DagBag from /home/airflow/.local/lib/python3.7/site-packages/airflow/example_dags/example_kubernetes_executor.py
[2023-07-10T01:39:14.466+0000] {processor.py:836} INFO - DAG(s) dict_keys(['example_kubernetes_executor']) retrieved from /home/airflow/.local/lib/python3.7/site-packages/airflow/example_dags/example_kubernetes_executor.py
[2023-07-10T01:39:14.496+0000] {logging_mixin.py:149} INFO - [2023-07-10T01:39:14.496+0000] {dag.py:2726} INFO - Sync 1 DAGs
[2023-07-10T01:39:14.517+0000] {logging_mixin.py:149} INFO - [2023-07-10T01:39:14.517+0000] {dag.py:3490} INFO - Setting next_dagrun for example_kubernetes_executor to None, run_after=None
[2023-07-10T01:39:14.534+0000] {processor.py:179} INFO - Processing /home/airflow/.local/lib/python3.7/site-packages/airflow/example_dags/example_kubernetes_executor.py took 0.226 seconds
[2023-07-10T01:39:45.560+0000] {processor.py:157} INFO - Started process (PID=2745) to work on /home/airflow/.local/lib/python3.7/site-packages/airflow/example_dags/example_kubernetes_executor.py
[2023-07-10T01:39:45.561+0000] {processor.py:826} INFO - Processing file /home/airflow/.local/lib/python3.7/site-packages/airflow/example_dags/example_kubernetes_executor.py for tasks to queue
[2023-07-10T01:39:45.562+0000] {logging_mixin.py:149} INFO - [2023-07-10T01:39:45.562+0000] {dagbag.py:541} INFO - Filling up the DagBag from /home/airflow/.local/lib/python3.7/site-packages/airflow/example_dags/example_kubernetes_executor.py
[2023-07-10T01:39:45.717+0000] {processor.py:836} INFO - DAG(s) dict_keys(['example_kubernetes_executor']) retrieved from /home/airflow/.local/lib/python3.7/site-packages/airflow/example_dags/example_kubernetes_executor.py
[2023-07-10T01:39:45.751+0000] {logging_mixin.py:149} INFO - [2023-07-10T01:39:45.750+0000] {dag.py:2726} INFO - Sync 1 DAGs
[2023-07-10T01:39:45.773+0000] {logging_mixin.py:149} INFO - [2023-07-10T01:39:45.773+0000] {dag.py:3490} INFO - Setting next_dagrun for example_kubernetes_executor to None, run_after=None
[2023-07-10T01:39:45.789+0000] {processor.py:179} INFO - Processing /home/airflow/.local/lib/python3.7/site-packages/airflow/example_dags/example_kubernetes_executor.py took 0.232 seconds
[2023-07-10T01:40:16.675+0000] {processor.py:157} INFO - Started process (PID=2994) to work on /home/airflow/.local/lib/python3.7/site-packages/airflow/example_dags/example_kubernetes_executor.py
[2023-07-10T01:40:16.676+0000] {processor.py:826} INFO - Processing file /home/airflow/.local/lib/python3.7/site-packages/airflow/example_dags/example_kubernetes_executor.py for tasks to queue
[2023-07-10T01:40:16.677+0000] {logging_mixin.py:149} INFO - [2023-07-10T01:40:16.677+0000] {dagbag.py:541} INFO - Filling up the DagBag from /home/airflow/.local/lib/python3.7/site-packages/airflow/example_dags/example_kubernetes_executor.py
[2023-07-10T01:40:16.835+0000] {processor.py:836} INFO - DAG(s) dict_keys(['example_kubernetes_executor']) retrieved from /home/airflow/.local/lib/python3.7/site-packages/airflow/example_dags/example_kubernetes_executor.py
[2023-07-10T01:40:16.866+0000] {logging_mixin.py:149} INFO - [2023-07-10T01:40:16.866+0000] {dag.py:2726} INFO - Sync 1 DAGs
[2023-07-10T01:40:16.886+0000] {logging_mixin.py:149} INFO - [2023-07-10T01:40:16.886+0000] {dag.py:3490} INFO - Setting next_dagrun for example_kubernetes_executor to None, run_after=None
[2023-07-10T01:40:16.905+0000] {processor.py:179} INFO - Processing /home/airflow/.local/lib/python3.7/site-packages/airflow/example_dags/example_kubernetes_executor.py took 0.233 seconds
[2023-07-10T01:40:47.136+0000] {processor.py:157} INFO - Started process (PID=3243) to work on /home/airflow/.local/lib/python3.7/site-packages/airflow/example_dags/example_kubernetes_executor.py
[2023-07-10T01:40:47.137+0000] {processor.py:826} INFO - Processing file /home/airflow/.local/lib/python3.7/site-packages/airflow/example_dags/example_kubernetes_executor.py for tasks to queue
[2023-07-10T01:40:47.138+0000] {logging_mixin.py:149} INFO - [2023-07-10T01:40:47.138+0000] {dagbag.py:541} INFO - Filling up the DagBag from /home/airflow/.local/lib/python3.7/site-packages/airflow/example_dags/example_kubernetes_executor.py
[2023-07-10T01:40:47.307+0000] {processor.py:836} INFO - DAG(s) dict_keys(['example_kubernetes_executor']) retrieved from /home/airflow/.local/lib/python3.7/site-packages/airflow/example_dags/example_kubernetes_executor.py
[2023-07-10T01:40:47.344+0000] {logging_mixin.py:149} INFO - [2023-07-10T01:40:47.344+0000] {dag.py:2726} INFO - Sync 1 DAGs
[2023-07-10T01:40:47.367+0000] {logging_mixin.py:149} INFO - [2023-07-10T01:40:47.367+0000] {dag.py:3490} INFO - Setting next_dagrun for example_kubernetes_executor to None, run_after=None
[2023-07-10T01:40:47.386+0000] {processor.py:179} INFO - Processing /home/airflow/.local/lib/python3.7/site-packages/airflow/example_dags/example_kubernetes_executor.py took 0.253 seconds
[2023-07-10T01:41:17.851+0000] {processor.py:157} INFO - Started process (PID=3492) to work on /home/airflow/.local/lib/python3.7/site-packages/airflow/example_dags/example_kubernetes_executor.py
[2023-07-10T01:41:17.852+0000] {processor.py:826} INFO - Processing file /home/airflow/.local/lib/python3.7/site-packages/airflow/example_dags/example_kubernetes_executor.py for tasks to queue
[2023-07-10T01:41:17.853+0000] {logging_mixin.py:149} INFO - [2023-07-10T01:41:17.853+0000] {dagbag.py:541} INFO - Filling up the DagBag from /home/airflow/.local/lib/python3.7/site-packages/airflow/example_dags/example_kubernetes_executor.py
[2023-07-10T01:41:18.028+0000] {processor.py:836} INFO - DAG(s) dict_keys(['example_kubernetes_executor']) retrieved from /home/airflow/.local/lib/python3.7/site-packages/airflow/example_dags/example_kubernetes_executor.py
[2023-07-10T01:41:18.061+0000] {logging_mixin.py:149} INFO - [2023-07-10T01:41:18.060+0000] {dag.py:2726} INFO - Sync 1 DAGs
[2023-07-10T01:41:18.083+0000] {logging_mixin.py:149} INFO - [2023-07-10T01:41:18.083+0000] {dag.py:3490} INFO - Setting next_dagrun for example_kubernetes_executor to None, run_after=None
[2023-07-10T01:41:18.099+0000] {processor.py:179} INFO - Processing /home/airflow/.local/lib/python3.7/site-packages/airflow/example_dags/example_kubernetes_executor.py took 0.251 seconds
[2023-07-10T01:41:48.598+0000] {processor.py:157} INFO - Started process (PID=3741) to work on /home/airflow/.local/lib/python3.7/site-packages/airflow/example_dags/example_kubernetes_executor.py
[2023-07-10T01:41:48.599+0000] {processor.py:826} INFO - Processing file /home/airflow/.local/lib/python3.7/site-packages/airflow/example_dags/example_kubernetes_executor.py for tasks to queue
[2023-07-10T01:41:48.600+0000] {logging_mixin.py:149} INFO - [2023-07-10T01:41:48.600+0000] {dagbag.py:541} INFO - Filling up the DagBag from /home/airflow/.local/lib/python3.7/site-packages/airflow/example_dags/example_kubernetes_executor.py
[2023-07-10T01:41:48.769+0000] {processor.py:836} INFO - DAG(s) dict_keys(['example_kubernetes_executor']) retrieved from /home/airflow/.local/lib/python3.7/site-packages/airflow/example_dags/example_kubernetes_executor.py
[2023-07-10T01:41:48.799+0000] {logging_mixin.py:149} INFO - [2023-07-10T01:41:48.799+0000] {dag.py:2726} INFO - Sync 1 DAGs
[2023-07-10T01:41:48.819+0000] {logging_mixin.py:149} INFO - [2023-07-10T01:41:48.819+0000] {dag.py:3490} INFO - Setting next_dagrun for example_kubernetes_executor to None, run_after=None
[2023-07-10T01:41:48.835+0000] {processor.py:179} INFO - Processing /home/airflow/.local/lib/python3.7/site-packages/airflow/example_dags/example_kubernetes_executor.py took 0.239 seconds
[2023-07-10T01:42:19.199+0000] {processor.py:157} INFO - Started process (PID=3990) to work on /home/airflow/.local/lib/python3.7/site-packages/airflow/example_dags/example_kubernetes_executor.py
[2023-07-10T01:42:19.200+0000] {processor.py:826} INFO - Processing file /home/airflow/.local/lib/python3.7/site-packages/airflow/example_dags/example_kubernetes_executor.py for tasks to queue
[2023-07-10T01:42:19.201+0000] {logging_mixin.py:149} INFO - [2023-07-10T01:42:19.200+0000] {dagbag.py:541} INFO - Filling up the DagBag from /home/airflow/.local/lib/python3.7/site-packages/airflow/example_dags/example_kubernetes_executor.py
[2023-07-10T01:42:19.355+0000] {processor.py:836} INFO - DAG(s) dict_keys(['example_kubernetes_executor']) retrieved from /home/airflow/.local/lib/python3.7/site-packages/airflow/example_dags/example_kubernetes_executor.py
[2023-07-10T01:42:19.384+0000] {logging_mixin.py:149} INFO - [2023-07-10T01:42:19.384+0000] {dag.py:2726} INFO - Sync 1 DAGs
[2023-07-10T01:42:19.405+0000] {logging_mixin.py:149} INFO - [2023-07-10T01:42:19.405+0000] {dag.py:3490} INFO - Setting next_dagrun for example_kubernetes_executor to None, run_after=None
[2023-07-10T01:42:19.421+0000] {processor.py:179} INFO - Processing /home/airflow/.local/lib/python3.7/site-packages/airflow/example_dags/example_kubernetes_executor.py took 0.225 seconds
[2023-07-10T01:42:49.778+0000] {processor.py:157} INFO - Started process (PID=4239) to work on /home/airflow/.local/lib/python3.7/site-packages/airflow/example_dags/example_kubernetes_executor.py
[2023-07-10T01:42:49.779+0000] {processor.py:826} INFO - Processing file /home/airflow/.local/lib/python3.7/site-packages/airflow/example_dags/example_kubernetes_executor.py for tasks to queue
[2023-07-10T01:42:49.779+0000] {logging_mixin.py:149} INFO - [2023-07-10T01:42:49.779+0000] {dagbag.py:541} INFO - Filling up the DagBag from /home/airflow/.local/lib/python3.7/site-packages/airflow/example_dags/example_kubernetes_executor.py
[2023-07-10T01:42:49.934+0000] {processor.py:836} INFO - DAG(s) dict_keys(['example_kubernetes_executor']) retrieved from /home/airflow/.local/lib/python3.7/site-packages/airflow/example_dags/example_kubernetes_executor.py
[2023-07-10T01:42:49.967+0000] {logging_mixin.py:149} INFO - [2023-07-10T01:42:49.967+0000] {dag.py:2726} INFO - Sync 1 DAGs
[2023-07-10T01:42:49.989+0000] {logging_mixin.py:149} INFO - [2023-07-10T01:42:49.989+0000] {dag.py:3490} INFO - Setting next_dagrun for example_kubernetes_executor to None, run_after=None
[2023-07-10T01:42:50.007+0000] {processor.py:179} INFO - Processing /home/airflow/.local/lib/python3.7/site-packages/airflow/example_dags/example_kubernetes_executor.py took 0.232 seconds
[2023-07-10T01:43:20.331+0000] {processor.py:157} INFO - Started process (PID=4488) to work on /home/airflow/.local/lib/python3.7/site-packages/airflow/example_dags/example_kubernetes_executor.py
[2023-07-10T01:43:20.332+0000] {processor.py:826} INFO - Processing file /home/airflow/.local/lib/python3.7/site-packages/airflow/example_dags/example_kubernetes_executor.py for tasks to queue
[2023-07-10T01:43:20.333+0000] {logging_mixin.py:149} INFO - [2023-07-10T01:43:20.333+0000] {dagbag.py:541} INFO - Filling up the DagBag from /home/airflow/.local/lib/python3.7/site-packages/airflow/example_dags/example_kubernetes_executor.py
[2023-07-10T01:43:20.499+0000] {processor.py:836} INFO - DAG(s) dict_keys(['example_kubernetes_executor']) retrieved from /home/airflow/.local/lib/python3.7/site-packages/airflow/example_dags/example_kubernetes_executor.py
[2023-07-10T01:43:20.532+0000] {logging_mixin.py:149} INFO - [2023-07-10T01:43:20.532+0000] {dag.py:2726} INFO - Sync 1 DAGs
[2023-07-10T01:43:20.552+0000] {logging_mixin.py:149} INFO - [2023-07-10T01:43:20.552+0000] {dag.py:3490} INFO - Setting next_dagrun for example_kubernetes_executor to None, run_after=None
[2023-07-10T01:43:20.567+0000] {processor.py:179} INFO - Processing /home/airflow/.local/lib/python3.7/site-packages/airflow/example_dags/example_kubernetes_executor.py took 0.239 seconds
[2023-07-10T01:43:50.854+0000] {processor.py:157} INFO - Started process (PID=4738) to work on /home/airflow/.local/lib/python3.7/site-packages/airflow/example_dags/example_kubernetes_executor.py
[2023-07-10T01:43:50.855+0000] {processor.py:826} INFO - Processing file /home/airflow/.local/lib/python3.7/site-packages/airflow/example_dags/example_kubernetes_executor.py for tasks to queue
[2023-07-10T01:43:50.856+0000] {logging_mixin.py:149} INFO - [2023-07-10T01:43:50.856+0000] {dagbag.py:541} INFO - Filling up the DagBag from /home/airflow/.local/lib/python3.7/site-packages/airflow/example_dags/example_kubernetes_executor.py
[2023-07-10T01:43:51.015+0000] {processor.py:836} INFO - DAG(s) dict_keys(['example_kubernetes_executor']) retrieved from /home/airflow/.local/lib/python3.7/site-packages/airflow/example_dags/example_kubernetes_executor.py
[2023-07-10T01:43:51.048+0000] {logging_mixin.py:149} INFO - [2023-07-10T01:43:51.048+0000] {dag.py:2726} INFO - Sync 1 DAGs
[2023-07-10T01:43:51.069+0000] {logging_mixin.py:149} INFO - [2023-07-10T01:43:51.069+0000] {dag.py:3490} INFO - Setting next_dagrun for example_kubernetes_executor to None, run_after=None
[2023-07-10T01:43:51.086+0000] {processor.py:179} INFO - Processing /home/airflow/.local/lib/python3.7/site-packages/airflow/example_dags/example_kubernetes_executor.py took 0.235 seconds
[2023-07-10T01:44:21.584+0000] {processor.py:157} INFO - Started process (PID=4987) to work on /home/airflow/.local/lib/python3.7/site-packages/airflow/example_dags/example_kubernetes_executor.py
[2023-07-10T01:44:21.585+0000] {processor.py:826} INFO - Processing file /home/airflow/.local/lib/python3.7/site-packages/airflow/example_dags/example_kubernetes_executor.py for tasks to queue
[2023-07-10T01:44:21.586+0000] {logging_mixin.py:149} INFO - [2023-07-10T01:44:21.586+0000] {dagbag.py:541} INFO - Filling up the DagBag from /home/airflow/.local/lib/python3.7/site-packages/airflow/example_dags/example_kubernetes_executor.py
[2023-07-10T01:44:21.750+0000] {processor.py:836} INFO - DAG(s) dict_keys(['example_kubernetes_executor']) retrieved from /home/airflow/.local/lib/python3.7/site-packages/airflow/example_dags/example_kubernetes_executor.py
[2023-07-10T01:44:21.782+0000] {logging_mixin.py:149} INFO - [2023-07-10T01:44:21.782+0000] {dag.py:2726} INFO - Sync 1 DAGs
[2023-07-10T01:44:21.802+0000] {logging_mixin.py:149} INFO - [2023-07-10T01:44:21.802+0000] {dag.py:3490} INFO - Setting next_dagrun for example_kubernetes_executor to None, run_after=None
[2023-07-10T01:44:21.819+0000] {processor.py:179} INFO - Processing /home/airflow/.local/lib/python3.7/site-packages/airflow/example_dags/example_kubernetes_executor.py took 0.238 seconds
[2023-07-10T01:44:52.236+0000] {processor.py:157} INFO - Started process (PID=5236) to work on /home/airflow/.local/lib/python3.7/site-packages/airflow/example_dags/example_kubernetes_executor.py
[2023-07-10T01:44:52.238+0000] {processor.py:826} INFO - Processing file /home/airflow/.local/lib/python3.7/site-packages/airflow/example_dags/example_kubernetes_executor.py for tasks to queue
[2023-07-10T01:44:52.238+0000] {logging_mixin.py:149} INFO - [2023-07-10T01:44:52.238+0000] {dagbag.py:541} INFO - Filling up the DagBag from /home/airflow/.local/lib/python3.7/site-packages/airflow/example_dags/example_kubernetes_executor.py
[2023-07-10T01:44:52.397+0000] {processor.py:836} INFO - DAG(s) dict_keys(['example_kubernetes_executor']) retrieved from /home/airflow/.local/lib/python3.7/site-packages/airflow/example_dags/example_kubernetes_executor.py
[2023-07-10T01:44:52.430+0000] {logging_mixin.py:149} INFO - [2023-07-10T01:44:52.430+0000] {dag.py:2726} INFO - Sync 1 DAGs
[2023-07-10T01:44:52.450+0000] {logging_mixin.py:149} INFO - [2023-07-10T01:44:52.450+0000] {dag.py:3490} INFO - Setting next_dagrun for example_kubernetes_executor to None, run_after=None
[2023-07-10T01:44:52.467+0000] {processor.py:179} INFO - Processing /home/airflow/.local/lib/python3.7/site-packages/airflow/example_dags/example_kubernetes_executor.py took 0.234 seconds
[2023-07-10T01:45:22.783+0000] {processor.py:157} INFO - Started process (PID=5485) to work on /home/airflow/.local/lib/python3.7/site-packages/airflow/example_dags/example_kubernetes_executor.py
[2023-07-10T01:45:22.784+0000] {processor.py:826} INFO - Processing file /home/airflow/.local/lib/python3.7/site-packages/airflow/example_dags/example_kubernetes_executor.py for tasks to queue
[2023-07-10T01:45:22.785+0000] {logging_mixin.py:149} INFO - [2023-07-10T01:45:22.785+0000] {dagbag.py:541} INFO - Filling up the DagBag from /home/airflow/.local/lib/python3.7/site-packages/airflow/example_dags/example_kubernetes_executor.py
[2023-07-10T01:45:22.954+0000] {processor.py:836} INFO - DAG(s) dict_keys(['example_kubernetes_executor']) retrieved from /home/airflow/.local/lib/python3.7/site-packages/airflow/example_dags/example_kubernetes_executor.py
[2023-07-10T01:45:22.987+0000] {logging_mixin.py:149} INFO - [2023-07-10T01:45:22.986+0000] {dag.py:2726} INFO - Sync 1 DAGs
[2023-07-10T01:45:23.012+0000] {logging_mixin.py:149} INFO - [2023-07-10T01:45:23.012+0000] {dag.py:3490} INFO - Setting next_dagrun for example_kubernetes_executor to None, run_after=None
[2023-07-10T01:45:23.029+0000] {processor.py:179} INFO - Processing /home/airflow/.local/lib/python3.7/site-packages/airflow/example_dags/example_kubernetes_executor.py took 0.249 seconds
[2023-07-10T01:45:53.343+0000] {processor.py:157} INFO - Started process (PID=5734) to work on /home/airflow/.local/lib/python3.7/site-packages/airflow/example_dags/example_kubernetes_executor.py
[2023-07-10T01:45:53.344+0000] {processor.py:826} INFO - Processing file /home/airflow/.local/lib/python3.7/site-packages/airflow/example_dags/example_kubernetes_executor.py for tasks to queue
[2023-07-10T01:45:53.344+0000] {logging_mixin.py:149} INFO - [2023-07-10T01:45:53.344+0000] {dagbag.py:541} INFO - Filling up the DagBag from /home/airflow/.local/lib/python3.7/site-packages/airflow/example_dags/example_kubernetes_executor.py
[2023-07-10T01:45:53.500+0000] {processor.py:836} INFO - DAG(s) dict_keys(['example_kubernetes_executor']) retrieved from /home/airflow/.local/lib/python3.7/site-packages/airflow/example_dags/example_kubernetes_executor.py
[2023-07-10T01:45:53.531+0000] {logging_mixin.py:149} INFO - [2023-07-10T01:45:53.531+0000] {dag.py:2726} INFO - Sync 1 DAGs
[2023-07-10T01:45:53.551+0000] {logging_mixin.py:149} INFO - [2023-07-10T01:45:53.551+0000] {dag.py:3490} INFO - Setting next_dagrun for example_kubernetes_executor to None, run_after=None
[2023-07-10T01:45:53.583+0000] {processor.py:179} INFO - Processing /home/airflow/.local/lib/python3.7/site-packages/airflow/example_dags/example_kubernetes_executor.py took 0.243 seconds
[2023-07-10T01:46:23.963+0000] {processor.py:157} INFO - Started process (PID=5983) to work on /home/airflow/.local/lib/python3.7/site-packages/airflow/example_dags/example_kubernetes_executor.py
[2023-07-10T01:46:23.964+0000] {processor.py:826} INFO - Processing file /home/airflow/.local/lib/python3.7/site-packages/airflow/example_dags/example_kubernetes_executor.py for tasks to queue
[2023-07-10T01:46:23.965+0000] {logging_mixin.py:149} INFO - [2023-07-10T01:46:23.965+0000] {dagbag.py:541} INFO - Filling up the DagBag from /home/airflow/.local/lib/python3.7/site-packages/airflow/example_dags/example_kubernetes_executor.py
[2023-07-10T01:46:24.138+0000] {processor.py:836} INFO - DAG(s) dict_keys(['example_kubernetes_executor']) retrieved from /home/airflow/.local/lib/python3.7/site-packages/airflow/example_dags/example_kubernetes_executor.py
[2023-07-10T01:46:24.189+0000] {logging_mixin.py:149} INFO - [2023-07-10T01:46:24.189+0000] {dag.py:2726} INFO - Sync 1 DAGs
[2023-07-10T01:46:24.223+0000] {logging_mixin.py:149} INFO - [2023-07-10T01:46:24.223+0000] {dag.py:3490} INFO - Setting next_dagrun for example_kubernetes_executor to None, run_after=None
[2023-07-10T01:46:24.240+0000] {processor.py:179} INFO - Processing /home/airflow/.local/lib/python3.7/site-packages/airflow/example_dags/example_kubernetes_executor.py took 0.279 seconds
[2023-07-10T01:46:54.771+0000] {processor.py:157} INFO - Started process (PID=6232) to work on /home/airflow/.local/lib/python3.7/site-packages/airflow/example_dags/example_kubernetes_executor.py
[2023-07-10T01:46:54.772+0000] {processor.py:826} INFO - Processing file /home/airflow/.local/lib/python3.7/site-packages/airflow/example_dags/example_kubernetes_executor.py for tasks to queue
[2023-07-10T01:46:54.772+0000] {logging_mixin.py:149} INFO - [2023-07-10T01:46:54.772+0000] {dagbag.py:541} INFO - Filling up the DagBag from /home/airflow/.local/lib/python3.7/site-packages/airflow/example_dags/example_kubernetes_executor.py
[2023-07-10T01:46:54.939+0000] {processor.py:836} INFO - DAG(s) dict_keys(['example_kubernetes_executor']) retrieved from /home/airflow/.local/lib/python3.7/site-packages/airflow/example_dags/example_kubernetes_executor.py
[2023-07-10T01:46:54.970+0000] {logging_mixin.py:149} INFO - [2023-07-10T01:46:54.970+0000] {dag.py:2726} INFO - Sync 1 DAGs
[2023-07-10T01:46:54.993+0000] {logging_mixin.py:149} INFO - [2023-07-10T01:46:54.993+0000] {dag.py:3490} INFO - Setting next_dagrun for example_kubernetes_executor to None, run_after=None
[2023-07-10T01:46:55.013+0000] {processor.py:179} INFO - Processing /home/airflow/.local/lib/python3.7/site-packages/airflow/example_dags/example_kubernetes_executor.py took 0.245 seconds
[2023-07-10T01:47:25.260+0000] {processor.py:157} INFO - Started process (PID=6481) to work on /home/airflow/.local/lib/python3.7/site-packages/airflow/example_dags/example_kubernetes_executor.py
[2023-07-10T01:47:25.261+0000] {processor.py:826} INFO - Processing file /home/airflow/.local/lib/python3.7/site-packages/airflow/example_dags/example_kubernetes_executor.py for tasks to queue
[2023-07-10T01:47:25.262+0000] {logging_mixin.py:149} INFO - [2023-07-10T01:47:25.262+0000] {dagbag.py:541} INFO - Filling up the DagBag from /home/airflow/.local/lib/python3.7/site-packages/airflow/example_dags/example_kubernetes_executor.py
[2023-07-10T01:47:25.430+0000] {processor.py:836} INFO - DAG(s) dict_keys(['example_kubernetes_executor']) retrieved from /home/airflow/.local/lib/python3.7/site-packages/airflow/example_dags/example_kubernetes_executor.py
[2023-07-10T01:47:25.461+0000] {logging_mixin.py:149} INFO - [2023-07-10T01:47:25.461+0000] {dag.py:2726} INFO - Sync 1 DAGs
[2023-07-10T01:47:25.481+0000] {logging_mixin.py:149} INFO - [2023-07-10T01:47:25.481+0000] {dag.py:3490} INFO - Setting next_dagrun for example_kubernetes_executor to None, run_after=None
[2023-07-10T01:47:25.498+0000] {processor.py:179} INFO - Processing /home/airflow/.local/lib/python3.7/site-packages/airflow/example_dags/example_kubernetes_executor.py took 0.240 seconds
[2023-07-10T01:47:55.742+0000] {processor.py:157} INFO - Started process (PID=6730) to work on /home/airflow/.local/lib/python3.7/site-packages/airflow/example_dags/example_kubernetes_executor.py
[2023-07-10T01:47:55.743+0000] {processor.py:826} INFO - Processing file /home/airflow/.local/lib/python3.7/site-packages/airflow/example_dags/example_kubernetes_executor.py for tasks to queue
[2023-07-10T01:47:55.744+0000] {logging_mixin.py:149} INFO - [2023-07-10T01:47:55.744+0000] {dagbag.py:541} INFO - Filling up the DagBag from /home/airflow/.local/lib/python3.7/site-packages/airflow/example_dags/example_kubernetes_executor.py
[2023-07-10T01:47:55.930+0000] {processor.py:836} INFO - DAG(s) dict_keys(['example_kubernetes_executor']) retrieved from /home/airflow/.local/lib/python3.7/site-packages/airflow/example_dags/example_kubernetes_executor.py
[2023-07-10T01:47:55.961+0000] {logging_mixin.py:149} INFO - [2023-07-10T01:47:55.961+0000] {dag.py:2726} INFO - Sync 1 DAGs
[2023-07-10T01:47:55.981+0000] {logging_mixin.py:149} INFO - [2023-07-10T01:47:55.981+0000] {dag.py:3490} INFO - Setting next_dagrun for example_kubernetes_executor to None, run_after=None
[2023-07-10T01:47:55.998+0000] {processor.py:179} INFO - Processing /home/airflow/.local/lib/python3.7/site-packages/airflow/example_dags/example_kubernetes_executor.py took 0.259 seconds
[2023-07-10T01:48:26.310+0000] {processor.py:157} INFO - Started process (PID=6979) to work on /home/airflow/.local/lib/python3.7/site-packages/airflow/example_dags/example_kubernetes_executor.py
[2023-07-10T01:48:26.311+0000] {processor.py:826} INFO - Processing file /home/airflow/.local/lib/python3.7/site-packages/airflow/example_dags/example_kubernetes_executor.py for tasks to queue
[2023-07-10T01:48:26.312+0000] {logging_mixin.py:149} INFO - [2023-07-10T01:48:26.312+0000] {dagbag.py:541} INFO - Filling up the DagBag from /home/airflow/.local/lib/python3.7/site-packages/airflow/example_dags/example_kubernetes_executor.py
[2023-07-10T01:48:26.472+0000] {processor.py:836} INFO - DAG(s) dict_keys(['example_kubernetes_executor']) retrieved from /home/airflow/.local/lib/python3.7/site-packages/airflow/example_dags/example_kubernetes_executor.py
[2023-07-10T01:48:26.502+0000] {logging_mixin.py:149} INFO - [2023-07-10T01:48:26.502+0000] {dag.py:2726} INFO - Sync 1 DAGs
[2023-07-10T01:48:26.520+0000] {logging_mixin.py:149} INFO - [2023-07-10T01:48:26.520+0000] {dag.py:3490} INFO - Setting next_dagrun for example_kubernetes_executor to None, run_after=None
[2023-07-10T01:48:26.537+0000] {processor.py:179} INFO - Processing /home/airflow/.local/lib/python3.7/site-packages/airflow/example_dags/example_kubernetes_executor.py took 0.229 seconds
[2023-07-10T01:48:56.961+0000] {processor.py:157} INFO - Started process (PID=7228) to work on /home/airflow/.local/lib/python3.7/site-packages/airflow/example_dags/example_kubernetes_executor.py
[2023-07-10T01:48:56.962+0000] {processor.py:826} INFO - Processing file /home/airflow/.local/lib/python3.7/site-packages/airflow/example_dags/example_kubernetes_executor.py for tasks to queue
[2023-07-10T01:48:56.963+0000] {logging_mixin.py:149} INFO - [2023-07-10T01:48:56.962+0000] {dagbag.py:541} INFO - Filling up the DagBag from /home/airflow/.local/lib/python3.7/site-packages/airflow/example_dags/example_kubernetes_executor.py
[2023-07-10T01:48:57.121+0000] {processor.py:836} INFO - DAG(s) dict_keys(['example_kubernetes_executor']) retrieved from /home/airflow/.local/lib/python3.7/site-packages/airflow/example_dags/example_kubernetes_executor.py
[2023-07-10T01:48:57.153+0000] {logging_mixin.py:149} INFO - [2023-07-10T01:48:57.153+0000] {dag.py:2726} INFO - Sync 1 DAGs
[2023-07-10T01:48:57.172+0000] {logging_mixin.py:149} INFO - [2023-07-10T01:48:57.172+0000] {dag.py:3490} INFO - Setting next_dagrun for example_kubernetes_executor to None, run_after=None
[2023-07-10T01:48:57.190+0000] {processor.py:179} INFO - Processing /home/airflow/.local/lib/python3.7/site-packages/airflow/example_dags/example_kubernetes_executor.py took 0.233 seconds
[2023-07-10T01:49:27.406+0000] {processor.py:157} INFO - Started process (PID=7477) to work on /home/airflow/.local/lib/python3.7/site-packages/airflow/example_dags/example_kubernetes_executor.py
[2023-07-10T01:49:27.407+0000] {processor.py:826} INFO - Processing file /home/airflow/.local/lib/python3.7/site-packages/airflow/example_dags/example_kubernetes_executor.py for tasks to queue
[2023-07-10T01:49:27.408+0000] {logging_mixin.py:149} INFO - [2023-07-10T01:49:27.407+0000] {dagbag.py:541} INFO - Filling up the DagBag from /home/airflow/.local/lib/python3.7/site-packages/airflow/example_dags/example_kubernetes_executor.py
[2023-07-10T01:49:27.569+0000] {processor.py:836} INFO - DAG(s) dict_keys(['example_kubernetes_executor']) retrieved from /home/airflow/.local/lib/python3.7/site-packages/airflow/example_dags/example_kubernetes_executor.py
[2023-07-10T01:49:27.601+0000] {logging_mixin.py:149} INFO - [2023-07-10T01:49:27.600+0000] {dag.py:2726} INFO - Sync 1 DAGs
[2023-07-10T01:49:27.620+0000] {logging_mixin.py:149} INFO - [2023-07-10T01:49:27.620+0000] {dag.py:3490} INFO - Setting next_dagrun for example_kubernetes_executor to None, run_after=None
[2023-07-10T01:49:27.638+0000] {processor.py:179} INFO - Processing /home/airflow/.local/lib/python3.7/site-packages/airflow/example_dags/example_kubernetes_executor.py took 0.234 seconds
[2023-07-10T01:49:58.002+0000] {processor.py:157} INFO - Started process (PID=7731) to work on /home/airflow/.local/lib/python3.7/site-packages/airflow/example_dags/example_kubernetes_executor.py
[2023-07-10T01:49:58.003+0000] {processor.py:826} INFO - Processing file /home/airflow/.local/lib/python3.7/site-packages/airflow/example_dags/example_kubernetes_executor.py for tasks to queue
[2023-07-10T01:49:58.004+0000] {logging_mixin.py:149} INFO - [2023-07-10T01:49:58.004+0000] {dagbag.py:541} INFO - Filling up the DagBag from /home/airflow/.local/lib/python3.7/site-packages/airflow/example_dags/example_kubernetes_executor.py
[2023-07-10T01:49:58.172+0000] {processor.py:836} INFO - DAG(s) dict_keys(['example_kubernetes_executor']) retrieved from /home/airflow/.local/lib/python3.7/site-packages/airflow/example_dags/example_kubernetes_executor.py
[2023-07-10T01:49:58.203+0000] {logging_mixin.py:149} INFO - [2023-07-10T01:49:58.203+0000] {dag.py:2726} INFO - Sync 1 DAGs
[2023-07-10T01:49:58.222+0000] {logging_mixin.py:149} INFO - [2023-07-10T01:49:58.222+0000] {dag.py:3490} INFO - Setting next_dagrun for example_kubernetes_executor to None, run_after=None
[2023-07-10T01:49:58.238+0000] {processor.py:179} INFO - Processing /home/airflow/.local/lib/python3.7/site-packages/airflow/example_dags/example_kubernetes_executor.py took 0.238 seconds
[2023-07-10T01:50:28.649+0000] {processor.py:157} INFO - Started process (PID=7985) to work on /home/airflow/.local/lib/python3.7/site-packages/airflow/example_dags/example_kubernetes_executor.py
[2023-07-10T01:50:28.650+0000] {processor.py:826} INFO - Processing file /home/airflow/.local/lib/python3.7/site-packages/airflow/example_dags/example_kubernetes_executor.py for tasks to queue
[2023-07-10T01:50:28.651+0000] {logging_mixin.py:149} INFO - [2023-07-10T01:50:28.651+0000] {dagbag.py:541} INFO - Filling up the DagBag from /home/airflow/.local/lib/python3.7/site-packages/airflow/example_dags/example_kubernetes_executor.py
[2023-07-10T01:50:28.825+0000] {processor.py:836} INFO - DAG(s) dict_keys(['example_kubernetes_executor']) retrieved from /home/airflow/.local/lib/python3.7/site-packages/airflow/example_dags/example_kubernetes_executor.py
[2023-07-10T01:50:28.856+0000] {logging_mixin.py:149} INFO - [2023-07-10T01:50:28.856+0000] {dag.py:2726} INFO - Sync 1 DAGs
[2023-07-10T01:50:28.879+0000] {logging_mixin.py:149} INFO - [2023-07-10T01:50:28.879+0000] {dag.py:3490} INFO - Setting next_dagrun for example_kubernetes_executor to None, run_after=None
[2023-07-10T01:50:28.896+0000] {processor.py:179} INFO - Processing /home/airflow/.local/lib/python3.7/site-packages/airflow/example_dags/example_kubernetes_executor.py took 0.249 seconds
[2023-07-10T01:50:59.284+0000] {processor.py:157} INFO - Started process (PID=8239) to work on /home/airflow/.local/lib/python3.7/site-packages/airflow/example_dags/example_kubernetes_executor.py
[2023-07-10T01:50:59.285+0000] {processor.py:826} INFO - Processing file /home/airflow/.local/lib/python3.7/site-packages/airflow/example_dags/example_kubernetes_executor.py for tasks to queue
[2023-07-10T01:50:59.286+0000] {logging_mixin.py:149} INFO - [2023-07-10T01:50:59.286+0000] {dagbag.py:541} INFO - Filling up the DagBag from /home/airflow/.local/lib/python3.7/site-packages/airflow/example_dags/example_kubernetes_executor.py
[2023-07-10T01:50:59.450+0000] {processor.py:836} INFO - DAG(s) dict_keys(['example_kubernetes_executor']) retrieved from /home/airflow/.local/lib/python3.7/site-packages/airflow/example_dags/example_kubernetes_executor.py
[2023-07-10T01:50:59.481+0000] {logging_mixin.py:149} INFO - [2023-07-10T01:50:59.481+0000] {dag.py:2726} INFO - Sync 1 DAGs
[2023-07-10T01:50:59.500+0000] {logging_mixin.py:149} INFO - [2023-07-10T01:50:59.500+0000] {dag.py:3490} INFO - Setting next_dagrun for example_kubernetes_executor to None, run_after=None
[2023-07-10T01:50:59.518+0000] {processor.py:179} INFO - Processing /home/airflow/.local/lib/python3.7/site-packages/airflow/example_dags/example_kubernetes_executor.py took 0.237 seconds
[2023-07-10T01:51:29.972+0000] {processor.py:157} INFO - Started process (PID=8493) to work on /home/airflow/.local/lib/python3.7/site-packages/airflow/example_dags/example_kubernetes_executor.py
[2023-07-10T01:51:29.973+0000] {processor.py:826} INFO - Processing file /home/airflow/.local/lib/python3.7/site-packages/airflow/example_dags/example_kubernetes_executor.py for tasks to queue
[2023-07-10T01:51:29.974+0000] {logging_mixin.py:149} INFO - [2023-07-10T01:51:29.974+0000] {dagbag.py:541} INFO - Filling up the DagBag from /home/airflow/.local/lib/python3.7/site-packages/airflow/example_dags/example_kubernetes_executor.py
[2023-07-10T01:51:30.154+0000] {processor.py:836} INFO - DAG(s) dict_keys(['example_kubernetes_executor']) retrieved from /home/airflow/.local/lib/python3.7/site-packages/airflow/example_dags/example_kubernetes_executor.py
[2023-07-10T01:51:30.187+0000] {logging_mixin.py:149} INFO - [2023-07-10T01:51:30.187+0000] {dag.py:2726} INFO - Sync 1 DAGs
[2023-07-10T01:51:30.209+0000] {logging_mixin.py:149} INFO - [2023-07-10T01:51:30.209+0000] {dag.py:3490} INFO - Setting next_dagrun for example_kubernetes_executor to None, run_after=None
[2023-07-10T01:51:30.226+0000] {processor.py:179} INFO - Processing /home/airflow/.local/lib/python3.7/site-packages/airflow/example_dags/example_kubernetes_executor.py took 0.258 seconds
[2023-07-10T01:52:00.632+0000] {processor.py:157} INFO - Started process (PID=8747) to work on /home/airflow/.local/lib/python3.7/site-packages/airflow/example_dags/example_kubernetes_executor.py
[2023-07-10T01:52:00.633+0000] {processor.py:826} INFO - Processing file /home/airflow/.local/lib/python3.7/site-packages/airflow/example_dags/example_kubernetes_executor.py for tasks to queue
[2023-07-10T01:52:00.634+0000] {logging_mixin.py:149} INFO - [2023-07-10T01:52:00.634+0000] {dagbag.py:541} INFO - Filling up the DagBag from /home/airflow/.local/lib/python3.7/site-packages/airflow/example_dags/example_kubernetes_executor.py
[2023-07-10T01:52:00.810+0000] {processor.py:836} INFO - DAG(s) dict_keys(['example_kubernetes_executor']) retrieved from /home/airflow/.local/lib/python3.7/site-packages/airflow/example_dags/example_kubernetes_executor.py
[2023-07-10T01:52:00.842+0000] {logging_mixin.py:149} INFO - [2023-07-10T01:52:00.842+0000] {dag.py:2726} INFO - Sync 1 DAGs
[2023-07-10T01:52:00.864+0000] {logging_mixin.py:149} INFO - [2023-07-10T01:52:00.864+0000] {dag.py:3490} INFO - Setting next_dagrun for example_kubernetes_executor to None, run_after=None
[2023-07-10T01:52:00.881+0000] {processor.py:179} INFO - Processing /home/airflow/.local/lib/python3.7/site-packages/airflow/example_dags/example_kubernetes_executor.py took 0.252 seconds
[2023-07-10T01:52:31.407+0000] {processor.py:157} INFO - Started process (PID=9001) to work on /home/airflow/.local/lib/python3.7/site-packages/airflow/example_dags/example_kubernetes_executor.py
[2023-07-10T01:52:31.408+0000] {processor.py:826} INFO - Processing file /home/airflow/.local/lib/python3.7/site-packages/airflow/example_dags/example_kubernetes_executor.py for tasks to queue
[2023-07-10T01:52:31.408+0000] {logging_mixin.py:149} INFO - [2023-07-10T01:52:31.408+0000] {dagbag.py:541} INFO - Filling up the DagBag from /home/airflow/.local/lib/python3.7/site-packages/airflow/example_dags/example_kubernetes_executor.py
[2023-07-10T01:52:31.575+0000] {processor.py:836} INFO - DAG(s) dict_keys(['example_kubernetes_executor']) retrieved from /home/airflow/.local/lib/python3.7/site-packages/airflow/example_dags/example_kubernetes_executor.py
[2023-07-10T01:52:31.608+0000] {logging_mixin.py:149} INFO - [2023-07-10T01:52:31.607+0000] {dag.py:2726} INFO - Sync 1 DAGs
[2023-07-10T01:52:31.629+0000] {logging_mixin.py:149} INFO - [2023-07-10T01:52:31.629+0000] {dag.py:3490} INFO - Setting next_dagrun for example_kubernetes_executor to None, run_after=None
[2023-07-10T01:52:31.647+0000] {processor.py:179} INFO - Processing /home/airflow/.local/lib/python3.7/site-packages/airflow/example_dags/example_kubernetes_executor.py took 0.243 seconds
[2023-07-10T01:53:01.690+0000] {processor.py:157} INFO - Started process (PID=9258) to work on /home/airflow/.local/lib/python3.7/site-packages/airflow/example_dags/example_kubernetes_executor.py
[2023-07-10T01:53:01.691+0000] {processor.py:826} INFO - Processing file /home/airflow/.local/lib/python3.7/site-packages/airflow/example_dags/example_kubernetes_executor.py for tasks to queue
[2023-07-10T01:53:01.692+0000] {logging_mixin.py:149} INFO - [2023-07-10T01:53:01.692+0000] {dagbag.py:541} INFO - Filling up the DagBag from /home/airflow/.local/lib/python3.7/site-packages/airflow/example_dags/example_kubernetes_executor.py
[2023-07-10T01:53:01.851+0000] {processor.py:836} INFO - DAG(s) dict_keys(['example_kubernetes_executor']) retrieved from /home/airflow/.local/lib/python3.7/site-packages/airflow/example_dags/example_kubernetes_executor.py
[2023-07-10T01:53:01.884+0000] {logging_mixin.py:149} INFO - [2023-07-10T01:53:01.884+0000] {dag.py:2726} INFO - Sync 1 DAGs
[2023-07-10T01:53:01.912+0000] {logging_mixin.py:149} INFO - [2023-07-10T01:53:01.912+0000] {dag.py:3490} INFO - Setting next_dagrun for example_kubernetes_executor to None, run_after=None
[2023-07-10T01:53:01.929+0000] {processor.py:179} INFO - Processing /home/airflow/.local/lib/python3.7/site-packages/airflow/example_dags/example_kubernetes_executor.py took 0.242 seconds
[2023-07-10T01:53:31.997+0000] {processor.py:157} INFO - Started process (PID=9514) to work on /home/airflow/.local/lib/python3.7/site-packages/airflow/example_dags/example_kubernetes_executor.py
[2023-07-10T01:53:31.998+0000] {processor.py:826} INFO - Processing file /home/airflow/.local/lib/python3.7/site-packages/airflow/example_dags/example_kubernetes_executor.py for tasks to queue
[2023-07-10T01:53:31.999+0000] {logging_mixin.py:149} INFO - [2023-07-10T01:53:31.999+0000] {dagbag.py:541} INFO - Filling up the DagBag from /home/airflow/.local/lib/python3.7/site-packages/airflow/example_dags/example_kubernetes_executor.py
[2023-07-10T01:53:32.154+0000] {processor.py:836} INFO - DAG(s) dict_keys(['example_kubernetes_executor']) retrieved from /home/airflow/.local/lib/python3.7/site-packages/airflow/example_dags/example_kubernetes_executor.py
[2023-07-10T01:53:32.186+0000] {logging_mixin.py:149} INFO - [2023-07-10T01:53:32.186+0000] {dag.py:2726} INFO - Sync 1 DAGs
[2023-07-10T01:53:32.207+0000] {logging_mixin.py:149} INFO - [2023-07-10T01:53:32.207+0000] {dag.py:3490} INFO - Setting next_dagrun for example_kubernetes_executor to None, run_after=None
[2023-07-10T01:53:32.224+0000] {processor.py:179} INFO - Processing /home/airflow/.local/lib/python3.7/site-packages/airflow/example_dags/example_kubernetes_executor.py took 0.229 seconds
[2023-07-10T01:54:02.414+0000] {processor.py:157} INFO - Started process (PID=9774) to work on /home/airflow/.local/lib/python3.7/site-packages/airflow/example_dags/example_kubernetes_executor.py
[2023-07-10T01:54:02.415+0000] {processor.py:826} INFO - Processing file /home/airflow/.local/lib/python3.7/site-packages/airflow/example_dags/example_kubernetes_executor.py for tasks to queue
[2023-07-10T01:54:02.416+0000] {logging_mixin.py:149} INFO - [2023-07-10T01:54:02.416+0000] {dagbag.py:541} INFO - Filling up the DagBag from /home/airflow/.local/lib/python3.7/site-packages/airflow/example_dags/example_kubernetes_executor.py
[2023-07-10T01:54:02.576+0000] {processor.py:836} INFO - DAG(s) dict_keys(['example_kubernetes_executor']) retrieved from /home/airflow/.local/lib/python3.7/site-packages/airflow/example_dags/example_kubernetes_executor.py
[2023-07-10T01:54:02.610+0000] {logging_mixin.py:149} INFO - [2023-07-10T01:54:02.610+0000] {dag.py:2726} INFO - Sync 1 DAGs
[2023-07-10T01:54:02.631+0000] {logging_mixin.py:149} INFO - [2023-07-10T01:54:02.631+0000] {dag.py:3490} INFO - Setting next_dagrun for example_kubernetes_executor to None, run_after=None
[2023-07-10T01:54:02.647+0000] {processor.py:179} INFO - Processing /home/airflow/.local/lib/python3.7/site-packages/airflow/example_dags/example_kubernetes_executor.py took 0.236 seconds
[2023-07-10T01:54:32.741+0000] {processor.py:157} INFO - Started process (PID=10038) to work on /home/airflow/.local/lib/python3.7/site-packages/airflow/example_dags/example_kubernetes_executor.py
[2023-07-10T01:54:32.742+0000] {processor.py:826} INFO - Processing file /home/airflow/.local/lib/python3.7/site-packages/airflow/example_dags/example_kubernetes_executor.py for tasks to queue
[2023-07-10T01:54:32.743+0000] {logging_mixin.py:149} INFO - [2023-07-10T01:54:32.743+0000] {dagbag.py:541} INFO - Filling up the DagBag from /home/airflow/.local/lib/python3.7/site-packages/airflow/example_dags/example_kubernetes_executor.py
[2023-07-10T01:54:32.898+0000] {processor.py:836} INFO - DAG(s) dict_keys(['example_kubernetes_executor']) retrieved from /home/airflow/.local/lib/python3.7/site-packages/airflow/example_dags/example_kubernetes_executor.py
[2023-07-10T01:54:32.932+0000] {logging_mixin.py:149} INFO - [2023-07-10T01:54:32.932+0000] {dag.py:2726} INFO - Sync 1 DAGs
[2023-07-10T01:54:32.952+0000] {logging_mixin.py:149} INFO - [2023-07-10T01:54:32.952+0000] {dag.py:3490} INFO - Setting next_dagrun for example_kubernetes_executor to None, run_after=None
[2023-07-10T01:54:32.969+0000] {processor.py:179} INFO - Processing /home/airflow/.local/lib/python3.7/site-packages/airflow/example_dags/example_kubernetes_executor.py took 0.231 seconds
[2023-07-10T01:55:03.966+0000] {processor.py:157} INFO - Started process (PID=10292) to work on /home/airflow/.local/lib/python3.7/site-packages/airflow/example_dags/example_kubernetes_executor.py
[2023-07-10T01:55:03.967+0000] {processor.py:826} INFO - Processing file /home/airflow/.local/lib/python3.7/site-packages/airflow/example_dags/example_kubernetes_executor.py for tasks to queue
[2023-07-10T01:55:03.968+0000] {logging_mixin.py:149} INFO - [2023-07-10T01:55:03.968+0000] {dagbag.py:541} INFO - Filling up the DagBag from /home/airflow/.local/lib/python3.7/site-packages/airflow/example_dags/example_kubernetes_executor.py
[2023-07-10T01:55:04.132+0000] {processor.py:836} INFO - DAG(s) dict_keys(['example_kubernetes_executor']) retrieved from /home/airflow/.local/lib/python3.7/site-packages/airflow/example_dags/example_kubernetes_executor.py
[2023-07-10T01:55:04.165+0000] {logging_mixin.py:149} INFO - [2023-07-10T01:55:04.165+0000] {dag.py:2726} INFO - Sync 1 DAGs
[2023-07-10T01:55:04.188+0000] {logging_mixin.py:149} INFO - [2023-07-10T01:55:04.187+0000] {dag.py:3490} INFO - Setting next_dagrun for example_kubernetes_executor to None, run_after=None
[2023-07-10T01:55:04.203+0000] {processor.py:179} INFO - Processing /home/airflow/.local/lib/python3.7/site-packages/airflow/example_dags/example_kubernetes_executor.py took 0.240 seconds
[2023-07-10T01:55:34.892+0000] {processor.py:157} INFO - Started process (PID=10546) to work on /home/airflow/.local/lib/python3.7/site-packages/airflow/example_dags/example_kubernetes_executor.py
[2023-07-10T01:55:34.893+0000] {processor.py:826} INFO - Processing file /home/airflow/.local/lib/python3.7/site-packages/airflow/example_dags/example_kubernetes_executor.py for tasks to queue
[2023-07-10T01:55:34.894+0000] {logging_mixin.py:149} INFO - [2023-07-10T01:55:34.894+0000] {dagbag.py:541} INFO - Filling up the DagBag from /home/airflow/.local/lib/python3.7/site-packages/airflow/example_dags/example_kubernetes_executor.py
[2023-07-10T01:55:35.057+0000] {processor.py:836} INFO - DAG(s) dict_keys(['example_kubernetes_executor']) retrieved from /home/airflow/.local/lib/python3.7/site-packages/airflow/example_dags/example_kubernetes_executor.py
[2023-07-10T01:55:35.088+0000] {logging_mixin.py:149} INFO - [2023-07-10T01:55:35.088+0000] {dag.py:2726} INFO - Sync 1 DAGs
[2023-07-10T01:55:35.109+0000] {logging_mixin.py:149} INFO - [2023-07-10T01:55:35.109+0000] {dag.py:3490} INFO - Setting next_dagrun for example_kubernetes_executor to None, run_after=None
[2023-07-10T01:55:35.126+0000] {processor.py:179} INFO - Processing /home/airflow/.local/lib/python3.7/site-packages/airflow/example_dags/example_kubernetes_executor.py took 0.236 seconds
[2023-07-10T01:56:05.531+0000] {processor.py:157} INFO - Started process (PID=10800) to work on /home/airflow/.local/lib/python3.7/site-packages/airflow/example_dags/example_kubernetes_executor.py
[2023-07-10T01:56:05.532+0000] {processor.py:826} INFO - Processing file /home/airflow/.local/lib/python3.7/site-packages/airflow/example_dags/example_kubernetes_executor.py for tasks to queue
[2023-07-10T01:56:05.533+0000] {logging_mixin.py:149} INFO - [2023-07-10T01:56:05.533+0000] {dagbag.py:541} INFO - Filling up the DagBag from /home/airflow/.local/lib/python3.7/site-packages/airflow/example_dags/example_kubernetes_executor.py
[2023-07-10T01:56:05.689+0000] {processor.py:836} INFO - DAG(s) dict_keys(['example_kubernetes_executor']) retrieved from /home/airflow/.local/lib/python3.7/site-packages/airflow/example_dags/example_kubernetes_executor.py
[2023-07-10T01:56:05.722+0000] {logging_mixin.py:149} INFO - [2023-07-10T01:56:05.722+0000] {dag.py:2726} INFO - Sync 1 DAGs
[2023-07-10T01:56:05.743+0000] {logging_mixin.py:149} INFO - [2023-07-10T01:56:05.743+0000] {dag.py:3490} INFO - Setting next_dagrun for example_kubernetes_executor to None, run_after=None
[2023-07-10T01:56:05.761+0000] {processor.py:179} INFO - Processing /home/airflow/.local/lib/python3.7/site-packages/airflow/example_dags/example_kubernetes_executor.py took 0.232 seconds
[2023-07-10T01:56:36.207+0000] {processor.py:157} INFO - Started process (PID=11059) to work on /home/airflow/.local/lib/python3.7/site-packages/airflow/example_dags/example_kubernetes_executor.py
[2023-07-10T01:56:36.209+0000] {processor.py:826} INFO - Processing file /home/airflow/.local/lib/python3.7/site-packages/airflow/example_dags/example_kubernetes_executor.py for tasks to queue
[2023-07-10T01:56:36.209+0000] {logging_mixin.py:149} INFO - [2023-07-10T01:56:36.209+0000] {dagbag.py:541} INFO - Filling up the DagBag from /home/airflow/.local/lib/python3.7/site-packages/airflow/example_dags/example_kubernetes_executor.py
[2023-07-10T01:56:36.366+0000] {processor.py:836} INFO - DAG(s) dict_keys(['example_kubernetes_executor']) retrieved from /home/airflow/.local/lib/python3.7/site-packages/airflow/example_dags/example_kubernetes_executor.py
[2023-07-10T01:56:36.398+0000] {logging_mixin.py:149} INFO - [2023-07-10T01:56:36.397+0000] {dag.py:2726} INFO - Sync 1 DAGs
[2023-07-10T01:56:36.421+0000] {logging_mixin.py:149} INFO - [2023-07-10T01:56:36.421+0000] {dag.py:3490} INFO - Setting next_dagrun for example_kubernetes_executor to None, run_after=None
[2023-07-10T01:56:36.437+0000] {processor.py:179} INFO - Processing /home/airflow/.local/lib/python3.7/site-packages/airflow/example_dags/example_kubernetes_executor.py took 0.232 seconds
[2023-07-10T01:57:06.884+0000] {processor.py:157} INFO - Started process (PID=11320) to work on /home/airflow/.local/lib/python3.7/site-packages/airflow/example_dags/example_kubernetes_executor.py
[2023-07-10T01:57:06.886+0000] {processor.py:826} INFO - Processing file /home/airflow/.local/lib/python3.7/site-packages/airflow/example_dags/example_kubernetes_executor.py for tasks to queue
[2023-07-10T01:57:06.887+0000] {logging_mixin.py:149} INFO - [2023-07-10T01:57:06.887+0000] {dagbag.py:541} INFO - Filling up the DagBag from /home/airflow/.local/lib/python3.7/site-packages/airflow/example_dags/example_kubernetes_executor.py
[2023-07-10T01:57:07.074+0000] {processor.py:836} INFO - DAG(s) dict_keys(['example_kubernetes_executor']) retrieved from /home/airflow/.local/lib/python3.7/site-packages/airflow/example_dags/example_kubernetes_executor.py
[2023-07-10T01:57:07.109+0000] {logging_mixin.py:149} INFO - [2023-07-10T01:57:07.109+0000] {dag.py:2726} INFO - Sync 1 DAGs
[2023-07-10T01:57:07.134+0000] {logging_mixin.py:149} INFO - [2023-07-10T01:57:07.134+0000] {dag.py:3490} INFO - Setting next_dagrun for example_kubernetes_executor to None, run_after=None
[2023-07-10T01:57:07.154+0000] {processor.py:179} INFO - Processing /home/airflow/.local/lib/python3.7/site-packages/airflow/example_dags/example_kubernetes_executor.py took 0.273 seconds
[2023-07-10T01:57:37.224+0000] {processor.py:157} INFO - Started process (PID=11584) to work on /home/airflow/.local/lib/python3.7/site-packages/airflow/example_dags/example_kubernetes_executor.py
[2023-07-10T01:57:37.224+0000] {processor.py:826} INFO - Processing file /home/airflow/.local/lib/python3.7/site-packages/airflow/example_dags/example_kubernetes_executor.py for tasks to queue
[2023-07-10T01:57:37.225+0000] {logging_mixin.py:149} INFO - [2023-07-10T01:57:37.225+0000] {dagbag.py:541} INFO - Filling up the DagBag from /home/airflow/.local/lib/python3.7/site-packages/airflow/example_dags/example_kubernetes_executor.py
[2023-07-10T01:57:37.383+0000] {processor.py:836} INFO - DAG(s) dict_keys(['example_kubernetes_executor']) retrieved from /home/airflow/.local/lib/python3.7/site-packages/airflow/example_dags/example_kubernetes_executor.py
[2023-07-10T01:57:37.416+0000] {logging_mixin.py:149} INFO - [2023-07-10T01:57:37.416+0000] {dag.py:2726} INFO - Sync 1 DAGs
[2023-07-10T01:57:37.436+0000] {logging_mixin.py:149} INFO - [2023-07-10T01:57:37.436+0000] {dag.py:3490} INFO - Setting next_dagrun for example_kubernetes_executor to None, run_after=None
[2023-07-10T01:57:37.452+0000] {processor.py:179} INFO - Processing /home/airflow/.local/lib/python3.7/site-packages/airflow/example_dags/example_kubernetes_executor.py took 0.231 seconds
[2023-07-10T01:58:08.328+0000] {processor.py:157} INFO - Started process (PID=11838) to work on /home/airflow/.local/lib/python3.7/site-packages/airflow/example_dags/example_kubernetes_executor.py
[2023-07-10T01:58:08.329+0000] {processor.py:826} INFO - Processing file /home/airflow/.local/lib/python3.7/site-packages/airflow/example_dags/example_kubernetes_executor.py for tasks to queue
[2023-07-10T01:58:08.330+0000] {logging_mixin.py:149} INFO - [2023-07-10T01:58:08.329+0000] {dagbag.py:541} INFO - Filling up the DagBag from /home/airflow/.local/lib/python3.7/site-packages/airflow/example_dags/example_kubernetes_executor.py
[2023-07-10T01:58:08.518+0000] {processor.py:836} INFO - DAG(s) dict_keys(['example_kubernetes_executor']) retrieved from /home/airflow/.local/lib/python3.7/site-packages/airflow/example_dags/example_kubernetes_executor.py
[2023-07-10T01:58:08.550+0000] {logging_mixin.py:149} INFO - [2023-07-10T01:58:08.550+0000] {dag.py:2726} INFO - Sync 1 DAGs
[2023-07-10T01:58:08.570+0000] {logging_mixin.py:149} INFO - [2023-07-10T01:58:08.570+0000] {dag.py:3490} INFO - Setting next_dagrun for example_kubernetes_executor to None, run_after=None
[2023-07-10T01:58:08.587+0000] {processor.py:179} INFO - Processing /home/airflow/.local/lib/python3.7/site-packages/airflow/example_dags/example_kubernetes_executor.py took 0.263 seconds
[2023-07-10T01:58:39.149+0000] {processor.py:157} INFO - Started process (PID=12092) to work on /home/airflow/.local/lib/python3.7/site-packages/airflow/example_dags/example_kubernetes_executor.py
[2023-07-10T01:58:39.150+0000] {processor.py:826} INFO - Processing file /home/airflow/.local/lib/python3.7/site-packages/airflow/example_dags/example_kubernetes_executor.py for tasks to queue
[2023-07-10T01:58:39.151+0000] {logging_mixin.py:149} INFO - [2023-07-10T01:58:39.151+0000] {dagbag.py:541} INFO - Filling up the DagBag from /home/airflow/.local/lib/python3.7/site-packages/airflow/example_dags/example_kubernetes_executor.py
[2023-07-10T01:58:39.311+0000] {processor.py:836} INFO - DAG(s) dict_keys(['example_kubernetes_executor']) retrieved from /home/airflow/.local/lib/python3.7/site-packages/airflow/example_dags/example_kubernetes_executor.py
[2023-07-10T01:58:39.343+0000] {logging_mixin.py:149} INFO - [2023-07-10T01:58:39.343+0000] {dag.py:2726} INFO - Sync 1 DAGs
[2023-07-10T01:58:39.367+0000] {logging_mixin.py:149} INFO - [2023-07-10T01:58:39.367+0000] {dag.py:3490} INFO - Setting next_dagrun for example_kubernetes_executor to None, run_after=None
[2023-07-10T01:58:39.385+0000] {processor.py:179} INFO - Processing /home/airflow/.local/lib/python3.7/site-packages/airflow/example_dags/example_kubernetes_executor.py took 0.239 seconds
