[2023-07-10T01:34:39.103+0000] {processor.py:157} INFO - Started process (PID=347) to work on /home/airflow/.local/lib/python3.7/site-packages/airflow/example_dags/example_xcom.py
[2023-07-10T01:34:39.104+0000] {processor.py:826} INFO - Processing file /home/airflow/.local/lib/python3.7/site-packages/airflow/example_dags/example_xcom.py for tasks to queue
[2023-07-10T01:34:39.105+0000] {logging_mixin.py:149} INFO - [2023-07-10T01:34:39.105+0000] {dagbag.py:541} INFO - Filling up the DagBag from /home/airflow/.local/lib/python3.7/site-packages/airflow/example_dags/example_xcom.py
[2023-07-10T01:34:39.112+0000] {processor.py:836} INFO - DAG(s) dict_keys(['example_xcom']) retrieved from /home/airflow/.local/lib/python3.7/site-packages/airflow/example_dags/example_xcom.py
[2023-07-10T01:34:39.133+0000] {logging_mixin.py:149} INFO - [2023-07-10T01:34:39.133+0000] {dag.py:2726} INFO - Sync 1 DAGs
[2023-07-10T01:34:39.157+0000] {logging_mixin.py:149} INFO - [2023-07-10T01:34:39.157+0000] {dag.py:3490} INFO - Setting next_dagrun for example_xcom to 2021-01-01T00:00:00+00:00, run_after=2021-01-01T00:00:00+00:00
[2023-07-10T01:34:39.175+0000] {processor.py:179} INFO - Processing /home/airflow/.local/lib/python3.7/site-packages/airflow/example_dags/example_xcom.py took 0.074 seconds
[2023-07-10T01:35:09.913+0000] {processor.py:157} INFO - Started process (PID=597) to work on /home/airflow/.local/lib/python3.7/site-packages/airflow/example_dags/example_xcom.py
[2023-07-10T01:35:09.914+0000] {processor.py:826} INFO - Processing file /home/airflow/.local/lib/python3.7/site-packages/airflow/example_dags/example_xcom.py for tasks to queue
[2023-07-10T01:35:09.915+0000] {logging_mixin.py:149} INFO - [2023-07-10T01:35:09.915+0000] {dagbag.py:541} INFO - Filling up the DagBag from /home/airflow/.local/lib/python3.7/site-packages/airflow/example_dags/example_xcom.py
[2023-07-10T01:35:09.921+0000] {processor.py:836} INFO - DAG(s) dict_keys(['example_xcom']) retrieved from /home/airflow/.local/lib/python3.7/site-packages/airflow/example_dags/example_xcom.py
[2023-07-10T01:35:09.943+0000] {logging_mixin.py:149} INFO - [2023-07-10T01:35:09.943+0000] {dag.py:2726} INFO - Sync 1 DAGs
[2023-07-10T01:35:09.966+0000] {logging_mixin.py:149} INFO - [2023-07-10T01:35:09.966+0000] {dag.py:3490} INFO - Setting next_dagrun for example_xcom to 2021-01-01T00:00:00+00:00, run_after=2021-01-01T00:00:00+00:00
[2023-07-10T01:35:09.982+0000] {processor.py:179} INFO - Processing /home/airflow/.local/lib/python3.7/site-packages/airflow/example_dags/example_xcom.py took 0.071 seconds
[2023-07-10T01:35:41.645+0000] {processor.py:157} INFO - Started process (PID=846) to work on /home/airflow/.local/lib/python3.7/site-packages/airflow/example_dags/example_xcom.py
[2023-07-10T01:35:41.646+0000] {processor.py:826} INFO - Processing file /home/airflow/.local/lib/python3.7/site-packages/airflow/example_dags/example_xcom.py for tasks to queue
[2023-07-10T01:35:41.647+0000] {logging_mixin.py:149} INFO - [2023-07-10T01:35:41.647+0000] {dagbag.py:541} INFO - Filling up the DagBag from /home/airflow/.local/lib/python3.7/site-packages/airflow/example_dags/example_xcom.py
[2023-07-10T01:35:41.653+0000] {processor.py:836} INFO - DAG(s) dict_keys(['example_xcom']) retrieved from /home/airflow/.local/lib/python3.7/site-packages/airflow/example_dags/example_xcom.py
[2023-07-10T01:35:41.674+0000] {logging_mixin.py:149} INFO - [2023-07-10T01:35:41.674+0000] {dag.py:2726} INFO - Sync 1 DAGs
[2023-07-10T01:35:41.696+0000] {logging_mixin.py:149} INFO - [2023-07-10T01:35:41.696+0000] {dag.py:3490} INFO - Setting next_dagrun for example_xcom to 2021-01-01T00:00:00+00:00, run_after=2021-01-01T00:00:00+00:00
[2023-07-10T01:35:41.782+0000] {processor.py:179} INFO - Processing /home/airflow/.local/lib/python3.7/site-packages/airflow/example_dags/example_xcom.py took 0.140 seconds
[2023-07-10T01:36:13.317+0000] {processor.py:157} INFO - Started process (PID=1097) to work on /home/airflow/.local/lib/python3.7/site-packages/airflow/example_dags/example_xcom.py
[2023-07-10T01:36:13.318+0000] {processor.py:826} INFO - Processing file /home/airflow/.local/lib/python3.7/site-packages/airflow/example_dags/example_xcom.py for tasks to queue
[2023-07-10T01:36:13.319+0000] {logging_mixin.py:149} INFO - [2023-07-10T01:36:13.319+0000] {dagbag.py:541} INFO - Filling up the DagBag from /home/airflow/.local/lib/python3.7/site-packages/airflow/example_dags/example_xcom.py
[2023-07-10T01:36:13.396+0000] {processor.py:836} INFO - DAG(s) dict_keys(['example_xcom']) retrieved from /home/airflow/.local/lib/python3.7/site-packages/airflow/example_dags/example_xcom.py
[2023-07-10T01:36:13.413+0000] {logging_mixin.py:149} INFO - [2023-07-10T01:36:13.412+0000] {dag.py:2726} INFO - Sync 1 DAGs
[2023-07-10T01:36:13.430+0000] {logging_mixin.py:149} INFO - [2023-07-10T01:36:13.430+0000] {dag.py:3490} INFO - Setting next_dagrun for example_xcom to 2021-01-01T00:00:00+00:00, run_after=2021-01-01T00:00:00+00:00
[2023-07-10T01:36:13.448+0000] {processor.py:179} INFO - Processing /home/airflow/.local/lib/python3.7/site-packages/airflow/example_dags/example_xcom.py took 0.133 seconds
[2023-07-10T01:36:44.377+0000] {processor.py:157} INFO - Started process (PID=1346) to work on /home/airflow/.local/lib/python3.7/site-packages/airflow/example_dags/example_xcom.py
[2023-07-10T01:36:44.378+0000] {processor.py:826} INFO - Processing file /home/airflow/.local/lib/python3.7/site-packages/airflow/example_dags/example_xcom.py for tasks to queue
[2023-07-10T01:36:44.379+0000] {logging_mixin.py:149} INFO - [2023-07-10T01:36:44.379+0000] {dagbag.py:541} INFO - Filling up the DagBag from /home/airflow/.local/lib/python3.7/site-packages/airflow/example_dags/example_xcom.py
[2023-07-10T01:36:44.388+0000] {processor.py:836} INFO - DAG(s) dict_keys(['example_xcom']) retrieved from /home/airflow/.local/lib/python3.7/site-packages/airflow/example_dags/example_xcom.py
[2023-07-10T01:36:44.411+0000] {logging_mixin.py:149} INFO - [2023-07-10T01:36:44.411+0000] {dag.py:2726} INFO - Sync 1 DAGs
[2023-07-10T01:36:44.433+0000] {logging_mixin.py:149} INFO - [2023-07-10T01:36:44.433+0000] {dag.py:3490} INFO - Setting next_dagrun for example_xcom to 2021-01-01T00:00:00+00:00, run_after=2021-01-01T00:00:00+00:00
[2023-07-10T01:36:44.450+0000] {processor.py:179} INFO - Processing /home/airflow/.local/lib/python3.7/site-packages/airflow/example_dags/example_xcom.py took 0.077 seconds
[2023-07-10T01:37:14.522+0000] {processor.py:157} INFO - Started process (PID=1595) to work on /home/airflow/.local/lib/python3.7/site-packages/airflow/example_dags/example_xcom.py
[2023-07-10T01:37:14.523+0000] {processor.py:826} INFO - Processing file /home/airflow/.local/lib/python3.7/site-packages/airflow/example_dags/example_xcom.py for tasks to queue
[2023-07-10T01:37:14.524+0000] {logging_mixin.py:149} INFO - [2023-07-10T01:37:14.524+0000] {dagbag.py:541} INFO - Filling up the DagBag from /home/airflow/.local/lib/python3.7/site-packages/airflow/example_dags/example_xcom.py
[2023-07-10T01:37:14.530+0000] {processor.py:836} INFO - DAG(s) dict_keys(['example_xcom']) retrieved from /home/airflow/.local/lib/python3.7/site-packages/airflow/example_dags/example_xcom.py
[2023-07-10T01:37:14.551+0000] {logging_mixin.py:149} INFO - [2023-07-10T01:37:14.551+0000] {dag.py:2726} INFO - Sync 1 DAGs
[2023-07-10T01:37:14.573+0000] {logging_mixin.py:149} INFO - [2023-07-10T01:37:14.573+0000] {dag.py:3490} INFO - Setting next_dagrun for example_xcom to 2021-01-01T00:00:00+00:00, run_after=2021-01-01T00:00:00+00:00
[2023-07-10T01:37:14.591+0000] {processor.py:179} INFO - Processing /home/airflow/.local/lib/python3.7/site-packages/airflow/example_dags/example_xcom.py took 0.071 seconds
[2023-07-10T01:37:44.854+0000] {processor.py:157} INFO - Started process (PID=1844) to work on /home/airflow/.local/lib/python3.7/site-packages/airflow/example_dags/example_xcom.py
[2023-07-10T01:37:44.855+0000] {processor.py:826} INFO - Processing file /home/airflow/.local/lib/python3.7/site-packages/airflow/example_dags/example_xcom.py for tasks to queue
[2023-07-10T01:37:44.855+0000] {logging_mixin.py:149} INFO - [2023-07-10T01:37:44.855+0000] {dagbag.py:541} INFO - Filling up the DagBag from /home/airflow/.local/lib/python3.7/site-packages/airflow/example_dags/example_xcom.py
[2023-07-10T01:37:44.863+0000] {processor.py:836} INFO - DAG(s) dict_keys(['example_xcom']) retrieved from /home/airflow/.local/lib/python3.7/site-packages/airflow/example_dags/example_xcom.py
[2023-07-10T01:37:44.889+0000] {logging_mixin.py:149} INFO - [2023-07-10T01:37:44.888+0000] {dag.py:2726} INFO - Sync 1 DAGs
[2023-07-10T01:37:44.915+0000] {logging_mixin.py:149} INFO - [2023-07-10T01:37:44.914+0000] {dag.py:3490} INFO - Setting next_dagrun for example_xcom to 2021-01-01T00:00:00+00:00, run_after=2021-01-01T00:00:00+00:00
[2023-07-10T01:37:44.932+0000] {processor.py:179} INFO - Processing /home/airflow/.local/lib/python3.7/site-packages/airflow/example_dags/example_xcom.py took 0.081 seconds
[2023-07-10T01:38:15.195+0000] {processor.py:157} INFO - Started process (PID=2093) to work on /home/airflow/.local/lib/python3.7/site-packages/airflow/example_dags/example_xcom.py
[2023-07-10T01:38:15.196+0000] {processor.py:826} INFO - Processing file /home/airflow/.local/lib/python3.7/site-packages/airflow/example_dags/example_xcom.py for tasks to queue
[2023-07-10T01:38:15.197+0000] {logging_mixin.py:149} INFO - [2023-07-10T01:38:15.197+0000] {dagbag.py:541} INFO - Filling up the DagBag from /home/airflow/.local/lib/python3.7/site-packages/airflow/example_dags/example_xcom.py
[2023-07-10T01:38:15.204+0000] {processor.py:836} INFO - DAG(s) dict_keys(['example_xcom']) retrieved from /home/airflow/.local/lib/python3.7/site-packages/airflow/example_dags/example_xcom.py
[2023-07-10T01:38:15.227+0000] {logging_mixin.py:149} INFO - [2023-07-10T01:38:15.227+0000] {dag.py:2726} INFO - Sync 1 DAGs
[2023-07-10T01:38:15.251+0000] {logging_mixin.py:149} INFO - [2023-07-10T01:38:15.251+0000] {dag.py:3490} INFO - Setting next_dagrun for example_xcom to 2021-01-01T00:00:00+00:00, run_after=2021-01-01T00:00:00+00:00
[2023-07-10T01:38:15.267+0000] {processor.py:179} INFO - Processing /home/airflow/.local/lib/python3.7/site-packages/airflow/example_dags/example_xcom.py took 0.075 seconds
[2023-07-10T01:38:45.878+0000] {processor.py:157} INFO - Started process (PID=2342) to work on /home/airflow/.local/lib/python3.7/site-packages/airflow/example_dags/example_xcom.py
[2023-07-10T01:38:45.879+0000] {processor.py:826} INFO - Processing file /home/airflow/.local/lib/python3.7/site-packages/airflow/example_dags/example_xcom.py for tasks to queue
[2023-07-10T01:38:45.880+0000] {logging_mixin.py:149} INFO - [2023-07-10T01:38:45.880+0000] {dagbag.py:541} INFO - Filling up the DagBag from /home/airflow/.local/lib/python3.7/site-packages/airflow/example_dags/example_xcom.py
[2023-07-10T01:38:45.886+0000] {processor.py:836} INFO - DAG(s) dict_keys(['example_xcom']) retrieved from /home/airflow/.local/lib/python3.7/site-packages/airflow/example_dags/example_xcom.py
[2023-07-10T01:38:45.896+0000] {logging_mixin.py:149} INFO - [2023-07-10T01:38:45.896+0000] {dag.py:2726} INFO - Sync 1 DAGs
[2023-07-10T01:38:45.918+0000] {logging_mixin.py:149} INFO - [2023-07-10T01:38:45.918+0000] {dag.py:3490} INFO - Setting next_dagrun for example_xcom to 2021-01-01T00:00:00+00:00, run_after=2021-01-01T00:00:00+00:00
[2023-07-10T01:38:45.936+0000] {processor.py:179} INFO - Processing /home/airflow/.local/lib/python3.7/site-packages/airflow/example_dags/example_xcom.py took 0.061 seconds
[2023-07-10T01:39:16.627+0000] {processor.py:157} INFO - Started process (PID=2591) to work on /home/airflow/.local/lib/python3.7/site-packages/airflow/example_dags/example_xcom.py
[2023-07-10T01:39:16.627+0000] {processor.py:826} INFO - Processing file /home/airflow/.local/lib/python3.7/site-packages/airflow/example_dags/example_xcom.py for tasks to queue
[2023-07-10T01:39:16.628+0000] {logging_mixin.py:149} INFO - [2023-07-10T01:39:16.628+0000] {dagbag.py:541} INFO - Filling up the DagBag from /home/airflow/.local/lib/python3.7/site-packages/airflow/example_dags/example_xcom.py
[2023-07-10T01:39:16.634+0000] {processor.py:836} INFO - DAG(s) dict_keys(['example_xcom']) retrieved from /home/airflow/.local/lib/python3.7/site-packages/airflow/example_dags/example_xcom.py
[2023-07-10T01:39:16.658+0000] {logging_mixin.py:149} INFO - [2023-07-10T01:39:16.657+0000] {dag.py:2726} INFO - Sync 1 DAGs
[2023-07-10T01:39:16.680+0000] {logging_mixin.py:149} INFO - [2023-07-10T01:39:16.680+0000] {dag.py:3490} INFO - Setting next_dagrun for example_xcom to 2021-01-01T00:00:00+00:00, run_after=2021-01-01T00:00:00+00:00
[2023-07-10T01:39:16.698+0000] {processor.py:179} INFO - Processing /home/airflow/.local/lib/python3.7/site-packages/airflow/example_dags/example_xcom.py took 0.074 seconds
[2023-07-10T01:39:46.753+0000] {processor.py:157} INFO - Started process (PID=2840) to work on /home/airflow/.local/lib/python3.7/site-packages/airflow/example_dags/example_xcom.py
[2023-07-10T01:39:46.754+0000] {processor.py:826} INFO - Processing file /home/airflow/.local/lib/python3.7/site-packages/airflow/example_dags/example_xcom.py for tasks to queue
[2023-07-10T01:39:46.755+0000] {logging_mixin.py:149} INFO - [2023-07-10T01:39:46.755+0000] {dagbag.py:541} INFO - Filling up the DagBag from /home/airflow/.local/lib/python3.7/site-packages/airflow/example_dags/example_xcom.py
[2023-07-10T01:39:46.761+0000] {processor.py:836} INFO - DAG(s) dict_keys(['example_xcom']) retrieved from /home/airflow/.local/lib/python3.7/site-packages/airflow/example_dags/example_xcom.py
[2023-07-10T01:39:46.781+0000] {logging_mixin.py:149} INFO - [2023-07-10T01:39:46.781+0000] {dag.py:2726} INFO - Sync 1 DAGs
[2023-07-10T01:39:46.801+0000] {logging_mixin.py:149} INFO - [2023-07-10T01:39:46.801+0000] {dag.py:3490} INFO - Setting next_dagrun for example_xcom to 2021-01-01T00:00:00+00:00, run_after=2021-01-01T00:00:00+00:00
[2023-07-10T01:39:46.817+0000] {processor.py:179} INFO - Processing /home/airflow/.local/lib/python3.7/site-packages/airflow/example_dags/example_xcom.py took 0.066 seconds
[2023-07-10T01:40:17.761+0000] {processor.py:157} INFO - Started process (PID=3087) to work on /home/airflow/.local/lib/python3.7/site-packages/airflow/example_dags/example_xcom.py
[2023-07-10T01:40:17.762+0000] {processor.py:826} INFO - Processing file /home/airflow/.local/lib/python3.7/site-packages/airflow/example_dags/example_xcom.py for tasks to queue
[2023-07-10T01:40:17.762+0000] {logging_mixin.py:149} INFO - [2023-07-10T01:40:17.762+0000] {dagbag.py:541} INFO - Filling up the DagBag from /home/airflow/.local/lib/python3.7/site-packages/airflow/example_dags/example_xcom.py
[2023-07-10T01:40:17.769+0000] {processor.py:836} INFO - DAG(s) dict_keys(['example_xcom']) retrieved from /home/airflow/.local/lib/python3.7/site-packages/airflow/example_dags/example_xcom.py
[2023-07-10T01:40:17.790+0000] {logging_mixin.py:149} INFO - [2023-07-10T01:40:17.790+0000] {dag.py:2726} INFO - Sync 1 DAGs
[2023-07-10T01:40:17.810+0000] {logging_mixin.py:149} INFO - [2023-07-10T01:40:17.809+0000] {dag.py:3490} INFO - Setting next_dagrun for example_xcom to 2021-01-01T00:00:00+00:00, run_after=2021-01-01T00:00:00+00:00
[2023-07-10T01:40:17.825+0000] {processor.py:179} INFO - Processing /home/airflow/.local/lib/python3.7/site-packages/airflow/example_dags/example_xcom.py took 0.067 seconds
[2023-07-10T01:40:48.331+0000] {processor.py:157} INFO - Started process (PID=3336) to work on /home/airflow/.local/lib/python3.7/site-packages/airflow/example_dags/example_xcom.py
[2023-07-10T01:40:48.332+0000] {processor.py:826} INFO - Processing file /home/airflow/.local/lib/python3.7/site-packages/airflow/example_dags/example_xcom.py for tasks to queue
[2023-07-10T01:40:48.333+0000] {logging_mixin.py:149} INFO - [2023-07-10T01:40:48.333+0000] {dagbag.py:541} INFO - Filling up the DagBag from /home/airflow/.local/lib/python3.7/site-packages/airflow/example_dags/example_xcom.py
[2023-07-10T01:40:48.341+0000] {processor.py:836} INFO - DAG(s) dict_keys(['example_xcom']) retrieved from /home/airflow/.local/lib/python3.7/site-packages/airflow/example_dags/example_xcom.py
[2023-07-10T01:40:48.362+0000] {logging_mixin.py:149} INFO - [2023-07-10T01:40:48.362+0000] {dag.py:2726} INFO - Sync 1 DAGs
[2023-07-10T01:40:48.383+0000] {logging_mixin.py:149} INFO - [2023-07-10T01:40:48.383+0000] {dag.py:3490} INFO - Setting next_dagrun for example_xcom to 2021-01-01T00:00:00+00:00, run_after=2021-01-01T00:00:00+00:00
[2023-07-10T01:40:48.404+0000] {processor.py:179} INFO - Processing /home/airflow/.local/lib/python3.7/site-packages/airflow/example_dags/example_xcom.py took 0.075 seconds
[2023-07-10T01:41:19.010+0000] {processor.py:157} INFO - Started process (PID=3585) to work on /home/airflow/.local/lib/python3.7/site-packages/airflow/example_dags/example_xcom.py
[2023-07-10T01:41:19.011+0000] {processor.py:826} INFO - Processing file /home/airflow/.local/lib/python3.7/site-packages/airflow/example_dags/example_xcom.py for tasks to queue
[2023-07-10T01:41:19.012+0000] {logging_mixin.py:149} INFO - [2023-07-10T01:41:19.012+0000] {dagbag.py:541} INFO - Filling up the DagBag from /home/airflow/.local/lib/python3.7/site-packages/airflow/example_dags/example_xcom.py
[2023-07-10T01:41:19.019+0000] {processor.py:836} INFO - DAG(s) dict_keys(['example_xcom']) retrieved from /home/airflow/.local/lib/python3.7/site-packages/airflow/example_dags/example_xcom.py
[2023-07-10T01:41:19.039+0000] {logging_mixin.py:149} INFO - [2023-07-10T01:41:19.039+0000] {dag.py:2726} INFO - Sync 1 DAGs
[2023-07-10T01:41:19.063+0000] {logging_mixin.py:149} INFO - [2023-07-10T01:41:19.063+0000] {dag.py:3490} INFO - Setting next_dagrun for example_xcom to 2021-01-01T00:00:00+00:00, run_after=2021-01-01T00:00:00+00:00
[2023-07-10T01:41:19.079+0000] {processor.py:179} INFO - Processing /home/airflow/.local/lib/python3.7/site-packages/airflow/example_dags/example_xcom.py took 0.071 seconds
[2023-07-10T01:41:49.767+0000] {processor.py:157} INFO - Started process (PID=3834) to work on /home/airflow/.local/lib/python3.7/site-packages/airflow/example_dags/example_xcom.py
[2023-07-10T01:41:49.768+0000] {processor.py:826} INFO - Processing file /home/airflow/.local/lib/python3.7/site-packages/airflow/example_dags/example_xcom.py for tasks to queue
[2023-07-10T01:41:49.769+0000] {logging_mixin.py:149} INFO - [2023-07-10T01:41:49.769+0000] {dagbag.py:541} INFO - Filling up the DagBag from /home/airflow/.local/lib/python3.7/site-packages/airflow/example_dags/example_xcom.py
[2023-07-10T01:41:49.775+0000] {processor.py:836} INFO - DAG(s) dict_keys(['example_xcom']) retrieved from /home/airflow/.local/lib/python3.7/site-packages/airflow/example_dags/example_xcom.py
[2023-07-10T01:41:49.795+0000] {logging_mixin.py:149} INFO - [2023-07-10T01:41:49.795+0000] {dag.py:2726} INFO - Sync 1 DAGs
[2023-07-10T01:41:49.820+0000] {logging_mixin.py:149} INFO - [2023-07-10T01:41:49.819+0000] {dag.py:3490} INFO - Setting next_dagrun for example_xcom to 2021-01-01T00:00:00+00:00, run_after=2021-01-01T00:00:00+00:00
[2023-07-10T01:41:49.836+0000] {processor.py:179} INFO - Processing /home/airflow/.local/lib/python3.7/site-packages/airflow/example_dags/example_xcom.py took 0.072 seconds
[2023-07-10T01:42:20.269+0000] {processor.py:157} INFO - Started process (PID=4083) to work on /home/airflow/.local/lib/python3.7/site-packages/airflow/example_dags/example_xcom.py
[2023-07-10T01:42:20.270+0000] {processor.py:826} INFO - Processing file /home/airflow/.local/lib/python3.7/site-packages/airflow/example_dags/example_xcom.py for tasks to queue
[2023-07-10T01:42:20.271+0000] {logging_mixin.py:149} INFO - [2023-07-10T01:42:20.271+0000] {dagbag.py:541} INFO - Filling up the DagBag from /home/airflow/.local/lib/python3.7/site-packages/airflow/example_dags/example_xcom.py
[2023-07-10T01:42:20.277+0000] {processor.py:836} INFO - DAG(s) dict_keys(['example_xcom']) retrieved from /home/airflow/.local/lib/python3.7/site-packages/airflow/example_dags/example_xcom.py
[2023-07-10T01:42:20.297+0000] {logging_mixin.py:149} INFO - [2023-07-10T01:42:20.297+0000] {dag.py:2726} INFO - Sync 1 DAGs
[2023-07-10T01:42:20.317+0000] {logging_mixin.py:149} INFO - [2023-07-10T01:42:20.317+0000] {dag.py:3490} INFO - Setting next_dagrun for example_xcom to 2021-01-01T00:00:00+00:00, run_after=2021-01-01T00:00:00+00:00
[2023-07-10T01:42:20.332+0000] {processor.py:179} INFO - Processing /home/airflow/.local/lib/python3.7/site-packages/airflow/example_dags/example_xcom.py took 0.065 seconds
[2023-07-10T01:42:50.917+0000] {processor.py:157} INFO - Started process (PID=4332) to work on /home/airflow/.local/lib/python3.7/site-packages/airflow/example_dags/example_xcom.py
[2023-07-10T01:42:50.918+0000] {processor.py:826} INFO - Processing file /home/airflow/.local/lib/python3.7/site-packages/airflow/example_dags/example_xcom.py for tasks to queue
[2023-07-10T01:42:50.919+0000] {logging_mixin.py:149} INFO - [2023-07-10T01:42:50.919+0000] {dagbag.py:541} INFO - Filling up the DagBag from /home/airflow/.local/lib/python3.7/site-packages/airflow/example_dags/example_xcom.py
[2023-07-10T01:42:50.927+0000] {processor.py:836} INFO - DAG(s) dict_keys(['example_xcom']) retrieved from /home/airflow/.local/lib/python3.7/site-packages/airflow/example_dags/example_xcom.py
[2023-07-10T01:42:50.953+0000] {logging_mixin.py:149} INFO - [2023-07-10T01:42:50.953+0000] {dag.py:2726} INFO - Sync 1 DAGs
[2023-07-10T01:42:50.975+0000] {logging_mixin.py:149} INFO - [2023-07-10T01:42:50.974+0000] {dag.py:3490} INFO - Setting next_dagrun for example_xcom to 2021-01-01T00:00:00+00:00, run_after=2021-01-01T00:00:00+00:00
[2023-07-10T01:42:50.990+0000] {processor.py:179} INFO - Processing /home/airflow/.local/lib/python3.7/site-packages/airflow/example_dags/example_xcom.py took 0.076 seconds
[2023-07-10T01:43:21.466+0000] {processor.py:157} INFO - Started process (PID=4581) to work on /home/airflow/.local/lib/python3.7/site-packages/airflow/example_dags/example_xcom.py
[2023-07-10T01:43:21.467+0000] {processor.py:826} INFO - Processing file /home/airflow/.local/lib/python3.7/site-packages/airflow/example_dags/example_xcom.py for tasks to queue
[2023-07-10T01:43:21.468+0000] {logging_mixin.py:149} INFO - [2023-07-10T01:43:21.468+0000] {dagbag.py:541} INFO - Filling up the DagBag from /home/airflow/.local/lib/python3.7/site-packages/airflow/example_dags/example_xcom.py
[2023-07-10T01:43:21.474+0000] {processor.py:836} INFO - DAG(s) dict_keys(['example_xcom']) retrieved from /home/airflow/.local/lib/python3.7/site-packages/airflow/example_dags/example_xcom.py
[2023-07-10T01:43:21.494+0000] {logging_mixin.py:149} INFO - [2023-07-10T01:43:21.494+0000] {dag.py:2726} INFO - Sync 1 DAGs
[2023-07-10T01:43:21.515+0000] {logging_mixin.py:149} INFO - [2023-07-10T01:43:21.515+0000] {dag.py:3490} INFO - Setting next_dagrun for example_xcom to 2021-01-01T00:00:00+00:00, run_after=2021-01-01T00:00:00+00:00
[2023-07-10T01:43:21.532+0000] {processor.py:179} INFO - Processing /home/airflow/.local/lib/python3.7/site-packages/airflow/example_dags/example_xcom.py took 0.069 seconds
[2023-07-10T01:43:52.000+0000] {processor.py:157} INFO - Started process (PID=4831) to work on /home/airflow/.local/lib/python3.7/site-packages/airflow/example_dags/example_xcom.py
[2023-07-10T01:43:52.001+0000] {processor.py:826} INFO - Processing file /home/airflow/.local/lib/python3.7/site-packages/airflow/example_dags/example_xcom.py for tasks to queue
[2023-07-10T01:43:52.002+0000] {logging_mixin.py:149} INFO - [2023-07-10T01:43:52.002+0000] {dagbag.py:541} INFO - Filling up the DagBag from /home/airflow/.local/lib/python3.7/site-packages/airflow/example_dags/example_xcom.py
[2023-07-10T01:43:52.008+0000] {processor.py:836} INFO - DAG(s) dict_keys(['example_xcom']) retrieved from /home/airflow/.local/lib/python3.7/site-packages/airflow/example_dags/example_xcom.py
[2023-07-10T01:43:52.031+0000] {logging_mixin.py:149} INFO - [2023-07-10T01:43:52.031+0000] {dag.py:2726} INFO - Sync 1 DAGs
[2023-07-10T01:43:52.053+0000] {logging_mixin.py:149} INFO - [2023-07-10T01:43:52.053+0000] {dag.py:3490} INFO - Setting next_dagrun for example_xcom to 2021-01-01T00:00:00+00:00, run_after=2021-01-01T00:00:00+00:00
[2023-07-10T01:43:52.068+0000] {processor.py:179} INFO - Processing /home/airflow/.local/lib/python3.7/site-packages/airflow/example_dags/example_xcom.py took 0.071 seconds
[2023-07-10T01:44:22.681+0000] {processor.py:157} INFO - Started process (PID=5080) to work on /home/airflow/.local/lib/python3.7/site-packages/airflow/example_dags/example_xcom.py
[2023-07-10T01:44:22.682+0000] {processor.py:826} INFO - Processing file /home/airflow/.local/lib/python3.7/site-packages/airflow/example_dags/example_xcom.py for tasks to queue
[2023-07-10T01:44:22.683+0000] {logging_mixin.py:149} INFO - [2023-07-10T01:44:22.683+0000] {dagbag.py:541} INFO - Filling up the DagBag from /home/airflow/.local/lib/python3.7/site-packages/airflow/example_dags/example_xcom.py
[2023-07-10T01:44:22.690+0000] {processor.py:836} INFO - DAG(s) dict_keys(['example_xcom']) retrieved from /home/airflow/.local/lib/python3.7/site-packages/airflow/example_dags/example_xcom.py
[2023-07-10T01:44:22.711+0000] {logging_mixin.py:149} INFO - [2023-07-10T01:44:22.711+0000] {dag.py:2726} INFO - Sync 1 DAGs
[2023-07-10T01:44:22.732+0000] {logging_mixin.py:149} INFO - [2023-07-10T01:44:22.732+0000] {dag.py:3490} INFO - Setting next_dagrun for example_xcom to 2021-01-01T00:00:00+00:00, run_after=2021-01-01T00:00:00+00:00
[2023-07-10T01:44:22.749+0000] {processor.py:179} INFO - Processing /home/airflow/.local/lib/python3.7/site-packages/airflow/example_dags/example_xcom.py took 0.070 seconds
[2023-07-10T01:44:53.302+0000] {processor.py:157} INFO - Started process (PID=5329) to work on /home/airflow/.local/lib/python3.7/site-packages/airflow/example_dags/example_xcom.py
[2023-07-10T01:44:53.303+0000] {processor.py:826} INFO - Processing file /home/airflow/.local/lib/python3.7/site-packages/airflow/example_dags/example_xcom.py for tasks to queue
[2023-07-10T01:44:53.304+0000] {logging_mixin.py:149} INFO - [2023-07-10T01:44:53.304+0000] {dagbag.py:541} INFO - Filling up the DagBag from /home/airflow/.local/lib/python3.7/site-packages/airflow/example_dags/example_xcom.py
[2023-07-10T01:44:53.311+0000] {processor.py:836} INFO - DAG(s) dict_keys(['example_xcom']) retrieved from /home/airflow/.local/lib/python3.7/site-packages/airflow/example_dags/example_xcom.py
[2023-07-10T01:44:53.330+0000] {logging_mixin.py:149} INFO - [2023-07-10T01:44:53.330+0000] {dag.py:2726} INFO - Sync 1 DAGs
[2023-07-10T01:44:53.352+0000] {logging_mixin.py:149} INFO - [2023-07-10T01:44:53.352+0000] {dag.py:3490} INFO - Setting next_dagrun for example_xcom to 2021-01-01T00:00:00+00:00, run_after=2021-01-01T00:00:00+00:00
[2023-07-10T01:44:53.368+0000] {processor.py:179} INFO - Processing /home/airflow/.local/lib/python3.7/site-packages/airflow/example_dags/example_xcom.py took 0.068 seconds
[2023-07-10T01:45:23.934+0000] {processor.py:157} INFO - Started process (PID=5578) to work on /home/airflow/.local/lib/python3.7/site-packages/airflow/example_dags/example_xcom.py
[2023-07-10T01:45:23.935+0000] {processor.py:826} INFO - Processing file /home/airflow/.local/lib/python3.7/site-packages/airflow/example_dags/example_xcom.py for tasks to queue
[2023-07-10T01:45:23.935+0000] {logging_mixin.py:149} INFO - [2023-07-10T01:45:23.935+0000] {dagbag.py:541} INFO - Filling up the DagBag from /home/airflow/.local/lib/python3.7/site-packages/airflow/example_dags/example_xcom.py
[2023-07-10T01:45:23.942+0000] {processor.py:836} INFO - DAG(s) dict_keys(['example_xcom']) retrieved from /home/airflow/.local/lib/python3.7/site-packages/airflow/example_dags/example_xcom.py
[2023-07-10T01:45:23.962+0000] {logging_mixin.py:149} INFO - [2023-07-10T01:45:23.962+0000] {dag.py:2726} INFO - Sync 1 DAGs
[2023-07-10T01:45:23.983+0000] {logging_mixin.py:149} INFO - [2023-07-10T01:45:23.983+0000] {dag.py:3490} INFO - Setting next_dagrun for example_xcom to 2021-01-01T00:00:00+00:00, run_after=2021-01-01T00:00:00+00:00
[2023-07-10T01:45:23.999+0000] {processor.py:179} INFO - Processing /home/airflow/.local/lib/python3.7/site-packages/airflow/example_dags/example_xcom.py took 0.068 seconds
[2023-07-10T01:45:54.499+0000] {processor.py:157} INFO - Started process (PID=5827) to work on /home/airflow/.local/lib/python3.7/site-packages/airflow/example_dags/example_xcom.py
[2023-07-10T01:45:54.500+0000] {processor.py:826} INFO - Processing file /home/airflow/.local/lib/python3.7/site-packages/airflow/example_dags/example_xcom.py for tasks to queue
[2023-07-10T01:45:54.501+0000] {logging_mixin.py:149} INFO - [2023-07-10T01:45:54.501+0000] {dagbag.py:541} INFO - Filling up the DagBag from /home/airflow/.local/lib/python3.7/site-packages/airflow/example_dags/example_xcom.py
[2023-07-10T01:45:54.507+0000] {processor.py:836} INFO - DAG(s) dict_keys(['example_xcom']) retrieved from /home/airflow/.local/lib/python3.7/site-packages/airflow/example_dags/example_xcom.py
[2023-07-10T01:45:54.528+0000] {logging_mixin.py:149} INFO - [2023-07-10T01:45:54.528+0000] {dag.py:2726} INFO - Sync 1 DAGs
[2023-07-10T01:45:54.551+0000] {logging_mixin.py:149} INFO - [2023-07-10T01:45:54.551+0000] {dag.py:3490} INFO - Setting next_dagrun for example_xcom to 2021-01-01T00:00:00+00:00, run_after=2021-01-01T00:00:00+00:00
[2023-07-10T01:45:54.569+0000] {processor.py:179} INFO - Processing /home/airflow/.local/lib/python3.7/site-packages/airflow/example_dags/example_xcom.py took 0.072 seconds
[2023-07-10T01:46:25.361+0000] {processor.py:157} INFO - Started process (PID=6078) to work on /home/airflow/.local/lib/python3.7/site-packages/airflow/example_dags/example_xcom.py
[2023-07-10T01:46:25.362+0000] {processor.py:826} INFO - Processing file /home/airflow/.local/lib/python3.7/site-packages/airflow/example_dags/example_xcom.py for tasks to queue
[2023-07-10T01:46:25.363+0000] {logging_mixin.py:149} INFO - [2023-07-10T01:46:25.363+0000] {dagbag.py:541} INFO - Filling up the DagBag from /home/airflow/.local/lib/python3.7/site-packages/airflow/example_dags/example_xcom.py
[2023-07-10T01:46:25.370+0000] {processor.py:836} INFO - DAG(s) dict_keys(['example_xcom']) retrieved from /home/airflow/.local/lib/python3.7/site-packages/airflow/example_dags/example_xcom.py
[2023-07-10T01:46:25.390+0000] {logging_mixin.py:149} INFO - [2023-07-10T01:46:25.390+0000] {dag.py:2726} INFO - Sync 1 DAGs
[2023-07-10T01:46:25.414+0000] {logging_mixin.py:149} INFO - [2023-07-10T01:46:25.413+0000] {dag.py:3490} INFO - Setting next_dagrun for example_xcom to 2021-01-01T00:00:00+00:00, run_after=2021-01-01T00:00:00+00:00
[2023-07-10T01:46:25.430+0000] {processor.py:179} INFO - Processing /home/airflow/.local/lib/python3.7/site-packages/airflow/example_dags/example_xcom.py took 0.072 seconds
[2023-07-10T01:46:55.905+0000] {processor.py:157} INFO - Started process (PID=6325) to work on /home/airflow/.local/lib/python3.7/site-packages/airflow/example_dags/example_xcom.py
[2023-07-10T01:46:55.906+0000] {processor.py:826} INFO - Processing file /home/airflow/.local/lib/python3.7/site-packages/airflow/example_dags/example_xcom.py for tasks to queue
[2023-07-10T01:46:55.907+0000] {logging_mixin.py:149} INFO - [2023-07-10T01:46:55.907+0000] {dagbag.py:541} INFO - Filling up the DagBag from /home/airflow/.local/lib/python3.7/site-packages/airflow/example_dags/example_xcom.py
[2023-07-10T01:46:55.914+0000] {processor.py:836} INFO - DAG(s) dict_keys(['example_xcom']) retrieved from /home/airflow/.local/lib/python3.7/site-packages/airflow/example_dags/example_xcom.py
[2023-07-10T01:46:55.933+0000] {logging_mixin.py:149} INFO - [2023-07-10T01:46:55.933+0000] {dag.py:2726} INFO - Sync 1 DAGs
[2023-07-10T01:46:55.955+0000] {logging_mixin.py:149} INFO - [2023-07-10T01:46:55.955+0000] {dag.py:3490} INFO - Setting next_dagrun for example_xcom to 2021-01-01T00:00:00+00:00, run_after=2021-01-01T00:00:00+00:00
[2023-07-10T01:46:55.970+0000] {processor.py:179} INFO - Processing /home/airflow/.local/lib/python3.7/site-packages/airflow/example_dags/example_xcom.py took 0.068 seconds
[2023-07-10T01:47:26.442+0000] {processor.py:157} INFO - Started process (PID=6574) to work on /home/airflow/.local/lib/python3.7/site-packages/airflow/example_dags/example_xcom.py
[2023-07-10T01:47:26.443+0000] {processor.py:826} INFO - Processing file /home/airflow/.local/lib/python3.7/site-packages/airflow/example_dags/example_xcom.py for tasks to queue
[2023-07-10T01:47:26.443+0000] {logging_mixin.py:149} INFO - [2023-07-10T01:47:26.443+0000] {dagbag.py:541} INFO - Filling up the DagBag from /home/airflow/.local/lib/python3.7/site-packages/airflow/example_dags/example_xcom.py
[2023-07-10T01:47:26.450+0000] {processor.py:836} INFO - DAG(s) dict_keys(['example_xcom']) retrieved from /home/airflow/.local/lib/python3.7/site-packages/airflow/example_dags/example_xcom.py
[2023-07-10T01:47:26.470+0000] {logging_mixin.py:149} INFO - [2023-07-10T01:47:26.470+0000] {dag.py:2726} INFO - Sync 1 DAGs
[2023-07-10T01:47:26.492+0000] {logging_mixin.py:149} INFO - [2023-07-10T01:47:26.492+0000] {dag.py:3490} INFO - Setting next_dagrun for example_xcom to 2021-01-01T00:00:00+00:00, run_after=2021-01-01T00:00:00+00:00
[2023-07-10T01:47:26.508+0000] {processor.py:179} INFO - Processing /home/airflow/.local/lib/python3.7/site-packages/airflow/example_dags/example_xcom.py took 0.069 seconds
[2023-07-10T01:47:56.912+0000] {processor.py:157} INFO - Started process (PID=6823) to work on /home/airflow/.local/lib/python3.7/site-packages/airflow/example_dags/example_xcom.py
[2023-07-10T01:47:56.912+0000] {processor.py:826} INFO - Processing file /home/airflow/.local/lib/python3.7/site-packages/airflow/example_dags/example_xcom.py for tasks to queue
[2023-07-10T01:47:56.913+0000] {logging_mixin.py:149} INFO - [2023-07-10T01:47:56.913+0000] {dagbag.py:541} INFO - Filling up the DagBag from /home/airflow/.local/lib/python3.7/site-packages/airflow/example_dags/example_xcom.py
[2023-07-10T01:47:56.920+0000] {processor.py:836} INFO - DAG(s) dict_keys(['example_xcom']) retrieved from /home/airflow/.local/lib/python3.7/site-packages/airflow/example_dags/example_xcom.py
[2023-07-10T01:47:56.939+0000] {logging_mixin.py:149} INFO - [2023-07-10T01:47:56.939+0000] {dag.py:2726} INFO - Sync 1 DAGs
[2023-07-10T01:47:56.959+0000] {logging_mixin.py:149} INFO - [2023-07-10T01:47:56.959+0000] {dag.py:3490} INFO - Setting next_dagrun for example_xcom to 2021-01-01T00:00:00+00:00, run_after=2021-01-01T00:00:00+00:00
[2023-07-10T01:47:56.975+0000] {processor.py:179} INFO - Processing /home/airflow/.local/lib/python3.7/site-packages/airflow/example_dags/example_xcom.py took 0.066 seconds
[2023-07-10T01:48:27.445+0000] {processor.py:157} INFO - Started process (PID=7072) to work on /home/airflow/.local/lib/python3.7/site-packages/airflow/example_dags/example_xcom.py
[2023-07-10T01:48:27.446+0000] {processor.py:826} INFO - Processing file /home/airflow/.local/lib/python3.7/site-packages/airflow/example_dags/example_xcom.py for tasks to queue
[2023-07-10T01:48:27.447+0000] {logging_mixin.py:149} INFO - [2023-07-10T01:48:27.447+0000] {dagbag.py:541} INFO - Filling up the DagBag from /home/airflow/.local/lib/python3.7/site-packages/airflow/example_dags/example_xcom.py
[2023-07-10T01:48:27.453+0000] {processor.py:836} INFO - DAG(s) dict_keys(['example_xcom']) retrieved from /home/airflow/.local/lib/python3.7/site-packages/airflow/example_dags/example_xcom.py
[2023-07-10T01:48:27.474+0000] {logging_mixin.py:149} INFO - [2023-07-10T01:48:27.474+0000] {dag.py:2726} INFO - Sync 1 DAGs
[2023-07-10T01:48:27.495+0000] {logging_mixin.py:149} INFO - [2023-07-10T01:48:27.495+0000] {dag.py:3490} INFO - Setting next_dagrun for example_xcom to 2021-01-01T00:00:00+00:00, run_after=2021-01-01T00:00:00+00:00
[2023-07-10T01:48:27.512+0000] {processor.py:179} INFO - Processing /home/airflow/.local/lib/python3.7/site-packages/airflow/example_dags/example_xcom.py took 0.070 seconds
[2023-07-10T01:48:58.112+0000] {processor.py:157} INFO - Started process (PID=7321) to work on /home/airflow/.local/lib/python3.7/site-packages/airflow/example_dags/example_xcom.py
[2023-07-10T01:48:58.113+0000] {processor.py:826} INFO - Processing file /home/airflow/.local/lib/python3.7/site-packages/airflow/example_dags/example_xcom.py for tasks to queue
[2023-07-10T01:48:58.114+0000] {logging_mixin.py:149} INFO - [2023-07-10T01:48:58.114+0000] {dagbag.py:541} INFO - Filling up the DagBag from /home/airflow/.local/lib/python3.7/site-packages/airflow/example_dags/example_xcom.py
[2023-07-10T01:48:58.121+0000] {processor.py:836} INFO - DAG(s) dict_keys(['example_xcom']) retrieved from /home/airflow/.local/lib/python3.7/site-packages/airflow/example_dags/example_xcom.py
[2023-07-10T01:48:58.142+0000] {logging_mixin.py:149} INFO - [2023-07-10T01:48:58.141+0000] {dag.py:2726} INFO - Sync 1 DAGs
[2023-07-10T01:48:58.162+0000] {logging_mixin.py:149} INFO - [2023-07-10T01:48:58.162+0000] {dag.py:3490} INFO - Setting next_dagrun for example_xcom to 2021-01-01T00:00:00+00:00, run_after=2021-01-01T00:00:00+00:00
[2023-07-10T01:48:58.179+0000] {processor.py:179} INFO - Processing /home/airflow/.local/lib/python3.7/site-packages/airflow/example_dags/example_xcom.py took 0.070 seconds
[2023-07-10T01:49:28.524+0000] {processor.py:157} INFO - Started process (PID=7570) to work on /home/airflow/.local/lib/python3.7/site-packages/airflow/example_dags/example_xcom.py
[2023-07-10T01:49:28.525+0000] {processor.py:826} INFO - Processing file /home/airflow/.local/lib/python3.7/site-packages/airflow/example_dags/example_xcom.py for tasks to queue
[2023-07-10T01:49:28.526+0000] {logging_mixin.py:149} INFO - [2023-07-10T01:49:28.526+0000] {dagbag.py:541} INFO - Filling up the DagBag from /home/airflow/.local/lib/python3.7/site-packages/airflow/example_dags/example_xcom.py
[2023-07-10T01:49:28.532+0000] {processor.py:836} INFO - DAG(s) dict_keys(['example_xcom']) retrieved from /home/airflow/.local/lib/python3.7/site-packages/airflow/example_dags/example_xcom.py
[2023-07-10T01:49:28.552+0000] {logging_mixin.py:149} INFO - [2023-07-10T01:49:28.552+0000] {dag.py:2726} INFO - Sync 1 DAGs
[2023-07-10T01:49:28.574+0000] {logging_mixin.py:149} INFO - [2023-07-10T01:49:28.574+0000] {dag.py:3490} INFO - Setting next_dagrun for example_xcom to 2021-01-01T00:00:00+00:00, run_after=2021-01-01T00:00:00+00:00
[2023-07-10T01:49:28.590+0000] {processor.py:179} INFO - Processing /home/airflow/.local/lib/python3.7/site-packages/airflow/example_dags/example_xcom.py took 0.068 seconds
[2023-07-10T01:49:59.161+0000] {processor.py:157} INFO - Started process (PID=7824) to work on /home/airflow/.local/lib/python3.7/site-packages/airflow/example_dags/example_xcom.py
[2023-07-10T01:49:59.162+0000] {processor.py:826} INFO - Processing file /home/airflow/.local/lib/python3.7/site-packages/airflow/example_dags/example_xcom.py for tasks to queue
[2023-07-10T01:49:59.163+0000] {logging_mixin.py:149} INFO - [2023-07-10T01:49:59.163+0000] {dagbag.py:541} INFO - Filling up the DagBag from /home/airflow/.local/lib/python3.7/site-packages/airflow/example_dags/example_xcom.py
[2023-07-10T01:49:59.169+0000] {processor.py:836} INFO - DAG(s) dict_keys(['example_xcom']) retrieved from /home/airflow/.local/lib/python3.7/site-packages/airflow/example_dags/example_xcom.py
[2023-07-10T01:49:59.193+0000] {logging_mixin.py:149} INFO - [2023-07-10T01:49:59.193+0000] {dag.py:2726} INFO - Sync 1 DAGs
[2023-07-10T01:49:59.215+0000] {logging_mixin.py:149} INFO - [2023-07-10T01:49:59.215+0000] {dag.py:3490} INFO - Setting next_dagrun for example_xcom to 2021-01-01T00:00:00+00:00, run_after=2021-01-01T00:00:00+00:00
[2023-07-10T01:49:59.231+0000] {processor.py:179} INFO - Processing /home/airflow/.local/lib/python3.7/site-packages/airflow/example_dags/example_xcom.py took 0.072 seconds
[2023-07-10T01:50:29.808+0000] {processor.py:157} INFO - Started process (PID=8078) to work on /home/airflow/.local/lib/python3.7/site-packages/airflow/example_dags/example_xcom.py
[2023-07-10T01:50:29.809+0000] {processor.py:826} INFO - Processing file /home/airflow/.local/lib/python3.7/site-packages/airflow/example_dags/example_xcom.py for tasks to queue
[2023-07-10T01:50:29.810+0000] {logging_mixin.py:149} INFO - [2023-07-10T01:50:29.810+0000] {dagbag.py:541} INFO - Filling up the DagBag from /home/airflow/.local/lib/python3.7/site-packages/airflow/example_dags/example_xcom.py
[2023-07-10T01:50:29.816+0000] {processor.py:836} INFO - DAG(s) dict_keys(['example_xcom']) retrieved from /home/airflow/.local/lib/python3.7/site-packages/airflow/example_dags/example_xcom.py
[2023-07-10T01:50:29.838+0000] {logging_mixin.py:149} INFO - [2023-07-10T01:50:29.837+0000] {dag.py:2726} INFO - Sync 1 DAGs
[2023-07-10T01:50:29.859+0000] {logging_mixin.py:149} INFO - [2023-07-10T01:50:29.859+0000] {dag.py:3490} INFO - Setting next_dagrun for example_xcom to 2021-01-01T00:00:00+00:00, run_after=2021-01-01T00:00:00+00:00
[2023-07-10T01:50:29.878+0000] {processor.py:179} INFO - Processing /home/airflow/.local/lib/python3.7/site-packages/airflow/example_dags/example_xcom.py took 0.073 seconds
[2023-07-10T01:51:00.409+0000] {processor.py:157} INFO - Started process (PID=8332) to work on /home/airflow/.local/lib/python3.7/site-packages/airflow/example_dags/example_xcom.py
[2023-07-10T01:51:00.410+0000] {processor.py:826} INFO - Processing file /home/airflow/.local/lib/python3.7/site-packages/airflow/example_dags/example_xcom.py for tasks to queue
[2023-07-10T01:51:00.411+0000] {logging_mixin.py:149} INFO - [2023-07-10T01:51:00.411+0000] {dagbag.py:541} INFO - Filling up the DagBag from /home/airflow/.local/lib/python3.7/site-packages/airflow/example_dags/example_xcom.py
[2023-07-10T01:51:00.417+0000] {processor.py:836} INFO - DAG(s) dict_keys(['example_xcom']) retrieved from /home/airflow/.local/lib/python3.7/site-packages/airflow/example_dags/example_xcom.py
[2023-07-10T01:51:00.438+0000] {logging_mixin.py:149} INFO - [2023-07-10T01:51:00.437+0000] {dag.py:2726} INFO - Sync 1 DAGs
[2023-07-10T01:51:00.461+0000] {logging_mixin.py:149} INFO - [2023-07-10T01:51:00.461+0000] {dag.py:3490} INFO - Setting next_dagrun for example_xcom to 2021-01-01T00:00:00+00:00, run_after=2021-01-01T00:00:00+00:00
[2023-07-10T01:51:00.477+0000] {processor.py:179} INFO - Processing /home/airflow/.local/lib/python3.7/site-packages/airflow/example_dags/example_xcom.py took 0.071 seconds
[2023-07-10T01:51:31.105+0000] {processor.py:157} INFO - Started process (PID=8586) to work on /home/airflow/.local/lib/python3.7/site-packages/airflow/example_dags/example_xcom.py
[2023-07-10T01:51:31.106+0000] {processor.py:826} INFO - Processing file /home/airflow/.local/lib/python3.7/site-packages/airflow/example_dags/example_xcom.py for tasks to queue
[2023-07-10T01:51:31.107+0000] {logging_mixin.py:149} INFO - [2023-07-10T01:51:31.107+0000] {dagbag.py:541} INFO - Filling up the DagBag from /home/airflow/.local/lib/python3.7/site-packages/airflow/example_dags/example_xcom.py
[2023-07-10T01:51:31.113+0000] {processor.py:836} INFO - DAG(s) dict_keys(['example_xcom']) retrieved from /home/airflow/.local/lib/python3.7/site-packages/airflow/example_dags/example_xcom.py
[2023-07-10T01:51:31.135+0000] {logging_mixin.py:149} INFO - [2023-07-10T01:51:31.135+0000] {dag.py:2726} INFO - Sync 1 DAGs
[2023-07-10T01:51:31.158+0000] {logging_mixin.py:149} INFO - [2023-07-10T01:51:31.158+0000] {dag.py:3490} INFO - Setting next_dagrun for example_xcom to 2021-01-01T00:00:00+00:00, run_after=2021-01-01T00:00:00+00:00
[2023-07-10T01:51:31.176+0000] {processor.py:179} INFO - Processing /home/airflow/.local/lib/python3.7/site-packages/airflow/example_dags/example_xcom.py took 0.074 seconds
[2023-07-10T01:52:01.762+0000] {processor.py:157} INFO - Started process (PID=8840) to work on /home/airflow/.local/lib/python3.7/site-packages/airflow/example_dags/example_xcom.py
[2023-07-10T01:52:01.763+0000] {processor.py:826} INFO - Processing file /home/airflow/.local/lib/python3.7/site-packages/airflow/example_dags/example_xcom.py for tasks to queue
[2023-07-10T01:52:01.764+0000] {logging_mixin.py:149} INFO - [2023-07-10T01:52:01.764+0000] {dagbag.py:541} INFO - Filling up the DagBag from /home/airflow/.local/lib/python3.7/site-packages/airflow/example_dags/example_xcom.py
[2023-07-10T01:52:01.770+0000] {processor.py:836} INFO - DAG(s) dict_keys(['example_xcom']) retrieved from /home/airflow/.local/lib/python3.7/site-packages/airflow/example_dags/example_xcom.py
[2023-07-10T01:52:01.790+0000] {logging_mixin.py:149} INFO - [2023-07-10T01:52:01.790+0000] {dag.py:2726} INFO - Sync 1 DAGs
[2023-07-10T01:52:01.812+0000] {logging_mixin.py:149} INFO - [2023-07-10T01:52:01.812+0000] {dag.py:3490} INFO - Setting next_dagrun for example_xcom to 2021-01-01T00:00:00+00:00, run_after=2021-01-01T00:00:00+00:00
[2023-07-10T01:52:01.830+0000] {processor.py:179} INFO - Processing /home/airflow/.local/lib/python3.7/site-packages/airflow/example_dags/example_xcom.py took 0.070 seconds
[2023-07-10T01:52:32.545+0000] {processor.py:157} INFO - Started process (PID=9094) to work on /home/airflow/.local/lib/python3.7/site-packages/airflow/example_dags/example_xcom.py
[2023-07-10T01:52:32.546+0000] {processor.py:826} INFO - Processing file /home/airflow/.local/lib/python3.7/site-packages/airflow/example_dags/example_xcom.py for tasks to queue
[2023-07-10T01:52:32.547+0000] {logging_mixin.py:149} INFO - [2023-07-10T01:52:32.547+0000] {dagbag.py:541} INFO - Filling up the DagBag from /home/airflow/.local/lib/python3.7/site-packages/airflow/example_dags/example_xcom.py
[2023-07-10T01:52:32.553+0000] {processor.py:836} INFO - DAG(s) dict_keys(['example_xcom']) retrieved from /home/airflow/.local/lib/python3.7/site-packages/airflow/example_dags/example_xcom.py
[2023-07-10T01:52:32.576+0000] {logging_mixin.py:149} INFO - [2023-07-10T01:52:32.576+0000] {dag.py:2726} INFO - Sync 1 DAGs
[2023-07-10T01:52:32.599+0000] {logging_mixin.py:149} INFO - [2023-07-10T01:52:32.599+0000] {dag.py:3490} INFO - Setting next_dagrun for example_xcom to 2021-01-01T00:00:00+00:00, run_after=2021-01-01T00:00:00+00:00
[2023-07-10T01:52:32.617+0000] {processor.py:179} INFO - Processing /home/airflow/.local/lib/python3.7/site-packages/airflow/example_dags/example_xcom.py took 0.075 seconds
[2023-07-10T01:53:02.970+0000] {processor.py:157} INFO - Started process (PID=9348) to work on /home/airflow/.local/lib/python3.7/site-packages/airflow/example_dags/example_xcom.py
[2023-07-10T01:53:02.971+0000] {processor.py:826} INFO - Processing file /home/airflow/.local/lib/python3.7/site-packages/airflow/example_dags/example_xcom.py for tasks to queue
[2023-07-10T01:53:02.972+0000] {logging_mixin.py:149} INFO - [2023-07-10T01:53:02.971+0000] {dagbag.py:541} INFO - Filling up the DagBag from /home/airflow/.local/lib/python3.7/site-packages/airflow/example_dags/example_xcom.py
[2023-07-10T01:53:02.978+0000] {processor.py:836} INFO - DAG(s) dict_keys(['example_xcom']) retrieved from /home/airflow/.local/lib/python3.7/site-packages/airflow/example_dags/example_xcom.py
[2023-07-10T01:53:02.998+0000] {logging_mixin.py:149} INFO - [2023-07-10T01:53:02.997+0000] {dag.py:2726} INFO - Sync 1 DAGs
[2023-07-10T01:53:03.017+0000] {logging_mixin.py:149} INFO - [2023-07-10T01:53:03.017+0000] {dag.py:3490} INFO - Setting next_dagrun for example_xcom to 2021-01-01T00:00:00+00:00, run_after=2021-01-01T00:00:00+00:00
[2023-07-10T01:53:03.033+0000] {processor.py:179} INFO - Processing /home/airflow/.local/lib/python3.7/site-packages/airflow/example_dags/example_xcom.py took 0.066 seconds
[2023-07-10T01:53:33.084+0000] {processor.py:157} INFO - Started process (PID=9602) to work on /home/airflow/.local/lib/python3.7/site-packages/airflow/example_dags/example_xcom.py
[2023-07-10T01:53:33.085+0000] {processor.py:826} INFO - Processing file /home/airflow/.local/lib/python3.7/site-packages/airflow/example_dags/example_xcom.py for tasks to queue
[2023-07-10T01:53:33.085+0000] {logging_mixin.py:149} INFO - [2023-07-10T01:53:33.085+0000] {dagbag.py:541} INFO - Filling up the DagBag from /home/airflow/.local/lib/python3.7/site-packages/airflow/example_dags/example_xcom.py
[2023-07-10T01:53:33.092+0000] {processor.py:836} INFO - DAG(s) dict_keys(['example_xcom']) retrieved from /home/airflow/.local/lib/python3.7/site-packages/airflow/example_dags/example_xcom.py
[2023-07-10T01:53:33.115+0000] {logging_mixin.py:149} INFO - [2023-07-10T01:53:33.115+0000] {dag.py:2726} INFO - Sync 1 DAGs
[2023-07-10T01:53:33.135+0000] {logging_mixin.py:149} INFO - [2023-07-10T01:53:33.135+0000] {dag.py:3490} INFO - Setting next_dagrun for example_xcom to 2021-01-01T00:00:00+00:00, run_after=2021-01-01T00:00:00+00:00
[2023-07-10T01:53:33.152+0000] {processor.py:179} INFO - Processing /home/airflow/.local/lib/python3.7/site-packages/airflow/example_dags/example_xcom.py took 0.071 seconds
[2023-07-10T01:54:03.323+0000] {processor.py:157} INFO - Started process (PID=9857) to work on /home/airflow/.local/lib/python3.7/site-packages/airflow/example_dags/example_xcom.py
[2023-07-10T01:54:03.324+0000] {processor.py:826} INFO - Processing file /home/airflow/.local/lib/python3.7/site-packages/airflow/example_dags/example_xcom.py for tasks to queue
[2023-07-10T01:54:03.325+0000] {logging_mixin.py:149} INFO - [2023-07-10T01:54:03.325+0000] {dagbag.py:541} INFO - Filling up the DagBag from /home/airflow/.local/lib/python3.7/site-packages/airflow/example_dags/example_xcom.py
[2023-07-10T01:54:03.333+0000] {processor.py:836} INFO - DAG(s) dict_keys(['example_xcom']) retrieved from /home/airflow/.local/lib/python3.7/site-packages/airflow/example_dags/example_xcom.py
[2023-07-10T01:54:03.355+0000] {logging_mixin.py:149} INFO - [2023-07-10T01:54:03.355+0000] {dag.py:2726} INFO - Sync 1 DAGs
[2023-07-10T01:54:03.375+0000] {logging_mixin.py:149} INFO - [2023-07-10T01:54:03.374+0000] {dag.py:3490} INFO - Setting next_dagrun for example_xcom to 2021-01-01T00:00:00+00:00, run_after=2021-01-01T00:00:00+00:00
[2023-07-10T01:54:03.390+0000] {processor.py:179} INFO - Processing /home/airflow/.local/lib/python3.7/site-packages/airflow/example_dags/example_xcom.py took 0.070 seconds
[2023-07-10T01:54:33.789+0000] {processor.py:157} INFO - Started process (PID=10111) to work on /home/airflow/.local/lib/python3.7/site-packages/airflow/example_dags/example_xcom.py
[2023-07-10T01:54:33.790+0000] {processor.py:826} INFO - Processing file /home/airflow/.local/lib/python3.7/site-packages/airflow/example_dags/example_xcom.py for tasks to queue
[2023-07-10T01:54:33.791+0000] {logging_mixin.py:149} INFO - [2023-07-10T01:54:33.791+0000] {dagbag.py:541} INFO - Filling up the DagBag from /home/airflow/.local/lib/python3.7/site-packages/airflow/example_dags/example_xcom.py
[2023-07-10T01:54:33.798+0000] {processor.py:836} INFO - DAG(s) dict_keys(['example_xcom']) retrieved from /home/airflow/.local/lib/python3.7/site-packages/airflow/example_dags/example_xcom.py
[2023-07-10T01:54:33.819+0000] {logging_mixin.py:149} INFO - [2023-07-10T01:54:33.819+0000] {dag.py:2726} INFO - Sync 1 DAGs
[2023-07-10T01:54:33.840+0000] {logging_mixin.py:149} INFO - [2023-07-10T01:54:33.840+0000] {dag.py:3490} INFO - Setting next_dagrun for example_xcom to 2021-01-01T00:00:00+00:00, run_after=2021-01-01T00:00:00+00:00
[2023-07-10T01:54:33.857+0000] {processor.py:179} INFO - Processing /home/airflow/.local/lib/python3.7/site-packages/airflow/example_dags/example_xcom.py took 0.071 seconds
[2023-07-10T01:55:04.794+0000] {processor.py:157} INFO - Started process (PID=10365) to work on /home/airflow/.local/lib/python3.7/site-packages/airflow/example_dags/example_xcom.py
[2023-07-10T01:55:04.795+0000] {processor.py:826} INFO - Processing file /home/airflow/.local/lib/python3.7/site-packages/airflow/example_dags/example_xcom.py for tasks to queue
[2023-07-10T01:55:04.796+0000] {logging_mixin.py:149} INFO - [2023-07-10T01:55:04.796+0000] {dagbag.py:541} INFO - Filling up the DagBag from /home/airflow/.local/lib/python3.7/site-packages/airflow/example_dags/example_xcom.py
[2023-07-10T01:55:04.802+0000] {processor.py:836} INFO - DAG(s) dict_keys(['example_xcom']) retrieved from /home/airflow/.local/lib/python3.7/site-packages/airflow/example_dags/example_xcom.py
[2023-07-10T01:55:04.823+0000] {logging_mixin.py:149} INFO - [2023-07-10T01:55:04.823+0000] {dag.py:2726} INFO - Sync 1 DAGs
[2023-07-10T01:55:04.842+0000] {logging_mixin.py:149} INFO - [2023-07-10T01:55:04.842+0000] {dag.py:3490} INFO - Setting next_dagrun for example_xcom to 2021-01-01T00:00:00+00:00, run_after=2021-01-01T00:00:00+00:00
[2023-07-10T01:55:04.858+0000] {processor.py:179} INFO - Processing /home/airflow/.local/lib/python3.7/site-packages/airflow/example_dags/example_xcom.py took 0.067 seconds
[2023-07-10T01:55:35.744+0000] {processor.py:157} INFO - Started process (PID=10619) to work on /home/airflow/.local/lib/python3.7/site-packages/airflow/example_dags/example_xcom.py
[2023-07-10T01:55:35.745+0000] {processor.py:826} INFO - Processing file /home/airflow/.local/lib/python3.7/site-packages/airflow/example_dags/example_xcom.py for tasks to queue
[2023-07-10T01:55:35.746+0000] {logging_mixin.py:149} INFO - [2023-07-10T01:55:35.746+0000] {dagbag.py:541} INFO - Filling up the DagBag from /home/airflow/.local/lib/python3.7/site-packages/airflow/example_dags/example_xcom.py
[2023-07-10T01:55:35.752+0000] {processor.py:836} INFO - DAG(s) dict_keys(['example_xcom']) retrieved from /home/airflow/.local/lib/python3.7/site-packages/airflow/example_dags/example_xcom.py
[2023-07-10T01:55:35.773+0000] {logging_mixin.py:149} INFO - [2023-07-10T01:55:35.773+0000] {dag.py:2726} INFO - Sync 1 DAGs
[2023-07-10T01:55:35.792+0000] {logging_mixin.py:149} INFO - [2023-07-10T01:55:35.792+0000] {dag.py:3490} INFO - Setting next_dagrun for example_xcom to 2021-01-01T00:00:00+00:00, run_after=2021-01-01T00:00:00+00:00
[2023-07-10T01:55:35.807+0000] {processor.py:179} INFO - Processing /home/airflow/.local/lib/python3.7/site-packages/airflow/example_dags/example_xcom.py took 0.066 seconds
[2023-07-10T01:56:06.361+0000] {processor.py:157} INFO - Started process (PID=10873) to work on /home/airflow/.local/lib/python3.7/site-packages/airflow/example_dags/example_xcom.py
[2023-07-10T01:56:06.362+0000] {processor.py:826} INFO - Processing file /home/airflow/.local/lib/python3.7/site-packages/airflow/example_dags/example_xcom.py for tasks to queue
[2023-07-10T01:56:06.363+0000] {logging_mixin.py:149} INFO - [2023-07-10T01:56:06.362+0000] {dagbag.py:541} INFO - Filling up the DagBag from /home/airflow/.local/lib/python3.7/site-packages/airflow/example_dags/example_xcom.py
[2023-07-10T01:56:06.368+0000] {processor.py:836} INFO - DAG(s) dict_keys(['example_xcom']) retrieved from /home/airflow/.local/lib/python3.7/site-packages/airflow/example_dags/example_xcom.py
[2023-07-10T01:56:06.389+0000] {logging_mixin.py:149} INFO - [2023-07-10T01:56:06.388+0000] {dag.py:2726} INFO - Sync 1 DAGs
[2023-07-10T01:56:06.409+0000] {logging_mixin.py:149} INFO - [2023-07-10T01:56:06.409+0000] {dag.py:3490} INFO - Setting next_dagrun for example_xcom to 2021-01-01T00:00:00+00:00, run_after=2021-01-01T00:00:00+00:00
[2023-07-10T01:56:06.425+0000] {processor.py:179} INFO - Processing /home/airflow/.local/lib/python3.7/site-packages/airflow/example_dags/example_xcom.py took 0.066 seconds
[2023-07-10T01:56:37.108+0000] {processor.py:157} INFO - Started process (PID=11139) to work on /home/airflow/.local/lib/python3.7/site-packages/airflow/example_dags/example_xcom.py
[2023-07-10T01:56:37.109+0000] {processor.py:826} INFO - Processing file /home/airflow/.local/lib/python3.7/site-packages/airflow/example_dags/example_xcom.py for tasks to queue
[2023-07-10T01:56:37.110+0000] {logging_mixin.py:149} INFO - [2023-07-10T01:56:37.109+0000] {dagbag.py:541} INFO - Filling up the DagBag from /home/airflow/.local/lib/python3.7/site-packages/airflow/example_dags/example_xcom.py
[2023-07-10T01:56:37.116+0000] {processor.py:836} INFO - DAG(s) dict_keys(['example_xcom']) retrieved from /home/airflow/.local/lib/python3.7/site-packages/airflow/example_dags/example_xcom.py
[2023-07-10T01:56:37.136+0000] {logging_mixin.py:149} INFO - [2023-07-10T01:56:37.136+0000] {dag.py:2726} INFO - Sync 1 DAGs
[2023-07-10T01:56:37.156+0000] {logging_mixin.py:149} INFO - [2023-07-10T01:56:37.156+0000] {dag.py:3490} INFO - Setting next_dagrun for example_xcom to 2021-01-01T00:00:00+00:00, run_after=2021-01-01T00:00:00+00:00
[2023-07-10T01:56:37.174+0000] {processor.py:179} INFO - Processing /home/airflow/.local/lib/python3.7/site-packages/airflow/example_dags/example_xcom.py took 0.069 seconds
[2023-07-10T01:57:07.875+0000] {processor.py:157} INFO - Started process (PID=11393) to work on /home/airflow/.local/lib/python3.7/site-packages/airflow/example_dags/example_xcom.py
[2023-07-10T01:57:07.876+0000] {processor.py:826} INFO - Processing file /home/airflow/.local/lib/python3.7/site-packages/airflow/example_dags/example_xcom.py for tasks to queue
[2023-07-10T01:57:07.878+0000] {logging_mixin.py:149} INFO - [2023-07-10T01:57:07.878+0000] {dagbag.py:541} INFO - Filling up the DagBag from /home/airflow/.local/lib/python3.7/site-packages/airflow/example_dags/example_xcom.py
[2023-07-10T01:57:07.887+0000] {processor.py:836} INFO - DAG(s) dict_keys(['example_xcom']) retrieved from /home/airflow/.local/lib/python3.7/site-packages/airflow/example_dags/example_xcom.py
[2023-07-10T01:57:07.924+0000] {logging_mixin.py:149} INFO - [2023-07-10T01:57:07.923+0000] {dag.py:2726} INFO - Sync 1 DAGs
[2023-07-10T01:57:07.948+0000] {logging_mixin.py:149} INFO - [2023-07-10T01:57:07.947+0000] {dag.py:3490} INFO - Setting next_dagrun for example_xcom to 2021-01-01T00:00:00+00:00, run_after=2021-01-01T00:00:00+00:00
[2023-07-10T01:57:07.966+0000] {processor.py:179} INFO - Processing /home/airflow/.local/lib/python3.7/site-packages/airflow/example_dags/example_xcom.py took 0.096 seconds
[2023-07-10T01:57:38.172+0000] {processor.py:157} INFO - Started process (PID=11649) to work on /home/airflow/.local/lib/python3.7/site-packages/airflow/example_dags/example_xcom.py
[2023-07-10T01:57:38.173+0000] {processor.py:826} INFO - Processing file /home/airflow/.local/lib/python3.7/site-packages/airflow/example_dags/example_xcom.py for tasks to queue
[2023-07-10T01:57:38.174+0000] {logging_mixin.py:149} INFO - [2023-07-10T01:57:38.173+0000] {dagbag.py:541} INFO - Filling up the DagBag from /home/airflow/.local/lib/python3.7/site-packages/airflow/example_dags/example_xcom.py
[2023-07-10T01:57:38.179+0000] {processor.py:836} INFO - DAG(s) dict_keys(['example_xcom']) retrieved from /home/airflow/.local/lib/python3.7/site-packages/airflow/example_dags/example_xcom.py
[2023-07-10T01:57:38.200+0000] {logging_mixin.py:149} INFO - [2023-07-10T01:57:38.199+0000] {dag.py:2726} INFO - Sync 1 DAGs
[2023-07-10T01:57:38.219+0000] {logging_mixin.py:149} INFO - [2023-07-10T01:57:38.219+0000] {dag.py:3490} INFO - Setting next_dagrun for example_xcom to 2021-01-01T00:00:00+00:00, run_after=2021-01-01T00:00:00+00:00
[2023-07-10T01:57:38.236+0000] {processor.py:179} INFO - Processing /home/airflow/.local/lib/python3.7/site-packages/airflow/example_dags/example_xcom.py took 0.067 seconds
[2023-07-10T01:58:09.150+0000] {processor.py:157} INFO - Started process (PID=11901) to work on /home/airflow/.local/lib/python3.7/site-packages/airflow/example_dags/example_xcom.py
[2023-07-10T01:58:09.151+0000] {processor.py:826} INFO - Processing file /home/airflow/.local/lib/python3.7/site-packages/airflow/example_dags/example_xcom.py for tasks to queue
[2023-07-10T01:58:09.152+0000] {logging_mixin.py:149} INFO - [2023-07-10T01:58:09.152+0000] {dagbag.py:541} INFO - Filling up the DagBag from /home/airflow/.local/lib/python3.7/site-packages/airflow/example_dags/example_xcom.py
[2023-07-10T01:58:09.159+0000] {processor.py:836} INFO - DAG(s) dict_keys(['example_xcom']) retrieved from /home/airflow/.local/lib/python3.7/site-packages/airflow/example_dags/example_xcom.py
[2023-07-10T01:58:09.180+0000] {logging_mixin.py:149} INFO - [2023-07-10T01:58:09.180+0000] {dag.py:2726} INFO - Sync 1 DAGs
[2023-07-10T01:58:09.200+0000] {logging_mixin.py:149} INFO - [2023-07-10T01:58:09.199+0000] {dag.py:3490} INFO - Setting next_dagrun for example_xcom to 2021-01-01T00:00:00+00:00, run_after=2021-01-01T00:00:00+00:00
[2023-07-10T01:58:09.217+0000] {processor.py:179} INFO - Processing /home/airflow/.local/lib/python3.7/site-packages/airflow/example_dags/example_xcom.py took 0.069 seconds
[2023-07-10T01:58:39.890+0000] {processor.py:157} INFO - Started process (PID=12155) to work on /home/airflow/.local/lib/python3.7/site-packages/airflow/example_dags/example_xcom.py
[2023-07-10T01:58:39.891+0000] {processor.py:826} INFO - Processing file /home/airflow/.local/lib/python3.7/site-packages/airflow/example_dags/example_xcom.py for tasks to queue
[2023-07-10T01:58:39.891+0000] {logging_mixin.py:149} INFO - [2023-07-10T01:58:39.891+0000] {dagbag.py:541} INFO - Filling up the DagBag from /home/airflow/.local/lib/python3.7/site-packages/airflow/example_dags/example_xcom.py
[2023-07-10T01:58:39.897+0000] {processor.py:836} INFO - DAG(s) dict_keys(['example_xcom']) retrieved from /home/airflow/.local/lib/python3.7/site-packages/airflow/example_dags/example_xcom.py
[2023-07-10T01:58:39.919+0000] {logging_mixin.py:149} INFO - [2023-07-10T01:58:39.919+0000] {dag.py:2726} INFO - Sync 1 DAGs
[2023-07-10T01:58:39.941+0000] {logging_mixin.py:149} INFO - [2023-07-10T01:58:39.941+0000] {dag.py:3490} INFO - Setting next_dagrun for example_xcom to 2021-01-01T00:00:00+00:00, run_after=2021-01-01T00:00:00+00:00
[2023-07-10T01:58:39.957+0000] {processor.py:179} INFO - Processing /home/airflow/.local/lib/python3.7/site-packages/airflow/example_dags/example_xcom.py took 0.070 seconds
