[2023-07-10T01:34:39.413+0000] {processor.py:157} INFO - Started process (PID=367) to work on /home/airflow/.local/lib/python3.7/site-packages/airflow/example_dags/example_short_circuit_operator.py
[2023-07-10T01:34:39.414+0000] {processor.py:826} INFO - Processing file /home/airflow/.local/lib/python3.7/site-packages/airflow/example_dags/example_short_circuit_operator.py for tasks to queue
[2023-07-10T01:34:39.415+0000] {logging_mixin.py:149} INFO - [2023-07-10T01:34:39.415+0000] {dagbag.py:541} INFO - Filling up the DagBag from /home/airflow/.local/lib/python3.7/site-packages/airflow/example_dags/example_short_circuit_operator.py
[2023-07-10T01:34:39.422+0000] {processor.py:836} INFO - DAG(s) dict_keys(['example_short_circuit_operator']) retrieved from /home/airflow/.local/lib/python3.7/site-packages/airflow/example_dags/example_short_circuit_operator.py
[2023-07-10T01:34:39.447+0000] {logging_mixin.py:149} INFO - [2023-07-10T01:34:39.446+0000] {dag.py:2726} INFO - Sync 1 DAGs
[2023-07-10T01:34:39.470+0000] {logging_mixin.py:149} INFO - [2023-07-10T01:34:39.470+0000] {dag.py:3490} INFO - Setting next_dagrun for example_short_circuit_operator to 2023-07-09T01:34:39.469877+00:00, run_after=2023-07-10T01:34:39.469877+00:00
[2023-07-10T01:34:39.489+0000] {processor.py:179} INFO - Processing /home/airflow/.local/lib/python3.7/site-packages/airflow/example_dags/example_short_circuit_operator.py took 0.079 seconds
[2023-07-10T01:35:10.204+0000] {processor.py:157} INFO - Started process (PID=617) to work on /home/airflow/.local/lib/python3.7/site-packages/airflow/example_dags/example_short_circuit_operator.py
[2023-07-10T01:35:10.206+0000] {processor.py:826} INFO - Processing file /home/airflow/.local/lib/python3.7/site-packages/airflow/example_dags/example_short_circuit_operator.py for tasks to queue
[2023-07-10T01:35:10.206+0000] {logging_mixin.py:149} INFO - [2023-07-10T01:35:10.206+0000] {dagbag.py:541} INFO - Filling up the DagBag from /home/airflow/.local/lib/python3.7/site-packages/airflow/example_dags/example_short_circuit_operator.py
[2023-07-10T01:35:10.213+0000] {processor.py:836} INFO - DAG(s) dict_keys(['example_short_circuit_operator']) retrieved from /home/airflow/.local/lib/python3.7/site-packages/airflow/example_dags/example_short_circuit_operator.py
[2023-07-10T01:35:10.235+0000] {logging_mixin.py:149} INFO - [2023-07-10T01:35:10.234+0000] {dag.py:2726} INFO - Sync 1 DAGs
[2023-07-10T01:35:10.257+0000] {logging_mixin.py:149} INFO - [2023-07-10T01:35:10.257+0000] {dag.py:3490} INFO - Setting next_dagrun for example_short_circuit_operator to 2023-07-09T01:35:10.257005+00:00, run_after=2023-07-10T01:35:10.257005+00:00
[2023-07-10T01:35:10.276+0000] {processor.py:179} INFO - Processing /home/airflow/.local/lib/python3.7/site-packages/airflow/example_dags/example_short_circuit_operator.py took 0.074 seconds
[2023-07-10T01:35:42.234+0000] {processor.py:157} INFO - Started process (PID=868) to work on /home/airflow/.local/lib/python3.7/site-packages/airflow/example_dags/example_short_circuit_operator.py
[2023-07-10T01:35:42.235+0000] {processor.py:826} INFO - Processing file /home/airflow/.local/lib/python3.7/site-packages/airflow/example_dags/example_short_circuit_operator.py for tasks to queue
[2023-07-10T01:35:42.236+0000] {logging_mixin.py:149} INFO - [2023-07-10T01:35:42.236+0000] {dagbag.py:541} INFO - Filling up the DagBag from /home/airflow/.local/lib/python3.7/site-packages/airflow/example_dags/example_short_circuit_operator.py
[2023-07-10T01:35:42.243+0000] {processor.py:836} INFO - DAG(s) dict_keys(['example_short_circuit_operator']) retrieved from /home/airflow/.local/lib/python3.7/site-packages/airflow/example_dags/example_short_circuit_operator.py
[2023-07-10T01:35:42.266+0000] {logging_mixin.py:149} INFO - [2023-07-10T01:35:42.266+0000] {dag.py:2726} INFO - Sync 1 DAGs
[2023-07-10T01:35:42.289+0000] {logging_mixin.py:149} INFO - [2023-07-10T01:35:42.289+0000] {dag.py:3490} INFO - Setting next_dagrun for example_short_circuit_operator to 2023-07-09T01:35:42.289144+00:00, run_after=2023-07-10T01:35:42.289144+00:00
[2023-07-10T01:35:42.379+0000] {processor.py:179} INFO - Processing /home/airflow/.local/lib/python3.7/site-packages/airflow/example_dags/example_short_circuit_operator.py took 0.147 seconds
[2023-07-10T01:36:13.790+0000] {processor.py:157} INFO - Started process (PID=1115) to work on /home/airflow/.local/lib/python3.7/site-packages/airflow/example_dags/example_short_circuit_operator.py
[2023-07-10T01:36:13.791+0000] {processor.py:826} INFO - Processing file /home/airflow/.local/lib/python3.7/site-packages/airflow/example_dags/example_short_circuit_operator.py for tasks to queue
[2023-07-10T01:36:13.792+0000] {logging_mixin.py:149} INFO - [2023-07-10T01:36:13.792+0000] {dagbag.py:541} INFO - Filling up the DagBag from /home/airflow/.local/lib/python3.7/site-packages/airflow/example_dags/example_short_circuit_operator.py
[2023-07-10T01:36:13.876+0000] {processor.py:836} INFO - DAG(s) dict_keys(['example_short_circuit_operator']) retrieved from /home/airflow/.local/lib/python3.7/site-packages/airflow/example_dags/example_short_circuit_operator.py
[2023-07-10T01:36:13.895+0000] {logging_mixin.py:149} INFO - [2023-07-10T01:36:13.895+0000] {dag.py:2726} INFO - Sync 1 DAGs
[2023-07-10T01:36:13.915+0000] {logging_mixin.py:149} INFO - [2023-07-10T01:36:13.915+0000] {dag.py:3490} INFO - Setting next_dagrun for example_short_circuit_operator to 2023-07-09T01:36:13.915701+00:00, run_after=2023-07-10T01:36:13.915701+00:00
[2023-07-10T01:36:13.932+0000] {processor.py:179} INFO - Processing /home/airflow/.local/lib/python3.7/site-packages/airflow/example_dags/example_short_circuit_operator.py took 0.144 seconds
[2023-07-10T01:36:44.749+0000] {processor.py:157} INFO - Started process (PID=1364) to work on /home/airflow/.local/lib/python3.7/site-packages/airflow/example_dags/example_short_circuit_operator.py
[2023-07-10T01:36:44.750+0000] {processor.py:826} INFO - Processing file /home/airflow/.local/lib/python3.7/site-packages/airflow/example_dags/example_short_circuit_operator.py for tasks to queue
[2023-07-10T01:36:44.751+0000] {logging_mixin.py:149} INFO - [2023-07-10T01:36:44.751+0000] {dagbag.py:541} INFO - Filling up the DagBag from /home/airflow/.local/lib/python3.7/site-packages/airflow/example_dags/example_short_circuit_operator.py
[2023-07-10T01:36:44.758+0000] {processor.py:836} INFO - DAG(s) dict_keys(['example_short_circuit_operator']) retrieved from /home/airflow/.local/lib/python3.7/site-packages/airflow/example_dags/example_short_circuit_operator.py
[2023-07-10T01:36:44.783+0000] {logging_mixin.py:149} INFO - [2023-07-10T01:36:44.782+0000] {dag.py:2726} INFO - Sync 1 DAGs
[2023-07-10T01:36:44.807+0000] {logging_mixin.py:149} INFO - [2023-07-10T01:36:44.807+0000] {dag.py:3490} INFO - Setting next_dagrun for example_short_circuit_operator to 2023-07-09T01:36:44.807212+00:00, run_after=2023-07-10T01:36:44.807212+00:00
[2023-07-10T01:36:44.825+0000] {processor.py:179} INFO - Processing /home/airflow/.local/lib/python3.7/site-packages/airflow/example_dags/example_short_circuit_operator.py took 0.078 seconds
[2023-07-10T01:37:15.825+0000] {processor.py:157} INFO - Started process (PID=1613) to work on /home/airflow/.local/lib/python3.7/site-packages/airflow/example_dags/example_short_circuit_operator.py
[2023-07-10T01:37:15.827+0000] {processor.py:826} INFO - Processing file /home/airflow/.local/lib/python3.7/site-packages/airflow/example_dags/example_short_circuit_operator.py for tasks to queue
[2023-07-10T01:37:15.827+0000] {logging_mixin.py:149} INFO - [2023-07-10T01:37:15.827+0000] {dagbag.py:541} INFO - Filling up the DagBag from /home/airflow/.local/lib/python3.7/site-packages/airflow/example_dags/example_short_circuit_operator.py
[2023-07-10T01:37:15.835+0000] {processor.py:836} INFO - DAG(s) dict_keys(['example_short_circuit_operator']) retrieved from /home/airflow/.local/lib/python3.7/site-packages/airflow/example_dags/example_short_circuit_operator.py
[2023-07-10T01:37:15.860+0000] {logging_mixin.py:149} INFO - [2023-07-10T01:37:15.860+0000] {dag.py:2726} INFO - Sync 1 DAGs
[2023-07-10T01:37:15.884+0000] {logging_mixin.py:149} INFO - [2023-07-10T01:37:15.884+0000] {dag.py:3490} INFO - Setting next_dagrun for example_short_circuit_operator to 2023-07-09T01:37:15.883937+00:00, run_after=2023-07-10T01:37:15.883937+00:00
[2023-07-10T01:37:15.903+0000] {processor.py:179} INFO - Processing /home/airflow/.local/lib/python3.7/site-packages/airflow/example_dags/example_short_circuit_operator.py took 0.081 seconds
[2023-07-10T01:37:46.141+0000] {processor.py:157} INFO - Started process (PID=1862) to work on /home/airflow/.local/lib/python3.7/site-packages/airflow/example_dags/example_short_circuit_operator.py
[2023-07-10T01:37:46.142+0000] {processor.py:826} INFO - Processing file /home/airflow/.local/lib/python3.7/site-packages/airflow/example_dags/example_short_circuit_operator.py for tasks to queue
[2023-07-10T01:37:46.143+0000] {logging_mixin.py:149} INFO - [2023-07-10T01:37:46.143+0000] {dagbag.py:541} INFO - Filling up the DagBag from /home/airflow/.local/lib/python3.7/site-packages/airflow/example_dags/example_short_circuit_operator.py
[2023-07-10T01:37:46.151+0000] {processor.py:836} INFO - DAG(s) dict_keys(['example_short_circuit_operator']) retrieved from /home/airflow/.local/lib/python3.7/site-packages/airflow/example_dags/example_short_circuit_operator.py
[2023-07-10T01:37:46.173+0000] {logging_mixin.py:149} INFO - [2023-07-10T01:37:46.172+0000] {dag.py:2726} INFO - Sync 1 DAGs
[2023-07-10T01:37:46.196+0000] {logging_mixin.py:149} INFO - [2023-07-10T01:37:46.196+0000] {dag.py:3490} INFO - Setting next_dagrun for example_short_circuit_operator to 2023-07-09T01:37:46.196277+00:00, run_after=2023-07-10T01:37:46.196277+00:00
[2023-07-10T01:37:46.214+0000] {processor.py:179} INFO - Processing /home/airflow/.local/lib/python3.7/site-packages/airflow/example_dags/example_short_circuit_operator.py took 0.076 seconds
[2023-07-10T01:38:16.471+0000] {processor.py:157} INFO - Started process (PID=2111) to work on /home/airflow/.local/lib/python3.7/site-packages/airflow/example_dags/example_short_circuit_operator.py
[2023-07-10T01:38:16.472+0000] {processor.py:826} INFO - Processing file /home/airflow/.local/lib/python3.7/site-packages/airflow/example_dags/example_short_circuit_operator.py for tasks to queue
[2023-07-10T01:38:16.474+0000] {logging_mixin.py:149} INFO - [2023-07-10T01:38:16.473+0000] {dagbag.py:541} INFO - Filling up the DagBag from /home/airflow/.local/lib/python3.7/site-packages/airflow/example_dags/example_short_circuit_operator.py
[2023-07-10T01:38:16.480+0000] {processor.py:836} INFO - DAG(s) dict_keys(['example_short_circuit_operator']) retrieved from /home/airflow/.local/lib/python3.7/site-packages/airflow/example_dags/example_short_circuit_operator.py
[2023-07-10T01:38:16.505+0000] {logging_mixin.py:149} INFO - [2023-07-10T01:38:16.505+0000] {dag.py:2726} INFO - Sync 1 DAGs
[2023-07-10T01:38:16.533+0000] {logging_mixin.py:149} INFO - [2023-07-10T01:38:16.533+0000] {dag.py:3490} INFO - Setting next_dagrun for example_short_circuit_operator to 2023-07-09T01:38:16.533411+00:00, run_after=2023-07-10T01:38:16.533411+00:00
[2023-07-10T01:38:16.552+0000] {processor.py:179} INFO - Processing /home/airflow/.local/lib/python3.7/site-packages/airflow/example_dags/example_short_circuit_operator.py took 0.083 seconds
[2023-07-10T01:38:47.104+0000] {processor.py:157} INFO - Started process (PID=2360) to work on /home/airflow/.local/lib/python3.7/site-packages/airflow/example_dags/example_short_circuit_operator.py
[2023-07-10T01:38:47.105+0000] {processor.py:826} INFO - Processing file /home/airflow/.local/lib/python3.7/site-packages/airflow/example_dags/example_short_circuit_operator.py for tasks to queue
[2023-07-10T01:38:47.106+0000] {logging_mixin.py:149} INFO - [2023-07-10T01:38:47.106+0000] {dagbag.py:541} INFO - Filling up the DagBag from /home/airflow/.local/lib/python3.7/site-packages/airflow/example_dags/example_short_circuit_operator.py
[2023-07-10T01:38:47.113+0000] {processor.py:836} INFO - DAG(s) dict_keys(['example_short_circuit_operator']) retrieved from /home/airflow/.local/lib/python3.7/site-packages/airflow/example_dags/example_short_circuit_operator.py
[2023-07-10T01:38:47.123+0000] {logging_mixin.py:149} INFO - [2023-07-10T01:38:47.123+0000] {dag.py:2726} INFO - Sync 1 DAGs
[2023-07-10T01:38:47.145+0000] {logging_mixin.py:149} INFO - [2023-07-10T01:38:47.145+0000] {dag.py:3490} INFO - Setting next_dagrun for example_short_circuit_operator to 2023-07-09T01:38:47.145189+00:00, run_after=2023-07-10T01:38:47.145189+00:00
[2023-07-10T01:38:47.164+0000] {processor.py:179} INFO - Processing /home/airflow/.local/lib/python3.7/site-packages/airflow/example_dags/example_short_circuit_operator.py took 0.063 seconds
[2023-07-10T01:39:17.922+0000] {processor.py:157} INFO - Started process (PID=2609) to work on /home/airflow/.local/lib/python3.7/site-packages/airflow/example_dags/example_short_circuit_operator.py
[2023-07-10T01:39:17.923+0000] {processor.py:826} INFO - Processing file /home/airflow/.local/lib/python3.7/site-packages/airflow/example_dags/example_short_circuit_operator.py for tasks to queue
[2023-07-10T01:39:17.924+0000] {logging_mixin.py:149} INFO - [2023-07-10T01:39:17.924+0000] {dagbag.py:541} INFO - Filling up the DagBag from /home/airflow/.local/lib/python3.7/site-packages/airflow/example_dags/example_short_circuit_operator.py
[2023-07-10T01:39:17.931+0000] {processor.py:836} INFO - DAG(s) dict_keys(['example_short_circuit_operator']) retrieved from /home/airflow/.local/lib/python3.7/site-packages/airflow/example_dags/example_short_circuit_operator.py
[2023-07-10T01:39:17.953+0000] {logging_mixin.py:149} INFO - [2023-07-10T01:39:17.953+0000] {dag.py:2726} INFO - Sync 1 DAGs
[2023-07-10T01:39:17.977+0000] {logging_mixin.py:149} INFO - [2023-07-10T01:39:17.977+0000] {dag.py:3490} INFO - Setting next_dagrun for example_short_circuit_operator to 2023-07-09T01:39:17.977295+00:00, run_after=2023-07-10T01:39:17.977295+00:00
[2023-07-10T01:39:17.996+0000] {processor.py:179} INFO - Processing /home/airflow/.local/lib/python3.7/site-packages/airflow/example_dags/example_short_circuit_operator.py took 0.077 seconds
[2023-07-10T01:39:48.070+0000] {processor.py:157} INFO - Started process (PID=2858) to work on /home/airflow/.local/lib/python3.7/site-packages/airflow/example_dags/example_short_circuit_operator.py
[2023-07-10T01:39:48.071+0000] {processor.py:826} INFO - Processing file /home/airflow/.local/lib/python3.7/site-packages/airflow/example_dags/example_short_circuit_operator.py for tasks to queue
[2023-07-10T01:39:48.072+0000] {logging_mixin.py:149} INFO - [2023-07-10T01:39:48.071+0000] {dagbag.py:541} INFO - Filling up the DagBag from /home/airflow/.local/lib/python3.7/site-packages/airflow/example_dags/example_short_circuit_operator.py
[2023-07-10T01:39:48.079+0000] {processor.py:836} INFO - DAG(s) dict_keys(['example_short_circuit_operator']) retrieved from /home/airflow/.local/lib/python3.7/site-packages/airflow/example_dags/example_short_circuit_operator.py
[2023-07-10T01:39:48.100+0000] {logging_mixin.py:149} INFO - [2023-07-10T01:39:48.100+0000] {dag.py:2726} INFO - Sync 1 DAGs
[2023-07-10T01:39:48.120+0000] {logging_mixin.py:149} INFO - [2023-07-10T01:39:48.119+0000] {dag.py:3490} INFO - Setting next_dagrun for example_short_circuit_operator to 2023-07-09T01:39:48.119738+00:00, run_after=2023-07-10T01:39:48.119738+00:00
[2023-07-10T01:39:48.136+0000] {processor.py:179} INFO - Processing /home/airflow/.local/lib/python3.7/site-packages/airflow/example_dags/example_short_circuit_operator.py took 0.069 seconds
[2023-07-10T01:40:19.000+0000] {processor.py:157} INFO - Started process (PID=3107) to work on /home/airflow/.local/lib/python3.7/site-packages/airflow/example_dags/example_short_circuit_operator.py
[2023-07-10T01:40:19.001+0000] {processor.py:826} INFO - Processing file /home/airflow/.local/lib/python3.7/site-packages/airflow/example_dags/example_short_circuit_operator.py for tasks to queue
[2023-07-10T01:40:19.002+0000] {logging_mixin.py:149} INFO - [2023-07-10T01:40:19.002+0000] {dagbag.py:541} INFO - Filling up the DagBag from /home/airflow/.local/lib/python3.7/site-packages/airflow/example_dags/example_short_circuit_operator.py
[2023-07-10T01:40:19.008+0000] {processor.py:836} INFO - DAG(s) dict_keys(['example_short_circuit_operator']) retrieved from /home/airflow/.local/lib/python3.7/site-packages/airflow/example_dags/example_short_circuit_operator.py
[2023-07-10T01:40:19.031+0000] {logging_mixin.py:149} INFO - [2023-07-10T01:40:19.030+0000] {dag.py:2726} INFO - Sync 1 DAGs
[2023-07-10T01:40:19.053+0000] {logging_mixin.py:149} INFO - [2023-07-10T01:40:19.053+0000] {dag.py:3490} INFO - Setting next_dagrun for example_short_circuit_operator to 2023-07-09T01:40:19.053331+00:00, run_after=2023-07-10T01:40:19.053331+00:00
[2023-07-10T01:40:19.070+0000] {processor.py:179} INFO - Processing /home/airflow/.local/lib/python3.7/site-packages/airflow/example_dags/example_short_circuit_operator.py took 0.072 seconds
[2023-07-10T01:40:49.592+0000] {processor.py:157} INFO - Started process (PID=3356) to work on /home/airflow/.local/lib/python3.7/site-packages/airflow/example_dags/example_short_circuit_operator.py
[2023-07-10T01:40:49.593+0000] {processor.py:826} INFO - Processing file /home/airflow/.local/lib/python3.7/site-packages/airflow/example_dags/example_short_circuit_operator.py for tasks to queue
[2023-07-10T01:40:49.594+0000] {logging_mixin.py:149} INFO - [2023-07-10T01:40:49.594+0000] {dagbag.py:541} INFO - Filling up the DagBag from /home/airflow/.local/lib/python3.7/site-packages/airflow/example_dags/example_short_circuit_operator.py
[2023-07-10T01:40:49.602+0000] {processor.py:836} INFO - DAG(s) dict_keys(['example_short_circuit_operator']) retrieved from /home/airflow/.local/lib/python3.7/site-packages/airflow/example_dags/example_short_circuit_operator.py
[2023-07-10T01:40:49.629+0000] {logging_mixin.py:149} INFO - [2023-07-10T01:40:49.629+0000] {dag.py:2726} INFO - Sync 1 DAGs
[2023-07-10T01:40:49.657+0000] {logging_mixin.py:149} INFO - [2023-07-10T01:40:49.657+0000] {dag.py:3490} INFO - Setting next_dagrun for example_short_circuit_operator to 2023-07-09T01:40:49.657456+00:00, run_after=2023-07-10T01:40:49.657456+00:00
[2023-07-10T01:40:49.684+0000] {processor.py:179} INFO - Processing /home/airflow/.local/lib/python3.7/site-packages/airflow/example_dags/example_short_circuit_operator.py took 0.095 seconds
[2023-07-10T01:41:20.277+0000] {processor.py:157} INFO - Started process (PID=3605) to work on /home/airflow/.local/lib/python3.7/site-packages/airflow/example_dags/example_short_circuit_operator.py
[2023-07-10T01:41:20.278+0000] {processor.py:826} INFO - Processing file /home/airflow/.local/lib/python3.7/site-packages/airflow/example_dags/example_short_circuit_operator.py for tasks to queue
[2023-07-10T01:41:20.279+0000] {logging_mixin.py:149} INFO - [2023-07-10T01:41:20.279+0000] {dagbag.py:541} INFO - Filling up the DagBag from /home/airflow/.local/lib/python3.7/site-packages/airflow/example_dags/example_short_circuit_operator.py
[2023-07-10T01:41:20.285+0000] {processor.py:836} INFO - DAG(s) dict_keys(['example_short_circuit_operator']) retrieved from /home/airflow/.local/lib/python3.7/site-packages/airflow/example_dags/example_short_circuit_operator.py
[2023-07-10T01:41:20.308+0000] {logging_mixin.py:149} INFO - [2023-07-10T01:41:20.308+0000] {dag.py:2726} INFO - Sync 1 DAGs
[2023-07-10T01:41:20.331+0000] {logging_mixin.py:149} INFO - [2023-07-10T01:41:20.331+0000] {dag.py:3490} INFO - Setting next_dagrun for example_short_circuit_operator to 2023-07-09T01:41:20.331597+00:00, run_after=2023-07-10T01:41:20.331597+00:00
[2023-07-10T01:41:20.349+0000] {processor.py:179} INFO - Processing /home/airflow/.local/lib/python3.7/site-packages/airflow/example_dags/example_short_circuit_operator.py took 0.075 seconds
[2023-07-10T01:41:51.042+0000] {processor.py:157} INFO - Started process (PID=3854) to work on /home/airflow/.local/lib/python3.7/site-packages/airflow/example_dags/example_short_circuit_operator.py
[2023-07-10T01:41:51.043+0000] {processor.py:826} INFO - Processing file /home/airflow/.local/lib/python3.7/site-packages/airflow/example_dags/example_short_circuit_operator.py for tasks to queue
[2023-07-10T01:41:51.045+0000] {logging_mixin.py:149} INFO - [2023-07-10T01:41:51.044+0000] {dagbag.py:541} INFO - Filling up the DagBag from /home/airflow/.local/lib/python3.7/site-packages/airflow/example_dags/example_short_circuit_operator.py
[2023-07-10T01:41:51.052+0000] {processor.py:836} INFO - DAG(s) dict_keys(['example_short_circuit_operator']) retrieved from /home/airflow/.local/lib/python3.7/site-packages/airflow/example_dags/example_short_circuit_operator.py
[2023-07-10T01:41:51.075+0000] {logging_mixin.py:149} INFO - [2023-07-10T01:41:51.075+0000] {dag.py:2726} INFO - Sync 1 DAGs
[2023-07-10T01:41:51.097+0000] {logging_mixin.py:149} INFO - [2023-07-10T01:41:51.097+0000] {dag.py:3490} INFO - Setting next_dagrun for example_short_circuit_operator to 2023-07-09T01:41:51.097431+00:00, run_after=2023-07-10T01:41:51.097431+00:00
[2023-07-10T01:41:51.115+0000] {processor.py:179} INFO - Processing /home/airflow/.local/lib/python3.7/site-packages/airflow/example_dags/example_short_circuit_operator.py took 0.076 seconds
[2023-07-10T01:42:21.532+0000] {processor.py:157} INFO - Started process (PID=4103) to work on /home/airflow/.local/lib/python3.7/site-packages/airflow/example_dags/example_short_circuit_operator.py
[2023-07-10T01:42:21.533+0000] {processor.py:826} INFO - Processing file /home/airflow/.local/lib/python3.7/site-packages/airflow/example_dags/example_short_circuit_operator.py for tasks to queue
[2023-07-10T01:42:21.534+0000] {logging_mixin.py:149} INFO - [2023-07-10T01:42:21.534+0000] {dagbag.py:541} INFO - Filling up the DagBag from /home/airflow/.local/lib/python3.7/site-packages/airflow/example_dags/example_short_circuit_operator.py
[2023-07-10T01:42:21.540+0000] {processor.py:836} INFO - DAG(s) dict_keys(['example_short_circuit_operator']) retrieved from /home/airflow/.local/lib/python3.7/site-packages/airflow/example_dags/example_short_circuit_operator.py
[2023-07-10T01:42:21.564+0000] {logging_mixin.py:149} INFO - [2023-07-10T01:42:21.564+0000] {dag.py:2726} INFO - Sync 1 DAGs
[2023-07-10T01:42:21.586+0000] {logging_mixin.py:149} INFO - [2023-07-10T01:42:21.586+0000] {dag.py:3490} INFO - Setting next_dagrun for example_short_circuit_operator to 2023-07-09T01:42:21.585806+00:00, run_after=2023-07-10T01:42:21.585806+00:00
[2023-07-10T01:42:21.602+0000] {processor.py:179} INFO - Processing /home/airflow/.local/lib/python3.7/site-packages/airflow/example_dags/example_short_circuit_operator.py took 0.072 seconds
[2023-07-10T01:42:52.209+0000] {processor.py:157} INFO - Started process (PID=4352) to work on /home/airflow/.local/lib/python3.7/site-packages/airflow/example_dags/example_short_circuit_operator.py
[2023-07-10T01:42:52.210+0000] {processor.py:826} INFO - Processing file /home/airflow/.local/lib/python3.7/site-packages/airflow/example_dags/example_short_circuit_operator.py for tasks to queue
[2023-07-10T01:42:52.211+0000] {logging_mixin.py:149} INFO - [2023-07-10T01:42:52.211+0000] {dagbag.py:541} INFO - Filling up the DagBag from /home/airflow/.local/lib/python3.7/site-packages/airflow/example_dags/example_short_circuit_operator.py
[2023-07-10T01:42:52.217+0000] {processor.py:836} INFO - DAG(s) dict_keys(['example_short_circuit_operator']) retrieved from /home/airflow/.local/lib/python3.7/site-packages/airflow/example_dags/example_short_circuit_operator.py
[2023-07-10T01:42:52.241+0000] {logging_mixin.py:149} INFO - [2023-07-10T01:42:52.241+0000] {dag.py:2726} INFO - Sync 1 DAGs
[2023-07-10T01:42:52.264+0000] {logging_mixin.py:149} INFO - [2023-07-10T01:42:52.264+0000] {dag.py:3490} INFO - Setting next_dagrun for example_short_circuit_operator to 2023-07-09T01:42:52.264369+00:00, run_after=2023-07-10T01:42:52.264369+00:00
[2023-07-10T01:42:52.282+0000] {processor.py:179} INFO - Processing /home/airflow/.local/lib/python3.7/site-packages/airflow/example_dags/example_short_circuit_operator.py took 0.075 seconds
[2023-07-10T01:43:22.737+0000] {processor.py:157} INFO - Started process (PID=4601) to work on /home/airflow/.local/lib/python3.7/site-packages/airflow/example_dags/example_short_circuit_operator.py
[2023-07-10T01:43:22.738+0000] {processor.py:826} INFO - Processing file /home/airflow/.local/lib/python3.7/site-packages/airflow/example_dags/example_short_circuit_operator.py for tasks to queue
[2023-07-10T01:43:22.739+0000] {logging_mixin.py:149} INFO - [2023-07-10T01:43:22.739+0000] {dagbag.py:541} INFO - Filling up the DagBag from /home/airflow/.local/lib/python3.7/site-packages/airflow/example_dags/example_short_circuit_operator.py
[2023-07-10T01:43:22.746+0000] {processor.py:836} INFO - DAG(s) dict_keys(['example_short_circuit_operator']) retrieved from /home/airflow/.local/lib/python3.7/site-packages/airflow/example_dags/example_short_circuit_operator.py
[2023-07-10T01:43:22.769+0000] {logging_mixin.py:149} INFO - [2023-07-10T01:43:22.769+0000] {dag.py:2726} INFO - Sync 1 DAGs
[2023-07-10T01:43:22.790+0000] {logging_mixin.py:149} INFO - [2023-07-10T01:43:22.790+0000] {dag.py:3490} INFO - Setting next_dagrun for example_short_circuit_operator to 2023-07-09T01:43:22.789900+00:00, run_after=2023-07-10T01:43:22.789900+00:00
[2023-07-10T01:43:22.807+0000] {processor.py:179} INFO - Processing /home/airflow/.local/lib/python3.7/site-packages/airflow/example_dags/example_short_circuit_operator.py took 0.072 seconds
[2023-07-10T01:43:53.278+0000] {processor.py:157} INFO - Started process (PID=4851) to work on /home/airflow/.local/lib/python3.7/site-packages/airflow/example_dags/example_short_circuit_operator.py
[2023-07-10T01:43:53.279+0000] {processor.py:826} INFO - Processing file /home/airflow/.local/lib/python3.7/site-packages/airflow/example_dags/example_short_circuit_operator.py for tasks to queue
[2023-07-10T01:43:53.279+0000] {logging_mixin.py:149} INFO - [2023-07-10T01:43:53.279+0000] {dagbag.py:541} INFO - Filling up the DagBag from /home/airflow/.local/lib/python3.7/site-packages/airflow/example_dags/example_short_circuit_operator.py
[2023-07-10T01:43:53.286+0000] {processor.py:836} INFO - DAG(s) dict_keys(['example_short_circuit_operator']) retrieved from /home/airflow/.local/lib/python3.7/site-packages/airflow/example_dags/example_short_circuit_operator.py
[2023-07-10T01:43:53.309+0000] {logging_mixin.py:149} INFO - [2023-07-10T01:43:53.309+0000] {dag.py:2726} INFO - Sync 1 DAGs
[2023-07-10T01:43:53.330+0000] {logging_mixin.py:149} INFO - [2023-07-10T01:43:53.330+0000] {dag.py:3490} INFO - Setting next_dagrun for example_short_circuit_operator to 2023-07-09T01:43:53.329922+00:00, run_after=2023-07-10T01:43:53.329922+00:00
[2023-07-10T01:43:53.349+0000] {processor.py:179} INFO - Processing /home/airflow/.local/lib/python3.7/site-packages/airflow/example_dags/example_short_circuit_operator.py took 0.074 seconds
[2023-07-10T01:44:24.002+0000] {processor.py:157} INFO - Started process (PID=5102) to work on /home/airflow/.local/lib/python3.7/site-packages/airflow/example_dags/example_short_circuit_operator.py
[2023-07-10T01:44:24.004+0000] {processor.py:826} INFO - Processing file /home/airflow/.local/lib/python3.7/site-packages/airflow/example_dags/example_short_circuit_operator.py for tasks to queue
[2023-07-10T01:44:24.005+0000] {logging_mixin.py:149} INFO - [2023-07-10T01:44:24.005+0000] {dagbag.py:541} INFO - Filling up the DagBag from /home/airflow/.local/lib/python3.7/site-packages/airflow/example_dags/example_short_circuit_operator.py
[2023-07-10T01:44:24.012+0000] {processor.py:836} INFO - DAG(s) dict_keys(['example_short_circuit_operator']) retrieved from /home/airflow/.local/lib/python3.7/site-packages/airflow/example_dags/example_short_circuit_operator.py
[2023-07-10T01:44:24.034+0000] {logging_mixin.py:149} INFO - [2023-07-10T01:44:24.034+0000] {dag.py:2726} INFO - Sync 1 DAGs
[2023-07-10T01:44:24.056+0000] {logging_mixin.py:149} INFO - [2023-07-10T01:44:24.056+0000] {dag.py:3490} INFO - Setting next_dagrun for example_short_circuit_operator to 2023-07-09T01:44:24.056132+00:00, run_after=2023-07-10T01:44:24.056132+00:00
[2023-07-10T01:44:24.072+0000] {processor.py:179} INFO - Processing /home/airflow/.local/lib/python3.7/site-packages/airflow/example_dags/example_short_circuit_operator.py took 0.073 seconds
[2023-07-10T01:44:54.582+0000] {processor.py:157} INFO - Started process (PID=5349) to work on /home/airflow/.local/lib/python3.7/site-packages/airflow/example_dags/example_short_circuit_operator.py
[2023-07-10T01:44:54.583+0000] {processor.py:826} INFO - Processing file /home/airflow/.local/lib/python3.7/site-packages/airflow/example_dags/example_short_circuit_operator.py for tasks to queue
[2023-07-10T01:44:54.584+0000] {logging_mixin.py:149} INFO - [2023-07-10T01:44:54.583+0000] {dagbag.py:541} INFO - Filling up the DagBag from /home/airflow/.local/lib/python3.7/site-packages/airflow/example_dags/example_short_circuit_operator.py
[2023-07-10T01:44:54.591+0000] {processor.py:836} INFO - DAG(s) dict_keys(['example_short_circuit_operator']) retrieved from /home/airflow/.local/lib/python3.7/site-packages/airflow/example_dags/example_short_circuit_operator.py
[2023-07-10T01:44:54.623+0000] {logging_mixin.py:149} INFO - [2023-07-10T01:44:54.622+0000] {dag.py:2726} INFO - Sync 1 DAGs
[2023-07-10T01:44:54.644+0000] {logging_mixin.py:149} INFO - [2023-07-10T01:44:54.644+0000] {dag.py:3490} INFO - Setting next_dagrun for example_short_circuit_operator to 2023-07-09T01:44:54.644355+00:00, run_after=2023-07-10T01:44:54.644355+00:00
[2023-07-10T01:44:54.663+0000] {processor.py:179} INFO - Processing /home/airflow/.local/lib/python3.7/site-packages/airflow/example_dags/example_short_circuit_operator.py took 0.084 seconds
[2023-07-10T01:45:25.170+0000] {processor.py:157} INFO - Started process (PID=5598) to work on /home/airflow/.local/lib/python3.7/site-packages/airflow/example_dags/example_short_circuit_operator.py
[2023-07-10T01:45:25.171+0000] {processor.py:826} INFO - Processing file /home/airflow/.local/lib/python3.7/site-packages/airflow/example_dags/example_short_circuit_operator.py for tasks to queue
[2023-07-10T01:45:25.171+0000] {logging_mixin.py:149} INFO - [2023-07-10T01:45:25.171+0000] {dagbag.py:541} INFO - Filling up the DagBag from /home/airflow/.local/lib/python3.7/site-packages/airflow/example_dags/example_short_circuit_operator.py
[2023-07-10T01:45:25.178+0000] {processor.py:836} INFO - DAG(s) dict_keys(['example_short_circuit_operator']) retrieved from /home/airflow/.local/lib/python3.7/site-packages/airflow/example_dags/example_short_circuit_operator.py
[2023-07-10T01:45:25.201+0000] {logging_mixin.py:149} INFO - [2023-07-10T01:45:25.201+0000] {dag.py:2726} INFO - Sync 1 DAGs
[2023-07-10T01:45:25.222+0000] {logging_mixin.py:149} INFO - [2023-07-10T01:45:25.222+0000] {dag.py:3490} INFO - Setting next_dagrun for example_short_circuit_operator to 2023-07-09T01:45:25.222585+00:00, run_after=2023-07-10T01:45:25.222585+00:00
[2023-07-10T01:45:25.240+0000] {processor.py:179} INFO - Processing /home/airflow/.local/lib/python3.7/site-packages/airflow/example_dags/example_short_circuit_operator.py took 0.073 seconds
[2023-07-10T01:45:55.781+0000] {processor.py:157} INFO - Started process (PID=5847) to work on /home/airflow/.local/lib/python3.7/site-packages/airflow/example_dags/example_short_circuit_operator.py
[2023-07-10T01:45:55.782+0000] {processor.py:826} INFO - Processing file /home/airflow/.local/lib/python3.7/site-packages/airflow/example_dags/example_short_circuit_operator.py for tasks to queue
[2023-07-10T01:45:55.783+0000] {logging_mixin.py:149} INFO - [2023-07-10T01:45:55.783+0000] {dagbag.py:541} INFO - Filling up the DagBag from /home/airflow/.local/lib/python3.7/site-packages/airflow/example_dags/example_short_circuit_operator.py
[2023-07-10T01:45:55.790+0000] {processor.py:836} INFO - DAG(s) dict_keys(['example_short_circuit_operator']) retrieved from /home/airflow/.local/lib/python3.7/site-packages/airflow/example_dags/example_short_circuit_operator.py
[2023-07-10T01:45:55.813+0000] {logging_mixin.py:149} INFO - [2023-07-10T01:45:55.813+0000] {dag.py:2726} INFO - Sync 1 DAGs
[2023-07-10T01:45:55.834+0000] {logging_mixin.py:149} INFO - [2023-07-10T01:45:55.833+0000] {dag.py:3490} INFO - Setting next_dagrun for example_short_circuit_operator to 2023-07-09T01:45:55.833762+00:00, run_after=2023-07-10T01:45:55.833762+00:00
[2023-07-10T01:45:55.870+0000] {processor.py:179} INFO - Processing /home/airflow/.local/lib/python3.7/site-packages/airflow/example_dags/example_short_circuit_operator.py took 0.091 seconds
[2023-07-10T01:46:26.575+0000] {processor.py:157} INFO - Started process (PID=6096) to work on /home/airflow/.local/lib/python3.7/site-packages/airflow/example_dags/example_short_circuit_operator.py
[2023-07-10T01:46:26.576+0000] {processor.py:826} INFO - Processing file /home/airflow/.local/lib/python3.7/site-packages/airflow/example_dags/example_short_circuit_operator.py for tasks to queue
[2023-07-10T01:46:26.577+0000] {logging_mixin.py:149} INFO - [2023-07-10T01:46:26.577+0000] {dagbag.py:541} INFO - Filling up the DagBag from /home/airflow/.local/lib/python3.7/site-packages/airflow/example_dags/example_short_circuit_operator.py
[2023-07-10T01:46:26.584+0000] {processor.py:836} INFO - DAG(s) dict_keys(['example_short_circuit_operator']) retrieved from /home/airflow/.local/lib/python3.7/site-packages/airflow/example_dags/example_short_circuit_operator.py
[2023-07-10T01:46:26.607+0000] {logging_mixin.py:149} INFO - [2023-07-10T01:46:26.606+0000] {dag.py:2726} INFO - Sync 1 DAGs
[2023-07-10T01:46:26.629+0000] {logging_mixin.py:149} INFO - [2023-07-10T01:46:26.629+0000] {dag.py:3490} INFO - Setting next_dagrun for example_short_circuit_operator to 2023-07-09T01:46:26.629050+00:00, run_after=2023-07-10T01:46:26.629050+00:00
[2023-07-10T01:46:26.647+0000] {processor.py:179} INFO - Processing /home/airflow/.local/lib/python3.7/site-packages/airflow/example_dags/example_short_circuit_operator.py took 0.075 seconds
[2023-07-10T01:46:57.180+0000] {processor.py:157} INFO - Started process (PID=6345) to work on /home/airflow/.local/lib/python3.7/site-packages/airflow/example_dags/example_short_circuit_operator.py
[2023-07-10T01:46:57.181+0000] {processor.py:826} INFO - Processing file /home/airflow/.local/lib/python3.7/site-packages/airflow/example_dags/example_short_circuit_operator.py for tasks to queue
[2023-07-10T01:46:57.182+0000] {logging_mixin.py:149} INFO - [2023-07-10T01:46:57.181+0000] {dagbag.py:541} INFO - Filling up the DagBag from /home/airflow/.local/lib/python3.7/site-packages/airflow/example_dags/example_short_circuit_operator.py
[2023-07-10T01:46:57.188+0000] {processor.py:836} INFO - DAG(s) dict_keys(['example_short_circuit_operator']) retrieved from /home/airflow/.local/lib/python3.7/site-packages/airflow/example_dags/example_short_circuit_operator.py
[2023-07-10T01:46:57.211+0000] {logging_mixin.py:149} INFO - [2023-07-10T01:46:57.211+0000] {dag.py:2726} INFO - Sync 1 DAGs
[2023-07-10T01:46:57.232+0000] {logging_mixin.py:149} INFO - [2023-07-10T01:46:57.232+0000] {dag.py:3490} INFO - Setting next_dagrun for example_short_circuit_operator to 2023-07-09T01:46:57.232402+00:00, run_after=2023-07-10T01:46:57.232402+00:00
[2023-07-10T01:46:57.251+0000] {processor.py:179} INFO - Processing /home/airflow/.local/lib/python3.7/site-packages/airflow/example_dags/example_short_circuit_operator.py took 0.074 seconds
[2023-07-10T01:47:27.708+0000] {processor.py:157} INFO - Started process (PID=6594) to work on /home/airflow/.local/lib/python3.7/site-packages/airflow/example_dags/example_short_circuit_operator.py
[2023-07-10T01:47:27.709+0000] {processor.py:826} INFO - Processing file /home/airflow/.local/lib/python3.7/site-packages/airflow/example_dags/example_short_circuit_operator.py for tasks to queue
[2023-07-10T01:47:27.710+0000] {logging_mixin.py:149} INFO - [2023-07-10T01:47:27.710+0000] {dagbag.py:541} INFO - Filling up the DagBag from /home/airflow/.local/lib/python3.7/site-packages/airflow/example_dags/example_short_circuit_operator.py
[2023-07-10T01:47:27.717+0000] {processor.py:836} INFO - DAG(s) dict_keys(['example_short_circuit_operator']) retrieved from /home/airflow/.local/lib/python3.7/site-packages/airflow/example_dags/example_short_circuit_operator.py
[2023-07-10T01:47:27.739+0000] {logging_mixin.py:149} INFO - [2023-07-10T01:47:27.739+0000] {dag.py:2726} INFO - Sync 1 DAGs
[2023-07-10T01:47:27.761+0000] {logging_mixin.py:149} INFO - [2023-07-10T01:47:27.761+0000] {dag.py:3490} INFO - Setting next_dagrun for example_short_circuit_operator to 2023-07-09T01:47:27.761339+00:00, run_after=2023-07-10T01:47:27.761339+00:00
[2023-07-10T01:47:27.780+0000] {processor.py:179} INFO - Processing /home/airflow/.local/lib/python3.7/site-packages/airflow/example_dags/example_short_circuit_operator.py took 0.074 seconds
[2023-07-10T01:47:58.185+0000] {processor.py:157} INFO - Started process (PID=6843) to work on /home/airflow/.local/lib/python3.7/site-packages/airflow/example_dags/example_short_circuit_operator.py
[2023-07-10T01:47:58.186+0000] {processor.py:826} INFO - Processing file /home/airflow/.local/lib/python3.7/site-packages/airflow/example_dags/example_short_circuit_operator.py for tasks to queue
[2023-07-10T01:47:58.187+0000] {logging_mixin.py:149} INFO - [2023-07-10T01:47:58.186+0000] {dagbag.py:541} INFO - Filling up the DagBag from /home/airflow/.local/lib/python3.7/site-packages/airflow/example_dags/example_short_circuit_operator.py
[2023-07-10T01:47:58.193+0000] {processor.py:836} INFO - DAG(s) dict_keys(['example_short_circuit_operator']) retrieved from /home/airflow/.local/lib/python3.7/site-packages/airflow/example_dags/example_short_circuit_operator.py
[2023-07-10T01:47:58.215+0000] {logging_mixin.py:149} INFO - [2023-07-10T01:47:58.215+0000] {dag.py:2726} INFO - Sync 1 DAGs
[2023-07-10T01:47:58.237+0000] {logging_mixin.py:149} INFO - [2023-07-10T01:47:58.237+0000] {dag.py:3490} INFO - Setting next_dagrun for example_short_circuit_operator to 2023-07-09T01:47:58.236802+00:00, run_after=2023-07-10T01:47:58.236802+00:00
[2023-07-10T01:47:58.254+0000] {processor.py:179} INFO - Processing /home/airflow/.local/lib/python3.7/site-packages/airflow/example_dags/example_short_circuit_operator.py took 0.072 seconds
[2023-07-10T01:48:28.716+0000] {processor.py:157} INFO - Started process (PID=7092) to work on /home/airflow/.local/lib/python3.7/site-packages/airflow/example_dags/example_short_circuit_operator.py
[2023-07-10T01:48:28.717+0000] {processor.py:826} INFO - Processing file /home/airflow/.local/lib/python3.7/site-packages/airflow/example_dags/example_short_circuit_operator.py for tasks to queue
[2023-07-10T01:48:28.718+0000] {logging_mixin.py:149} INFO - [2023-07-10T01:48:28.718+0000] {dagbag.py:541} INFO - Filling up the DagBag from /home/airflow/.local/lib/python3.7/site-packages/airflow/example_dags/example_short_circuit_operator.py
[2023-07-10T01:48:28.724+0000] {processor.py:836} INFO - DAG(s) dict_keys(['example_short_circuit_operator']) retrieved from /home/airflow/.local/lib/python3.7/site-packages/airflow/example_dags/example_short_circuit_operator.py
[2023-07-10T01:48:28.746+0000] {logging_mixin.py:149} INFO - [2023-07-10T01:48:28.746+0000] {dag.py:2726} INFO - Sync 1 DAGs
[2023-07-10T01:48:28.768+0000] {logging_mixin.py:149} INFO - [2023-07-10T01:48:28.768+0000] {dag.py:3490} INFO - Setting next_dagrun for example_short_circuit_operator to 2023-07-09T01:48:28.768063+00:00, run_after=2023-07-10T01:48:28.768063+00:00
[2023-07-10T01:48:28.784+0000] {processor.py:179} INFO - Processing /home/airflow/.local/lib/python3.7/site-packages/airflow/example_dags/example_short_circuit_operator.py took 0.070 seconds
[2023-07-10T01:48:59.383+0000] {processor.py:157} INFO - Started process (PID=7341) to work on /home/airflow/.local/lib/python3.7/site-packages/airflow/example_dags/example_short_circuit_operator.py
[2023-07-10T01:48:59.384+0000] {processor.py:826} INFO - Processing file /home/airflow/.local/lib/python3.7/site-packages/airflow/example_dags/example_short_circuit_operator.py for tasks to queue
[2023-07-10T01:48:59.385+0000] {logging_mixin.py:149} INFO - [2023-07-10T01:48:59.385+0000] {dagbag.py:541} INFO - Filling up the DagBag from /home/airflow/.local/lib/python3.7/site-packages/airflow/example_dags/example_short_circuit_operator.py
[2023-07-10T01:48:59.392+0000] {processor.py:836} INFO - DAG(s) dict_keys(['example_short_circuit_operator']) retrieved from /home/airflow/.local/lib/python3.7/site-packages/airflow/example_dags/example_short_circuit_operator.py
[2023-07-10T01:48:59.414+0000] {logging_mixin.py:149} INFO - [2023-07-10T01:48:59.414+0000] {dag.py:2726} INFO - Sync 1 DAGs
[2023-07-10T01:48:59.435+0000] {logging_mixin.py:149} INFO - [2023-07-10T01:48:59.435+0000] {dag.py:3490} INFO - Setting next_dagrun for example_short_circuit_operator to 2023-07-09T01:48:59.435293+00:00, run_after=2023-07-10T01:48:59.435293+00:00
[2023-07-10T01:48:59.454+0000] {processor.py:179} INFO - Processing /home/airflow/.local/lib/python3.7/site-packages/airflow/example_dags/example_short_circuit_operator.py took 0.074 seconds
[2023-07-10T01:49:29.805+0000] {processor.py:157} INFO - Started process (PID=7590) to work on /home/airflow/.local/lib/python3.7/site-packages/airflow/example_dags/example_short_circuit_operator.py
[2023-07-10T01:49:29.806+0000] {processor.py:826} INFO - Processing file /home/airflow/.local/lib/python3.7/site-packages/airflow/example_dags/example_short_circuit_operator.py for tasks to queue
[2023-07-10T01:49:29.807+0000] {logging_mixin.py:149} INFO - [2023-07-10T01:49:29.807+0000] {dagbag.py:541} INFO - Filling up the DagBag from /home/airflow/.local/lib/python3.7/site-packages/airflow/example_dags/example_short_circuit_operator.py
[2023-07-10T01:49:29.814+0000] {processor.py:836} INFO - DAG(s) dict_keys(['example_short_circuit_operator']) retrieved from /home/airflow/.local/lib/python3.7/site-packages/airflow/example_dags/example_short_circuit_operator.py
[2023-07-10T01:49:29.837+0000] {logging_mixin.py:149} INFO - [2023-07-10T01:49:29.837+0000] {dag.py:2726} INFO - Sync 1 DAGs
[2023-07-10T01:49:29.861+0000] {logging_mixin.py:149} INFO - [2023-07-10T01:49:29.861+0000] {dag.py:3490} INFO - Setting next_dagrun for example_short_circuit_operator to 2023-07-09T01:49:29.860984+00:00, run_after=2023-07-10T01:49:29.860984+00:00
[2023-07-10T01:49:29.877+0000] {processor.py:179} INFO - Processing /home/airflow/.local/lib/python3.7/site-packages/airflow/example_dags/example_short_circuit_operator.py took 0.075 seconds
[2023-07-10T01:50:00.438+0000] {processor.py:157} INFO - Started process (PID=7844) to work on /home/airflow/.local/lib/python3.7/site-packages/airflow/example_dags/example_short_circuit_operator.py
[2023-07-10T01:50:00.439+0000] {processor.py:826} INFO - Processing file /home/airflow/.local/lib/python3.7/site-packages/airflow/example_dags/example_short_circuit_operator.py for tasks to queue
[2023-07-10T01:50:00.440+0000] {logging_mixin.py:149} INFO - [2023-07-10T01:50:00.440+0000] {dagbag.py:541} INFO - Filling up the DagBag from /home/airflow/.local/lib/python3.7/site-packages/airflow/example_dags/example_short_circuit_operator.py
[2023-07-10T01:50:00.447+0000] {processor.py:836} INFO - DAG(s) dict_keys(['example_short_circuit_operator']) retrieved from /home/airflow/.local/lib/python3.7/site-packages/airflow/example_dags/example_short_circuit_operator.py
[2023-07-10T01:50:00.469+0000] {logging_mixin.py:149} INFO - [2023-07-10T01:50:00.469+0000] {dag.py:2726} INFO - Sync 1 DAGs
[2023-07-10T01:50:00.491+0000] {logging_mixin.py:149} INFO - [2023-07-10T01:50:00.491+0000] {dag.py:3490} INFO - Setting next_dagrun for example_short_circuit_operator to 2023-07-09T01:50:00.490962+00:00, run_after=2023-07-10T01:50:00.490962+00:00
[2023-07-10T01:50:00.512+0000] {processor.py:179} INFO - Processing /home/airflow/.local/lib/python3.7/site-packages/airflow/example_dags/example_short_circuit_operator.py took 0.077 seconds
[2023-07-10T01:50:31.112+0000] {processor.py:157} INFO - Started process (PID=8098) to work on /home/airflow/.local/lib/python3.7/site-packages/airflow/example_dags/example_short_circuit_operator.py
[2023-07-10T01:50:31.113+0000] {processor.py:826} INFO - Processing file /home/airflow/.local/lib/python3.7/site-packages/airflow/example_dags/example_short_circuit_operator.py for tasks to queue
[2023-07-10T01:50:31.114+0000] {logging_mixin.py:149} INFO - [2023-07-10T01:50:31.114+0000] {dagbag.py:541} INFO - Filling up the DagBag from /home/airflow/.local/lib/python3.7/site-packages/airflow/example_dags/example_short_circuit_operator.py
[2023-07-10T01:50:31.121+0000] {processor.py:836} INFO - DAG(s) dict_keys(['example_short_circuit_operator']) retrieved from /home/airflow/.local/lib/python3.7/site-packages/airflow/example_dags/example_short_circuit_operator.py
[2023-07-10T01:50:31.144+0000] {logging_mixin.py:149} INFO - [2023-07-10T01:50:31.144+0000] {dag.py:2726} INFO - Sync 1 DAGs
[2023-07-10T01:50:31.166+0000] {logging_mixin.py:149} INFO - [2023-07-10T01:50:31.166+0000] {dag.py:3490} INFO - Setting next_dagrun for example_short_circuit_operator to 2023-07-09T01:50:31.166287+00:00, run_after=2023-07-10T01:50:31.166287+00:00
[2023-07-10T01:50:31.185+0000] {processor.py:179} INFO - Processing /home/airflow/.local/lib/python3.7/site-packages/airflow/example_dags/example_short_circuit_operator.py took 0.075 seconds
[2023-07-10T01:51:01.688+0000] {processor.py:157} INFO - Started process (PID=8352) to work on /home/airflow/.local/lib/python3.7/site-packages/airflow/example_dags/example_short_circuit_operator.py
[2023-07-10T01:51:01.689+0000] {processor.py:826} INFO - Processing file /home/airflow/.local/lib/python3.7/site-packages/airflow/example_dags/example_short_circuit_operator.py for tasks to queue
[2023-07-10T01:51:01.690+0000] {logging_mixin.py:149} INFO - [2023-07-10T01:51:01.690+0000] {dagbag.py:541} INFO - Filling up the DagBag from /home/airflow/.local/lib/python3.7/site-packages/airflow/example_dags/example_short_circuit_operator.py
[2023-07-10T01:51:01.697+0000] {processor.py:836} INFO - DAG(s) dict_keys(['example_short_circuit_operator']) retrieved from /home/airflow/.local/lib/python3.7/site-packages/airflow/example_dags/example_short_circuit_operator.py
[2023-07-10T01:51:01.719+0000] {logging_mixin.py:149} INFO - [2023-07-10T01:51:01.719+0000] {dag.py:2726} INFO - Sync 1 DAGs
[2023-07-10T01:51:01.741+0000] {logging_mixin.py:149} INFO - [2023-07-10T01:51:01.741+0000] {dag.py:3490} INFO - Setting next_dagrun for example_short_circuit_operator to 2023-07-09T01:51:01.741049+00:00, run_after=2023-07-10T01:51:01.741049+00:00
[2023-07-10T01:51:01.759+0000] {processor.py:179} INFO - Processing /home/airflow/.local/lib/python3.7/site-packages/airflow/example_dags/example_short_circuit_operator.py took 0.073 seconds
[2023-07-10T01:51:32.361+0000] {processor.py:157} INFO - Started process (PID=8606) to work on /home/airflow/.local/lib/python3.7/site-packages/airflow/example_dags/example_short_circuit_operator.py
[2023-07-10T01:51:32.362+0000] {processor.py:826} INFO - Processing file /home/airflow/.local/lib/python3.7/site-packages/airflow/example_dags/example_short_circuit_operator.py for tasks to queue
[2023-07-10T01:51:32.363+0000] {logging_mixin.py:149} INFO - [2023-07-10T01:51:32.363+0000] {dagbag.py:541} INFO - Filling up the DagBag from /home/airflow/.local/lib/python3.7/site-packages/airflow/example_dags/example_short_circuit_operator.py
[2023-07-10T01:51:32.370+0000] {processor.py:836} INFO - DAG(s) dict_keys(['example_short_circuit_operator']) retrieved from /home/airflow/.local/lib/python3.7/site-packages/airflow/example_dags/example_short_circuit_operator.py
[2023-07-10T01:51:32.393+0000] {logging_mixin.py:149} INFO - [2023-07-10T01:51:32.393+0000] {dag.py:2726} INFO - Sync 1 DAGs
[2023-07-10T01:51:32.414+0000] {logging_mixin.py:149} INFO - [2023-07-10T01:51:32.414+0000] {dag.py:3490} INFO - Setting next_dagrun for example_short_circuit_operator to 2023-07-09T01:51:32.413999+00:00, run_after=2023-07-10T01:51:32.413999+00:00
[2023-07-10T01:51:32.433+0000] {processor.py:179} INFO - Processing /home/airflow/.local/lib/python3.7/site-packages/airflow/example_dags/example_short_circuit_operator.py took 0.075 seconds
[2023-07-10T01:52:03.063+0000] {processor.py:157} INFO - Started process (PID=8860) to work on /home/airflow/.local/lib/python3.7/site-packages/airflow/example_dags/example_short_circuit_operator.py
[2023-07-10T01:52:03.064+0000] {processor.py:826} INFO - Processing file /home/airflow/.local/lib/python3.7/site-packages/airflow/example_dags/example_short_circuit_operator.py for tasks to queue
[2023-07-10T01:52:03.066+0000] {logging_mixin.py:149} INFO - [2023-07-10T01:52:03.065+0000] {dagbag.py:541} INFO - Filling up the DagBag from /home/airflow/.local/lib/python3.7/site-packages/airflow/example_dags/example_short_circuit_operator.py
[2023-07-10T01:52:03.072+0000] {processor.py:836} INFO - DAG(s) dict_keys(['example_short_circuit_operator']) retrieved from /home/airflow/.local/lib/python3.7/site-packages/airflow/example_dags/example_short_circuit_operator.py
[2023-07-10T01:52:03.097+0000] {logging_mixin.py:149} INFO - [2023-07-10T01:52:03.096+0000] {dag.py:2726} INFO - Sync 1 DAGs
[2023-07-10T01:52:03.119+0000] {logging_mixin.py:149} INFO - [2023-07-10T01:52:03.119+0000] {dag.py:3490} INFO - Setting next_dagrun for example_short_circuit_operator to 2023-07-09T01:52:03.119682+00:00, run_after=2023-07-10T01:52:03.119682+00:00
[2023-07-10T01:52:03.141+0000] {processor.py:179} INFO - Processing /home/airflow/.local/lib/python3.7/site-packages/airflow/example_dags/example_short_circuit_operator.py took 0.080 seconds
[2023-07-10T01:52:33.838+0000] {processor.py:157} INFO - Started process (PID=9114) to work on /home/airflow/.local/lib/python3.7/site-packages/airflow/example_dags/example_short_circuit_operator.py
[2023-07-10T01:52:33.839+0000] {processor.py:826} INFO - Processing file /home/airflow/.local/lib/python3.7/site-packages/airflow/example_dags/example_short_circuit_operator.py for tasks to queue
[2023-07-10T01:52:33.840+0000] {logging_mixin.py:149} INFO - [2023-07-10T01:52:33.840+0000] {dagbag.py:541} INFO - Filling up the DagBag from /home/airflow/.local/lib/python3.7/site-packages/airflow/example_dags/example_short_circuit_operator.py
[2023-07-10T01:52:33.847+0000] {processor.py:836} INFO - DAG(s) dict_keys(['example_short_circuit_operator']) retrieved from /home/airflow/.local/lib/python3.7/site-packages/airflow/example_dags/example_short_circuit_operator.py
[2023-07-10T01:52:33.870+0000] {logging_mixin.py:149} INFO - [2023-07-10T01:52:33.870+0000] {dag.py:2726} INFO - Sync 1 DAGs
[2023-07-10T01:52:33.892+0000] {logging_mixin.py:149} INFO - [2023-07-10T01:52:33.892+0000] {dag.py:3490} INFO - Setting next_dagrun for example_short_circuit_operator to 2023-07-09T01:52:33.891974+00:00, run_after=2023-07-10T01:52:33.891974+00:00
[2023-07-10T01:52:33.910+0000] {processor.py:179} INFO - Processing /home/airflow/.local/lib/python3.7/site-packages/airflow/example_dags/example_short_circuit_operator.py took 0.075 seconds
[2023-07-10T01:53:04.190+0000] {processor.py:157} INFO - Started process (PID=9368) to work on /home/airflow/.local/lib/python3.7/site-packages/airflow/example_dags/example_short_circuit_operator.py
[2023-07-10T01:53:04.191+0000] {processor.py:826} INFO - Processing file /home/airflow/.local/lib/python3.7/site-packages/airflow/example_dags/example_short_circuit_operator.py for tasks to queue
[2023-07-10T01:53:04.192+0000] {logging_mixin.py:149} INFO - [2023-07-10T01:53:04.192+0000] {dagbag.py:541} INFO - Filling up the DagBag from /home/airflow/.local/lib/python3.7/site-packages/airflow/example_dags/example_short_circuit_operator.py
[2023-07-10T01:53:04.199+0000] {processor.py:836} INFO - DAG(s) dict_keys(['example_short_circuit_operator']) retrieved from /home/airflow/.local/lib/python3.7/site-packages/airflow/example_dags/example_short_circuit_operator.py
[2023-07-10T01:53:04.221+0000] {logging_mixin.py:149} INFO - [2023-07-10T01:53:04.221+0000] {dag.py:2726} INFO - Sync 1 DAGs
[2023-07-10T01:53:04.246+0000] {logging_mixin.py:149} INFO - [2023-07-10T01:53:04.246+0000] {dag.py:3490} INFO - Setting next_dagrun for example_short_circuit_operator to 2023-07-09T01:53:04.246545+00:00, run_after=2023-07-10T01:53:04.246545+00:00
[2023-07-10T01:53:04.265+0000] {processor.py:179} INFO - Processing /home/airflow/.local/lib/python3.7/site-packages/airflow/example_dags/example_short_circuit_operator.py took 0.077 seconds
[2023-07-10T01:53:34.400+0000] {processor.py:157} INFO - Started process (PID=9622) to work on /home/airflow/.local/lib/python3.7/site-packages/airflow/example_dags/example_short_circuit_operator.py
[2023-07-10T01:53:34.401+0000] {processor.py:826} INFO - Processing file /home/airflow/.local/lib/python3.7/site-packages/airflow/example_dags/example_short_circuit_operator.py for tasks to queue
[2023-07-10T01:53:34.402+0000] {logging_mixin.py:149} INFO - [2023-07-10T01:53:34.402+0000] {dagbag.py:541} INFO - Filling up the DagBag from /home/airflow/.local/lib/python3.7/site-packages/airflow/example_dags/example_short_circuit_operator.py
[2023-07-10T01:53:34.409+0000] {processor.py:836} INFO - DAG(s) dict_keys(['example_short_circuit_operator']) retrieved from /home/airflow/.local/lib/python3.7/site-packages/airflow/example_dags/example_short_circuit_operator.py
[2023-07-10T01:53:34.433+0000] {logging_mixin.py:149} INFO - [2023-07-10T01:53:34.433+0000] {dag.py:2726} INFO - Sync 1 DAGs
[2023-07-10T01:53:34.455+0000] {logging_mixin.py:149} INFO - [2023-07-10T01:53:34.455+0000] {dag.py:3490} INFO - Setting next_dagrun for example_short_circuit_operator to 2023-07-09T01:53:34.455497+00:00, run_after=2023-07-10T01:53:34.455497+00:00
[2023-07-10T01:53:34.475+0000] {processor.py:179} INFO - Processing /home/airflow/.local/lib/python3.7/site-packages/airflow/example_dags/example_short_circuit_operator.py took 0.079 seconds
[2023-07-10T01:54:04.501+0000] {processor.py:157} INFO - Started process (PID=9872) to work on /home/airflow/.local/lib/python3.7/site-packages/airflow/example_dags/example_short_circuit_operator.py
[2023-07-10T01:54:04.502+0000] {processor.py:826} INFO - Processing file /home/airflow/.local/lib/python3.7/site-packages/airflow/example_dags/example_short_circuit_operator.py for tasks to queue
[2023-07-10T01:54:04.503+0000] {logging_mixin.py:149} INFO - [2023-07-10T01:54:04.503+0000] {dagbag.py:541} INFO - Filling up the DagBag from /home/airflow/.local/lib/python3.7/site-packages/airflow/example_dags/example_short_circuit_operator.py
[2023-07-10T01:54:04.511+0000] {processor.py:836} INFO - DAG(s) dict_keys(['example_short_circuit_operator']) retrieved from /home/airflow/.local/lib/python3.7/site-packages/airflow/example_dags/example_short_circuit_operator.py
[2023-07-10T01:54:04.534+0000] {logging_mixin.py:149} INFO - [2023-07-10T01:54:04.534+0000] {dag.py:2726} INFO - Sync 1 DAGs
[2023-07-10T01:54:04.556+0000] {logging_mixin.py:149} INFO - [2023-07-10T01:54:04.556+0000] {dag.py:3490} INFO - Setting next_dagrun for example_short_circuit_operator to 2023-07-09T01:54:04.556456+00:00, run_after=2023-07-10T01:54:04.556456+00:00
[2023-07-10T01:54:04.572+0000] {processor.py:179} INFO - Processing /home/airflow/.local/lib/python3.7/site-packages/airflow/example_dags/example_short_circuit_operator.py took 0.074 seconds
[2023-07-10T01:54:35.079+0000] {processor.py:157} INFO - Started process (PID=10131) to work on /home/airflow/.local/lib/python3.7/site-packages/airflow/example_dags/example_short_circuit_operator.py
[2023-07-10T01:54:35.080+0000] {processor.py:826} INFO - Processing file /home/airflow/.local/lib/python3.7/site-packages/airflow/example_dags/example_short_circuit_operator.py for tasks to queue
[2023-07-10T01:54:35.081+0000] {logging_mixin.py:149} INFO - [2023-07-10T01:54:35.081+0000] {dagbag.py:541} INFO - Filling up the DagBag from /home/airflow/.local/lib/python3.7/site-packages/airflow/example_dags/example_short_circuit_operator.py
[2023-07-10T01:54:35.088+0000] {processor.py:836} INFO - DAG(s) dict_keys(['example_short_circuit_operator']) retrieved from /home/airflow/.local/lib/python3.7/site-packages/airflow/example_dags/example_short_circuit_operator.py
[2023-07-10T01:54:35.111+0000] {logging_mixin.py:149} INFO - [2023-07-10T01:54:35.110+0000] {dag.py:2726} INFO - Sync 1 DAGs
[2023-07-10T01:54:35.133+0000] {logging_mixin.py:149} INFO - [2023-07-10T01:54:35.132+0000] {dag.py:3490} INFO - Setting next_dagrun for example_short_circuit_operator to 2023-07-09T01:54:35.132692+00:00, run_after=2023-07-10T01:54:35.132692+00:00
[2023-07-10T01:54:35.150+0000] {processor.py:179} INFO - Processing /home/airflow/.local/lib/python3.7/site-packages/airflow/example_dags/example_short_circuit_operator.py took 0.073 seconds
[2023-07-10T01:55:06.057+0000] {processor.py:157} INFO - Started process (PID=10385) to work on /home/airflow/.local/lib/python3.7/site-packages/airflow/example_dags/example_short_circuit_operator.py
[2023-07-10T01:55:06.058+0000] {processor.py:826} INFO - Processing file /home/airflow/.local/lib/python3.7/site-packages/airflow/example_dags/example_short_circuit_operator.py for tasks to queue
[2023-07-10T01:55:06.059+0000] {logging_mixin.py:149} INFO - [2023-07-10T01:55:06.058+0000] {dagbag.py:541} INFO - Filling up the DagBag from /home/airflow/.local/lib/python3.7/site-packages/airflow/example_dags/example_short_circuit_operator.py
[2023-07-10T01:55:06.065+0000] {processor.py:836} INFO - DAG(s) dict_keys(['example_short_circuit_operator']) retrieved from /home/airflow/.local/lib/python3.7/site-packages/airflow/example_dags/example_short_circuit_operator.py
[2023-07-10T01:55:06.088+0000] {logging_mixin.py:149} INFO - [2023-07-10T01:55:06.087+0000] {dag.py:2726} INFO - Sync 1 DAGs
[2023-07-10T01:55:06.109+0000] {logging_mixin.py:149} INFO - [2023-07-10T01:55:06.109+0000] {dag.py:3490} INFO - Setting next_dagrun for example_short_circuit_operator to 2023-07-09T01:55:06.109572+00:00, run_after=2023-07-10T01:55:06.109572+00:00
[2023-07-10T01:55:06.127+0000] {processor.py:179} INFO - Processing /home/airflow/.local/lib/python3.7/site-packages/airflow/example_dags/example_short_circuit_operator.py took 0.073 seconds
[2023-07-10T01:55:37.036+0000] {processor.py:157} INFO - Started process (PID=10646) to work on /home/airflow/.local/lib/python3.7/site-packages/airflow/example_dags/example_short_circuit_operator.py
[2023-07-10T01:55:37.037+0000] {processor.py:826} INFO - Processing file /home/airflow/.local/lib/python3.7/site-packages/airflow/example_dags/example_short_circuit_operator.py for tasks to queue
[2023-07-10T01:55:37.038+0000] {logging_mixin.py:149} INFO - [2023-07-10T01:55:37.038+0000] {dagbag.py:541} INFO - Filling up the DagBag from /home/airflow/.local/lib/python3.7/site-packages/airflow/example_dags/example_short_circuit_operator.py
[2023-07-10T01:55:37.045+0000] {processor.py:836} INFO - DAG(s) dict_keys(['example_short_circuit_operator']) retrieved from /home/airflow/.local/lib/python3.7/site-packages/airflow/example_dags/example_short_circuit_operator.py
[2023-07-10T01:55:37.068+0000] {logging_mixin.py:149} INFO - [2023-07-10T01:55:37.067+0000] {dag.py:2726} INFO - Sync 1 DAGs
[2023-07-10T01:55:37.091+0000] {logging_mixin.py:149} INFO - [2023-07-10T01:55:37.091+0000] {dag.py:3490} INFO - Setting next_dagrun for example_short_circuit_operator to 2023-07-09T01:55:37.090826+00:00, run_after=2023-07-10T01:55:37.090826+00:00
[2023-07-10T01:55:37.108+0000] {processor.py:179} INFO - Processing /home/airflow/.local/lib/python3.7/site-packages/airflow/example_dags/example_short_circuit_operator.py took 0.074 seconds
[2023-07-10T01:56:07.623+0000] {processor.py:157} INFO - Started process (PID=10900) to work on /home/airflow/.local/lib/python3.7/site-packages/airflow/example_dags/example_short_circuit_operator.py
[2023-07-10T01:56:07.624+0000] {processor.py:826} INFO - Processing file /home/airflow/.local/lib/python3.7/site-packages/airflow/example_dags/example_short_circuit_operator.py for tasks to queue
[2023-07-10T01:56:07.625+0000] {logging_mixin.py:149} INFO - [2023-07-10T01:56:07.625+0000] {dagbag.py:541} INFO - Filling up the DagBag from /home/airflow/.local/lib/python3.7/site-packages/airflow/example_dags/example_short_circuit_operator.py
[2023-07-10T01:56:07.632+0000] {processor.py:836} INFO - DAG(s) dict_keys(['example_short_circuit_operator']) retrieved from /home/airflow/.local/lib/python3.7/site-packages/airflow/example_dags/example_short_circuit_operator.py
[2023-07-10T01:56:07.654+0000] {logging_mixin.py:149} INFO - [2023-07-10T01:56:07.654+0000] {dag.py:2726} INFO - Sync 1 DAGs
[2023-07-10T01:56:07.678+0000] {logging_mixin.py:149} INFO - [2023-07-10T01:56:07.678+0000] {dag.py:3490} INFO - Setting next_dagrun for example_short_circuit_operator to 2023-07-09T01:56:07.678365+00:00, run_after=2023-07-10T01:56:07.678365+00:00
[2023-07-10T01:56:07.697+0000] {processor.py:179} INFO - Processing /home/airflow/.local/lib/python3.7/site-packages/airflow/example_dags/example_short_circuit_operator.py took 0.077 seconds
[2023-07-10T01:56:38.354+0000] {processor.py:157} INFO - Started process (PID=11159) to work on /home/airflow/.local/lib/python3.7/site-packages/airflow/example_dags/example_short_circuit_operator.py
[2023-07-10T01:56:38.356+0000] {processor.py:826} INFO - Processing file /home/airflow/.local/lib/python3.7/site-packages/airflow/example_dags/example_short_circuit_operator.py for tasks to queue
[2023-07-10T01:56:38.356+0000] {logging_mixin.py:149} INFO - [2023-07-10T01:56:38.356+0000] {dagbag.py:541} INFO - Filling up the DagBag from /home/airflow/.local/lib/python3.7/site-packages/airflow/example_dags/example_short_circuit_operator.py
[2023-07-10T01:56:38.364+0000] {processor.py:836} INFO - DAG(s) dict_keys(['example_short_circuit_operator']) retrieved from /home/airflow/.local/lib/python3.7/site-packages/airflow/example_dags/example_short_circuit_operator.py
[2023-07-10T01:56:38.388+0000] {logging_mixin.py:149} INFO - [2023-07-10T01:56:38.388+0000] {dag.py:2726} INFO - Sync 1 DAGs
[2023-07-10T01:56:38.412+0000] {logging_mixin.py:149} INFO - [2023-07-10T01:56:38.412+0000] {dag.py:3490} INFO - Setting next_dagrun for example_short_circuit_operator to 2023-07-09T01:56:38.412057+00:00, run_after=2023-07-10T01:56:38.412057+00:00
[2023-07-10T01:56:38.431+0000] {processor.py:179} INFO - Processing /home/airflow/.local/lib/python3.7/site-packages/airflow/example_dags/example_short_circuit_operator.py took 0.080 seconds
[2023-07-10T01:57:09.172+0000] {processor.py:157} INFO - Started process (PID=11413) to work on /home/airflow/.local/lib/python3.7/site-packages/airflow/example_dags/example_short_circuit_operator.py
[2023-07-10T01:57:09.174+0000] {processor.py:826} INFO - Processing file /home/airflow/.local/lib/python3.7/site-packages/airflow/example_dags/example_short_circuit_operator.py for tasks to queue
[2023-07-10T01:57:09.175+0000] {logging_mixin.py:149} INFO - [2023-07-10T01:57:09.174+0000] {dagbag.py:541} INFO - Filling up the DagBag from /home/airflow/.local/lib/python3.7/site-packages/airflow/example_dags/example_short_circuit_operator.py
[2023-07-10T01:57:09.181+0000] {processor.py:836} INFO - DAG(s) dict_keys(['example_short_circuit_operator']) retrieved from /home/airflow/.local/lib/python3.7/site-packages/airflow/example_dags/example_short_circuit_operator.py
[2023-07-10T01:57:09.204+0000] {logging_mixin.py:149} INFO - [2023-07-10T01:57:09.204+0000] {dag.py:2726} INFO - Sync 1 DAGs
[2023-07-10T01:57:09.226+0000] {logging_mixin.py:149} INFO - [2023-07-10T01:57:09.226+0000] {dag.py:3490} INFO - Setting next_dagrun for example_short_circuit_operator to 2023-07-09T01:57:09.226361+00:00, run_after=2023-07-10T01:57:09.226361+00:00
[2023-07-10T01:57:09.244+0000] {processor.py:179} INFO - Processing /home/airflow/.local/lib/python3.7/site-packages/airflow/example_dags/example_short_circuit_operator.py took 0.075 seconds
[2023-07-10T01:57:39.317+0000] {processor.py:157} INFO - Started process (PID=11667) to work on /home/airflow/.local/lib/python3.7/site-packages/airflow/example_dags/example_short_circuit_operator.py
[2023-07-10T01:57:39.318+0000] {processor.py:826} INFO - Processing file /home/airflow/.local/lib/python3.7/site-packages/airflow/example_dags/example_short_circuit_operator.py for tasks to queue
[2023-07-10T01:57:39.319+0000] {logging_mixin.py:149} INFO - [2023-07-10T01:57:39.319+0000] {dagbag.py:541} INFO - Filling up the DagBag from /home/airflow/.local/lib/python3.7/site-packages/airflow/example_dags/example_short_circuit_operator.py
[2023-07-10T01:57:39.326+0000] {processor.py:836} INFO - DAG(s) dict_keys(['example_short_circuit_operator']) retrieved from /home/airflow/.local/lib/python3.7/site-packages/airflow/example_dags/example_short_circuit_operator.py
[2023-07-10T01:57:39.348+0000] {logging_mixin.py:149} INFO - [2023-07-10T01:57:39.348+0000] {dag.py:2726} INFO - Sync 1 DAGs
[2023-07-10T01:57:39.368+0000] {logging_mixin.py:149} INFO - [2023-07-10T01:57:39.368+0000] {dag.py:3490} INFO - Setting next_dagrun for example_short_circuit_operator to 2023-07-09T01:57:39.368294+00:00, run_after=2023-07-10T01:57:39.368294+00:00
[2023-07-10T01:57:39.386+0000] {processor.py:179} INFO - Processing /home/airflow/.local/lib/python3.7/site-packages/airflow/example_dags/example_short_circuit_operator.py took 0.071 seconds
[2023-07-10T01:58:10.392+0000] {processor.py:157} INFO - Started process (PID=11921) to work on /home/airflow/.local/lib/python3.7/site-packages/airflow/example_dags/example_short_circuit_operator.py
[2023-07-10T01:58:10.393+0000] {processor.py:826} INFO - Processing file /home/airflow/.local/lib/python3.7/site-packages/airflow/example_dags/example_short_circuit_operator.py for tasks to queue
[2023-07-10T01:58:10.394+0000] {logging_mixin.py:149} INFO - [2023-07-10T01:58:10.394+0000] {dagbag.py:541} INFO - Filling up the DagBag from /home/airflow/.local/lib/python3.7/site-packages/airflow/example_dags/example_short_circuit_operator.py
[2023-07-10T01:58:10.401+0000] {processor.py:836} INFO - DAG(s) dict_keys(['example_short_circuit_operator']) retrieved from /home/airflow/.local/lib/python3.7/site-packages/airflow/example_dags/example_short_circuit_operator.py
[2023-07-10T01:58:10.423+0000] {logging_mixin.py:149} INFO - [2023-07-10T01:58:10.423+0000] {dag.py:2726} INFO - Sync 1 DAGs
[2023-07-10T01:58:10.446+0000] {logging_mixin.py:149} INFO - [2023-07-10T01:58:10.446+0000] {dag.py:3490} INFO - Setting next_dagrun for example_short_circuit_operator to 2023-07-09T01:58:10.446506+00:00, run_after=2023-07-10T01:58:10.446506+00:00
[2023-07-10T01:58:10.464+0000] {processor.py:179} INFO - Processing /home/airflow/.local/lib/python3.7/site-packages/airflow/example_dags/example_short_circuit_operator.py took 0.075 seconds
[2023-07-10T01:58:41.175+0000] {processor.py:157} INFO - Started process (PID=12175) to work on /home/airflow/.local/lib/python3.7/site-packages/airflow/example_dags/example_short_circuit_operator.py
[2023-07-10T01:58:41.176+0000] {processor.py:826} INFO - Processing file /home/airflow/.local/lib/python3.7/site-packages/airflow/example_dags/example_short_circuit_operator.py for tasks to queue
[2023-07-10T01:58:41.177+0000] {logging_mixin.py:149} INFO - [2023-07-10T01:58:41.176+0000] {dagbag.py:541} INFO - Filling up the DagBag from /home/airflow/.local/lib/python3.7/site-packages/airflow/example_dags/example_short_circuit_operator.py
[2023-07-10T01:58:41.184+0000] {processor.py:836} INFO - DAG(s) dict_keys(['example_short_circuit_operator']) retrieved from /home/airflow/.local/lib/python3.7/site-packages/airflow/example_dags/example_short_circuit_operator.py
[2023-07-10T01:58:41.206+0000] {logging_mixin.py:149} INFO - [2023-07-10T01:58:41.206+0000] {dag.py:2726} INFO - Sync 1 DAGs
[2023-07-10T01:58:41.228+0000] {logging_mixin.py:149} INFO - [2023-07-10T01:58:41.228+0000] {dag.py:3490} INFO - Setting next_dagrun for example_short_circuit_operator to 2023-07-09T01:58:41.228217+00:00, run_after=2023-07-10T01:58:41.228217+00:00
[2023-07-10T01:58:41.246+0000] {processor.py:179} INFO - Processing /home/airflow/.local/lib/python3.7/site-packages/airflow/example_dags/example_short_circuit_operator.py took 0.074 seconds
