[2023-07-10T01:34:36.955+0000] {processor.py:157} INFO - Started process (PID=199) to work on /home/airflow/.local/lib/python3.7/site-packages/airflow/example_dags/example_branch_operator.py
[2023-07-10T01:34:36.956+0000] {processor.py:826} INFO - Processing file /home/airflow/.local/lib/python3.7/site-packages/airflow/example_dags/example_branch_operator.py for tasks to queue
[2023-07-10T01:34:36.957+0000] {logging_mixin.py:149} INFO - [2023-07-10T01:34:36.957+0000] {dagbag.py:541} INFO - Filling up the DagBag from /home/airflow/.local/lib/python3.7/site-packages/airflow/example_dags/example_branch_operator.py
[2023-07-10T01:34:36.966+0000] {processor.py:836} INFO - DAG(s) dict_keys(['example_branch_operator']) retrieved from /home/airflow/.local/lib/python3.7/site-packages/airflow/example_dags/example_branch_operator.py
[2023-07-10T01:34:36.988+0000] {logging_mixin.py:149} INFO - [2023-07-10T01:34:36.988+0000] {dag.py:2726} INFO - Sync 1 DAGs
[2023-07-10T01:34:37.010+0000] {logging_mixin.py:149} INFO - [2023-07-10T01:34:37.010+0000] {dag.py:3490} INFO - Setting next_dagrun for example_branch_operator to 2023-07-09T00:00:00+00:00, run_after=2023-07-10T00:00:00+00:00
[2023-07-10T01:34:37.025+0000] {processor.py:179} INFO - Processing /home/airflow/.local/lib/python3.7/site-packages/airflow/example_dags/example_branch_operator.py took 0.072 seconds
[2023-07-10T01:35:07.121+0000] {processor.py:157} INFO - Started process (PID=449) to work on /home/airflow/.local/lib/python3.7/site-packages/airflow/example_dags/example_branch_operator.py
[2023-07-10T01:35:07.122+0000] {processor.py:826} INFO - Processing file /home/airflow/.local/lib/python3.7/site-packages/airflow/example_dags/example_branch_operator.py for tasks to queue
[2023-07-10T01:35:07.123+0000] {logging_mixin.py:149} INFO - [2023-07-10T01:35:07.123+0000] {dagbag.py:541} INFO - Filling up the DagBag from /home/airflow/.local/lib/python3.7/site-packages/airflow/example_dags/example_branch_operator.py
[2023-07-10T01:35:07.130+0000] {processor.py:836} INFO - DAG(s) dict_keys(['example_branch_operator']) retrieved from /home/airflow/.local/lib/python3.7/site-packages/airflow/example_dags/example_branch_operator.py
[2023-07-10T01:35:07.153+0000] {logging_mixin.py:149} INFO - [2023-07-10T01:35:07.152+0000] {dag.py:2726} INFO - Sync 1 DAGs
[2023-07-10T01:35:07.175+0000] {logging_mixin.py:149} INFO - [2023-07-10T01:35:07.175+0000] {dag.py:3490} INFO - Setting next_dagrun for example_branch_operator to 2023-07-09T00:00:00+00:00, run_after=2023-07-10T00:00:00+00:00
[2023-07-10T01:35:07.192+0000] {processor.py:179} INFO - Processing /home/airflow/.local/lib/python3.7/site-packages/airflow/example_dags/example_branch_operator.py took 0.073 seconds
[2023-07-10T01:35:37.313+0000] {processor.py:157} INFO - Started process (PID=703) to work on /home/airflow/.local/lib/python3.7/site-packages/airflow/example_dags/example_branch_operator.py
[2023-07-10T01:35:37.314+0000] {processor.py:826} INFO - Processing file /home/airflow/.local/lib/python3.7/site-packages/airflow/example_dags/example_branch_operator.py for tasks to queue
[2023-07-10T01:35:37.315+0000] {logging_mixin.py:149} INFO - [2023-07-10T01:35:37.315+0000] {dagbag.py:541} INFO - Filling up the DagBag from /home/airflow/.local/lib/python3.7/site-packages/airflow/example_dags/example_branch_operator.py
[2023-07-10T01:35:37.323+0000] {processor.py:836} INFO - DAG(s) dict_keys(['example_branch_operator']) retrieved from /home/airflow/.local/lib/python3.7/site-packages/airflow/example_dags/example_branch_operator.py
[2023-07-10T01:35:37.346+0000] {logging_mixin.py:149} INFO - [2023-07-10T01:35:37.345+0000] {dag.py:2726} INFO - Sync 1 DAGs
[2023-07-10T01:35:37.366+0000] {logging_mixin.py:149} INFO - [2023-07-10T01:35:37.366+0000] {dag.py:3490} INFO - Setting next_dagrun for example_branch_operator to 2023-07-09T00:00:00+00:00, run_after=2023-07-10T00:00:00+00:00
[2023-07-10T01:35:37.382+0000] {processor.py:179} INFO - Processing /home/airflow/.local/lib/python3.7/site-packages/airflow/example_dags/example_branch_operator.py took 0.072 seconds
[2023-07-10T01:36:08.117+0000] {processor.py:157} INFO - Started process (PID=945) to work on /home/airflow/.local/lib/python3.7/site-packages/airflow/example_dags/example_branch_operator.py
[2023-07-10T01:36:08.118+0000] {processor.py:826} INFO - Processing file /home/airflow/.local/lib/python3.7/site-packages/airflow/example_dags/example_branch_operator.py for tasks to queue
[2023-07-10T01:36:08.119+0000] {logging_mixin.py:149} INFO - [2023-07-10T01:36:08.119+0000] {dagbag.py:541} INFO - Filling up the DagBag from /home/airflow/.local/lib/python3.7/site-packages/airflow/example_dags/example_branch_operator.py
[2023-07-10T01:36:08.127+0000] {processor.py:836} INFO - DAG(s) dict_keys(['example_branch_operator']) retrieved from /home/airflow/.local/lib/python3.7/site-packages/airflow/example_dags/example_branch_operator.py
[2023-07-10T01:36:08.149+0000] {logging_mixin.py:149} INFO - [2023-07-10T01:36:08.149+0000] {dag.py:2726} INFO - Sync 1 DAGs
[2023-07-10T01:36:08.242+0000] {logging_mixin.py:149} INFO - [2023-07-10T01:36:08.242+0000] {dag.py:3490} INFO - Setting next_dagrun for example_branch_operator to 2023-07-09T00:00:00+00:00, run_after=2023-07-10T00:00:00+00:00
[2023-07-10T01:36:08.259+0000] {processor.py:179} INFO - Processing /home/airflow/.local/lib/python3.7/site-packages/airflow/example_dags/example_branch_operator.py took 0.144 seconds
[2023-07-10T01:36:38.495+0000] {processor.py:157} INFO - Started process (PID=1194) to work on /home/airflow/.local/lib/python3.7/site-packages/airflow/example_dags/example_branch_operator.py
[2023-07-10T01:36:38.496+0000] {processor.py:826} INFO - Processing file /home/airflow/.local/lib/python3.7/site-packages/airflow/example_dags/example_branch_operator.py for tasks to queue
[2023-07-10T01:36:38.497+0000] {logging_mixin.py:149} INFO - [2023-07-10T01:36:38.497+0000] {dagbag.py:541} INFO - Filling up the DagBag from /home/airflow/.local/lib/python3.7/site-packages/airflow/example_dags/example_branch_operator.py
[2023-07-10T01:36:38.505+0000] {processor.py:836} INFO - DAG(s) dict_keys(['example_branch_operator']) retrieved from /home/airflow/.local/lib/python3.7/site-packages/airflow/example_dags/example_branch_operator.py
[2023-07-10T01:36:38.528+0000] {logging_mixin.py:149} INFO - [2023-07-10T01:36:38.528+0000] {dag.py:2726} INFO - Sync 1 DAGs
[2023-07-10T01:36:38.551+0000] {logging_mixin.py:149} INFO - [2023-07-10T01:36:38.551+0000] {dag.py:3490} INFO - Setting next_dagrun for example_branch_operator to 2023-07-09T00:00:00+00:00, run_after=2023-07-10T00:00:00+00:00
[2023-07-10T01:36:38.570+0000] {processor.py:179} INFO - Processing /home/airflow/.local/lib/python3.7/site-packages/airflow/example_dags/example_branch_operator.py took 0.077 seconds
[2023-07-10T01:37:08.815+0000] {processor.py:157} INFO - Started process (PID=1445) to work on /home/airflow/.local/lib/python3.7/site-packages/airflow/example_dags/example_branch_operator.py
[2023-07-10T01:37:08.816+0000] {processor.py:826} INFO - Processing file /home/airflow/.local/lib/python3.7/site-packages/airflow/example_dags/example_branch_operator.py for tasks to queue
[2023-07-10T01:37:08.817+0000] {logging_mixin.py:149} INFO - [2023-07-10T01:37:08.817+0000] {dagbag.py:541} INFO - Filling up the DagBag from /home/airflow/.local/lib/python3.7/site-packages/airflow/example_dags/example_branch_operator.py
[2023-07-10T01:37:08.825+0000] {processor.py:836} INFO - DAG(s) dict_keys(['example_branch_operator']) retrieved from /home/airflow/.local/lib/python3.7/site-packages/airflow/example_dags/example_branch_operator.py
[2023-07-10T01:37:08.848+0000] {logging_mixin.py:149} INFO - [2023-07-10T01:37:08.848+0000] {dag.py:2726} INFO - Sync 1 DAGs
[2023-07-10T01:37:08.871+0000] {logging_mixin.py:149} INFO - [2023-07-10T01:37:08.871+0000] {dag.py:3490} INFO - Setting next_dagrun for example_branch_operator to 2023-07-09T00:00:00+00:00, run_after=2023-07-10T00:00:00+00:00
[2023-07-10T01:37:08.886+0000] {processor.py:179} INFO - Processing /home/airflow/.local/lib/python3.7/site-packages/airflow/example_dags/example_branch_operator.py took 0.074 seconds
[2023-07-10T01:37:38.982+0000] {processor.py:157} INFO - Started process (PID=1694) to work on /home/airflow/.local/lib/python3.7/site-packages/airflow/example_dags/example_branch_operator.py
[2023-07-10T01:37:38.983+0000] {processor.py:826} INFO - Processing file /home/airflow/.local/lib/python3.7/site-packages/airflow/example_dags/example_branch_operator.py for tasks to queue
[2023-07-10T01:37:38.984+0000] {logging_mixin.py:149} INFO - [2023-07-10T01:37:38.983+0000] {dagbag.py:541} INFO - Filling up the DagBag from /home/airflow/.local/lib/python3.7/site-packages/airflow/example_dags/example_branch_operator.py
[2023-07-10T01:37:38.992+0000] {processor.py:836} INFO - DAG(s) dict_keys(['example_branch_operator']) retrieved from /home/airflow/.local/lib/python3.7/site-packages/airflow/example_dags/example_branch_operator.py
[2023-07-10T01:37:39.016+0000] {logging_mixin.py:149} INFO - [2023-07-10T01:37:39.016+0000] {dag.py:2726} INFO - Sync 1 DAGs
[2023-07-10T01:37:39.043+0000] {logging_mixin.py:149} INFO - [2023-07-10T01:37:39.043+0000] {dag.py:3490} INFO - Setting next_dagrun for example_branch_operator to 2023-07-09T00:00:00+00:00, run_after=2023-07-10T00:00:00+00:00
[2023-07-10T01:37:39.066+0000] {processor.py:179} INFO - Processing /home/airflow/.local/lib/python3.7/site-packages/airflow/example_dags/example_branch_operator.py took 0.086 seconds
[2023-07-10T01:38:09.170+0000] {processor.py:157} INFO - Started process (PID=1943) to work on /home/airflow/.local/lib/python3.7/site-packages/airflow/example_dags/example_branch_operator.py
[2023-07-10T01:38:09.171+0000] {processor.py:826} INFO - Processing file /home/airflow/.local/lib/python3.7/site-packages/airflow/example_dags/example_branch_operator.py for tasks to queue
[2023-07-10T01:38:09.172+0000] {logging_mixin.py:149} INFO - [2023-07-10T01:38:09.171+0000] {dagbag.py:541} INFO - Filling up the DagBag from /home/airflow/.local/lib/python3.7/site-packages/airflow/example_dags/example_branch_operator.py
[2023-07-10T01:38:09.179+0000] {processor.py:836} INFO - DAG(s) dict_keys(['example_branch_operator']) retrieved from /home/airflow/.local/lib/python3.7/site-packages/airflow/example_dags/example_branch_operator.py
[2023-07-10T01:38:09.203+0000] {logging_mixin.py:149} INFO - [2023-07-10T01:38:09.203+0000] {dag.py:2726} INFO - Sync 1 DAGs
[2023-07-10T01:38:09.226+0000] {logging_mixin.py:149} INFO - [2023-07-10T01:38:09.226+0000] {dag.py:3490} INFO - Setting next_dagrun for example_branch_operator to 2023-07-09T00:00:00+00:00, run_after=2023-07-10T00:00:00+00:00
[2023-07-10T01:38:09.244+0000] {processor.py:179} INFO - Processing /home/airflow/.local/lib/python3.7/site-packages/airflow/example_dags/example_branch_operator.py took 0.077 seconds
[2023-07-10T01:38:39.467+0000] {processor.py:157} INFO - Started process (PID=2197) to work on /home/airflow/.local/lib/python3.7/site-packages/airflow/example_dags/example_branch_operator.py
[2023-07-10T01:38:39.468+0000] {processor.py:826} INFO - Processing file /home/airflow/.local/lib/python3.7/site-packages/airflow/example_dags/example_branch_operator.py for tasks to queue
[2023-07-10T01:38:39.469+0000] {logging_mixin.py:149} INFO - [2023-07-10T01:38:39.469+0000] {dagbag.py:541} INFO - Filling up the DagBag from /home/airflow/.local/lib/python3.7/site-packages/airflow/example_dags/example_branch_operator.py
[2023-07-10T01:38:39.477+0000] {processor.py:836} INFO - DAG(s) dict_keys(['example_branch_operator']) retrieved from /home/airflow/.local/lib/python3.7/site-packages/airflow/example_dags/example_branch_operator.py
[2023-07-10T01:38:39.489+0000] {logging_mixin.py:149} INFO - [2023-07-10T01:38:39.489+0000] {dag.py:2726} INFO - Sync 1 DAGs
[2023-07-10T01:38:39.512+0000] {logging_mixin.py:149} INFO - [2023-07-10T01:38:39.512+0000] {dag.py:3490} INFO - Setting next_dagrun for example_branch_operator to 2023-07-09T00:00:00+00:00, run_after=2023-07-10T00:00:00+00:00
[2023-07-10T01:38:39.528+0000] {processor.py:179} INFO - Processing /home/airflow/.local/lib/python3.7/site-packages/airflow/example_dags/example_branch_operator.py took 0.063 seconds
[2023-07-10T01:39:09.807+0000] {processor.py:157} INFO - Started process (PID=2441) to work on /home/airflow/.local/lib/python3.7/site-packages/airflow/example_dags/example_branch_operator.py
[2023-07-10T01:39:09.808+0000] {processor.py:826} INFO - Processing file /home/airflow/.local/lib/python3.7/site-packages/airflow/example_dags/example_branch_operator.py for tasks to queue
[2023-07-10T01:39:09.809+0000] {logging_mixin.py:149} INFO - [2023-07-10T01:39:09.809+0000] {dagbag.py:541} INFO - Filling up the DagBag from /home/airflow/.local/lib/python3.7/site-packages/airflow/example_dags/example_branch_operator.py
[2023-07-10T01:39:09.817+0000] {processor.py:836} INFO - DAG(s) dict_keys(['example_branch_operator']) retrieved from /home/airflow/.local/lib/python3.7/site-packages/airflow/example_dags/example_branch_operator.py
[2023-07-10T01:39:09.840+0000] {logging_mixin.py:149} INFO - [2023-07-10T01:39:09.840+0000] {dag.py:2726} INFO - Sync 1 DAGs
[2023-07-10T01:39:09.862+0000] {logging_mixin.py:149} INFO - [2023-07-10T01:39:09.862+0000] {dag.py:3490} INFO - Setting next_dagrun for example_branch_operator to 2023-07-09T00:00:00+00:00, run_after=2023-07-10T00:00:00+00:00
[2023-07-10T01:39:09.879+0000] {processor.py:179} INFO - Processing /home/airflow/.local/lib/python3.7/site-packages/airflow/example_dags/example_branch_operator.py took 0.074 seconds
[2023-07-10T01:39:40.067+0000] {processor.py:157} INFO - Started process (PID=2698) to work on /home/airflow/.local/lib/python3.7/site-packages/airflow/example_dags/example_branch_operator.py
[2023-07-10T01:39:40.068+0000] {processor.py:826} INFO - Processing file /home/airflow/.local/lib/python3.7/site-packages/airflow/example_dags/example_branch_operator.py for tasks to queue
[2023-07-10T01:39:40.069+0000] {logging_mixin.py:149} INFO - [2023-07-10T01:39:40.069+0000] {dagbag.py:541} INFO - Filling up the DagBag from /home/airflow/.local/lib/python3.7/site-packages/airflow/example_dags/example_branch_operator.py
[2023-07-10T01:39:40.076+0000] {processor.py:836} INFO - DAG(s) dict_keys(['example_branch_operator']) retrieved from /home/airflow/.local/lib/python3.7/site-packages/airflow/example_dags/example_branch_operator.py
[2023-07-10T01:39:40.096+0000] {logging_mixin.py:149} INFO - [2023-07-10T01:39:40.096+0000] {dag.py:2726} INFO - Sync 1 DAGs
[2023-07-10T01:39:40.118+0000] {logging_mixin.py:149} INFO - [2023-07-10T01:39:40.117+0000] {dag.py:3490} INFO - Setting next_dagrun for example_branch_operator to 2023-07-09T00:00:00+00:00, run_after=2023-07-10T00:00:00+00:00
[2023-07-10T01:39:40.134+0000] {processor.py:179} INFO - Processing /home/airflow/.local/lib/python3.7/site-packages/airflow/example_dags/example_branch_operator.py took 0.069 seconds
[2023-07-10T01:40:10.189+0000] {processor.py:157} INFO - Started process (PID=2947) to work on /home/airflow/.local/lib/python3.7/site-packages/airflow/example_dags/example_branch_operator.py
[2023-07-10T01:40:10.190+0000] {processor.py:826} INFO - Processing file /home/airflow/.local/lib/python3.7/site-packages/airflow/example_dags/example_branch_operator.py for tasks to queue
[2023-07-10T01:40:10.190+0000] {logging_mixin.py:149} INFO - [2023-07-10T01:40:10.190+0000] {dagbag.py:541} INFO - Filling up the DagBag from /home/airflow/.local/lib/python3.7/site-packages/airflow/example_dags/example_branch_operator.py
[2023-07-10T01:40:10.198+0000] {processor.py:836} INFO - DAG(s) dict_keys(['example_branch_operator']) retrieved from /home/airflow/.local/lib/python3.7/site-packages/airflow/example_dags/example_branch_operator.py
[2023-07-10T01:40:10.219+0000] {logging_mixin.py:149} INFO - [2023-07-10T01:40:10.219+0000] {dag.py:2726} INFO - Sync 1 DAGs
[2023-07-10T01:40:10.241+0000] {logging_mixin.py:149} INFO - [2023-07-10T01:40:10.241+0000] {dag.py:3490} INFO - Setting next_dagrun for example_branch_operator to 2023-07-09T00:00:00+00:00, run_after=2023-07-10T00:00:00+00:00
[2023-07-10T01:40:10.258+0000] {processor.py:179} INFO - Processing /home/airflow/.local/lib/python3.7/site-packages/airflow/example_dags/example_branch_operator.py took 0.072 seconds
[2023-07-10T01:40:40.608+0000] {processor.py:157} INFO - Started process (PID=3186) to work on /home/airflow/.local/lib/python3.7/site-packages/airflow/example_dags/example_branch_operator.py
[2023-07-10T01:40:40.610+0000] {processor.py:826} INFO - Processing file /home/airflow/.local/lib/python3.7/site-packages/airflow/example_dags/example_branch_operator.py for tasks to queue
[2023-07-10T01:40:40.611+0000] {logging_mixin.py:149} INFO - [2023-07-10T01:40:40.610+0000] {dagbag.py:541} INFO - Filling up the DagBag from /home/airflow/.local/lib/python3.7/site-packages/airflow/example_dags/example_branch_operator.py
[2023-07-10T01:40:40.618+0000] {processor.py:836} INFO - DAG(s) dict_keys(['example_branch_operator']) retrieved from /home/airflow/.local/lib/python3.7/site-packages/airflow/example_dags/example_branch_operator.py
[2023-07-10T01:40:40.640+0000] {logging_mixin.py:149} INFO - [2023-07-10T01:40:40.640+0000] {dag.py:2726} INFO - Sync 1 DAGs
[2023-07-10T01:40:40.662+0000] {logging_mixin.py:149} INFO - [2023-07-10T01:40:40.662+0000] {dag.py:3490} INFO - Setting next_dagrun for example_branch_operator to 2023-07-09T00:00:00+00:00, run_after=2023-07-10T00:00:00+00:00
[2023-07-10T01:40:40.680+0000] {processor.py:179} INFO - Processing /home/airflow/.local/lib/python3.7/site-packages/airflow/example_dags/example_branch_operator.py took 0.074 seconds
[2023-07-10T01:41:11.287+0000] {processor.py:157} INFO - Started process (PID=3437) to work on /home/airflow/.local/lib/python3.7/site-packages/airflow/example_dags/example_branch_operator.py
[2023-07-10T01:41:11.288+0000] {processor.py:826} INFO - Processing file /home/airflow/.local/lib/python3.7/site-packages/airflow/example_dags/example_branch_operator.py for tasks to queue
[2023-07-10T01:41:11.289+0000] {logging_mixin.py:149} INFO - [2023-07-10T01:41:11.289+0000] {dagbag.py:541} INFO - Filling up the DagBag from /home/airflow/.local/lib/python3.7/site-packages/airflow/example_dags/example_branch_operator.py
[2023-07-10T01:41:11.296+0000] {processor.py:836} INFO - DAG(s) dict_keys(['example_branch_operator']) retrieved from /home/airflow/.local/lib/python3.7/site-packages/airflow/example_dags/example_branch_operator.py
[2023-07-10T01:41:11.318+0000] {logging_mixin.py:149} INFO - [2023-07-10T01:41:11.318+0000] {dag.py:2726} INFO - Sync 1 DAGs
[2023-07-10T01:41:11.339+0000] {logging_mixin.py:149} INFO - [2023-07-10T01:41:11.339+0000] {dag.py:3490} INFO - Setting next_dagrun for example_branch_operator to 2023-07-09T00:00:00+00:00, run_after=2023-07-10T00:00:00+00:00
[2023-07-10T01:41:11.355+0000] {processor.py:179} INFO - Processing /home/airflow/.local/lib/python3.7/site-packages/airflow/example_dags/example_branch_operator.py took 0.071 seconds
[2023-07-10T01:41:41.948+0000] {processor.py:157} INFO - Started process (PID=3684) to work on /home/airflow/.local/lib/python3.7/site-packages/airflow/example_dags/example_branch_operator.py
[2023-07-10T01:41:41.949+0000] {processor.py:826} INFO - Processing file /home/airflow/.local/lib/python3.7/site-packages/airflow/example_dags/example_branch_operator.py for tasks to queue
[2023-07-10T01:41:41.949+0000] {logging_mixin.py:149} INFO - [2023-07-10T01:41:41.949+0000] {dagbag.py:541} INFO - Filling up the DagBag from /home/airflow/.local/lib/python3.7/site-packages/airflow/example_dags/example_branch_operator.py
[2023-07-10T01:41:41.957+0000] {processor.py:836} INFO - DAG(s) dict_keys(['example_branch_operator']) retrieved from /home/airflow/.local/lib/python3.7/site-packages/airflow/example_dags/example_branch_operator.py
[2023-07-10T01:41:41.980+0000] {logging_mixin.py:149} INFO - [2023-07-10T01:41:41.980+0000] {dag.py:2726} INFO - Sync 1 DAGs
[2023-07-10T01:41:42.003+0000] {logging_mixin.py:149} INFO - [2023-07-10T01:41:42.003+0000] {dag.py:3490} INFO - Setting next_dagrun for example_branch_operator to 2023-07-09T00:00:00+00:00, run_after=2023-07-10T00:00:00+00:00
[2023-07-10T01:41:42.022+0000] {processor.py:179} INFO - Processing /home/airflow/.local/lib/python3.7/site-packages/airflow/example_dags/example_branch_operator.py took 0.077 seconds
[2023-07-10T01:42:12.746+0000] {processor.py:157} INFO - Started process (PID=3935) to work on /home/airflow/.local/lib/python3.7/site-packages/airflow/example_dags/example_branch_operator.py
[2023-07-10T01:42:12.747+0000] {processor.py:826} INFO - Processing file /home/airflow/.local/lib/python3.7/site-packages/airflow/example_dags/example_branch_operator.py for tasks to queue
[2023-07-10T01:42:12.748+0000] {logging_mixin.py:149} INFO - [2023-07-10T01:42:12.748+0000] {dagbag.py:541} INFO - Filling up the DagBag from /home/airflow/.local/lib/python3.7/site-packages/airflow/example_dags/example_branch_operator.py
[2023-07-10T01:42:12.756+0000] {processor.py:836} INFO - DAG(s) dict_keys(['example_branch_operator']) retrieved from /home/airflow/.local/lib/python3.7/site-packages/airflow/example_dags/example_branch_operator.py
[2023-07-10T01:42:12.779+0000] {logging_mixin.py:149} INFO - [2023-07-10T01:42:12.779+0000] {dag.py:2726} INFO - Sync 1 DAGs
[2023-07-10T01:42:12.801+0000] {logging_mixin.py:149} INFO - [2023-07-10T01:42:12.801+0000] {dag.py:3490} INFO - Setting next_dagrun for example_branch_operator to 2023-07-09T00:00:00+00:00, run_after=2023-07-10T00:00:00+00:00
[2023-07-10T01:42:12.818+0000] {processor.py:179} INFO - Processing /home/airflow/.local/lib/python3.7/site-packages/airflow/example_dags/example_branch_operator.py took 0.074 seconds
[2023-07-10T01:42:43.161+0000] {processor.py:157} INFO - Started process (PID=4182) to work on /home/airflow/.local/lib/python3.7/site-packages/airflow/example_dags/example_branch_operator.py
[2023-07-10T01:42:43.162+0000] {processor.py:826} INFO - Processing file /home/airflow/.local/lib/python3.7/site-packages/airflow/example_dags/example_branch_operator.py for tasks to queue
[2023-07-10T01:42:43.163+0000] {logging_mixin.py:149} INFO - [2023-07-10T01:42:43.162+0000] {dagbag.py:541} INFO - Filling up the DagBag from /home/airflow/.local/lib/python3.7/site-packages/airflow/example_dags/example_branch_operator.py
[2023-07-10T01:42:43.171+0000] {processor.py:836} INFO - DAG(s) dict_keys(['example_branch_operator']) retrieved from /home/airflow/.local/lib/python3.7/site-packages/airflow/example_dags/example_branch_operator.py
[2023-07-10T01:42:43.196+0000] {logging_mixin.py:149} INFO - [2023-07-10T01:42:43.196+0000] {dag.py:2726} INFO - Sync 1 DAGs
[2023-07-10T01:42:43.223+0000] {logging_mixin.py:149} INFO - [2023-07-10T01:42:43.223+0000] {dag.py:3490} INFO - Setting next_dagrun for example_branch_operator to 2023-07-09T00:00:00+00:00, run_after=2023-07-10T00:00:00+00:00
[2023-07-10T01:42:43.241+0000] {processor.py:179} INFO - Processing /home/airflow/.local/lib/python3.7/site-packages/airflow/example_dags/example_branch_operator.py took 0.083 seconds
[2023-07-10T01:43:13.830+0000] {processor.py:157} INFO - Started process (PID=4431) to work on /home/airflow/.local/lib/python3.7/site-packages/airflow/example_dags/example_branch_operator.py
[2023-07-10T01:43:13.831+0000] {processor.py:826} INFO - Processing file /home/airflow/.local/lib/python3.7/site-packages/airflow/example_dags/example_branch_operator.py for tasks to queue
[2023-07-10T01:43:13.832+0000] {logging_mixin.py:149} INFO - [2023-07-10T01:43:13.832+0000] {dagbag.py:541} INFO - Filling up the DagBag from /home/airflow/.local/lib/python3.7/site-packages/airflow/example_dags/example_branch_operator.py
[2023-07-10T01:43:13.840+0000] {processor.py:836} INFO - DAG(s) dict_keys(['example_branch_operator']) retrieved from /home/airflow/.local/lib/python3.7/site-packages/airflow/example_dags/example_branch_operator.py
[2023-07-10T01:43:13.861+0000] {logging_mixin.py:149} INFO - [2023-07-10T01:43:13.861+0000] {dag.py:2726} INFO - Sync 1 DAGs
[2023-07-10T01:43:13.882+0000] {logging_mixin.py:149} INFO - [2023-07-10T01:43:13.882+0000] {dag.py:3490} INFO - Setting next_dagrun for example_branch_operator to 2023-07-09T00:00:00+00:00, run_after=2023-07-10T00:00:00+00:00
[2023-07-10T01:43:13.899+0000] {processor.py:179} INFO - Processing /home/airflow/.local/lib/python3.7/site-packages/airflow/example_dags/example_branch_operator.py took 0.072 seconds
[2023-07-10T01:43:44.390+0000] {processor.py:157} INFO - Started process (PID=4683) to work on /home/airflow/.local/lib/python3.7/site-packages/airflow/example_dags/example_branch_operator.py
[2023-07-10T01:43:44.391+0000] {processor.py:826} INFO - Processing file /home/airflow/.local/lib/python3.7/site-packages/airflow/example_dags/example_branch_operator.py for tasks to queue
[2023-07-10T01:43:44.392+0000] {logging_mixin.py:149} INFO - [2023-07-10T01:43:44.392+0000] {dagbag.py:541} INFO - Filling up the DagBag from /home/airflow/.local/lib/python3.7/site-packages/airflow/example_dags/example_branch_operator.py
[2023-07-10T01:43:44.400+0000] {processor.py:836} INFO - DAG(s) dict_keys(['example_branch_operator']) retrieved from /home/airflow/.local/lib/python3.7/site-packages/airflow/example_dags/example_branch_operator.py
[2023-07-10T01:43:44.423+0000] {logging_mixin.py:149} INFO - [2023-07-10T01:43:44.423+0000] {dag.py:2726} INFO - Sync 1 DAGs
[2023-07-10T01:43:44.446+0000] {logging_mixin.py:149} INFO - [2023-07-10T01:43:44.446+0000] {dag.py:3490} INFO - Setting next_dagrun for example_branch_operator to 2023-07-09T00:00:00+00:00, run_after=2023-07-10T00:00:00+00:00
[2023-07-10T01:43:44.463+0000] {processor.py:179} INFO - Processing /home/airflow/.local/lib/python3.7/site-packages/airflow/example_dags/example_branch_operator.py took 0.076 seconds
[2023-07-10T01:44:14.974+0000] {processor.py:157} INFO - Started process (PID=4932) to work on /home/airflow/.local/lib/python3.7/site-packages/airflow/example_dags/example_branch_operator.py
[2023-07-10T01:44:14.975+0000] {processor.py:826} INFO - Processing file /home/airflow/.local/lib/python3.7/site-packages/airflow/example_dags/example_branch_operator.py for tasks to queue
[2023-07-10T01:44:14.976+0000] {logging_mixin.py:149} INFO - [2023-07-10T01:44:14.976+0000] {dagbag.py:541} INFO - Filling up the DagBag from /home/airflow/.local/lib/python3.7/site-packages/airflow/example_dags/example_branch_operator.py
[2023-07-10T01:44:14.984+0000] {processor.py:836} INFO - DAG(s) dict_keys(['example_branch_operator']) retrieved from /home/airflow/.local/lib/python3.7/site-packages/airflow/example_dags/example_branch_operator.py
[2023-07-10T01:44:15.006+0000] {logging_mixin.py:149} INFO - [2023-07-10T01:44:15.005+0000] {dag.py:2726} INFO - Sync 1 DAGs
[2023-07-10T01:44:15.027+0000] {logging_mixin.py:149} INFO - [2023-07-10T01:44:15.027+0000] {dag.py:3490} INFO - Setting next_dagrun for example_branch_operator to 2023-07-09T00:00:00+00:00, run_after=2023-07-10T00:00:00+00:00
[2023-07-10T01:44:15.046+0000] {processor.py:179} INFO - Processing /home/airflow/.local/lib/python3.7/site-packages/airflow/example_dags/example_branch_operator.py took 0.076 seconds
[2023-07-10T01:44:45.762+0000] {processor.py:157} INFO - Started process (PID=5181) to work on /home/airflow/.local/lib/python3.7/site-packages/airflow/example_dags/example_branch_operator.py
[2023-07-10T01:44:45.763+0000] {processor.py:826} INFO - Processing file /home/airflow/.local/lib/python3.7/site-packages/airflow/example_dags/example_branch_operator.py for tasks to queue
[2023-07-10T01:44:45.764+0000] {logging_mixin.py:149} INFO - [2023-07-10T01:44:45.764+0000] {dagbag.py:541} INFO - Filling up the DagBag from /home/airflow/.local/lib/python3.7/site-packages/airflow/example_dags/example_branch_operator.py
[2023-07-10T01:44:45.773+0000] {processor.py:836} INFO - DAG(s) dict_keys(['example_branch_operator']) retrieved from /home/airflow/.local/lib/python3.7/site-packages/airflow/example_dags/example_branch_operator.py
[2023-07-10T01:44:45.806+0000] {logging_mixin.py:149} INFO - [2023-07-10T01:44:45.806+0000] {dag.py:2726} INFO - Sync 1 DAGs
[2023-07-10T01:44:45.837+0000] {logging_mixin.py:149} INFO - [2023-07-10T01:44:45.837+0000] {dag.py:3490} INFO - Setting next_dagrun for example_branch_operator to 2023-07-09T00:00:00+00:00, run_after=2023-07-10T00:00:00+00:00
[2023-07-10T01:44:45.856+0000] {processor.py:179} INFO - Processing /home/airflow/.local/lib/python3.7/site-packages/airflow/example_dags/example_branch_operator.py took 0.097 seconds
[2023-07-10T01:45:16.351+0000] {processor.py:157} INFO - Started process (PID=5435) to work on /home/airflow/.local/lib/python3.7/site-packages/airflow/example_dags/example_branch_operator.py
[2023-07-10T01:45:16.352+0000] {processor.py:826} INFO - Processing file /home/airflow/.local/lib/python3.7/site-packages/airflow/example_dags/example_branch_operator.py for tasks to queue
[2023-07-10T01:45:16.353+0000] {logging_mixin.py:149} INFO - [2023-07-10T01:45:16.353+0000] {dagbag.py:541} INFO - Filling up the DagBag from /home/airflow/.local/lib/python3.7/site-packages/airflow/example_dags/example_branch_operator.py
[2023-07-10T01:45:16.361+0000] {processor.py:836} INFO - DAG(s) dict_keys(['example_branch_operator']) retrieved from /home/airflow/.local/lib/python3.7/site-packages/airflow/example_dags/example_branch_operator.py
[2023-07-10T01:45:16.384+0000] {logging_mixin.py:149} INFO - [2023-07-10T01:45:16.384+0000] {dag.py:2726} INFO - Sync 1 DAGs
[2023-07-10T01:45:16.407+0000] {logging_mixin.py:149} INFO - [2023-07-10T01:45:16.406+0000] {dag.py:3490} INFO - Setting next_dagrun for example_branch_operator to 2023-07-09T00:00:00+00:00, run_after=2023-07-10T00:00:00+00:00
[2023-07-10T01:45:16.426+0000] {processor.py:179} INFO - Processing /home/airflow/.local/lib/python3.7/site-packages/airflow/example_dags/example_branch_operator.py took 0.077 seconds
[2023-07-10T01:45:46.861+0000] {processor.py:157} INFO - Started process (PID=5679) to work on /home/airflow/.local/lib/python3.7/site-packages/airflow/example_dags/example_branch_operator.py
[2023-07-10T01:45:46.862+0000] {processor.py:826} INFO - Processing file /home/airflow/.local/lib/python3.7/site-packages/airflow/example_dags/example_branch_operator.py for tasks to queue
[2023-07-10T01:45:46.863+0000] {logging_mixin.py:149} INFO - [2023-07-10T01:45:46.863+0000] {dagbag.py:541} INFO - Filling up the DagBag from /home/airflow/.local/lib/python3.7/site-packages/airflow/example_dags/example_branch_operator.py
[2023-07-10T01:45:46.871+0000] {processor.py:836} INFO - DAG(s) dict_keys(['example_branch_operator']) retrieved from /home/airflow/.local/lib/python3.7/site-packages/airflow/example_dags/example_branch_operator.py
[2023-07-10T01:45:46.895+0000] {logging_mixin.py:149} INFO - [2023-07-10T01:45:46.895+0000] {dag.py:2726} INFO - Sync 1 DAGs
[2023-07-10T01:45:46.918+0000] {logging_mixin.py:149} INFO - [2023-07-10T01:45:46.918+0000] {dag.py:3490} INFO - Setting next_dagrun for example_branch_operator to 2023-07-09T00:00:00+00:00, run_after=2023-07-10T00:00:00+00:00
[2023-07-10T01:45:46.936+0000] {processor.py:179} INFO - Processing /home/airflow/.local/lib/python3.7/site-packages/airflow/example_dags/example_branch_operator.py took 0.077 seconds
[2023-07-10T01:46:17.499+0000] {processor.py:157} INFO - Started process (PID=5928) to work on /home/airflow/.local/lib/python3.7/site-packages/airflow/example_dags/example_branch_operator.py
[2023-07-10T01:46:17.500+0000] {processor.py:826} INFO - Processing file /home/airflow/.local/lib/python3.7/site-packages/airflow/example_dags/example_branch_operator.py for tasks to queue
[2023-07-10T01:46:17.500+0000] {logging_mixin.py:149} INFO - [2023-07-10T01:46:17.500+0000] {dagbag.py:541} INFO - Filling up the DagBag from /home/airflow/.local/lib/python3.7/site-packages/airflow/example_dags/example_branch_operator.py
[2023-07-10T01:46:17.508+0000] {processor.py:836} INFO - DAG(s) dict_keys(['example_branch_operator']) retrieved from /home/airflow/.local/lib/python3.7/site-packages/airflow/example_dags/example_branch_operator.py
[2023-07-10T01:46:17.529+0000] {logging_mixin.py:149} INFO - [2023-07-10T01:46:17.529+0000] {dag.py:2726} INFO - Sync 1 DAGs
[2023-07-10T01:46:17.551+0000] {logging_mixin.py:149} INFO - [2023-07-10T01:46:17.551+0000] {dag.py:3490} INFO - Setting next_dagrun for example_branch_operator to 2023-07-09T00:00:00+00:00, run_after=2023-07-10T00:00:00+00:00
[2023-07-10T01:46:17.568+0000] {processor.py:179} INFO - Processing /home/airflow/.local/lib/python3.7/site-packages/airflow/example_dags/example_branch_operator.py took 0.072 seconds
[2023-07-10T01:46:48.306+0000] {processor.py:157} INFO - Started process (PID=6177) to work on /home/airflow/.local/lib/python3.7/site-packages/airflow/example_dags/example_branch_operator.py
[2023-07-10T01:46:48.307+0000] {processor.py:826} INFO - Processing file /home/airflow/.local/lib/python3.7/site-packages/airflow/example_dags/example_branch_operator.py for tasks to queue
[2023-07-10T01:46:48.307+0000] {logging_mixin.py:149} INFO - [2023-07-10T01:46:48.307+0000] {dagbag.py:541} INFO - Filling up the DagBag from /home/airflow/.local/lib/python3.7/site-packages/airflow/example_dags/example_branch_operator.py
[2023-07-10T01:46:48.315+0000] {processor.py:836} INFO - DAG(s) dict_keys(['example_branch_operator']) retrieved from /home/airflow/.local/lib/python3.7/site-packages/airflow/example_dags/example_branch_operator.py
[2023-07-10T01:46:48.335+0000] {logging_mixin.py:149} INFO - [2023-07-10T01:46:48.335+0000] {dag.py:2726} INFO - Sync 1 DAGs
[2023-07-10T01:46:48.355+0000] {logging_mixin.py:149} INFO - [2023-07-10T01:46:48.355+0000] {dag.py:3490} INFO - Setting next_dagrun for example_branch_operator to 2023-07-09T00:00:00+00:00, run_after=2023-07-10T00:00:00+00:00
[2023-07-10T01:46:48.371+0000] {processor.py:179} INFO - Processing /home/airflow/.local/lib/python3.7/site-packages/airflow/example_dags/example_branch_operator.py took 0.068 seconds
[2023-07-10T01:47:18.756+0000] {processor.py:157} INFO - Started process (PID=6424) to work on /home/airflow/.local/lib/python3.7/site-packages/airflow/example_dags/example_branch_operator.py
[2023-07-10T01:47:18.757+0000] {processor.py:826} INFO - Processing file /home/airflow/.local/lib/python3.7/site-packages/airflow/example_dags/example_branch_operator.py for tasks to queue
[2023-07-10T01:47:18.758+0000] {logging_mixin.py:149} INFO - [2023-07-10T01:47:18.757+0000] {dagbag.py:541} INFO - Filling up the DagBag from /home/airflow/.local/lib/python3.7/site-packages/airflow/example_dags/example_branch_operator.py
[2023-07-10T01:47:18.766+0000] {processor.py:836} INFO - DAG(s) dict_keys(['example_branch_operator']) retrieved from /home/airflow/.local/lib/python3.7/site-packages/airflow/example_dags/example_branch_operator.py
[2023-07-10T01:47:18.787+0000] {logging_mixin.py:149} INFO - [2023-07-10T01:47:18.787+0000] {dag.py:2726} INFO - Sync 1 DAGs
[2023-07-10T01:47:18.809+0000] {logging_mixin.py:149} INFO - [2023-07-10T01:47:18.809+0000] {dag.py:3490} INFO - Setting next_dagrun for example_branch_operator to 2023-07-09T00:00:00+00:00, run_after=2023-07-10T00:00:00+00:00
[2023-07-10T01:47:18.827+0000] {processor.py:179} INFO - Processing /home/airflow/.local/lib/python3.7/site-packages/airflow/example_dags/example_branch_operator.py took 0.073 seconds
[2023-07-10T01:47:49.363+0000] {processor.py:157} INFO - Started process (PID=6673) to work on /home/airflow/.local/lib/python3.7/site-packages/airflow/example_dags/example_branch_operator.py
[2023-07-10T01:47:49.363+0000] {processor.py:826} INFO - Processing file /home/airflow/.local/lib/python3.7/site-packages/airflow/example_dags/example_branch_operator.py for tasks to queue
[2023-07-10T01:47:49.364+0000] {logging_mixin.py:149} INFO - [2023-07-10T01:47:49.364+0000] {dagbag.py:541} INFO - Filling up the DagBag from /home/airflow/.local/lib/python3.7/site-packages/airflow/example_dags/example_branch_operator.py
[2023-07-10T01:47:49.372+0000] {processor.py:836} INFO - DAG(s) dict_keys(['example_branch_operator']) retrieved from /home/airflow/.local/lib/python3.7/site-packages/airflow/example_dags/example_branch_operator.py
[2023-07-10T01:47:49.393+0000] {logging_mixin.py:149} INFO - [2023-07-10T01:47:49.393+0000] {dag.py:2726} INFO - Sync 1 DAGs
[2023-07-10T01:47:49.415+0000] {logging_mixin.py:149} INFO - [2023-07-10T01:47:49.415+0000] {dag.py:3490} INFO - Setting next_dagrun for example_branch_operator to 2023-07-09T00:00:00+00:00, run_after=2023-07-10T00:00:00+00:00
[2023-07-10T01:47:49.433+0000] {processor.py:179} INFO - Processing /home/airflow/.local/lib/python3.7/site-packages/airflow/example_dags/example_branch_operator.py took 0.073 seconds
[2023-07-10T01:48:19.834+0000] {processor.py:157} INFO - Started process (PID=6922) to work on /home/airflow/.local/lib/python3.7/site-packages/airflow/example_dags/example_branch_operator.py
[2023-07-10T01:48:19.835+0000] {processor.py:826} INFO - Processing file /home/airflow/.local/lib/python3.7/site-packages/airflow/example_dags/example_branch_operator.py for tasks to queue
[2023-07-10T01:48:19.836+0000] {logging_mixin.py:149} INFO - [2023-07-10T01:48:19.836+0000] {dagbag.py:541} INFO - Filling up the DagBag from /home/airflow/.local/lib/python3.7/site-packages/airflow/example_dags/example_branch_operator.py
[2023-07-10T01:48:19.844+0000] {processor.py:836} INFO - DAG(s) dict_keys(['example_branch_operator']) retrieved from /home/airflow/.local/lib/python3.7/site-packages/airflow/example_dags/example_branch_operator.py
[2023-07-10T01:48:19.865+0000] {logging_mixin.py:149} INFO - [2023-07-10T01:48:19.865+0000] {dag.py:2726} INFO - Sync 1 DAGs
[2023-07-10T01:48:19.886+0000] {logging_mixin.py:149} INFO - [2023-07-10T01:48:19.886+0000] {dag.py:3490} INFO - Setting next_dagrun for example_branch_operator to 2023-07-09T00:00:00+00:00, run_after=2023-07-10T00:00:00+00:00
[2023-07-10T01:48:19.903+0000] {processor.py:179} INFO - Processing /home/airflow/.local/lib/python3.7/site-packages/airflow/example_dags/example_branch_operator.py took 0.071 seconds
[2023-07-10T01:48:50.493+0000] {processor.py:157} INFO - Started process (PID=7173) to work on /home/airflow/.local/lib/python3.7/site-packages/airflow/example_dags/example_branch_operator.py
[2023-07-10T01:48:50.494+0000] {processor.py:826} INFO - Processing file /home/airflow/.local/lib/python3.7/site-packages/airflow/example_dags/example_branch_operator.py for tasks to queue
[2023-07-10T01:48:50.495+0000] {logging_mixin.py:149} INFO - [2023-07-10T01:48:50.495+0000] {dagbag.py:541} INFO - Filling up the DagBag from /home/airflow/.local/lib/python3.7/site-packages/airflow/example_dags/example_branch_operator.py
[2023-07-10T01:48:50.503+0000] {processor.py:836} INFO - DAG(s) dict_keys(['example_branch_operator']) retrieved from /home/airflow/.local/lib/python3.7/site-packages/airflow/example_dags/example_branch_operator.py
[2023-07-10T01:48:50.526+0000] {logging_mixin.py:149} INFO - [2023-07-10T01:48:50.526+0000] {dag.py:2726} INFO - Sync 1 DAGs
[2023-07-10T01:48:50.548+0000] {logging_mixin.py:149} INFO - [2023-07-10T01:48:50.548+0000] {dag.py:3490} INFO - Setting next_dagrun for example_branch_operator to 2023-07-09T00:00:00+00:00, run_after=2023-07-10T00:00:00+00:00
[2023-07-10T01:48:50.566+0000] {processor.py:179} INFO - Processing /home/airflow/.local/lib/python3.7/site-packages/airflow/example_dags/example_branch_operator.py took 0.075 seconds
[2023-07-10T01:49:21.008+0000] {processor.py:157} INFO - Started process (PID=7420) to work on /home/airflow/.local/lib/python3.7/site-packages/airflow/example_dags/example_branch_operator.py
[2023-07-10T01:49:21.009+0000] {processor.py:826} INFO - Processing file /home/airflow/.local/lib/python3.7/site-packages/airflow/example_dags/example_branch_operator.py for tasks to queue
[2023-07-10T01:49:21.010+0000] {logging_mixin.py:149} INFO - [2023-07-10T01:49:21.010+0000] {dagbag.py:541} INFO - Filling up the DagBag from /home/airflow/.local/lib/python3.7/site-packages/airflow/example_dags/example_branch_operator.py
[2023-07-10T01:49:21.018+0000] {processor.py:836} INFO - DAG(s) dict_keys(['example_branch_operator']) retrieved from /home/airflow/.local/lib/python3.7/site-packages/airflow/example_dags/example_branch_operator.py
[2023-07-10T01:49:21.039+0000] {logging_mixin.py:149} INFO - [2023-07-10T01:49:21.039+0000] {dag.py:2726} INFO - Sync 1 DAGs
[2023-07-10T01:49:21.061+0000] {logging_mixin.py:149} INFO - [2023-07-10T01:49:21.060+0000] {dag.py:3490} INFO - Setting next_dagrun for example_branch_operator to 2023-07-09T00:00:00+00:00, run_after=2023-07-10T00:00:00+00:00
[2023-07-10T01:49:21.079+0000] {processor.py:179} INFO - Processing /home/airflow/.local/lib/python3.7/site-packages/airflow/example_dags/example_branch_operator.py took 0.073 seconds
[2023-07-10T01:49:51.505+0000] {processor.py:157} INFO - Started process (PID=7674) to work on /home/airflow/.local/lib/python3.7/site-packages/airflow/example_dags/example_branch_operator.py
[2023-07-10T01:49:51.506+0000] {processor.py:826} INFO - Processing file /home/airflow/.local/lib/python3.7/site-packages/airflow/example_dags/example_branch_operator.py for tasks to queue
[2023-07-10T01:49:51.507+0000] {logging_mixin.py:149} INFO - [2023-07-10T01:49:51.507+0000] {dagbag.py:541} INFO - Filling up the DagBag from /home/airflow/.local/lib/python3.7/site-packages/airflow/example_dags/example_branch_operator.py
[2023-07-10T01:49:51.515+0000] {processor.py:836} INFO - DAG(s) dict_keys(['example_branch_operator']) retrieved from /home/airflow/.local/lib/python3.7/site-packages/airflow/example_dags/example_branch_operator.py
[2023-07-10T01:49:51.537+0000] {logging_mixin.py:149} INFO - [2023-07-10T01:49:51.536+0000] {dag.py:2726} INFO - Sync 1 DAGs
[2023-07-10T01:49:51.559+0000] {logging_mixin.py:149} INFO - [2023-07-10T01:49:51.559+0000] {dag.py:3490} INFO - Setting next_dagrun for example_branch_operator to 2023-07-09T00:00:00+00:00, run_after=2023-07-10T00:00:00+00:00
[2023-07-10T01:49:51.577+0000] {processor.py:179} INFO - Processing /home/airflow/.local/lib/python3.7/site-packages/airflow/example_dags/example_branch_operator.py took 0.075 seconds
[2023-07-10T01:50:22.179+0000] {processor.py:157} INFO - Started process (PID=7928) to work on /home/airflow/.local/lib/python3.7/site-packages/airflow/example_dags/example_branch_operator.py
[2023-07-10T01:50:22.180+0000] {processor.py:826} INFO - Processing file /home/airflow/.local/lib/python3.7/site-packages/airflow/example_dags/example_branch_operator.py for tasks to queue
[2023-07-10T01:50:22.181+0000] {logging_mixin.py:149} INFO - [2023-07-10T01:50:22.181+0000] {dagbag.py:541} INFO - Filling up the DagBag from /home/airflow/.local/lib/python3.7/site-packages/airflow/example_dags/example_branch_operator.py
[2023-07-10T01:50:22.190+0000] {processor.py:836} INFO - DAG(s) dict_keys(['example_branch_operator']) retrieved from /home/airflow/.local/lib/python3.7/site-packages/airflow/example_dags/example_branch_operator.py
[2023-07-10T01:50:22.211+0000] {logging_mixin.py:149} INFO - [2023-07-10T01:50:22.211+0000] {dag.py:2726} INFO - Sync 1 DAGs
[2023-07-10T01:50:22.235+0000] {logging_mixin.py:149} INFO - [2023-07-10T01:50:22.234+0000] {dag.py:3490} INFO - Setting next_dagrun for example_branch_operator to 2023-07-09T00:00:00+00:00, run_after=2023-07-10T00:00:00+00:00
[2023-07-10T01:50:22.253+0000] {processor.py:179} INFO - Processing /home/airflow/.local/lib/python3.7/site-packages/airflow/example_dags/example_branch_operator.py took 0.076 seconds
[2023-07-10T01:50:52.752+0000] {processor.py:157} INFO - Started process (PID=8182) to work on /home/airflow/.local/lib/python3.7/site-packages/airflow/example_dags/example_branch_operator.py
[2023-07-10T01:50:52.753+0000] {processor.py:826} INFO - Processing file /home/airflow/.local/lib/python3.7/site-packages/airflow/example_dags/example_branch_operator.py for tasks to queue
[2023-07-10T01:50:52.754+0000] {logging_mixin.py:149} INFO - [2023-07-10T01:50:52.754+0000] {dagbag.py:541} INFO - Filling up the DagBag from /home/airflow/.local/lib/python3.7/site-packages/airflow/example_dags/example_branch_operator.py
[2023-07-10T01:50:52.762+0000] {processor.py:836} INFO - DAG(s) dict_keys(['example_branch_operator']) retrieved from /home/airflow/.local/lib/python3.7/site-packages/airflow/example_dags/example_branch_operator.py
[2023-07-10T01:50:52.784+0000] {logging_mixin.py:149} INFO - [2023-07-10T01:50:52.784+0000] {dag.py:2726} INFO - Sync 1 DAGs
[2023-07-10T01:50:52.808+0000] {logging_mixin.py:149} INFO - [2023-07-10T01:50:52.808+0000] {dag.py:3490} INFO - Setting next_dagrun for example_branch_operator to 2023-07-09T00:00:00+00:00, run_after=2023-07-10T00:00:00+00:00
[2023-07-10T01:50:52.826+0000] {processor.py:179} INFO - Processing /home/airflow/.local/lib/python3.7/site-packages/airflow/example_dags/example_branch_operator.py took 0.076 seconds
[2023-07-10T01:51:23.488+0000] {processor.py:157} INFO - Started process (PID=8438) to work on /home/airflow/.local/lib/python3.7/site-packages/airflow/example_dags/example_branch_operator.py
[2023-07-10T01:51:23.489+0000] {processor.py:826} INFO - Processing file /home/airflow/.local/lib/python3.7/site-packages/airflow/example_dags/example_branch_operator.py for tasks to queue
[2023-07-10T01:51:23.490+0000] {logging_mixin.py:149} INFO - [2023-07-10T01:51:23.490+0000] {dagbag.py:541} INFO - Filling up the DagBag from /home/airflow/.local/lib/python3.7/site-packages/airflow/example_dags/example_branch_operator.py
[2023-07-10T01:51:23.498+0000] {processor.py:836} INFO - DAG(s) dict_keys(['example_branch_operator']) retrieved from /home/airflow/.local/lib/python3.7/site-packages/airflow/example_dags/example_branch_operator.py
[2023-07-10T01:51:23.519+0000] {logging_mixin.py:149} INFO - [2023-07-10T01:51:23.519+0000] {dag.py:2726} INFO - Sync 1 DAGs
[2023-07-10T01:51:23.540+0000] {logging_mixin.py:149} INFO - [2023-07-10T01:51:23.540+0000] {dag.py:3490} INFO - Setting next_dagrun for example_branch_operator to 2023-07-09T00:00:00+00:00, run_after=2023-07-10T00:00:00+00:00
[2023-07-10T01:51:23.556+0000] {processor.py:179} INFO - Processing /home/airflow/.local/lib/python3.7/site-packages/airflow/example_dags/example_branch_operator.py took 0.071 seconds
[2023-07-10T01:51:54.106+0000] {processor.py:157} INFO - Started process (PID=8690) to work on /home/airflow/.local/lib/python3.7/site-packages/airflow/example_dags/example_branch_operator.py
[2023-07-10T01:51:54.107+0000] {processor.py:826} INFO - Processing file /home/airflow/.local/lib/python3.7/site-packages/airflow/example_dags/example_branch_operator.py for tasks to queue
[2023-07-10T01:51:54.109+0000] {logging_mixin.py:149} INFO - [2023-07-10T01:51:54.109+0000] {dagbag.py:541} INFO - Filling up the DagBag from /home/airflow/.local/lib/python3.7/site-packages/airflow/example_dags/example_branch_operator.py
[2023-07-10T01:51:54.120+0000] {processor.py:836} INFO - DAG(s) dict_keys(['example_branch_operator']) retrieved from /home/airflow/.local/lib/python3.7/site-packages/airflow/example_dags/example_branch_operator.py
[2023-07-10T01:51:54.185+0000] {logging_mixin.py:149} INFO - [2023-07-10T01:51:54.185+0000] {dag.py:2726} INFO - Sync 1 DAGs
[2023-07-10T01:51:54.209+0000] {logging_mixin.py:149} INFO - [2023-07-10T01:51:54.209+0000] {dag.py:3490} INFO - Setting next_dagrun for example_branch_operator to 2023-07-09T00:00:00+00:00, run_after=2023-07-10T00:00:00+00:00
[2023-07-10T01:51:54.226+0000] {processor.py:179} INFO - Processing /home/airflow/.local/lib/python3.7/site-packages/airflow/example_dags/example_branch_operator.py took 0.123 seconds
[2023-07-10T01:52:24.938+0000] {processor.py:157} INFO - Started process (PID=8946) to work on /home/airflow/.local/lib/python3.7/site-packages/airflow/example_dags/example_branch_operator.py
[2023-07-10T01:52:24.939+0000] {processor.py:826} INFO - Processing file /home/airflow/.local/lib/python3.7/site-packages/airflow/example_dags/example_branch_operator.py for tasks to queue
[2023-07-10T01:52:24.939+0000] {logging_mixin.py:149} INFO - [2023-07-10T01:52:24.939+0000] {dagbag.py:541} INFO - Filling up the DagBag from /home/airflow/.local/lib/python3.7/site-packages/airflow/example_dags/example_branch_operator.py
[2023-07-10T01:52:24.947+0000] {processor.py:836} INFO - DAG(s) dict_keys(['example_branch_operator']) retrieved from /home/airflow/.local/lib/python3.7/site-packages/airflow/example_dags/example_branch_operator.py
[2023-07-10T01:52:24.970+0000] {logging_mixin.py:149} INFO - [2023-07-10T01:52:24.970+0000] {dag.py:2726} INFO - Sync 1 DAGs
[2023-07-10T01:52:24.992+0000] {logging_mixin.py:149} INFO - [2023-07-10T01:52:24.992+0000] {dag.py:3490} INFO - Setting next_dagrun for example_branch_operator to 2023-07-09T00:00:00+00:00, run_after=2023-07-10T00:00:00+00:00
[2023-07-10T01:52:25.009+0000] {processor.py:179} INFO - Processing /home/airflow/.local/lib/python3.7/site-packages/airflow/example_dags/example_branch_operator.py took 0.074 seconds
[2023-07-10T01:52:55.222+0000] {processor.py:157} INFO - Started process (PID=9210) to work on /home/airflow/.local/lib/python3.7/site-packages/airflow/example_dags/example_branch_operator.py
[2023-07-10T01:52:55.223+0000] {processor.py:826} INFO - Processing file /home/airflow/.local/lib/python3.7/site-packages/airflow/example_dags/example_branch_operator.py for tasks to queue
[2023-07-10T01:52:55.224+0000] {logging_mixin.py:149} INFO - [2023-07-10T01:52:55.223+0000] {dagbag.py:541} INFO - Filling up the DagBag from /home/airflow/.local/lib/python3.7/site-packages/airflow/example_dags/example_branch_operator.py
[2023-07-10T01:52:55.233+0000] {processor.py:836} INFO - DAG(s) dict_keys(['example_branch_operator']) retrieved from /home/airflow/.local/lib/python3.7/site-packages/airflow/example_dags/example_branch_operator.py
[2023-07-10T01:52:55.257+0000] {logging_mixin.py:149} INFO - [2023-07-10T01:52:55.257+0000] {dag.py:2726} INFO - Sync 1 DAGs
[2023-07-10T01:52:55.281+0000] {logging_mixin.py:149} INFO - [2023-07-10T01:52:55.280+0000] {dag.py:3490} INFO - Setting next_dagrun for example_branch_operator to 2023-07-09T00:00:00+00:00, run_after=2023-07-10T00:00:00+00:00
[2023-07-10T01:52:55.298+0000] {processor.py:179} INFO - Processing /home/airflow/.local/lib/python3.7/site-packages/airflow/example_dags/example_branch_operator.py took 0.080 seconds
[2023-07-10T01:53:25.389+0000] {processor.py:157} INFO - Started process (PID=9459) to work on /home/airflow/.local/lib/python3.7/site-packages/airflow/example_dags/example_branch_operator.py
[2023-07-10T01:53:25.390+0000] {processor.py:826} INFO - Processing file /home/airflow/.local/lib/python3.7/site-packages/airflow/example_dags/example_branch_operator.py for tasks to queue
[2023-07-10T01:53:25.391+0000] {logging_mixin.py:149} INFO - [2023-07-10T01:53:25.391+0000] {dagbag.py:541} INFO - Filling up the DagBag from /home/airflow/.local/lib/python3.7/site-packages/airflow/example_dags/example_branch_operator.py
[2023-07-10T01:53:25.399+0000] {processor.py:836} INFO - DAG(s) dict_keys(['example_branch_operator']) retrieved from /home/airflow/.local/lib/python3.7/site-packages/airflow/example_dags/example_branch_operator.py
[2023-07-10T01:53:25.422+0000] {logging_mixin.py:149} INFO - [2023-07-10T01:53:25.422+0000] {dag.py:2726} INFO - Sync 1 DAGs
[2023-07-10T01:53:25.443+0000] {logging_mixin.py:149} INFO - [2023-07-10T01:53:25.443+0000] {dag.py:3490} INFO - Setting next_dagrun for example_branch_operator to 2023-07-09T00:00:00+00:00, run_after=2023-07-10T00:00:00+00:00
[2023-07-10T01:53:25.459+0000] {processor.py:179} INFO - Processing /home/airflow/.local/lib/python3.7/site-packages/airflow/example_dags/example_branch_operator.py took 0.073 seconds
[2023-07-10T01:53:55.553+0000] {processor.py:157} INFO - Started process (PID=9709) to work on /home/airflow/.local/lib/python3.7/site-packages/airflow/example_dags/example_branch_operator.py
[2023-07-10T01:53:55.554+0000] {processor.py:826} INFO - Processing file /home/airflow/.local/lib/python3.7/site-packages/airflow/example_dags/example_branch_operator.py for tasks to queue
[2023-07-10T01:53:55.555+0000] {logging_mixin.py:149} INFO - [2023-07-10T01:53:55.555+0000] {dagbag.py:541} INFO - Filling up the DagBag from /home/airflow/.local/lib/python3.7/site-packages/airflow/example_dags/example_branch_operator.py
[2023-07-10T01:53:55.563+0000] {processor.py:836} INFO - DAG(s) dict_keys(['example_branch_operator']) retrieved from /home/airflow/.local/lib/python3.7/site-packages/airflow/example_dags/example_branch_operator.py
[2023-07-10T01:53:55.584+0000] {logging_mixin.py:149} INFO - [2023-07-10T01:53:55.584+0000] {dag.py:2726} INFO - Sync 1 DAGs
[2023-07-10T01:53:55.604+0000] {logging_mixin.py:149} INFO - [2023-07-10T01:53:55.604+0000] {dag.py:3490} INFO - Setting next_dagrun for example_branch_operator to 2023-07-09T00:00:00+00:00, run_after=2023-07-10T00:00:00+00:00
[2023-07-10T01:53:55.620+0000] {processor.py:179} INFO - Processing /home/airflow/.local/lib/python3.7/site-packages/airflow/example_dags/example_branch_operator.py took 0.069 seconds
[2023-07-10T01:54:25.663+0000] {processor.py:157} INFO - Started process (PID=9963) to work on /home/airflow/.local/lib/python3.7/site-packages/airflow/example_dags/example_branch_operator.py
[2023-07-10T01:54:25.664+0000] {processor.py:826} INFO - Processing file /home/airflow/.local/lib/python3.7/site-packages/airflow/example_dags/example_branch_operator.py for tasks to queue
[2023-07-10T01:54:25.665+0000] {logging_mixin.py:149} INFO - [2023-07-10T01:54:25.665+0000] {dagbag.py:541} INFO - Filling up the DagBag from /home/airflow/.local/lib/python3.7/site-packages/airflow/example_dags/example_branch_operator.py
[2023-07-10T01:54:25.673+0000] {processor.py:836} INFO - DAG(s) dict_keys(['example_branch_operator']) retrieved from /home/airflow/.local/lib/python3.7/site-packages/airflow/example_dags/example_branch_operator.py
[2023-07-10T01:54:25.694+0000] {logging_mixin.py:149} INFO - [2023-07-10T01:54:25.694+0000] {dag.py:2726} INFO - Sync 1 DAGs
[2023-07-10T01:54:25.716+0000] {logging_mixin.py:149} INFO - [2023-07-10T01:54:25.716+0000] {dag.py:3490} INFO - Setting next_dagrun for example_branch_operator to 2023-07-09T00:00:00+00:00, run_after=2023-07-10T00:00:00+00:00
[2023-07-10T01:54:25.733+0000] {processor.py:179} INFO - Processing /home/airflow/.local/lib/python3.7/site-packages/airflow/example_dags/example_branch_operator.py took 0.073 seconds
[2023-07-10T01:54:55.972+0000] {processor.py:157} INFO - Started process (PID=10217) to work on /home/airflow/.local/lib/python3.7/site-packages/airflow/example_dags/example_branch_operator.py
[2023-07-10T01:54:55.973+0000] {processor.py:826} INFO - Processing file /home/airflow/.local/lib/python3.7/site-packages/airflow/example_dags/example_branch_operator.py for tasks to queue
[2023-07-10T01:54:55.974+0000] {logging_mixin.py:149} INFO - [2023-07-10T01:54:55.974+0000] {dagbag.py:541} INFO - Filling up the DagBag from /home/airflow/.local/lib/python3.7/site-packages/airflow/example_dags/example_branch_operator.py
[2023-07-10T01:54:55.982+0000] {processor.py:836} INFO - DAG(s) dict_keys(['example_branch_operator']) retrieved from /home/airflow/.local/lib/python3.7/site-packages/airflow/example_dags/example_branch_operator.py
[2023-07-10T01:54:56.003+0000] {logging_mixin.py:149} INFO - [2023-07-10T01:54:56.003+0000] {dag.py:2726} INFO - Sync 1 DAGs
[2023-07-10T01:54:56.025+0000] {logging_mixin.py:149} INFO - [2023-07-10T01:54:56.024+0000] {dag.py:3490} INFO - Setting next_dagrun for example_branch_operator to 2023-07-09T00:00:00+00:00, run_after=2023-07-10T00:00:00+00:00
[2023-07-10T01:54:56.041+0000] {processor.py:179} INFO - Processing /home/airflow/.local/lib/python3.7/site-packages/airflow/example_dags/example_branch_operator.py took 0.072 seconds
[2023-07-10T01:55:26.112+0000] {processor.py:157} INFO - Started process (PID=10471) to work on /home/airflow/.local/lib/python3.7/site-packages/airflow/example_dags/example_branch_operator.py
[2023-07-10T01:55:26.113+0000] {processor.py:826} INFO - Processing file /home/airflow/.local/lib/python3.7/site-packages/airflow/example_dags/example_branch_operator.py for tasks to queue
[2023-07-10T01:55:26.113+0000] {logging_mixin.py:149} INFO - [2023-07-10T01:55:26.113+0000] {dagbag.py:541} INFO - Filling up the DagBag from /home/airflow/.local/lib/python3.7/site-packages/airflow/example_dags/example_branch_operator.py
[2023-07-10T01:55:26.121+0000] {processor.py:836} INFO - DAG(s) dict_keys(['example_branch_operator']) retrieved from /home/airflow/.local/lib/python3.7/site-packages/airflow/example_dags/example_branch_operator.py
[2023-07-10T01:55:26.141+0000] {logging_mixin.py:149} INFO - [2023-07-10T01:55:26.141+0000] {dag.py:2726} INFO - Sync 1 DAGs
[2023-07-10T01:55:26.162+0000] {logging_mixin.py:149} INFO - [2023-07-10T01:55:26.162+0000] {dag.py:3490} INFO - Setting next_dagrun for example_branch_operator to 2023-07-09T00:00:00+00:00, run_after=2023-07-10T00:00:00+00:00
[2023-07-10T01:55:26.178+0000] {processor.py:179} INFO - Processing /home/airflow/.local/lib/python3.7/site-packages/airflow/example_dags/example_branch_operator.py took 0.069 seconds
[2023-07-10T01:55:56.755+0000] {processor.py:157} INFO - Started process (PID=10723) to work on /home/airflow/.local/lib/python3.7/site-packages/airflow/example_dags/example_branch_operator.py
[2023-07-10T01:55:56.756+0000] {processor.py:826} INFO - Processing file /home/airflow/.local/lib/python3.7/site-packages/airflow/example_dags/example_branch_operator.py for tasks to queue
[2023-07-10T01:55:56.757+0000] {logging_mixin.py:149} INFO - [2023-07-10T01:55:56.757+0000] {dagbag.py:541} INFO - Filling up the DagBag from /home/airflow/.local/lib/python3.7/site-packages/airflow/example_dags/example_branch_operator.py
[2023-07-10T01:55:56.765+0000] {processor.py:836} INFO - DAG(s) dict_keys(['example_branch_operator']) retrieved from /home/airflow/.local/lib/python3.7/site-packages/airflow/example_dags/example_branch_operator.py
[2023-07-10T01:55:56.787+0000] {logging_mixin.py:149} INFO - [2023-07-10T01:55:56.787+0000] {dag.py:2726} INFO - Sync 1 DAGs
[2023-07-10T01:55:56.809+0000] {logging_mixin.py:149} INFO - [2023-07-10T01:55:56.809+0000] {dag.py:3490} INFO - Setting next_dagrun for example_branch_operator to 2023-07-09T00:00:00+00:00, run_after=2023-07-10T00:00:00+00:00
[2023-07-10T01:55:56.826+0000] {processor.py:179} INFO - Processing /home/airflow/.local/lib/python3.7/site-packages/airflow/example_dags/example_branch_operator.py took 0.073 seconds
[2023-07-10T01:56:27.438+0000] {processor.py:157} INFO - Started process (PID=10984) to work on /home/airflow/.local/lib/python3.7/site-packages/airflow/example_dags/example_branch_operator.py
[2023-07-10T01:56:27.440+0000] {processor.py:826} INFO - Processing file /home/airflow/.local/lib/python3.7/site-packages/airflow/example_dags/example_branch_operator.py for tasks to queue
[2023-07-10T01:56:27.441+0000] {logging_mixin.py:149} INFO - [2023-07-10T01:56:27.440+0000] {dagbag.py:541} INFO - Filling up the DagBag from /home/airflow/.local/lib/python3.7/site-packages/airflow/example_dags/example_branch_operator.py
[2023-07-10T01:56:27.448+0000] {processor.py:836} INFO - DAG(s) dict_keys(['example_branch_operator']) retrieved from /home/airflow/.local/lib/python3.7/site-packages/airflow/example_dags/example_branch_operator.py
[2023-07-10T01:56:27.472+0000] {logging_mixin.py:149} INFO - [2023-07-10T01:56:27.472+0000] {dag.py:2726} INFO - Sync 1 DAGs
[2023-07-10T01:56:27.494+0000] {logging_mixin.py:149} INFO - [2023-07-10T01:56:27.494+0000] {dag.py:3490} INFO - Setting next_dagrun for example_branch_operator to 2023-07-09T00:00:00+00:00, run_after=2023-07-10T00:00:00+00:00
[2023-07-10T01:56:27.511+0000] {processor.py:179} INFO - Processing /home/airflow/.local/lib/python3.7/site-packages/airflow/example_dags/example_branch_operator.py took 0.075 seconds
[2023-07-10T01:56:58.119+0000] {processor.py:157} INFO - Started process (PID=11238) to work on /home/airflow/.local/lib/python3.7/site-packages/airflow/example_dags/example_branch_operator.py
[2023-07-10T01:56:58.120+0000] {processor.py:826} INFO - Processing file /home/airflow/.local/lib/python3.7/site-packages/airflow/example_dags/example_branch_operator.py for tasks to queue
[2023-07-10T01:56:58.121+0000] {logging_mixin.py:149} INFO - [2023-07-10T01:56:58.121+0000] {dagbag.py:541} INFO - Filling up the DagBag from /home/airflow/.local/lib/python3.7/site-packages/airflow/example_dags/example_branch_operator.py
[2023-07-10T01:56:58.129+0000] {processor.py:836} INFO - DAG(s) dict_keys(['example_branch_operator']) retrieved from /home/airflow/.local/lib/python3.7/site-packages/airflow/example_dags/example_branch_operator.py
[2023-07-10T01:56:58.151+0000] {logging_mixin.py:149} INFO - [2023-07-10T01:56:58.151+0000] {dag.py:2726} INFO - Sync 1 DAGs
[2023-07-10T01:56:58.172+0000] {logging_mixin.py:149} INFO - [2023-07-10T01:56:58.172+0000] {dag.py:3490} INFO - Setting next_dagrun for example_branch_operator to 2023-07-09T00:00:00+00:00, run_after=2023-07-10T00:00:00+00:00
[2023-07-10T01:56:58.190+0000] {processor.py:179} INFO - Processing /home/airflow/.local/lib/python3.7/site-packages/airflow/example_dags/example_branch_operator.py took 0.074 seconds
[2023-07-10T01:57:28.225+0000] {processor.py:157} INFO - Started process (PID=11495) to work on /home/airflow/.local/lib/python3.7/site-packages/airflow/example_dags/example_branch_operator.py
[2023-07-10T01:57:28.226+0000] {processor.py:826} INFO - Processing file /home/airflow/.local/lib/python3.7/site-packages/airflow/example_dags/example_branch_operator.py for tasks to queue
[2023-07-10T01:57:28.227+0000] {logging_mixin.py:149} INFO - [2023-07-10T01:57:28.227+0000] {dagbag.py:541} INFO - Filling up the DagBag from /home/airflow/.local/lib/python3.7/site-packages/airflow/example_dags/example_branch_operator.py
[2023-07-10T01:57:28.236+0000] {processor.py:836} INFO - DAG(s) dict_keys(['example_branch_operator']) retrieved from /home/airflow/.local/lib/python3.7/site-packages/airflow/example_dags/example_branch_operator.py
[2023-07-10T01:57:28.258+0000] {logging_mixin.py:149} INFO - [2023-07-10T01:57:28.258+0000] {dag.py:2726} INFO - Sync 1 DAGs
[2023-07-10T01:57:28.283+0000] {logging_mixin.py:149} INFO - [2023-07-10T01:57:28.283+0000] {dag.py:3490} INFO - Setting next_dagrun for example_branch_operator to 2023-07-09T00:00:00+00:00, run_after=2023-07-10T00:00:00+00:00
[2023-07-10T01:57:28.299+0000] {processor.py:179} INFO - Processing /home/airflow/.local/lib/python3.7/site-packages/airflow/example_dags/example_branch_operator.py took 0.077 seconds
[2023-07-10T01:57:58.631+0000] {processor.py:157} INFO - Started process (PID=11756) to work on /home/airflow/.local/lib/python3.7/site-packages/airflow/example_dags/example_branch_operator.py
[2023-07-10T01:57:58.633+0000] {processor.py:826} INFO - Processing file /home/airflow/.local/lib/python3.7/site-packages/airflow/example_dags/example_branch_operator.py for tasks to queue
[2023-07-10T01:57:58.633+0000] {logging_mixin.py:149} INFO - [2023-07-10T01:57:58.633+0000] {dagbag.py:541} INFO - Filling up the DagBag from /home/airflow/.local/lib/python3.7/site-packages/airflow/example_dags/example_branch_operator.py
[2023-07-10T01:57:58.642+0000] {processor.py:836} INFO - DAG(s) dict_keys(['example_branch_operator']) retrieved from /home/airflow/.local/lib/python3.7/site-packages/airflow/example_dags/example_branch_operator.py
[2023-07-10T01:57:58.668+0000] {logging_mixin.py:149} INFO - [2023-07-10T01:57:58.668+0000] {dag.py:2726} INFO - Sync 1 DAGs
[2023-07-10T01:57:58.692+0000] {logging_mixin.py:149} INFO - [2023-07-10T01:57:58.692+0000] {dag.py:3490} INFO - Setting next_dagrun for example_branch_operator to 2023-07-09T00:00:00+00:00, run_after=2023-07-10T00:00:00+00:00
[2023-07-10T01:57:58.708+0000] {processor.py:179} INFO - Processing /home/airflow/.local/lib/python3.7/site-packages/airflow/example_dags/example_branch_operator.py took 0.080 seconds
[2023-07-10T01:58:29.261+0000] {processor.py:157} INFO - Started process (PID=12000) to work on /home/airflow/.local/lib/python3.7/site-packages/airflow/example_dags/example_branch_operator.py
[2023-07-10T01:58:29.262+0000] {processor.py:826} INFO - Processing file /home/airflow/.local/lib/python3.7/site-packages/airflow/example_dags/example_branch_operator.py for tasks to queue
[2023-07-10T01:58:29.262+0000] {logging_mixin.py:149} INFO - [2023-07-10T01:58:29.262+0000] {dagbag.py:541} INFO - Filling up the DagBag from /home/airflow/.local/lib/python3.7/site-packages/airflow/example_dags/example_branch_operator.py
[2023-07-10T01:58:29.270+0000] {processor.py:836} INFO - DAG(s) dict_keys(['example_branch_operator']) retrieved from /home/airflow/.local/lib/python3.7/site-packages/airflow/example_dags/example_branch_operator.py
[2023-07-10T01:58:29.295+0000] {logging_mixin.py:149} INFO - [2023-07-10T01:58:29.295+0000] {dag.py:2726} INFO - Sync 1 DAGs
[2023-07-10T01:58:29.320+0000] {logging_mixin.py:149} INFO - [2023-07-10T01:58:29.319+0000] {dag.py:3490} INFO - Setting next_dagrun for example_branch_operator to 2023-07-09T00:00:00+00:00, run_after=2023-07-10T00:00:00+00:00
[2023-07-10T01:58:29.337+0000] {processor.py:179} INFO - Processing /home/airflow/.local/lib/python3.7/site-packages/airflow/example_dags/example_branch_operator.py took 0.079 seconds
[2023-07-10T01:58:59.964+0000] {processor.py:157} INFO - Started process (PID=12254) to work on /home/airflow/.local/lib/python3.7/site-packages/airflow/example_dags/example_branch_operator.py
[2023-07-10T01:58:59.965+0000] {processor.py:826} INFO - Processing file /home/airflow/.local/lib/python3.7/site-packages/airflow/example_dags/example_branch_operator.py for tasks to queue
[2023-07-10T01:58:59.966+0000] {logging_mixin.py:149} INFO - [2023-07-10T01:58:59.966+0000] {dagbag.py:541} INFO - Filling up the DagBag from /home/airflow/.local/lib/python3.7/site-packages/airflow/example_dags/example_branch_operator.py
[2023-07-10T01:58:59.974+0000] {processor.py:836} INFO - DAG(s) dict_keys(['example_branch_operator']) retrieved from /home/airflow/.local/lib/python3.7/site-packages/airflow/example_dags/example_branch_operator.py
[2023-07-10T01:58:59.998+0000] {logging_mixin.py:149} INFO - [2023-07-10T01:58:59.998+0000] {dag.py:2726} INFO - Sync 1 DAGs
[2023-07-10T01:59:00.022+0000] {logging_mixin.py:149} INFO - [2023-07-10T01:59:00.022+0000] {dag.py:3490} INFO - Setting next_dagrun for example_branch_operator to 2023-07-09T00:00:00+00:00, run_after=2023-07-10T00:00:00+00:00
[2023-07-10T01:59:00.044+0000] {processor.py:179} INFO - Processing /home/airflow/.local/lib/python3.7/site-packages/airflow/example_dags/example_branch_operator.py took 0.083 seconds
