[2023-07-10T01:34:38.273+0000] {processor.py:157} INFO - Started process (PID=287) to work on /home/airflow/.local/lib/python3.7/site-packages/airflow/example_dags/example_params_ui_tutorial.py
[2023-07-10T01:34:38.274+0000] {processor.py:826} INFO - Processing file /home/airflow/.local/lib/python3.7/site-packages/airflow/example_dags/example_params_ui_tutorial.py for tasks to queue
[2023-07-10T01:34:38.275+0000] {logging_mixin.py:149} INFO - [2023-07-10T01:34:38.275+0000] {dagbag.py:541} INFO - Filling up the DagBag from /home/airflow/.local/lib/python3.7/site-packages/airflow/example_dags/example_params_ui_tutorial.py
[2023-07-10T01:34:38.317+0000] {processor.py:836} INFO - DAG(s) dict_keys(['example_params_ui_tutorial']) retrieved from /home/airflow/.local/lib/python3.7/site-packages/airflow/example_dags/example_params_ui_tutorial.py
[2023-07-10T01:34:38.490+0000] {logging_mixin.py:149} INFO - [2023-07-10T01:34:38.490+0000] {dag.py:2726} INFO - Sync 1 DAGs
[2023-07-10T01:34:38.583+0000] {logging_mixin.py:149} INFO - [2023-07-10T01:34:38.583+0000] {dag.py:3490} INFO - Setting next_dagrun for example_params_ui_tutorial to None, run_after=None
[2023-07-10T01:34:38.600+0000] {processor.py:179} INFO - Processing /home/airflow/.local/lib/python3.7/site-packages/airflow/example_dags/example_params_ui_tutorial.py took 0.330 seconds
[2023-07-10T01:35:09.311+0000] {processor.py:157} INFO - Started process (PID=537) to work on /home/airflow/.local/lib/python3.7/site-packages/airflow/example_dags/example_params_ui_tutorial.py
[2023-07-10T01:35:09.312+0000] {processor.py:826} INFO - Processing file /home/airflow/.local/lib/python3.7/site-packages/airflow/example_dags/example_params_ui_tutorial.py for tasks to queue
[2023-07-10T01:35:09.313+0000] {logging_mixin.py:149} INFO - [2023-07-10T01:35:09.312+0000] {dagbag.py:541} INFO - Filling up the DagBag from /home/airflow/.local/lib/python3.7/site-packages/airflow/example_dags/example_params_ui_tutorial.py
[2023-07-10T01:35:09.347+0000] {processor.py:836} INFO - DAG(s) dict_keys(['example_params_ui_tutorial']) retrieved from /home/airflow/.local/lib/python3.7/site-packages/airflow/example_dags/example_params_ui_tutorial.py
[2023-07-10T01:35:09.408+0000] {logging_mixin.py:149} INFO - [2023-07-10T01:35:09.408+0000] {dag.py:2726} INFO - Sync 1 DAGs
[2023-07-10T01:35:09.429+0000] {logging_mixin.py:149} INFO - [2023-07-10T01:35:09.429+0000] {dag.py:3490} INFO - Setting next_dagrun for example_params_ui_tutorial to None, run_after=None
[2023-07-10T01:35:09.446+0000] {processor.py:179} INFO - Processing /home/airflow/.local/lib/python3.7/site-packages/airflow/example_dags/example_params_ui_tutorial.py took 0.138 seconds
[2023-07-10T01:35:40.567+0000] {processor.py:157} INFO - Started process (PID=786) to work on /home/airflow/.local/lib/python3.7/site-packages/airflow/example_dags/example_params_ui_tutorial.py
[2023-07-10T01:35:40.568+0000] {processor.py:826} INFO - Processing file /home/airflow/.local/lib/python3.7/site-packages/airflow/example_dags/example_params_ui_tutorial.py for tasks to queue
[2023-07-10T01:35:40.568+0000] {logging_mixin.py:149} INFO - [2023-07-10T01:35:40.568+0000] {dagbag.py:541} INFO - Filling up the DagBag from /home/airflow/.local/lib/python3.7/site-packages/airflow/example_dags/example_params_ui_tutorial.py
[2023-07-10T01:35:40.603+0000] {processor.py:836} INFO - DAG(s) dict_keys(['example_params_ui_tutorial']) retrieved from /home/airflow/.local/lib/python3.7/site-packages/airflow/example_dags/example_params_ui_tutorial.py
[2023-07-10T01:35:40.662+0000] {logging_mixin.py:149} INFO - [2023-07-10T01:35:40.661+0000] {dag.py:2726} INFO - Sync 1 DAGs
[2023-07-10T01:35:40.751+0000] {logging_mixin.py:149} INFO - [2023-07-10T01:35:40.751+0000] {dag.py:3490} INFO - Setting next_dagrun for example_params_ui_tutorial to None, run_after=None
[2023-07-10T01:35:40.769+0000] {processor.py:179} INFO - Processing /home/airflow/.local/lib/python3.7/site-packages/airflow/example_dags/example_params_ui_tutorial.py took 0.205 seconds
[2023-07-10T01:36:11.895+0000] {processor.py:157} INFO - Started process (PID=1037) to work on /home/airflow/.local/lib/python3.7/site-packages/airflow/example_dags/example_params_ui_tutorial.py
[2023-07-10T01:36:11.896+0000] {processor.py:826} INFO - Processing file /home/airflow/.local/lib/python3.7/site-packages/airflow/example_dags/example_params_ui_tutorial.py for tasks to queue
[2023-07-10T01:36:11.897+0000] {logging_mixin.py:149} INFO - [2023-07-10T01:36:11.896+0000] {dagbag.py:541} INFO - Filling up the DagBag from /home/airflow/.local/lib/python3.7/site-packages/airflow/example_dags/example_params_ui_tutorial.py
[2023-07-10T01:36:11.999+0000] {processor.py:836} INFO - DAG(s) dict_keys(['example_params_ui_tutorial']) retrieved from /home/airflow/.local/lib/python3.7/site-packages/airflow/example_dags/example_params_ui_tutorial.py
[2023-07-10T01:36:12.053+0000] {logging_mixin.py:149} INFO - [2023-07-10T01:36:12.053+0000] {dag.py:2726} INFO - Sync 1 DAGs
[2023-07-10T01:36:12.073+0000] {logging_mixin.py:149} INFO - [2023-07-10T01:36:12.073+0000] {dag.py:3490} INFO - Setting next_dagrun for example_params_ui_tutorial to None, run_after=None
[2023-07-10T01:36:12.088+0000] {processor.py:179} INFO - Processing /home/airflow/.local/lib/python3.7/site-packages/airflow/example_dags/example_params_ui_tutorial.py took 0.196 seconds
[2023-07-10T01:36:42.626+0000] {processor.py:157} INFO - Started process (PID=1284) to work on /home/airflow/.local/lib/python3.7/site-packages/airflow/example_dags/example_params_ui_tutorial.py
[2023-07-10T01:36:42.627+0000] {processor.py:826} INFO - Processing file /home/airflow/.local/lib/python3.7/site-packages/airflow/example_dags/example_params_ui_tutorial.py for tasks to queue
[2023-07-10T01:36:42.628+0000] {logging_mixin.py:149} INFO - [2023-07-10T01:36:42.628+0000] {dagbag.py:541} INFO - Filling up the DagBag from /home/airflow/.local/lib/python3.7/site-packages/airflow/example_dags/example_params_ui_tutorial.py
[2023-07-10T01:36:42.666+0000] {processor.py:836} INFO - DAG(s) dict_keys(['example_params_ui_tutorial']) retrieved from /home/airflow/.local/lib/python3.7/site-packages/airflow/example_dags/example_params_ui_tutorial.py
[2023-07-10T01:36:42.725+0000] {logging_mixin.py:149} INFO - [2023-07-10T01:36:42.724+0000] {dag.py:2726} INFO - Sync 1 DAGs
[2023-07-10T01:36:42.745+0000] {logging_mixin.py:149} INFO - [2023-07-10T01:36:42.745+0000] {dag.py:3490} INFO - Setting next_dagrun for example_params_ui_tutorial to None, run_after=None
[2023-07-10T01:36:42.761+0000] {processor.py:179} INFO - Processing /home/airflow/.local/lib/python3.7/site-packages/airflow/example_dags/example_params_ui_tutorial.py took 0.137 seconds
[2023-07-10T01:37:12.824+0000] {processor.py:157} INFO - Started process (PID=1533) to work on /home/airflow/.local/lib/python3.7/site-packages/airflow/example_dags/example_params_ui_tutorial.py
[2023-07-10T01:37:12.825+0000] {processor.py:826} INFO - Processing file /home/airflow/.local/lib/python3.7/site-packages/airflow/example_dags/example_params_ui_tutorial.py for tasks to queue
[2023-07-10T01:37:12.826+0000] {logging_mixin.py:149} INFO - [2023-07-10T01:37:12.825+0000] {dagbag.py:541} INFO - Filling up the DagBag from /home/airflow/.local/lib/python3.7/site-packages/airflow/example_dags/example_params_ui_tutorial.py
[2023-07-10T01:37:12.863+0000] {processor.py:836} INFO - DAG(s) dict_keys(['example_params_ui_tutorial']) retrieved from /home/airflow/.local/lib/python3.7/site-packages/airflow/example_dags/example_params_ui_tutorial.py
[2023-07-10T01:37:12.922+0000] {logging_mixin.py:149} INFO - [2023-07-10T01:37:12.922+0000] {dag.py:2726} INFO - Sync 1 DAGs
[2023-07-10T01:37:12.945+0000] {logging_mixin.py:149} INFO - [2023-07-10T01:37:12.945+0000] {dag.py:3490} INFO - Setting next_dagrun for example_params_ui_tutorial to None, run_after=None
[2023-07-10T01:37:12.964+0000] {processor.py:179} INFO - Processing /home/airflow/.local/lib/python3.7/site-packages/airflow/example_dags/example_params_ui_tutorial.py took 0.142 seconds
[2023-07-10T01:37:43.070+0000] {processor.py:157} INFO - Started process (PID=1782) to work on /home/airflow/.local/lib/python3.7/site-packages/airflow/example_dags/example_params_ui_tutorial.py
[2023-07-10T01:37:43.071+0000] {processor.py:826} INFO - Processing file /home/airflow/.local/lib/python3.7/site-packages/airflow/example_dags/example_params_ui_tutorial.py for tasks to queue
[2023-07-10T01:37:43.072+0000] {logging_mixin.py:149} INFO - [2023-07-10T01:37:43.072+0000] {dagbag.py:541} INFO - Filling up the DagBag from /home/airflow/.local/lib/python3.7/site-packages/airflow/example_dags/example_params_ui_tutorial.py
[2023-07-10T01:37:43.108+0000] {processor.py:836} INFO - DAG(s) dict_keys(['example_params_ui_tutorial']) retrieved from /home/airflow/.local/lib/python3.7/site-packages/airflow/example_dags/example_params_ui_tutorial.py
[2023-07-10T01:37:43.170+0000] {logging_mixin.py:149} INFO - [2023-07-10T01:37:43.170+0000] {dag.py:2726} INFO - Sync 1 DAGs
[2023-07-10T01:37:43.193+0000] {logging_mixin.py:149} INFO - [2023-07-10T01:37:43.193+0000] {dag.py:3490} INFO - Setting next_dagrun for example_params_ui_tutorial to None, run_after=None
[2023-07-10T01:37:43.212+0000] {processor.py:179} INFO - Processing /home/airflow/.local/lib/python3.7/site-packages/airflow/example_dags/example_params_ui_tutorial.py took 0.144 seconds
[2023-07-10T01:38:13.507+0000] {processor.py:157} INFO - Started process (PID=2031) to work on /home/airflow/.local/lib/python3.7/site-packages/airflow/example_dags/example_params_ui_tutorial.py
[2023-07-10T01:38:13.508+0000] {processor.py:826} INFO - Processing file /home/airflow/.local/lib/python3.7/site-packages/airflow/example_dags/example_params_ui_tutorial.py for tasks to queue
[2023-07-10T01:38:13.509+0000] {logging_mixin.py:149} INFO - [2023-07-10T01:38:13.509+0000] {dagbag.py:541} INFO - Filling up the DagBag from /home/airflow/.local/lib/python3.7/site-packages/airflow/example_dags/example_params_ui_tutorial.py
[2023-07-10T01:38:13.550+0000] {processor.py:836} INFO - DAG(s) dict_keys(['example_params_ui_tutorial']) retrieved from /home/airflow/.local/lib/python3.7/site-packages/airflow/example_dags/example_params_ui_tutorial.py
[2023-07-10T01:38:13.611+0000] {logging_mixin.py:149} INFO - [2023-07-10T01:38:13.611+0000] {dag.py:2726} INFO - Sync 1 DAGs
[2023-07-10T01:38:13.636+0000] {logging_mixin.py:149} INFO - [2023-07-10T01:38:13.636+0000] {dag.py:3490} INFO - Setting next_dagrun for example_params_ui_tutorial to None, run_after=None
[2023-07-10T01:38:13.656+0000] {processor.py:179} INFO - Processing /home/airflow/.local/lib/python3.7/site-packages/airflow/example_dags/example_params_ui_tutorial.py took 0.151 seconds
[2023-07-10T01:38:44.321+0000] {processor.py:157} INFO - Started process (PID=2280) to work on /home/airflow/.local/lib/python3.7/site-packages/airflow/example_dags/example_params_ui_tutorial.py
[2023-07-10T01:38:44.323+0000] {processor.py:826} INFO - Processing file /home/airflow/.local/lib/python3.7/site-packages/airflow/example_dags/example_params_ui_tutorial.py for tasks to queue
[2023-07-10T01:38:44.324+0000] {logging_mixin.py:149} INFO - [2023-07-10T01:38:44.323+0000] {dagbag.py:541} INFO - Filling up the DagBag from /home/airflow/.local/lib/python3.7/site-packages/airflow/example_dags/example_params_ui_tutorial.py
[2023-07-10T01:38:44.363+0000] {processor.py:836} INFO - DAG(s) dict_keys(['example_params_ui_tutorial']) retrieved from /home/airflow/.local/lib/python3.7/site-packages/airflow/example_dags/example_params_ui_tutorial.py
[2023-07-10T01:38:44.373+0000] {logging_mixin.py:149} INFO - [2023-07-10T01:38:44.373+0000] {dag.py:2726} INFO - Sync 1 DAGs
[2023-07-10T01:38:44.395+0000] {logging_mixin.py:149} INFO - [2023-07-10T01:38:44.394+0000] {dag.py:3490} INFO - Setting next_dagrun for example_params_ui_tutorial to None, run_after=None
[2023-07-10T01:38:44.415+0000] {processor.py:179} INFO - Processing /home/airflow/.local/lib/python3.7/site-packages/airflow/example_dags/example_params_ui_tutorial.py took 0.096 seconds
[2023-07-10T01:39:14.930+0000] {processor.py:157} INFO - Started process (PID=2529) to work on /home/airflow/.local/lib/python3.7/site-packages/airflow/example_dags/example_params_ui_tutorial.py
[2023-07-10T01:39:14.931+0000] {processor.py:826} INFO - Processing file /home/airflow/.local/lib/python3.7/site-packages/airflow/example_dags/example_params_ui_tutorial.py for tasks to queue
[2023-07-10T01:39:14.932+0000] {logging_mixin.py:149} INFO - [2023-07-10T01:39:14.932+0000] {dagbag.py:541} INFO - Filling up the DagBag from /home/airflow/.local/lib/python3.7/site-packages/airflow/example_dags/example_params_ui_tutorial.py
[2023-07-10T01:39:14.967+0000] {processor.py:836} INFO - DAG(s) dict_keys(['example_params_ui_tutorial']) retrieved from /home/airflow/.local/lib/python3.7/site-packages/airflow/example_dags/example_params_ui_tutorial.py
[2023-07-10T01:39:15.020+0000] {logging_mixin.py:149} INFO - [2023-07-10T01:39:15.020+0000] {dag.py:2726} INFO - Sync 1 DAGs
[2023-07-10T01:39:15.041+0000] {logging_mixin.py:149} INFO - [2023-07-10T01:39:15.041+0000] {dag.py:3490} INFO - Setting next_dagrun for example_params_ui_tutorial to None, run_after=None
[2023-07-10T01:39:15.058+0000] {processor.py:179} INFO - Processing /home/airflow/.local/lib/python3.7/site-packages/airflow/example_dags/example_params_ui_tutorial.py took 0.130 seconds
[2023-07-10T01:39:46.110+0000] {processor.py:157} INFO - Started process (PID=2778) to work on /home/airflow/.local/lib/python3.7/site-packages/airflow/example_dags/example_params_ui_tutorial.py
[2023-07-10T01:39:46.111+0000] {processor.py:826} INFO - Processing file /home/airflow/.local/lib/python3.7/site-packages/airflow/example_dags/example_params_ui_tutorial.py for tasks to queue
[2023-07-10T01:39:46.112+0000] {logging_mixin.py:149} INFO - [2023-07-10T01:39:46.112+0000] {dagbag.py:541} INFO - Filling up the DagBag from /home/airflow/.local/lib/python3.7/site-packages/airflow/example_dags/example_params_ui_tutorial.py
[2023-07-10T01:39:46.146+0000] {processor.py:836} INFO - DAG(s) dict_keys(['example_params_ui_tutorial']) retrieved from /home/airflow/.local/lib/python3.7/site-packages/airflow/example_dags/example_params_ui_tutorial.py
[2023-07-10T01:39:46.201+0000] {logging_mixin.py:149} INFO - [2023-07-10T01:39:46.201+0000] {dag.py:2726} INFO - Sync 1 DAGs
[2023-07-10T01:39:46.222+0000] {logging_mixin.py:149} INFO - [2023-07-10T01:39:46.222+0000] {dag.py:3490} INFO - Setting next_dagrun for example_params_ui_tutorial to None, run_after=None
[2023-07-10T01:39:46.237+0000] {processor.py:179} INFO - Processing /home/airflow/.local/lib/python3.7/site-packages/airflow/example_dags/example_params_ui_tutorial.py took 0.129 seconds
[2023-07-10T01:40:17.142+0000] {processor.py:157} INFO - Started process (PID=3027) to work on /home/airflow/.local/lib/python3.7/site-packages/airflow/example_dags/example_params_ui_tutorial.py
[2023-07-10T01:40:17.143+0000] {processor.py:826} INFO - Processing file /home/airflow/.local/lib/python3.7/site-packages/airflow/example_dags/example_params_ui_tutorial.py for tasks to queue
[2023-07-10T01:40:17.144+0000] {logging_mixin.py:149} INFO - [2023-07-10T01:40:17.144+0000] {dagbag.py:541} INFO - Filling up the DagBag from /home/airflow/.local/lib/python3.7/site-packages/airflow/example_dags/example_params_ui_tutorial.py
[2023-07-10T01:40:17.179+0000] {processor.py:836} INFO - DAG(s) dict_keys(['example_params_ui_tutorial']) retrieved from /home/airflow/.local/lib/python3.7/site-packages/airflow/example_dags/example_params_ui_tutorial.py
[2023-07-10T01:40:17.236+0000] {logging_mixin.py:149} INFO - [2023-07-10T01:40:17.236+0000] {dag.py:2726} INFO - Sync 1 DAGs
[2023-07-10T01:40:17.255+0000] {logging_mixin.py:149} INFO - [2023-07-10T01:40:17.254+0000] {dag.py:3490} INFO - Setting next_dagrun for example_params_ui_tutorial to None, run_after=None
[2023-07-10T01:40:17.271+0000] {processor.py:179} INFO - Processing /home/airflow/.local/lib/python3.7/site-packages/airflow/example_dags/example_params_ui_tutorial.py took 0.131 seconds
[2023-07-10T01:40:47.674+0000] {processor.py:157} INFO - Started process (PID=3276) to work on /home/airflow/.local/lib/python3.7/site-packages/airflow/example_dags/example_params_ui_tutorial.py
[2023-07-10T01:40:47.676+0000] {processor.py:826} INFO - Processing file /home/airflow/.local/lib/python3.7/site-packages/airflow/example_dags/example_params_ui_tutorial.py for tasks to queue
[2023-07-10T01:40:47.676+0000] {logging_mixin.py:149} INFO - [2023-07-10T01:40:47.676+0000] {dagbag.py:541} INFO - Filling up the DagBag from /home/airflow/.local/lib/python3.7/site-packages/airflow/example_dags/example_params_ui_tutorial.py
[2023-07-10T01:40:47.712+0000] {processor.py:836} INFO - DAG(s) dict_keys(['example_params_ui_tutorial']) retrieved from /home/airflow/.local/lib/python3.7/site-packages/airflow/example_dags/example_params_ui_tutorial.py
[2023-07-10T01:40:47.770+0000] {logging_mixin.py:149} INFO - [2023-07-10T01:40:47.770+0000] {dag.py:2726} INFO - Sync 1 DAGs
[2023-07-10T01:40:47.790+0000] {logging_mixin.py:149} INFO - [2023-07-10T01:40:47.790+0000] {dag.py:3490} INFO - Setting next_dagrun for example_params_ui_tutorial to None, run_after=None
[2023-07-10T01:40:47.808+0000] {processor.py:179} INFO - Processing /home/airflow/.local/lib/python3.7/site-packages/airflow/example_dags/example_params_ui_tutorial.py took 0.136 seconds
[2023-07-10T01:41:18.336+0000] {processor.py:157} INFO - Started process (PID=3525) to work on /home/airflow/.local/lib/python3.7/site-packages/airflow/example_dags/example_params_ui_tutorial.py
[2023-07-10T01:41:18.337+0000] {processor.py:826} INFO - Processing file /home/airflow/.local/lib/python3.7/site-packages/airflow/example_dags/example_params_ui_tutorial.py for tasks to queue
[2023-07-10T01:41:18.338+0000] {logging_mixin.py:149} INFO - [2023-07-10T01:41:18.338+0000] {dagbag.py:541} INFO - Filling up the DagBag from /home/airflow/.local/lib/python3.7/site-packages/airflow/example_dags/example_params_ui_tutorial.py
[2023-07-10T01:41:18.373+0000] {processor.py:836} INFO - DAG(s) dict_keys(['example_params_ui_tutorial']) retrieved from /home/airflow/.local/lib/python3.7/site-packages/airflow/example_dags/example_params_ui_tutorial.py
[2023-07-10T01:41:18.433+0000] {logging_mixin.py:149} INFO - [2023-07-10T01:41:18.433+0000] {dag.py:2726} INFO - Sync 1 DAGs
[2023-07-10T01:41:18.453+0000] {logging_mixin.py:149} INFO - [2023-07-10T01:41:18.453+0000] {dag.py:3490} INFO - Setting next_dagrun for example_params_ui_tutorial to None, run_after=None
[2023-07-10T01:41:18.469+0000] {processor.py:179} INFO - Processing /home/airflow/.local/lib/python3.7/site-packages/airflow/example_dags/example_params_ui_tutorial.py took 0.136 seconds
[2023-07-10T01:41:49.074+0000] {processor.py:157} INFO - Started process (PID=3774) to work on /home/airflow/.local/lib/python3.7/site-packages/airflow/example_dags/example_params_ui_tutorial.py
[2023-07-10T01:41:49.075+0000] {processor.py:826} INFO - Processing file /home/airflow/.local/lib/python3.7/site-packages/airflow/example_dags/example_params_ui_tutorial.py for tasks to queue
[2023-07-10T01:41:49.076+0000] {logging_mixin.py:149} INFO - [2023-07-10T01:41:49.076+0000] {dagbag.py:541} INFO - Filling up the DagBag from /home/airflow/.local/lib/python3.7/site-packages/airflow/example_dags/example_params_ui_tutorial.py
[2023-07-10T01:41:49.111+0000] {processor.py:836} INFO - DAG(s) dict_keys(['example_params_ui_tutorial']) retrieved from /home/airflow/.local/lib/python3.7/site-packages/airflow/example_dags/example_params_ui_tutorial.py
[2023-07-10T01:41:49.167+0000] {logging_mixin.py:149} INFO - [2023-07-10T01:41:49.167+0000] {dag.py:2726} INFO - Sync 1 DAGs
[2023-07-10T01:41:49.191+0000] {logging_mixin.py:149} INFO - [2023-07-10T01:41:49.191+0000] {dag.py:3490} INFO - Setting next_dagrun for example_params_ui_tutorial to None, run_after=None
[2023-07-10T01:41:49.208+0000] {processor.py:179} INFO - Processing /home/airflow/.local/lib/python3.7/site-packages/airflow/example_dags/example_params_ui_tutorial.py took 0.136 seconds
[2023-07-10T01:42:19.666+0000] {processor.py:157} INFO - Started process (PID=4023) to work on /home/airflow/.local/lib/python3.7/site-packages/airflow/example_dags/example_params_ui_tutorial.py
[2023-07-10T01:42:19.667+0000] {processor.py:826} INFO - Processing file /home/airflow/.local/lib/python3.7/site-packages/airflow/example_dags/example_params_ui_tutorial.py for tasks to queue
[2023-07-10T01:42:19.668+0000] {logging_mixin.py:149} INFO - [2023-07-10T01:42:19.667+0000] {dagbag.py:541} INFO - Filling up the DagBag from /home/airflow/.local/lib/python3.7/site-packages/airflow/example_dags/example_params_ui_tutorial.py
[2023-07-10T01:42:19.704+0000] {processor.py:836} INFO - DAG(s) dict_keys(['example_params_ui_tutorial']) retrieved from /home/airflow/.local/lib/python3.7/site-packages/airflow/example_dags/example_params_ui_tutorial.py
[2023-07-10T01:42:19.760+0000] {logging_mixin.py:149} INFO - [2023-07-10T01:42:19.760+0000] {dag.py:2726} INFO - Sync 1 DAGs
[2023-07-10T01:42:19.780+0000] {logging_mixin.py:149} INFO - [2023-07-10T01:42:19.780+0000] {dag.py:3490} INFO - Setting next_dagrun for example_params_ui_tutorial to None, run_after=None
[2023-07-10T01:42:19.799+0000] {processor.py:179} INFO - Processing /home/airflow/.local/lib/python3.7/site-packages/airflow/example_dags/example_params_ui_tutorial.py took 0.136 seconds
[2023-07-10T01:42:50.243+0000] {processor.py:157} INFO - Started process (PID=4272) to work on /home/airflow/.local/lib/python3.7/site-packages/airflow/example_dags/example_params_ui_tutorial.py
[2023-07-10T01:42:50.244+0000] {processor.py:826} INFO - Processing file /home/airflow/.local/lib/python3.7/site-packages/airflow/example_dags/example_params_ui_tutorial.py for tasks to queue
[2023-07-10T01:42:50.245+0000] {logging_mixin.py:149} INFO - [2023-07-10T01:42:50.245+0000] {dagbag.py:541} INFO - Filling up the DagBag from /home/airflow/.local/lib/python3.7/site-packages/airflow/example_dags/example_params_ui_tutorial.py
[2023-07-10T01:42:50.280+0000] {processor.py:836} INFO - DAG(s) dict_keys(['example_params_ui_tutorial']) retrieved from /home/airflow/.local/lib/python3.7/site-packages/airflow/example_dags/example_params_ui_tutorial.py
[2023-07-10T01:42:50.336+0000] {logging_mixin.py:149} INFO - [2023-07-10T01:42:50.336+0000] {dag.py:2726} INFO - Sync 1 DAGs
[2023-07-10T01:42:50.356+0000] {logging_mixin.py:149} INFO - [2023-07-10T01:42:50.356+0000] {dag.py:3490} INFO - Setting next_dagrun for example_params_ui_tutorial to None, run_after=None
[2023-07-10T01:42:50.374+0000] {processor.py:179} INFO - Processing /home/airflow/.local/lib/python3.7/site-packages/airflow/example_dags/example_params_ui_tutorial.py took 0.134 seconds
[2023-07-10T01:43:20.804+0000] {processor.py:157} INFO - Started process (PID=4521) to work on /home/airflow/.local/lib/python3.7/site-packages/airflow/example_dags/example_params_ui_tutorial.py
[2023-07-10T01:43:20.805+0000] {processor.py:826} INFO - Processing file /home/airflow/.local/lib/python3.7/site-packages/airflow/example_dags/example_params_ui_tutorial.py for tasks to queue
[2023-07-10T01:43:20.806+0000] {logging_mixin.py:149} INFO - [2023-07-10T01:43:20.806+0000] {dagbag.py:541} INFO - Filling up the DagBag from /home/airflow/.local/lib/python3.7/site-packages/airflow/example_dags/example_params_ui_tutorial.py
[2023-07-10T01:43:20.839+0000] {processor.py:836} INFO - DAG(s) dict_keys(['example_params_ui_tutorial']) retrieved from /home/airflow/.local/lib/python3.7/site-packages/airflow/example_dags/example_params_ui_tutorial.py
[2023-07-10T01:43:20.894+0000] {logging_mixin.py:149} INFO - [2023-07-10T01:43:20.894+0000] {dag.py:2726} INFO - Sync 1 DAGs
[2023-07-10T01:43:20.915+0000] {logging_mixin.py:149} INFO - [2023-07-10T01:43:20.915+0000] {dag.py:3490} INFO - Setting next_dagrun for example_params_ui_tutorial to None, run_after=None
[2023-07-10T01:43:20.932+0000] {processor.py:179} INFO - Processing /home/airflow/.local/lib/python3.7/site-packages/airflow/example_dags/example_params_ui_tutorial.py took 0.130 seconds
[2023-07-10T01:43:51.323+0000] {processor.py:157} INFO - Started process (PID=4771) to work on /home/airflow/.local/lib/python3.7/site-packages/airflow/example_dags/example_params_ui_tutorial.py
[2023-07-10T01:43:51.324+0000] {processor.py:826} INFO - Processing file /home/airflow/.local/lib/python3.7/site-packages/airflow/example_dags/example_params_ui_tutorial.py for tasks to queue
[2023-07-10T01:43:51.325+0000] {logging_mixin.py:149} INFO - [2023-07-10T01:43:51.324+0000] {dagbag.py:541} INFO - Filling up the DagBag from /home/airflow/.local/lib/python3.7/site-packages/airflow/example_dags/example_params_ui_tutorial.py
[2023-07-10T01:43:51.359+0000] {processor.py:836} INFO - DAG(s) dict_keys(['example_params_ui_tutorial']) retrieved from /home/airflow/.local/lib/python3.7/site-packages/airflow/example_dags/example_params_ui_tutorial.py
[2023-07-10T01:43:51.416+0000] {logging_mixin.py:149} INFO - [2023-07-10T01:43:51.416+0000] {dag.py:2726} INFO - Sync 1 DAGs
[2023-07-10T01:43:51.436+0000] {logging_mixin.py:149} INFO - [2023-07-10T01:43:51.436+0000] {dag.py:3490} INFO - Setting next_dagrun for example_params_ui_tutorial to None, run_after=None
[2023-07-10T01:43:51.452+0000] {processor.py:179} INFO - Processing /home/airflow/.local/lib/python3.7/site-packages/airflow/example_dags/example_params_ui_tutorial.py took 0.133 seconds
[2023-07-10T01:44:22.061+0000] {processor.py:157} INFO - Started process (PID=5020) to work on /home/airflow/.local/lib/python3.7/site-packages/airflow/example_dags/example_params_ui_tutorial.py
[2023-07-10T01:44:22.063+0000] {processor.py:826} INFO - Processing file /home/airflow/.local/lib/python3.7/site-packages/airflow/example_dags/example_params_ui_tutorial.py for tasks to queue
[2023-07-10T01:44:22.064+0000] {logging_mixin.py:149} INFO - [2023-07-10T01:44:22.064+0000] {dagbag.py:541} INFO - Filling up the DagBag from /home/airflow/.local/lib/python3.7/site-packages/airflow/example_dags/example_params_ui_tutorial.py
[2023-07-10T01:44:22.103+0000] {processor.py:836} INFO - DAG(s) dict_keys(['example_params_ui_tutorial']) retrieved from /home/airflow/.local/lib/python3.7/site-packages/airflow/example_dags/example_params_ui_tutorial.py
[2023-07-10T01:44:22.159+0000] {logging_mixin.py:149} INFO - [2023-07-10T01:44:22.159+0000] {dag.py:2726} INFO - Sync 1 DAGs
[2023-07-10T01:44:22.180+0000] {logging_mixin.py:149} INFO - [2023-07-10T01:44:22.180+0000] {dag.py:3490} INFO - Setting next_dagrun for example_params_ui_tutorial to None, run_after=None
[2023-07-10T01:44:22.200+0000] {processor.py:179} INFO - Processing /home/airflow/.local/lib/python3.7/site-packages/airflow/example_dags/example_params_ui_tutorial.py took 0.141 seconds
[2023-07-10T01:44:52.702+0000] {processor.py:157} INFO - Started process (PID=5269) to work on /home/airflow/.local/lib/python3.7/site-packages/airflow/example_dags/example_params_ui_tutorial.py
[2023-07-10T01:44:52.703+0000] {processor.py:826} INFO - Processing file /home/airflow/.local/lib/python3.7/site-packages/airflow/example_dags/example_params_ui_tutorial.py for tasks to queue
[2023-07-10T01:44:52.704+0000] {logging_mixin.py:149} INFO - [2023-07-10T01:44:52.704+0000] {dagbag.py:541} INFO - Filling up the DagBag from /home/airflow/.local/lib/python3.7/site-packages/airflow/example_dags/example_params_ui_tutorial.py
[2023-07-10T01:44:52.740+0000] {processor.py:836} INFO - DAG(s) dict_keys(['example_params_ui_tutorial']) retrieved from /home/airflow/.local/lib/python3.7/site-packages/airflow/example_dags/example_params_ui_tutorial.py
[2023-07-10T01:44:52.794+0000] {logging_mixin.py:149} INFO - [2023-07-10T01:44:52.794+0000] {dag.py:2726} INFO - Sync 1 DAGs
[2023-07-10T01:44:52.814+0000] {logging_mixin.py:149} INFO - [2023-07-10T01:44:52.814+0000] {dag.py:3490} INFO - Setting next_dagrun for example_params_ui_tutorial to None, run_after=None
[2023-07-10T01:44:52.834+0000] {processor.py:179} INFO - Processing /home/airflow/.local/lib/python3.7/site-packages/airflow/example_dags/example_params_ui_tutorial.py took 0.134 seconds
[2023-07-10T01:45:23.270+0000] {processor.py:157} INFO - Started process (PID=5518) to work on /home/airflow/.local/lib/python3.7/site-packages/airflow/example_dags/example_params_ui_tutorial.py
[2023-07-10T01:45:23.271+0000] {processor.py:826} INFO - Processing file /home/airflow/.local/lib/python3.7/site-packages/airflow/example_dags/example_params_ui_tutorial.py for tasks to queue
[2023-07-10T01:45:23.272+0000] {logging_mixin.py:149} INFO - [2023-07-10T01:45:23.272+0000] {dagbag.py:541} INFO - Filling up the DagBag from /home/airflow/.local/lib/python3.7/site-packages/airflow/example_dags/example_params_ui_tutorial.py
[2023-07-10T01:45:23.308+0000] {processor.py:836} INFO - DAG(s) dict_keys(['example_params_ui_tutorial']) retrieved from /home/airflow/.local/lib/python3.7/site-packages/airflow/example_dags/example_params_ui_tutorial.py
[2023-07-10T01:45:23.366+0000] {logging_mixin.py:149} INFO - [2023-07-10T01:45:23.366+0000] {dag.py:2726} INFO - Sync 1 DAGs
[2023-07-10T01:45:23.387+0000] {logging_mixin.py:149} INFO - [2023-07-10T01:45:23.386+0000] {dag.py:3490} INFO - Setting next_dagrun for example_params_ui_tutorial to None, run_after=None
[2023-07-10T01:45:23.408+0000] {processor.py:179} INFO - Processing /home/airflow/.local/lib/python3.7/site-packages/airflow/example_dags/example_params_ui_tutorial.py took 0.141 seconds
[2023-07-10T01:45:53.814+0000] {processor.py:157} INFO - Started process (PID=5767) to work on /home/airflow/.local/lib/python3.7/site-packages/airflow/example_dags/example_params_ui_tutorial.py
[2023-07-10T01:45:53.815+0000] {processor.py:826} INFO - Processing file /home/airflow/.local/lib/python3.7/site-packages/airflow/example_dags/example_params_ui_tutorial.py for tasks to queue
[2023-07-10T01:45:53.816+0000] {logging_mixin.py:149} INFO - [2023-07-10T01:45:53.816+0000] {dagbag.py:541} INFO - Filling up the DagBag from /home/airflow/.local/lib/python3.7/site-packages/airflow/example_dags/example_params_ui_tutorial.py
[2023-07-10T01:45:53.850+0000] {processor.py:836} INFO - DAG(s) dict_keys(['example_params_ui_tutorial']) retrieved from /home/airflow/.local/lib/python3.7/site-packages/airflow/example_dags/example_params_ui_tutorial.py
[2023-07-10T01:45:53.907+0000] {logging_mixin.py:149} INFO - [2023-07-10T01:45:53.907+0000] {dag.py:2726} INFO - Sync 1 DAGs
[2023-07-10T01:45:53.927+0000] {logging_mixin.py:149} INFO - [2023-07-10T01:45:53.927+0000] {dag.py:3490} INFO - Setting next_dagrun for example_params_ui_tutorial to None, run_after=None
[2023-07-10T01:45:53.943+0000] {processor.py:179} INFO - Processing /home/airflow/.local/lib/python3.7/site-packages/airflow/example_dags/example_params_ui_tutorial.py took 0.132 seconds
[2023-07-10T01:46:24.554+0000] {processor.py:157} INFO - Started process (PID=6016) to work on /home/airflow/.local/lib/python3.7/site-packages/airflow/example_dags/example_params_ui_tutorial.py
[2023-07-10T01:46:24.555+0000] {processor.py:826} INFO - Processing file /home/airflow/.local/lib/python3.7/site-packages/airflow/example_dags/example_params_ui_tutorial.py for tasks to queue
[2023-07-10T01:46:24.556+0000] {logging_mixin.py:149} INFO - [2023-07-10T01:46:24.556+0000] {dagbag.py:541} INFO - Filling up the DagBag from /home/airflow/.local/lib/python3.7/site-packages/airflow/example_dags/example_params_ui_tutorial.py
[2023-07-10T01:46:24.595+0000] {processor.py:836} INFO - DAG(s) dict_keys(['example_params_ui_tutorial']) retrieved from /home/airflow/.local/lib/python3.7/site-packages/airflow/example_dags/example_params_ui_tutorial.py
[2023-07-10T01:46:24.654+0000] {logging_mixin.py:149} INFO - [2023-07-10T01:46:24.654+0000] {dag.py:2726} INFO - Sync 1 DAGs
[2023-07-10T01:46:24.676+0000] {logging_mixin.py:149} INFO - [2023-07-10T01:46:24.676+0000] {dag.py:3490} INFO - Setting next_dagrun for example_params_ui_tutorial to None, run_after=None
[2023-07-10T01:46:24.694+0000] {processor.py:179} INFO - Processing /home/airflow/.local/lib/python3.7/site-packages/airflow/example_dags/example_params_ui_tutorial.py took 0.143 seconds
[2023-07-10T01:46:55.246+0000] {processor.py:157} INFO - Started process (PID=6265) to work on /home/airflow/.local/lib/python3.7/site-packages/airflow/example_dags/example_params_ui_tutorial.py
[2023-07-10T01:46:55.247+0000] {processor.py:826} INFO - Processing file /home/airflow/.local/lib/python3.7/site-packages/airflow/example_dags/example_params_ui_tutorial.py for tasks to queue
[2023-07-10T01:46:55.248+0000] {logging_mixin.py:149} INFO - [2023-07-10T01:46:55.247+0000] {dagbag.py:541} INFO - Filling up the DagBag from /home/airflow/.local/lib/python3.7/site-packages/airflow/example_dags/example_params_ui_tutorial.py
[2023-07-10T01:46:55.283+0000] {processor.py:836} INFO - DAG(s) dict_keys(['example_params_ui_tutorial']) retrieved from /home/airflow/.local/lib/python3.7/site-packages/airflow/example_dags/example_params_ui_tutorial.py
[2023-07-10T01:46:55.343+0000] {logging_mixin.py:149} INFO - [2023-07-10T01:46:55.343+0000] {dag.py:2726} INFO - Sync 1 DAGs
[2023-07-10T01:46:55.365+0000] {logging_mixin.py:149} INFO - [2023-07-10T01:46:55.365+0000] {dag.py:3490} INFO - Setting next_dagrun for example_params_ui_tutorial to None, run_after=None
[2023-07-10T01:46:55.382+0000] {processor.py:179} INFO - Processing /home/airflow/.local/lib/python3.7/site-packages/airflow/example_dags/example_params_ui_tutorial.py took 0.139 seconds
[2023-07-10T01:47:25.829+0000] {processor.py:157} INFO - Started process (PID=6514) to work on /home/airflow/.local/lib/python3.7/site-packages/airflow/example_dags/example_params_ui_tutorial.py
[2023-07-10T01:47:25.830+0000] {processor.py:826} INFO - Processing file /home/airflow/.local/lib/python3.7/site-packages/airflow/example_dags/example_params_ui_tutorial.py for tasks to queue
[2023-07-10T01:47:25.830+0000] {logging_mixin.py:149} INFO - [2023-07-10T01:47:25.830+0000] {dagbag.py:541} INFO - Filling up the DagBag from /home/airflow/.local/lib/python3.7/site-packages/airflow/example_dags/example_params_ui_tutorial.py
[2023-07-10T01:47:25.865+0000] {processor.py:836} INFO - DAG(s) dict_keys(['example_params_ui_tutorial']) retrieved from /home/airflow/.local/lib/python3.7/site-packages/airflow/example_dags/example_params_ui_tutorial.py
[2023-07-10T01:47:25.920+0000] {logging_mixin.py:149} INFO - [2023-07-10T01:47:25.920+0000] {dag.py:2726} INFO - Sync 1 DAGs
[2023-07-10T01:47:25.940+0000] {logging_mixin.py:149} INFO - [2023-07-10T01:47:25.940+0000] {dag.py:3490} INFO - Setting next_dagrun for example_params_ui_tutorial to None, run_after=None
[2023-07-10T01:47:25.957+0000] {processor.py:179} INFO - Processing /home/airflow/.local/lib/python3.7/site-packages/airflow/example_dags/example_params_ui_tutorial.py took 0.131 seconds
[2023-07-10T01:47:56.320+0000] {processor.py:157} INFO - Started process (PID=6763) to work on /home/airflow/.local/lib/python3.7/site-packages/airflow/example_dags/example_params_ui_tutorial.py
[2023-07-10T01:47:56.321+0000] {processor.py:826} INFO - Processing file /home/airflow/.local/lib/python3.7/site-packages/airflow/example_dags/example_params_ui_tutorial.py for tasks to queue
[2023-07-10T01:47:56.322+0000] {logging_mixin.py:149} INFO - [2023-07-10T01:47:56.322+0000] {dagbag.py:541} INFO - Filling up the DagBag from /home/airflow/.local/lib/python3.7/site-packages/airflow/example_dags/example_params_ui_tutorial.py
[2023-07-10T01:47:56.358+0000] {processor.py:836} INFO - DAG(s) dict_keys(['example_params_ui_tutorial']) retrieved from /home/airflow/.local/lib/python3.7/site-packages/airflow/example_dags/example_params_ui_tutorial.py
[2023-07-10T01:47:56.413+0000] {logging_mixin.py:149} INFO - [2023-07-10T01:47:56.413+0000] {dag.py:2726} INFO - Sync 1 DAGs
[2023-07-10T01:47:56.435+0000] {logging_mixin.py:149} INFO - [2023-07-10T01:47:56.435+0000] {dag.py:3490} INFO - Setting next_dagrun for example_params_ui_tutorial to None, run_after=None
[2023-07-10T01:47:56.453+0000] {processor.py:179} INFO - Processing /home/airflow/.local/lib/python3.7/site-packages/airflow/example_dags/example_params_ui_tutorial.py took 0.135 seconds
[2023-07-10T01:48:26.773+0000] {processor.py:157} INFO - Started process (PID=7012) to work on /home/airflow/.local/lib/python3.7/site-packages/airflow/example_dags/example_params_ui_tutorial.py
[2023-07-10T01:48:26.774+0000] {processor.py:826} INFO - Processing file /home/airflow/.local/lib/python3.7/site-packages/airflow/example_dags/example_params_ui_tutorial.py for tasks to queue
[2023-07-10T01:48:26.775+0000] {logging_mixin.py:149} INFO - [2023-07-10T01:48:26.775+0000] {dagbag.py:541} INFO - Filling up the DagBag from /home/airflow/.local/lib/python3.7/site-packages/airflow/example_dags/example_params_ui_tutorial.py
[2023-07-10T01:48:26.810+0000] {processor.py:836} INFO - DAG(s) dict_keys(['example_params_ui_tutorial']) retrieved from /home/airflow/.local/lib/python3.7/site-packages/airflow/example_dags/example_params_ui_tutorial.py
[2023-07-10T01:48:26.874+0000] {logging_mixin.py:149} INFO - [2023-07-10T01:48:26.874+0000] {dag.py:2726} INFO - Sync 1 DAGs
[2023-07-10T01:48:26.897+0000] {logging_mixin.py:149} INFO - [2023-07-10T01:48:26.897+0000] {dag.py:3490} INFO - Setting next_dagrun for example_params_ui_tutorial to None, run_after=None
[2023-07-10T01:48:26.914+0000] {processor.py:179} INFO - Processing /home/airflow/.local/lib/python3.7/site-packages/airflow/example_dags/example_params_ui_tutorial.py took 0.144 seconds
[2023-07-10T01:48:57.425+0000] {processor.py:157} INFO - Started process (PID=7261) to work on /home/airflow/.local/lib/python3.7/site-packages/airflow/example_dags/example_params_ui_tutorial.py
[2023-07-10T01:48:57.426+0000] {processor.py:826} INFO - Processing file /home/airflow/.local/lib/python3.7/site-packages/airflow/example_dags/example_params_ui_tutorial.py for tasks to queue
[2023-07-10T01:48:57.427+0000] {logging_mixin.py:149} INFO - [2023-07-10T01:48:57.427+0000] {dagbag.py:541} INFO - Filling up the DagBag from /home/airflow/.local/lib/python3.7/site-packages/airflow/example_dags/example_params_ui_tutorial.py
[2023-07-10T01:48:57.462+0000] {processor.py:836} INFO - DAG(s) dict_keys(['example_params_ui_tutorial']) retrieved from /home/airflow/.local/lib/python3.7/site-packages/airflow/example_dags/example_params_ui_tutorial.py
[2023-07-10T01:48:57.518+0000] {logging_mixin.py:149} INFO - [2023-07-10T01:48:57.518+0000] {dag.py:2726} INFO - Sync 1 DAGs
[2023-07-10T01:48:57.538+0000] {logging_mixin.py:149} INFO - [2023-07-10T01:48:57.537+0000] {dag.py:3490} INFO - Setting next_dagrun for example_params_ui_tutorial to None, run_after=None
[2023-07-10T01:48:57.556+0000] {processor.py:179} INFO - Processing /home/airflow/.local/lib/python3.7/site-packages/airflow/example_dags/example_params_ui_tutorial.py took 0.135 seconds
[2023-07-10T01:49:27.869+0000] {processor.py:157} INFO - Started process (PID=7510) to work on /home/airflow/.local/lib/python3.7/site-packages/airflow/example_dags/example_params_ui_tutorial.py
[2023-07-10T01:49:27.870+0000] {processor.py:826} INFO - Processing file /home/airflow/.local/lib/python3.7/site-packages/airflow/example_dags/example_params_ui_tutorial.py for tasks to queue
[2023-07-10T01:49:27.871+0000] {logging_mixin.py:149} INFO - [2023-07-10T01:49:27.871+0000] {dagbag.py:541} INFO - Filling up the DagBag from /home/airflow/.local/lib/python3.7/site-packages/airflow/example_dags/example_params_ui_tutorial.py
[2023-07-10T01:49:27.906+0000] {processor.py:836} INFO - DAG(s) dict_keys(['example_params_ui_tutorial']) retrieved from /home/airflow/.local/lib/python3.7/site-packages/airflow/example_dags/example_params_ui_tutorial.py
[2023-07-10T01:49:27.962+0000] {logging_mixin.py:149} INFO - [2023-07-10T01:49:27.961+0000] {dag.py:2726} INFO - Sync 1 DAGs
[2023-07-10T01:49:27.981+0000] {logging_mixin.py:149} INFO - [2023-07-10T01:49:27.981+0000] {dag.py:3490} INFO - Setting next_dagrun for example_params_ui_tutorial to None, run_after=None
[2023-07-10T01:49:27.997+0000] {processor.py:179} INFO - Processing /home/airflow/.local/lib/python3.7/site-packages/airflow/example_dags/example_params_ui_tutorial.py took 0.131 seconds
[2023-07-10T01:49:58.478+0000] {processor.py:157} INFO - Started process (PID=7764) to work on /home/airflow/.local/lib/python3.7/site-packages/airflow/example_dags/example_params_ui_tutorial.py
[2023-07-10T01:49:58.480+0000] {processor.py:826} INFO - Processing file /home/airflow/.local/lib/python3.7/site-packages/airflow/example_dags/example_params_ui_tutorial.py for tasks to queue
[2023-07-10T01:49:58.480+0000] {logging_mixin.py:149} INFO - [2023-07-10T01:49:58.480+0000] {dagbag.py:541} INFO - Filling up the DagBag from /home/airflow/.local/lib/python3.7/site-packages/airflow/example_dags/example_params_ui_tutorial.py
[2023-07-10T01:49:58.514+0000] {processor.py:836} INFO - DAG(s) dict_keys(['example_params_ui_tutorial']) retrieved from /home/airflow/.local/lib/python3.7/site-packages/airflow/example_dags/example_params_ui_tutorial.py
[2023-07-10T01:49:58.569+0000] {logging_mixin.py:149} INFO - [2023-07-10T01:49:58.569+0000] {dag.py:2726} INFO - Sync 1 DAGs
[2023-07-10T01:49:58.590+0000] {logging_mixin.py:149} INFO - [2023-07-10T01:49:58.590+0000] {dag.py:3490} INFO - Setting next_dagrun for example_params_ui_tutorial to None, run_after=None
[2023-07-10T01:49:58.607+0000] {processor.py:179} INFO - Processing /home/airflow/.local/lib/python3.7/site-packages/airflow/example_dags/example_params_ui_tutorial.py took 0.132 seconds
[2023-07-10T01:50:29.211+0000] {processor.py:157} INFO - Started process (PID=8018) to work on /home/airflow/.local/lib/python3.7/site-packages/airflow/example_dags/example_params_ui_tutorial.py
[2023-07-10T01:50:29.212+0000] {processor.py:826} INFO - Processing file /home/airflow/.local/lib/python3.7/site-packages/airflow/example_dags/example_params_ui_tutorial.py for tasks to queue
[2023-07-10T01:50:29.213+0000] {logging_mixin.py:149} INFO - [2023-07-10T01:50:29.213+0000] {dagbag.py:541} INFO - Filling up the DagBag from /home/airflow/.local/lib/python3.7/site-packages/airflow/example_dags/example_params_ui_tutorial.py
[2023-07-10T01:50:29.250+0000] {processor.py:836} INFO - DAG(s) dict_keys(['example_params_ui_tutorial']) retrieved from /home/airflow/.local/lib/python3.7/site-packages/airflow/example_dags/example_params_ui_tutorial.py
[2023-07-10T01:50:29.306+0000] {logging_mixin.py:149} INFO - [2023-07-10T01:50:29.305+0000] {dag.py:2726} INFO - Sync 1 DAGs
[2023-07-10T01:50:29.329+0000] {logging_mixin.py:149} INFO - [2023-07-10T01:50:29.329+0000] {dag.py:3490} INFO - Setting next_dagrun for example_params_ui_tutorial to None, run_after=None
[2023-07-10T01:50:29.347+0000] {processor.py:179} INFO - Processing /home/airflow/.local/lib/python3.7/site-packages/airflow/example_dags/example_params_ui_tutorial.py took 0.138 seconds
[2023-07-10T01:50:59.753+0000] {processor.py:157} INFO - Started process (PID=8272) to work on /home/airflow/.local/lib/python3.7/site-packages/airflow/example_dags/example_params_ui_tutorial.py
[2023-07-10T01:50:59.754+0000] {processor.py:826} INFO - Processing file /home/airflow/.local/lib/python3.7/site-packages/airflow/example_dags/example_params_ui_tutorial.py for tasks to queue
[2023-07-10T01:50:59.754+0000] {logging_mixin.py:149} INFO - [2023-07-10T01:50:59.754+0000] {dagbag.py:541} INFO - Filling up the DagBag from /home/airflow/.local/lib/python3.7/site-packages/airflow/example_dags/example_params_ui_tutorial.py
[2023-07-10T01:50:59.790+0000] {processor.py:836} INFO - DAG(s) dict_keys(['example_params_ui_tutorial']) retrieved from /home/airflow/.local/lib/python3.7/site-packages/airflow/example_dags/example_params_ui_tutorial.py
[2023-07-10T01:50:59.848+0000] {logging_mixin.py:149} INFO - [2023-07-10T01:50:59.848+0000] {dag.py:2726} INFO - Sync 1 DAGs
[2023-07-10T01:50:59.869+0000] {logging_mixin.py:149} INFO - [2023-07-10T01:50:59.869+0000] {dag.py:3490} INFO - Setting next_dagrun for example_params_ui_tutorial to None, run_after=None
[2023-07-10T01:50:59.886+0000] {processor.py:179} INFO - Processing /home/airflow/.local/lib/python3.7/site-packages/airflow/example_dags/example_params_ui_tutorial.py took 0.136 seconds
[2023-07-10T01:51:30.472+0000] {processor.py:157} INFO - Started process (PID=8526) to work on /home/airflow/.local/lib/python3.7/site-packages/airflow/example_dags/example_params_ui_tutorial.py
[2023-07-10T01:51:30.473+0000] {processor.py:826} INFO - Processing file /home/airflow/.local/lib/python3.7/site-packages/airflow/example_dags/example_params_ui_tutorial.py for tasks to queue
[2023-07-10T01:51:30.474+0000] {logging_mixin.py:149} INFO - [2023-07-10T01:51:30.474+0000] {dagbag.py:541} INFO - Filling up the DagBag from /home/airflow/.local/lib/python3.7/site-packages/airflow/example_dags/example_params_ui_tutorial.py
[2023-07-10T01:51:30.512+0000] {processor.py:836} INFO - DAG(s) dict_keys(['example_params_ui_tutorial']) retrieved from /home/airflow/.local/lib/python3.7/site-packages/airflow/example_dags/example_params_ui_tutorial.py
[2023-07-10T01:51:30.568+0000] {logging_mixin.py:149} INFO - [2023-07-10T01:51:30.568+0000] {dag.py:2726} INFO - Sync 1 DAGs
[2023-07-10T01:51:30.589+0000] {logging_mixin.py:149} INFO - [2023-07-10T01:51:30.589+0000] {dag.py:3490} INFO - Setting next_dagrun for example_params_ui_tutorial to None, run_after=None
[2023-07-10T01:51:30.607+0000] {processor.py:179} INFO - Processing /home/airflow/.local/lib/python3.7/site-packages/airflow/example_dags/example_params_ui_tutorial.py took 0.137 seconds
[2023-07-10T01:52:01.167+0000] {processor.py:157} INFO - Started process (PID=8785) to work on /home/airflow/.local/lib/python3.7/site-packages/airflow/example_dags/example_params_ui_tutorial.py
[2023-07-10T01:52:01.168+0000] {processor.py:826} INFO - Processing file /home/airflow/.local/lib/python3.7/site-packages/airflow/example_dags/example_params_ui_tutorial.py for tasks to queue
[2023-07-10T01:52:01.169+0000] {logging_mixin.py:149} INFO - [2023-07-10T01:52:01.168+0000] {dagbag.py:541} INFO - Filling up the DagBag from /home/airflow/.local/lib/python3.7/site-packages/airflow/example_dags/example_params_ui_tutorial.py
[2023-07-10T01:52:01.205+0000] {processor.py:836} INFO - DAG(s) dict_keys(['example_params_ui_tutorial']) retrieved from /home/airflow/.local/lib/python3.7/site-packages/airflow/example_dags/example_params_ui_tutorial.py
[2023-07-10T01:52:01.276+0000] {logging_mixin.py:149} INFO - [2023-07-10T01:52:01.276+0000] {dag.py:2726} INFO - Sync 1 DAGs
[2023-07-10T01:52:01.300+0000] {logging_mixin.py:149} INFO - [2023-07-10T01:52:01.300+0000] {dag.py:3490} INFO - Setting next_dagrun for example_params_ui_tutorial to None, run_after=None
[2023-07-10T01:52:01.321+0000] {processor.py:179} INFO - Processing /home/airflow/.local/lib/python3.7/site-packages/airflow/example_dags/example_params_ui_tutorial.py took 0.157 seconds
[2023-07-10T01:52:31.878+0000] {processor.py:157} INFO - Started process (PID=9034) to work on /home/airflow/.local/lib/python3.7/site-packages/airflow/example_dags/example_params_ui_tutorial.py
[2023-07-10T01:52:31.879+0000] {processor.py:826} INFO - Processing file /home/airflow/.local/lib/python3.7/site-packages/airflow/example_dags/example_params_ui_tutorial.py for tasks to queue
[2023-07-10T01:52:31.880+0000] {logging_mixin.py:149} INFO - [2023-07-10T01:52:31.880+0000] {dagbag.py:541} INFO - Filling up the DagBag from /home/airflow/.local/lib/python3.7/site-packages/airflow/example_dags/example_params_ui_tutorial.py
[2023-07-10T01:52:31.916+0000] {processor.py:836} INFO - DAG(s) dict_keys(['example_params_ui_tutorial']) retrieved from /home/airflow/.local/lib/python3.7/site-packages/airflow/example_dags/example_params_ui_tutorial.py
[2023-07-10T01:52:31.972+0000] {logging_mixin.py:149} INFO - [2023-07-10T01:52:31.972+0000] {dag.py:2726} INFO - Sync 1 DAGs
[2023-07-10T01:52:31.994+0000] {logging_mixin.py:149} INFO - [2023-07-10T01:52:31.994+0000] {dag.py:3490} INFO - Setting next_dagrun for example_params_ui_tutorial to None, run_after=None
[2023-07-10T01:52:32.013+0000] {processor.py:179} INFO - Processing /home/airflow/.local/lib/python3.7/site-packages/airflow/example_dags/example_params_ui_tutorial.py took 0.137 seconds
[2023-07-10T01:53:02.276+0000] {processor.py:157} INFO - Started process (PID=9290) to work on /home/airflow/.local/lib/python3.7/site-packages/airflow/example_dags/example_params_ui_tutorial.py
[2023-07-10T01:53:02.277+0000] {processor.py:826} INFO - Processing file /home/airflow/.local/lib/python3.7/site-packages/airflow/example_dags/example_params_ui_tutorial.py for tasks to queue
[2023-07-10T01:53:02.278+0000] {logging_mixin.py:149} INFO - [2023-07-10T01:53:02.278+0000] {dagbag.py:541} INFO - Filling up the DagBag from /home/airflow/.local/lib/python3.7/site-packages/airflow/example_dags/example_params_ui_tutorial.py
[2023-07-10T01:53:02.316+0000] {processor.py:836} INFO - DAG(s) dict_keys(['example_params_ui_tutorial']) retrieved from /home/airflow/.local/lib/python3.7/site-packages/airflow/example_dags/example_params_ui_tutorial.py
[2023-07-10T01:53:02.374+0000] {logging_mixin.py:149} INFO - [2023-07-10T01:53:02.374+0000] {dag.py:2726} INFO - Sync 1 DAGs
[2023-07-10T01:53:02.395+0000] {logging_mixin.py:149} INFO - [2023-07-10T01:53:02.395+0000] {dag.py:3490} INFO - Setting next_dagrun for example_params_ui_tutorial to None, run_after=None
[2023-07-10T01:53:02.413+0000] {processor.py:179} INFO - Processing /home/airflow/.local/lib/python3.7/site-packages/airflow/example_dags/example_params_ui_tutorial.py took 0.140 seconds
[2023-07-10T01:53:32.542+0000] {processor.py:157} INFO - Started process (PID=9549) to work on /home/airflow/.local/lib/python3.7/site-packages/airflow/example_dags/example_params_ui_tutorial.py
[2023-07-10T01:53:32.543+0000] {processor.py:826} INFO - Processing file /home/airflow/.local/lib/python3.7/site-packages/airflow/example_dags/example_params_ui_tutorial.py for tasks to queue
[2023-07-10T01:53:32.544+0000] {logging_mixin.py:149} INFO - [2023-07-10T01:53:32.544+0000] {dagbag.py:541} INFO - Filling up the DagBag from /home/airflow/.local/lib/python3.7/site-packages/airflow/example_dags/example_params_ui_tutorial.py
[2023-07-10T01:53:32.579+0000] {processor.py:836} INFO - DAG(s) dict_keys(['example_params_ui_tutorial']) retrieved from /home/airflow/.local/lib/python3.7/site-packages/airflow/example_dags/example_params_ui_tutorial.py
[2023-07-10T01:53:32.639+0000] {logging_mixin.py:149} INFO - [2023-07-10T01:53:32.639+0000] {dag.py:2726} INFO - Sync 1 DAGs
[2023-07-10T01:53:32.659+0000] {logging_mixin.py:149} INFO - [2023-07-10T01:53:32.659+0000] {dag.py:3490} INFO - Setting next_dagrun for example_params_ui_tutorial to None, run_after=None
[2023-07-10T01:53:32.677+0000] {processor.py:179} INFO - Processing /home/airflow/.local/lib/python3.7/site-packages/airflow/example_dags/example_params_ui_tutorial.py took 0.138 seconds
[2023-07-10T01:54:02.800+0000] {processor.py:157} INFO - Started process (PID=9807) to work on /home/airflow/.local/lib/python3.7/site-packages/airflow/example_dags/example_params_ui_tutorial.py
[2023-07-10T01:54:02.801+0000] {processor.py:826} INFO - Processing file /home/airflow/.local/lib/python3.7/site-packages/airflow/example_dags/example_params_ui_tutorial.py for tasks to queue
[2023-07-10T01:54:02.802+0000] {logging_mixin.py:149} INFO - [2023-07-10T01:54:02.802+0000] {dagbag.py:541} INFO - Filling up the DagBag from /home/airflow/.local/lib/python3.7/site-packages/airflow/example_dags/example_params_ui_tutorial.py
[2023-07-10T01:54:02.836+0000] {processor.py:836} INFO - DAG(s) dict_keys(['example_params_ui_tutorial']) retrieved from /home/airflow/.local/lib/python3.7/site-packages/airflow/example_dags/example_params_ui_tutorial.py
[2023-07-10T01:54:02.891+0000] {logging_mixin.py:149} INFO - [2023-07-10T01:54:02.891+0000] {dag.py:2726} INFO - Sync 1 DAGs
[2023-07-10T01:54:02.911+0000] {logging_mixin.py:149} INFO - [2023-07-10T01:54:02.911+0000] {dag.py:3490} INFO - Setting next_dagrun for example_params_ui_tutorial to None, run_after=None
[2023-07-10T01:54:02.926+0000] {processor.py:179} INFO - Processing /home/airflow/.local/lib/python3.7/site-packages/airflow/example_dags/example_params_ui_tutorial.py took 0.128 seconds
[2023-07-10T01:54:33.131+0000] {processor.py:157} INFO - Started process (PID=10051) to work on /home/airflow/.local/lib/python3.7/site-packages/airflow/example_dags/example_params_ui_tutorial.py
[2023-07-10T01:54:33.132+0000] {processor.py:826} INFO - Processing file /home/airflow/.local/lib/python3.7/site-packages/airflow/example_dags/example_params_ui_tutorial.py for tasks to queue
[2023-07-10T01:54:33.133+0000] {logging_mixin.py:149} INFO - [2023-07-10T01:54:33.133+0000] {dagbag.py:541} INFO - Filling up the DagBag from /home/airflow/.local/lib/python3.7/site-packages/airflow/example_dags/example_params_ui_tutorial.py
[2023-07-10T01:54:33.177+0000] {processor.py:836} INFO - DAG(s) dict_keys(['example_params_ui_tutorial']) retrieved from /home/airflow/.local/lib/python3.7/site-packages/airflow/example_dags/example_params_ui_tutorial.py
[2023-07-10T01:54:33.235+0000] {logging_mixin.py:149} INFO - [2023-07-10T01:54:33.235+0000] {dag.py:2726} INFO - Sync 1 DAGs
[2023-07-10T01:54:33.256+0000] {logging_mixin.py:149} INFO - [2023-07-10T01:54:33.256+0000] {dag.py:3490} INFO - Setting next_dagrun for example_params_ui_tutorial to None, run_after=None
[2023-07-10T01:54:33.273+0000] {processor.py:179} INFO - Processing /home/airflow/.local/lib/python3.7/site-packages/airflow/example_dags/example_params_ui_tutorial.py took 0.146 seconds
[2023-07-10T01:55:04.176+0000] {processor.py:157} INFO - Started process (PID=10305) to work on /home/airflow/.local/lib/python3.7/site-packages/airflow/example_dags/example_params_ui_tutorial.py
[2023-07-10T01:55:04.177+0000] {processor.py:826} INFO - Processing file /home/airflow/.local/lib/python3.7/site-packages/airflow/example_dags/example_params_ui_tutorial.py for tasks to queue
[2023-07-10T01:55:04.178+0000] {logging_mixin.py:149} INFO - [2023-07-10T01:55:04.177+0000] {dagbag.py:541} INFO - Filling up the DagBag from /home/airflow/.local/lib/python3.7/site-packages/airflow/example_dags/example_params_ui_tutorial.py
[2023-07-10T01:55:04.213+0000] {processor.py:836} INFO - DAG(s) dict_keys(['example_params_ui_tutorial']) retrieved from /home/airflow/.local/lib/python3.7/site-packages/airflow/example_dags/example_params_ui_tutorial.py
[2023-07-10T01:55:04.269+0000] {logging_mixin.py:149} INFO - [2023-07-10T01:55:04.269+0000] {dag.py:2726} INFO - Sync 1 DAGs
[2023-07-10T01:55:04.290+0000] {logging_mixin.py:149} INFO - [2023-07-10T01:55:04.290+0000] {dag.py:3490} INFO - Setting next_dagrun for example_params_ui_tutorial to None, run_after=None
[2023-07-10T01:55:04.308+0000] {processor.py:179} INFO - Processing /home/airflow/.local/lib/python3.7/site-packages/airflow/example_dags/example_params_ui_tutorial.py took 0.135 seconds
[2023-07-10T01:55:35.112+0000] {processor.py:157} INFO - Started process (PID=10559) to work on /home/airflow/.local/lib/python3.7/site-packages/airflow/example_dags/example_params_ui_tutorial.py
[2023-07-10T01:55:35.113+0000] {processor.py:826} INFO - Processing file /home/airflow/.local/lib/python3.7/site-packages/airflow/example_dags/example_params_ui_tutorial.py for tasks to queue
[2023-07-10T01:55:35.114+0000] {logging_mixin.py:149} INFO - [2023-07-10T01:55:35.114+0000] {dagbag.py:541} INFO - Filling up the DagBag from /home/airflow/.local/lib/python3.7/site-packages/airflow/example_dags/example_params_ui_tutorial.py
[2023-07-10T01:55:35.148+0000] {processor.py:836} INFO - DAG(s) dict_keys(['example_params_ui_tutorial']) retrieved from /home/airflow/.local/lib/python3.7/site-packages/airflow/example_dags/example_params_ui_tutorial.py
[2023-07-10T01:55:35.204+0000] {logging_mixin.py:149} INFO - [2023-07-10T01:55:35.204+0000] {dag.py:2726} INFO - Sync 1 DAGs
[2023-07-10T01:55:35.226+0000] {logging_mixin.py:149} INFO - [2023-07-10T01:55:35.226+0000] {dag.py:3490} INFO - Setting next_dagrun for example_params_ui_tutorial to None, run_after=None
[2023-07-10T01:55:35.246+0000] {processor.py:179} INFO - Processing /home/airflow/.local/lib/python3.7/site-packages/airflow/example_dags/example_params_ui_tutorial.py took 0.137 seconds
[2023-07-10T01:56:05.743+0000] {processor.py:157} INFO - Started process (PID=10813) to work on /home/airflow/.local/lib/python3.7/site-packages/airflow/example_dags/example_params_ui_tutorial.py
[2023-07-10T01:56:05.743+0000] {processor.py:826} INFO - Processing file /home/airflow/.local/lib/python3.7/site-packages/airflow/example_dags/example_params_ui_tutorial.py for tasks to queue
[2023-07-10T01:56:05.744+0000] {logging_mixin.py:149} INFO - [2023-07-10T01:56:05.744+0000] {dagbag.py:541} INFO - Filling up the DagBag from /home/airflow/.local/lib/python3.7/site-packages/airflow/example_dags/example_params_ui_tutorial.py
[2023-07-10T01:56:05.783+0000] {processor.py:836} INFO - DAG(s) dict_keys(['example_params_ui_tutorial']) retrieved from /home/airflow/.local/lib/python3.7/site-packages/airflow/example_dags/example_params_ui_tutorial.py
[2023-07-10T01:56:05.839+0000] {logging_mixin.py:149} INFO - [2023-07-10T01:56:05.838+0000] {dag.py:2726} INFO - Sync 1 DAGs
[2023-07-10T01:56:05.859+0000] {logging_mixin.py:149} INFO - [2023-07-10T01:56:05.859+0000] {dag.py:3490} INFO - Setting next_dagrun for example_params_ui_tutorial to None, run_after=None
[2023-07-10T01:56:05.877+0000] {processor.py:179} INFO - Processing /home/airflow/.local/lib/python3.7/site-packages/airflow/example_dags/example_params_ui_tutorial.py took 0.137 seconds
[2023-07-10T01:56:36.420+0000] {processor.py:157} INFO - Started process (PID=11072) to work on /home/airflow/.local/lib/python3.7/site-packages/airflow/example_dags/example_params_ui_tutorial.py
[2023-07-10T01:56:36.421+0000] {processor.py:826} INFO - Processing file /home/airflow/.local/lib/python3.7/site-packages/airflow/example_dags/example_params_ui_tutorial.py for tasks to queue
[2023-07-10T01:56:36.422+0000] {logging_mixin.py:149} INFO - [2023-07-10T01:56:36.422+0000] {dagbag.py:541} INFO - Filling up the DagBag from /home/airflow/.local/lib/python3.7/site-packages/airflow/example_dags/example_params_ui_tutorial.py
[2023-07-10T01:56:36.458+0000] {processor.py:836} INFO - DAG(s) dict_keys(['example_params_ui_tutorial']) retrieved from /home/airflow/.local/lib/python3.7/site-packages/airflow/example_dags/example_params_ui_tutorial.py
[2023-07-10T01:56:36.513+0000] {logging_mixin.py:149} INFO - [2023-07-10T01:56:36.513+0000] {dag.py:2726} INFO - Sync 1 DAGs
[2023-07-10T01:56:36.533+0000] {logging_mixin.py:149} INFO - [2023-07-10T01:56:36.533+0000] {dag.py:3490} INFO - Setting next_dagrun for example_params_ui_tutorial to None, run_after=None
[2023-07-10T01:56:36.550+0000] {processor.py:179} INFO - Processing /home/airflow/.local/lib/python3.7/site-packages/airflow/example_dags/example_params_ui_tutorial.py took 0.133 seconds
[2023-07-10T01:57:07.111+0000] {processor.py:157} INFO - Started process (PID=11333) to work on /home/airflow/.local/lib/python3.7/site-packages/airflow/example_dags/example_params_ui_tutorial.py
[2023-07-10T01:57:07.112+0000] {processor.py:826} INFO - Processing file /home/airflow/.local/lib/python3.7/site-packages/airflow/example_dags/example_params_ui_tutorial.py for tasks to queue
[2023-07-10T01:57:07.113+0000] {logging_mixin.py:149} INFO - [2023-07-10T01:57:07.113+0000] {dagbag.py:541} INFO - Filling up the DagBag from /home/airflow/.local/lib/python3.7/site-packages/airflow/example_dags/example_params_ui_tutorial.py
[2023-07-10T01:57:07.151+0000] {processor.py:836} INFO - DAG(s) dict_keys(['example_params_ui_tutorial']) retrieved from /home/airflow/.local/lib/python3.7/site-packages/airflow/example_dags/example_params_ui_tutorial.py
[2023-07-10T01:57:07.219+0000] {logging_mixin.py:149} INFO - [2023-07-10T01:57:07.219+0000] {dag.py:2726} INFO - Sync 1 DAGs
[2023-07-10T01:57:07.243+0000] {logging_mixin.py:149} INFO - [2023-07-10T01:57:07.243+0000] {dag.py:3490} INFO - Setting next_dagrun for example_params_ui_tutorial to None, run_after=None
[2023-07-10T01:57:07.264+0000] {processor.py:179} INFO - Processing /home/airflow/.local/lib/python3.7/site-packages/airflow/example_dags/example_params_ui_tutorial.py took 0.156 seconds
[2023-07-10T01:57:37.485+0000] {processor.py:157} INFO - Started process (PID=11589) to work on /home/airflow/.local/lib/python3.7/site-packages/airflow/example_dags/example_params_ui_tutorial.py
[2023-07-10T01:57:37.486+0000] {processor.py:826} INFO - Processing file /home/airflow/.local/lib/python3.7/site-packages/airflow/example_dags/example_params_ui_tutorial.py for tasks to queue
[2023-07-10T01:57:37.486+0000] {logging_mixin.py:149} INFO - [2023-07-10T01:57:37.486+0000] {dagbag.py:541} INFO - Filling up the DagBag from /home/airflow/.local/lib/python3.7/site-packages/airflow/example_dags/example_params_ui_tutorial.py
[2023-07-10T01:57:37.521+0000] {processor.py:836} INFO - DAG(s) dict_keys(['example_params_ui_tutorial']) retrieved from /home/airflow/.local/lib/python3.7/site-packages/airflow/example_dags/example_params_ui_tutorial.py
[2023-07-10T01:57:37.580+0000] {logging_mixin.py:149} INFO - [2023-07-10T01:57:37.580+0000] {dag.py:2726} INFO - Sync 1 DAGs
[2023-07-10T01:57:37.604+0000] {logging_mixin.py:149} INFO - [2023-07-10T01:57:37.604+0000] {dag.py:3490} INFO - Setting next_dagrun for example_params_ui_tutorial to None, run_after=None
[2023-07-10T01:57:37.621+0000] {processor.py:179} INFO - Processing /home/airflow/.local/lib/python3.7/site-packages/airflow/example_dags/example_params_ui_tutorial.py took 0.139 seconds
[2023-07-10T01:58:08.327+0000] {processor.py:157} INFO - Started process (PID=11841) to work on /home/airflow/.local/lib/python3.7/site-packages/airflow/example_dags/example_params_ui_tutorial.py
[2023-07-10T01:58:08.328+0000] {processor.py:826} INFO - Processing file /home/airflow/.local/lib/python3.7/site-packages/airflow/example_dags/example_params_ui_tutorial.py for tasks to queue
[2023-07-10T01:58:08.329+0000] {logging_mixin.py:149} INFO - [2023-07-10T01:58:08.329+0000] {dagbag.py:541} INFO - Filling up the DagBag from /home/airflow/.local/lib/python3.7/site-packages/airflow/example_dags/example_params_ui_tutorial.py
[2023-07-10T01:58:08.364+0000] {processor.py:836} INFO - DAG(s) dict_keys(['example_params_ui_tutorial']) retrieved from /home/airflow/.local/lib/python3.7/site-packages/airflow/example_dags/example_params_ui_tutorial.py
[2023-07-10T01:58:08.424+0000] {logging_mixin.py:149} INFO - [2023-07-10T01:58:08.424+0000] {dag.py:2726} INFO - Sync 1 DAGs
[2023-07-10T01:58:08.450+0000] {logging_mixin.py:149} INFO - [2023-07-10T01:58:08.450+0000] {dag.py:3490} INFO - Setting next_dagrun for example_params_ui_tutorial to None, run_after=None
[2023-07-10T01:58:08.472+0000] {processor.py:179} INFO - Processing /home/airflow/.local/lib/python3.7/site-packages/airflow/example_dags/example_params_ui_tutorial.py took 0.148 seconds
[2023-07-10T01:58:39.149+0000] {processor.py:157} INFO - Started process (PID=12095) to work on /home/airflow/.local/lib/python3.7/site-packages/airflow/example_dags/example_params_ui_tutorial.py
[2023-07-10T01:58:39.150+0000] {processor.py:826} INFO - Processing file /home/airflow/.local/lib/python3.7/site-packages/airflow/example_dags/example_params_ui_tutorial.py for tasks to queue
[2023-07-10T01:58:39.151+0000] {logging_mixin.py:149} INFO - [2023-07-10T01:58:39.151+0000] {dagbag.py:541} INFO - Filling up the DagBag from /home/airflow/.local/lib/python3.7/site-packages/airflow/example_dags/example_params_ui_tutorial.py
[2023-07-10T01:58:39.188+0000] {processor.py:836} INFO - DAG(s) dict_keys(['example_params_ui_tutorial']) retrieved from /home/airflow/.local/lib/python3.7/site-packages/airflow/example_dags/example_params_ui_tutorial.py
[2023-07-10T01:58:39.288+0000] {logging_mixin.py:149} INFO - [2023-07-10T01:58:39.288+0000] {dag.py:2726} INFO - Sync 1 DAGs
[2023-07-10T01:58:39.310+0000] {logging_mixin.py:149} INFO - [2023-07-10T01:58:39.310+0000] {dag.py:3490} INFO - Setting next_dagrun for example_params_ui_tutorial to None, run_after=None
[2023-07-10T01:58:39.327+0000] {processor.py:179} INFO - Processing /home/airflow/.local/lib/python3.7/site-packages/airflow/example_dags/example_params_ui_tutorial.py took 0.180 seconds
