[2023-07-10T01:34:38.916+0000] {processor.py:157} INFO - Started process (PID=327) to work on /home/airflow/.local/lib/python3.7/site-packages/airflow/example_dags/example_latest_only.py
[2023-07-10T01:34:38.917+0000] {processor.py:826} INFO - Processing file /home/airflow/.local/lib/python3.7/site-packages/airflow/example_dags/example_latest_only.py for tasks to queue
[2023-07-10T01:34:38.918+0000] {logging_mixin.py:149} INFO - [2023-07-10T01:34:38.918+0000] {dagbag.py:541} INFO - Filling up the DagBag from /home/airflow/.local/lib/python3.7/site-packages/airflow/example_dags/example_latest_only.py
[2023-07-10T01:34:38.924+0000] {processor.py:836} INFO - DAG(s) dict_keys(['latest_only']) retrieved from /home/airflow/.local/lib/python3.7/site-packages/airflow/example_dags/example_latest_only.py
[2023-07-10T01:34:38.944+0000] {logging_mixin.py:149} INFO - [2023-07-10T01:34:38.944+0000] {dag.py:2726} INFO - Sync 1 DAGs
[2023-07-10T01:34:38.965+0000] {logging_mixin.py:149} INFO - [2023-07-10T01:34:38.965+0000] {dag.py:3490} INFO - Setting next_dagrun for latest_only to 2023-07-09T21:34:38.965310+00:00, run_after=2023-07-10T01:34:38.965310+00:00
[2023-07-10T01:34:38.983+0000] {processor.py:179} INFO - Processing /home/airflow/.local/lib/python3.7/site-packages/airflow/example_dags/example_latest_only.py took 0.069 seconds
[2023-07-10T01:35:09.731+0000] {processor.py:157} INFO - Started process (PID=577) to work on /home/airflow/.local/lib/python3.7/site-packages/airflow/example_dags/example_latest_only.py
[2023-07-10T01:35:09.733+0000] {processor.py:826} INFO - Processing file /home/airflow/.local/lib/python3.7/site-packages/airflow/example_dags/example_latest_only.py for tasks to queue
[2023-07-10T01:35:09.733+0000] {logging_mixin.py:149} INFO - [2023-07-10T01:35:09.733+0000] {dagbag.py:541} INFO - Filling up the DagBag from /home/airflow/.local/lib/python3.7/site-packages/airflow/example_dags/example_latest_only.py
[2023-07-10T01:35:09.738+0000] {processor.py:836} INFO - DAG(s) dict_keys(['latest_only']) retrieved from /home/airflow/.local/lib/python3.7/site-packages/airflow/example_dags/example_latest_only.py
[2023-07-10T01:35:09.757+0000] {logging_mixin.py:149} INFO - [2023-07-10T01:35:09.757+0000] {dag.py:2726} INFO - Sync 1 DAGs
[2023-07-10T01:35:09.780+0000] {logging_mixin.py:149} INFO - [2023-07-10T01:35:09.780+0000] {dag.py:3490} INFO - Setting next_dagrun for latest_only to 2023-07-09T21:35:09.779948+00:00, run_after=2023-07-10T01:35:09.779948+00:00
[2023-07-10T01:35:09.796+0000] {processor.py:179} INFO - Processing /home/airflow/.local/lib/python3.7/site-packages/airflow/example_dags/example_latest_only.py took 0.067 seconds
[2023-07-10T01:35:41.314+0000] {processor.py:157} INFO - Started process (PID=826) to work on /home/airflow/.local/lib/python3.7/site-packages/airflow/example_dags/example_latest_only.py
[2023-07-10T01:35:41.315+0000] {processor.py:826} INFO - Processing file /home/airflow/.local/lib/python3.7/site-packages/airflow/example_dags/example_latest_only.py for tasks to queue
[2023-07-10T01:35:41.316+0000] {logging_mixin.py:149} INFO - [2023-07-10T01:35:41.316+0000] {dagbag.py:541} INFO - Filling up the DagBag from /home/airflow/.local/lib/python3.7/site-packages/airflow/example_dags/example_latest_only.py
[2023-07-10T01:35:41.321+0000] {processor.py:836} INFO - DAG(s) dict_keys(['latest_only']) retrieved from /home/airflow/.local/lib/python3.7/site-packages/airflow/example_dags/example_latest_only.py
[2023-07-10T01:35:41.341+0000] {logging_mixin.py:149} INFO - [2023-07-10T01:35:41.340+0000] {dag.py:2726} INFO - Sync 1 DAGs
[2023-07-10T01:35:41.364+0000] {logging_mixin.py:149} INFO - [2023-07-10T01:35:41.364+0000] {dag.py:3490} INFO - Setting next_dagrun for latest_only to 2023-07-09T21:35:41.363912+00:00, run_after=2023-07-10T01:35:41.363912+00:00
[2023-07-10T01:35:41.451+0000] {processor.py:179} INFO - Processing /home/airflow/.local/lib/python3.7/site-packages/airflow/example_dags/example_latest_only.py took 0.139 seconds
[2023-07-10T01:36:12.809+0000] {processor.py:157} INFO - Started process (PID=1075) to work on /home/airflow/.local/lib/python3.7/site-packages/airflow/example_dags/example_latest_only.py
[2023-07-10T01:36:12.810+0000] {processor.py:826} INFO - Processing file /home/airflow/.local/lib/python3.7/site-packages/airflow/example_dags/example_latest_only.py for tasks to queue
[2023-07-10T01:36:12.811+0000] {logging_mixin.py:149} INFO - [2023-07-10T01:36:12.811+0000] {dagbag.py:541} INFO - Filling up the DagBag from /home/airflow/.local/lib/python3.7/site-packages/airflow/example_dags/example_latest_only.py
[2023-07-10T01:36:12.885+0000] {processor.py:836} INFO - DAG(s) dict_keys(['latest_only']) retrieved from /home/airflow/.local/lib/python3.7/site-packages/airflow/example_dags/example_latest_only.py
[2023-07-10T01:36:12.902+0000] {logging_mixin.py:149} INFO - [2023-07-10T01:36:12.901+0000] {dag.py:2726} INFO - Sync 1 DAGs
[2023-07-10T01:36:12.922+0000] {logging_mixin.py:149} INFO - [2023-07-10T01:36:12.922+0000] {dag.py:3490} INFO - Setting next_dagrun for latest_only to 2023-07-09T21:36:12.922592+00:00, run_after=2023-07-10T01:36:12.922592+00:00
[2023-07-10T01:36:12.939+0000] {processor.py:179} INFO - Processing /home/airflow/.local/lib/python3.7/site-packages/airflow/example_dags/example_latest_only.py took 0.132 seconds
[2023-07-10T01:36:43.171+0000] {processor.py:157} INFO - Started process (PID=1324) to work on /home/airflow/.local/lib/python3.7/site-packages/airflow/example_dags/example_latest_only.py
[2023-07-10T01:36:43.171+0000] {processor.py:826} INFO - Processing file /home/airflow/.local/lib/python3.7/site-packages/airflow/example_dags/example_latest_only.py for tasks to queue
[2023-07-10T01:36:43.172+0000] {logging_mixin.py:149} INFO - [2023-07-10T01:36:43.172+0000] {dagbag.py:541} INFO - Filling up the DagBag from /home/airflow/.local/lib/python3.7/site-packages/airflow/example_dags/example_latest_only.py
[2023-07-10T01:36:43.177+0000] {processor.py:836} INFO - DAG(s) dict_keys(['latest_only']) retrieved from /home/airflow/.local/lib/python3.7/site-packages/airflow/example_dags/example_latest_only.py
[2023-07-10T01:36:43.197+0000] {logging_mixin.py:149} INFO - [2023-07-10T01:36:43.196+0000] {dag.py:2726} INFO - Sync 1 DAGs
[2023-07-10T01:36:43.220+0000] {logging_mixin.py:149} INFO - [2023-07-10T01:36:43.219+0000] {dag.py:3490} INFO - Setting next_dagrun for latest_only to 2023-07-09T21:36:43.219626+00:00, run_after=2023-07-10T01:36:43.219626+00:00
[2023-07-10T01:36:43.237+0000] {processor.py:179} INFO - Processing /home/airflow/.local/lib/python3.7/site-packages/airflow/example_dags/example_latest_only.py took 0.069 seconds
[2023-07-10T01:37:13.288+0000] {processor.py:157} INFO - Started process (PID=1573) to work on /home/airflow/.local/lib/python3.7/site-packages/airflow/example_dags/example_latest_only.py
[2023-07-10T01:37:13.289+0000] {processor.py:826} INFO - Processing file /home/airflow/.local/lib/python3.7/site-packages/airflow/example_dags/example_latest_only.py for tasks to queue
[2023-07-10T01:37:13.290+0000] {logging_mixin.py:149} INFO - [2023-07-10T01:37:13.290+0000] {dagbag.py:541} INFO - Filling up the DagBag from /home/airflow/.local/lib/python3.7/site-packages/airflow/example_dags/example_latest_only.py
[2023-07-10T01:37:13.297+0000] {processor.py:836} INFO - DAG(s) dict_keys(['latest_only']) retrieved from /home/airflow/.local/lib/python3.7/site-packages/airflow/example_dags/example_latest_only.py
[2023-07-10T01:37:13.325+0000] {logging_mixin.py:149} INFO - [2023-07-10T01:37:13.324+0000] {dag.py:2726} INFO - Sync 1 DAGs
[2023-07-10T01:37:13.350+0000] {logging_mixin.py:149} INFO - [2023-07-10T01:37:13.350+0000] {dag.py:3490} INFO - Setting next_dagrun for latest_only to 2023-07-09T21:37:13.350026+00:00, run_after=2023-07-10T01:37:13.350026+00:00
[2023-07-10T01:37:13.369+0000] {processor.py:179} INFO - Processing /home/airflow/.local/lib/python3.7/site-packages/airflow/example_dags/example_latest_only.py took 0.085 seconds
[2023-07-10T01:37:43.615+0000] {processor.py:157} INFO - Started process (PID=1822) to work on /home/airflow/.local/lib/python3.7/site-packages/airflow/example_dags/example_latest_only.py
[2023-07-10T01:37:43.616+0000] {processor.py:826} INFO - Processing file /home/airflow/.local/lib/python3.7/site-packages/airflow/example_dags/example_latest_only.py for tasks to queue
[2023-07-10T01:37:43.616+0000] {logging_mixin.py:149} INFO - [2023-07-10T01:37:43.616+0000] {dagbag.py:541} INFO - Filling up the DagBag from /home/airflow/.local/lib/python3.7/site-packages/airflow/example_dags/example_latest_only.py
[2023-07-10T01:37:43.621+0000] {processor.py:836} INFO - DAG(s) dict_keys(['latest_only']) retrieved from /home/airflow/.local/lib/python3.7/site-packages/airflow/example_dags/example_latest_only.py
[2023-07-10T01:37:43.641+0000] {logging_mixin.py:149} INFO - [2023-07-10T01:37:43.640+0000] {dag.py:2726} INFO - Sync 1 DAGs
[2023-07-10T01:37:43.661+0000] {logging_mixin.py:149} INFO - [2023-07-10T01:37:43.661+0000] {dag.py:3490} INFO - Setting next_dagrun for latest_only to 2023-07-09T21:37:43.661351+00:00, run_after=2023-07-10T01:37:43.661351+00:00
[2023-07-10T01:37:43.676+0000] {processor.py:179} INFO - Processing /home/airflow/.local/lib/python3.7/site-packages/airflow/example_dags/example_latest_only.py took 0.065 seconds
[2023-07-10T01:38:13.934+0000] {processor.py:157} INFO - Started process (PID=2071) to work on /home/airflow/.local/lib/python3.7/site-packages/airflow/example_dags/example_latest_only.py
[2023-07-10T01:38:13.935+0000] {processor.py:826} INFO - Processing file /home/airflow/.local/lib/python3.7/site-packages/airflow/example_dags/example_latest_only.py for tasks to queue
[2023-07-10T01:38:13.936+0000] {logging_mixin.py:149} INFO - [2023-07-10T01:38:13.936+0000] {dagbag.py:541} INFO - Filling up the DagBag from /home/airflow/.local/lib/python3.7/site-packages/airflow/example_dags/example_latest_only.py
[2023-07-10T01:38:13.941+0000] {processor.py:836} INFO - DAG(s) dict_keys(['latest_only']) retrieved from /home/airflow/.local/lib/python3.7/site-packages/airflow/example_dags/example_latest_only.py
[2023-07-10T01:38:13.961+0000] {logging_mixin.py:149} INFO - [2023-07-10T01:38:13.961+0000] {dag.py:2726} INFO - Sync 1 DAGs
[2023-07-10T01:38:13.983+0000] {logging_mixin.py:149} INFO - [2023-07-10T01:38:13.983+0000] {dag.py:3490} INFO - Setting next_dagrun for latest_only to 2023-07-09T21:38:13.983463+00:00, run_after=2023-07-10T01:38:13.983463+00:00
[2023-07-10T01:38:14.003+0000] {processor.py:179} INFO - Processing /home/airflow/.local/lib/python3.7/site-packages/airflow/example_dags/example_latest_only.py took 0.071 seconds
[2023-07-10T01:38:44.692+0000] {processor.py:157} INFO - Started process (PID=2320) to work on /home/airflow/.local/lib/python3.7/site-packages/airflow/example_dags/example_latest_only.py
[2023-07-10T01:38:44.693+0000] {processor.py:826} INFO - Processing file /home/airflow/.local/lib/python3.7/site-packages/airflow/example_dags/example_latest_only.py for tasks to queue
[2023-07-10T01:38:44.694+0000] {logging_mixin.py:149} INFO - [2023-07-10T01:38:44.694+0000] {dagbag.py:541} INFO - Filling up the DagBag from /home/airflow/.local/lib/python3.7/site-packages/airflow/example_dags/example_latest_only.py
[2023-07-10T01:38:44.699+0000] {processor.py:836} INFO - DAG(s) dict_keys(['latest_only']) retrieved from /home/airflow/.local/lib/python3.7/site-packages/airflow/example_dags/example_latest_only.py
[2023-07-10T01:38:44.711+0000] {logging_mixin.py:149} INFO - [2023-07-10T01:38:44.711+0000] {dag.py:2726} INFO - Sync 1 DAGs
[2023-07-10T01:38:44.734+0000] {logging_mixin.py:149} INFO - [2023-07-10T01:38:44.734+0000] {dag.py:3490} INFO - Setting next_dagrun for latest_only to 2023-07-09T21:38:44.734045+00:00, run_after=2023-07-10T01:38:44.734045+00:00
[2023-07-10T01:38:44.751+0000] {processor.py:179} INFO - Processing /home/airflow/.local/lib/python3.7/site-packages/airflow/example_dags/example_latest_only.py took 0.061 seconds
[2023-07-10T01:39:15.414+0000] {processor.py:157} INFO - Started process (PID=2571) to work on /home/airflow/.local/lib/python3.7/site-packages/airflow/example_dags/example_latest_only.py
[2023-07-10T01:39:15.414+0000] {processor.py:826} INFO - Processing file /home/airflow/.local/lib/python3.7/site-packages/airflow/example_dags/example_latest_only.py for tasks to queue
[2023-07-10T01:39:15.415+0000] {logging_mixin.py:149} INFO - [2023-07-10T01:39:15.415+0000] {dagbag.py:541} INFO - Filling up the DagBag from /home/airflow/.local/lib/python3.7/site-packages/airflow/example_dags/example_latest_only.py
[2023-07-10T01:39:15.420+0000] {processor.py:836} INFO - DAG(s) dict_keys(['latest_only']) retrieved from /home/airflow/.local/lib/python3.7/site-packages/airflow/example_dags/example_latest_only.py
[2023-07-10T01:39:15.439+0000] {logging_mixin.py:149} INFO - [2023-07-10T01:39:15.439+0000] {dag.py:2726} INFO - Sync 1 DAGs
[2023-07-10T01:39:15.459+0000] {logging_mixin.py:149} INFO - [2023-07-10T01:39:15.459+0000] {dag.py:3490} INFO - Setting next_dagrun for latest_only to 2023-07-09T21:39:15.458795+00:00, run_after=2023-07-10T01:39:15.458795+00:00
[2023-07-10T01:39:15.477+0000] {processor.py:179} INFO - Processing /home/airflow/.local/lib/python3.7/site-packages/airflow/example_dags/example_latest_only.py took 0.066 seconds
[2023-07-10T01:39:46.505+0000] {processor.py:157} INFO - Started process (PID=2818) to work on /home/airflow/.local/lib/python3.7/site-packages/airflow/example_dags/example_latest_only.py
[2023-07-10T01:39:46.506+0000] {processor.py:826} INFO - Processing file /home/airflow/.local/lib/python3.7/site-packages/airflow/example_dags/example_latest_only.py for tasks to queue
[2023-07-10T01:39:46.507+0000] {logging_mixin.py:149} INFO - [2023-07-10T01:39:46.507+0000] {dagbag.py:541} INFO - Filling up the DagBag from /home/airflow/.local/lib/python3.7/site-packages/airflow/example_dags/example_latest_only.py
[2023-07-10T01:39:46.512+0000] {processor.py:836} INFO - DAG(s) dict_keys(['latest_only']) retrieved from /home/airflow/.local/lib/python3.7/site-packages/airflow/example_dags/example_latest_only.py
[2023-07-10T01:39:46.531+0000] {logging_mixin.py:149} INFO - [2023-07-10T01:39:46.531+0000] {dag.py:2726} INFO - Sync 1 DAGs
[2023-07-10T01:39:46.553+0000] {logging_mixin.py:149} INFO - [2023-07-10T01:39:46.552+0000] {dag.py:3490} INFO - Setting next_dagrun for latest_only to 2023-07-09T21:39:46.552722+00:00, run_after=2023-07-10T01:39:46.552722+00:00
[2023-07-10T01:39:46.571+0000] {processor.py:179} INFO - Processing /home/airflow/.local/lib/python3.7/site-packages/airflow/example_dags/example_latest_only.py took 0.069 seconds
[2023-07-10T01:40:17.574+0000] {processor.py:157} INFO - Started process (PID=3067) to work on /home/airflow/.local/lib/python3.7/site-packages/airflow/example_dags/example_latest_only.py
[2023-07-10T01:40:17.575+0000] {processor.py:826} INFO - Processing file /home/airflow/.local/lib/python3.7/site-packages/airflow/example_dags/example_latest_only.py for tasks to queue
[2023-07-10T01:40:17.576+0000] {logging_mixin.py:149} INFO - [2023-07-10T01:40:17.576+0000] {dagbag.py:541} INFO - Filling up the DagBag from /home/airflow/.local/lib/python3.7/site-packages/airflow/example_dags/example_latest_only.py
[2023-07-10T01:40:17.581+0000] {processor.py:836} INFO - DAG(s) dict_keys(['latest_only']) retrieved from /home/airflow/.local/lib/python3.7/site-packages/airflow/example_dags/example_latest_only.py
[2023-07-10T01:40:17.601+0000] {logging_mixin.py:149} INFO - [2023-07-10T01:40:17.601+0000] {dag.py:2726} INFO - Sync 1 DAGs
[2023-07-10T01:40:17.622+0000] {logging_mixin.py:149} INFO - [2023-07-10T01:40:17.622+0000] {dag.py:3490} INFO - Setting next_dagrun for latest_only to 2023-07-09T21:40:17.622488+00:00, run_after=2023-07-10T01:40:17.622488+00:00
[2023-07-10T01:40:17.638+0000] {processor.py:179} INFO - Processing /home/airflow/.local/lib/python3.7/site-packages/airflow/example_dags/example_latest_only.py took 0.067 seconds
[2023-07-10T01:40:48.136+0000] {processor.py:157} INFO - Started process (PID=3316) to work on /home/airflow/.local/lib/python3.7/site-packages/airflow/example_dags/example_latest_only.py
[2023-07-10T01:40:48.137+0000] {processor.py:826} INFO - Processing file /home/airflow/.local/lib/python3.7/site-packages/airflow/example_dags/example_latest_only.py for tasks to queue
[2023-07-10T01:40:48.138+0000] {logging_mixin.py:149} INFO - [2023-07-10T01:40:48.138+0000] {dagbag.py:541} INFO - Filling up the DagBag from /home/airflow/.local/lib/python3.7/site-packages/airflow/example_dags/example_latest_only.py
[2023-07-10T01:40:48.143+0000] {processor.py:836} INFO - DAG(s) dict_keys(['latest_only']) retrieved from /home/airflow/.local/lib/python3.7/site-packages/airflow/example_dags/example_latest_only.py
[2023-07-10T01:40:48.164+0000] {logging_mixin.py:149} INFO - [2023-07-10T01:40:48.164+0000] {dag.py:2726} INFO - Sync 1 DAGs
[2023-07-10T01:40:48.187+0000] {logging_mixin.py:149} INFO - [2023-07-10T01:40:48.187+0000] {dag.py:3490} INFO - Setting next_dagrun for latest_only to 2023-07-09T21:40:48.187095+00:00, run_after=2023-07-10T01:40:48.187095+00:00
[2023-07-10T01:40:48.206+0000] {processor.py:179} INFO - Processing /home/airflow/.local/lib/python3.7/site-packages/airflow/example_dags/example_latest_only.py took 0.073 seconds
[2023-07-10T01:41:18.822+0000] {processor.py:157} INFO - Started process (PID=3565) to work on /home/airflow/.local/lib/python3.7/site-packages/airflow/example_dags/example_latest_only.py
[2023-07-10T01:41:18.823+0000] {processor.py:826} INFO - Processing file /home/airflow/.local/lib/python3.7/site-packages/airflow/example_dags/example_latest_only.py for tasks to queue
[2023-07-10T01:41:18.824+0000] {logging_mixin.py:149} INFO - [2023-07-10T01:41:18.824+0000] {dagbag.py:541} INFO - Filling up the DagBag from /home/airflow/.local/lib/python3.7/site-packages/airflow/example_dags/example_latest_only.py
[2023-07-10T01:41:18.828+0000] {processor.py:836} INFO - DAG(s) dict_keys(['latest_only']) retrieved from /home/airflow/.local/lib/python3.7/site-packages/airflow/example_dags/example_latest_only.py
[2023-07-10T01:41:18.848+0000] {logging_mixin.py:149} INFO - [2023-07-10T01:41:18.848+0000] {dag.py:2726} INFO - Sync 1 DAGs
[2023-07-10T01:41:18.870+0000] {logging_mixin.py:149} INFO - [2023-07-10T01:41:18.870+0000] {dag.py:3490} INFO - Setting next_dagrun for latest_only to 2023-07-09T21:41:18.870397+00:00, run_after=2023-07-10T01:41:18.870397+00:00
[2023-07-10T01:41:18.888+0000] {processor.py:179} INFO - Processing /home/airflow/.local/lib/python3.7/site-packages/airflow/example_dags/example_latest_only.py took 0.069 seconds
[2023-07-10T01:41:49.570+0000] {processor.py:157} INFO - Started process (PID=3814) to work on /home/airflow/.local/lib/python3.7/site-packages/airflow/example_dags/example_latest_only.py
[2023-07-10T01:41:49.571+0000] {processor.py:826} INFO - Processing file /home/airflow/.local/lib/python3.7/site-packages/airflow/example_dags/example_latest_only.py for tasks to queue
[2023-07-10T01:41:49.571+0000] {logging_mixin.py:149} INFO - [2023-07-10T01:41:49.571+0000] {dagbag.py:541} INFO - Filling up the DagBag from /home/airflow/.local/lib/python3.7/site-packages/airflow/example_dags/example_latest_only.py
[2023-07-10T01:41:49.576+0000] {processor.py:836} INFO - DAG(s) dict_keys(['latest_only']) retrieved from /home/airflow/.local/lib/python3.7/site-packages/airflow/example_dags/example_latest_only.py
[2023-07-10T01:41:49.596+0000] {logging_mixin.py:149} INFO - [2023-07-10T01:41:49.596+0000] {dag.py:2726} INFO - Sync 1 DAGs
[2023-07-10T01:41:49.620+0000] {logging_mixin.py:149} INFO - [2023-07-10T01:41:49.620+0000] {dag.py:3490} INFO - Setting next_dagrun for latest_only to 2023-07-09T21:41:49.620257+00:00, run_after=2023-07-10T01:41:49.620257+00:00
[2023-07-10T01:41:49.638+0000] {processor.py:179} INFO - Processing /home/airflow/.local/lib/python3.7/site-packages/airflow/example_dags/example_latest_only.py took 0.071 seconds
[2023-07-10T01:42:20.089+0000] {processor.py:157} INFO - Started process (PID=4063) to work on /home/airflow/.local/lib/python3.7/site-packages/airflow/example_dags/example_latest_only.py
[2023-07-10T01:42:20.090+0000] {processor.py:826} INFO - Processing file /home/airflow/.local/lib/python3.7/site-packages/airflow/example_dags/example_latest_only.py for tasks to queue
[2023-07-10T01:42:20.091+0000] {logging_mixin.py:149} INFO - [2023-07-10T01:42:20.091+0000] {dagbag.py:541} INFO - Filling up the DagBag from /home/airflow/.local/lib/python3.7/site-packages/airflow/example_dags/example_latest_only.py
[2023-07-10T01:42:20.095+0000] {processor.py:836} INFO - DAG(s) dict_keys(['latest_only']) retrieved from /home/airflow/.local/lib/python3.7/site-packages/airflow/example_dags/example_latest_only.py
[2023-07-10T01:42:20.115+0000] {logging_mixin.py:149} INFO - [2023-07-10T01:42:20.115+0000] {dag.py:2726} INFO - Sync 1 DAGs
[2023-07-10T01:42:20.137+0000] {logging_mixin.py:149} INFO - [2023-07-10T01:42:20.137+0000] {dag.py:3490} INFO - Setting next_dagrun for latest_only to 2023-07-09T21:42:20.137438+00:00, run_after=2023-07-10T01:42:20.137438+00:00
[2023-07-10T01:42:20.154+0000] {processor.py:179} INFO - Processing /home/airflow/.local/lib/python3.7/site-packages/airflow/example_dags/example_latest_only.py took 0.068 seconds
[2023-07-10T01:42:50.728+0000] {processor.py:157} INFO - Started process (PID=4312) to work on /home/airflow/.local/lib/python3.7/site-packages/airflow/example_dags/example_latest_only.py
[2023-07-10T01:42:50.729+0000] {processor.py:826} INFO - Processing file /home/airflow/.local/lib/python3.7/site-packages/airflow/example_dags/example_latest_only.py for tasks to queue
[2023-07-10T01:42:50.729+0000] {logging_mixin.py:149} INFO - [2023-07-10T01:42:50.729+0000] {dagbag.py:541} INFO - Filling up the DagBag from /home/airflow/.local/lib/python3.7/site-packages/airflow/example_dags/example_latest_only.py
[2023-07-10T01:42:50.734+0000] {processor.py:836} INFO - DAG(s) dict_keys(['latest_only']) retrieved from /home/airflow/.local/lib/python3.7/site-packages/airflow/example_dags/example_latest_only.py
[2023-07-10T01:42:50.753+0000] {logging_mixin.py:149} INFO - [2023-07-10T01:42:50.753+0000] {dag.py:2726} INFO - Sync 1 DAGs
[2023-07-10T01:42:50.775+0000] {logging_mixin.py:149} INFO - [2023-07-10T01:42:50.775+0000] {dag.py:3490} INFO - Setting next_dagrun for latest_only to 2023-07-09T21:42:50.775491+00:00, run_after=2023-07-10T01:42:50.775491+00:00
[2023-07-10T01:42:50.795+0000] {processor.py:179} INFO - Processing /home/airflow/.local/lib/python3.7/site-packages/airflow/example_dags/example_latest_only.py took 0.070 seconds
[2023-07-10T01:43:21.285+0000] {processor.py:157} INFO - Started process (PID=4561) to work on /home/airflow/.local/lib/python3.7/site-packages/airflow/example_dags/example_latest_only.py
[2023-07-10T01:43:21.286+0000] {processor.py:826} INFO - Processing file /home/airflow/.local/lib/python3.7/site-packages/airflow/example_dags/example_latest_only.py for tasks to queue
[2023-07-10T01:43:21.287+0000] {logging_mixin.py:149} INFO - [2023-07-10T01:43:21.287+0000] {dagbag.py:541} INFO - Filling up the DagBag from /home/airflow/.local/lib/python3.7/site-packages/airflow/example_dags/example_latest_only.py
[2023-07-10T01:43:21.292+0000] {processor.py:836} INFO - DAG(s) dict_keys(['latest_only']) retrieved from /home/airflow/.local/lib/python3.7/site-packages/airflow/example_dags/example_latest_only.py
[2023-07-10T01:43:21.311+0000] {logging_mixin.py:149} INFO - [2023-07-10T01:43:21.311+0000] {dag.py:2726} INFO - Sync 1 DAGs
[2023-07-10T01:43:21.333+0000] {logging_mixin.py:149} INFO - [2023-07-10T01:43:21.333+0000] {dag.py:3490} INFO - Setting next_dagrun for latest_only to 2023-07-09T21:43:21.333261+00:00, run_after=2023-07-10T01:43:21.333261+00:00
[2023-07-10T01:43:21.351+0000] {processor.py:179} INFO - Processing /home/airflow/.local/lib/python3.7/site-packages/airflow/example_dags/example_latest_only.py took 0.069 seconds
[2023-07-10T01:43:51.811+0000] {processor.py:157} INFO - Started process (PID=4811) to work on /home/airflow/.local/lib/python3.7/site-packages/airflow/example_dags/example_latest_only.py
[2023-07-10T01:43:51.812+0000] {processor.py:826} INFO - Processing file /home/airflow/.local/lib/python3.7/site-packages/airflow/example_dags/example_latest_only.py for tasks to queue
[2023-07-10T01:43:51.813+0000] {logging_mixin.py:149} INFO - [2023-07-10T01:43:51.813+0000] {dagbag.py:541} INFO - Filling up the DagBag from /home/airflow/.local/lib/python3.7/site-packages/airflow/example_dags/example_latest_only.py
[2023-07-10T01:43:51.818+0000] {processor.py:836} INFO - DAG(s) dict_keys(['latest_only']) retrieved from /home/airflow/.local/lib/python3.7/site-packages/airflow/example_dags/example_latest_only.py
[2023-07-10T01:43:51.837+0000] {logging_mixin.py:149} INFO - [2023-07-10T01:43:51.837+0000] {dag.py:2726} INFO - Sync 1 DAGs
[2023-07-10T01:43:51.861+0000] {logging_mixin.py:149} INFO - [2023-07-10T01:43:51.861+0000] {dag.py:3490} INFO - Setting next_dagrun for latest_only to 2023-07-09T21:43:51.861377+00:00, run_after=2023-07-10T01:43:51.861377+00:00
[2023-07-10T01:43:51.882+0000] {processor.py:179} INFO - Processing /home/airflow/.local/lib/python3.7/site-packages/airflow/example_dags/example_latest_only.py took 0.073 seconds
[2023-07-10T01:44:22.494+0000] {processor.py:157} INFO - Started process (PID=5060) to work on /home/airflow/.local/lib/python3.7/site-packages/airflow/example_dags/example_latest_only.py
[2023-07-10T01:44:22.495+0000] {processor.py:826} INFO - Processing file /home/airflow/.local/lib/python3.7/site-packages/airflow/example_dags/example_latest_only.py for tasks to queue
[2023-07-10T01:44:22.495+0000] {logging_mixin.py:149} INFO - [2023-07-10T01:44:22.495+0000] {dagbag.py:541} INFO - Filling up the DagBag from /home/airflow/.local/lib/python3.7/site-packages/airflow/example_dags/example_latest_only.py
[2023-07-10T01:44:22.501+0000] {processor.py:836} INFO - DAG(s) dict_keys(['latest_only']) retrieved from /home/airflow/.local/lib/python3.7/site-packages/airflow/example_dags/example_latest_only.py
[2023-07-10T01:44:22.520+0000] {logging_mixin.py:149} INFO - [2023-07-10T01:44:22.520+0000] {dag.py:2726} INFO - Sync 1 DAGs
[2023-07-10T01:44:22.542+0000] {logging_mixin.py:149} INFO - [2023-07-10T01:44:22.542+0000] {dag.py:3490} INFO - Setting next_dagrun for latest_only to 2023-07-09T21:44:22.541940+00:00, run_after=2023-07-10T01:44:22.541940+00:00
[2023-07-10T01:44:22.563+0000] {processor.py:179} INFO - Processing /home/airflow/.local/lib/python3.7/site-packages/airflow/example_dags/example_latest_only.py took 0.072 seconds
[2023-07-10T01:44:53.122+0000] {processor.py:157} INFO - Started process (PID=5309) to work on /home/airflow/.local/lib/python3.7/site-packages/airflow/example_dags/example_latest_only.py
[2023-07-10T01:44:53.123+0000] {processor.py:826} INFO - Processing file /home/airflow/.local/lib/python3.7/site-packages/airflow/example_dags/example_latest_only.py for tasks to queue
[2023-07-10T01:44:53.124+0000] {logging_mixin.py:149} INFO - [2023-07-10T01:44:53.124+0000] {dagbag.py:541} INFO - Filling up the DagBag from /home/airflow/.local/lib/python3.7/site-packages/airflow/example_dags/example_latest_only.py
[2023-07-10T01:44:53.129+0000] {processor.py:836} INFO - DAG(s) dict_keys(['latest_only']) retrieved from /home/airflow/.local/lib/python3.7/site-packages/airflow/example_dags/example_latest_only.py
[2023-07-10T01:44:53.147+0000] {logging_mixin.py:149} INFO - [2023-07-10T01:44:53.147+0000] {dag.py:2726} INFO - Sync 1 DAGs
[2023-07-10T01:44:53.169+0000] {logging_mixin.py:149} INFO - [2023-07-10T01:44:53.169+0000] {dag.py:3490} INFO - Setting next_dagrun for latest_only to 2023-07-09T21:44:53.169468+00:00, run_after=2023-07-10T01:44:53.169468+00:00
[2023-07-10T01:44:53.186+0000] {processor.py:179} INFO - Processing /home/airflow/.local/lib/python3.7/site-packages/airflow/example_dags/example_latest_only.py took 0.066 seconds
[2023-07-10T01:45:23.746+0000] {processor.py:157} INFO - Started process (PID=5558) to work on /home/airflow/.local/lib/python3.7/site-packages/airflow/example_dags/example_latest_only.py
[2023-07-10T01:45:23.748+0000] {processor.py:826} INFO - Processing file /home/airflow/.local/lib/python3.7/site-packages/airflow/example_dags/example_latest_only.py for tasks to queue
[2023-07-10T01:45:23.749+0000] {logging_mixin.py:149} INFO - [2023-07-10T01:45:23.749+0000] {dagbag.py:541} INFO - Filling up the DagBag from /home/airflow/.local/lib/python3.7/site-packages/airflow/example_dags/example_latest_only.py
[2023-07-10T01:45:23.754+0000] {processor.py:836} INFO - DAG(s) dict_keys(['latest_only']) retrieved from /home/airflow/.local/lib/python3.7/site-packages/airflow/example_dags/example_latest_only.py
[2023-07-10T01:45:23.774+0000] {logging_mixin.py:149} INFO - [2023-07-10T01:45:23.774+0000] {dag.py:2726} INFO - Sync 1 DAGs
[2023-07-10T01:45:23.796+0000] {logging_mixin.py:149} INFO - [2023-07-10T01:45:23.796+0000] {dag.py:3490} INFO - Setting next_dagrun for latest_only to 2023-07-09T21:45:23.796015+00:00, run_after=2023-07-10T01:45:23.796015+00:00
[2023-07-10T01:45:23.812+0000] {processor.py:179} INFO - Processing /home/airflow/.local/lib/python3.7/site-packages/airflow/example_dags/example_latest_only.py took 0.069 seconds
[2023-07-10T01:45:54.309+0000] {processor.py:157} INFO - Started process (PID=5807) to work on /home/airflow/.local/lib/python3.7/site-packages/airflow/example_dags/example_latest_only.py
[2023-07-10T01:45:54.310+0000] {processor.py:826} INFO - Processing file /home/airflow/.local/lib/python3.7/site-packages/airflow/example_dags/example_latest_only.py for tasks to queue
[2023-07-10T01:45:54.311+0000] {logging_mixin.py:149} INFO - [2023-07-10T01:45:54.311+0000] {dagbag.py:541} INFO - Filling up the DagBag from /home/airflow/.local/lib/python3.7/site-packages/airflow/example_dags/example_latest_only.py
[2023-07-10T01:45:54.316+0000] {processor.py:836} INFO - DAG(s) dict_keys(['latest_only']) retrieved from /home/airflow/.local/lib/python3.7/site-packages/airflow/example_dags/example_latest_only.py
[2023-07-10T01:45:54.335+0000] {logging_mixin.py:149} INFO - [2023-07-10T01:45:54.335+0000] {dag.py:2726} INFO - Sync 1 DAGs
[2023-07-10T01:45:54.359+0000] {logging_mixin.py:149} INFO - [2023-07-10T01:45:54.359+0000] {dag.py:3490} INFO - Setting next_dagrun for latest_only to 2023-07-09T21:45:54.359255+00:00, run_after=2023-07-10T01:45:54.359255+00:00
[2023-07-10T01:45:54.379+0000] {processor.py:179} INFO - Processing /home/airflow/.local/lib/python3.7/site-packages/airflow/example_dags/example_latest_only.py took 0.072 seconds
[2023-07-10T01:46:25.053+0000] {processor.py:157} INFO - Started process (PID=6058) to work on /home/airflow/.local/lib/python3.7/site-packages/airflow/example_dags/example_latest_only.py
[2023-07-10T01:46:25.054+0000] {processor.py:826} INFO - Processing file /home/airflow/.local/lib/python3.7/site-packages/airflow/example_dags/example_latest_only.py for tasks to queue
[2023-07-10T01:46:25.054+0000] {logging_mixin.py:149} INFO - [2023-07-10T01:46:25.054+0000] {dagbag.py:541} INFO - Filling up the DagBag from /home/airflow/.local/lib/python3.7/site-packages/airflow/example_dags/example_latest_only.py
[2023-07-10T01:46:25.059+0000] {processor.py:836} INFO - DAG(s) dict_keys(['latest_only']) retrieved from /home/airflow/.local/lib/python3.7/site-packages/airflow/example_dags/example_latest_only.py
[2023-07-10T01:46:25.078+0000] {logging_mixin.py:149} INFO - [2023-07-10T01:46:25.078+0000] {dag.py:2726} INFO - Sync 1 DAGs
[2023-07-10T01:46:25.098+0000] {logging_mixin.py:149} INFO - [2023-07-10T01:46:25.098+0000] {dag.py:3490} INFO - Setting next_dagrun for latest_only to 2023-07-09T21:46:25.098455+00:00, run_after=2023-07-10T01:46:25.098455+00:00
[2023-07-10T01:46:25.118+0000] {processor.py:179} INFO - Processing /home/airflow/.local/lib/python3.7/site-packages/airflow/example_dags/example_latest_only.py took 0.067 seconds
[2023-07-10T01:46:55.726+0000] {processor.py:157} INFO - Started process (PID=6305) to work on /home/airflow/.local/lib/python3.7/site-packages/airflow/example_dags/example_latest_only.py
[2023-07-10T01:46:55.727+0000] {processor.py:826} INFO - Processing file /home/airflow/.local/lib/python3.7/site-packages/airflow/example_dags/example_latest_only.py for tasks to queue
[2023-07-10T01:46:55.728+0000] {logging_mixin.py:149} INFO - [2023-07-10T01:46:55.728+0000] {dagbag.py:541} INFO - Filling up the DagBag from /home/airflow/.local/lib/python3.7/site-packages/airflow/example_dags/example_latest_only.py
[2023-07-10T01:46:55.732+0000] {processor.py:836} INFO - DAG(s) dict_keys(['latest_only']) retrieved from /home/airflow/.local/lib/python3.7/site-packages/airflow/example_dags/example_latest_only.py
[2023-07-10T01:46:55.751+0000] {logging_mixin.py:149} INFO - [2023-07-10T01:46:55.751+0000] {dag.py:2726} INFO - Sync 1 DAGs
[2023-07-10T01:46:55.774+0000] {logging_mixin.py:149} INFO - [2023-07-10T01:46:55.774+0000] {dag.py:3490} INFO - Setting next_dagrun for latest_only to 2023-07-09T21:46:55.774558+00:00, run_after=2023-07-10T01:46:55.774558+00:00
[2023-07-10T01:46:55.792+0000] {processor.py:179} INFO - Processing /home/airflow/.local/lib/python3.7/site-packages/airflow/example_dags/example_latest_only.py took 0.069 seconds
[2023-07-10T01:47:26.261+0000] {processor.py:157} INFO - Started process (PID=6554) to work on /home/airflow/.local/lib/python3.7/site-packages/airflow/example_dags/example_latest_only.py
[2023-07-10T01:47:26.262+0000] {processor.py:826} INFO - Processing file /home/airflow/.local/lib/python3.7/site-packages/airflow/example_dags/example_latest_only.py for tasks to queue
[2023-07-10T01:47:26.263+0000] {logging_mixin.py:149} INFO - [2023-07-10T01:47:26.262+0000] {dagbag.py:541} INFO - Filling up the DagBag from /home/airflow/.local/lib/python3.7/site-packages/airflow/example_dags/example_latest_only.py
[2023-07-10T01:47:26.267+0000] {processor.py:836} INFO - DAG(s) dict_keys(['latest_only']) retrieved from /home/airflow/.local/lib/python3.7/site-packages/airflow/example_dags/example_latest_only.py
[2023-07-10T01:47:26.286+0000] {logging_mixin.py:149} INFO - [2023-07-10T01:47:26.286+0000] {dag.py:2726} INFO - Sync 1 DAGs
[2023-07-10T01:47:26.307+0000] {logging_mixin.py:149} INFO - [2023-07-10T01:47:26.307+0000] {dag.py:3490} INFO - Setting next_dagrun for latest_only to 2023-07-09T21:47:26.307493+00:00, run_after=2023-07-10T01:47:26.307493+00:00
[2023-07-10T01:47:26.326+0000] {processor.py:179} INFO - Processing /home/airflow/.local/lib/python3.7/site-packages/airflow/example_dags/example_latest_only.py took 0.068 seconds
[2023-07-10T01:47:56.723+0000] {processor.py:157} INFO - Started process (PID=6803) to work on /home/airflow/.local/lib/python3.7/site-packages/airflow/example_dags/example_latest_only.py
[2023-07-10T01:47:56.724+0000] {processor.py:826} INFO - Processing file /home/airflow/.local/lib/python3.7/site-packages/airflow/example_dags/example_latest_only.py for tasks to queue
[2023-07-10T01:47:56.725+0000] {logging_mixin.py:149} INFO - [2023-07-10T01:47:56.724+0000] {dagbag.py:541} INFO - Filling up the DagBag from /home/airflow/.local/lib/python3.7/site-packages/airflow/example_dags/example_latest_only.py
[2023-07-10T01:47:56.729+0000] {processor.py:836} INFO - DAG(s) dict_keys(['latest_only']) retrieved from /home/airflow/.local/lib/python3.7/site-packages/airflow/example_dags/example_latest_only.py
[2023-07-10T01:47:56.749+0000] {logging_mixin.py:149} INFO - [2023-07-10T01:47:56.749+0000] {dag.py:2726} INFO - Sync 1 DAGs
[2023-07-10T01:47:56.772+0000] {logging_mixin.py:149} INFO - [2023-07-10T01:47:56.771+0000] {dag.py:3490} INFO - Setting next_dagrun for latest_only to 2023-07-09T21:47:56.771770+00:00, run_after=2023-07-10T01:47:56.771770+00:00
[2023-07-10T01:47:56.789+0000] {processor.py:179} INFO - Processing /home/airflow/.local/lib/python3.7/site-packages/airflow/example_dags/example_latest_only.py took 0.069 seconds
[2023-07-10T01:48:27.264+0000] {processor.py:157} INFO - Started process (PID=7052) to work on /home/airflow/.local/lib/python3.7/site-packages/airflow/example_dags/example_latest_only.py
[2023-07-10T01:48:27.264+0000] {processor.py:826} INFO - Processing file /home/airflow/.local/lib/python3.7/site-packages/airflow/example_dags/example_latest_only.py for tasks to queue
[2023-07-10T01:48:27.265+0000] {logging_mixin.py:149} INFO - [2023-07-10T01:48:27.265+0000] {dagbag.py:541} INFO - Filling up the DagBag from /home/airflow/.local/lib/python3.7/site-packages/airflow/example_dags/example_latest_only.py
[2023-07-10T01:48:27.270+0000] {processor.py:836} INFO - DAG(s) dict_keys(['latest_only']) retrieved from /home/airflow/.local/lib/python3.7/site-packages/airflow/example_dags/example_latest_only.py
[2023-07-10T01:48:27.289+0000] {logging_mixin.py:149} INFO - [2023-07-10T01:48:27.288+0000] {dag.py:2726} INFO - Sync 1 DAGs
[2023-07-10T01:48:27.310+0000] {logging_mixin.py:149} INFO - [2023-07-10T01:48:27.310+0000] {dag.py:3490} INFO - Setting next_dagrun for latest_only to 2023-07-09T21:48:27.310035+00:00, run_after=2023-07-10T01:48:27.310035+00:00
[2023-07-10T01:48:27.327+0000] {processor.py:179} INFO - Processing /home/airflow/.local/lib/python3.7/site-packages/airflow/example_dags/example_latest_only.py took 0.066 seconds
[2023-07-10T01:48:57.923+0000] {processor.py:157} INFO - Started process (PID=7301) to work on /home/airflow/.local/lib/python3.7/site-packages/airflow/example_dags/example_latest_only.py
[2023-07-10T01:48:57.924+0000] {processor.py:826} INFO - Processing file /home/airflow/.local/lib/python3.7/site-packages/airflow/example_dags/example_latest_only.py for tasks to queue
[2023-07-10T01:48:57.924+0000] {logging_mixin.py:149} INFO - [2023-07-10T01:48:57.924+0000] {dagbag.py:541} INFO - Filling up the DagBag from /home/airflow/.local/lib/python3.7/site-packages/airflow/example_dags/example_latest_only.py
[2023-07-10T01:48:57.930+0000] {processor.py:836} INFO - DAG(s) dict_keys(['latest_only']) retrieved from /home/airflow/.local/lib/python3.7/site-packages/airflow/example_dags/example_latest_only.py
[2023-07-10T01:48:57.950+0000] {logging_mixin.py:149} INFO - [2023-07-10T01:48:57.950+0000] {dag.py:2726} INFO - Sync 1 DAGs
[2023-07-10T01:48:57.974+0000] {logging_mixin.py:149} INFO - [2023-07-10T01:48:57.973+0000] {dag.py:3490} INFO - Setting next_dagrun for latest_only to 2023-07-09T21:48:57.973756+00:00, run_after=2023-07-10T01:48:57.973756+00:00
[2023-07-10T01:48:57.993+0000] {processor.py:179} INFO - Processing /home/airflow/.local/lib/python3.7/site-packages/airflow/example_dags/example_latest_only.py took 0.072 seconds
[2023-07-10T01:49:28.343+0000] {processor.py:157} INFO - Started process (PID=7550) to work on /home/airflow/.local/lib/python3.7/site-packages/airflow/example_dags/example_latest_only.py
[2023-07-10T01:49:28.344+0000] {processor.py:826} INFO - Processing file /home/airflow/.local/lib/python3.7/site-packages/airflow/example_dags/example_latest_only.py for tasks to queue
[2023-07-10T01:49:28.345+0000] {logging_mixin.py:149} INFO - [2023-07-10T01:49:28.345+0000] {dagbag.py:541} INFO - Filling up the DagBag from /home/airflow/.local/lib/python3.7/site-packages/airflow/example_dags/example_latest_only.py
[2023-07-10T01:49:28.349+0000] {processor.py:836} INFO - DAG(s) dict_keys(['latest_only']) retrieved from /home/airflow/.local/lib/python3.7/site-packages/airflow/example_dags/example_latest_only.py
[2023-07-10T01:49:28.369+0000] {logging_mixin.py:149} INFO - [2023-07-10T01:49:28.368+0000] {dag.py:2726} INFO - Sync 1 DAGs
[2023-07-10T01:49:28.391+0000] {logging_mixin.py:149} INFO - [2023-07-10T01:49:28.391+0000] {dag.py:3490} INFO - Setting next_dagrun for latest_only to 2023-07-09T21:49:28.390867+00:00, run_after=2023-07-10T01:49:28.390867+00:00
[2023-07-10T01:49:28.408+0000] {processor.py:179} INFO - Processing /home/airflow/.local/lib/python3.7/site-packages/airflow/example_dags/example_latest_only.py took 0.067 seconds
[2023-07-10T01:49:58.967+0000] {processor.py:157} INFO - Started process (PID=7804) to work on /home/airflow/.local/lib/python3.7/site-packages/airflow/example_dags/example_latest_only.py
[2023-07-10T01:49:58.969+0000] {processor.py:826} INFO - Processing file /home/airflow/.local/lib/python3.7/site-packages/airflow/example_dags/example_latest_only.py for tasks to queue
[2023-07-10T01:49:58.969+0000] {logging_mixin.py:149} INFO - [2023-07-10T01:49:58.969+0000] {dagbag.py:541} INFO - Filling up the DagBag from /home/airflow/.local/lib/python3.7/site-packages/airflow/example_dags/example_latest_only.py
[2023-07-10T01:49:58.974+0000] {processor.py:836} INFO - DAG(s) dict_keys(['latest_only']) retrieved from /home/airflow/.local/lib/python3.7/site-packages/airflow/example_dags/example_latest_only.py
[2023-07-10T01:49:58.994+0000] {logging_mixin.py:149} INFO - [2023-07-10T01:49:58.994+0000] {dag.py:2726} INFO - Sync 1 DAGs
[2023-07-10T01:49:59.023+0000] {logging_mixin.py:149} INFO - [2023-07-10T01:49:59.023+0000] {dag.py:3490} INFO - Setting next_dagrun for latest_only to 2023-07-09T21:49:59.023310+00:00, run_after=2023-07-10T01:49:59.023310+00:00
[2023-07-10T01:49:59.041+0000] {processor.py:179} INFO - Processing /home/airflow/.local/lib/python3.7/site-packages/airflow/example_dags/example_latest_only.py took 0.077 seconds
[2023-07-10T01:50:29.619+0000] {processor.py:157} INFO - Started process (PID=8058) to work on /home/airflow/.local/lib/python3.7/site-packages/airflow/example_dags/example_latest_only.py
[2023-07-10T01:50:29.619+0000] {processor.py:826} INFO - Processing file /home/airflow/.local/lib/python3.7/site-packages/airflow/example_dags/example_latest_only.py for tasks to queue
[2023-07-10T01:50:29.620+0000] {logging_mixin.py:149} INFO - [2023-07-10T01:50:29.620+0000] {dagbag.py:541} INFO - Filling up the DagBag from /home/airflow/.local/lib/python3.7/site-packages/airflow/example_dags/example_latest_only.py
[2023-07-10T01:50:29.625+0000] {processor.py:836} INFO - DAG(s) dict_keys(['latest_only']) retrieved from /home/airflow/.local/lib/python3.7/site-packages/airflow/example_dags/example_latest_only.py
[2023-07-10T01:50:29.644+0000] {logging_mixin.py:149} INFO - [2023-07-10T01:50:29.644+0000] {dag.py:2726} INFO - Sync 1 DAGs
[2023-07-10T01:50:29.667+0000] {logging_mixin.py:149} INFO - [2023-07-10T01:50:29.666+0000] {dag.py:3490} INFO - Setting next_dagrun for latest_only to 2023-07-09T21:50:29.666682+00:00, run_after=2023-07-10T01:50:29.666682+00:00
[2023-07-10T01:50:29.687+0000] {processor.py:179} INFO - Processing /home/airflow/.local/lib/python3.7/site-packages/airflow/example_dags/example_latest_only.py took 0.071 seconds
[2023-07-10T01:51:00.228+0000] {processor.py:157} INFO - Started process (PID=8312) to work on /home/airflow/.local/lib/python3.7/site-packages/airflow/example_dags/example_latest_only.py
[2023-07-10T01:51:00.229+0000] {processor.py:826} INFO - Processing file /home/airflow/.local/lib/python3.7/site-packages/airflow/example_dags/example_latest_only.py for tasks to queue
[2023-07-10T01:51:00.229+0000] {logging_mixin.py:149} INFO - [2023-07-10T01:51:00.229+0000] {dagbag.py:541} INFO - Filling up the DagBag from /home/airflow/.local/lib/python3.7/site-packages/airflow/example_dags/example_latest_only.py
[2023-07-10T01:51:00.234+0000] {processor.py:836} INFO - DAG(s) dict_keys(['latest_only']) retrieved from /home/airflow/.local/lib/python3.7/site-packages/airflow/example_dags/example_latest_only.py
[2023-07-10T01:51:00.252+0000] {logging_mixin.py:149} INFO - [2023-07-10T01:51:00.252+0000] {dag.py:2726} INFO - Sync 1 DAGs
[2023-07-10T01:51:00.275+0000] {logging_mixin.py:149} INFO - [2023-07-10T01:51:00.275+0000] {dag.py:3490} INFO - Setting next_dagrun for latest_only to 2023-07-09T21:51:00.275227+00:00, run_after=2023-07-10T01:51:00.275227+00:00
[2023-07-10T01:51:00.293+0000] {processor.py:179} INFO - Processing /home/airflow/.local/lib/python3.7/site-packages/airflow/example_dags/example_latest_only.py took 0.068 seconds
[2023-07-10T01:51:30.921+0000] {processor.py:157} INFO - Started process (PID=8566) to work on /home/airflow/.local/lib/python3.7/site-packages/airflow/example_dags/example_latest_only.py
[2023-07-10T01:51:30.922+0000] {processor.py:826} INFO - Processing file /home/airflow/.local/lib/python3.7/site-packages/airflow/example_dags/example_latest_only.py for tasks to queue
[2023-07-10T01:51:30.923+0000] {logging_mixin.py:149} INFO - [2023-07-10T01:51:30.923+0000] {dagbag.py:541} INFO - Filling up the DagBag from /home/airflow/.local/lib/python3.7/site-packages/airflow/example_dags/example_latest_only.py
[2023-07-10T01:51:30.928+0000] {processor.py:836} INFO - DAG(s) dict_keys(['latest_only']) retrieved from /home/airflow/.local/lib/python3.7/site-packages/airflow/example_dags/example_latest_only.py
[2023-07-10T01:51:30.948+0000] {logging_mixin.py:149} INFO - [2023-07-10T01:51:30.948+0000] {dag.py:2726} INFO - Sync 1 DAGs
[2023-07-10T01:51:30.969+0000] {logging_mixin.py:149} INFO - [2023-07-10T01:51:30.969+0000] {dag.py:3490} INFO - Setting next_dagrun for latest_only to 2023-07-09T21:51:30.969516+00:00, run_after=2023-07-10T01:51:30.969516+00:00
[2023-07-10T01:51:30.986+0000] {processor.py:179} INFO - Processing /home/airflow/.local/lib/python3.7/site-packages/airflow/example_dags/example_latest_only.py took 0.068 seconds
[2023-07-10T01:52:01.561+0000] {processor.py:157} INFO - Started process (PID=8820) to work on /home/airflow/.local/lib/python3.7/site-packages/airflow/example_dags/example_latest_only.py
[2023-07-10T01:52:01.562+0000] {processor.py:826} INFO - Processing file /home/airflow/.local/lib/python3.7/site-packages/airflow/example_dags/example_latest_only.py for tasks to queue
[2023-07-10T01:52:01.563+0000] {logging_mixin.py:149} INFO - [2023-07-10T01:52:01.563+0000] {dagbag.py:541} INFO - Filling up the DagBag from /home/airflow/.local/lib/python3.7/site-packages/airflow/example_dags/example_latest_only.py
[2023-07-10T01:52:01.568+0000] {processor.py:836} INFO - DAG(s) dict_keys(['latest_only']) retrieved from /home/airflow/.local/lib/python3.7/site-packages/airflow/example_dags/example_latest_only.py
[2023-07-10T01:52:01.587+0000] {logging_mixin.py:149} INFO - [2023-07-10T01:52:01.587+0000] {dag.py:2726} INFO - Sync 1 DAGs
[2023-07-10T01:52:01.610+0000] {logging_mixin.py:149} INFO - [2023-07-10T01:52:01.610+0000] {dag.py:3490} INFO - Setting next_dagrun for latest_only to 2023-07-09T21:52:01.610310+00:00, run_after=2023-07-10T01:52:01.610310+00:00
[2023-07-10T01:52:01.629+0000] {processor.py:179} INFO - Processing /home/airflow/.local/lib/python3.7/site-packages/airflow/example_dags/example_latest_only.py took 0.070 seconds
[2023-07-10T01:52:32.353+0000] {processor.py:157} INFO - Started process (PID=9074) to work on /home/airflow/.local/lib/python3.7/site-packages/airflow/example_dags/example_latest_only.py
[2023-07-10T01:52:32.354+0000] {processor.py:826} INFO - Processing file /home/airflow/.local/lib/python3.7/site-packages/airflow/example_dags/example_latest_only.py for tasks to queue
[2023-07-10T01:52:32.355+0000] {logging_mixin.py:149} INFO - [2023-07-10T01:52:32.355+0000] {dagbag.py:541} INFO - Filling up the DagBag from /home/airflow/.local/lib/python3.7/site-packages/airflow/example_dags/example_latest_only.py
[2023-07-10T01:52:32.360+0000] {processor.py:836} INFO - DAG(s) dict_keys(['latest_only']) retrieved from /home/airflow/.local/lib/python3.7/site-packages/airflow/example_dags/example_latest_only.py
[2023-07-10T01:52:32.379+0000] {logging_mixin.py:149} INFO - [2023-07-10T01:52:32.379+0000] {dag.py:2726} INFO - Sync 1 DAGs
[2023-07-10T01:52:32.402+0000] {logging_mixin.py:149} INFO - [2023-07-10T01:52:32.402+0000] {dag.py:3490} INFO - Setting next_dagrun for latest_only to 2023-07-09T21:52:32.402471+00:00, run_after=2023-07-10T01:52:32.402471+00:00
[2023-07-10T01:52:32.421+0000] {processor.py:179} INFO - Processing /home/airflow/.local/lib/python3.7/site-packages/airflow/example_dags/example_latest_only.py took 0.070 seconds
[2023-07-10T01:53:02.764+0000] {processor.py:157} INFO - Started process (PID=9330) to work on /home/airflow/.local/lib/python3.7/site-packages/airflow/example_dags/example_latest_only.py
[2023-07-10T01:53:02.765+0000] {processor.py:826} INFO - Processing file /home/airflow/.local/lib/python3.7/site-packages/airflow/example_dags/example_latest_only.py for tasks to queue
[2023-07-10T01:53:02.766+0000] {logging_mixin.py:149} INFO - [2023-07-10T01:53:02.766+0000] {dagbag.py:541} INFO - Filling up the DagBag from /home/airflow/.local/lib/python3.7/site-packages/airflow/example_dags/example_latest_only.py
[2023-07-10T01:53:02.771+0000] {processor.py:836} INFO - DAG(s) dict_keys(['latest_only']) retrieved from /home/airflow/.local/lib/python3.7/site-packages/airflow/example_dags/example_latest_only.py
[2023-07-10T01:53:02.794+0000] {logging_mixin.py:149} INFO - [2023-07-10T01:53:02.794+0000] {dag.py:2726} INFO - Sync 1 DAGs
[2023-07-10T01:53:02.814+0000] {logging_mixin.py:149} INFO - [2023-07-10T01:53:02.814+0000] {dag.py:3490} INFO - Setting next_dagrun for latest_only to 2023-07-09T21:53:02.814306+00:00, run_after=2023-07-10T01:53:02.814306+00:00
[2023-07-10T01:53:02.832+0000] {processor.py:179} INFO - Processing /home/airflow/.local/lib/python3.7/site-packages/airflow/example_dags/example_latest_only.py took 0.071 seconds
[2023-07-10T01:53:32.891+0000] {processor.py:157} INFO - Started process (PID=9582) to work on /home/airflow/.local/lib/python3.7/site-packages/airflow/example_dags/example_latest_only.py
[2023-07-10T01:53:32.892+0000] {processor.py:826} INFO - Processing file /home/airflow/.local/lib/python3.7/site-packages/airflow/example_dags/example_latest_only.py for tasks to queue
[2023-07-10T01:53:32.893+0000] {logging_mixin.py:149} INFO - [2023-07-10T01:53:32.893+0000] {dagbag.py:541} INFO - Filling up the DagBag from /home/airflow/.local/lib/python3.7/site-packages/airflow/example_dags/example_latest_only.py
[2023-07-10T01:53:32.897+0000] {processor.py:836} INFO - DAG(s) dict_keys(['latest_only']) retrieved from /home/airflow/.local/lib/python3.7/site-packages/airflow/example_dags/example_latest_only.py
[2023-07-10T01:53:32.916+0000] {logging_mixin.py:149} INFO - [2023-07-10T01:53:32.916+0000] {dag.py:2726} INFO - Sync 1 DAGs
[2023-07-10T01:53:32.940+0000] {logging_mixin.py:149} INFO - [2023-07-10T01:53:32.939+0000] {dag.py:3490} INFO - Setting next_dagrun for latest_only to 2023-07-09T21:53:32.939655+00:00, run_after=2023-07-10T01:53:32.939655+00:00
[2023-07-10T01:53:32.958+0000] {processor.py:179} INFO - Processing /home/airflow/.local/lib/python3.7/site-packages/airflow/example_dags/example_latest_only.py took 0.069 seconds
[2023-07-10T01:54:03.140+0000] {processor.py:157} INFO - Started process (PID=9837) to work on /home/airflow/.local/lib/python3.7/site-packages/airflow/example_dags/example_latest_only.py
[2023-07-10T01:54:03.141+0000] {processor.py:826} INFO - Processing file /home/airflow/.local/lib/python3.7/site-packages/airflow/example_dags/example_latest_only.py for tasks to queue
[2023-07-10T01:54:03.142+0000] {logging_mixin.py:149} INFO - [2023-07-10T01:54:03.142+0000] {dagbag.py:541} INFO - Filling up the DagBag from /home/airflow/.local/lib/python3.7/site-packages/airflow/example_dags/example_latest_only.py
[2023-07-10T01:54:03.147+0000] {processor.py:836} INFO - DAG(s) dict_keys(['latest_only']) retrieved from /home/airflow/.local/lib/python3.7/site-packages/airflow/example_dags/example_latest_only.py
[2023-07-10T01:54:03.166+0000] {logging_mixin.py:149} INFO - [2023-07-10T01:54:03.166+0000] {dag.py:2726} INFO - Sync 1 DAGs
[2023-07-10T01:54:03.186+0000] {logging_mixin.py:149} INFO - [2023-07-10T01:54:03.186+0000] {dag.py:3490} INFO - Setting next_dagrun for latest_only to 2023-07-09T21:54:03.186600+00:00, run_after=2023-07-10T01:54:03.186600+00:00
[2023-07-10T01:54:03.202+0000] {processor.py:179} INFO - Processing /home/airflow/.local/lib/python3.7/site-packages/airflow/example_dags/example_latest_only.py took 0.065 seconds
[2023-07-10T01:54:33.598+0000] {processor.py:157} INFO - Started process (PID=10091) to work on /home/airflow/.local/lib/python3.7/site-packages/airflow/example_dags/example_latest_only.py
[2023-07-10T01:54:33.599+0000] {processor.py:826} INFO - Processing file /home/airflow/.local/lib/python3.7/site-packages/airflow/example_dags/example_latest_only.py for tasks to queue
[2023-07-10T01:54:33.600+0000] {logging_mixin.py:149} INFO - [2023-07-10T01:54:33.600+0000] {dagbag.py:541} INFO - Filling up the DagBag from /home/airflow/.local/lib/python3.7/site-packages/airflow/example_dags/example_latest_only.py
[2023-07-10T01:54:33.604+0000] {processor.py:836} INFO - DAG(s) dict_keys(['latest_only']) retrieved from /home/airflow/.local/lib/python3.7/site-packages/airflow/example_dags/example_latest_only.py
[2023-07-10T01:54:33.624+0000] {logging_mixin.py:149} INFO - [2023-07-10T01:54:33.624+0000] {dag.py:2726} INFO - Sync 1 DAGs
[2023-07-10T01:54:33.647+0000] {logging_mixin.py:149} INFO - [2023-07-10T01:54:33.647+0000] {dag.py:3490} INFO - Setting next_dagrun for latest_only to 2023-07-09T21:54:33.647382+00:00, run_after=2023-07-10T01:54:33.647382+00:00
[2023-07-10T01:54:33.666+0000] {processor.py:179} INFO - Processing /home/airflow/.local/lib/python3.7/site-packages/airflow/example_dags/example_latest_only.py took 0.071 seconds
[2023-07-10T01:55:04.611+0000] {processor.py:157} INFO - Started process (PID=10345) to work on /home/airflow/.local/lib/python3.7/site-packages/airflow/example_dags/example_latest_only.py
[2023-07-10T01:55:04.612+0000] {processor.py:826} INFO - Processing file /home/airflow/.local/lib/python3.7/site-packages/airflow/example_dags/example_latest_only.py for tasks to queue
[2023-07-10T01:55:04.613+0000] {logging_mixin.py:149} INFO - [2023-07-10T01:55:04.613+0000] {dagbag.py:541} INFO - Filling up the DagBag from /home/airflow/.local/lib/python3.7/site-packages/airflow/example_dags/example_latest_only.py
[2023-07-10T01:55:04.618+0000] {processor.py:836} INFO - DAG(s) dict_keys(['latest_only']) retrieved from /home/airflow/.local/lib/python3.7/site-packages/airflow/example_dags/example_latest_only.py
[2023-07-10T01:55:04.637+0000] {logging_mixin.py:149} INFO - [2023-07-10T01:55:04.637+0000] {dag.py:2726} INFO - Sync 1 DAGs
[2023-07-10T01:55:04.659+0000] {logging_mixin.py:149} INFO - [2023-07-10T01:55:04.659+0000] {dag.py:3490} INFO - Setting next_dagrun for latest_only to 2023-07-09T21:55:04.659313+00:00, run_after=2023-07-10T01:55:04.659313+00:00
[2023-07-10T01:55:04.676+0000] {processor.py:179} INFO - Processing /home/airflow/.local/lib/python3.7/site-packages/airflow/example_dags/example_latest_only.py took 0.067 seconds
[2023-07-10T01:55:35.555+0000] {processor.py:157} INFO - Started process (PID=10599) to work on /home/airflow/.local/lib/python3.7/site-packages/airflow/example_dags/example_latest_only.py
[2023-07-10T01:55:35.556+0000] {processor.py:826} INFO - Processing file /home/airflow/.local/lib/python3.7/site-packages/airflow/example_dags/example_latest_only.py for tasks to queue
[2023-07-10T01:55:35.557+0000] {logging_mixin.py:149} INFO - [2023-07-10T01:55:35.557+0000] {dagbag.py:541} INFO - Filling up the DagBag from /home/airflow/.local/lib/python3.7/site-packages/airflow/example_dags/example_latest_only.py
[2023-07-10T01:55:35.562+0000] {processor.py:836} INFO - DAG(s) dict_keys(['latest_only']) retrieved from /home/airflow/.local/lib/python3.7/site-packages/airflow/example_dags/example_latest_only.py
[2023-07-10T01:55:35.582+0000] {logging_mixin.py:149} INFO - [2023-07-10T01:55:35.581+0000] {dag.py:2726} INFO - Sync 1 DAGs
[2023-07-10T01:55:35.603+0000] {logging_mixin.py:149} INFO - [2023-07-10T01:55:35.603+0000] {dag.py:3490} INFO - Setting next_dagrun for latest_only to 2023-07-09T21:55:35.603068+00:00, run_after=2023-07-10T01:55:35.603068+00:00
[2023-07-10T01:55:35.620+0000] {processor.py:179} INFO - Processing /home/airflow/.local/lib/python3.7/site-packages/airflow/example_dags/example_latest_only.py took 0.068 seconds
[2023-07-10T01:56:06.175+0000] {processor.py:157} INFO - Started process (PID=10853) to work on /home/airflow/.local/lib/python3.7/site-packages/airflow/example_dags/example_latest_only.py
[2023-07-10T01:56:06.176+0000] {processor.py:826} INFO - Processing file /home/airflow/.local/lib/python3.7/site-packages/airflow/example_dags/example_latest_only.py for tasks to queue
[2023-07-10T01:56:06.177+0000] {logging_mixin.py:149} INFO - [2023-07-10T01:56:06.177+0000] {dagbag.py:541} INFO - Filling up the DagBag from /home/airflow/.local/lib/python3.7/site-packages/airflow/example_dags/example_latest_only.py
[2023-07-10T01:56:06.181+0000] {processor.py:836} INFO - DAG(s) dict_keys(['latest_only']) retrieved from /home/airflow/.local/lib/python3.7/site-packages/airflow/example_dags/example_latest_only.py
[2023-07-10T01:56:06.201+0000] {logging_mixin.py:149} INFO - [2023-07-10T01:56:06.200+0000] {dag.py:2726} INFO - Sync 1 DAGs
[2023-07-10T01:56:06.224+0000] {logging_mixin.py:149} INFO - [2023-07-10T01:56:06.224+0000] {dag.py:3490} INFO - Setting next_dagrun for latest_only to 2023-07-09T21:56:06.224189+00:00, run_after=2023-07-10T01:56:06.224189+00:00
[2023-07-10T01:56:06.242+0000] {processor.py:179} INFO - Processing /home/airflow/.local/lib/python3.7/site-packages/airflow/example_dags/example_latest_only.py took 0.070 seconds
[2023-07-10T01:56:36.924+0000] {processor.py:157} INFO - Started process (PID=11119) to work on /home/airflow/.local/lib/python3.7/site-packages/airflow/example_dags/example_latest_only.py
[2023-07-10T01:56:36.925+0000] {processor.py:826} INFO - Processing file /home/airflow/.local/lib/python3.7/site-packages/airflow/example_dags/example_latest_only.py for tasks to queue
[2023-07-10T01:56:36.926+0000] {logging_mixin.py:149} INFO - [2023-07-10T01:56:36.926+0000] {dagbag.py:541} INFO - Filling up the DagBag from /home/airflow/.local/lib/python3.7/site-packages/airflow/example_dags/example_latest_only.py
[2023-07-10T01:56:36.931+0000] {processor.py:836} INFO - DAG(s) dict_keys(['latest_only']) retrieved from /home/airflow/.local/lib/python3.7/site-packages/airflow/example_dags/example_latest_only.py
[2023-07-10T01:56:36.950+0000] {logging_mixin.py:149} INFO - [2023-07-10T01:56:36.950+0000] {dag.py:2726} INFO - Sync 1 DAGs
[2023-07-10T01:56:36.970+0000] {logging_mixin.py:149} INFO - [2023-07-10T01:56:36.970+0000] {dag.py:3490} INFO - Setting next_dagrun for latest_only to 2023-07-09T21:56:36.970596+00:00, run_after=2023-07-10T01:56:36.970596+00:00
[2023-07-10T01:56:36.987+0000] {processor.py:179} INFO - Processing /home/airflow/.local/lib/python3.7/site-packages/airflow/example_dags/example_latest_only.py took 0.065 seconds
[2023-07-10T01:57:07.666+0000] {processor.py:157} INFO - Started process (PID=11373) to work on /home/airflow/.local/lib/python3.7/site-packages/airflow/example_dags/example_latest_only.py
[2023-07-10T01:57:07.667+0000] {processor.py:826} INFO - Processing file /home/airflow/.local/lib/python3.7/site-packages/airflow/example_dags/example_latest_only.py for tasks to queue
[2023-07-10T01:57:07.668+0000] {logging_mixin.py:149} INFO - [2023-07-10T01:57:07.667+0000] {dagbag.py:541} INFO - Filling up the DagBag from /home/airflow/.local/lib/python3.7/site-packages/airflow/example_dags/example_latest_only.py
[2023-07-10T01:57:07.673+0000] {processor.py:836} INFO - DAG(s) dict_keys(['latest_only']) retrieved from /home/airflow/.local/lib/python3.7/site-packages/airflow/example_dags/example_latest_only.py
[2023-07-10T01:57:07.695+0000] {logging_mixin.py:149} INFO - [2023-07-10T01:57:07.695+0000] {dag.py:2726} INFO - Sync 1 DAGs
[2023-07-10T01:57:07.720+0000] {logging_mixin.py:149} INFO - [2023-07-10T01:57:07.720+0000] {dag.py:3490} INFO - Setting next_dagrun for latest_only to 2023-07-09T21:57:07.719848+00:00, run_after=2023-07-10T01:57:07.719848+00:00
[2023-07-10T01:57:07.741+0000] {processor.py:179} INFO - Processing /home/airflow/.local/lib/python3.7/site-packages/airflow/example_dags/example_latest_only.py took 0.078 seconds
[2023-07-10T01:57:37.878+0000] {processor.py:157} INFO - Started process (PID=11627) to work on /home/airflow/.local/lib/python3.7/site-packages/airflow/example_dags/example_latest_only.py
[2023-07-10T01:57:37.878+0000] {processor.py:826} INFO - Processing file /home/airflow/.local/lib/python3.7/site-packages/airflow/example_dags/example_latest_only.py for tasks to queue
[2023-07-10T01:57:37.879+0000] {logging_mixin.py:149} INFO - [2023-07-10T01:57:37.879+0000] {dagbag.py:541} INFO - Filling up the DagBag from /home/airflow/.local/lib/python3.7/site-packages/airflow/example_dags/example_latest_only.py
[2023-07-10T01:57:37.884+0000] {processor.py:836} INFO - DAG(s) dict_keys(['latest_only']) retrieved from /home/airflow/.local/lib/python3.7/site-packages/airflow/example_dags/example_latest_only.py
[2023-07-10T01:57:37.902+0000] {logging_mixin.py:149} INFO - [2023-07-10T01:57:37.902+0000] {dag.py:2726} INFO - Sync 1 DAGs
[2023-07-10T01:57:37.925+0000] {logging_mixin.py:149} INFO - [2023-07-10T01:57:37.925+0000] {dag.py:3490} INFO - Setting next_dagrun for latest_only to 2023-07-09T21:57:37.924925+00:00, run_after=2023-07-10T01:57:37.924925+00:00
[2023-07-10T01:57:37.942+0000] {processor.py:179} INFO - Processing /home/airflow/.local/lib/python3.7/site-packages/airflow/example_dags/example_latest_only.py took 0.067 seconds
[2023-07-10T01:58:08.962+0000] {processor.py:157} INFO - Started process (PID=11881) to work on /home/airflow/.local/lib/python3.7/site-packages/airflow/example_dags/example_latest_only.py
[2023-07-10T01:58:08.963+0000] {processor.py:826} INFO - Processing file /home/airflow/.local/lib/python3.7/site-packages/airflow/example_dags/example_latest_only.py for tasks to queue
[2023-07-10T01:58:08.964+0000] {logging_mixin.py:149} INFO - [2023-07-10T01:58:08.964+0000] {dagbag.py:541} INFO - Filling up the DagBag from /home/airflow/.local/lib/python3.7/site-packages/airflow/example_dags/example_latest_only.py
[2023-07-10T01:58:08.968+0000] {processor.py:836} INFO - DAG(s) dict_keys(['latest_only']) retrieved from /home/airflow/.local/lib/python3.7/site-packages/airflow/example_dags/example_latest_only.py
[2023-07-10T01:58:08.989+0000] {logging_mixin.py:149} INFO - [2023-07-10T01:58:08.988+0000] {dag.py:2726} INFO - Sync 1 DAGs
[2023-07-10T01:58:09.011+0000] {logging_mixin.py:149} INFO - [2023-07-10T01:58:09.011+0000] {dag.py:3490} INFO - Setting next_dagrun for latest_only to 2023-07-09T21:58:09.011430+00:00, run_after=2023-07-10T01:58:09.011430+00:00
[2023-07-10T01:58:09.029+0000] {processor.py:179} INFO - Processing /home/airflow/.local/lib/python3.7/site-packages/airflow/example_dags/example_latest_only.py took 0.069 seconds
[2023-07-10T01:58:39.703+0000] {processor.py:157} INFO - Started process (PID=12135) to work on /home/airflow/.local/lib/python3.7/site-packages/airflow/example_dags/example_latest_only.py
[2023-07-10T01:58:39.704+0000] {processor.py:826} INFO - Processing file /home/airflow/.local/lib/python3.7/site-packages/airflow/example_dags/example_latest_only.py for tasks to queue
[2023-07-10T01:58:39.705+0000] {logging_mixin.py:149} INFO - [2023-07-10T01:58:39.705+0000] {dagbag.py:541} INFO - Filling up the DagBag from /home/airflow/.local/lib/python3.7/site-packages/airflow/example_dags/example_latest_only.py
[2023-07-10T01:58:39.710+0000] {processor.py:836} INFO - DAG(s) dict_keys(['latest_only']) retrieved from /home/airflow/.local/lib/python3.7/site-packages/airflow/example_dags/example_latest_only.py
[2023-07-10T01:58:39.728+0000] {logging_mixin.py:149} INFO - [2023-07-10T01:58:39.728+0000] {dag.py:2726} INFO - Sync 1 DAGs
[2023-07-10T01:58:39.752+0000] {logging_mixin.py:149} INFO - [2023-07-10T01:58:39.752+0000] {dag.py:3490} INFO - Setting next_dagrun for latest_only to 2023-07-09T21:58:39.751774+00:00, run_after=2023-07-10T01:58:39.751774+00:00
[2023-07-10T01:58:39.770+0000] {processor.py:179} INFO - Processing /home/airflow/.local/lib/python3.7/site-packages/airflow/example_dags/example_latest_only.py took 0.069 seconds
