[2023-07-10T08:21:30.204+0000] {taskinstance.py:1103} INFO - Dependencies all met for dep_context=non-requeueable deps ti=<TaskInstance: etl_uber_data.transform_rate_code_dim manual__2023-07-10T02:44:19.817965+00:00 [queued]>
[2023-07-10T08:21:30.219+0000] {taskinstance.py:1103} INFO - Dependencies all met for dep_context=requeueable deps ti=<TaskInstance: etl_uber_data.transform_rate_code_dim manual__2023-07-10T02:44:19.817965+00:00 [queued]>
[2023-07-10T08:21:30.220+0000] {taskinstance.py:1308} INFO - Starting attempt 9 of 10
[2023-07-10T08:21:30.238+0000] {taskinstance.py:1327} INFO - Executing <Task(PythonOperator): transform_rate_code_dim> on 2023-07-10 02:44:19.817965+00:00
[2023-07-10T08:21:30.244+0000] {standard_task_runner.py:57} INFO - Started process 20490 to run task
[2023-07-10T08:21:30.249+0000] {standard_task_runner.py:84} INFO - Running: ['***', 'tasks', 'run', 'etl_uber_data', 'transform_rate_code_dim', 'manual__2023-07-10T02:44:19.817965+00:00', '--job-id', '149', '--raw', '--subdir', 'DAGS_FOLDER/etl_uber_data.py', '--cfg-path', '/tmp/tmpn87seaoj']
[2023-07-10T08:21:30.252+0000] {standard_task_runner.py:85} INFO - Job 149: Subtask transform_rate_code_dim
[2023-07-10T08:21:30.308+0000] {task_command.py:410} INFO - Running <TaskInstance: etl_uber_data.transform_rate_code_dim manual__2023-07-10T02:44:19.817965+00:00 [running]> on host 1481ab9bb806
[2023-07-10T08:21:30.398+0000] {taskinstance.py:1547} INFO - Exporting env vars: AIRFLOW_CTX_DAG_OWNER='Mervyn Frost' AIRFLOW_CTX_DAG_ID='etl_uber_data' AIRFLOW_CTX_TASK_ID='transform_rate_code_dim' AIRFLOW_CTX_EXECUTION_DATE='2023-07-10T02:44:19.817965+00:00' AIRFLOW_CTX_TRY_NUMBER='9' AIRFLOW_CTX_DAG_RUN_ID='manual__2023-07-10T02:44:19.817965+00:00'
[2023-07-10T08:21:30.596+0000] {python.py:183} INFO - Done. Returned value was:        rate_code_id  RatecodeID rate_code_name
0                 0           1  Standard rate
1                 1           1  Standard rate
2                 2           1  Standard rate
3                 3           1  Standard rate
4                 4           3         Newark
...             ...         ...            ...
99995         99995           1  Standard rate
99996         99996           1  Standard rate
99997         99997           1  Standard rate
99998         99998           1  Standard rate
99999         99999           1  Standard rate

[100000 rows x 3 columns]
[2023-07-10T08:21:30.701+0000] {taskinstance.py:1350} INFO - Marking task as SUCCESS. dag_id=etl_uber_data, task_id=transform_rate_code_dim, execution_date=20230710T024419, start_date=20230710T082130, end_date=20230710T082130
[2023-07-10T08:21:30.742+0000] {local_task_job_runner.py:225} INFO - Task exited with return code 0
[2023-07-10T08:21:30.765+0000] {taskinstance.py:2653} INFO - 0 downstream tasks scheduled from follow-on schedule check
