[2023-07-10T01:34:39.523+0000] {processor.py:157} INFO - Started process (PID=377) to work on /home/airflow/.local/lib/python3.7/site-packages/airflow/example_dags/plugins/listener_plugin.py
[2023-07-10T01:34:39.525+0000] {processor.py:826} INFO - Processing file /home/airflow/.local/lib/python3.7/site-packages/airflow/example_dags/plugins/listener_plugin.py for tasks to queue
[2023-07-10T01:34:39.526+0000] {logging_mixin.py:149} INFO - [2023-07-10T01:34:39.525+0000] {dagbag.py:541} INFO - Filling up the DagBag from /home/airflow/.local/lib/python3.7/site-packages/airflow/example_dags/plugins/listener_plugin.py
[2023-07-10T01:34:39.527+0000] {processor.py:838} WARNING - No viable dags retrieved from /home/airflow/.local/lib/python3.7/site-packages/airflow/example_dags/plugins/listener_plugin.py
[2023-07-10T01:34:39.539+0000] {processor.py:179} INFO - Processing /home/airflow/.local/lib/python3.7/site-packages/airflow/example_dags/plugins/listener_plugin.py took 0.018 seconds
[2023-07-10T01:35:10.303+0000] {processor.py:157} INFO - Started process (PID=627) to work on /home/airflow/.local/lib/python3.7/site-packages/airflow/example_dags/plugins/listener_plugin.py
[2023-07-10T01:35:10.304+0000] {processor.py:826} INFO - Processing file /home/airflow/.local/lib/python3.7/site-packages/airflow/example_dags/plugins/listener_plugin.py for tasks to queue
[2023-07-10T01:35:10.305+0000] {logging_mixin.py:149} INFO - [2023-07-10T01:35:10.304+0000] {dagbag.py:541} INFO - Filling up the DagBag from /home/airflow/.local/lib/python3.7/site-packages/airflow/example_dags/plugins/listener_plugin.py
[2023-07-10T01:35:10.306+0000] {processor.py:838} WARNING - No viable dags retrieved from /home/airflow/.local/lib/python3.7/site-packages/airflow/example_dags/plugins/listener_plugin.py
[2023-07-10T01:35:10.316+0000] {processor.py:179} INFO - Processing /home/airflow/.local/lib/python3.7/site-packages/airflow/example_dags/plugins/listener_plugin.py took 0.016 seconds
[2023-07-10T01:35:42.278+0000] {processor.py:157} INFO - Started process (PID=876) to work on /home/airflow/.local/lib/python3.7/site-packages/airflow/example_dags/plugins/listener_plugin.py
[2023-07-10T01:35:42.279+0000] {processor.py:826} INFO - Processing file /home/airflow/.local/lib/python3.7/site-packages/airflow/example_dags/plugins/listener_plugin.py for tasks to queue
[2023-07-10T01:35:42.280+0000] {logging_mixin.py:149} INFO - [2023-07-10T01:35:42.280+0000] {dagbag.py:541} INFO - Filling up the DagBag from /home/airflow/.local/lib/python3.7/site-packages/airflow/example_dags/plugins/listener_plugin.py
[2023-07-10T01:35:42.282+0000] {processor.py:838} WARNING - No viable dags retrieved from /home/airflow/.local/lib/python3.7/site-packages/airflow/example_dags/plugins/listener_plugin.py
[2023-07-10T01:35:42.293+0000] {processor.py:179} INFO - Processing /home/airflow/.local/lib/python3.7/site-packages/airflow/example_dags/plugins/listener_plugin.py took 0.019 seconds
[2023-07-10T01:36:13.926+0000] {processor.py:157} INFO - Started process (PID=1125) to work on /home/airflow/.local/lib/python3.7/site-packages/airflow/example_dags/plugins/listener_plugin.py
[2023-07-10T01:36:13.927+0000] {processor.py:826} INFO - Processing file /home/airflow/.local/lib/python3.7/site-packages/airflow/example_dags/plugins/listener_plugin.py for tasks to queue
[2023-07-10T01:36:13.928+0000] {logging_mixin.py:149} INFO - [2023-07-10T01:36:13.928+0000] {dagbag.py:541} INFO - Filling up the DagBag from /home/airflow/.local/lib/python3.7/site-packages/airflow/example_dags/plugins/listener_plugin.py
[2023-07-10T01:36:13.929+0000] {processor.py:838} WARNING - No viable dags retrieved from /home/airflow/.local/lib/python3.7/site-packages/airflow/example_dags/plugins/listener_plugin.py
[2023-07-10T01:36:14.014+0000] {processor.py:179} INFO - Processing /home/airflow/.local/lib/python3.7/site-packages/airflow/example_dags/plugins/listener_plugin.py took 0.090 seconds
[2023-07-10T01:36:44.824+0000] {processor.py:157} INFO - Started process (PID=1374) to work on /home/airflow/.local/lib/python3.7/site-packages/airflow/example_dags/plugins/listener_plugin.py
[2023-07-10T01:36:44.825+0000] {processor.py:826} INFO - Processing file /home/airflow/.local/lib/python3.7/site-packages/airflow/example_dags/plugins/listener_plugin.py for tasks to queue
[2023-07-10T01:36:44.826+0000] {logging_mixin.py:149} INFO - [2023-07-10T01:36:44.826+0000] {dagbag.py:541} INFO - Filling up the DagBag from /home/airflow/.local/lib/python3.7/site-packages/airflow/example_dags/plugins/listener_plugin.py
[2023-07-10T01:36:44.829+0000] {processor.py:838} WARNING - No viable dags retrieved from /home/airflow/.local/lib/python3.7/site-packages/airflow/example_dags/plugins/listener_plugin.py
[2023-07-10T01:36:44.839+0000] {processor.py:179} INFO - Processing /home/airflow/.local/lib/python3.7/site-packages/airflow/example_dags/plugins/listener_plugin.py took 0.018 seconds
[2023-07-10T01:37:15.932+0000] {processor.py:157} INFO - Started process (PID=1625) to work on /home/airflow/.local/lib/python3.7/site-packages/airflow/example_dags/plugins/listener_plugin.py
[2023-07-10T01:37:15.933+0000] {processor.py:826} INFO - Processing file /home/airflow/.local/lib/python3.7/site-packages/airflow/example_dags/plugins/listener_plugin.py for tasks to queue
[2023-07-10T01:37:15.934+0000] {logging_mixin.py:149} INFO - [2023-07-10T01:37:15.934+0000] {dagbag.py:541} INFO - Filling up the DagBag from /home/airflow/.local/lib/python3.7/site-packages/airflow/example_dags/plugins/listener_plugin.py
[2023-07-10T01:37:15.936+0000] {processor.py:838} WARNING - No viable dags retrieved from /home/airflow/.local/lib/python3.7/site-packages/airflow/example_dags/plugins/listener_plugin.py
[2023-07-10T01:37:15.946+0000] {processor.py:179} INFO - Processing /home/airflow/.local/lib/python3.7/site-packages/airflow/example_dags/plugins/listener_plugin.py took 0.016 seconds
[2023-07-10T01:37:46.246+0000] {processor.py:157} INFO - Started process (PID=1874) to work on /home/airflow/.local/lib/python3.7/site-packages/airflow/example_dags/plugins/listener_plugin.py
[2023-07-10T01:37:46.248+0000] {processor.py:826} INFO - Processing file /home/airflow/.local/lib/python3.7/site-packages/airflow/example_dags/plugins/listener_plugin.py for tasks to queue
[2023-07-10T01:37:46.249+0000] {logging_mixin.py:149} INFO - [2023-07-10T01:37:46.248+0000] {dagbag.py:541} INFO - Filling up the DagBag from /home/airflow/.local/lib/python3.7/site-packages/airflow/example_dags/plugins/listener_plugin.py
[2023-07-10T01:37:46.251+0000] {processor.py:838} WARNING - No viable dags retrieved from /home/airflow/.local/lib/python3.7/site-packages/airflow/example_dags/plugins/listener_plugin.py
[2023-07-10T01:37:46.261+0000] {processor.py:179} INFO - Processing /home/airflow/.local/lib/python3.7/site-packages/airflow/example_dags/plugins/listener_plugin.py took 0.018 seconds
[2023-07-10T01:38:16.570+0000] {processor.py:157} INFO - Started process (PID=2121) to work on /home/airflow/.local/lib/python3.7/site-packages/airflow/example_dags/plugins/listener_plugin.py
[2023-07-10T01:38:16.571+0000] {processor.py:826} INFO - Processing file /home/airflow/.local/lib/python3.7/site-packages/airflow/example_dags/plugins/listener_plugin.py for tasks to queue
[2023-07-10T01:38:16.572+0000] {logging_mixin.py:149} INFO - [2023-07-10T01:38:16.572+0000] {dagbag.py:541} INFO - Filling up the DagBag from /home/airflow/.local/lib/python3.7/site-packages/airflow/example_dags/plugins/listener_plugin.py
[2023-07-10T01:38:16.574+0000] {processor.py:838} WARNING - No viable dags retrieved from /home/airflow/.local/lib/python3.7/site-packages/airflow/example_dags/plugins/listener_plugin.py
[2023-07-10T01:38:16.585+0000] {processor.py:179} INFO - Processing /home/airflow/.local/lib/python3.7/site-packages/airflow/example_dags/plugins/listener_plugin.py took 0.017 seconds
[2023-07-10T01:38:47.199+0000] {processor.py:157} INFO - Started process (PID=2372) to work on /home/airflow/.local/lib/python3.7/site-packages/airflow/example_dags/plugins/listener_plugin.py
[2023-07-10T01:38:47.200+0000] {processor.py:826} INFO - Processing file /home/airflow/.local/lib/python3.7/site-packages/airflow/example_dags/plugins/listener_plugin.py for tasks to queue
[2023-07-10T01:38:47.201+0000] {logging_mixin.py:149} INFO - [2023-07-10T01:38:47.201+0000] {dagbag.py:541} INFO - Filling up the DagBag from /home/airflow/.local/lib/python3.7/site-packages/airflow/example_dags/plugins/listener_plugin.py
[2023-07-10T01:38:47.202+0000] {processor.py:838} WARNING - No viable dags retrieved from /home/airflow/.local/lib/python3.7/site-packages/airflow/example_dags/plugins/listener_plugin.py
[2023-07-10T01:38:47.212+0000] {processor.py:179} INFO - Processing /home/airflow/.local/lib/python3.7/site-packages/airflow/example_dags/plugins/listener_plugin.py took 0.015 seconds
[2023-07-10T01:39:18.012+0000] {processor.py:157} INFO - Started process (PID=2619) to work on /home/airflow/.local/lib/python3.7/site-packages/airflow/example_dags/plugins/listener_plugin.py
[2023-07-10T01:39:18.013+0000] {processor.py:826} INFO - Processing file /home/airflow/.local/lib/python3.7/site-packages/airflow/example_dags/plugins/listener_plugin.py for tasks to queue
[2023-07-10T01:39:18.014+0000] {logging_mixin.py:149} INFO - [2023-07-10T01:39:18.013+0000] {dagbag.py:541} INFO - Filling up the DagBag from /home/airflow/.local/lib/python3.7/site-packages/airflow/example_dags/plugins/listener_plugin.py
[2023-07-10T01:39:18.015+0000] {processor.py:838} WARNING - No viable dags retrieved from /home/airflow/.local/lib/python3.7/site-packages/airflow/example_dags/plugins/listener_plugin.py
[2023-07-10T01:39:18.026+0000] {processor.py:179} INFO - Processing /home/airflow/.local/lib/python3.7/site-packages/airflow/example_dags/plugins/listener_plugin.py took 0.016 seconds
[2023-07-10T01:39:48.206+0000] {processor.py:157} INFO - Started process (PID=2868) to work on /home/airflow/.local/lib/python3.7/site-packages/airflow/example_dags/plugins/listener_plugin.py
[2023-07-10T01:39:48.207+0000] {processor.py:826} INFO - Processing file /home/airflow/.local/lib/python3.7/site-packages/airflow/example_dags/plugins/listener_plugin.py for tasks to queue
[2023-07-10T01:39:48.208+0000] {logging_mixin.py:149} INFO - [2023-07-10T01:39:48.208+0000] {dagbag.py:541} INFO - Filling up the DagBag from /home/airflow/.local/lib/python3.7/site-packages/airflow/example_dags/plugins/listener_plugin.py
[2023-07-10T01:39:48.210+0000] {processor.py:838} WARNING - No viable dags retrieved from /home/airflow/.local/lib/python3.7/site-packages/airflow/example_dags/plugins/listener_plugin.py
[2023-07-10T01:39:48.222+0000] {processor.py:179} INFO - Processing /home/airflow/.local/lib/python3.7/site-packages/airflow/example_dags/plugins/listener_plugin.py took 0.018 seconds
[2023-07-10T01:40:19.103+0000] {processor.py:157} INFO - Started process (PID=3119) to work on /home/airflow/.local/lib/python3.7/site-packages/airflow/example_dags/plugins/listener_plugin.py
[2023-07-10T01:40:19.104+0000] {processor.py:826} INFO - Processing file /home/airflow/.local/lib/python3.7/site-packages/airflow/example_dags/plugins/listener_plugin.py for tasks to queue
[2023-07-10T01:40:19.105+0000] {logging_mixin.py:149} INFO - [2023-07-10T01:40:19.105+0000] {dagbag.py:541} INFO - Filling up the DagBag from /home/airflow/.local/lib/python3.7/site-packages/airflow/example_dags/plugins/listener_plugin.py
[2023-07-10T01:40:19.106+0000] {processor.py:838} WARNING - No viable dags retrieved from /home/airflow/.local/lib/python3.7/site-packages/airflow/example_dags/plugins/listener_plugin.py
[2023-07-10T01:40:19.117+0000] {processor.py:179} INFO - Processing /home/airflow/.local/lib/python3.7/site-packages/airflow/example_dags/plugins/listener_plugin.py took 0.016 seconds
[2023-07-10T01:40:49.714+0000] {processor.py:157} INFO - Started process (PID=3366) to work on /home/airflow/.local/lib/python3.7/site-packages/airflow/example_dags/plugins/listener_plugin.py
[2023-07-10T01:40:49.715+0000] {processor.py:826} INFO - Processing file /home/airflow/.local/lib/python3.7/site-packages/airflow/example_dags/plugins/listener_plugin.py for tasks to queue
[2023-07-10T01:40:49.716+0000] {logging_mixin.py:149} INFO - [2023-07-10T01:40:49.716+0000] {dagbag.py:541} INFO - Filling up the DagBag from /home/airflow/.local/lib/python3.7/site-packages/airflow/example_dags/plugins/listener_plugin.py
[2023-07-10T01:40:49.718+0000] {processor.py:838} WARNING - No viable dags retrieved from /home/airflow/.local/lib/python3.7/site-packages/airflow/example_dags/plugins/listener_plugin.py
[2023-07-10T01:40:49.731+0000] {processor.py:179} INFO - Processing /home/airflow/.local/lib/python3.7/site-packages/airflow/example_dags/plugins/listener_plugin.py took 0.020 seconds
[2023-07-10T01:41:20.385+0000] {processor.py:157} INFO - Started process (PID=3617) to work on /home/airflow/.local/lib/python3.7/site-packages/airflow/example_dags/plugins/listener_plugin.py
[2023-07-10T01:41:20.386+0000] {processor.py:826} INFO - Processing file /home/airflow/.local/lib/python3.7/site-packages/airflow/example_dags/plugins/listener_plugin.py for tasks to queue
[2023-07-10T01:41:20.387+0000] {logging_mixin.py:149} INFO - [2023-07-10T01:41:20.387+0000] {dagbag.py:541} INFO - Filling up the DagBag from /home/airflow/.local/lib/python3.7/site-packages/airflow/example_dags/plugins/listener_plugin.py
[2023-07-10T01:41:20.389+0000] {processor.py:838} WARNING - No viable dags retrieved from /home/airflow/.local/lib/python3.7/site-packages/airflow/example_dags/plugins/listener_plugin.py
[2023-07-10T01:41:20.403+0000] {processor.py:179} INFO - Processing /home/airflow/.local/lib/python3.7/site-packages/airflow/example_dags/plugins/listener_plugin.py took 0.020 seconds
[2023-07-10T01:41:51.151+0000] {processor.py:157} INFO - Started process (PID=3866) to work on /home/airflow/.local/lib/python3.7/site-packages/airflow/example_dags/plugins/listener_plugin.py
[2023-07-10T01:41:51.152+0000] {processor.py:826} INFO - Processing file /home/airflow/.local/lib/python3.7/site-packages/airflow/example_dags/plugins/listener_plugin.py for tasks to queue
[2023-07-10T01:41:51.153+0000] {logging_mixin.py:149} INFO - [2023-07-10T01:41:51.153+0000] {dagbag.py:541} INFO - Filling up the DagBag from /home/airflow/.local/lib/python3.7/site-packages/airflow/example_dags/plugins/listener_plugin.py
[2023-07-10T01:41:51.155+0000] {processor.py:838} WARNING - No viable dags retrieved from /home/airflow/.local/lib/python3.7/site-packages/airflow/example_dags/plugins/listener_plugin.py
[2023-07-10T01:41:51.166+0000] {processor.py:179} INFO - Processing /home/airflow/.local/lib/python3.7/site-packages/airflow/example_dags/plugins/listener_plugin.py took 0.017 seconds
[2023-07-10T01:42:21.636+0000] {processor.py:157} INFO - Started process (PID=4115) to work on /home/airflow/.local/lib/python3.7/site-packages/airflow/example_dags/plugins/listener_plugin.py
[2023-07-10T01:42:21.637+0000] {processor.py:826} INFO - Processing file /home/airflow/.local/lib/python3.7/site-packages/airflow/example_dags/plugins/listener_plugin.py for tasks to queue
[2023-07-10T01:42:21.638+0000] {logging_mixin.py:149} INFO - [2023-07-10T01:42:21.638+0000] {dagbag.py:541} INFO - Filling up the DagBag from /home/airflow/.local/lib/python3.7/site-packages/airflow/example_dags/plugins/listener_plugin.py
[2023-07-10T01:42:21.640+0000] {processor.py:838} WARNING - No viable dags retrieved from /home/airflow/.local/lib/python3.7/site-packages/airflow/example_dags/plugins/listener_plugin.py
[2023-07-10T01:42:21.651+0000] {processor.py:179} INFO - Processing /home/airflow/.local/lib/python3.7/site-packages/airflow/example_dags/plugins/listener_plugin.py took 0.017 seconds
[2023-07-10T01:42:52.313+0000] {processor.py:157} INFO - Started process (PID=4364) to work on /home/airflow/.local/lib/python3.7/site-packages/airflow/example_dags/plugins/listener_plugin.py
[2023-07-10T01:42:52.314+0000] {processor.py:826} INFO - Processing file /home/airflow/.local/lib/python3.7/site-packages/airflow/example_dags/plugins/listener_plugin.py for tasks to queue
[2023-07-10T01:42:52.315+0000] {logging_mixin.py:149} INFO - [2023-07-10T01:42:52.315+0000] {dagbag.py:541} INFO - Filling up the DagBag from /home/airflow/.local/lib/python3.7/site-packages/airflow/example_dags/plugins/listener_plugin.py
[2023-07-10T01:42:52.317+0000] {processor.py:838} WARNING - No viable dags retrieved from /home/airflow/.local/lib/python3.7/site-packages/airflow/example_dags/plugins/listener_plugin.py
[2023-07-10T01:42:52.328+0000] {processor.py:179} INFO - Processing /home/airflow/.local/lib/python3.7/site-packages/airflow/example_dags/plugins/listener_plugin.py took 0.017 seconds
[2023-07-10T01:43:22.824+0000] {processor.py:157} INFO - Started process (PID=4611) to work on /home/airflow/.local/lib/python3.7/site-packages/airflow/example_dags/plugins/listener_plugin.py
[2023-07-10T01:43:22.825+0000] {processor.py:826} INFO - Processing file /home/airflow/.local/lib/python3.7/site-packages/airflow/example_dags/plugins/listener_plugin.py for tasks to queue
[2023-07-10T01:43:22.826+0000] {logging_mixin.py:149} INFO - [2023-07-10T01:43:22.826+0000] {dagbag.py:541} INFO - Filling up the DagBag from /home/airflow/.local/lib/python3.7/site-packages/airflow/example_dags/plugins/listener_plugin.py
[2023-07-10T01:43:22.828+0000] {processor.py:838} WARNING - No viable dags retrieved from /home/airflow/.local/lib/python3.7/site-packages/airflow/example_dags/plugins/listener_plugin.py
[2023-07-10T01:43:22.837+0000] {processor.py:179} INFO - Processing /home/airflow/.local/lib/python3.7/site-packages/airflow/example_dags/plugins/listener_plugin.py took 0.016 seconds
[2023-07-10T01:43:53.355+0000] {processor.py:157} INFO - Started process (PID=4861) to work on /home/airflow/.local/lib/python3.7/site-packages/airflow/example_dags/plugins/listener_plugin.py
[2023-07-10T01:43:53.356+0000] {processor.py:826} INFO - Processing file /home/airflow/.local/lib/python3.7/site-packages/airflow/example_dags/plugins/listener_plugin.py for tasks to queue
[2023-07-10T01:43:53.357+0000] {logging_mixin.py:149} INFO - [2023-07-10T01:43:53.357+0000] {dagbag.py:541} INFO - Filling up the DagBag from /home/airflow/.local/lib/python3.7/site-packages/airflow/example_dags/plugins/listener_plugin.py
[2023-07-10T01:43:53.359+0000] {processor.py:838} WARNING - No viable dags retrieved from /home/airflow/.local/lib/python3.7/site-packages/airflow/example_dags/plugins/listener_plugin.py
[2023-07-10T01:43:53.370+0000] {processor.py:179} INFO - Processing /home/airflow/.local/lib/python3.7/site-packages/airflow/example_dags/plugins/listener_plugin.py took 0.017 seconds
[2023-07-10T01:44:24.103+0000] {processor.py:157} INFO - Started process (PID=5110) to work on /home/airflow/.local/lib/python3.7/site-packages/airflow/example_dags/plugins/listener_plugin.py
[2023-07-10T01:44:24.104+0000] {processor.py:826} INFO - Processing file /home/airflow/.local/lib/python3.7/site-packages/airflow/example_dags/plugins/listener_plugin.py for tasks to queue
[2023-07-10T01:44:24.104+0000] {logging_mixin.py:149} INFO - [2023-07-10T01:44:24.104+0000] {dagbag.py:541} INFO - Filling up the DagBag from /home/airflow/.local/lib/python3.7/site-packages/airflow/example_dags/plugins/listener_plugin.py
[2023-07-10T01:44:24.106+0000] {processor.py:838} WARNING - No viable dags retrieved from /home/airflow/.local/lib/python3.7/site-packages/airflow/example_dags/plugins/listener_plugin.py
[2023-07-10T01:44:24.116+0000] {processor.py:179} INFO - Processing /home/airflow/.local/lib/python3.7/site-packages/airflow/example_dags/plugins/listener_plugin.py took 0.016 seconds
[2023-07-10T01:44:54.669+0000] {processor.py:157} INFO - Started process (PID=5359) to work on /home/airflow/.local/lib/python3.7/site-packages/airflow/example_dags/plugins/listener_plugin.py
[2023-07-10T01:44:54.670+0000] {processor.py:826} INFO - Processing file /home/airflow/.local/lib/python3.7/site-packages/airflow/example_dags/plugins/listener_plugin.py for tasks to queue
[2023-07-10T01:44:54.670+0000] {logging_mixin.py:149} INFO - [2023-07-10T01:44:54.670+0000] {dagbag.py:541} INFO - Filling up the DagBag from /home/airflow/.local/lib/python3.7/site-packages/airflow/example_dags/plugins/listener_plugin.py
[2023-07-10T01:44:54.672+0000] {processor.py:838} WARNING - No viable dags retrieved from /home/airflow/.local/lib/python3.7/site-packages/airflow/example_dags/plugins/listener_plugin.py
[2023-07-10T01:44:54.683+0000] {processor.py:179} INFO - Processing /home/airflow/.local/lib/python3.7/site-packages/airflow/example_dags/plugins/listener_plugin.py took 0.017 seconds
[2023-07-10T01:45:25.275+0000] {processor.py:157} INFO - Started process (PID=5610) to work on /home/airflow/.local/lib/python3.7/site-packages/airflow/example_dags/plugins/listener_plugin.py
[2023-07-10T01:45:25.276+0000] {processor.py:826} INFO - Processing file /home/airflow/.local/lib/python3.7/site-packages/airflow/example_dags/plugins/listener_plugin.py for tasks to queue
[2023-07-10T01:45:25.277+0000] {logging_mixin.py:149} INFO - [2023-07-10T01:45:25.277+0000] {dagbag.py:541} INFO - Filling up the DagBag from /home/airflow/.local/lib/python3.7/site-packages/airflow/example_dags/plugins/listener_plugin.py
[2023-07-10T01:45:25.279+0000] {processor.py:838} WARNING - No viable dags retrieved from /home/airflow/.local/lib/python3.7/site-packages/airflow/example_dags/plugins/listener_plugin.py
[2023-07-10T01:45:25.290+0000] {processor.py:179} INFO - Processing /home/airflow/.local/lib/python3.7/site-packages/airflow/example_dags/plugins/listener_plugin.py took 0.017 seconds
[2023-07-10T01:45:55.858+0000] {processor.py:157} INFO - Started process (PID=5857) to work on /home/airflow/.local/lib/python3.7/site-packages/airflow/example_dags/plugins/listener_plugin.py
[2023-07-10T01:45:55.860+0000] {processor.py:826} INFO - Processing file /home/airflow/.local/lib/python3.7/site-packages/airflow/example_dags/plugins/listener_plugin.py for tasks to queue
[2023-07-10T01:45:55.860+0000] {logging_mixin.py:149} INFO - [2023-07-10T01:45:55.860+0000] {dagbag.py:541} INFO - Filling up the DagBag from /home/airflow/.local/lib/python3.7/site-packages/airflow/example_dags/plugins/listener_plugin.py
[2023-07-10T01:45:55.862+0000] {processor.py:838} WARNING - No viable dags retrieved from /home/airflow/.local/lib/python3.7/site-packages/airflow/example_dags/plugins/listener_plugin.py
[2023-07-10T01:45:55.874+0000] {processor.py:179} INFO - Processing /home/airflow/.local/lib/python3.7/site-packages/airflow/example_dags/plugins/listener_plugin.py took 0.018 seconds
[2023-07-10T01:46:26.683+0000] {processor.py:157} INFO - Started process (PID=6108) to work on /home/airflow/.local/lib/python3.7/site-packages/airflow/example_dags/plugins/listener_plugin.py
[2023-07-10T01:46:26.684+0000] {processor.py:826} INFO - Processing file /home/airflow/.local/lib/python3.7/site-packages/airflow/example_dags/plugins/listener_plugin.py for tasks to queue
[2023-07-10T01:46:26.685+0000] {logging_mixin.py:149} INFO - [2023-07-10T01:46:26.685+0000] {dagbag.py:541} INFO - Filling up the DagBag from /home/airflow/.local/lib/python3.7/site-packages/airflow/example_dags/plugins/listener_plugin.py
[2023-07-10T01:46:26.688+0000] {processor.py:838} WARNING - No viable dags retrieved from /home/airflow/.local/lib/python3.7/site-packages/airflow/example_dags/plugins/listener_plugin.py
[2023-07-10T01:46:26.698+0000] {processor.py:179} INFO - Processing /home/airflow/.local/lib/python3.7/site-packages/airflow/example_dags/plugins/listener_plugin.py took 0.017 seconds
[2023-07-10T01:46:57.279+0000] {processor.py:157} INFO - Started process (PID=6357) to work on /home/airflow/.local/lib/python3.7/site-packages/airflow/example_dags/plugins/listener_plugin.py
[2023-07-10T01:46:57.280+0000] {processor.py:826} INFO - Processing file /home/airflow/.local/lib/python3.7/site-packages/airflow/example_dags/plugins/listener_plugin.py for tasks to queue
[2023-07-10T01:46:57.281+0000] {logging_mixin.py:149} INFO - [2023-07-10T01:46:57.281+0000] {dagbag.py:541} INFO - Filling up the DagBag from /home/airflow/.local/lib/python3.7/site-packages/airflow/example_dags/plugins/listener_plugin.py
[2023-07-10T01:46:57.282+0000] {processor.py:838} WARNING - No viable dags retrieved from /home/airflow/.local/lib/python3.7/site-packages/airflow/example_dags/plugins/listener_plugin.py
[2023-07-10T01:46:57.293+0000] {processor.py:179} INFO - Processing /home/airflow/.local/lib/python3.7/site-packages/airflow/example_dags/plugins/listener_plugin.py took 0.016 seconds
[2023-07-10T01:47:27.815+0000] {processor.py:157} INFO - Started process (PID=6606) to work on /home/airflow/.local/lib/python3.7/site-packages/airflow/example_dags/plugins/listener_plugin.py
[2023-07-10T01:47:27.816+0000] {processor.py:826} INFO - Processing file /home/airflow/.local/lib/python3.7/site-packages/airflow/example_dags/plugins/listener_plugin.py for tasks to queue
[2023-07-10T01:47:27.817+0000] {logging_mixin.py:149} INFO - [2023-07-10T01:47:27.817+0000] {dagbag.py:541} INFO - Filling up the DagBag from /home/airflow/.local/lib/python3.7/site-packages/airflow/example_dags/plugins/listener_plugin.py
[2023-07-10T01:47:27.819+0000] {processor.py:838} WARNING - No viable dags retrieved from /home/airflow/.local/lib/python3.7/site-packages/airflow/example_dags/plugins/listener_plugin.py
[2023-07-10T01:47:27.830+0000] {processor.py:179} INFO - Processing /home/airflow/.local/lib/python3.7/site-packages/airflow/example_dags/plugins/listener_plugin.py took 0.017 seconds
[2023-07-10T01:47:58.292+0000] {processor.py:157} INFO - Started process (PID=6855) to work on /home/airflow/.local/lib/python3.7/site-packages/airflow/example_dags/plugins/listener_plugin.py
[2023-07-10T01:47:58.293+0000] {processor.py:826} INFO - Processing file /home/airflow/.local/lib/python3.7/site-packages/airflow/example_dags/plugins/listener_plugin.py for tasks to queue
[2023-07-10T01:47:58.294+0000] {logging_mixin.py:149} INFO - [2023-07-10T01:47:58.293+0000] {dagbag.py:541} INFO - Filling up the DagBag from /home/airflow/.local/lib/python3.7/site-packages/airflow/example_dags/plugins/listener_plugin.py
[2023-07-10T01:47:58.295+0000] {processor.py:838} WARNING - No viable dags retrieved from /home/airflow/.local/lib/python3.7/site-packages/airflow/example_dags/plugins/listener_plugin.py
[2023-07-10T01:47:58.306+0000] {processor.py:179} INFO - Processing /home/airflow/.local/lib/python3.7/site-packages/airflow/example_dags/plugins/listener_plugin.py took 0.017 seconds
[2023-07-10T01:48:28.821+0000] {processor.py:157} INFO - Started process (PID=7104) to work on /home/airflow/.local/lib/python3.7/site-packages/airflow/example_dags/plugins/listener_plugin.py
[2023-07-10T01:48:28.822+0000] {processor.py:826} INFO - Processing file /home/airflow/.local/lib/python3.7/site-packages/airflow/example_dags/plugins/listener_plugin.py for tasks to queue
[2023-07-10T01:48:28.823+0000] {logging_mixin.py:149} INFO - [2023-07-10T01:48:28.823+0000] {dagbag.py:541} INFO - Filling up the DagBag from /home/airflow/.local/lib/python3.7/site-packages/airflow/example_dags/plugins/listener_plugin.py
[2023-07-10T01:48:28.825+0000] {processor.py:838} WARNING - No viable dags retrieved from /home/airflow/.local/lib/python3.7/site-packages/airflow/example_dags/plugins/listener_plugin.py
[2023-07-10T01:48:28.834+0000] {processor.py:179} INFO - Processing /home/airflow/.local/lib/python3.7/site-packages/airflow/example_dags/plugins/listener_plugin.py took 0.015 seconds
[2023-07-10T01:48:59.473+0000] {processor.py:157} INFO - Started process (PID=7351) to work on /home/airflow/.local/lib/python3.7/site-packages/airflow/example_dags/plugins/listener_plugin.py
[2023-07-10T01:48:59.474+0000] {processor.py:826} INFO - Processing file /home/airflow/.local/lib/python3.7/site-packages/airflow/example_dags/plugins/listener_plugin.py for tasks to queue
[2023-07-10T01:48:59.475+0000] {logging_mixin.py:149} INFO - [2023-07-10T01:48:59.475+0000] {dagbag.py:541} INFO - Filling up the DagBag from /home/airflow/.local/lib/python3.7/site-packages/airflow/example_dags/plugins/listener_plugin.py
[2023-07-10T01:48:59.477+0000] {processor.py:838} WARNING - No viable dags retrieved from /home/airflow/.local/lib/python3.7/site-packages/airflow/example_dags/plugins/listener_plugin.py
[2023-07-10T01:48:59.488+0000] {processor.py:179} INFO - Processing /home/airflow/.local/lib/python3.7/site-packages/airflow/example_dags/plugins/listener_plugin.py took 0.017 seconds
[2023-07-10T01:49:29.914+0000] {processor.py:157} INFO - Started process (PID=7602) to work on /home/airflow/.local/lib/python3.7/site-packages/airflow/example_dags/plugins/listener_plugin.py
[2023-07-10T01:49:29.915+0000] {processor.py:826} INFO - Processing file /home/airflow/.local/lib/python3.7/site-packages/airflow/example_dags/plugins/listener_plugin.py for tasks to queue
[2023-07-10T01:49:29.916+0000] {logging_mixin.py:149} INFO - [2023-07-10T01:49:29.916+0000] {dagbag.py:541} INFO - Filling up the DagBag from /home/airflow/.local/lib/python3.7/site-packages/airflow/example_dags/plugins/listener_plugin.py
[2023-07-10T01:49:29.918+0000] {processor.py:838} WARNING - No viable dags retrieved from /home/airflow/.local/lib/python3.7/site-packages/airflow/example_dags/plugins/listener_plugin.py
[2023-07-10T01:49:29.930+0000] {processor.py:179} INFO - Processing /home/airflow/.local/lib/python3.7/site-packages/airflow/example_dags/plugins/listener_plugin.py took 0.020 seconds
[2023-07-10T01:50:00.551+0000] {processor.py:157} INFO - Started process (PID=7856) to work on /home/airflow/.local/lib/python3.7/site-packages/airflow/example_dags/plugins/listener_plugin.py
[2023-07-10T01:50:00.552+0000] {processor.py:826} INFO - Processing file /home/airflow/.local/lib/python3.7/site-packages/airflow/example_dags/plugins/listener_plugin.py for tasks to queue
[2023-07-10T01:50:00.553+0000] {logging_mixin.py:149} INFO - [2023-07-10T01:50:00.553+0000] {dagbag.py:541} INFO - Filling up the DagBag from /home/airflow/.local/lib/python3.7/site-packages/airflow/example_dags/plugins/listener_plugin.py
[2023-07-10T01:50:00.554+0000] {processor.py:838} WARNING - No viable dags retrieved from /home/airflow/.local/lib/python3.7/site-packages/airflow/example_dags/plugins/listener_plugin.py
[2023-07-10T01:50:00.565+0000] {processor.py:179} INFO - Processing /home/airflow/.local/lib/python3.7/site-packages/airflow/example_dags/plugins/listener_plugin.py took 0.017 seconds
[2023-07-10T01:50:31.202+0000] {processor.py:157} INFO - Started process (PID=8108) to work on /home/airflow/.local/lib/python3.7/site-packages/airflow/example_dags/plugins/listener_plugin.py
[2023-07-10T01:50:31.203+0000] {processor.py:826} INFO - Processing file /home/airflow/.local/lib/python3.7/site-packages/airflow/example_dags/plugins/listener_plugin.py for tasks to queue
[2023-07-10T01:50:31.204+0000] {logging_mixin.py:149} INFO - [2023-07-10T01:50:31.203+0000] {dagbag.py:541} INFO - Filling up the DagBag from /home/airflow/.local/lib/python3.7/site-packages/airflow/example_dags/plugins/listener_plugin.py
[2023-07-10T01:50:31.206+0000] {processor.py:838} WARNING - No viable dags retrieved from /home/airflow/.local/lib/python3.7/site-packages/airflow/example_dags/plugins/listener_plugin.py
[2023-07-10T01:50:31.217+0000] {processor.py:179} INFO - Processing /home/airflow/.local/lib/python3.7/site-packages/airflow/example_dags/plugins/listener_plugin.py took 0.018 seconds
[2023-07-10T01:51:01.793+0000] {processor.py:157} INFO - Started process (PID=8364) to work on /home/airflow/.local/lib/python3.7/site-packages/airflow/example_dags/plugins/listener_plugin.py
[2023-07-10T01:51:01.794+0000] {processor.py:826} INFO - Processing file /home/airflow/.local/lib/python3.7/site-packages/airflow/example_dags/plugins/listener_plugin.py for tasks to queue
[2023-07-10T01:51:01.795+0000] {logging_mixin.py:149} INFO - [2023-07-10T01:51:01.795+0000] {dagbag.py:541} INFO - Filling up the DagBag from /home/airflow/.local/lib/python3.7/site-packages/airflow/example_dags/plugins/listener_plugin.py
[2023-07-10T01:51:01.797+0000] {processor.py:838} WARNING - No viable dags retrieved from /home/airflow/.local/lib/python3.7/site-packages/airflow/example_dags/plugins/listener_plugin.py
[2023-07-10T01:51:01.808+0000] {processor.py:179} INFO - Processing /home/airflow/.local/lib/python3.7/site-packages/airflow/example_dags/plugins/listener_plugin.py took 0.017 seconds
[2023-07-10T01:51:32.445+0000] {processor.py:157} INFO - Started process (PID=8616) to work on /home/airflow/.local/lib/python3.7/site-packages/airflow/example_dags/plugins/listener_plugin.py
[2023-07-10T01:51:32.446+0000] {processor.py:826} INFO - Processing file /home/airflow/.local/lib/python3.7/site-packages/airflow/example_dags/plugins/listener_plugin.py for tasks to queue
[2023-07-10T01:51:32.447+0000] {logging_mixin.py:149} INFO - [2023-07-10T01:51:32.447+0000] {dagbag.py:541} INFO - Filling up the DagBag from /home/airflow/.local/lib/python3.7/site-packages/airflow/example_dags/plugins/listener_plugin.py
[2023-07-10T01:51:32.449+0000] {processor.py:838} WARNING - No viable dags retrieved from /home/airflow/.local/lib/python3.7/site-packages/airflow/example_dags/plugins/listener_plugin.py
[2023-07-10T01:51:32.460+0000] {processor.py:179} INFO - Processing /home/airflow/.local/lib/python3.7/site-packages/airflow/example_dags/plugins/listener_plugin.py took 0.017 seconds
[2023-07-10T01:52:03.156+0000] {processor.py:157} INFO - Started process (PID=8870) to work on /home/airflow/.local/lib/python3.7/site-packages/airflow/example_dags/plugins/listener_plugin.py
[2023-07-10T01:52:03.157+0000] {processor.py:826} INFO - Processing file /home/airflow/.local/lib/python3.7/site-packages/airflow/example_dags/plugins/listener_plugin.py for tasks to queue
[2023-07-10T01:52:03.158+0000] {logging_mixin.py:149} INFO - [2023-07-10T01:52:03.157+0000] {dagbag.py:541} INFO - Filling up the DagBag from /home/airflow/.local/lib/python3.7/site-packages/airflow/example_dags/plugins/listener_plugin.py
[2023-07-10T01:52:03.159+0000] {processor.py:838} WARNING - No viable dags retrieved from /home/airflow/.local/lib/python3.7/site-packages/airflow/example_dags/plugins/listener_plugin.py
[2023-07-10T01:52:03.171+0000] {processor.py:179} INFO - Processing /home/airflow/.local/lib/python3.7/site-packages/airflow/example_dags/plugins/listener_plugin.py took 0.017 seconds
[2023-07-10T01:52:33.920+0000] {processor.py:157} INFO - Started process (PID=9124) to work on /home/airflow/.local/lib/python3.7/site-packages/airflow/example_dags/plugins/listener_plugin.py
[2023-07-10T01:52:33.921+0000] {processor.py:826} INFO - Processing file /home/airflow/.local/lib/python3.7/site-packages/airflow/example_dags/plugins/listener_plugin.py for tasks to queue
[2023-07-10T01:52:33.922+0000] {logging_mixin.py:149} INFO - [2023-07-10T01:52:33.921+0000] {dagbag.py:541} INFO - Filling up the DagBag from /home/airflow/.local/lib/python3.7/site-packages/airflow/example_dags/plugins/listener_plugin.py
[2023-07-10T01:52:33.923+0000] {processor.py:838} WARNING - No viable dags retrieved from /home/airflow/.local/lib/python3.7/site-packages/airflow/example_dags/plugins/listener_plugin.py
[2023-07-10T01:52:33.935+0000] {processor.py:179} INFO - Processing /home/airflow/.local/lib/python3.7/site-packages/airflow/example_dags/plugins/listener_plugin.py took 0.017 seconds
[2023-07-10T01:53:04.299+0000] {processor.py:157} INFO - Started process (PID=9380) to work on /home/airflow/.local/lib/python3.7/site-packages/airflow/example_dags/plugins/listener_plugin.py
[2023-07-10T01:53:04.300+0000] {processor.py:826} INFO - Processing file /home/airflow/.local/lib/python3.7/site-packages/airflow/example_dags/plugins/listener_plugin.py for tasks to queue
[2023-07-10T01:53:04.301+0000] {logging_mixin.py:149} INFO - [2023-07-10T01:53:04.300+0000] {dagbag.py:541} INFO - Filling up the DagBag from /home/airflow/.local/lib/python3.7/site-packages/airflow/example_dags/plugins/listener_plugin.py
[2023-07-10T01:53:04.302+0000] {processor.py:838} WARNING - No viable dags retrieved from /home/airflow/.local/lib/python3.7/site-packages/airflow/example_dags/plugins/listener_plugin.py
[2023-07-10T01:53:04.315+0000] {processor.py:179} INFO - Processing /home/airflow/.local/lib/python3.7/site-packages/airflow/example_dags/plugins/listener_plugin.py took 0.019 seconds
[2023-07-10T01:53:34.544+0000] {processor.py:157} INFO - Started process (PID=9632) to work on /home/airflow/.local/lib/python3.7/site-packages/airflow/example_dags/plugins/listener_plugin.py
[2023-07-10T01:53:34.545+0000] {processor.py:826} INFO - Processing file /home/airflow/.local/lib/python3.7/site-packages/airflow/example_dags/plugins/listener_plugin.py for tasks to queue
[2023-07-10T01:53:34.545+0000] {logging_mixin.py:149} INFO - [2023-07-10T01:53:34.545+0000] {dagbag.py:541} INFO - Filling up the DagBag from /home/airflow/.local/lib/python3.7/site-packages/airflow/example_dags/plugins/listener_plugin.py
[2023-07-10T01:53:34.548+0000] {processor.py:838} WARNING - No viable dags retrieved from /home/airflow/.local/lib/python3.7/site-packages/airflow/example_dags/plugins/listener_plugin.py
[2023-07-10T01:53:34.558+0000] {processor.py:179} INFO - Processing /home/airflow/.local/lib/python3.7/site-packages/airflow/example_dags/plugins/listener_plugin.py took 0.017 seconds
[2023-07-10T01:54:04.646+0000] {processor.py:157} INFO - Started process (PID=9887) to work on /home/airflow/.local/lib/python3.7/site-packages/airflow/example_dags/plugins/listener_plugin.py
[2023-07-10T01:54:04.647+0000] {processor.py:826} INFO - Processing file /home/airflow/.local/lib/python3.7/site-packages/airflow/example_dags/plugins/listener_plugin.py for tasks to queue
[2023-07-10T01:54:04.648+0000] {logging_mixin.py:149} INFO - [2023-07-10T01:54:04.647+0000] {dagbag.py:541} INFO - Filling up the DagBag from /home/airflow/.local/lib/python3.7/site-packages/airflow/example_dags/plugins/listener_plugin.py
[2023-07-10T01:54:04.649+0000] {processor.py:838} WARNING - No viable dags retrieved from /home/airflow/.local/lib/python3.7/site-packages/airflow/example_dags/plugins/listener_plugin.py
[2023-07-10T01:54:04.660+0000] {processor.py:179} INFO - Processing /home/airflow/.local/lib/python3.7/site-packages/airflow/example_dags/plugins/listener_plugin.py took 0.017 seconds
[2023-07-10T01:54:35.185+0000] {processor.py:157} INFO - Started process (PID=10143) to work on /home/airflow/.local/lib/python3.7/site-packages/airflow/example_dags/plugins/listener_plugin.py
[2023-07-10T01:54:35.186+0000] {processor.py:826} INFO - Processing file /home/airflow/.local/lib/python3.7/site-packages/airflow/example_dags/plugins/listener_plugin.py for tasks to queue
[2023-07-10T01:54:35.186+0000] {logging_mixin.py:149} INFO - [2023-07-10T01:54:35.186+0000] {dagbag.py:541} INFO - Filling up the DagBag from /home/airflow/.local/lib/python3.7/site-packages/airflow/example_dags/plugins/listener_plugin.py
[2023-07-10T01:54:35.188+0000] {processor.py:838} WARNING - No viable dags retrieved from /home/airflow/.local/lib/python3.7/site-packages/airflow/example_dags/plugins/listener_plugin.py
[2023-07-10T01:54:35.200+0000] {processor.py:179} INFO - Processing /home/airflow/.local/lib/python3.7/site-packages/airflow/example_dags/plugins/listener_plugin.py took 0.018 seconds
[2023-07-10T01:55:06.160+0000] {processor.py:157} INFO - Started process (PID=10397) to work on /home/airflow/.local/lib/python3.7/site-packages/airflow/example_dags/plugins/listener_plugin.py
[2023-07-10T01:55:06.161+0000] {processor.py:826} INFO - Processing file /home/airflow/.local/lib/python3.7/site-packages/airflow/example_dags/plugins/listener_plugin.py for tasks to queue
[2023-07-10T01:55:06.162+0000] {logging_mixin.py:149} INFO - [2023-07-10T01:55:06.162+0000] {dagbag.py:541} INFO - Filling up the DagBag from /home/airflow/.local/lib/python3.7/site-packages/airflow/example_dags/plugins/listener_plugin.py
[2023-07-10T01:55:06.164+0000] {processor.py:838} WARNING - No viable dags retrieved from /home/airflow/.local/lib/python3.7/site-packages/airflow/example_dags/plugins/listener_plugin.py
[2023-07-10T01:55:06.176+0000] {processor.py:179} INFO - Processing /home/airflow/.local/lib/python3.7/site-packages/airflow/example_dags/plugins/listener_plugin.py took 0.019 seconds
[2023-07-10T01:55:37.092+0000] {processor.py:157} INFO - Started process (PID=10656) to work on /home/airflow/.local/lib/python3.7/site-packages/airflow/example_dags/plugins/listener_plugin.py
[2023-07-10T01:55:37.093+0000] {processor.py:826} INFO - Processing file /home/airflow/.local/lib/python3.7/site-packages/airflow/example_dags/plugins/listener_plugin.py for tasks to queue
[2023-07-10T01:55:37.094+0000] {logging_mixin.py:149} INFO - [2023-07-10T01:55:37.094+0000] {dagbag.py:541} INFO - Filling up the DagBag from /home/airflow/.local/lib/python3.7/site-packages/airflow/example_dags/plugins/listener_plugin.py
[2023-07-10T01:55:37.096+0000] {processor.py:838} WARNING - No viable dags retrieved from /home/airflow/.local/lib/python3.7/site-packages/airflow/example_dags/plugins/listener_plugin.py
[2023-07-10T01:55:37.107+0000] {processor.py:179} INFO - Processing /home/airflow/.local/lib/python3.7/site-packages/airflow/example_dags/plugins/listener_plugin.py took 0.018 seconds
[2023-07-10T01:56:07.729+0000] {processor.py:157} INFO - Started process (PID=10912) to work on /home/airflow/.local/lib/python3.7/site-packages/airflow/example_dags/plugins/listener_plugin.py
[2023-07-10T01:56:07.730+0000] {processor.py:826} INFO - Processing file /home/airflow/.local/lib/python3.7/site-packages/airflow/example_dags/plugins/listener_plugin.py for tasks to queue
[2023-07-10T01:56:07.731+0000] {logging_mixin.py:149} INFO - [2023-07-10T01:56:07.731+0000] {dagbag.py:541} INFO - Filling up the DagBag from /home/airflow/.local/lib/python3.7/site-packages/airflow/example_dags/plugins/listener_plugin.py
[2023-07-10T01:56:07.733+0000] {processor.py:838} WARNING - No viable dags retrieved from /home/airflow/.local/lib/python3.7/site-packages/airflow/example_dags/plugins/listener_plugin.py
[2023-07-10T01:56:07.744+0000] {processor.py:179} INFO - Processing /home/airflow/.local/lib/python3.7/site-packages/airflow/example_dags/plugins/listener_plugin.py took 0.017 seconds
[2023-07-10T01:56:38.464+0000] {processor.py:157} INFO - Started process (PID=11171) to work on /home/airflow/.local/lib/python3.7/site-packages/airflow/example_dags/plugins/listener_plugin.py
[2023-07-10T01:56:38.465+0000] {processor.py:826} INFO - Processing file /home/airflow/.local/lib/python3.7/site-packages/airflow/example_dags/plugins/listener_plugin.py for tasks to queue
[2023-07-10T01:56:38.465+0000] {logging_mixin.py:149} INFO - [2023-07-10T01:56:38.465+0000] {dagbag.py:541} INFO - Filling up the DagBag from /home/airflow/.local/lib/python3.7/site-packages/airflow/example_dags/plugins/listener_plugin.py
[2023-07-10T01:56:38.468+0000] {processor.py:838} WARNING - No viable dags retrieved from /home/airflow/.local/lib/python3.7/site-packages/airflow/example_dags/plugins/listener_plugin.py
[2023-07-10T01:56:38.482+0000] {processor.py:179} INFO - Processing /home/airflow/.local/lib/python3.7/site-packages/airflow/example_dags/plugins/listener_plugin.py took 0.021 seconds
[2023-07-10T01:57:09.280+0000] {processor.py:157} INFO - Started process (PID=11425) to work on /home/airflow/.local/lib/python3.7/site-packages/airflow/example_dags/plugins/listener_plugin.py
[2023-07-10T01:57:09.281+0000] {processor.py:826} INFO - Processing file /home/airflow/.local/lib/python3.7/site-packages/airflow/example_dags/plugins/listener_plugin.py for tasks to queue
[2023-07-10T01:57:09.282+0000] {logging_mixin.py:149} INFO - [2023-07-10T01:57:09.282+0000] {dagbag.py:541} INFO - Filling up the DagBag from /home/airflow/.local/lib/python3.7/site-packages/airflow/example_dags/plugins/listener_plugin.py
[2023-07-10T01:57:09.284+0000] {processor.py:838} WARNING - No viable dags retrieved from /home/airflow/.local/lib/python3.7/site-packages/airflow/example_dags/plugins/listener_plugin.py
[2023-07-10T01:57:09.295+0000] {processor.py:179} INFO - Processing /home/airflow/.local/lib/python3.7/site-packages/airflow/example_dags/plugins/listener_plugin.py took 0.017 seconds
[2023-07-10T01:57:39.457+0000] {processor.py:157} INFO - Started process (PID=11677) to work on /home/airflow/.local/lib/python3.7/site-packages/airflow/example_dags/plugins/listener_plugin.py
[2023-07-10T01:57:39.458+0000] {processor.py:826} INFO - Processing file /home/airflow/.local/lib/python3.7/site-packages/airflow/example_dags/plugins/listener_plugin.py for tasks to queue
[2023-07-10T01:57:39.459+0000] {logging_mixin.py:149} INFO - [2023-07-10T01:57:39.459+0000] {dagbag.py:541} INFO - Filling up the DagBag from /home/airflow/.local/lib/python3.7/site-packages/airflow/example_dags/plugins/listener_plugin.py
[2023-07-10T01:57:39.461+0000] {processor.py:838} WARNING - No viable dags retrieved from /home/airflow/.local/lib/python3.7/site-packages/airflow/example_dags/plugins/listener_plugin.py
[2023-07-10T01:57:39.473+0000] {processor.py:179} INFO - Processing /home/airflow/.local/lib/python3.7/site-packages/airflow/example_dags/plugins/listener_plugin.py took 0.018 seconds
[2023-07-10T01:58:10.501+0000] {processor.py:157} INFO - Started process (PID=11933) to work on /home/airflow/.local/lib/python3.7/site-packages/airflow/example_dags/plugins/listener_plugin.py
[2023-07-10T01:58:10.502+0000] {processor.py:826} INFO - Processing file /home/airflow/.local/lib/python3.7/site-packages/airflow/example_dags/plugins/listener_plugin.py for tasks to queue
[2023-07-10T01:58:10.503+0000] {logging_mixin.py:149} INFO - [2023-07-10T01:58:10.503+0000] {dagbag.py:541} INFO - Filling up the DagBag from /home/airflow/.local/lib/python3.7/site-packages/airflow/example_dags/plugins/listener_plugin.py
[2023-07-10T01:58:10.505+0000] {processor.py:838} WARNING - No viable dags retrieved from /home/airflow/.local/lib/python3.7/site-packages/airflow/example_dags/plugins/listener_plugin.py
[2023-07-10T01:58:10.517+0000] {processor.py:179} INFO - Processing /home/airflow/.local/lib/python3.7/site-packages/airflow/example_dags/plugins/listener_plugin.py took 0.018 seconds
[2023-07-10T01:58:41.261+0000] {processor.py:157} INFO - Started process (PID=12185) to work on /home/airflow/.local/lib/python3.7/site-packages/airflow/example_dags/plugins/listener_plugin.py
[2023-07-10T01:58:41.262+0000] {processor.py:826} INFO - Processing file /home/airflow/.local/lib/python3.7/site-packages/airflow/example_dags/plugins/listener_plugin.py for tasks to queue
[2023-07-10T01:58:41.263+0000] {logging_mixin.py:149} INFO - [2023-07-10T01:58:41.263+0000] {dagbag.py:541} INFO - Filling up the DagBag from /home/airflow/.local/lib/python3.7/site-packages/airflow/example_dags/plugins/listener_plugin.py
[2023-07-10T01:58:41.265+0000] {processor.py:838} WARNING - No viable dags retrieved from /home/airflow/.local/lib/python3.7/site-packages/airflow/example_dags/plugins/listener_plugin.py
[2023-07-10T01:58:41.274+0000] {processor.py:179} INFO - Processing /home/airflow/.local/lib/python3.7/site-packages/airflow/example_dags/plugins/listener_plugin.py took 0.016 seconds
