[2023-07-10T05:10:39.336+0000] {taskinstance.py:1103} INFO - Dependencies all met for dep_context=non-requeueable deps ti=<TaskInstance: etl_uber_data.transform_fact_table manual__2023-07-10T02:44:19.817965+00:00 [queued]>
[2023-07-10T05:10:39.344+0000] {taskinstance.py:1103} INFO - Dependencies all met for dep_context=requeueable deps ti=<TaskInstance: etl_uber_data.transform_fact_table manual__2023-07-10T02:44:19.817965+00:00 [queued]>
[2023-07-10T05:10:39.345+0000] {taskinstance.py:1308} INFO - Starting attempt 10 of 11
[2023-07-10T05:10:39.356+0000] {taskinstance.py:1327} INFO - Executing <Task(PythonOperator): transform_fact_table> on 2023-07-10 02:44:19.817965+00:00
[2023-07-10T05:10:39.361+0000] {standard_task_runner.py:57} INFO - Started process 9482 to run task
[2023-07-10T05:10:39.364+0000] {standard_task_runner.py:84} INFO - Running: ['***', 'tasks', 'run', 'etl_uber_data', 'transform_fact_table', 'manual__2023-07-10T02:44:19.817965+00:00', '--job-id', '74', '--raw', '--subdir', 'DAGS_FOLDER/etl_uber_data.py', '--cfg-path', '/tmp/tmpfot1tyl4']
[2023-07-10T05:10:39.365+0000] {standard_task_runner.py:85} INFO - Job 74: Subtask transform_fact_table
[2023-07-10T05:10:39.405+0000] {task_command.py:410} INFO - Running <TaskInstance: etl_uber_data.transform_fact_table manual__2023-07-10T02:44:19.817965+00:00 [running]> on host 1481ab9bb806
[2023-07-10T05:10:39.468+0000] {taskinstance.py:1547} INFO - Exporting env vars: AIRFLOW_CTX_DAG_OWNER='Mervyn Frost' AIRFLOW_CTX_DAG_ID='etl_uber_data' AIRFLOW_CTX_TASK_ID='transform_fact_table' AIRFLOW_CTX_EXECUTION_DATE='2023-07-10T02:44:19.817965+00:00' AIRFLOW_CTX_TRY_NUMBER='10' AIRFLOW_CTX_DAG_RUN_ID='manual__2023-07-10T02:44:19.817965+00:00'
[2023-07-10T05:10:39.603+0000] {taskinstance.py:1824} ERROR - Task failed with exception
Traceback (most recent call last):
  File "/home/airflow/.local/lib/python3.7/site-packages/airflow/operators/python.py", line 181, in execute
    return_value = self.execute_callable()
  File "/home/airflow/.local/lib/python3.7/site-packages/airflow/operators/python.py", line 198, in execute_callable
    return self.python_callable(*self.op_args, **self.op_kwargs)
  File "/opt/airflow/dags/etl_uber_data.py", line 149, in transform_fact_table
    print(df + datetime_dim + passenger_count_dim)
  File "/home/airflow/.local/lib/python3.7/site-packages/pandas/core/ops/common.py", line 69, in new_method
    return method(self, other)
  File "/home/airflow/.local/lib/python3.7/site-packages/pandas/core/arraylike.py", line 92, in __add__
    return self._arith_method(other, operator.add)
  File "/home/airflow/.local/lib/python3.7/site-packages/pandas/core/frame.py", line 6866, in _arith_method
    new_data = self._dispatch_frame_op(other, op, axis=axis)
  File "/home/airflow/.local/lib/python3.7/site-packages/pandas/core/frame.py", line 6893, in _dispatch_frame_op
    bm = self._mgr.apply(array_op, right=right)
  File "/home/airflow/.local/lib/python3.7/site-packages/pandas/core/internals/managers.py", line 325, in apply
    applied = b.apply(f, **kwargs)
  File "/home/airflow/.local/lib/python3.7/site-packages/pandas/core/internals/blocks.py", line 381, in apply
    result = func(self.values, **kwargs)
  File "/home/airflow/.local/lib/python3.7/site-packages/pandas/core/ops/array_ops.py", line 224, in arithmetic_op
    res_values = _na_arithmetic_op(left, right, op)
  File "/home/airflow/.local/lib/python3.7/site-packages/pandas/core/ops/array_ops.py", line 166, in _na_arithmetic_op
    result = func(left, right)
  File "/home/airflow/.local/lib/python3.7/site-packages/pandas/core/computation/expressions.py", line 239, in evaluate
    return _evaluate(op, op_str, a, b)  # type: ignore[misc]
  File "/home/airflow/.local/lib/python3.7/site-packages/pandas/core/computation/expressions.py", line 69, in _evaluate_standard
    return op(a, b)
TypeError: unsupported operand type(s) for +: 'int' and 'NoneType'
[2023-07-10T05:10:39.616+0000] {taskinstance.py:1350} INFO - Marking task as UP_FOR_RETRY. dag_id=etl_uber_data, task_id=transform_fact_table, execution_date=20230710T024419, start_date=20230710T051039, end_date=20230710T051039
[2023-07-10T05:10:39.626+0000] {standard_task_runner.py:109} ERROR - Failed to execute job 74 for task transform_fact_table (unsupported operand type(s) for +: 'int' and 'NoneType'; 9482)
[2023-07-10T05:10:39.656+0000] {local_task_job_runner.py:225} INFO - Task exited with return code 1
[2023-07-10T05:10:39.679+0000] {taskinstance.py:2653} INFO - 0 downstream tasks scheduled from follow-on schedule check
