[2023-07-10T09:17:10.818+0000] {taskinstance.py:1103} INFO - Dependencies all met for dep_context=non-requeueable deps ti=<TaskInstance: etl_uber_data.transform_date_time_dim manual__2023-07-10T02:44:19.817965+00:00 [queued]>
[2023-07-10T09:17:10.827+0000] {taskinstance.py:1103} INFO - Dependencies all met for dep_context=requeueable deps ti=<TaskInstance: etl_uber_data.transform_date_time_dim manual__2023-07-10T02:44:19.817965+00:00 [queued]>
[2023-07-10T09:17:10.827+0000] {taskinstance.py:1308} INFO - Starting attempt 36 of 37
[2023-07-10T09:17:10.839+0000] {taskinstance.py:1327} INFO - Executing <Task(PythonOperator): transform_date_time_dim> on 2023-07-10 02:44:19.817965+00:00
[2023-07-10T09:17:10.843+0000] {standard_task_runner.py:57} INFO - Started process 29671 to run task
[2023-07-10T09:17:10.846+0000] {standard_task_runner.py:84} INFO - Running: ['***', 'tasks', 'run', 'etl_uber_data', 'transform_date_time_dim', 'manual__2023-07-10T02:44:19.817965+00:00', '--job-id', '387', '--raw', '--subdir', 'DAGS_FOLDER/etl_uber_data.py', '--cfg-path', '/tmp/tmp98g6k63p']
[2023-07-10T09:17:10.847+0000] {standard_task_runner.py:85} INFO - Job 387: Subtask transform_date_time_dim
[2023-07-10T09:17:10.887+0000] {task_command.py:410} INFO - Running <TaskInstance: etl_uber_data.transform_date_time_dim manual__2023-07-10T02:44:19.817965+00:00 [running]> on host 1481ab9bb806
[2023-07-10T09:17:10.953+0000] {taskinstance.py:1547} INFO - Exporting env vars: AIRFLOW_CTX_DAG_OWNER='Mervyn Frost' AIRFLOW_CTX_DAG_ID='etl_uber_data' AIRFLOW_CTX_TASK_ID='transform_date_time_dim' AIRFLOW_CTX_EXECUTION_DATE='2023-07-10T02:44:19.817965+00:00' AIRFLOW_CTX_TRY_NUMBER='36' AIRFLOW_CTX_DAG_RUN_ID='manual__2023-07-10T02:44:19.817965+00:00'
[2023-07-10T09:17:11.078+0000] {logging_mixin.py:149} INFO -        VendorID tpep_pickup_datetime  ... total_amount  trip_id
0             1  2016-03-01 00:00:00  ...        12.35        0
1             1  2016-03-01 00:00:00  ...        15.35        1
2             2  2016-03-01 00:00:00  ...        63.80        2
3             2  2016-03-01 00:00:00  ...        41.62        3
4             2  2016-03-01 00:00:00  ...       113.80        4
...         ...                  ...  ...          ...      ...
99995         1  2016-03-01 06:17:10  ...         5.80    99995
99996         1  2016-03-01 06:17:10  ...        16.80    99996
99997         1  2016-03-01 06:17:10  ...        44.14    99997
99998         2  2016-03-01 06:17:10  ...         8.16    99998
99999         1  2016-03-01 06:17:11  ...         6.80    99999

[100000 rows x 20 columns]
[2023-07-10T09:17:11.271+0000] {python.py:183} INFO - Done. Returned value was: None
[2023-07-10T09:17:11.278+0000] {taskinstance.py:1350} INFO - Marking task as SUCCESS. dag_id=etl_uber_data, task_id=transform_date_time_dim, execution_date=20230710T024419, start_date=20230710T091710, end_date=20230710T091711
[2023-07-10T09:17:11.300+0000] {local_task_job_runner.py:225} INFO - Task exited with return code 0
[2023-07-10T09:17:11.319+0000] {taskinstance.py:2653} INFO - 0 downstream tasks scheduled from follow-on schedule check
