[2023-07-10T08:27:18.396+0000] {taskinstance.py:1103} INFO - Dependencies all met for dep_context=non-requeueable deps ti=<TaskInstance: etl_uber_data.transform_date_time_dim manual__2023-07-10T02:44:19.817965+00:00 [queued]>
[2023-07-10T08:27:18.409+0000] {taskinstance.py:1103} INFO - Dependencies all met for dep_context=requeueable deps ti=<TaskInstance: etl_uber_data.transform_date_time_dim manual__2023-07-10T02:44:19.817965+00:00 [queued]>
[2023-07-10T08:27:18.410+0000] {taskinstance.py:1308} INFO - Starting attempt 17 of 18
[2023-07-10T08:27:18.426+0000] {taskinstance.py:1327} INFO - Executing <Task(PythonOperator): transform_date_time_dim> on 2023-07-10 02:44:19.817965+00:00
[2023-07-10T08:27:18.432+0000] {standard_task_runner.py:57} INFO - Started process 22428 to run task
[2023-07-10T08:27:18.437+0000] {standard_task_runner.py:84} INFO - Running: ['***', 'tasks', 'run', 'etl_uber_data', 'transform_date_time_dim', 'manual__2023-07-10T02:44:19.817965+00:00', '--job-id', '210', '--raw', '--subdir', 'DAGS_FOLDER/etl_uber_data.py', '--cfg-path', '/tmp/tmpsncq9_44']
[2023-07-10T08:27:18.441+0000] {standard_task_runner.py:85} INFO - Job 210: Subtask transform_date_time_dim
[2023-07-10T08:27:18.499+0000] {task_command.py:410} INFO - Running <TaskInstance: etl_uber_data.transform_date_time_dim manual__2023-07-10T02:44:19.817965+00:00 [running]> on host 1481ab9bb806
[2023-07-10T08:27:18.596+0000] {taskinstance.py:1547} INFO - Exporting env vars: AIRFLOW_CTX_DAG_OWNER='Mervyn Frost' AIRFLOW_CTX_DAG_ID='etl_uber_data' AIRFLOW_CTX_TASK_ID='transform_date_time_dim' AIRFLOW_CTX_EXECUTION_DATE='2023-07-10T02:44:19.817965+00:00' AIRFLOW_CTX_TRY_NUMBER='17' AIRFLOW_CTX_DAG_RUN_ID='manual__2023-07-10T02:44:19.817965+00:00'
[2023-07-10T08:27:18.942+0000] {python.py:183} INFO - Done. Returned value was:        datetime_id tpep_pickup_datetime  ...  drop_year  drop_weekday
0                0  2016-03-01 00:00:00  ...       2016             1
1                1  2016-03-01 00:00:00  ...       2016             1
2                2  2016-03-01 00:00:00  ...       2016             1
3                3  2016-03-01 00:00:00  ...       2016             1
4                4  2016-03-01 00:00:00  ...       2016             1
...            ...                  ...  ...        ...           ...
99995        99995  2016-03-01 06:17:10  ...       2016             1
99996        99996  2016-03-01 06:17:10  ...       2016             1
99997        99997  2016-03-01 06:17:10  ...       2016             1
99998        99998  2016-03-01 06:17:10  ...       2016             1
99999        99999  2016-03-01 06:17:11  ...       2016             1

[100000 rows x 13 columns]
[2023-07-10T08:27:19.129+0000] {taskinstance.py:1350} INFO - Marking task as SUCCESS. dag_id=etl_uber_data, task_id=transform_date_time_dim, execution_date=20230710T024419, start_date=20230710T082718, end_date=20230710T082719
[2023-07-10T08:27:19.171+0000] {local_task_job_runner.py:225} INFO - Task exited with return code 0
[2023-07-10T08:27:19.192+0000] {taskinstance.py:2653} INFO - 0 downstream tasks scheduled from follow-on schedule check
