[2023-07-10T08:19:50.715+0000] {taskinstance.py:1103} INFO - Dependencies all met for dep_context=non-requeueable deps ti=<TaskInstance: etl_uber_data.transform_date_time_dim manual__2023-07-10T02:44:19.817965+00:00 [queued]>
[2023-07-10T08:19:50.727+0000] {taskinstance.py:1103} INFO - Dependencies all met for dep_context=requeueable deps ti=<TaskInstance: etl_uber_data.transform_date_time_dim manual__2023-07-10T02:44:19.817965+00:00 [queued]>
[2023-07-10T08:19:50.727+0000] {taskinstance.py:1308} INFO - Starting attempt 8 of 9
[2023-07-10T08:19:50.742+0000] {taskinstance.py:1327} INFO - Executing <Task(PythonOperator): transform_date_time_dim> on 2023-07-10 02:44:19.817965+00:00
[2023-07-10T08:19:50.748+0000] {standard_task_runner.py:57} INFO - Started process 19866 to run task
[2023-07-10T08:19:50.751+0000] {standard_task_runner.py:84} INFO - Running: ['***', 'tasks', 'run', 'etl_uber_data', 'transform_date_time_dim', 'manual__2023-07-10T02:44:19.817965+00:00', '--job-id', '127', '--raw', '--subdir', 'DAGS_FOLDER/etl_uber_data.py', '--cfg-path', '/tmp/tmpr9u2myl6']
[2023-07-10T08:19:50.755+0000] {standard_task_runner.py:85} INFO - Job 127: Subtask transform_date_time_dim
[2023-07-10T08:19:50.819+0000] {task_command.py:410} INFO - Running <TaskInstance: etl_uber_data.transform_date_time_dim manual__2023-07-10T02:44:19.817965+00:00 [running]> on host 1481ab9bb806
[2023-07-10T08:19:50.912+0000] {taskinstance.py:1547} INFO - Exporting env vars: AIRFLOW_CTX_DAG_OWNER='Mervyn Frost' AIRFLOW_CTX_DAG_ID='etl_uber_data' AIRFLOW_CTX_TASK_ID='transform_date_time_dim' AIRFLOW_CTX_EXECUTION_DATE='2023-07-10T02:44:19.817965+00:00' AIRFLOW_CTX_TRY_NUMBER='8' AIRFLOW_CTX_DAG_RUN_ID='manual__2023-07-10T02:44:19.817965+00:00'
[2023-07-10T08:19:51.156+0000] {python.py:183} INFO - Done. Returned value was:        passenger_count_id  passenger_count
0                       0                1
1                       1                1
2                       2                2
3                       3                3
4                       4                5
...                   ...              ...
99995               99995                1
99996               99996                1
99997               99997                1
99998               99998                1
99999               99999                1

[100000 rows x 2 columns]
[2023-07-10T08:19:51.256+0000] {taskinstance.py:1350} INFO - Marking task as SUCCESS. dag_id=etl_uber_data, task_id=transform_date_time_dim, execution_date=20230710T024419, start_date=20230710T081950, end_date=20230710T081951
[2023-07-10T08:19:51.287+0000] {local_task_job_runner.py:225} INFO - Task exited with return code 0
[2023-07-10T08:19:51.329+0000] {taskinstance.py:2653} INFO - 0 downstream tasks scheduled from follow-on schedule check
