[2023-07-10T03:06:45.852+0000] {taskinstance.py:1103} INFO - Dependencies all met for dep_context=non-requeueable deps ti=<TaskInstance: etl_uber_data.transform manual__2023-07-10T02:44:19.817965+00:00 [queued]>
[2023-07-10T03:06:45.860+0000] {taskinstance.py:1103} INFO - Dependencies all met for dep_context=requeueable deps ti=<TaskInstance: etl_uber_data.transform manual__2023-07-10T02:44:19.817965+00:00 [queued]>
[2023-07-10T03:06:45.861+0000] {taskinstance.py:1308} INFO - Starting attempt 7 of 8
[2023-07-10T03:06:45.872+0000] {taskinstance.py:1327} INFO - Executing <Task(PythonOperator): transform> on 2023-07-10 02:44:19.817965+00:00
[2023-07-10T03:06:45.876+0000] {standard_task_runner.py:57} INFO - Started process 2292 to run task
[2023-07-10T03:06:45.878+0000] {standard_task_runner.py:84} INFO - Running: ['***', 'tasks', 'run', 'etl_uber_data', 'transform', 'manual__2023-07-10T02:44:19.817965+00:00', '--job-id', '31', '--raw', '--subdir', 'DAGS_FOLDER/etl_uber_data.py', '--cfg-path', '/tmp/tmpkhumd1xy']
[2023-07-10T03:06:45.880+0000] {standard_task_runner.py:85} INFO - Job 31: Subtask transform
[2023-07-10T03:06:45.918+0000] {task_command.py:410} INFO - Running <TaskInstance: etl_uber_data.transform manual__2023-07-10T02:44:19.817965+00:00 [running]> on host 1481ab9bb806
[2023-07-10T03:06:45.980+0000] {taskinstance.py:1547} INFO - Exporting env vars: AIRFLOW_CTX_DAG_OWNER='Mervyn Frost' AIRFLOW_CTX_DAG_ID='etl_uber_data' AIRFLOW_CTX_TASK_ID='transform' AIRFLOW_CTX_EXECUTION_DATE='2023-07-10T02:44:19.817965+00:00' AIRFLOW_CTX_TRY_NUMBER='7' AIRFLOW_CTX_DAG_RUN_ID='manual__2023-07-10T02:44:19.817965+00:00'
[2023-07-10T03:06:45.981+0000] {taskinstance.py:1824} ERROR - Task failed with exception
Traceback (most recent call last):
  File "/home/airflow/.local/lib/python3.7/site-packages/airflow/operators/python.py", line 181, in execute
    return_value = self.execute_callable()
  File "/home/airflow/.local/lib/python3.7/site-packages/airflow/operators/python.py", line 198, in execute_callable
    return self.python_callable(*self.op_args, **self.op_kwargs)
TypeError: transform() missing 1 required positional argument: 'dataframe'
[2023-07-10T03:06:45.989+0000] {taskinstance.py:1350} INFO - Marking task as UP_FOR_RETRY. dag_id=etl_uber_data, task_id=transform, execution_date=20230710T024419, start_date=20230710T030645, end_date=20230710T030645
[2023-07-10T03:06:45.998+0000] {standard_task_runner.py:109} ERROR - Failed to execute job 31 for task transform (transform() missing 1 required positional argument: 'dataframe'; 2292)
[2023-07-10T03:06:46.011+0000] {local_task_job_runner.py:225} INFO - Task exited with return code 1
[2023-07-10T03:06:46.028+0000] {taskinstance.py:2653} INFO - 0 downstream tasks scheduled from follow-on schedule check
