[2023-07-10T02:54:04.242+0000] {taskinstance.py:1103} INFO - Dependencies all met for dep_context=non-requeueable deps ti=<TaskInstance: etl_uber_data.transform manual__2023-07-10T02:44:19.817965+00:00 [queued]>
[2023-07-10T02:54:04.250+0000] {taskinstance.py:1103} INFO - Dependencies all met for dep_context=requeueable deps ti=<TaskInstance: etl_uber_data.transform manual__2023-07-10T02:44:19.817965+00:00 [queued]>
[2023-07-10T02:54:04.251+0000] {taskinstance.py:1308} INFO - Starting attempt 1 of 2
[2023-07-10T02:54:04.263+0000] {taskinstance.py:1327} INFO - Executing <Task(PythonOperator): transform> on 2023-07-10 02:44:19.817965+00:00
[2023-07-10T02:54:04.267+0000] {standard_task_runner.py:57} INFO - Started process 1303 to run task
[2023-07-10T02:54:04.269+0000] {standard_task_runner.py:84} INFO - Running: ['***', 'tasks', 'run', 'etl_uber_data', 'transform', 'manual__2023-07-10T02:44:19.817965+00:00', '--job-id', '14', '--raw', '--subdir', 'DAGS_FOLDER/etl_uber_data.py', '--cfg-path', '/tmp/tmpf2rsbkew']
[2023-07-10T02:54:04.271+0000] {standard_task_runner.py:85} INFO - Job 14: Subtask transform
[2023-07-10T02:54:04.310+0000] {task_command.py:410} INFO - Running <TaskInstance: etl_uber_data.transform manual__2023-07-10T02:44:19.817965+00:00 [running]> on host 1481ab9bb806
[2023-07-10T02:54:04.373+0000] {taskinstance.py:1547} INFO - Exporting env vars: AIRFLOW_CTX_DAG_OWNER='Mervyn Frost' AIRFLOW_CTX_DAG_ID='etl_uber_data' AIRFLOW_CTX_TASK_ID='transform' AIRFLOW_CTX_EXECUTION_DATE='2023-07-10T02:44:19.817965+00:00' AIRFLOW_CTX_TRY_NUMBER='1' AIRFLOW_CTX_DAG_RUN_ID='manual__2023-07-10T02:44:19.817965+00:00'
[2023-07-10T02:54:04.374+0000] {taskinstance.py:1824} ERROR - Task failed with exception
Traceback (most recent call last):
  File "/home/airflow/.local/lib/python3.7/site-packages/airflow/operators/python.py", line 181, in execute
    return_value = self.execute_callable()
  File "/home/airflow/.local/lib/python3.7/site-packages/airflow/operators/python.py", line 198, in execute_callable
    return self.python_callable(*self.op_args, **self.op_kwargs)
  File "/opt/airflow/dags/etl_uber_data.py", line 24, in transform
    df['tpep_pickup_datetime'] = pd.to_datetime(df['tpep_pickup_datetime'])
UnboundLocalError: local variable 'df' referenced before assignment
[2023-07-10T02:54:04.386+0000] {taskinstance.py:1350} INFO - Marking task as UP_FOR_RETRY. dag_id=etl_uber_data, task_id=transform, execution_date=20230710T024419, start_date=20230710T025404, end_date=20230710T025404
[2023-07-10T02:54:04.395+0000] {standard_task_runner.py:109} ERROR - Failed to execute job 14 for task transform (local variable 'df' referenced before assignment; 1303)
[2023-07-10T02:54:04.442+0000] {local_task_job_runner.py:225} INFO - Task exited with return code 1
[2023-07-10T02:54:04.455+0000] {taskinstance.py:2653} INFO - 0 downstream tasks scheduled from follow-on schedule check
