[2023-07-10T03:59:49.462+0000] {taskinstance.py:1103} INFO - Dependencies all met for dep_context=non-requeueable deps ti=<TaskInstance: etl_uber_data.transform manual__2023-07-10T02:44:19.817965+00:00 [queued]>
[2023-07-10T03:59:49.469+0000] {taskinstance.py:1103} INFO - Dependencies all met for dep_context=requeueable deps ti=<TaskInstance: etl_uber_data.transform manual__2023-07-10T02:44:19.817965+00:00 [queued]>
[2023-07-10T03:59:49.469+0000] {taskinstance.py:1308} INFO - Starting attempt 10 of 11
[2023-07-10T03:59:49.482+0000] {taskinstance.py:1327} INFO - Executing <Task(PythonOperator): transform> on 2023-07-10 02:44:19.817965+00:00
[2023-07-10T03:59:49.486+0000] {standard_task_runner.py:57} INFO - Started process 5012 to run task
[2023-07-10T03:59:49.492+0000] {standard_task_runner.py:84} INFO - Running: ['***', 'tasks', 'run', 'etl_uber_data', 'transform', 'manual__2023-07-10T02:44:19.817965+00:00', '--job-id', '42', '--raw', '--subdir', 'DAGS_FOLDER/etl_uber_data.py', '--cfg-path', '/tmp/tmpmja07m3v']
[2023-07-10T03:59:49.493+0000] {standard_task_runner.py:85} INFO - Job 42: Subtask transform
[2023-07-10T03:59:49.532+0000] {task_command.py:410} INFO - Running <TaskInstance: etl_uber_data.transform manual__2023-07-10T02:44:19.817965+00:00 [running]> on host 1481ab9bb806
[2023-07-10T03:59:49.596+0000] {taskinstance.py:1547} INFO - Exporting env vars: AIRFLOW_CTX_DAG_OWNER='Mervyn Frost' AIRFLOW_CTX_DAG_ID='etl_uber_data' AIRFLOW_CTX_TASK_ID='transform' AIRFLOW_CTX_EXECUTION_DATE='2023-07-10T02:44:19.817965+00:00' AIRFLOW_CTX_TRY_NUMBER='10' AIRFLOW_CTX_DAG_RUN_ID='manual__2023-07-10T02:44:19.817965+00:00'
[2023-07-10T03:59:50.031+0000] {python.py:183} INFO - Done. Returned value was: (       datetime_id tpep_pickup_datetime  ...  drop_year  drop_weekday
0                0  2016-03-01 00:00:00  ...       2016             1
1                1  2016-03-01 00:00:00  ...       2016             1
2                2  2016-03-01 00:00:00  ...       2016             1
3                3  2016-03-01 00:00:00  ...       2016             1
4                4  2016-03-01 00:00:00  ...       2016             1
...            ...                  ...  ...        ...           ...
99995        99995  2016-03-01 06:17:10  ...       2016             1
99996        99996  2016-03-01 06:17:10  ...       2016             1
99997        99997  2016-03-01 06:17:10  ...       2016             1
99998        99998  2016-03-01 06:17:10  ...       2016             1
99999        99999  2016-03-01 06:17:11  ...       2016             1

[100000 rows x 13 columns],        passenger_count_id  passenger_count
0                       0                1
1                       1                1
2                       2                2
3                       3                3
4                       4                5
...                   ...              ...
99995               99995                1
99996               99996                1
99997               99997                1
99998               99998                1
99999               99999                1

[100000 rows x 2 columns],        trip_distance_id  trip_distance
0                     0           2.50
1                     1           2.90
2                     2          19.98
3                     3          10.78
4                     4          30.43
...                 ...            ...
99995             99995           0.50
99996             99996           3.40
99997             99997           9.70
99998             99998           0.92
99999             99999           1.00

[100000 rows x 2 columns],        rate_code_id  RatecodeID rate_code_name
0                 0           1  Standard rate
1                 1           1  Standard rate
2                 2           1  Standard rate
3                 3           1  Standard rate
4                 4           3         Newark
...             ...         ...            ...
99995         99995           1  Standard rate
99996         99996           1  Standard rate
99997         99997           1  Standard rate
99998         99998           1  Standard rate
99999         99999           1  Standard rate

[100000 rows x 3 columns],        pickup_location_id  pickup_longitude  pickup_latitude
0                       0        -73.976746        40.765152
1                       1        -73.983482        40.767925
2                       2        -73.782021        40.644810
3                       3        -73.863419        40.769814
4                       4        -73.971741        40.792183
...                   ...               ...              ...
99995               99995        -73.990898        40.750519
99996               99996        -74.014488        40.718296
99997               99997        -73.963379        40.774097
99998               99998        -73.984901        40.763111
99999               99999        -73.990685        40.750473

[100000 rows x 3 columns],        dropoff_location_id  dropoff_longitude  dropoff_latitude
0                        0         -74.004265         40.746128
1                        1         -74.005943         40.733166
2                        2         -73.974541         40.675770
3                        3         -73.969650         40.757767
4                        4         -74.177170         40.695053
...                    ...                ...               ...
99995                99995         -73.998245         40.750462
99996                99996         -73.982361         40.752529
99997                99997         -73.865028         40.770512
99998                99998         -73.970695         40.759148
99999                99999         -73.980354         40.754910

[100000 rows x 3 columns],        payment_type_id  payment_type payment_type_name
0                    0             1       Credit card
1                    1             1       Credit card
2                    2             1       Credit card
3                    3             1       Credit card
4                    4             1       Credit card
...                ...           ...               ...
99995            99995             2              Cash
99996            99996             1       Credit card
99997            99997             1       Credit card
99998            99998             1       Credit card
99999            99999             2              Cash

[100000 rows x 3 columns],        trip_id  VendorID  ...  improvement_surcharge  total_amount
0            0         1  ...                    0.3         12.35
1            1         1  ...                    0.3         15.35
2            2         2  ...                    0.3         63.80
3            3         2  ...                    0.3         41.62
4            4         2  ...                    0.3        113.80
...        ...       ...  ...                    ...           ...
99995    99995         1  ...                    0.3          5.80
99996    99996         1  ...                    0.3         16.80
99997    99997         1  ...                    0.3         44.14
99998    99998         2  ...                    0.3          8.16
99999    99999         1  ...                    0.3          6.80

[100000 rows x 17 columns])
[2023-07-10T03:59:52.102+0000] {taskinstance.py:1350} INFO - Marking task as SUCCESS. dag_id=etl_uber_data, task_id=transform, execution_date=20230710T024419, start_date=20230710T035949, end_date=20230710T035952
[2023-07-10T03:59:52.151+0000] {local_task_job_runner.py:225} INFO - Task exited with return code 0
[2023-07-10T03:59:52.165+0000] {taskinstance.py:2653} INFO - 0 downstream tasks scheduled from follow-on schedule check
