[2023-07-10T08:27:16.300+0000] {taskinstance.py:1103} INFO - Dependencies all met for dep_context=non-requeueable deps ti=<TaskInstance: etl_uber_data.extract manual__2023-07-10T02:44:19.817965+00:00 [queued]>
[2023-07-10T08:27:16.309+0000] {taskinstance.py:1103} INFO - Dependencies all met for dep_context=requeueable deps ti=<TaskInstance: etl_uber_data.extract manual__2023-07-10T02:44:19.817965+00:00 [queued]>
[2023-07-10T08:27:16.310+0000] {taskinstance.py:1308} INFO - Starting attempt 26 of 27
[2023-07-10T08:27:16.321+0000] {taskinstance.py:1327} INFO - Executing <Task(PythonOperator): extract> on 2023-07-10 02:44:19.817965+00:00
[2023-07-10T08:27:16.326+0000] {standard_task_runner.py:57} INFO - Started process 22304 to run task
[2023-07-10T08:27:16.329+0000] {standard_task_runner.py:84} INFO - Running: ['***', 'tasks', 'run', 'etl_uber_data', 'extract', 'manual__2023-07-10T02:44:19.817965+00:00', '--job-id', '202', '--raw', '--subdir', 'DAGS_FOLDER/etl_uber_data.py', '--cfg-path', '/tmp/tmpmpuytvwh']
[2023-07-10T08:27:16.331+0000] {standard_task_runner.py:85} INFO - Job 202: Subtask extract
[2023-07-10T08:27:16.370+0000] {task_command.py:410} INFO - Running <TaskInstance: etl_uber_data.extract manual__2023-07-10T02:44:19.817965+00:00 [running]> on host 1481ab9bb806
[2023-07-10T08:27:16.440+0000] {taskinstance.py:1547} INFO - Exporting env vars: AIRFLOW_CTX_DAG_OWNER='Mervyn Frost' AIRFLOW_CTX_DAG_ID='etl_uber_data' AIRFLOW_CTX_TASK_ID='extract' AIRFLOW_CTX_EXECUTION_DATE='2023-07-10T02:44:19.817965+00:00' AIRFLOW_CTX_TRY_NUMBER='26' AIRFLOW_CTX_DAG_RUN_ID='manual__2023-07-10T02:44:19.817965+00:00'
[2023-07-10T08:27:16.621+0000] {python.py:183} INFO - Done. Returned value was:        VendorID tpep_pickup_datetime  ... improvement_surcharge  total_amount
0             1  2016-03-01 00:00:00  ...                   0.3         12.35
1             1  2016-03-01 00:00:00  ...                   0.3         15.35
2             2  2016-03-01 00:00:00  ...                   0.3         63.80
3             2  2016-03-01 00:00:00  ...                   0.3         41.62
4             2  2016-03-01 00:00:00  ...                   0.3        113.80
...         ...                  ...  ...                   ...           ...
99995         1  2016-03-01 06:17:10  ...                   0.3          5.80
99996         1  2016-03-01 06:17:10  ...                   0.3         16.80
99997         1  2016-03-01 06:17:10  ...                   0.3         44.14
99998         2  2016-03-01 06:17:10  ...                   0.3          8.16
99999         1  2016-03-01 06:17:11  ...                   0.3          6.80

[100000 rows x 19 columns]
[2023-07-10T08:27:17.006+0000] {taskinstance.py:1350} INFO - Marking task as SUCCESS. dag_id=etl_uber_data, task_id=extract, execution_date=20230710T024419, start_date=20230710T082716, end_date=20230710T082717
[2023-07-10T08:27:17.024+0000] {local_task_job_runner.py:225} INFO - Task exited with return code 0
[2023-07-10T08:27:17.049+0000] {taskinstance.py:2653} INFO - 8 downstream tasks scheduled from follow-on schedule check
